Log file open, 10/18/17 18:01:48
LogInit:Display: Running engine for game: TimeKill
LogPlatformFile: Not using cached read wrapper
LogInit:Display: RandInit(1162607689) SRandInit(1162607690).
LogTaskGraph: Started task graph with 5 named threads and 8 total threads with 1 sets of task threads.
LogStats: Stats thread started at 0.144037
LogInit: Using libcurl 7.47.1
LogInit:  - built for x86_64-pc-win32
LogInit:  - supports SSL with OpenSSL/1.0.2g
LogInit:  - supports HTTP deflate (compression) using libz 1.2.8
LogInit:  - other features:
LogInit:      CURL_VERSION_SSL
LogInit:      CURL_VERSION_LIBZ
LogInit:      CURL_VERSION_IPV6
LogInit:      CURL_VERSION_ASYNCHDNS
LogInit:      CURL_VERSION_LARGEFILE
LogInit:      CURL_VERSION_IDN
LogInit:  CurlRequestOptions (configurable via config and command line):
LogInit:  - bVerifyPeer = false  - Libcurl will NOT verify peer certificate
LogInit:  - bUseHttpProxy = false  - Libcurl will NOT use HTTP proxy
LogInit:  - bDontReuseConnections = false  - Libcurl will reuse connections
LogInit:  - CertBundlePath = nullptr  - Libcurl will use whatever was configured at build time.
LogInit: Build: ++UE4+Release-4.15-CL-3450819
LogInit: Engine Version: 4.15.3-3450819+++UE4+Release-4.15
LogInit: Compatible Engine Version: 4.15.0-3299760+++UE4+Release-4.15
LogInit: Net CL: 3299760
LogDevObjectVersion: Number of dev versions registered: 14
LogDevObjectVersion:   Dev-Blueprints (B0D832E4-1F89-4F0D-ACCF-7EB736FD4AA2): 8
LogDevObjectVersion:   Dev-Build (E1C64328-A22C-4D53-A36C-8E866417BD8C): 0
LogDevObjectVersion:   Dev-Core (375EC13C-06E4-48FB-B500-84F0262A717E): 2
LogDevObjectVersion:   Dev-Editor (E4B068ED-F494-42E9-A231-DA0B2E46BB41): 14
LogDevObjectVersion:   Dev-Framework (CFFC743F-43B0-4480-9391-14DF171D2073): 22
LogDevObjectVersion:   Dev-Mobile (B02B49B5-BB20-44E9-A304-32B752E40360): 0
LogDevObjectVersion:   Dev-Networking (A4E4105C-59A1-49B5-A7C5-40C4547EDFEE): 0
LogDevObjectVersion:   Dev-Online (39C831C9-5AE6-47DC-9A44-9C173E1C8E7C): 0
LogDevObjectVersion:   Dev-Physics (78F01B33-EBEA-4F98-B9B4-84EACCB95AA2): 0
LogDevObjectVersion:   Dev-Platform (6631380F-2D4D-43E0-8009-CF276956A95A): 0
LogDevObjectVersion:   Dev-Rendering (12F88B9F-8875-4AFC-A67C-D90C383ABD29): 12
LogDevObjectVersion:   Dev-Sequencer (7B5AE74C-D270-4C10-A958-57980B212A5A): 3
LogDevObjectVersion:   Dev-VR (D7296918-1DD6-4BDD-9DE2-64A83CC13884): 0
LogDevObjectVersion:   Dev-LoadTimes (C2A15278-BFE7-4AFE-6C17-90FF531DF755): 1
LogInit: Compiled (64-bit): May 21 2017 11:02:34
LogInit: Compiled with Visual C++: 19.00.23026.00
LogInit: Build Configuration: Development
LogInit: Branch Name: ++UE4+Release-4.15
LogInit: Command line:  
LogInit: Base directory: D:/Program Files/Epic Games/UE_4.15/Engine/Binaries/Win64/
LogInit: Installed Engine Build: 1
LogInit: Presizing for max 8388607 objects, including 0 objects not considered by GC, pre-allocating 0 bytes for permanent pool.
LogInit: Object subsystem initialized
[2017.10.18-15.01.53:426][  0]LogInit: Selected Device Profile: [Windows]
[2017.10.18-15.01.53:426][  0]LogInit: Applying CVar settings loaded from the selected device profile: [Windows]
[2017.10.18-15.01.53:702][  0]LogInit: Computer: DESKTOP-S9EOI2C
[2017.10.18-15.01.53:702][  0]LogInit: User: IzPOD
[2017.10.18-15.01.53:702][  0]LogInit: CPU Page size=65536, Cores=4
[2017.10.18-15.01.53:702][  0]LogInit: High frequency timer resolution =3.312789 MHz
[2017.10.18-15.01.53:786][  0]LogMemory: Memory total: Physical=7.9GB (8GB approx)
[2017.10.18-15.01.53:786][  0]LogMemory: Platform Memory Stats for Windows
[2017.10.18-15.01.53:786][  0]LogMemory: Process Physical Memory: 262.20 MB used, 262.20 MB peak
[2017.10.18-15.01.53:786][  0]LogMemory: Process Virtual Memory: 262.13 MB used, 262.13 MB peak
[2017.10.18-15.01.53:786][  0]LogMemory: Physical Memory: 5034.35 MB used,  3090.45 MB free, 8124.80 MB total
[2017.10.18-15.01.53:786][  0]LogMemory: Virtual Memory: 644.03 MB used,  3090.45 MB free, 134217728.00 MB total
[2017.10.18-15.01.56:901][  0]LogTextLocalizationManager: No translations for ('ru-RU') exist, falling back to 'en' for localization and internationalization data.
[2017.10.18-15.02.06:509][  0]LogD3D11RHI: D3D11 adapters:
[2017.10.18-15.02.07:188][  0]LogD3D11RHI:    0. 'NVIDIA GeForce GTX 670' (Feature Level 11_0)
[2017.10.18-15.02.07:188][  0]LogD3D11RHI:       2017/0/4062 MB DedicatedVideo/DedicatedSystem/SharedSystem, Outputs:1, VendorId:0x10de
[2017.10.18-15.02.07:191][  0]LogD3D11RHI:    1. 'Microsoft Basic Render Driver' (Feature Level 11_0)
[2017.10.18-15.02.07:191][  0]LogD3D11RHI:       0/0/4062 MB DedicatedVideo/DedicatedSystem/SharedSystem, Outputs:0, VendorId:0x1414
[2017.10.18-15.02.07:191][  0]LogD3D11RHI: Chosen D3D11 Adapter: 0
[2017.10.18-15.02.07:420][  0]LogD3D11RHI: Creating new Direct3DDevice
[2017.10.18-15.02.07:420][  0]LogD3D11RHI:     GPU DeviceId: 0x1189 (for the marketing name, search the web for "GPU Device Id")
[2017.10.18-15.02.07:420][  0]LogWindows: EnumDisplayDevices:
[2017.10.18-15.02.07:420][  0]LogWindows:    0. 'NVIDIA GeForce GTX 670' (P:1 D:1)
[2017.10.18-15.02.07:420][  0]LogWindows:    1. 'NVIDIA GeForce GTX 670' (P:0 D:0)
[2017.10.18-15.02.07:421][  0]LogWindows:    2. 'NVIDIA GeForce GTX 670' (P:0 D:0)
[2017.10.18-15.02.07:421][  0]LogWindows:    3. 'NVIDIA GeForce GTX 670' (P:0 D:0)
[2017.10.18-15.02.07:421][  0]LogWindows: DebugString: FoundDriverCount:4 
[2017.10.18-15.02.07:421][  0]LogD3D11RHI:     Adapter Name: NVIDIA GeForce GTX 670
[2017.10.18-15.02.07:438][  0]LogD3D11RHI:   Driver Version: 384.94 (internal:22.21.13.8494, unified:384.94)
[2017.10.18-15.02.07:438][  0]LogD3D11RHI:      Driver Date: 7-18-2017
[2017.10.18-15.02.07:438][  0]LogRHI: Texture pool is 1361 MB (70% of 1945 MB)
[2017.10.18-15.02.08:302][  0]LogD3D11RHI:Warning: Timestamp queries are currently disabled on this hardware due to instability. Realtime GPU stats will not be available. You can override this behaviour by setting r.NVIDIATimestampWorkaround to 0
[2017.10.18-15.02.08:330][  0]LogD3D11RHI: Async texture creation enabled
[2017.10.18-15.02.09:576][  0]LogD3D11RHI: GPU Timing Frequency: 1000.000000 (Debug: 2 1)
[2017.10.18-15.02.10:607][  0]LogShaderCompilers: Guid format shader working directory is -9 characters bigger than the processId version (../../../../../../P - programist/UE4/Timekill/TimeKill/Intermediate/Shaders/WorkingDirectory/19220/).
[2017.10.18-15.02.10:608][  0]LogShaderCompilers: Cleaned the shader compiler working directory 'C:/Users/IzPOD/AppData/Local/Temp/UnrealShaderWorkingDir/B34706B846A355D4363E84B9A5C69049/'.
[2017.10.18-15.02.10:608][  0]LogShaderCompilers:Display: Using Local Shader Compiler.
[2017.10.18-15.02.20:727][  0]LogTemp:Display: Loaded TP AllDesktopTargetPlatform
[2017.10.18-15.02.20:778][  0]LogTemp:Display: Loaded TP MacClientTargetPlatform
[2017.10.18-15.02.20:830][  0]LogTemp:Display: Loaded TP MacNoEditorTargetPlatform
[2017.10.18-15.02.20:881][  0]LogTemp:Display: Loaded TP MacServerTargetPlatform
[2017.10.18-15.02.21:002][  0]LogTemp:Display: Loaded TP MacTargetPlatform
[2017.10.18-15.02.21:053][  0]LogTemp:Display: Loaded TP WindowsClientTargetPlatform
[2017.10.18-15.02.21:104][  0]LogTemp:Display: Loaded TP WindowsNoEditorTargetPlatform
[2017.10.18-15.02.21:155][  0]LogTemp:Display: Loaded TP WindowsServerTargetPlatform
[2017.10.18-15.02.21:216][  0]LogTemp:Display: Loaded TP WindowsTargetPlatform
[2017.10.18-15.02.21:338][  0]LogTemp:Display: Loaded TP AndroidTargetPlatform
[2017.10.18-15.02.21:407][  0]LogTemp:Display: Loaded TP Android_ASTCTargetPlatform
[2017.10.18-15.02.21:461][  0]LogTemp:Display: Loaded TP Android_ATCTargetPlatform
[2017.10.18-15.02.21:512][  0]LogTemp:Display: Loaded TP Android_DXTTargetPlatform
[2017.10.18-15.02.21:563][  0]LogTemp:Display: Loaded TP Android_ETC1TargetPlatform
[2017.10.18-15.02.21:614][  0]LogTemp:Display: Loaded TP Android_ETC2TargetPlatform
[2017.10.18-15.02.21:863][  0]LogTemp:Display: Loaded TP Android_MultiTargetPlatform
[2017.10.18-15.02.21:863][  0]LogTemp:Display: Loaded TP Android_PVRTCTargetPlatform
[2017.10.18-15.02.21:897][  0]LogTemp:Display: Loaded TP HTML5TargetPlatform
[2017.10.18-15.02.22:180][  0]LogTemp:Display: Loaded TP IOSTargetPlatform
[2017.10.18-15.02.22:218][  0]LogTemp:Display: Loaded TP TVOSTargetPlatform
[2017.10.18-15.02.22:273][  0]LogTemp:Display: Loaded TP LinuxClientTargetPlatform
[2017.10.18-15.02.22:330][  0]LogTemp:Display: Loaded TP LinuxNoEditorTargetPlatform
[2017.10.18-15.02.22:385][  0]LogTemp:Display: Loaded TP LinuxServerTargetPlatform
[2017.10.18-15.02.22:506][  0]LogTemp:Display: Loaded TP LinuxTargetPlatform
[2017.10.18-15.02.22:506][  0]LogTargetPlatformManager:Display: Building Assets For Windows
[2017.10.18-15.02.25:655][  0]LogDerivedDataCache:Display: Max Cache Size: 512 MB
[2017.10.18-15.02.25:906][  0]LogDerivedDataCache: Loaded boot cache 0.25s 50MB C:/Users/IzPOD/AppData/Local/UnrealEngine/4.15/DerivedDataCache/Boot.ddc.
[2017.10.18-15.02.25:906][  0]LogDerivedDataCache:Display: Loaded Boot cache: C:/Users/IzPOD/AppData/Local/UnrealEngine/4.15/DerivedDataCache/Boot.ddc
[2017.10.18-15.02.25:906][  0]LogDerivedDataCache: FDerivedDataBackendGraph:  Pak pak cache file ../../../../../../P - programist/UE4/Timekill/TimeKill/DerivedDataCache/DDC.ddp not found, will not use a pak cache.
[2017.10.18-15.02.25:907][  0]LogDerivedDataCache: Unable to find inner node Pak for hierarchical cache Hierarchy.
[2017.10.18-15.02.25:907][  0]LogDerivedDataCache: FDerivedDataBackendGraph:  CompressedPak pak cache file ../../../../../../P - programist/UE4/Timekill/TimeKill/DerivedDataCache/Compressed.ddp not found, will not use a pak cache.
[2017.10.18-15.02.25:907][  0]LogDerivedDataCache: Unable to find inner node CompressedPak for hierarchical cache Hierarchy.
[2017.10.18-15.02.26:165][  0]LogDerivedDataCache:Display: Pak cache opened for reading ../../../Engine/DerivedDataCache/Compressed.ddp.
[2017.10.18-15.02.26:181][  0]LogDerivedDataCache: Using Local data cache path C:/Users/IzPOD/AppData/Local/UnrealEngine/Common/DerivedDataCache: Writable
[2017.10.18-15.02.27:512][  0]LogSlate: Using Freetype 2.6.0
[2017.10.18-15.02.28:105][  0]LogSlate: SlateFontCache - WITH_FREETYPE: 1, WITH_HARFBUZZ: 1
[2017.10.18-15.02.28:105][  0]LogSlate: SlateFontCache - WITH_FREETYPE: 1, WITH_HARFBUZZ: 1
[2017.10.18-15.03.10:501][  0]LogInit: Selected Device Profile: [Windows]
[2017.10.18-15.03.10:818][  0]LogContentStreaming: Texture pool size is 0.00 MB
[2017.10.18-15.03.13:197][  0]LogMeshUtilities: Using QuadricMeshReduction for automatic static mesh reduction
[2017.10.18-15.03.13:272][  0]LogSimplygon: Simplygon DLL not present - disabling.
[2017.10.18-15.03.13:365][  0]LogMeshUtilities: Using SimplygonSwarm for distributed automatic mesh merging
[2017.10.18-15.03.13:366][  0]LogMeshUtilities: No automatic skeletal mesh reduction module available
[2017.10.18-15.03.13:366][  0]LogMeshUtilities: No automatic mesh merging module available
[2017.10.18-15.03.33:418][  0]LogNetVersion: GetLocalNetworkVersion: CL: 3299760, ProjectName: timekill, ProjectVersion: , EngineNetworkVersion: 2, GameNetworkVersion: 0, NetworkChecksum: 844999791
[2017.10.18-15.03.34:210][  0]LogAssetRegistry: FAssetRegistry took 0.1054 seconds to start up
[2017.10.18-15.03.35:360][  0]LogPackageLocalizationCache: Processed 3 localized package path(s) for 1 prioritized culture(s) in 0.775044 seconds
[2017.10.18-15.03.35:464][  0]LogUObjectArray: 32493 objects as part of root set at end of initial load.
[2017.10.18-15.03.35:464][  0]LogUObjectAllocator: 7077024 out of 0 bytes used by permanent object pool.
[2017.10.18-15.03.35:464][  0]LogUObjectArray: CloseDisregardForGC: 0/0 objects in disregard for GC pool
[2017.10.18-15.03.35:575][  0]LogInit: WinSock: version 1.1 (2.2), MaxSocks=32767, MaxUdp=65467
[2017.10.18-15.04.01:669][  0]LogTcpMessaging: Initializing TcpMessaging bridge
[2017.10.18-15.04.01:799][  0]LogUdpMessaging: Initializing bridge on interface 0.0.0.0:0 to multicast group 230.0.0.1:6666.
[2017.10.18-15.04.05:989][  0]LogMaterial: Uniform references updated for custom material expression Custom.
[2017.10.18-15.04.08:562][  0]SourceControl: Info Source control is disabled
[2017.10.18-15.04.08:571][  0]SourceControl: Info Source control is disabled
[2017.10.18-15.04.09:160][  0]SourceControl: Info Source control is disabled
[2017.10.18-15.04.09:345][  0]SourceControl: Info Source control is disabled
[2017.10.18-15.04.11:328][  0]LogLinker:Warning: Can't find file '/Game/PuzzleBP/Tutorial/Part1-Overview'
[2017.10.18-15.04.11:336][  0]LogLinker:Warning: Can't find file '/Game/PuzzleBP/Tutorial/Part1-Overview'
[2017.10.18-15.04.11:336][  0]LogUObjectGlobals:Warning: Failed to find object 'Class /Game/PuzzleBP/Tutorial/Part1-Overview.Part1-Overview_C'
[2017.10.18-15.04.11:336][  0]LogLinker:Warning: Can't find file '/Game/PuzzleBP/Tutorial/Part2-BlockBlueprint'
[2017.10.18-15.04.11:336][  0]LogLinker:Warning: Can't find file '/Game/PuzzleBP/Tutorial/Part2-BlockBlueprint'
[2017.10.18-15.04.11:336][  0]LogUObjectGlobals:Warning: Failed to find object 'Class /Game/PuzzleBP/Tutorial/Part2-BlockBlueprint.Part2-BlockBlueprint_C'
[2017.10.18-15.04.16:519][  0]LogEngine: Initializing Engine...
[2017.10.18-15.04.16:582][  0]LogHMD: Failed to initialize OpenVR with code 110
[2017.10.18-15.04.18:112][  0]LogStats: UGameplayTagsManager::ConstructGameplayTagTree: Construct from data asset -  0.000 s
[2017.10.18-15.04.18:147][  0]LogStats: UGameplayTagsManager::ConstructGameplayTagTree: GameplayTagTreeChangedEvent.Broadcast -  0.000 s
[2017.10.18-15.04.20:643][  0]LogAIModule: Creating AISystem for world Untitled
[2017.10.18-15.04.21:929][  0]LogInit: XAudio2 using 'Динамики (Logitech G430 Gaming Headset)' : 8 channels at 48 kHz using 16 bits per sample (channel mask 0x63f)
[2017.10.18-15.04.21:971][  0]LogInit: FAudioDevice initialized.
[2017.10.18-15.04.21:998][  0]LogDerivedDataCache: Saved boot cache 0.03s 50MB C:/Users/IzPOD/AppData/Local/UnrealEngine/4.15/DerivedDataCache/Boot.ddc.
[2017.10.18-15.04.22:009][  0]LogInit: Texture streaming: Enabled
[2017.10.18-15.04.22:636][  0]LogEngineSessionManager: EngineSessionManager initialized
[2017.10.18-15.04.23:548][  0]LogInit: Transaction tracking system initialized
[2017.10.18-15.04.25:612][  0]BlueprintLog: New page: Editor Load
[2017.10.18-15.04.30:947][  0]LocalizationService: Info Localization service is disabled
[2017.10.18-15.04.34:687][  0]LogConsoleResponse:Display: 
[2017.10.18-15.04.39:095][  0]LogFileCache: Scanning file cache for directory 'D:/P - programist/UE4/Timekill/TimeKill/Content/' took 0.05s
[2017.10.18-15.04.39:095][  0]LogCook:Display: Max memory allowance for cook 16384mb min free memory 0mb
[2017.10.18-15.04.39:095][  0]LogCook:Display: Mobile HDR setting 0
[2017.10.18-15.04.45:164][  0]SourceControl: Info Source control is disabled
[2017.10.18-15.04.45:381][  0]Cmd: MAP LOAD FILE="../../../Engine/Content/Maps/Templates/Template_Default.umap" TEMPLATE=1 SHOWPROGRESS=1 FEATURELEVEL=3
[2017.10.18-15.04.45:533][  0]LightingResults: New page: Lighting Build
[2017.10.18-15.04.46:200][  0]MapCheck: New page: Map Check
[2017.10.18-15.04.46:200][  0]LightingResults: New page: Lighting Build
[2017.10.18-15.04.53:224][  0]LogAIModule: Creating AISystem for world Untitled_1
[2017.10.18-15.04.53:483][  0]LogActorComponent: RegisterComponentWithWorld: (/Temp/Untitled_1.Untitled_1:PersistentLevel.WorldSettings_1.StaticMeshComponent0) Trying to register component with IsPendingKill() == true. Aborting.
[2017.10.18-15.04.55:463][  0]LogEditorServer: Finished looking for orphan Actors (0.000 secs)
[2017.10.18-15.04.55:893][  0]Cmd: MAP CHECKDEP NOCLEARLOG
[2017.10.18-15.04.55:962][  0]MapCheck: Info Map check complete: 0 Error(s), 0 Warning(s), took 69.149ms to complete.
[2017.10.18-15.04.56:001][  0]LogFileHelpers: Loading map 'Template_Default' took 10.734
[2017.10.18-15.05.05:851][  0]LogCollectionManager: Loaded 0 collections in 0.038676 seconds
[2017.10.18-15.05.06:350][  0]LogFileCache: Scanning file cache for directory 'D:/P - programist/UE4/Timekill/TimeKill/Saved/Collections/' took 0.01s
[2017.10.18-15.05.06:350][  0]LogFileCache: Scanning file cache for directory 'D:/P - programist/UE4/Timekill/TimeKill/Content/Developers/IzPOD/Collections/' took 0.01s
[2017.10.18-15.05.06:350][  0]LogFileCache: Scanning file cache for directory 'D:/P - programist/UE4/Timekill/TimeKill/Content/Collections/' took 0.01s
[2017.10.18-15.05.06:350][  0]LogCollectionManager: Rebuilt the GUID cache for 0 collections in 0.000003 seconds
[2017.10.18-15.05.06:365][  0]LogContentBrowser: Native class hierarchy populated in 0.0117 seconds. Added 2246 classes and 455 folders.
[2017.10.18-15.05.06:702][  0]LogContentBrowser: Native class hierarchy updated for 'WidgetCarousel' in 0.0006 seconds. Added 0 classes and 0 folders.
[2017.10.18-15.05.09:442][  0]LogContentBrowser: Native class hierarchy updated for 'AddContentDialog' in 0.0006 seconds. Added 0 classes and 0 folders.
[2017.10.18-15.05.09:653][  0]LogCrashTracker: Crashtracker disabled due to settings.
[2017.10.18-15.05.10:994][  0]LogUObjectGlobals:Warning: Failed to find object 'Class None.'
[2017.10.18-15.05.11:475][  0]LogContentBrowser: Native class hierarchy updated for 'HierarchicalLODOutliner' in 0.0006 seconds. Added 1 classes and 2 folders.
[2017.10.18-15.05.11:475][  0]LogLoad: (Engine Initialization) Total time: 213.16 seconds
[2017.10.18-15.05.11:475][  0]LogLoad: (Engine Initialization) Total Blueprint compile time: 2.88 seconds
[2017.10.18-15.05.11:475][  0]LogExternalProfiler: No external profilers were discovered.  External profiling features will not be available.
[2017.10.18-15.05.12:196][  0]LogOcInput: OculusInput pre-init called
[2017.10.18-15.05.13:829][  0]LogContentStreaming: Texture pool size now 1000 MB
[2017.10.18-15.05.14:826][  0]LogSlate: Took 0.056046 seconds to synchronously load lazily loaded font '../../../Engine/Content/Slate/Fonts/Roboto-Regular.ttf' (155K)
[2017.10.18-15.05.15:126][  0]LogSlate: Took 0.051352 seconds to synchronously load lazily loaded font '../../../Engine/Content/Slate/Fonts/Roboto-Bold.ttf' (160K)
[2017.10.18-15.05.15:406][  0]LogSlate: Took 0.036387 seconds to synchronously load lazily loaded font '../../../Engine/Content/Editor/Slate/Fonts/FontAwesome.ttf' (139K)
[2017.10.18-15.05.17:697][  0]LogRenderer: Reallocating scene render targets to support 1068x924 NumSamples 1 (Frame:2).
[2017.10.18-15.05.19:048][  2]LogSlate: Took 0.047918 seconds to synchronously load lazily loaded font '../../../Engine/Content/Slate/Fonts/Roboto-Light.ttf' (159K)
[2017.10.18-15.05.19:753][  4]LogAssetRegistry: Asset discovery search completed in 105.6031 seconds
[2017.10.18-15.05.19:827][  4]LogCollectionManager: Rebuilt the object cache for 0 collections in 0.073161 seconds (found 0 objects)
[2017.10.18-15.05.19:827][  4]LogCollectionManager: Fixed up redirectors for 0 collections in 0.074107 seconds (updated 0 objects)
[2017.10.18-15.05.22:357][ 10]LogSlate: Took 0.000214 seconds to synchronously load lazily loaded font '../../../Engine/Content/Slate/Fonts/Roboto-Light.ttf' (159K)
[2017.10.18-15.06.21:749][297]LogSlate: Took 0.043146 seconds to synchronously load lazily loaded font '../../../Engine/Content/Slate/Fonts/Roboto-Light.ttf' (159K)
[2017.10.18-15.06.22:897][297]LogSlate: Took 0.040057 seconds to synchronously load lazily loaded font '../../../Engine/Content/Slate/Fonts/Roboto-Regular.ttf' (155K)
[2017.10.18-15.06.30:538][297]LogAIModule: Creating AISystem for world GameLavel
[2017.10.18-15.06.31:550][297]Cmd: MAP LOAD FILE="../../../../../../P - programist/UE4/Timekill/TimeKill/Content/GameLavel.umap" TEMPLATE=0 SHOWPROGRESS=1 FEATURELEVEL=3
[2017.10.18-15.06.31:551][297]LightingResults: New page: Lighting Build
[2017.10.18-15.06.31:552][297]LoadErrors: New page: Loading map: GameLavel.umap
[2017.10.18-15.06.31:710][297]MapCheck: New page: Map Check
[2017.10.18-15.06.31:710][297]LightingResults: New page: Lighting Build
[2017.10.18-15.06.32:670][297]LogEditorServer: Finished looking for orphan Actors (0.000 secs)
[2017.10.18-15.06.32:774][297]Cmd: MAP CHECKDEP NOCLEARLOG
[2017.10.18-15.06.32:820][297]MapCheck: Info Map check complete: 0 Error(s), 0 Warning(s), took 45.818ms to complete.
[2017.10.18-15.06.32:820][297]LogFileHelpers: Loading map 'GameLavel' took 1.350
[2017.10.18-15.12.43:237][314]LogContentBrowser: Native class hierarchy updated for 'BlueprintGraph' in 0.0010 seconds. Added 112 classes and 0 folders.
[2017.10.18-15.12.48:768][314]LogSlate: Took 0.061049 seconds to synchronously load lazily loaded font '../../../Engine/Content/Editor/Slate/Fonts/Roboto-BoldCondensed.ttf' (158K)
[2017.10.18-15.12.55:956][778]LogRenderer: Reallocating scene render targets to support 1308x924 NumSamples 1 (Frame:8090).
[2017.10.18-15.13.02:270][301]LogWindowsTextInputMethodSystem:Display: IME system now deactivated.
[2017.10.18-15.13.02:270][301]LogWindowsTextInputMethodSystem:Display: IME system now deactivated.
[2017.10.18-15.14.12:013][348]BlueprintLog: New page: Compile BulletBlueprint
[2017.10.18-15.14.12:971][395]LogTemp: Repeting last play command: New Editor Window (PIE)
[2017.10.18-15.14.13:019][395]LogBlueprintUserMessages: Early PlayInEditor Detection: Level '/Game/GameLavel.GameLavel:PersistentLevel' has LevelScriptBlueprint '/Game/GameLavel.GameLavel:PersistentLevel.GameLavel' with GeneratedClass '/Game/GameLavel.GameLavel_C' with ClassGeneratedBy '/Game/GameLavel.GameLavel:PersistentLevel.GameLavel'
[2017.10.18-15.14.13:034][395]LogPlayLevel: PlayLevel: No blueprints needed recompiling
[2017.10.18-15.14.13:136][395]PIE: New page: PIE session: GameLavel (Oct 18, 2017, 9:14:13 PM)
[2017.10.18-15.14.13:161][395]LogPlayLevel: Creating play world package: /Game/UEDPIE_0_GameLavel
[2017.10.18-15.14.13:229][395]LogPlayLevel: PIE: StaticDuplicateObject took: (0.068665s)
[2017.10.18-15.14.13:230][395]LogAIModule: Creating AISystem for world GameLavel
[2017.10.18-15.14.13:230][395]LogPlayLevel: PIE: World Init took: (0.000807s)
[2017.10.18-15.14.13:237][395]LogPlayLevel: PIE: Created PIE world by copying editor world from /Game/GameLavel.GameLavel to /Game/UEDPIE_0_GameLavel.GameLavel (0.085649s)
[2017.10.18-15.14.13:298][395]LogInit: XAudio2 using 'Динамики (Logitech G430 Gaming Headset)' : 8 channels at 48 kHz using 16 bits per sample (channel mask 0x63f)
[2017.10.18-15.14.13:312][395]LogInit: FAudioDevice initialized.
[2017.10.18-15.14.13:453][395]LogLoad: Game class is 'Mouse_GameMode_C'
[2017.10.18-15.14.13:585][395]LogWorld: Bringing World /Game/UEDPIE_0_GameLavel.GameLavel up for play (max tick rate 0) at 2017.10.18-18.14.13
[2017.10.18-15.14.13:743][395]LogWorld: Bringing up level for play took: 0.158361
[2017.10.18-15.14.15:842][395]LogContentBrowser: Native class hierarchy updated for 'MovieSceneCapture' in 0.0007 seconds. Added 11 classes and 0 folders.
[2017.10.18-15.14.16:098][395]PIE: Info Play in editor start time for /Game/UEDPIE_0_GameLavel 3.428
[2017.10.18-15.14.16:099][395]LogBlueprintUserMessages: Late PlayInEditor Detection: Level '/Game/GameLavel.GameLavel:PersistentLevel' has LevelScriptBlueprint '/Game/GameLavel.GameLavel:PersistentLevel.GameLavel' with GeneratedClass '/Game/GameLavel.GameLavel_C' with ClassGeneratedBy '/Game/GameLavel.GameLavel:PersistentLevel.GameLavel'
[2017.10.18-15.14.16:255][395]LogRenderer: Reallocating scene render targets to support 1308x996 NumSamples 1 (Frame:8184).
[2017.10.18-15.14.19:576][776]LogBlueprintUserMessages: [Mishen3_458] -1
[2017.10.18-15.14.21:255][973]LogBlueprintUserMessages: Early EndPlayMap Detection: Level '/Game/GameLavel.GameLavel:PersistentLevel' has LevelScriptBlueprint '/Game/GameLavel.GameLavel:PersistentLevel.GameLavel' with GeneratedClass '/Game/GameLavel.GameLavel_C' with ClassGeneratedBy '/Game/GameLavel.GameLavel:PersistentLevel.GameLavel'
[2017.10.18-15.14.21:298][973]LogBlueprintUserMessages: Late EndPlayMap Detection: Level '/Game/GameLavel.GameLavel:PersistentLevel' has LevelScriptBlueprint '/Game/GameLavel.GameLavel:PersistentLevel.GameLavel' with GeneratedClass '/Game/GameLavel.GameLavel_C' with ClassGeneratedBy '/Game/GameLavel.GameLavel:PersistentLevel.GameLavel'
[2017.10.18-15.16.30:065][166]LogFileHelpers: Editor autosave (incl. sublevels) for '/Game/GameLavel' took 0.018
[2017.10.18-15.16.30:147][166]OBJ SavePackage: Generating thumbnails for [0] asset(s) in package [/Game/Blueprints/BulletBlueprint] ([1] browsable assets)...
[2017.10.18-15.16.30:148][166]OBJ SavePackage: Finished generating thumbnails for package [/Game/Blueprints/BulletBlueprint]
[2017.10.18-15.16.31:169][166]LogSavePackage: Save=110.38ms
[2017.10.18-15.16.31:169][166]LogSavePackage: Moving '../../../../../../P - programist/UE4/Timekill/TimeKill/Saved/BulletBlueprint_Auto1585F1A634E0ECFA417BCEABF4B74E032.tmp' to '../../../../../../P - programist/UE4/Timekill/TimeKill/Saved/Autosaves/Game/Blueprints/BulletBlueprint_Auto1.uasset'
[2017.10.18-15.16.31:207][166]LogSavePackage:Display: Finished SavePackage ../../../../../../P - programist/UE4/Timekill/TimeKill/Saved/Autosaves/Game/Blueprints/BulletBlueprint_Auto1.uasset
[2017.10.18-15.16.31:207][166]LogFileHelpers: Auto-saving content packages took 1.141
[2017.10.18-15.25.53:189][ 46]LogSlate: Took 0.012914 seconds to synchronously load lazily loaded font '../../../Engine/Content/Editor/Slate/Fonts/Roboto-Italic.ttf' (157K)
[2017.10.18-15.26.25:088][823]BlueprintLog: New page: Compile Mishen
[2017.10.18-15.26.25:801][892]LogTemp: Repeting last play command: New Editor Window (PIE)
[2017.10.18-15.26.25:826][892]LogBlueprintUserMessages: Early PlayInEditor Detection: Level '/Game/GameLavel.GameLavel:PersistentLevel' has LevelScriptBlueprint '/Game/GameLavel.GameLavel:PersistentLevel.GameLavel' with GeneratedClass '/Game/GameLavel.GameLavel_C' with ClassGeneratedBy '/Game/GameLavel.GameLavel:PersistentLevel.GameLavel'
[2017.10.18-15.26.25:826][892]BlueprintLog: New page: Pre-Play auto-recompile
[2017.10.18-15.26.25:826][892]LogPlayLevel: [PlayLevel] Compiling BulletBlueprint before play...
[2017.10.18-15.26.26:000][892]LogPlayLevel: PlayLevel: Blueprint regeneration took 174 ms (1 blueprints)
[2017.10.18-15.26.26:000][892]PIE: New page: PIE session: GameLavel (Oct 18, 2017, 9:26:26 PM)
[2017.10.18-15.26.26:001][892]LogPlayLevel: Creating play world package: /Game/UEDPIE_0_GameLavel
[2017.10.18-15.26.26:003][892]LogPlayLevel: PIE: StaticDuplicateObject took: (0.002720s)
[2017.10.18-15.26.26:004][892]LogAIModule: Creating AISystem for world GameLavel
[2017.10.18-15.26.26:004][892]LogPlayLevel: PIE: World Init took: (0.000798s)
[2017.10.18-15.26.26:004][892]LogPlayLevel: PIE: Created PIE world by copying editor world from /Game/GameLavel.GameLavel to /Game/UEDPIE_0_GameLavel.GameLavel (0.003729s)
[2017.10.18-15.26.26:023][892]LogInit: XAudio2 using 'Динамики (Logitech G430 Gaming Headset)' : 8 channels at 48 kHz using 16 bits per sample (channel mask 0x63f)
[2017.10.18-15.26.26:036][892]LogInit: FAudioDevice initialized.
[2017.10.18-15.26.26:083][892]LogLoad: Game class is 'Mouse_GameMode_C'
[2017.10.18-15.26.26:086][892]LogWorld: Bringing World /Game/UEDPIE_0_GameLavel.GameLavel up for play (max tick rate 0) at 2017.10.18-18.26.26
[2017.10.18-15.26.26:087][892]LogWorld: Bringing up level for play took: 0.001806
[2017.10.18-15.26.26:118][892]PIE: Info Play in editor start time for /Game/UEDPIE_0_GameLavel -0.552
[2017.10.18-15.26.26:119][892]LogBlueprintUserMessages: Late PlayInEditor Detection: Level '/Game/GameLavel.GameLavel:PersistentLevel' has LevelScriptBlueprint '/Game/GameLavel.GameLavel:PersistentLevel.GameLavel' with GeneratedClass '/Game/GameLavel.GameLavel_C' with ClassGeneratedBy '/Game/GameLavel.GameLavel:PersistentLevel.GameLavel'
[2017.10.18-15.26.29:439][283]LogBlueprintUserMessages: [Mishen3_458] -1
[2017.10.18-15.26.30:275][381]LogBlueprintUserMessages: Early EndPlayMap Detection: Level '/Game/GameLavel.GameLavel:PersistentLevel' has LevelScriptBlueprint '/Game/GameLavel.GameLavel:PersistentLevel.GameLavel' with GeneratedClass '/Game/GameLavel.GameLavel_C' with ClassGeneratedBy '/Game/GameLavel.GameLavel:PersistentLevel.GameLavel'
[2017.10.18-15.26.30:309][381]LogBlueprintUserMessages: Late EndPlayMap Detection: Level '/Game/GameLavel.GameLavel:PersistentLevel' has LevelScriptBlueprint '/Game/GameLavel.GameLavel:PersistentLevel.GameLavel' with GeneratedClass '/Game/GameLavel.GameLavel_C' with ClassGeneratedBy '/Game/GameLavel.GameLavel:PersistentLevel.GameLavel'
[2017.10.18-15.27.12:081][356]BlueprintLog: New page: Compile Mishen
[2017.10.18-15.27.13:521][468]LogTemp: Repeting last play command: New Editor Window (PIE)
[2017.10.18-15.27.13:539][468]LogBlueprintUserMessages: Early PlayInEditor Detection: Level '/Game/GameLavel.GameLavel:PersistentLevel' has LevelScriptBlueprint '/Game/GameLavel.GameLavel:PersistentLevel.GameLavel' with GeneratedClass '/Game/GameLavel.GameLavel_C' with ClassGeneratedBy '/Game/GameLavel.GameLavel:PersistentLevel.GameLavel'
[2017.10.18-15.27.13:539][468]LogPlayLevel: PlayLevel: No blueprints needed recompiling
[2017.10.18-15.27.13:539][468]PIE: New page: PIE session: GameLavel (Oct 18, 2017, 9:27:13 PM)
[2017.10.18-15.27.13:539][468]LogPlayLevel: Creating play world package: /Game/UEDPIE_0_GameLavel
[2017.10.18-15.27.13:542][468]LogPlayLevel: PIE: StaticDuplicateObject took: (0.002563s)
[2017.10.18-15.27.13:542][468]LogAIModule: Creating AISystem for world GameLavel
[2017.10.18-15.27.13:543][468]LogPlayLevel: PIE: World Init took: (0.000963s)
[2017.10.18-15.27.13:543][468]LogPlayLevel: PIE: Created PIE world by copying editor world from /Game/GameLavel.GameLavel to /Game/UEDPIE_0_GameLavel.GameLavel (0.003743s)
[2017.10.18-15.27.13:561][468]LogInit: XAudio2 using 'Динамики (Logitech G430 Gaming Headset)' : 8 channels at 48 kHz using 16 bits per sample (channel mask 0x63f)
[2017.10.18-15.27.13:573][468]LogInit: FAudioDevice initialized.
[2017.10.18-15.27.13:621][468]LogLoad: Game class is 'Mouse_GameMode_C'
[2017.10.18-15.27.13:624][468]LogWorld: Bringing World /Game/UEDPIE_0_GameLavel.GameLavel up for play (max tick rate 0) at 2017.10.18-18.27.13
[2017.10.18-15.27.13:624][468]LogWorld: Bringing up level for play took: 0.001822
[2017.10.18-15.27.13:628][468]PIE: Info Play in editor start time for /Game/UEDPIE_0_GameLavel 0.957
[2017.10.18-15.27.13:628][468]LogBlueprintUserMessages: Late PlayInEditor Detection: Level '/Game/GameLavel.GameLavel:PersistentLevel' has LevelScriptBlueprint '/Game/GameLavel.GameLavel:PersistentLevel.GameLavel' with GeneratedClass '/Game/GameLavel.GameLavel_C' with ClassGeneratedBy '/Game/GameLavel.GameLavel:PersistentLevel.GameLavel'
[2017.10.18-15.27.17:160][887]LogBlueprintUserMessages: [Mishen3_458] -1
[2017.10.18-15.27.19:616][179]LogBlueprintUserMessages: Early EndPlayMap Detection: Level '/Game/GameLavel.GameLavel:PersistentLevel' has LevelScriptBlueprint '/Game/GameLavel.GameLavel:PersistentLevel.GameLavel' with GeneratedClass '/Game/GameLavel.GameLavel_C' with ClassGeneratedBy '/Game/GameLavel.GameLavel:PersistentLevel.GameLavel'
[2017.10.18-15.27.19:651][179]LogBlueprintUserMessages: Late EndPlayMap Detection: Level '/Game/GameLavel.GameLavel:PersistentLevel' has LevelScriptBlueprint '/Game/GameLavel.GameLavel:PersistentLevel.GameLavel' with GeneratedClass '/Game/GameLavel.GameLavel_C' with ClassGeneratedBy '/Game/GameLavel.GameLavel:PersistentLevel.GameLavel'
[2017.10.18-15.27.27:919][157]BlueprintLog: New page: Compile Mishen
[2017.10.18-15.27.28:732][240]LogTemp: Repeting last play command: New Editor Window (PIE)
[2017.10.18-15.27.28:750][240]LogBlueprintUserMessages: Early PlayInEditor Detection: Level '/Game/GameLavel.GameLavel:PersistentLevel' has LevelScriptBlueprint '/Game/GameLavel.GameLavel:PersistentLevel.GameLavel' with GeneratedClass '/Game/GameLavel.GameLavel_C' with ClassGeneratedBy '/Game/GameLavel.GameLavel:PersistentLevel.GameLavel'
[2017.10.18-15.27.28:750][240]LogPlayLevel: PlayLevel: No blueprints needed recompiling
[2017.10.18-15.27.28:750][240]PIE: New page: PIE session: GameLavel (Oct 18, 2017, 9:27:28 PM)
[2017.10.18-15.27.28:750][240]LogPlayLevel: Creating play world package: /Game/UEDPIE_0_GameLavel
[2017.10.18-15.27.28:753][240]LogPlayLevel: PIE: StaticDuplicateObject took: (0.002575s)
[2017.10.18-15.27.28:754][240]LogAIModule: Creating AISystem for world GameLavel
[2017.10.18-15.27.28:754][240]LogPlayLevel: PIE: World Init took: (0.001127s)
[2017.10.18-15.27.28:754][240]LogPlayLevel: PIE: Created PIE world by copying editor world from /Game/GameLavel.GameLavel to /Game/UEDPIE_0_GameLavel.GameLavel (0.003998s)
[2017.10.18-15.27.28:772][240]LogInit: XAudio2 using 'Динамики (Logitech G430 Gaming Headset)' : 8 channels at 48 kHz using 16 bits per sample (channel mask 0x63f)
[2017.10.18-15.27.28:785][240]LogInit: FAudioDevice initialized.
[2017.10.18-15.27.28:834][240]LogLoad: Game class is 'Mouse_GameMode_C'
[2017.10.18-15.27.28:836][240]LogWorld: Bringing World /Game/UEDPIE_0_GameLavel.GameLavel up for play (max tick rate 0) at 2017.10.18-18.27.28
[2017.10.18-15.27.28:837][240]LogWorld: Bringing up level for play took: 0.001846
[2017.10.18-15.27.28:839][240]PIE: Info Play in editor start time for /Game/UEDPIE_0_GameLavel 0.169
[2017.10.18-15.27.28:840][240]LogBlueprintUserMessages: Late PlayInEditor Detection: Level '/Game/GameLavel.GameLavel:PersistentLevel' has LevelScriptBlueprint '/Game/GameLavel.GameLavel:PersistentLevel.GameLavel' with GeneratedClass '/Game/GameLavel.GameLavel_C' with ClassGeneratedBy '/Game/GameLavel.GameLavel:PersistentLevel.GameLavel'
[2017.10.18-15.27.32:374][660]LogBlueprintUserMessages: [Mishen3_458] 3
[2017.10.18-15.27.33:545][798]LogBlueprintUserMessages: Early EndPlayMap Detection: Level '/Game/GameLavel.GameLavel:PersistentLevel' has LevelScriptBlueprint '/Game/GameLavel.GameLavel:PersistentLevel.GameLavel' with GeneratedClass '/Game/GameLavel.GameLavel_C' with ClassGeneratedBy '/Game/GameLavel.GameLavel:PersistentLevel.GameLavel'
[2017.10.18-15.27.33:577][798]LogBlueprintUserMessages: Late EndPlayMap Detection: Level '/Game/GameLavel.GameLavel:PersistentLevel' has LevelScriptBlueprint '/Game/GameLavel.GameLavel:PersistentLevel.GameLavel' with GeneratedClass '/Game/GameLavel.GameLavel_C' with ClassGeneratedBy '/Game/GameLavel.GameLavel:PersistentLevel.GameLavel'
[2017.10.18-15.27.50:924][691]BlueprintLog: New page: Compile Player1
[2017.10.18-15.27.51:899][763]LogTemp: Repeting last play command: New Editor Window (PIE)
[2017.10.18-15.27.51:917][763]LogBlueprintUserMessages: Early PlayInEditor Detection: Level '/Game/GameLavel.GameLavel:PersistentLevel' has LevelScriptBlueprint '/Game/GameLavel.GameLavel:PersistentLevel.GameLavel' with GeneratedClass '/Game/GameLavel.GameLavel_C' with ClassGeneratedBy '/Game/GameLavel.GameLavel:PersistentLevel.GameLavel'
[2017.10.18-15.27.51:917][763]LogPlayLevel: PlayLevel: No blueprints needed recompiling
[2017.10.18-15.27.51:917][763]PIE: New page: PIE session: GameLavel (Oct 18, 2017, 9:27:51 PM)
[2017.10.18-15.27.51:917][763]LogPlayLevel: Creating play world package: /Game/UEDPIE_0_GameLavel
[2017.10.18-15.27.51:920][763]LogPlayLevel: PIE: StaticDuplicateObject took: (0.002546s)
[2017.10.18-15.27.51:920][763]LogAIModule: Creating AISystem for world GameLavel
[2017.10.18-15.27.51:920][763]LogPlayLevel: PIE: World Init took: (0.000707s)
[2017.10.18-15.27.51:921][763]LogPlayLevel: PIE: Created PIE world by copying editor world from /Game/GameLavel.GameLavel to /Game/UEDPIE_0_GameLavel.GameLavel (0.003439s)
[2017.10.18-15.27.51:939][763]LogInit: XAudio2 using 'Динамики (Logitech G430 Gaming Headset)' : 8 channels at 48 kHz using 16 bits per sample (channel mask 0x63f)
[2017.10.18-15.27.51:952][763]LogInit: FAudioDevice initialized.
[2017.10.18-15.27.52:010][763]LogLoad: Game class is 'Mouse_GameMode_C'
[2017.10.18-15.27.52:012][763]LogWorld: Bringing World /Game/UEDPIE_0_GameLavel.GameLavel up for play (max tick rate 0) at 2017.10.18-18.27.52
[2017.10.18-15.27.52:012][763]LogWorld: Bringing up level for play took: 0.001799
[2017.10.18-15.27.52:019][763]PIE: Info Play in editor start time for /Game/UEDPIE_0_GameLavel -0.651
[2017.10.18-15.27.52:020][763]LogBlueprintUserMessages: Late PlayInEditor Detection: Level '/Game/GameLavel.GameLavel:PersistentLevel' has LevelScriptBlueprint '/Game/GameLavel.GameLavel:PersistentLevel.GameLavel' with GeneratedClass '/Game/GameLavel.GameLavel_C' with ClassGeneratedBy '/Game/GameLavel.GameLavel:PersistentLevel.GameLavel'
[2017.10.18-15.27.56:766][189]LogBlueprintUserMessages: [Mishen3_458] 3
[2017.10.18-15.27.57:809][283]LogBlueprintUserMessages: [Mishen2_363] 3
[2017.10.18-15.27.58:993][387]LogBlueprintUserMessages: Early EndPlayMap Detection: Level '/Game/GameLavel.GameLavel:PersistentLevel' has LevelScriptBlueprint '/Game/GameLavel.GameLavel:PersistentLevel.GameLavel' with GeneratedClass '/Game/GameLavel.GameLavel_C' with ClassGeneratedBy '/Game/GameLavel.GameLavel:PersistentLevel.GameLavel'
[2017.10.18-15.27.59:053][387]LogBlueprintUserMessages: Late EndPlayMap Detection: Level '/Game/GameLavel.GameLavel:PersistentLevel' has LevelScriptBlueprint '/Game/GameLavel.GameLavel:PersistentLevel.GameLavel' with GeneratedClass '/Game/GameLavel.GameLavel_C' with ClassGeneratedBy '/Game/GameLavel.GameLavel:PersistentLevel.GameLavel'
[2017.10.18-15.28.09:310][573]LogTemp: Repeting last play command: New Editor Window (PIE)
[2017.10.18-15.28.09:336][573]LogBlueprintUserMessages: Early PlayInEditor Detection: Level '/Game/GameLavel.GameLavel:PersistentLevel' has LevelScriptBlueprint '/Game/GameLavel.GameLavel:PersistentLevel.GameLavel' with GeneratedClass '/Game/GameLavel.GameLavel_C' with ClassGeneratedBy '/Game/GameLavel.GameLavel:PersistentLevel.GameLavel'
[2017.10.18-15.28.09:336][573]LogPlayLevel: PlayLevel: No blueprints needed recompiling
[2017.10.18-15.28.09:336][573]PIE: New page: PIE session: GameLavel (Oct 18, 2017, 9:28:09 PM)
[2017.10.18-15.28.09:336][573]LogPlayLevel: Creating play world package: /Game/UEDPIE_0_GameLavel
[2017.10.18-15.28.09:339][573]LogPlayLevel: PIE: StaticDuplicateObject took: (0.002536s)
[2017.10.18-15.28.09:339][573]LogAIModule: Creating AISystem for world GameLavel
[2017.10.18-15.28.09:339][573]LogPlayLevel: PIE: World Init took: (0.000680s)
[2017.10.18-15.28.09:339][573]LogPlayLevel: PIE: Created PIE world by copying editor world from /Game/GameLavel.GameLavel to /Game/UEDPIE_0_GameLavel.GameLavel (0.003426s)
[2017.10.18-15.28.09:358][573]LogInit: XAudio2 using 'Динамики (Logitech G430 Gaming Headset)' : 8 channels at 48 kHz using 16 bits per sample (channel mask 0x63f)
[2017.10.18-15.28.09:370][573]LogInit: FAudioDevice initialized.
[2017.10.18-15.28.09:415][573]LogLoad: Game class is 'Mouse_GameMode_C'
[2017.10.18-15.28.09:418][573]LogWorld: Bringing World /Game/UEDPIE_0_GameLavel.GameLavel up for play (max tick rate 0) at 2017.10.18-18.28.09
[2017.10.18-15.28.09:418][573]LogWorld: Bringing up level for play took: 0.001745
[2017.10.18-15.28.09:421][573]PIE: Info Play in editor start time for /Game/UEDPIE_0_GameLavel 0.751
[2017.10.18-15.28.09:421][573]LogBlueprintUserMessages: Late PlayInEditor Detection: Level '/Game/GameLavel.GameLavel:PersistentLevel' has LevelScriptBlueprint '/Game/GameLavel.GameLavel:PersistentLevel.GameLavel' with GeneratedClass '/Game/GameLavel.GameLavel_C' with ClassGeneratedBy '/Game/GameLavel.GameLavel:PersistentLevel.GameLavel'
[2017.10.18-15.28.14:137][ 69]LogBlueprintUserMessages: [Mishen3_458] 3
[2017.10.18-15.28.14:920][163]LogBlueprintUserMessages: [Mishen2_363] 3
[2017.10.18-15.28.17:368][454]LogBlueprintUserMessages: Early EndPlayMap Detection: Level '/Game/GameLavel.GameLavel:PersistentLevel' has LevelScriptBlueprint '/Game/GameLavel.GameLavel:PersistentLevel.GameLavel' with GeneratedClass '/Game/GameLavel.GameLavel_C' with ClassGeneratedBy '/Game/GameLavel.GameLavel:PersistentLevel.GameLavel'
[2017.10.18-15.28.17:415][454]LogBlueprintUserMessages: Late EndPlayMap Detection: Level '/Game/GameLavel.GameLavel:PersistentLevel' has LevelScriptBlueprint '/Game/GameLavel.GameLavel:PersistentLevel.GameLavel' with GeneratedClass '/Game/GameLavel.GameLavel_C' with ClassGeneratedBy '/Game/GameLavel.GameLavel:PersistentLevel.GameLavel'
[2017.10.18-15.28.20:737][845]LogTemp: Repeting last play command: New Editor Window (PIE)
[2017.10.18-15.28.20:756][845]LogBlueprintUserMessages: Early PlayInEditor Detection: Level '/Game/GameLavel.GameLavel:PersistentLevel' has LevelScriptBlueprint '/Game/GameLavel.GameLavel:PersistentLevel.GameLavel' with GeneratedClass '/Game/GameLavel.GameLavel_C' with ClassGeneratedBy '/Game/GameLavel.GameLavel:PersistentLevel.GameLavel'
[2017.10.18-15.28.20:756][845]LogPlayLevel: PlayLevel: No blueprints needed recompiling
[2017.10.18-15.28.20:756][845]PIE: New page: PIE session: GameLavel (Oct 18, 2017, 9:28:20 PM)
[2017.10.18-15.28.20:756][845]LogPlayLevel: Creating play world package: /Game/UEDPIE_0_GameLavel
[2017.10.18-15.28.20:759][845]LogPlayLevel: PIE: StaticDuplicateObject took: (0.002676s)
[2017.10.18-15.28.20:759][845]LogAIModule: Creating AISystem for world GameLavel
[2017.10.18-15.28.20:760][845]LogPlayLevel: PIE: World Init took: (0.000797s)
[2017.10.18-15.28.20:760][845]LogPlayLevel: PIE: Created PIE world by copying editor world from /Game/GameLavel.GameLavel to /Game/UEDPIE_0_GameLavel.GameLavel (0.003665s)
[2017.10.18-15.28.20:778][845]LogInit: XAudio2 using 'Динамики (Logitech G430 Gaming Headset)' : 8 channels at 48 kHz using 16 bits per sample (channel mask 0x63f)
[2017.10.18-15.28.20:790][845]LogInit: FAudioDevice initialized.
[2017.10.18-15.28.20:839][845]LogLoad: Game class is 'Mouse_GameMode_C'
[2017.10.18-15.28.20:842][845]LogWorld: Bringing World /Game/UEDPIE_0_GameLavel.GameLavel up for play (max tick rate 0) at 2017.10.18-18.28.20
[2017.10.18-15.28.20:842][845]LogWorld: Bringing up level for play took: 0.001978
[2017.10.18-15.28.20:846][845]PIE: Info Play in editor start time for /Game/UEDPIE_0_GameLavel 0.176
[2017.10.18-15.28.20:846][845]LogBlueprintUserMessages: Late PlayInEditor Detection: Level '/Game/GameLavel.GameLavel:PersistentLevel' has LevelScriptBlueprint '/Game/GameLavel.GameLavel:PersistentLevel.GameLavel' with GeneratedClass '/Game/GameLavel.GameLavel_C' with ClassGeneratedBy '/Game/GameLavel.GameLavel:PersistentLevel.GameLavel'
[2017.10.18-15.28.25:495][394]LogBlueprintUserMessages: [Mishen3_458] 3
[2017.10.18-15.28.26:278][488]LogBlueprintUserMessages: [Mishen2_363] 3
[2017.10.18-15.28.34:604][305]LogBlueprintUserMessages: Early EndPlayMap Detection: Level '/Game/GameLavel.GameLavel:PersistentLevel' has LevelScriptBlueprint '/Game/GameLavel.GameLavel:PersistentLevel.GameLavel' with GeneratedClass '/Game/GameLavel.GameLavel_C' with ClassGeneratedBy '/Game/GameLavel.GameLavel:PersistentLevel.GameLavel'
[2017.10.18-15.28.34:656][305]LogBlueprintUserMessages: Late EndPlayMap Detection: Level '/Game/GameLavel.GameLavel:PersistentLevel' has LevelScriptBlueprint '/Game/GameLavel.GameLavel:PersistentLevel.GameLavel' with GeneratedClass '/Game/GameLavel.GameLavel_C' with ClassGeneratedBy '/Game/GameLavel.GameLavel:PersistentLevel.GameLavel'
[2017.10.18-15.28.55:938][839]LogActorComponent: UnregisterComponent: (/Engine/Transient.EditorFloorComp) Not registered. Aborting.
[2017.10.18-15.28.56:918][839]LogObjectTools:Warning: ForceReplaceReferences replaced references for a transient object 'DEADCLASS_TESTInterface_C_0' or package '/Engine/Transient'.
[2017.10.18-15.28.56:918][839]LogObjectTools:Warning: ForceReplaceReferences replaced references for a transient object 'DEADCLASS_TESTInterface_C_1' or package '/Engine/Transient'.
[2017.10.18-15.28.56:919][839]LogObjectTools:Warning: ForceReplaceReferences replaced references for a transient object 'NewFunction_0' or package '/Engine/Transient'.
[2017.10.18-15.28.56:919][839]LogObjectTools:Warning: ForceReplaceReferences replaced references for a transient object 'SKEL_Mishen_C' or package '/Game/Blueprints/Mishen'.
[2017.10.18-15.28.56:919][839]LogObjectTools:Warning: ForceReplaceReferences replaced references for a transient object 'REINST_SKEL_TESTInterface_C_115' or package '/Engine/Transient'.
[2017.10.18-15.28.56:919][839]LogObjectTools:Warning: ForceReplaceReferences replaced references for a transient object 'REINST_TESTInterface_C_114' or package '/Engine/Transient'.
[2017.10.18-15.28.57:640][839]LogStats: FPlatformStackWalk::StackWalkAndDump -  0.499 s
[2017.10.18-15.28.57:640][839]LogOutputDevice:Error: === Handled ensure: ===
[2017.10.18-15.28.57:640][839]LogOutputDevice:Error: 
[2017.10.18-15.28.57:640][839]LogOutputDevice:Error: Ensure condition failed: InterfaceClass [File:D:\Build\++UE4+Release-4.15+Compile\Sync\Engine\Source\Runtime\AssetRegistry\Private\AssetRegistry.cpp] [Line: 2917]
[2017.10.18-15.28.57:640][839]LogOutputDevice:Error: Invalid inteface class (index 0) detected on 'Mishen_C' - possibly deleted?
[2017.10.18-15.28.57:640][839]LogOutputDevice:Error: Stack: 
[2017.10.18-15.28.57:640][839]LogOutputDevice:Error: UE4Editor-Core.dll!0x0000000018F795E6
[2017.10.18-15.28.57:640][839]LogOutputDevice:Error: UE4Editor-Core.dll!0x0000000018D29B82
[2017.10.18-15.28.57:640][839]LogOutputDevice:Error: UE4Editor-Core.dll!0x0000000018D3B666
[2017.10.18-15.28.57:640][839]LogOutputDevice:Error: UE4Editor-AssetRegistry.dll!0x00000000F7F2B596
[2017.10.18-15.28.57:640][839]LogOutputDevice:Error: UE4Editor-UnrealEd.dll!0x000000000AE87F66
[2017.10.18-15.28.57:640][839]LogOutputDevice:Error: UE4Editor-UnrealEd.dll!0x000000000AFC7C47
[2017.10.18-15.28.57:640][839]LogOutputDevice:Error: UE4Editor-UnrealEd.dll!0x000000000AFC5979
[2017.10.18-15.28.57:640][839]LogOutputDevice:Error: UE4Editor-UnrealEd.dll!0x000000000B7D2196
[2017.10.18-15.28.57:640][839]LogOutputDevice:Error: UE4Editor.exe!0x000000002C9ADEE3
[2017.10.18-15.28.57:640][839]LogOutputDevice:Error: UE4Editor.exe!0x000000002C99EB40
[2017.10.18-15.28.57:640][839]LogOutputDevice:Error: UE4Editor.exe!0x000000002C99EBBA
[2017.10.18-15.28.57:640][839]LogOutputDevice:Error: UE4Editor.exe!0x000000002C9B0A29
[2017.10.18-15.28.57:640][839]LogOutputDevice:Error: UE4Editor.exe!0x000000002C9B22B6
[2017.10.18-15.28.57:640][839]LogOutputDevice:Error: KERNEL32.DLL!0x0000000042FF2774
[2017.10.18-15.28.57:640][839]LogOutputDevice:Error: ntdll.dll!0x0000000044790D51
[2017.10.18-15.28.57:640][839]LogOutputDevice:Error: 
[2017.10.18-15.28.57:647][839]LogStats:                SubmitErrorReport -  0.000 s
