Log file open, 07/12/17 14:38:06
LogInit:Display: Running engine for game: TimeKill
LogPlatformFile: Not using cached read wrapper
LogInit:Display: RandInit(-1546584725) SRandInit(-1546584725).
LogTaskGraph: Started task graph with 5 named threads and 8 total threads with 1 sets of task threads.
LogStats: Stats thread started at 0.071744
LogInit: Using libcurl 7.47.1
LogInit:  - built for x86_64-pc-win32
LogInit:  - supports SSL with OpenSSL/1.0.2g
LogInit:  - supports HTTP deflate (compression) using libz 1.2.8
LogInit:  - other features:
LogInit:      CURL_VERSION_SSL
LogInit:      CURL_VERSION_LIBZ
LogInit:      CURL_VERSION_IPV6
LogInit:      CURL_VERSION_ASYNCHDNS
LogInit:      CURL_VERSION_LARGEFILE
LogInit:      CURL_VERSION_IDN
LogInit:  CurlRequestOptions (configurable via config and command line):
LogInit:  - bVerifyPeer = false  - Libcurl will NOT verify peer certificate
LogInit:  - bUseHttpProxy = false  - Libcurl will NOT use HTTP proxy
LogInit:  - bDontReuseConnections = false  - Libcurl will reuse connections
LogInit:  - CertBundlePath = nullptr  - Libcurl will use whatever was configured at build time.
LogInit: Build: ++UE4+Release-4.15-CL-3450819
LogInit: Engine Version: 4.15.3-3450819+++UE4+Release-4.15
LogInit: Compatible Engine Version: 4.15.0-3299760+++UE4+Release-4.15
LogInit: Net CL: 3299760
LogDevObjectVersion: Number of dev versions registered: 14
LogDevObjectVersion:   Dev-Blueprints (B0D832E4-1F89-4F0D-ACCF-7EB736FD4AA2): 8
LogDevObjectVersion:   Dev-Build (E1C64328-A22C-4D53-A36C-8E866417BD8C): 0
LogDevObjectVersion:   Dev-Core (375EC13C-06E4-48FB-B500-84F0262A717E): 2
LogDevObjectVersion:   Dev-Editor (E4B068ED-F494-42E9-A231-DA0B2E46BB41): 14
LogDevObjectVersion:   Dev-Framework (CFFC743F-43B0-4480-9391-14DF171D2073): 22
LogDevObjectVersion:   Dev-Mobile (B02B49B5-BB20-44E9-A304-32B752E40360): 0
LogDevObjectVersion:   Dev-Networking (A4E4105C-59A1-49B5-A7C5-40C4547EDFEE): 0
LogDevObjectVersion:   Dev-Online (39C831C9-5AE6-47DC-9A44-9C173E1C8E7C): 0
LogDevObjectVersion:   Dev-Physics (78F01B33-EBEA-4F98-B9B4-84EACCB95AA2): 0
LogDevObjectVersion:   Dev-Platform (6631380F-2D4D-43E0-8009-CF276956A95A): 0
LogDevObjectVersion:   Dev-Rendering (12F88B9F-8875-4AFC-A67C-D90C383ABD29): 12
LogDevObjectVersion:   Dev-Sequencer (7B5AE74C-D270-4C10-A958-57980B212A5A): 3
LogDevObjectVersion:   Dev-VR (D7296918-1DD6-4BDD-9DE2-64A83CC13884): 0
LogDevObjectVersion:   Dev-LoadTimes (C2A15278-BFE7-4AFE-6C17-90FF531DF755): 1
LogInit: Compiled (64-bit): May 21 2017 11:02:34
LogInit: Compiled with Visual C++: 19.00.23026.00
LogInit: Build Configuration: Development
LogInit: Branch Name: ++UE4+Release-4.15
LogInit: Command line:  
LogInit: Base directory: D:/Program Files/Epic Games/UE_4.15/Engine/Binaries/Win64/
LogInit: Installed Engine Build: 1
LogInit: Presizing for max 8388607 objects, including 0 objects not considered by GC, pre-allocating 0 bytes for permanent pool.
LogInit: Object subsystem initialized
[2017.07.12-11.38.07:473][  0]LogInit: Selected Device Profile: [Windows]
[2017.07.12-11.38.07:474][  0]LogInit: Applying CVar settings loaded from the selected device profile: [Windows]
[2017.07.12-11.38.07:570][  0]LogInit: Computer: DESKTOP-S9EOI2C
[2017.07.12-11.38.07:570][  0]LogInit: User: IzPOD
[2017.07.12-11.38.07:570][  0]LogInit: CPU Page size=65536, Cores=4
[2017.07.12-11.38.07:570][  0]LogInit: High frequency timer resolution =3.312786 MHz
[2017.07.12-11.38.07:571][  0]LogMemory: Memory total: Physical=7.9GB (8GB approx)
[2017.07.12-11.38.07:571][  0]LogMemory: Platform Memory Stats for Windows
[2017.07.12-11.38.07:571][  0]LogMemory: Process Physical Memory: 262.14 MB used, 262.14 MB peak
[2017.07.12-11.38.07:571][  0]LogMemory: Process Virtual Memory: 262.16 MB used, 262.16 MB peak
[2017.07.12-11.38.07:571][  0]LogMemory: Physical Memory: 4888.42 MB used,  3236.38 MB free, 8124.80 MB total
[2017.07.12-11.38.07:571][  0]LogMemory: Virtual Memory: 644.05 MB used,  3236.38 MB free, 134217728.00 MB total
[2017.07.12-11.38.08:174][  0]LogTextLocalizationManager: No translations for ('ru-RU') exist, falling back to 'en' for localization and internationalization data.
[2017.07.12-11.38.11:334][  0]LogD3D11RHI: D3D11 adapters:
[2017.07.12-11.38.11:383][  0]LogD3D11RHI:    0. 'NVIDIA GeForce GTX 670' (Feature Level 11_0)
[2017.07.12-11.38.11:383][  0]LogD3D11RHI:       2017/0/4062 MB DedicatedVideo/DedicatedSystem/SharedSystem, Outputs:1, VendorId:0x10de
[2017.07.12-11.38.11:384][  0]LogD3D11RHI:    1. 'Microsoft Basic Render Driver' (Feature Level 11_0)
[2017.07.12-11.38.11:384][  0]LogD3D11RHI:       0/0/4062 MB DedicatedVideo/DedicatedSystem/SharedSystem, Outputs:0, VendorId:0x1414
[2017.07.12-11.38.11:384][  0]LogD3D11RHI: Chosen D3D11 Adapter: 0
[2017.07.12-11.38.11:388][  0]LogD3D11RHI: Creating new Direct3DDevice
[2017.07.12-11.38.11:388][  0]LogD3D11RHI:     GPU DeviceId: 0x1189 (for the marketing name, search the web for "GPU Device Id")
[2017.07.12-11.38.11:388][  0]LogWindows: EnumDisplayDevices:
[2017.07.12-11.38.11:389][  0]LogWindows:    0. 'NVIDIA GeForce GTX 670' (P:1 D:1)
[2017.07.12-11.38.11:389][  0]LogWindows:    1. 'NVIDIA GeForce GTX 670' (P:0 D:0)
[2017.07.12-11.38.11:389][  0]LogWindows:    2. 'NVIDIA GeForce GTX 670' (P:0 D:0)
[2017.07.12-11.38.11:389][  0]LogWindows:    3. 'NVIDIA GeForce GTX 670' (P:0 D:0)
[2017.07.12-11.38.11:389][  0]LogWindows: DebugString: FoundDriverCount:4 
[2017.07.12-11.38.11:389][  0]LogD3D11RHI:     Adapter Name: NVIDIA GeForce GTX 670
[2017.07.12-11.38.11:389][  0]LogD3D11RHI:   Driver Version: 382.05 (internal:22.21.13.8205, unified:382.05)
[2017.07.12-11.38.11:389][  0]LogD3D11RHI:      Driver Date: 5-1-2017
[2017.07.12-11.38.11:389][  0]LogRHI: Texture pool is 1361 MB (70% of 1945 MB)
[2017.07.12-11.38.11:418][  0]LogD3D11RHI:Warning: Timestamp queries are currently disabled on this hardware due to instability. Realtime GPU stats will not be available. You can override this behaviour by setting r.NVIDIATimestampWorkaround to 0
[2017.07.12-11.38.11:419][  0]LogD3D11RHI: Async texture creation enabled
[2017.07.12-11.38.11:430][  0]LogD3D11RHI: GPU Timing Frequency: 1000.000000 (Debug: 2 1)
[2017.07.12-11.38.11:431][  0]LogShaderCompilers: Guid format shader working directory is -7 characters bigger than the processId version (../../../../../../P - programist/UE4/Timekill/TimeKill/Intermediate/Shaders/WorkingDirectory/924/).
[2017.07.12-11.38.11:431][  0]LogShaderCompilers: Cleaned the shader compiler working directory 'C:/Users/IzPOD/AppData/Local/Temp/UnrealShaderWorkingDir/625C147347139981941EA38D3CE55028/'.
[2017.07.12-11.38.11:431][  0]LogShaderCompilers:Display: Using Local Shader Compiler.
[2017.07.12-11.38.14:775][  0]LogTemp:Display: Loaded TP AllDesktopTargetPlatform
[2017.07.12-11.38.14:828][  0]LogTemp:Display: Loaded TP MacClientTargetPlatform
[2017.07.12-11.38.14:883][  0]LogTemp:Display: Loaded TP MacNoEditorTargetPlatform
[2017.07.12-11.38.14:936][  0]LogTemp:Display: Loaded TP MacServerTargetPlatform
[2017.07.12-11.38.15:007][  0]LogTemp:Display: Loaded TP MacTargetPlatform
[2017.07.12-11.38.15:060][  0]LogTemp:Display: Loaded TP WindowsClientTargetPlatform
[2017.07.12-11.38.15:113][  0]LogTemp:Display: Loaded TP WindowsNoEditorTargetPlatform
[2017.07.12-11.38.15:166][  0]LogTemp:Display: Loaded TP WindowsServerTargetPlatform
[2017.07.12-11.38.15:206][  0]LogTemp:Display: Loaded TP WindowsTargetPlatform
[2017.07.12-11.38.15:265][  0]LogTemp:Display: Loaded TP AndroidTargetPlatform
[2017.07.12-11.38.15:318][  0]LogTemp:Display: Loaded TP Android_ASTCTargetPlatform
[2017.07.12-11.38.15:371][  0]LogTemp:Display: Loaded TP Android_ATCTargetPlatform
[2017.07.12-11.38.15:422][  0]LogTemp:Display: Loaded TP Android_DXTTargetPlatform
[2017.07.12-11.38.15:472][  0]LogTemp:Display: Loaded TP Android_ETC1TargetPlatform
[2017.07.12-11.38.15:524][  0]LogTemp:Display: Loaded TP Android_ETC2TargetPlatform
[2017.07.12-11.38.15:626][  0]LogTemp:Display: Loaded TP Android_MultiTargetPlatform
[2017.07.12-11.38.15:626][  0]LogTemp:Display: Loaded TP Android_PVRTCTargetPlatform
[2017.07.12-11.38.15:659][  0]LogTemp:Display: Loaded TP HTML5TargetPlatform
[2017.07.12-11.38.15:805][  0]LogTemp:Display: Loaded TP IOSTargetPlatform
[2017.07.12-11.38.15:841][  0]LogTemp:Display: Loaded TP TVOSTargetPlatform
[2017.07.12-11.38.15:893][  0]LogTemp:Display: Loaded TP LinuxClientTargetPlatform
[2017.07.12-11.38.15:944][  0]LogTemp:Display: Loaded TP LinuxNoEditorTargetPlatform
[2017.07.12-11.38.15:994][  0]LogTemp:Display: Loaded TP LinuxServerTargetPlatform
[2017.07.12-11.38.16:075][  0]LogTemp:Display: Loaded TP LinuxTargetPlatform
[2017.07.12-11.38.16:075][  0]LogTargetPlatformManager:Display: Building Assets For Windows
[2017.07.12-11.38.16:897][  0]LogDerivedDataCache:Display: Max Cache Size: 512 MB
[2017.07.12-11.38.16:948][  0]LogDerivedDataCache: Loaded boot cache 0.05s 50MB C:/Users/IzPOD/AppData/Local/UnrealEngine/4.15/DerivedDataCache/Boot.ddc.
[2017.07.12-11.38.16:948][  0]LogDerivedDataCache:Display: Loaded Boot cache: C:/Users/IzPOD/AppData/Local/UnrealEngine/4.15/DerivedDataCache/Boot.ddc
[2017.07.12-11.38.16:948][  0]LogDerivedDataCache: FDerivedDataBackendGraph:  Pak pak cache file ../../../../../../P - programist/UE4/Timekill/TimeKill/DerivedDataCache/DDC.ddp not found, will not use a pak cache.
[2017.07.12-11.38.16:948][  0]LogDerivedDataCache: Unable to find inner node Pak for hierarchical cache Hierarchy.
[2017.07.12-11.38.16:948][  0]LogDerivedDataCache: FDerivedDataBackendGraph:  CompressedPak pak cache file ../../../../../../P - programist/UE4/Timekill/TimeKill/DerivedDataCache/Compressed.ddp not found, will not use a pak cache.
[2017.07.12-11.38.16:948][  0]LogDerivedDataCache: Unable to find inner node CompressedPak for hierarchical cache Hierarchy.
[2017.07.12-11.38.16:987][  0]LogDerivedDataCache:Display: Pak cache opened for reading ../../../Engine/DerivedDataCache/Compressed.ddp.
[2017.07.12-11.38.16:998][  0]LogDerivedDataCache: Using Local data cache path C:/Users/IzPOD/AppData/Local/UnrealEngine/Common/DerivedDataCache: Writable
[2017.07.12-11.38.17:008][  0]LogSlate: Using Freetype 2.6.0
[2017.07.12-11.38.17:033][  0]LogSlate: SlateFontCache - WITH_FREETYPE: 1, WITH_HARFBUZZ: 1
[2017.07.12-11.38.17:033][  0]LogSlate: SlateFontCache - WITH_FREETYPE: 1, WITH_HARFBUZZ: 1
[2017.07.12-11.38.20:946][  0]LogInit: Selected Device Profile: [Windows]
[2017.07.12-11.38.20:949][  0]LogContentStreaming: Texture pool size is 0.00 MB
[2017.07.12-11.38.21:210][  0]LogMeshUtilities: Using QuadricMeshReduction for automatic static mesh reduction
[2017.07.12-11.38.21:284][  0]LogSimplygon: Simplygon DLL not present - disabling.
[2017.07.12-11.38.21:346][  0]LogMeshUtilities: Using SimplygonSwarm for distributed automatic mesh merging
[2017.07.12-11.38.21:346][  0]LogMeshUtilities: No automatic skeletal mesh reduction module available
[2017.07.12-11.38.21:346][  0]LogMeshUtilities: No automatic mesh merging module available
[2017.07.12-11.38.22:039][  0]LogNetVersion: GetLocalNetworkVersion: CL: 3299760, ProjectName: timekill, ProjectVersion: , EngineNetworkVersion: 2, GameNetworkVersion: 0, NetworkChecksum: 844999791
[2017.07.12-11.38.22:098][  0]LogAssetRegistry: FAssetRegistry took 0.0224 seconds to start up
[2017.07.12-11.38.22:133][  0]LogPackageLocalizationCache: Processed 3 localized package path(s) for 1 prioritized culture(s) in 0.015039 seconds
[2017.07.12-11.38.22:140][  0]LogUObjectArray: 32493 objects as part of root set at end of initial load.
[2017.07.12-11.38.22:140][  0]LogUObjectAllocator: 7077024 out of 0 bytes used by permanent object pool.
[2017.07.12-11.38.22:140][  0]LogUObjectArray: CloseDisregardForGC: 0/0 objects in disregard for GC pool
[2017.07.12-11.38.22:196][  0]LogInit: WinSock: version 1.1 (2.2), MaxSocks=32767, MaxUdp=65467
[2017.07.12-11.38.28:240][  0]LogTcpMessaging: Initializing TcpMessaging bridge
[2017.07.12-11.38.28:290][  0]LogUdpMessaging: Initializing bridge on interface 0.0.0.0:0 to multicast group 230.0.0.1:6666.
[2017.07.12-11.38.28:786][  0]LogMaterial: Uniform references updated for custom material expression Custom.
[2017.07.12-11.38.29:166][  0]SourceControl: Info Source control is disabled
[2017.07.12-11.38.29:166][  0]SourceControl: Info Source control is disabled
[2017.07.12-11.38.29:208][  0]SourceControl: Info Source control is disabled
[2017.07.12-11.38.29:250][  0]SourceControl: Info Source control is disabled
[2017.07.12-11.38.29:519][  0]LogLinker:Warning: Can't find file '/Game/PuzzleBP/Tutorial/Part1-Overview'
[2017.07.12-11.38.29:519][  0]LogLinker:Warning: Can't find file '/Game/PuzzleBP/Tutorial/Part1-Overview'
[2017.07.12-11.38.29:519][  0]LogUObjectGlobals:Warning: Failed to find object 'Class /Game/PuzzleBP/Tutorial/Part1-Overview.Part1-Overview_C'
[2017.07.12-11.38.29:519][  0]LogLinker:Warning: Can't find file '/Game/PuzzleBP/Tutorial/Part2-BlockBlueprint'
[2017.07.12-11.38.29:519][  0]LogLinker:Warning: Can't find file '/Game/PuzzleBP/Tutorial/Part2-BlockBlueprint'
[2017.07.12-11.38.29:519][  0]LogUObjectGlobals:Warning: Failed to find object 'Class /Game/PuzzleBP/Tutorial/Part2-BlockBlueprint.Part2-BlockBlueprint_C'
[2017.07.12-11.38.30:346][  0]LogEngine: Initializing Engine...
[2017.07.12-11.38.30:346][  0]LogHMD: Failed to initialize OpenVR with code 110
[2017.07.12-11.38.30:468][  0]LogStats: UGameplayTagsManager::ConstructGameplayTagTree: Construct from data asset -  0.000 s
[2017.07.12-11.38.30:468][  0]LogStats: UGameplayTagsManager::ConstructGameplayTagTree: GameplayTagTreeChangedEvent.Broadcast -  0.000 s
[2017.07.12-11.38.30:572][  0]LogAIModule: Creating AISystem for world Untitled
[2017.07.12-11.38.30:583][  0]LogInit: XAudio2 using 'Динамики (Logitech G430 Gaming Headset)' : 8 channels at 48 kHz using 16 bits per sample (channel mask 0x63f)
[2017.07.12-11.38.30:599][  0]LogInit: FAudioDevice initialized.
[2017.07.12-11.38.30:626][  0]LogDerivedDataCache: Saved boot cache 0.03s 50MB C:/Users/IzPOD/AppData/Local/UnrealEngine/4.15/DerivedDataCache/Boot.ddc.
[2017.07.12-11.38.30:642][  0]LogInit: Texture streaming: Enabled
[2017.07.12-11.38.30:725][  0]LogEngineSessionManager: EngineSessionManager initialized
[2017.07.12-11.38.30:809][  0]LogInit: Transaction tracking system initialized
[2017.07.12-11.38.31:110][  0]BlueprintLog: New page: Editor Load
[2017.07.12-11.38.31:952][  0]LocalizationService: Info Localization service is disabled
[2017.07.12-11.38.32:586][  0]LogConsoleResponse:Display: 
[2017.07.12-11.38.32:713][  0]LogCook:Display: Max memory allowance for cook 16384mb min free memory 0mb
[2017.07.12-11.38.32:713][  0]LogCook:Display: Mobile HDR setting 0
[2017.07.12-11.38.33:580][  0]LogFileCache: Scanning file cache for directory 'D:/P - programist/UE4/Timekill/TimeKill/Content/' took 0.01s
[2017.07.12-11.38.33:619][  0]SourceControl: Info Source control is disabled
[2017.07.12-11.38.33:619][  0]Cmd: MAP LOAD FILE="../../../Engine/Content/Maps/Templates/Template_Default.umap" TEMPLATE=1 SHOWPROGRESS=1 FEATURELEVEL=3
[2017.07.12-11.38.33:619][  0]LightingResults: New page: Lighting Build
[2017.07.12-11.38.33:655][  0]MapCheck: New page: Map Check
[2017.07.12-11.38.33:655][  0]LightingResults: New page: Lighting Build
[2017.07.12-11.38.33:911][  0]LogAIModule: Creating AISystem for world Untitled_1
[2017.07.12-11.38.33:931][  0]LogActorComponent: RegisterComponentWithWorld: (/Temp/Untitled_1.Untitled_1:PersistentLevel.WorldSettings_1.StaticMeshComponent0) Trying to register component with IsPendingKill() == true. Aborting.
[2017.07.12-11.38.33:935][  0]LogEditorServer: Finished looking for orphan Actors (0.000 secs)
[2017.07.12-11.38.33:939][  0]Cmd: MAP CHECKDEP NOCLEARLOG
[2017.07.12-11.38.33:974][  0]MapCheck: Info Map check complete: 0 Error(s), 0 Warning(s), took 34.811ms to complete.
[2017.07.12-11.38.33:974][  0]LogFileHelpers: Loading map 'Template_Default' took 0.355
[2017.07.12-11.38.34:277][  0]LogCollectionManager: Loaded 0 collections in 0.000863 seconds
[2017.07.12-11.38.34:355][  0]LogFileCache: Scanning file cache for directory 'D:/P - programist/UE4/Timekill/TimeKill/Saved/Collections/' took 0.01s
[2017.07.12-11.38.34:355][  0]LogFileCache: Scanning file cache for directory 'D:/P - programist/UE4/Timekill/TimeKill/Content/Developers/IzPOD/Collections/' took 0.01s
[2017.07.12-11.38.34:355][  0]LogFileCache: Scanning file cache for directory 'D:/P - programist/UE4/Timekill/TimeKill/Content/Collections/' took 0.01s
[2017.07.12-11.38.34:355][  0]LogCollectionManager: Rebuilt the GUID cache for 0 collections in 0.000002 seconds
[2017.07.12-11.38.34:365][  0]LogContentBrowser: Native class hierarchy populated in 0.0099 seconds. Added 2246 classes and 455 folders.
[2017.07.12-11.38.34:422][  0]LogContentBrowser: Native class hierarchy updated for 'WidgetCarousel' in 0.0005 seconds. Added 0 classes and 0 folders.
[2017.07.12-11.38.34:459][  0]LogContentBrowser: Native class hierarchy updated for 'AddContentDialog' in 0.0005 seconds. Added 0 classes and 0 folders.
[2017.07.12-11.38.34:481][  0]LogCrashTracker: Crashtracker disabled due to settings.
[2017.07.12-11.38.34:487][  0]LogUObjectGlobals:Warning: Failed to find object 'Class None.'
[2017.07.12-11.38.34:546][  0]LogContentBrowser: Native class hierarchy updated for 'HierarchicalLODOutliner' in 0.0006 seconds. Added 1 classes and 2 folders.
[2017.07.12-11.38.34:546][  0]LogLoad: (Engine Initialization) Total time: 31.94 seconds
[2017.07.12-11.38.34:546][  0]LogLoad: (Engine Initialization) Total Blueprint compile time: 0.17 seconds
[2017.07.12-11.38.34:546][  0]LogExternalProfiler: No external profilers were discovered.  External profiling features will not be available.
[2017.07.12-11.38.34:885][  0]LogOcInput: OculusInput pre-init called
[2017.07.12-11.38.34:908][  0]LogContentStreaming: Texture pool size now 1000 MB
[2017.07.12-11.38.34:909][  0]LogSlate: Took 0.000213 seconds to synchronously load lazily loaded font '../../../Engine/Content/Slate/Fonts/Roboto-Regular.ttf' (155K)
[2017.07.12-11.38.34:914][  0]LogSlate: Took 0.000235 seconds to synchronously load lazily loaded font '../../../Engine/Content/Slate/Fonts/Roboto-Bold.ttf' (160K)
[2017.07.12-11.38.34:918][  0]LogSlate: Took 0.000229 seconds to synchronously load lazily loaded font '../../../Engine/Content/Editor/Slate/Fonts/FontAwesome.ttf' (139K)
[2017.07.12-11.38.35:056][  0]LogRenderer: Reallocating scene render targets to support 1068x924 NumSamples 1 (Frame:2).
[2017.07.12-11.38.35:228][  1]LogAssetRegistry: Asset discovery search completed in 13.1529 seconds
[2017.07.12-11.38.35:228][  1]LogCollectionManager: Rebuilt the object cache for 0 collections in 0.000007 seconds (found 0 objects)
[2017.07.12-11.38.35:228][  1]LogCollectionManager: Fixed up redirectors for 0 collections in 0.000023 seconds (updated 0 objects)
[2017.07.12-11.38.35:888][  3]LogSlate: Took 0.000232 seconds to synchronously load lazily loaded font '../../../Engine/Content/Slate/Fonts/Roboto-Light.ttf' (159K)
[2017.07.12-11.38.39:226][ 13]LogSlate: Took 0.000234 seconds to synchronously load lazily loaded font '../../../Engine/Content/Slate/Fonts/Roboto-Light.ttf' (159K)
[2017.07.12-11.39.17:242][381]LogSlate: Took 0.000158 seconds to synchronously load lazily loaded font '../../../Engine/Content/Slate/Fonts/Roboto-Light.ttf' (159K)
[2017.07.12-11.39.17:551][381]LogAIModule: Creating AISystem for world GameLavel
[2017.07.12-11.39.17:572][381]Cmd: MAP LOAD FILE="../../../../../../P - programist/UE4/Timekill/TimeKill/Content/GameLavel.umap" TEMPLATE=0 SHOWPROGRESS=1 FEATURELEVEL=3
[2017.07.12-11.39.17:572][381]LightingResults: New page: Lighting Build
[2017.07.12-11.39.17:574][381]LoadErrors: New page: Loading map: GameLavel.umap
[2017.07.12-11.39.17:574][381]MapCheck: New page: Map Check
[2017.07.12-11.39.17:574][381]LightingResults: New page: Lighting Build
[2017.07.12-11.39.17:646][381]LogEditorServer: Finished looking for orphan Actors (0.000 secs)
[2017.07.12-11.39.17:679][381]Cmd: MAP CHECKDEP NOCLEARLOG
[2017.07.12-11.39.17:721][381]MapCheck: Info Map check complete: 0 Error(s), 0 Warning(s), took 42.161ms to complete.
[2017.07.12-11.39.17:721][381]LogFileHelpers: Loading map 'GameLavel' took 0.149
[2017.07.12-11.39.18:280][444]LogTemp: Repeting last play command: New Editor Window (PIE)
[2017.07.12-11.39.18:297][444]LogBlueprintUserMessages: Early PlayInEditor Detection: Level '/Game/GameLavel.GameLavel:PersistentLevel' has LevelScriptBlueprint '/Game/GameLavel.GameLavel:PersistentLevel.GameLavel' with GeneratedClass '/Game/GameLavel.GameLavel_C' with ClassGeneratedBy '/Game/GameLavel.GameLavel:PersistentLevel.GameLavel'
[2017.07.12-11.39.18:297][444]LogPlayLevel: PlayLevel: No blueprints needed recompiling
[2017.07.12-11.39.18:298][444]PIE: New page: PIE session: GameLavel (Jul 12, 2017, 5:39:18 PM)
[2017.07.12-11.39.18:298][444]LogPlayLevel: Creating play world package: /Game/UEDPIE_0_GameLavel
[2017.07.12-11.39.18:300][444]LogPlayLevel: PIE: StaticDuplicateObject took: (0.002554s)
[2017.07.12-11.39.18:301][444]LogAIModule: Creating AISystem for world GameLavel
[2017.07.12-11.39.18:301][444]LogPlayLevel: PIE: World Init took: (0.001068s)
[2017.07.12-11.39.18:302][444]LogPlayLevel: PIE: Created PIE world by copying editor world from /Game/GameLavel.GameLavel to /Game/UEDPIE_0_GameLavel.GameLavel (0.003844s)
[2017.07.12-11.39.18:316][444]LogInit: XAudio2 using 'Динамики (Logitech G430 Gaming Headset)' : 8 channels at 48 kHz using 16 bits per sample (channel mask 0x63f)
[2017.07.12-11.39.18:328][444]LogInit: FAudioDevice initialized.
[2017.07.12-11.39.18:399][444]LogLoad: Game class is 'Mouse_GameMode_C'
[2017.07.12-11.39.18:401][444]LogWorld: Bringing World /Game/UEDPIE_0_GameLavel.GameLavel up for play (max tick rate 0) at 2017.07.12-14.39.18
[2017.07.12-11.39.18:402][444]LogWorld: Bringing up level for play took: 0.001730
[2017.07.12-11.39.18:436][444]LogContentBrowser: Native class hierarchy updated for 'MovieSceneCapture' in 0.0005 seconds. Added 11 classes and 0 folders.
[2017.07.12-11.39.18:440][444]PIE: Info Play in editor start time for /Game/UEDPIE_0_GameLavel 0.157
[2017.07.12-11.39.18:441][444]LogBlueprintUserMessages: Late PlayInEditor Detection: Level '/Game/GameLavel.GameLavel:PersistentLevel' has LevelScriptBlueprint '/Game/GameLavel.GameLavel:PersistentLevel.GameLavel' with GeneratedClass '/Game/GameLavel.GameLavel_C' with ClassGeneratedBy '/Game/GameLavel.GameLavel:PersistentLevel.GameLavel'
[2017.07.12-11.39.18:479][444]LogRenderer: Reallocating scene render targets to support 1068x996 NumSamples 1 (Frame:305).
[2017.07.12-11.39.19:273][536]LogScript:Warning: Accessed None trying to read property CallFunc_Array_Get_Item9
	Player1_C /Game/UEDPIE_0_GameLavel.GameLavel:PersistentLevel.Player1_97
	Function /Game/Blueprints/Player1.Player1_C:Levo_spawn_bullets:031C
[2017.07.12-11.39.19:273][536]PIE:Error: Error Blueprint Runtime Error: Accessed None trying to read property CallFunc_Array_Get_Item9 from function: 'Levo_spawn_bullets' from node: SetActorLocation in graph: Levo_spawn_bullets in object: Player1 with description: Accessed None trying to read property CallFunc_Array_Get_Item9
[2017.07.12-11.39.20:274][656]LogScript:Warning: Accessed None trying to read property CallFunc_Array_Get_Item9
	Player1_C /Game/UEDPIE_0_GameLavel.GameLavel:PersistentLevel.Player1_97
	Function /Game/Blueprints/Player1.Player1_C:Levo_spawn_bullets:04D6
[2017.07.12-11.39.20:274][656]PIE:Error: Error Blueprint Runtime Error: Accessed None trying to read property CallFunc_Array_Get_Item9 from function: 'Levo_spawn_bullets' from node: SetActorLocation in graph: Levo_spawn_bullets in object: Player1 with description: Accessed None trying to read property CallFunc_Array_Get_Item9
[2017.07.12-11.39.21:275][776]LogScript:Warning: Accessed None trying to read property CallFunc_Array_Get_Item9
	Player1_C /Game/UEDPIE_0_GameLavel.GameLavel:PersistentLevel.Player1_97
	Function /Game/Blueprints/Player1.Player1_C:Levo_spawn_bullets:070B
[2017.07.12-11.39.21:275][776]PIE:Error: Error Blueprint Runtime Error: Accessed None trying to read property CallFunc_Array_Get_Item9 from function: 'Levo_spawn_bullets' from node: SetActorLocation in graph: Levo_spawn_bullets in object: Player1 with description: Accessed None trying to read property CallFunc_Array_Get_Item9
[2017.07.12-11.39.21:275][776]LogScript:Warning: Accessed None trying to read property CallFunc_Array_Get_Item8
	Player1_C /Game/UEDPIE_0_GameLavel.GameLavel:PersistentLevel.Player1_97
	Function /Game/Blueprints/Player1.Player1_C:Levo_spawn_bullets:0786
[2017.07.12-11.39.21:275][776]PIE:Error: Error Blueprint Runtime Error: Accessed None trying to read property CallFunc_Array_Get_Item8 from function: 'Levo_spawn_bullets' from node: SetActorLocation in graph: Levo_spawn_bullets in object: Player1 with description: Accessed None trying to read property CallFunc_Array_Get_Item8
[2017.07.12-11.39.24:281][135]LogScript:Warning: Accessed None trying to read property CallFunc_Array_Get_Item5
	Player1_C /Game/UEDPIE_0_GameLavel.GameLavel:PersistentLevel.Player1_97
	Function /Game/Blueprints/Player1.Player1_C:Levo_spawn_bullets:0CB7
[2017.07.12-11.39.24:281][135]PIE:Error: Error Blueprint Runtime Error: Accessed None trying to read property CallFunc_Array_Get_Item5 from function: 'Levo_spawn_bullets' from node: SetActorLocation in graph: Levo_spawn_bullets in object: Player1 with description: Accessed None trying to read property CallFunc_Array_Get_Item5
[2017.07.12-11.39.24:927][210]LogBlueprintUserMessages: Early EndPlayMap Detection: Level '/Game/GameLavel.GameLavel:PersistentLevel' has LevelScriptBlueprint '/Game/GameLavel.GameLavel:PersistentLevel.GameLavel' with GeneratedClass '/Game/GameLavel.GameLavel_C' with ClassGeneratedBy '/Game/GameLavel.GameLavel:PersistentLevel.GameLavel'
[2017.07.12-11.39.24:957][210]LogBlueprintUserMessages: Late EndPlayMap Detection: Level '/Game/GameLavel.GameLavel:PersistentLevel' has LevelScriptBlueprint '/Game/GameLavel.GameLavel:PersistentLevel.GameLavel' with GeneratedClass '/Game/GameLavel.GameLavel_C' with ClassGeneratedBy '/Game/GameLavel.GameLavel:PersistentLevel.GameLavel'
[2017.07.12-11.39.25:645][275]LogTemp: Repeting last play command: New Editor Window (PIE)
[2017.07.12-11.39.25:662][275]LogBlueprintUserMessages: Early PlayInEditor Detection: Level '/Game/GameLavel.GameLavel:PersistentLevel' has LevelScriptBlueprint '/Game/GameLavel.GameLavel:PersistentLevel.GameLavel' with GeneratedClass '/Game/GameLavel.GameLavel_C' with ClassGeneratedBy '/Game/GameLavel.GameLavel:PersistentLevel.GameLavel'
[2017.07.12-11.39.25:662][275]LogPlayLevel: PlayLevel: No blueprints needed recompiling
[2017.07.12-11.39.25:662][275]PIE: New page: PIE session: GameLavel (Jul 12, 2017, 5:39:25 PM)
[2017.07.12-11.39.25:662][275]LogPlayLevel: Creating play world package: /Game/UEDPIE_0_GameLavel
[2017.07.12-11.39.25:665][275]LogPlayLevel: PIE: StaticDuplicateObject took: (0.002697s)
[2017.07.12-11.39.25:666][275]LogAIModule: Creating AISystem for world GameLavel
[2017.07.12-11.39.25:666][275]LogPlayLevel: PIE: World Init took: (0.001008s)
[2017.07.12-11.39.25:666][275]LogPlayLevel: PIE: Created PIE world by copying editor world from /Game/GameLavel.GameLavel to /Game/UEDPIE_0_GameLavel.GameLavel (0.003910s)
[2017.07.12-11.39.25:681][275]LogInit: XAudio2 using 'Динамики (Logitech G430 Gaming Headset)' : 8 channels at 48 kHz using 16 bits per sample (channel mask 0x63f)
[2017.07.12-11.39.25:694][275]LogInit: FAudioDevice initialized.
[2017.07.12-11.39.25:742][275]LogLoad: Game class is 'Mouse_GameMode_C'
[2017.07.12-11.39.25:744][275]LogWorld: Bringing World /Game/UEDPIE_0_GameLavel.GameLavel up for play (max tick rate 0) at 2017.07.12-14.39.25
[2017.07.12-11.39.25:745][275]LogWorld: Bringing up level for play took: 0.001350
[2017.07.12-11.39.25:749][275]PIE: Info Play in editor start time for /Game/UEDPIE_0_GameLavel -0.533
[2017.07.12-11.39.25:750][275]LogBlueprintUserMessages: Late PlayInEditor Detection: Level '/Game/GameLavel.GameLavel:PersistentLevel' has LevelScriptBlueprint '/Game/GameLavel.GameLavel:PersistentLevel.GameLavel' with GeneratedClass '/Game/GameLavel.GameLavel_C' with ClassGeneratedBy '/Game/GameLavel.GameLavel:PersistentLevel.GameLavel'
[2017.07.12-11.39.26:644][376]LogScript:Warning: Accessed None trying to read property CallFunc_Array_Get_Item9
	Player1_C /Game/UEDPIE_0_GameLavel.GameLavel:PersistentLevel.Player1_97
	Function /Game/Blueprints/Player1.Player1_C:Levo_spawn_bullets:031C
[2017.07.12-11.39.26:644][376]PIE:Error: Error Blueprint Runtime Error: Accessed None trying to read property CallFunc_Array_Get_Item9 from function: 'Levo_spawn_bullets' from node: SetActorLocation in graph: Levo_spawn_bullets in object: Player1 with description: Accessed None trying to read property CallFunc_Array_Get_Item9
[2017.07.12-11.39.27:644][496]LogScript:Warning: Accessed None trying to read property CallFunc_Array_Get_Item9
	Player1_C /Game/UEDPIE_0_GameLavel.GameLavel:PersistentLevel.Player1_97
	Function /Game/Blueprints/Player1.Player1_C:Levo_spawn_bullets:04D6
[2017.07.12-11.39.27:645][496]PIE:Error: Error Blueprint Runtime Error: Accessed None trying to read property CallFunc_Array_Get_Item9 from function: 'Levo_spawn_bullets' from node: SetActorLocation in graph: Levo_spawn_bullets in object: Player1 with description: Accessed None trying to read property CallFunc_Array_Get_Item9
[2017.07.12-11.39.28:239][565]LogBlueprintUserMessages: Early EndPlayMap Detection: Level '/Game/GameLavel.GameLavel:PersistentLevel' has LevelScriptBlueprint '/Game/GameLavel.GameLavel:PersistentLevel.GameLavel' with GeneratedClass '/Game/GameLavel.GameLavel_C' with ClassGeneratedBy '/Game/GameLavel.GameLavel:PersistentLevel.GameLavel'
[2017.07.12-11.39.28:270][565]LogBlueprintUserMessages: Late EndPlayMap Detection: Level '/Game/GameLavel.GameLavel:PersistentLevel' has LevelScriptBlueprint '/Game/GameLavel.GameLavel:PersistentLevel.GameLavel' with GeneratedClass '/Game/GameLavel.GameLavel_C' with ClassGeneratedBy '/Game/GameLavel.GameLavel:PersistentLevel.GameLavel'
[2017.07.12-11.39.43:758][241]LogEditorViewport: Clicking on Actor (LMB): PaperSpriteActor (Untitled-2_Sprite)
[2017.07.12-11.39.45:341][425]LogEditorViewport: Clicking on Actor (LMB): PaperSpriteActor (Untitled-2_Sprite)
[2017.07.12-11.39.46:034][506]LogEditorViewport: Clicking on Actor (LMB): BulletBlueprint_C (BulletBlueprint)
[2017.07.12-11.39.47:788][711]LogEditorViewport: Clicking on Actor (LMB): PaperSpriteActor (Untitled-2_Sprite)
[2017.07.12-11.39.49:652][929]LogEditorViewport: Clicking on Actor (LMB): BulletBlueprint_C (BulletBlueprint)
[2017.07.12-11.39.50:861][ 68]LogSlate: Took 0.000194 seconds to synchronously load lazily loaded font '../../../Engine/Content/Editor/Slate/Fonts/Roboto-Italic.ttf' (157K)
[2017.07.12-11.39.54:455][495]LogEditorViewport: Clicking on Actor (LMB): PaperSpriteActor (Untitled-2_Sprite)
[2017.07.12-11.39.58:640][988]LogTemp: Repeting last play command: New Editor Window (PIE)
[2017.07.12-11.39.58:657][988]LogBlueprintUserMessages: Early PlayInEditor Detection: Level '/Game/GameLavel.GameLavel:PersistentLevel' has LevelScriptBlueprint '/Game/GameLavel.GameLavel:PersistentLevel.GameLavel' with GeneratedClass '/Game/GameLavel.GameLavel_C' with ClassGeneratedBy '/Game/GameLavel.GameLavel:PersistentLevel.GameLavel'
[2017.07.12-11.39.58:657][988]LogPlayLevel: PlayLevel: No blueprints needed recompiling
[2017.07.12-11.39.58:657][988]PIE: New page: PIE session: GameLavel (Jul 12, 2017, 5:39:58 PM)
[2017.07.12-11.39.58:657][988]LogPlayLevel: Creating play world package: /Game/UEDPIE_0_GameLavel
[2017.07.12-11.39.58:660][988]LogPlayLevel: PIE: StaticDuplicateObject took: (0.002321s)
[2017.07.12-11.39.58:660][988]LogAIModule: Creating AISystem for world GameLavel
[2017.07.12-11.39.58:661][988]LogPlayLevel: PIE: World Init took: (0.000864s)
[2017.07.12-11.39.58:661][988]LogPlayLevel: PIE: Created PIE world by copying editor world from /Game/GameLavel.GameLavel to /Game/UEDPIE_0_GameLavel.GameLavel (0.003379s)
[2017.07.12-11.39.58:676][988]LogInit: XAudio2 using 'Динамики (Logitech G430 Gaming Headset)' : 8 channels at 48 kHz using 16 bits per sample (channel mask 0x63f)
[2017.07.12-11.39.58:688][988]LogInit: FAudioDevice initialized.
[2017.07.12-11.39.58:742][988]LogLoad: Game class is 'Mouse_GameMode_C'
[2017.07.12-11.39.58:744][988]LogWorld: Bringing World /Game/UEDPIE_0_GameLavel.GameLavel up for play (max tick rate 0) at 2017.07.12-14.39.58
[2017.07.12-11.39.58:745][988]LogWorld: Bringing up level for play took: 0.001449
[2017.07.12-11.39.58:750][988]PIE: Info Play in editor start time for /Game/UEDPIE_0_GameLavel 0.467
[2017.07.12-11.39.58:750][988]LogBlueprintUserMessages: Late PlayInEditor Detection: Level '/Game/GameLavel.GameLavel:PersistentLevel' has LevelScriptBlueprint '/Game/GameLavel.GameLavel:PersistentLevel.GameLavel' with GeneratedClass '/Game/GameLavel.GameLavel_C' with ClassGeneratedBy '/Game/GameLavel.GameLavel:PersistentLevel.GameLavel'
[2017.07.12-11.39.59:639][ 89]LogScript:Warning: Accessed None trying to read property 1Bull_center
	Player1_C /Game/UEDPIE_0_GameLavel.GameLavel:PersistentLevel.Player1_97
	Function /Game/Blueprints/Player1.Player1_C:Center_spawn_bullets:02C6
[2017.07.12-11.39.59:639][ 89]PIE:Error: Error Blueprint Runtime Error: Accessed None trying to read property 1Bull_center from function: 'Center_spawn_bullets' from node: SetActorLocation in graph: Center_spawn_bullets in object: Player1 with description: Accessed None trying to read property 1Bull_center
[2017.07.12-11.40.00:640][209]LogScript:Warning: Accessed None trying to read property CallFunc_Array_Get_Item9
	Player1_C /Game/UEDPIE_0_GameLavel.GameLavel:PersistentLevel.Player1_97
	Function /Game/Blueprints/Player1.Player1_C:Levo_spawn_bullets:031C
[2017.07.12-11.40.00:640][209]PIE:Error: Error Blueprint Runtime Error: Accessed None trying to read property CallFunc_Array_Get_Item9 from function: 'Levo_spawn_bullets' from node: SetActorLocation in graph: Levo_spawn_bullets in object: Player1 with description: Accessed None trying to read property CallFunc_Array_Get_Item9
[2017.07.12-11.40.01:641][329]LogScript:Warning: Accessed None trying to read property CallFunc_Array_Get_Item9
	Player1_C /Game/UEDPIE_0_GameLavel.GameLavel:PersistentLevel.Player1_97
	Function /Game/Blueprints/Player1.Player1_C:Levo_spawn_bullets:04D6
[2017.07.12-11.40.01:641][329]PIE:Error: Error Blueprint Runtime Error: Accessed None trying to read property CallFunc_Array_Get_Item9 from function: 'Levo_spawn_bullets' from node: SetActorLocation in graph: Levo_spawn_bullets in object: Player1 with description: Accessed None trying to read property CallFunc_Array_Get_Item9
[2017.07.12-11.40.01:902][358]LogBlueprintUserMessages: Early EndPlayMap Detection: Level '/Game/GameLavel.GameLavel:PersistentLevel' has LevelScriptBlueprint '/Game/GameLavel.GameLavel:PersistentLevel.GameLavel' with GeneratedClass '/Game/GameLavel.GameLavel_C' with ClassGeneratedBy '/Game/GameLavel.GameLavel:PersistentLevel.GameLavel'
[2017.07.12-11.40.01:957][358]LogBlueprintUserMessages: Late EndPlayMap Detection: Level '/Game/GameLavel.GameLavel:PersistentLevel' has LevelScriptBlueprint '/Game/GameLavel.GameLavel:PersistentLevel.GameLavel' with GeneratedClass '/Game/GameLavel.GameLavel_C' with ClassGeneratedBy '/Game/GameLavel.GameLavel:PersistentLevel.GameLavel'
[2017.07.12-11.40.02:964][465]LogEditorViewport: Clicking on Actor (LMB): BulletBlueprint_C (BulletBlueprint)
[2017.07.12-11.40.03:755][554]Cmd: DELETE
[2017.07.12-11.40.03:755][554]Cmd: ACTOR DELETE
[2017.07.12-11.40.03:755][554]LogEditorActor: Deleted Actor: BulletBlueprint_C
[2017.07.12-11.40.03:764][554]LogEditorActor: Deleted 1 Actors (0.009 secs)
[2017.07.12-11.40.12:658][561]LogContentBrowser: Native class hierarchy updated for 'BlueprintGraph' in 0.0010 seconds. Added 112 classes and 0 folders.
[2017.07.12-11.40.13:377][561]LogSlate: Took 0.000209 seconds to synchronously load lazily loaded font '../../../Engine/Content/Slate/Fonts/Roboto-Regular.ttf' (155K)
[2017.07.12-11.40.13:472][561]LogSlate: Took 0.000231 seconds to synchronously load lazily loaded font '../../../Engine/Content/Editor/Slate/Fonts/Roboto-BoldCondensed.ttf' (158K)
[2017.07.12-11.40.41:333][924]LogTemp: Repeting last play command: New Editor Window (PIE)
[2017.07.12-11.40.41:352][924]LogBlueprintUserMessages: Early PlayInEditor Detection: Level '/Game/GameLavel.GameLavel:PersistentLevel' has LevelScriptBlueprint '/Game/GameLavel.GameLavel:PersistentLevel.GameLavel' with GeneratedClass '/Game/GameLavel.GameLavel_C' with ClassGeneratedBy '/Game/GameLavel.GameLavel:PersistentLevel.GameLavel'
[2017.07.12-11.40.41:352][924]LogPlayLevel: PlayLevel: No blueprints needed recompiling
[2017.07.12-11.40.41:352][924]PIE: New page: PIE session: GameLavel (Jul 12, 2017, 5:40:41 PM)
[2017.07.12-11.40.41:353][924]LogPlayLevel: Creating play world package: /Game/UEDPIE_0_GameLavel
[2017.07.12-11.40.41:355][924]LogPlayLevel: PIE: StaticDuplicateObject took: (0.002472s)
[2017.07.12-11.40.41:356][924]LogAIModule: Creating AISystem for world GameLavel
[2017.07.12-11.40.41:356][924]LogPlayLevel: PIE: World Init took: (0.001377s)
[2017.07.12-11.40.41:357][924]LogPlayLevel: PIE: Created PIE world by copying editor world from /Game/GameLavel.GameLavel to /Game/UEDPIE_0_GameLavel.GameLavel (0.004045s)
[2017.07.12-11.40.41:382][924]LogInit: XAudio2 using 'Динамики (Logitech G430 Gaming Headset)' : 8 channels at 48 kHz using 16 bits per sample (channel mask 0x63f)
[2017.07.12-11.40.41:394][924]LogInit: FAudioDevice initialized.
[2017.07.12-11.40.41:445][924]LogLoad: Game class is 'Mouse_GameMode_C'
[2017.07.12-11.40.41:447][924]LogWorld: Bringing World /Game/UEDPIE_0_GameLavel.GameLavel up for play (max tick rate 0) at 2017.07.12-14.40.41
[2017.07.12-11.40.41:448][924]LogWorld: Bringing up level for play took: 0.001464
[2017.07.12-11.40.41:455][924]PIE: Info Play in editor start time for /Game/UEDPIE_0_GameLavel -0.828
[2017.07.12-11.40.41:455][924]LogBlueprintUserMessages: Late PlayInEditor Detection: Level '/Game/GameLavel.GameLavel:PersistentLevel' has LevelScriptBlueprint '/Game/GameLavel.GameLavel:PersistentLevel.GameLavel' with GeneratedClass '/Game/GameLavel.GameLavel_C' with ClassGeneratedBy '/Game/GameLavel.GameLavel:PersistentLevel.GameLavel'
[2017.07.12-11.40.42:334][989]LogScript:Warning: Accessed None trying to read property 1Bull_center
	Player1_C /Game/UEDPIE_0_GameLavel.GameLavel:PersistentLevel.Player1_97
	Function /Game/Blueprints/Player1.Player1_C:Center_spawn_bullets:02C6
[2017.07.12-11.40.42:334][989]PIE:Error: Error Blueprint Runtime Error: Accessed None trying to read property 1Bull_center from function: 'Center_spawn_bullets' from node: SetActorLocation in graph: Center_spawn_bullets in object: Player1 with description: Accessed None trying to read property 1Bull_center
[2017.07.12-11.40.43:335][ 67]LogScript:Warning: Accessed None trying to read property CallFunc_Array_Get_Item9
	Player1_C /Game/UEDPIE_0_GameLavel.GameLavel:PersistentLevel.Player1_97
	Function /Game/Blueprints/Player1.Player1_C:Levo_spawn_bullets:031C
[2017.07.12-11.40.43:335][ 67]PIE:Error: Error Blueprint Runtime Error: Accessed None trying to read property CallFunc_Array_Get_Item9 from function: 'Levo_spawn_bullets' from node: SetActorLocation in graph: Levo_spawn_bullets in object: Player1 with description: Accessed None trying to read property CallFunc_Array_Get_Item9
[2017.07.12-11.40.44:341][146]LogScript:Warning: Accessed None trying to read property CallFunc_Array_Get_Item9
	Player1_C /Game/UEDPIE_0_GameLavel.GameLavel:PersistentLevel.Player1_97
	Function /Game/Blueprints/Player1.Player1_C:Levo_spawn_bullets:04D6
[2017.07.12-11.40.44:341][146]PIE:Error: Error Blueprint Runtime Error: Accessed None trying to read property CallFunc_Array_Get_Item9 from function: 'Levo_spawn_bullets' from node: SetActorLocation in graph: Levo_spawn_bullets in object: Player1 with description: Accessed None trying to read property CallFunc_Array_Get_Item9
[2017.07.12-11.40.45:354][225]LogScript:Warning: Accessed None trying to read property CallFunc_Array_Get_Item9
	Player1_C /Game/UEDPIE_0_GameLavel.GameLavel:PersistentLevel.Player1_97
	Function /Game/Blueprints/Player1.Player1_C:Levo_spawn_bullets:070B
[2017.07.12-11.40.45:354][225]PIE:Error: Error Blueprint Runtime Error: Accessed None trying to read property CallFunc_Array_Get_Item9 from function: 'Levo_spawn_bullets' from node: SetActorLocation in graph: Levo_spawn_bullets in object: Player1 with description: Accessed None trying to read property CallFunc_Array_Get_Item9
[2017.07.12-11.40.45:354][225]LogScript:Warning: Accessed None trying to read property CallFunc_Array_Get_Item8
	Player1_C /Game/UEDPIE_0_GameLavel.GameLavel:PersistentLevel.Player1_97
	Function /Game/Blueprints/Player1.Player1_C:Levo_spawn_bullets:0786
[2017.07.12-11.40.45:354][225]PIE:Error: Error Blueprint Runtime Error: Accessed None trying to read property CallFunc_Array_Get_Item8 from function: 'Levo_spawn_bullets' from node: SetActorLocation in graph: Levo_spawn_bullets in object: Player1 with description: Accessed None trying to read property CallFunc_Array_Get_Item8
[2017.07.12-11.40.48:373][462]LogScript:Warning: Accessed None trying to read property CallFunc_Array_Get_Item5
	Player1_C /Game/UEDPIE_0_GameLavel.GameLavel:PersistentLevel.Player1_97
	Function /Game/Blueprints/Player1.Player1_C:Levo_spawn_bullets:0CB7
[2017.07.12-11.40.48:373][462]PIE:Error: Error Blueprint Runtime Error: Accessed None trying to read property CallFunc_Array_Get_Item5 from function: 'Levo_spawn_bullets' from node: SetActorLocation in graph: Levo_spawn_bullets in object: Player1 with description: Accessed None trying to read property CallFunc_Array_Get_Item5
[2017.07.12-11.40.49:384][541]LogScript:Warning: Accessed None trying to read property CallFunc_Array_Get_Item4
	Player1_C /Game/UEDPIE_0_GameLavel.GameLavel:PersistentLevel.Player1_97
	Function /Game/Blueprints/Player1.Player1_C:Levo_spawn_bullets:0EEF
[2017.07.12-11.40.49:384][541]PIE:Error: Error Blueprint Runtime Error: Accessed None trying to read property CallFunc_Array_Get_Item4 from function: 'Levo_spawn_bullets' from node: SetActorLocation in graph: Levo_spawn_bullets in object: Player1 with description: Accessed None trying to read property CallFunc_Array_Get_Item4
[2017.07.12-11.40.49:384][541]PIE:Error: Error Blueprint Runtime Error: Accessed None trying to read property CallFunc_Array_Get_Item2 from function: 'Levo_spawn_bullets' from node: SetActorLocation in graph: Levo_spawn_bullets in object: Player1 with description: Accessed None trying to read property CallFunc_Array_Get_Item2
[2017.07.12-11.40.51:800][729]LogBlueprintUserMessages: Early EndPlayMap Detection: Level '/Game/GameLavel.GameLavel:PersistentLevel' has LevelScriptBlueprint '/Game/GameLavel.GameLavel:PersistentLevel.GameLavel' with GeneratedClass '/Game/GameLavel.GameLavel_C' with ClassGeneratedBy '/Game/GameLavel.GameLavel:PersistentLevel.GameLavel'
[2017.07.12-11.40.51:850][729]LogBlueprintUserMessages: Late EndPlayMap Detection: Level '/Game/GameLavel.GameLavel:PersistentLevel' has LevelScriptBlueprint '/Game/GameLavel.GameLavel:PersistentLevel.GameLavel' with GeneratedClass '/Game/GameLavel.GameLavel_C' with ClassGeneratedBy '/Game/GameLavel.GameLavel:PersistentLevel.GameLavel'
[2017.07.12-11.41.01:500][495]LogTemp: Repeting last play command: New Editor Window (PIE)
[2017.07.12-11.41.01:516][495]LogBlueprintUserMessages: Early PlayInEditor Detection: Level '/Game/GameLavel.GameLavel:PersistentLevel' has LevelScriptBlueprint '/Game/GameLavel.GameLavel:PersistentLevel.GameLavel' with GeneratedClass '/Game/GameLavel.GameLavel_C' with ClassGeneratedBy '/Game/GameLavel.GameLavel:PersistentLevel.GameLavel'
[2017.07.12-11.41.01:516][495]LogPlayLevel: PlayLevel: No blueprints needed recompiling
[2017.07.12-11.41.01:516][495]PIE: New page: PIE session: GameLavel (Jul 12, 2017, 5:41:01 PM)
[2017.07.12-11.41.01:516][495]LogPlayLevel: Creating play world package: /Game/UEDPIE_0_GameLavel
[2017.07.12-11.41.01:519][495]LogPlayLevel: PIE: StaticDuplicateObject took: (0.002277s)
[2017.07.12-11.41.01:520][495]LogAIModule: Creating AISystem for world GameLavel
[2017.07.12-11.41.01:520][495]LogPlayLevel: PIE: World Init took: (0.001052s)
[2017.07.12-11.41.01:520][495]LogPlayLevel: PIE: Created PIE world by copying editor world from /Game/GameLavel.GameLavel to /Game/UEDPIE_0_GameLavel.GameLavel (0.003574s)
[2017.07.12-11.41.01:538][495]LogInit: XAudio2 using 'Динамики (Logitech G430 Gaming Headset)' : 8 channels at 48 kHz using 16 bits per sample (channel mask 0x63f)
[2017.07.12-11.41.01:550][495]LogInit: FAudioDevice initialized.
[2017.07.12-11.41.01:603][495]LogLoad: Game class is 'Mouse_GameMode_C'
[2017.07.12-11.41.01:605][495]LogWorld: Bringing World /Game/UEDPIE_0_GameLavel.GameLavel up for play (max tick rate 0) at 2017.07.12-14.41.01
[2017.07.12-11.41.01:605][495]LogWorld: Bringing up level for play took: 0.001440
[2017.07.12-11.41.01:613][495]PIE: Info Play in editor start time for /Game/UEDPIE_0_GameLavel -0.67
[2017.07.12-11.41.01:613][495]LogBlueprintUserMessages: Late PlayInEditor Detection: Level '/Game/GameLavel.GameLavel:PersistentLevel' has LevelScriptBlueprint '/Game/GameLavel.GameLavel:PersistentLevel.GameLavel' with GeneratedClass '/Game/GameLavel.GameLavel_C' with ClassGeneratedBy '/Game/GameLavel.GameLavel:PersistentLevel.GameLavel'
[2017.07.12-11.41.02:498][541]PIE:Error: Error Blueprint Runtime Error: Accessed None trying to read property CallFunc_Array_Get_Item9 from function: 'Levo_spawn_bullets' from node: SetActorLocation in graph: Levo_spawn_bullets in object: Player1 with description: Accessed None trying to read property CallFunc_Array_Get_Item9
[2017.07.12-11.41.03:506][595]PIE:Error: Error Blueprint Runtime Error: Accessed None trying to read property 1Bull_center from function: 'Center_spawn_bullets' from node: SetActorLocation in graph: Center_spawn_bullets in object: Player1 with description: Accessed None trying to read property 1Bull_center
[2017.07.12-11.41.04:520][650]PIE:Error: Error Blueprint Runtime Error: Accessed None trying to read property CallFunc_Array_Get_Item9 from function: 'Levo_spawn_bullets' from node: SetActorLocation in graph: Levo_spawn_bullets in object: Player1 with description: Accessed None trying to read property CallFunc_Array_Get_Item9
[2017.07.12-11.41.05:532][705]PIE:Error: Error Blueprint Runtime Error: Accessed None trying to read property 1Bull_center from function: 'Center_spawn_bullets' from node: SetActorLocation in graph: Center_spawn_bullets in object: Player1 with description: Accessed None trying to read property 1Bull_center
[2017.07.12-11.41.06:550][760]PIE:Error: Error Blueprint Runtime Error: Accessed None trying to read property CallFunc_Array_Get_Item9 from function: 'Levo_spawn_bullets' from node: SetActorLocation in graph: Levo_spawn_bullets in object: Player1 with description: Accessed None trying to read property CallFunc_Array_Get_Item9
[2017.07.12-11.41.06:550][760]PIE:Error: Error Blueprint Runtime Error: Accessed None trying to read property CallFunc_Array_Get_Item8 from function: 'Levo_spawn_bullets' from node: SetActorLocation in graph: Levo_spawn_bullets in object: Player1 with description: Accessed None trying to read property CallFunc_Array_Get_Item8
[2017.07.12-11.41.09:569][925]PIE:Error: Error Blueprint Runtime Error: Accessed None trying to read property CallFunc_Array_Get_Item5 from function: 'Levo_spawn_bullets' from node: SetActorLocation in graph: Levo_spawn_bullets in object: Player1 with description: Accessed None trying to read property CallFunc_Array_Get_Item5
[2017.07.12-11.41.10:575][980]PIE:Error: Error Blueprint Runtime Error: Accessed None trying to read property CallFunc_Array_Get_Item4 from function: 'Levo_spawn_bullets' from node: SetActorLocation in graph: Levo_spawn_bullets in object: Player1 with description: Accessed None trying to read property CallFunc_Array_Get_Item4
[2017.07.12-11.41.10:575][980]PIE:Error: Error Blueprint Runtime Error: Accessed None trying to read property CallFunc_Array_Get_Item2 from function: 'Levo_spawn_bullets' from node: SetActorLocation in graph: Levo_spawn_bullets in object: Player1 with description: Accessed None trying to read property CallFunc_Array_Get_Item2
[2017.07.12-11.41.12:602][ 90]PIE:Error: Error Blueprint Runtime Error: Accessed None trying to read property 1Bull_center from function: 'Center_spawn_bullets' from node: SetActorLocation in graph: Center_spawn_bullets in object: Player1 with description: Accessed None trying to read property 1Bull_center
[2017.07.12-11.41.15:869][266]LogBlueprintUserMessages: Early EndPlayMap Detection: Level '/Game/GameLavel.GameLavel:PersistentLevel' has LevelScriptBlueprint '/Game/GameLavel.GameLavel:PersistentLevel.GameLavel' with GeneratedClass '/Game/GameLavel.GameLavel_C' with ClassGeneratedBy '/Game/GameLavel.GameLavel:PersistentLevel.GameLavel'
[2017.07.12-11.41.15:931][266]LogBlueprintUserMessages: Late EndPlayMap Detection: Level '/Game/GameLavel.GameLavel:PersistentLevel' has LevelScriptBlueprint '/Game/GameLavel.GameLavel:PersistentLevel.GameLavel' with GeneratedClass '/Game/GameLavel.GameLavel_C' with ClassGeneratedBy '/Game/GameLavel.GameLavel:PersistentLevel.GameLavel'
[2017.07.12-11.42.08:634][942]BlueprintLog: New page: Compile Player1
[2017.07.12-11.42.09:558][ 18]LogTemp: Repeting last play command: New Editor Window (PIE)
[2017.07.12-11.42.09:575][ 18]LogBlueprintUserMessages: Early PlayInEditor Detection: Level '/Game/GameLavel.GameLavel:PersistentLevel' has LevelScriptBlueprint '/Game/GameLavel.GameLavel:PersistentLevel.GameLavel' with GeneratedClass '/Game/GameLavel.GameLavel_C' with ClassGeneratedBy '/Game/GameLavel.GameLavel:PersistentLevel.GameLavel'
[2017.07.12-11.42.09:575][ 18]LogPlayLevel: PlayLevel: No blueprints needed recompiling
[2017.07.12-11.42.09:575][ 18]PIE: New page: PIE session: GameLavel (Jul 12, 2017, 5:42:09 PM)
[2017.07.12-11.42.09:575][ 18]LogPlayLevel: Creating play world package: /Game/UEDPIE_0_GameLavel
[2017.07.12-11.42.09:578][ 18]LogPlayLevel: PIE: StaticDuplicateObject took: (0.002492s)
[2017.07.12-11.42.09:579][ 18]LogAIModule: Creating AISystem for world GameLavel
[2017.07.12-11.42.09:579][ 18]LogPlayLevel: PIE: World Init took: (0.000758s)
[2017.07.12-11.42.09:579][ 18]LogPlayLevel: PIE: Created PIE world by copying editor world from /Game/GameLavel.GameLavel to /Game/UEDPIE_0_GameLavel.GameLavel (0.003465s)
[2017.07.12-11.42.09:598][ 18]LogInit: XAudio2 using 'Динамики (Logitech G430 Gaming Headset)' : 8 channels at 48 kHz using 16 bits per sample (channel mask 0x63f)
[2017.07.12-11.42.09:610][ 18]LogInit: FAudioDevice initialized.
[2017.07.12-11.42.09:663][ 18]LogLoad: Game class is 'Mouse_GameMode_C'
[2017.07.12-11.42.09:665][ 18]LogWorld: Bringing World /Game/UEDPIE_0_GameLavel.GameLavel up for play (max tick rate 0) at 2017.07.12-14.42.09
[2017.07.12-11.42.09:665][ 18]LogWorld: Bringing up level for play took: 0.001409
[2017.07.12-11.42.09:670][ 18]PIE: Info Play in editor start time for /Game/UEDPIE_0_GameLavel -0.612
[2017.07.12-11.42.09:671][ 18]LogBlueprintUserMessages: Late PlayInEditor Detection: Level '/Game/GameLavel.GameLavel:PersistentLevel' has LevelScriptBlueprint '/Game/GameLavel.GameLavel:PersistentLevel.GameLavel' with GeneratedClass '/Game/GameLavel.GameLavel_C' with ClassGeneratedBy '/Game/GameLavel.GameLavel:PersistentLevel.GameLavel'
[2017.07.12-11.42.20:600][ 16]PIE:Error: Error Blueprint Runtime Error: Accessed None trying to read property CallFunc_Array_Get_Item9 from function: 'Levo_spawn_bullets' from node: SetActorLocation in graph: Levo_spawn_bullets in object: Player1 with description: Accessed None trying to read property CallFunc_Array_Get_Item9
[2017.07.12-11.42.21:605][106]PIE:Error: Error Blueprint Runtime Error: Accessed None trying to read property CallFunc_Array_Get_Item9 from function: 'Levo_spawn_bullets' from node: SetActorLocation in graph: Levo_spawn_bullets in object: Player1 with description: Accessed None trying to read property CallFunc_Array_Get_Item9
[2017.07.12-11.42.21:605][106]PIE:Error: Error Blueprint Runtime Error: Accessed None trying to read property CallFunc_Array_Get_Item8 from function: 'Levo_spawn_bullets' from node: SetActorLocation in graph: Levo_spawn_bullets in object: Player1 with description: Accessed None trying to read property CallFunc_Array_Get_Item8
[2017.07.12-11.42.22:197][158]LogBlueprintUserMessages: Early EndPlayMap Detection: Level '/Game/GameLavel.GameLavel:PersistentLevel' has LevelScriptBlueprint '/Game/GameLavel.GameLavel:PersistentLevel.GameLavel' with GeneratedClass '/Game/GameLavel.GameLavel_C' with ClassGeneratedBy '/Game/GameLavel.GameLavel:PersistentLevel.GameLavel'
[2017.07.12-11.42.22:268][158]LogBlueprintUserMessages: Late EndPlayMap Detection: Level '/Game/GameLavel.GameLavel:PersistentLevel' has LevelScriptBlueprint '/Game/GameLavel.GameLavel:PersistentLevel.GameLavel' with GeneratedClass '/Game/GameLavel.GameLavel_C' with ClassGeneratedBy '/Game/GameLavel.GameLavel:PersistentLevel.GameLavel'
[2017.07.12-11.42.26:611][476]Cmd: OBJ SAVEPACKAGE PACKAGE="/Game/GameLavel" FILE="../../../../../../P - programist/UE4/Timekill/TimeKill/Content/GameLavel.umap" SILENT=true AUTOSAVING=false KEEPDIRTY=false
[2017.07.12-11.42.26:757][476]LogSavePackage: Save=127.79ms
[2017.07.12-11.42.26:757][476]LogSavePackage: Moving '../../../../../../P - programist/UE4/Timekill/TimeKill/Saved/GameLavelB6F82541435B7B6596A516A3632E5A92.tmp' to '../../../../../../P - programist/UE4/Timekill/TimeKill/Content/GameLavel.umap'
[2017.07.12-11.42.26:759][476]LogSavePackage:Display: Finished SavePackage ../../../../../../P - programist/UE4/Timekill/TimeKill/Content/GameLavel.umap
[2017.07.12-11.42.26:800][476]LogFileHelpers: Saving map 'GameLavel' took 0.237
[2017.07.12-11.42.26:803][476]Cmd: OBJ SAVEPACKAGE PACKAGE="/Game/Blueprints/Player1" FILE="../../../../../../P - programist/UE4/Timekill/TimeKill/Content/Blueprints/Player1.uasset" SILENT=true
[2017.07.12-11.42.26:917][476]LogSavePackage: Save=110.80ms
[2017.07.12-11.42.26:917][476]LogSavePackage: Moving '../../../../../../P - programist/UE4/Timekill/TimeKill/Saved/Player14C9D8A474439CB3E6DB1659550539E34.tmp' to '../../../../../../P - programist/UE4/Timekill/TimeKill/Content/Blueprints/Player1.uasset'
[2017.07.12-11.42.26:919][476]LogSavePackage:Display: Finished SavePackage ../../../../../../P - programist/UE4/Timekill/TimeKill/Content/Blueprints/Player1.uasset
[2017.07.12-11.42.27:966][545]LogWindowsTextInputMethodSystem:Display: IME system now deactivated.
[2017.07.12-11.42.28:194][546]Cmd: QUIT_EDITOR
[2017.07.12-11.42.28:959][546]LogExit: Preparing to exit.
[2017.07.12-11.42.29:389][546]LogDirectoryWatcher: A directory notification for 'D:/P - programist/UE4/Timekill/TimeKill/Content/' was aborted.
[2017.07.12-11.42.29:424][546]LogExit: Editor shut down
[2017.07.12-11.42.29:424][546]LogExit: Transaction tracking system shut down
[2017.07.12-11.42.29:516][546]LogObj: Freed 0b from 0 cluster array pools.
[2017.07.12-11.42.29:516][546]LogExit: Object subsystem successfully closed.
[2017.07.12-11.42.29:525][546]LogD3D11RHI: Shutdown
[2017.07.12-11.42.29:525][546]LogD3D11RHI: CleanupD3DDevice
[2017.07.12-11.42.29:569][546]LogD3D11RHI: ~FD3D11DynamicRHI
[2017.07.12-11.42.29:578][546]LogModuleManager: Shutting down and abandoning module BlueprintGraph (504)
[2017.07.12-11.42.29:578][546]LogModuleManager: Shutting down and abandoning module BlueprintProfiler (502)
[2017.07.12-11.42.29:578][546]LogModuleManager: Shutting down and abandoning module MovieSceneCapture (500)
[2017.07.12-11.42.29:578][546]LogModuleManager: Shutting down and abandoning module HierarchicalLODOutliner (498)
[2017.07.12-11.42.29:578][546]LogModuleManager: Shutting down and abandoning module CrashTracker (496)
[2017.07.12-11.42.29:578][546]LogModuleManager: Shutting down and abandoning module AddContentDialog (494)
[2017.07.12-11.42.29:578][546]LogDirectoryWatcher: A directory notification for 'D:/Program Files/Epic Games/UE_4.15/FeaturePacks/' was aborted.
[2017.07.12-11.42.29:579][546]LogModuleManager: Shutting down and abandoning module WidgetCarousel (493)
[2017.07.12-11.42.29:579][546]LogModuleManager: Shutting down and abandoning module EditorWidgets (490)
[2017.07.12-11.42.29:579][546]LogModuleManager: Shutting down and abandoning module CollectionManager (488)
[2017.07.12-11.42.29:579][546]LogDirectoryWatcher: A directory notification for 'D:/P - programist/UE4/Timekill/TimeKill/Content/Collections/' was aborted.
[2017.07.12-11.42.29:579][546]LogDirectoryWatcher: A directory notification for 'D:/P - programist/UE4/Timekill/TimeKill/Content/Developers/IzPOD/Collections/' was aborted.
[2017.07.12-11.42.29:579][546]LogDirectoryWatcher: A directory notification for 'D:/P - programist/UE4/Timekill/TimeKill/Saved/Collections/' was aborted.
[2017.07.12-11.42.29:579][546]LogModuleManager: Shutting down and abandoning module SceneOutliner (486)
[2017.07.12-11.42.29:579][546]LogModuleManager: Shutting down and abandoning module StatsViewer (484)
[2017.07.12-11.42.29:579][546]LogModuleManager: Shutting down and abandoning module FoliageEdit (482)
[2017.07.12-11.42.29:579][546]LogModuleManager: Shutting down and abandoning module LandscapeEditor (480)
[2017.07.12-11.42.29:579][546]LogModuleManager: Shutting down and abandoning module SceneDepthPickerMode (478)
[2017.07.12-11.42.29:579][546]LogModuleManager: Shutting down and abandoning module ActorPickerMode (476)
[2017.07.12-11.42.29:579][546]LogModuleManager: Shutting down and abandoning module GeometryMode (474)
[2017.07.12-11.42.29:579][546]LogModuleManager: Shutting down and abandoning module TextureAlignMode (472)
[2017.07.12-11.42.29:579][546]LogModuleManager: Shutting down and abandoning module BspMode (470)
[2017.07.12-11.42.29:579][546]LogModuleManager: Shutting down and abandoning module HardwareSurvey (468)
[2017.07.12-11.42.29:579][546]LogModuleManager: Shutting down and abandoning module SequenceRecorderSections (466)
[2017.07.12-11.42.29:579][546]LogModuleManager: Shutting down and abandoning module AutomationWorker (464)
[2017.07.12-11.42.29:579][546]LogModuleManager: Shutting down and abandoning module MatineeToLevelSequence (462)
[2017.07.12-11.42.29:579][546]LogModuleManager: Shutting down and abandoning module LevelSequenceEditor (460)
[2017.07.12-11.42.29:579][546]LogModuleManager: Shutting down and abandoning module PlacementMode (459)
[2017.07.12-11.42.29:579][546]LogModuleManager: Shutting down and abandoning module WmfMediaFactory (456)
[2017.07.12-11.42.29:579][546]LogModuleManager: Shutting down and abandoning module WmfMediaEditor (454)
[2017.07.12-11.42.29:579][546]LogModuleManager: Shutting down and abandoning module MfMediaFactory (452)
[2017.07.12-11.42.29:579][546]LogModuleManager: Shutting down and abandoning module MfMediaEditor (450)
[2017.07.12-11.42.29:579][546]LogModuleManager: Shutting down and abandoning module AvfMediaFactory (448)
[2017.07.12-11.42.29:579][546]LogModuleManager: Shutting down and abandoning module AvfMediaEditor (446)
[2017.07.12-11.42.29:579][546]LogModuleManager: Shutting down and abandoning module AndroidMediaFactory (444)
[2017.07.12-11.42.29:579][546]LogModuleManager: Shutting down and abandoning module Media (443)
[2017.07.12-11.42.29:579][546]LogModuleManager: Shutting down and abandoning module AndroidMediaEditor (440)
[2017.07.12-11.42.29:579][546]LogModuleManager: Shutting down and abandoning module CharacterAI (438)
[2017.07.12-11.42.29:579][546]LogModuleManager: Shutting down and abandoning module AudioCapture (436)
[2017.07.12-11.42.29:579][546]LogModuleManager: Shutting down and abandoning module SequenceRecorder (435)
[2017.07.12-11.42.29:579][546]LogModuleManager: Shutting down and abandoning module SmartSnapping (432)
[2017.07.12-11.42.29:579][546]LogModuleManager: Shutting down and abandoning module SessionServices (430)
[2017.07.12-11.42.29:579][546]LogModuleManager: Shutting down and abandoning module ViewportSnapping (428)
[2017.07.12-11.42.29:579][546]LogModuleManager: Shutting down and abandoning module ViewportInteraction (426)
[2017.07.12-11.42.29:579][546]LogModuleManager: Shutting down and abandoning module LogVisualizer (424)
[2017.07.12-11.42.29:580][546]LogModuleManager: Shutting down and abandoning module IntroTutorials (422)
[2017.07.12-11.42.29:580][546]LogModuleManager: Shutting down and abandoning module GameProjectGeneration (421)
[2017.07.12-11.42.29:580][546]LogModuleManager: Shutting down and abandoning module EditorLiveStreaming (418)
[2017.07.12-11.42.29:580][546]LogModuleManager: Shutting down and abandoning module IOSPlatformEditor (416)
[2017.07.12-11.42.29:580][546]LogModuleManager: Shutting down and abandoning module HTML5PlatformEditor (414)
[2017.07.12-11.42.29:580][546]LogModuleManager: Shutting down and abandoning module AndroidPlatformEditor (412)
[2017.07.12-11.42.29:580][546]LogModuleManager: Shutting down and abandoning module AndroidDeviceDetection (411)
[2017.07.12-11.42.29:707][546]LogModuleManager: Shutting down and abandoning module IOSRuntimeSettings (408)
[2017.07.12-11.42.29:707][546]LogModuleManager: Shutting down and abandoning module AndroidRuntimeSettings (406)
[2017.07.12-11.42.29:707][546]LogModuleManager: Shutting down and abandoning module InputBindingEditor (404)
[2017.07.12-11.42.29:707][546]LogModuleManager: Shutting down and abandoning module NiagaraEditor (402)
[2017.07.12-11.42.29:707][546]LogModuleManager: Shutting down and abandoning module MergeActors (400)
[2017.07.12-11.42.29:707][546]LogModuleManager: Shutting down and abandoning module SizeMap (398)
[2017.07.12-11.42.29:707][546]LogModuleManager: Shutting down and abandoning module TreeMap (396)
[2017.07.12-11.42.29:707][546]LogModuleManager: Shutting down and abandoning module ReferenceViewer (394)
[2017.07.12-11.42.29:707][546]LogModuleManager: Shutting down and abandoning module LocalizationDashboard (392)
[2017.07.12-11.42.29:707][546]LogModuleManager: Shutting down and abandoning module LocalizationService (391)
[2017.07.12-11.42.29:707][546]LogModuleManager: Shutting down and abandoning module HardwareTargeting (388)
[2017.07.12-11.42.29:707][546]LogModuleManager: Shutting down and abandoning module DeviceProfileEditor (386)
[2017.07.12-11.42.29:707][546]LogModuleManager: Shutting down and abandoning module UndoHistory (384)
[2017.07.12-11.42.29:707][546]LogModuleManager: Shutting down and abandoning module UserFeedback (382)
[2017.07.12-11.42.29:707][546]LogModuleManager: Shutting down and abandoning module XmlParser (380)
[2017.07.12-11.42.29:707][546]LogModuleManager: Shutting down and abandoning module Blutility (378)
[2017.07.12-11.42.29:707][546]LogModuleManager: Shutting down and abandoning module ProjectSettingsViewer (376)
[2017.07.12-11.42.29:707][546]LogModuleManager: Shutting down and abandoning module ProjectTargetPlatformEditor (375)
[2017.07.12-11.42.29:708][546]LogModuleManager: Shutting down and abandoning module EditorSettingsViewer (372)
[2017.07.12-11.42.29:708][546]LogModuleManager: Shutting down and abandoning module SettingsEditor (370)
[2017.07.12-11.42.29:708][546]LogModuleManager: Shutting down and abandoning module ProjectLauncher (368)
[2017.07.12-11.42.29:708][546]LogModuleManager: Shutting down and abandoning module SessionFrontend (366)
[2017.07.12-11.42.29:708][546]LogModuleManager: Shutting down and abandoning module ProfilerClient (364)
[2017.07.12-11.42.29:708][546]LogModuleManager: Shutting down and abandoning module DeviceManager (362)
[2017.07.12-11.42.29:708][546]LogModuleManager: Shutting down and abandoning module TargetDeviceServices (361)
[2017.07.12-11.42.29:750][546]LogModuleManager: Shutting down and abandoning module AutomationController (358)
[2017.07.12-11.42.29:750][546]LogModuleManager: Shutting down and abandoning module AutomationWindow (356)
[2017.07.12-11.42.29:750][546]LogModuleManager: Shutting down and abandoning module Layers (354)
[2017.07.12-11.42.29:750][546]LogModuleManager: Shutting down and abandoning module ComponentVisualizers (352)
[2017.07.12-11.42.29:750][546]LogModuleManager: Shutting down and abandoning module DetailCustomizations (350)
[2017.07.12-11.42.29:750][546]LogModuleManager: Shutting down and abandoning module PackagesDialog (348)
[2017.07.12-11.42.29:750][546]LogModuleManager: Shutting down and abandoning module Persona (346)
[2017.07.12-11.42.29:750][546]LogModuleManager: Shutting down and abandoning module AnimGraph (345)
[2017.07.12-11.42.29:750][546]LogModuleManager: Shutting down and abandoning module Kismet (342)
[2017.07.12-11.42.29:755][546]LogModuleManager: Shutting down and abandoning module GraphEditor (340)
[2017.07.12-11.42.29:755][546]LogModuleManager: Shutting down and abandoning module ClassViewer (338)
[2017.07.12-11.42.29:755][546]LogModuleManager: Shutting down and abandoning module Toolbox (336)
[2017.07.12-11.42.29:755][546]LogModuleManager: Shutting down and abandoning module ModuleUI (334)
[2017.07.12-11.42.29:755][546]LogModuleManager: Shutting down and abandoning module MovieSceneTools (332)
[2017.07.12-11.42.29:755][546]LogModuleManager: Shutting down and abandoning module OutputLog (330)
[2017.07.12-11.42.29:755][546]LogModuleManager: Shutting down and abandoning module GammaUI (328)
[2017.07.12-11.42.29:755][546]LogModuleManager: Shutting down and abandoning module Documentation (326)
[2017.07.12-11.42.29:755][546]LogModuleManager: Shutting down and abandoning module Niagara (324)
[2017.07.12-11.42.29:755][546]LogModuleManager: Shutting down and abandoning module StreamingPauseRendering (322)
[2017.07.12-11.42.29:755][546]LogModuleManager: Shutting down and abandoning module AnalyticsET (320)
[2017.07.12-11.42.29:755][546]LogModuleManager: Shutting down and abandoning module PortalServices (318)
[2017.07.12-11.42.29:755][546]LogModuleManager: Shutting down and abandoning module PortalRpc (316)
[2017.07.12-11.42.29:755][546]LogModuleManager: Shutting down and abandoning module MessagingRpc (314)
[2017.07.12-11.42.29:755][546]LogModuleManager: Shutting down and abandoning module AIModule (312)
[2017.07.12-11.42.29:756][546]LogModuleManager: Shutting down and abandoning module GameplayDebugger (311)
[2017.07.12-11.42.29:756][546]LogModuleManager: Shutting down and abandoning module AITestSuite (309)
[2017.07.12-11.42.29:756][546]LogModuleManager: Shutting down and abandoning module ProfilerService (306)
[2017.07.12-11.42.29:829][546]LogModuleManager: Shutting down and abandoning module TaskGraph (304)
[2017.07.12-11.42.29:829][546]LogModuleManager: Shutting down and abandoning module SteamVRController (302)
[2017.07.12-11.42.29:829][546]LogModuleManager: Shutting down and abandoning module SteamVR (300)
[2017.07.12-11.42.29:829][546]LogModuleManager: Shutting down and abandoning module ProceduralMeshComponentEditor (298)
[2017.07.12-11.42.29:829][546]LogModuleManager: Shutting down and abandoning module ProceduralMeshComponent (296)
[2017.07.12-11.42.29:829][546]LogModuleManager: Shutting down and abandoning module OculusLibrary (294)
[2017.07.12-11.42.29:829][546]LogModuleManager: Shutting down and abandoning module OculusInput (292)
[2017.07.12-11.42.29:829][546]LogModuleManager: Shutting down and abandoning module MobilePatchingUtils (290)
[2017.07.12-11.42.29:829][546]LogModuleManager: Shutting down and abandoning module CustomMeshComponent (288)
[2017.07.12-11.42.29:829][546]LogModuleManager: Shutting down and abandoning module CableComponent (286)
[2017.07.12-11.42.29:829][546]LogModuleManager: Shutting down and abandoning module ArchVisCharacter (284)
[2017.07.12-11.42.29:829][546]LogModuleManager: Shutting down and abandoning module MediaPlayerEditor (280)
[2017.07.12-11.42.29:829][546]LogModuleManager: Shutting down and abandoning module HTML5Networking (278)
[2017.07.12-11.42.29:829][546]LogModuleManager: Shutting down and abandoning module AlembicImporter (276)
[2017.07.12-11.42.29:829][546]LogModuleManager: Shutting down and abandoning module AlembicLibrary (275)
[2017.07.12-11.42.29:829][546]LogModuleManager: Shutting down and abandoning module GeometryCache (274)
[2017.07.12-11.42.29:829][546]LogModuleManager: Shutting down and abandoning module GeometryCacheEd (273)
[2017.07.12-11.42.29:829][546]LogModuleManager: Shutting down and abandoning module SuperSearchEditor (268)
[2017.07.12-11.42.29:829][546]LogModuleManager: Shutting down and abandoning module SuperSearch (267)
[2017.07.12-11.42.29:829][546]LogModuleManager: Shutting down and abandoning module SpeedTreeImporter (264)
[2017.07.12-11.42.29:829][546]LogModuleManager: Shutting down and abandoning module PluginBrowser (262)
[2017.07.12-11.42.29:830][546]LogModuleManager: Shutting down and abandoning module MobileLauncherProfileWizard (260)
[2017.07.12-11.42.29:830][546]LogModuleManager: Shutting down and abandoning module EpicSurvey (258)
[2017.07.12-11.42.29:830][546]LogModuleManager: Shutting down and abandoning module VisualStudioSourceCodeAccess (256)
[2017.07.12-11.42.29:830][546]LogModuleManager: Shutting down and abandoning module DesktopPlatform (255)
[2017.07.12-11.42.29:830][546]LogModuleManager: Shutting down and abandoning module UObjectPlugin (252)
[2017.07.12-11.42.29:830][546]LogModuleManager: Shutting down and abandoning module SubversionSourceControl (250)
[2017.07.12-11.42.29:830][546]LogModuleManager: Shutting down and abandoning module PerforceSourceControl (248)
[2017.07.12-11.42.29:830][546]LogModuleManager: Shutting down and abandoning module GitSourceControl (246)
[2017.07.12-11.42.29:830][546]LogModuleManager: Shutting down and abandoning module SourceControl (245)
[2017.07.12-11.42.29:830][546]LogModuleManager: Shutting down and abandoning module LightPropagationVolumeEditor (242)
[2017.07.12-11.42.29:830][546]LogModuleManager: Shutting down and abandoning module PaperTiledImporter (240)
[2017.07.12-11.42.29:830][546]LogModuleManager: Shutting down and abandoning module PaperSpriteSheetImporter (238)
[2017.07.12-11.42.29:830][546]LogModuleManager: Shutting down and abandoning module Paper2DEditor (236)
[2017.07.12-11.42.29:830][546]LogModuleManager: Shutting down and abandoning module MeshPaint (235)
[2017.07.12-11.42.29:830][546]LogModuleManager: Shutting down and abandoning module LevelEditor (233)
[2017.07.12-11.42.29:830][546]LogModuleManager: Shutting down and abandoning module PixelInspectorModule (232)
[2017.07.12-11.42.29:830][546]LogModuleManager: Shutting down and abandoning module MainFrame (230)
[2017.07.12-11.42.29:830][546]LogModuleManager: Shutting down and abandoning module HotReload (229)
[2017.07.12-11.42.29:831][546]LogModuleManager: Shutting down and abandoning module ContentBrowser (225)
[2017.07.12-11.42.29:832][546]LogModuleManager: Shutting down and abandoning module PhysXVehiclesEditor (222)
[2017.07.12-11.42.29:832][546]LogModuleManager: Shutting down and abandoning module PhysXVehicles (220)
[2017.07.12-11.42.29:832][546]LogModuleManager: Shutting down and abandoning module LocationServicesBPLibrary (218)
[2017.07.12-11.42.29:832][546]LogModuleManager: Shutting down and abandoning module UdpMessaging (216)
[2017.07.12-11.42.29:932][546]LogModuleManager: Shutting down and abandoning module TcpMessaging (214)
[2017.07.12-11.42.30:320][546]LogModuleManager: Shutting down and abandoning module GameplayTagsEditor (212)
[2017.07.12-11.42.30:320][546]LogModuleManager: Shutting down and abandoning module FacialAnimationEditor (210)
[2017.07.12-11.42.30:320][546]LogModuleManager: Shutting down and abandoning module FacialAnimation (208)
[2017.07.12-11.42.30:320][546]LogModuleManager: Shutting down and abandoning module LightPropagationVolumeRuntime (206)
[2017.07.12-11.42.30:320][546]LogModuleManager: Shutting down and abandoning module Paper2D (204)
[2017.07.12-11.42.30:320][546]LogModuleManager: Shutting down and abandoning module WindowsMoviePlayer (202)
[2017.07.12-11.42.30:320][546]LogModuleManager: Shutting down and abandoning module WmfMedia (200)
[2017.07.12-11.42.30:320][546]LogModuleManager: Shutting down and abandoning module MfMedia (198)
[2017.07.12-11.42.30:320][546]LogModuleManager: Shutting down and abandoning module MediaAssets (196)
[2017.07.12-11.42.30:320][546]LogModuleManager: Shutting down and abandoning module GameLiveStreaming (194)
[2017.07.12-11.42.30:320][546]LogModuleManager: Shutting down and abandoning module VREditor (192)
[2017.07.12-11.42.30:321][546]LogModuleManager: Shutting down and abandoning module GameplayTasksEditor (190)
[2017.07.12-11.42.30:321][546]LogModuleManager: Shutting down and abandoning module BehaviorTreeEditor (188)
[2017.07.12-11.42.30:321][546]LogModuleManager: Shutting down and abandoning module FunctionalTesting (186)
[2017.07.12-11.42.30:321][546]LogModuleManager: Shutting down and abandoning module CollisionAnalyzer (184)
[2017.07.12-11.42.30:321][546]LogModuleManager: Shutting down and abandoning module UMG (182)
[2017.07.12-11.42.30:321][546]LogModuleManager: Shutting down and abandoning module UMGEditor (181)
[2017.07.12-11.42.30:321][546]LogModuleManager: Shutting down and abandoning module Sequencer (180)
[2017.07.12-11.42.30:321][546]LogModuleManager: Shutting down and abandoning module AssetTools (178)
[2017.07.12-11.42.30:321][546]LogModuleManager: Shutting down and abandoning module MessageLog (177)
[2017.07.12-11.42.30:321][546]LogModuleManager: Shutting down and abandoning module WorkspaceMenuStructure (176)
[2017.07.12-11.42.30:321][546]LogModuleManager: Shutting down and abandoning module SlateReflector (170)
[2017.07.12-11.42.30:321][546]LogModuleManager: Shutting down and abandoning module Slate (168)
[2017.07.12-11.42.30:321][546]LogModuleManager: Shutting down and abandoning module EditorStyle (166)
[2017.07.12-11.42.30:323][546]LogModuleManager: Shutting down and abandoning module SourceCodeAccess (164)
[2017.07.12-11.42.30:323][546]LogModuleManager: Shutting down and abandoning module HeadMountedDisplay (162)
[2017.07.12-11.42.30:323][546]LogModuleManager: Shutting down and abandoning module XAudio2 (160)
[2017.07.12-11.42.30:323][546]LogModuleManager: Shutting down and abandoning module Networking (158)
[2017.07.12-11.42.30:323][546]LogModuleManager: Shutting down and abandoning module Core (154)
[2017.07.12-11.42.30:323][546]LogModuleManager: Shutting down and abandoning module AssetRegistry (152)
[2017.07.12-11.42.30:439][546]LogDirectoryWatcher: A directory notification for '../../../Engine/Content/' was aborted.
[2017.07.12-11.42.30:439][546]LogDirectoryWatcher: A directory notification for '../../../../../../P - programist/UE4/Timekill/TimeKill/Content/' was aborted.
[2017.07.12-11.42.30:439][546]LogDirectoryWatcher: A directory notification for '../../../Engine/Plugins/2D/Paper2D/Content/' was aborted.
[2017.07.12-11.42.30:439][546]LogModuleManager: Shutting down and abandoning module DirectoryWatcher (151)
[2017.07.12-11.42.30:440][546]LogModuleManager: Shutting down and abandoning module KismetCompiler (148)
[2017.07.12-11.42.30:440][546]LogModuleManager: Shutting down and abandoning module PhysXFormats (146)
[2017.07.12-11.42.30:440][546]LogModuleManager: Shutting down and abandoning module MeshUtilities (144)
[2017.07.12-11.42.30:440][546]LogModuleManager: Shutting down and abandoning module SimplygonSwarm (143)
[2017.07.12-11.42.30:440][546]LogModuleManager: Shutting down and abandoning module SimplygonMeshReduction (141)
[2017.07.12-11.42.30:440][546]LogModuleManager: Shutting down and abandoning module QuadricMeshReduction (139)
[2017.07.12-11.42.30:440][546]LogModuleManager: Shutting down and abandoning module PropertyEditor (137)
[2017.07.12-11.42.30:440][546]LogModuleManager: Shutting down and abandoning module DerivedDataCache (134)
[2017.07.12-11.42.30:493][546]LogDerivedDataCache: Shutdown
[2017.07.12-11.42.30:493][546]LogModuleManager: Shutting down and abandoning module TargetPlatform (132)
[2017.07.12-11.42.30:493][546]LogModuleManager: Shutting down and abandoning module VulkanShaderFormat (131)
[2017.07.12-11.42.30:493][546]LogModuleManager: Shutting down and abandoning module ShaderFormatOpenGL (129)
[2017.07.12-11.42.30:493][546]LogModuleManager: Shutting down and abandoning module ShaderFormatD3D (127)
[2017.07.12-11.42.30:493][546]LogModuleManager: Shutting down and abandoning module MetalShaderFormat (125)
[2017.07.12-11.42.30:493][546]LogModuleManager: Shutting down and abandoning module TextureFormatUncompressed (123)
[2017.07.12-11.42.30:493][546]LogModuleManager: Shutting down and abandoning module TextureFormatPVR (121)
[2017.07.12-11.42.30:493][546]LogModuleManager: Shutting down and abandoning module TextureFormatDXT (119)
[2017.07.12-11.42.30:493][546]LogModuleManager: Shutting down and abandoning module TextureFormatIntelISPCTexComp (117)
[2017.07.12-11.42.30:494][546]LogModuleManager: Shutting down and abandoning module TextureFormatASTC (115)
[2017.07.12-11.42.30:494][546]LogModuleManager: Shutting down and abandoning module ImageWrapper (114)
[2017.07.12-11.42.30:494][546]LogModuleManager: Shutting down and abandoning module TextureFormatAndroid (111)
[2017.07.12-11.42.30:494][546]LogModuleManager: Shutting down and abandoning module AudioFormatOpus (109)
[2017.07.12-11.42.30:494][546]LogModuleManager: Shutting down and abandoning module AudioFormatOgg (107)
[2017.07.12-11.42.30:494][546]LogModuleManager: Shutting down and abandoning module AudioFormatADPCM (105)
[2017.07.12-11.42.30:494][546]LogModuleManager: Shutting down and abandoning module LinuxTargetPlatform (103)
[2017.07.12-11.42.30:494][546]LogModuleManager: Shutting down and abandoning module LinuxServerTargetPlatform (101)
[2017.07.12-11.42.30:494][546]LogModuleManager: Shutting down and abandoning module LinuxNoEditorTargetPlatform (99)
[2017.07.12-11.42.30:494][546]LogModuleManager: Shutting down and abandoning module LinuxClientTargetPlatform (97)
[2017.07.12-11.42.30:494][546]LogModuleManager: Shutting down and abandoning module TVOSTargetPlatform (95)
[2017.07.12-11.42.30:494][546]LogModuleManager: Shutting down and abandoning module Messaging (93)
[2017.07.12-11.42.30:494][546]LogModuleManager: Shutting down and abandoning module IOSTargetPlatform (91)
[2017.07.12-11.42.30:494][546]LogModuleManager: Shutting down and abandoning module HTML5TargetPlatform (89)
[2017.07.12-11.42.30:494][546]LogModuleManager: Shutting down and abandoning module Android_PVRTCTargetPlatform (87)
[2017.07.12-11.42.30:494][546]LogModuleManager: Shutting down and abandoning module Android_MultiTargetPlatform (85)
[2017.07.12-11.42.30:494][546]LogModuleManager: Shutting down and abandoning module Android_ETC2TargetPlatform (83)
[2017.07.12-11.42.30:494][546]LogModuleManager: Shutting down and abandoning module Android_ETC1TargetPlatform (81)
[2017.07.12-11.42.30:494][546]LogModuleManager: Shutting down and abandoning module Android_DXTTargetPlatform (79)
[2017.07.12-11.42.30:494][546]LogModuleManager: Shutting down and abandoning module Android_ATCTargetPlatform (77)
[2017.07.12-11.42.30:494][546]LogModuleManager: Shutting down and abandoning module Android_ASTCTargetPlatform (75)
[2017.07.12-11.42.30:494][546]LogModuleManager: Shutting down and abandoning module AndroidTargetPlatform (73)
[2017.07.12-11.42.30:494][546]LogModuleManager: Shutting down and abandoning module WindowsTargetPlatform (71)
[2017.07.12-11.42.30:494][546]LogModuleManager: Shutting down and abandoning module WindowsServerTargetPlatform (69)
[2017.07.12-11.42.30:494][546]LogModuleManager: Shutting down and abandoning module WindowsNoEditorTargetPlatform (67)
[2017.07.12-11.42.30:494][546]LogModuleManager: Shutting down and abandoning module WindowsClientTargetPlatform (65)
[2017.07.12-11.42.30:494][546]LogModuleManager: Shutting down and abandoning module MacTargetPlatform (63)
[2017.07.12-11.42.30:494][546]LogModuleManager: Shutting down and abandoning module MacServerTargetPlatform (61)
[2017.07.12-11.42.30:494][546]LogModuleManager: Shutting down and abandoning module MacNoEditorTargetPlatform (59)
[2017.07.12-11.42.30:494][546]LogModuleManager: Shutting down and abandoning module MacClientTargetPlatform (57)
[2017.07.12-11.42.30:494][546]LogModuleManager: Shutting down and abandoning module AllDesktopTargetPlatform (55)
[2017.07.12-11.42.30:494][546]LogModuleManager: Shutting down and abandoning module InputCore (52)
[2017.07.12-11.42.30:494][546]LogModuleManager: Shutting down and abandoning module Settings (50)
[2017.07.12-11.42.30:494][546]LogModuleManager: Shutting down and abandoning module OculusRift (48)
[2017.07.12-11.42.30:494][546]LogModuleManager: Shutting down and abandoning module GearVR (46)
[2017.07.12-11.42.30:494][546]LogModuleManager: Shutting down and abandoning module ExampleDeviceProfileSelector (44)
[2017.07.12-11.42.30:494][546]LogModuleManager: Shutting down and abandoning module OnlineBlueprintSupport (42)
[2017.07.12-11.42.30:494][546]LogModuleManager: Shutting down and abandoning module OnlineSubsystem (38)
[2017.07.12-11.42.30:494][546]LogOnline:Display: Unloading online subsystem: NULL
[2017.07.12-11.42.30:494][546]LogModuleManager: Shutting down and abandoning module XMPP (37)
[2017.07.12-11.42.30:494][546]LogModuleManager: Shutting down and abandoning module HTTP (35)
[2017.07.12-11.42.30:494][546]LogHttp:Display: Http module shutting down, but needs to wait on 1 outstanding Http requests:
[2017.07.12-11.42.30:494][546]LogHttp:Display: 	verb=[POST] url=[https://datarouter.ol.epicgames.com/datarouter/api/v1/public/data?SessionID=%7BF676999D-4B2D-CAB1-1AAF-C0AFD8BF8BBD%7D&AppID=UEEditor.Rocket.Release&AppVersion=4.15.3-3450819%2B%2B%2BUE4%2BRelease-4.15&UserID=203cd22846209b4f8b77d28ccf32e6ff%7C89273462bd32443db345d53368ac8829%7Cb72b80ad-e83e-444b-86be-783fb756f975&AppEnvironment=datacollector-binary&UploadType=eteventstream] status=Processing
[2017.07.12-11.42.30:506][546]LogModuleManager: Shutting down and abandoning module SSL (34)
[2017.07.12-11.42.30:507][546]LogModuleManager: Shutting down and abandoning module AudioEditor (30)
[2017.07.12-11.42.30:507][546]LogModuleManager: Shutting down and abandoning module TextureCompressor (28)
[2017.07.12-11.42.30:507][546]LogModuleManager: Shutting down and abandoning module ShaderCore (26)
[2017.07.12-11.42.30:507][546]LogModuleManager: Shutting down and abandoning module Landscape (24)
[2017.07.12-11.42.30:507][546]LogModuleManager: Shutting down and abandoning module SlateRHIRenderer (22)
[2017.07.12-11.42.30:508][546]LogModuleManager: Shutting down and abandoning module OpenGLDrv (20)
[2017.07.12-11.42.30:508][546]LogModuleManager: Shutting down and abandoning module D3D11RHI (18)
[2017.07.12-11.42.30:508][546]LogModuleManager: Shutting down and abandoning module AnimGraphRuntime (16)
[2017.07.12-11.42.30:508][546]LogModuleManager: Shutting down and abandoning module Renderer (14)
[2017.07.12-11.42.30:508][546]LogModuleManager: Shutting down and abandoning module Engine (12)
[2017.07.12-11.42.30:508][546]LogModuleManager: Shutting down and abandoning module CoreUObject (10)
[2017.07.12-11.42.30:508][546]LogModuleManager: Shutting down and abandoning module NetworkFile (8)
[2017.07.12-11.42.30:508][546]LogModuleManager: Shutting down and abandoning module StreamingFile (6)
[2017.07.12-11.42.30:508][546]LogModuleManager: Shutting down and abandoning module SandboxFile (4)
[2017.07.12-11.42.30:508][546]LogModuleManager: Shutting down and abandoning module PakFile (2)
[2017.07.12-11.42.30:510][546]LogExit: Exiting.
[2017.07.12-11.42.30:512][546]Log file closed, 07/12/17 14:42:30
