Log file open, 02/20/18 19:17:52
LogInit:Display: Running engine for game: TimeKill
LogPlatformFile: Not using cached read wrapper
LogInit:Display: RandInit(1760637594) SRandInit(1760637594).
LogTaskGraph: Started task graph with 5 named threads and 8 total threads with 1 sets of task threads.
LogStats: Stats thread started at 0.079034
LogInit: Using libcurl 7.47.1
LogInit:  - built for x86_64-pc-win32
LogInit:  - supports SSL with OpenSSL/1.0.2g
LogInit:  - supports HTTP deflate (compression) using libz 1.2.8
LogInit:  - other features:
LogInit:      CURL_VERSION_SSL
LogInit:      CURL_VERSION_LIBZ
LogInit:      CURL_VERSION_IPV6
LogInit:      CURL_VERSION_ASYNCHDNS
LogInit:      CURL_VERSION_LARGEFILE
LogInit:      CURL_VERSION_IDN
LogInit:  CurlRequestOptions (configurable via config and command line):
LogInit:  - bVerifyPeer = false  - Libcurl will NOT verify peer certificate
LogInit:  - bUseHttpProxy = false  - Libcurl will NOT use HTTP proxy
LogInit:  - bDontReuseConnections = false  - Libcurl will reuse connections
LogInit:  - CertBundlePath = nullptr  - Libcurl will use whatever was configured at build time.
LogInit: Build: ++UE4+Release-4.15-CL-3450819
LogInit: Engine Version: 4.15.3-3450819+++UE4+Release-4.15
LogInit: Compatible Engine Version: 4.15.0-3299760+++UE4+Release-4.15
LogInit: Net CL: 3299760
LogDevObjectVersion: Number of dev versions registered: 14
LogDevObjectVersion:   Dev-Blueprints (B0D832E4-1F89-4F0D-ACCF-7EB736FD4AA2): 8
LogDevObjectVersion:   Dev-Build (E1C64328-A22C-4D53-A36C-8E866417BD8C): 0
LogDevObjectVersion:   Dev-Core (375EC13C-06E4-48FB-B500-84F0262A717E): 2
LogDevObjectVersion:   Dev-Editor (E4B068ED-F494-42E9-A231-DA0B2E46BB41): 14
LogDevObjectVersion:   Dev-Framework (CFFC743F-43B0-4480-9391-14DF171D2073): 22
LogDevObjectVersion:   Dev-Mobile (B02B49B5-BB20-44E9-A304-32B752E40360): 0
LogDevObjectVersion:   Dev-Networking (A4E4105C-59A1-49B5-A7C5-40C4547EDFEE): 0
LogDevObjectVersion:   Dev-Online (39C831C9-5AE6-47DC-9A44-9C173E1C8E7C): 0
LogDevObjectVersion:   Dev-Physics (78F01B33-EBEA-4F98-B9B4-84EACCB95AA2): 0
LogDevObjectVersion:   Dev-Platform (6631380F-2D4D-43E0-8009-CF276956A95A): 0
LogDevObjectVersion:   Dev-Rendering (12F88B9F-8875-4AFC-A67C-D90C383ABD29): 12
LogDevObjectVersion:   Dev-Sequencer (7B5AE74C-D270-4C10-A958-57980B212A5A): 3
LogDevObjectVersion:   Dev-VR (D7296918-1DD6-4BDD-9DE2-64A83CC13884): 0
LogDevObjectVersion:   Dev-LoadTimes (C2A15278-BFE7-4AFE-6C17-90FF531DF755): 1
LogInit: Compiled (64-bit): May 21 2017 11:02:34
LogInit: Compiled with Visual C++: 19.00.23026.00
LogInit: Build Configuration: Development
LogInit: Branch Name: ++UE4+Release-4.15
LogInit: Command line:  
LogInit: Base directory: D:/Program Files/Epic Games/UE_4.15/Engine/Binaries/Win64/
LogInit: Installed Engine Build: 1
LogInit: Presizing for max 8388607 objects, including 0 objects not considered by GC, pre-allocating 0 bytes for permanent pool.
LogInit: Object subsystem initialized
[2018.02.20-16.17.53:845][  0]LogInit: Selected Device Profile: [Windows]
[2018.02.20-16.17.53:845][  0]LogInit: Applying CVar settings loaded from the selected device profile: [Windows]
[2018.02.20-16.17.53:857][  0]LogInit: Computer: DESKTOP-S9EOI2C
[2018.02.20-16.17.53:857][  0]LogInit: User: IzPOD
[2018.02.20-16.17.53:857][  0]LogInit: CPU Page size=65536, Cores=4
[2018.02.20-16.17.53:857][  0]LogInit: High frequency timer resolution =3.312787 MHz
[2018.02.20-16.17.53:857][  0]LogMemory: Memory total: Physical=7.9GB (8GB approx)
[2018.02.20-16.17.53:857][  0]LogMemory: Platform Memory Stats for Windows
[2018.02.20-16.17.53:857][  0]LogMemory: Process Physical Memory: 262.34 MB used, 262.34 MB peak
[2018.02.20-16.17.53:857][  0]LogMemory: Process Virtual Memory: 262.25 MB used, 262.25 MB peak
[2018.02.20-16.17.53:857][  0]LogMemory: Physical Memory: 5745.61 MB used,  2379.19 MB free, 8124.80 MB total
[2018.02.20-16.17.53:857][  0]LogMemory: Virtual Memory: 677.38 MB used,  2379.19 MB free, 134217728.00 MB total
[2018.02.20-16.17.53:970][  0]LogTextLocalizationManager: No translations for ('ru-RU') exist, falling back to 'en' for localization and internationalization data.
[2018.02.20-16.17.54:601][  0]LogD3D11RHI: D3D11 adapters:
[2018.02.20-16.17.54:652][  0]LogD3D11RHI:    0. 'NVIDIA GeForce GTX 670' (Feature Level 11_0)
[2018.02.20-16.17.54:652][  0]LogD3D11RHI:       2007/0/4062 MB DedicatedVideo/DedicatedSystem/SharedSystem, Outputs:1, VendorId:0x10de
[2018.02.20-16.17.54:656][  0]LogD3D11RHI:    1. 'Microsoft Basic Render Driver' (Feature Level 11_0)
[2018.02.20-16.17.54:656][  0]LogD3D11RHI:       0/0/4062 MB DedicatedVideo/DedicatedSystem/SharedSystem, Outputs:0, VendorId:0x1414
[2018.02.20-16.17.54:656][  0]LogD3D11RHI: Chosen D3D11 Adapter: 0
[2018.02.20-16.17.54:662][  0]LogD3D11RHI: Creating new Direct3DDevice
[2018.02.20-16.17.54:662][  0]LogD3D11RHI:     GPU DeviceId: 0x1189 (for the marketing name, search the web for "GPU Device Id")
[2018.02.20-16.17.54:662][  0]LogWindows: EnumDisplayDevices:
[2018.02.20-16.17.54:662][  0]LogWindows:    0. 'NVIDIA GeForce GTX 670' (P:1 D:1)
[2018.02.20-16.17.54:662][  0]LogWindows:    1. 'NVIDIA GeForce GTX 670' (P:0 D:0)
[2018.02.20-16.17.54:662][  0]LogWindows:    2. 'NVIDIA GeForce GTX 670' (P:0 D:0)
[2018.02.20-16.17.54:663][  0]LogWindows:    3. 'NVIDIA GeForce GTX 670' (P:0 D:0)
[2018.02.20-16.17.54:663][  0]LogWindows: DebugString: GetVideoDriverDetailsInvalid PrimaryIsNotTheChoosenAdapter GetVideoDriverDetailsInvalid PrimaryIsNotTheChoosenAdapter GetVideoDriverDetailsInvalid PrimaryIsNotTheChoosenAdapter GetVideoDriverDetailsInvalid PrimaryIsNotTheChoosenAdapter FoundDriverCount:0 
[2018.02.20-16.17.54:663][  0]LogD3D11RHI:     Adapter Name: NVIDIA GeForce GTX 670
[2018.02.20-16.17.54:663][  0]LogD3D11RHI:   Driver Version: Unknown (internal:Unknown, unified:Unknown)
[2018.02.20-16.17.54:663][  0]LogD3D11RHI:      Driver Date: Unknown
[2018.02.20-16.17.54:663][  0]LogRHI: Texture pool is 1361 MB (70% of 1945 MB)
[2018.02.20-16.17.54:694][  0]LogD3D11RHI:Warning: Timestamp queries are currently disabled on this hardware due to instability. Realtime GPU stats will not be available. You can override this behaviour by setting r.NVIDIATimestampWorkaround to 0
[2018.02.20-16.17.54:694][  0]LogD3D11RHI: Async texture creation enabled
[2018.02.20-16.17.54:782][  0]LogD3D11RHI: GPU Timing Frequency: 1000.000000 (Debug: 2 2)
[2018.02.20-16.17.54:783][  0]LogShaderCompilers: Guid format shader working directory is -10 characters bigger than the processId version (../../../../../../P - programist/UE4/Timekill1/TimeKill/Intermediate/Shaders/WorkingDirectory/11888/).
[2018.02.20-16.17.54:783][  0]LogShaderCompilers: Cleaned the shader compiler working directory 'C:/Users/IzPOD/AppData/Local/Temp/UnrealShaderWorkingDir/03F449E34F35A4D07ED481A91749D27A/'.
[2018.02.20-16.17.54:783][  0]LogShaderCompilers:Display: Using Local Shader Compiler.
[2018.02.20-16.17.56:288][  0]LogTemp:Display: Loaded TP AllDesktopTargetPlatform
[2018.02.20-16.17.56:345][  0]LogTemp:Display: Loaded TP MacClientTargetPlatform
[2018.02.20-16.17.56:402][  0]LogTemp:Display: Loaded TP MacNoEditorTargetPlatform
[2018.02.20-16.17.56:500][  0]LogTemp:Display: Loaded TP MacServerTargetPlatform
[2018.02.20-16.17.56:573][  0]LogTemp:Display: Loaded TP MacTargetPlatform
[2018.02.20-16.17.56:630][  0]LogTemp:Display: Loaded TP WindowsClientTargetPlatform
[2018.02.20-16.17.56:685][  0]LogTemp:Display: Loaded TP WindowsNoEditorTargetPlatform
[2018.02.20-16.17.56:741][  0]LogTemp:Display: Loaded TP WindowsServerTargetPlatform
[2018.02.20-16.17.56:787][  0]LogTemp:Display: Loaded TP WindowsTargetPlatform
[2018.02.20-16.17.56:874][  0]LogTemp:Display: Loaded TP AndroidTargetPlatform
[2018.02.20-16.17.56:934][  0]LogTemp:Display: Loaded TP Android_ASTCTargetPlatform
[2018.02.20-16.17.56:991][  0]LogTemp:Display: Loaded TP Android_ATCTargetPlatform
[2018.02.20-16.17.57:047][  0]LogTemp:Display: Loaded TP Android_DXTTargetPlatform
[2018.02.20-16.17.57:103][  0]LogTemp:Display: Loaded TP Android_ETC1TargetPlatform
[2018.02.20-16.17.57:169][  0]LogTemp:Display: Loaded TP Android_ETC2TargetPlatform
[2018.02.20-16.17.57:302][  0]LogTemp:Display: Loaded TP Android_MultiTargetPlatform
[2018.02.20-16.17.57:302][  0]LogTemp:Display: Loaded TP Android_PVRTCTargetPlatform
[2018.02.20-16.17.57:344][  0]LogTemp:Display: Loaded TP HTML5TargetPlatform
[2018.02.20-16.17.57:511][  0]LogTemp:Display: Loaded TP IOSTargetPlatform
[2018.02.20-16.17.57:551][  0]LogTemp:Display: Loaded TP TVOSTargetPlatform
[2018.02.20-16.17.57:640][  0]LogTemp:Display: Loaded TP LinuxClientTargetPlatform
[2018.02.20-16.17.57:696][  0]LogTemp:Display: Loaded TP LinuxNoEditorTargetPlatform
[2018.02.20-16.17.57:753][  0]LogTemp:Display: Loaded TP LinuxServerTargetPlatform
[2018.02.20-16.17.57:861][  0]LogTemp:Display: Loaded TP LinuxTargetPlatform
[2018.02.20-16.17.57:861][  0]LogTargetPlatformManager:Display: Building Assets For Windows
[2018.02.20-16.17.58:691][  0]LogDerivedDataCache:Display: Max Cache Size: 512 MB
[2018.02.20-16.17.58:800][  0]LogDerivedDataCache: Loaded boot cache 0.11s 50MB C:/Users/IzPOD/AppData/Local/UnrealEngine/4.15/DerivedDataCache/Boot.ddc.
[2018.02.20-16.17.58:801][  0]LogDerivedDataCache:Display: Loaded Boot cache: C:/Users/IzPOD/AppData/Local/UnrealEngine/4.15/DerivedDataCache/Boot.ddc
[2018.02.20-16.17.58:801][  0]LogDerivedDataCache: FDerivedDataBackendGraph:  Pak pak cache file ../../../../../../P - programist/UE4/Timekill1/TimeKill/DerivedDataCache/DDC.ddp not found, will not use a pak cache.
[2018.02.20-16.17.58:801][  0]LogDerivedDataCache: Unable to find inner node Pak for hierarchical cache Hierarchy.
[2018.02.20-16.17.58:801][  0]LogDerivedDataCache: FDerivedDataBackendGraph:  CompressedPak pak cache file ../../../../../../P - programist/UE4/Timekill1/TimeKill/DerivedDataCache/Compressed.ddp not found, will not use a pak cache.
[2018.02.20-16.17.58:801][  0]LogDerivedDataCache: Unable to find inner node CompressedPak for hierarchical cache Hierarchy.
[2018.02.20-16.17.58:833][  0]LogDerivedDataCache:Display: Pak cache opened for reading ../../../Engine/DerivedDataCache/Compressed.ddp.
[2018.02.20-16.17.58:847][  0]LogDerivedDataCache: Using Local data cache path C:/Users/IzPOD/AppData/Local/UnrealEngine/Common/DerivedDataCache: Writable
[2018.02.20-16.17.58:857][  0]LogSlate: Using Freetype 2.6.0
[2018.02.20-16.17.58:901][  0]LogSlate: SlateFontCache - WITH_FREETYPE: 1, WITH_HARFBUZZ: 1
[2018.02.20-16.17.58:901][  0]LogSlate: SlateFontCache - WITH_FREETYPE: 1, WITH_HARFBUZZ: 1
[2018.02.20-16.18.04:760][  0]LogInit: Selected Device Profile: [Windows]
[2018.02.20-16.18.04:763][  0]LogContentStreaming: Texture pool size is 0.00 MB
[2018.02.20-16.18.05:020][  0]LogMeshUtilities: Using QuadricMeshReduction for automatic static mesh reduction
[2018.02.20-16.18.05:091][  0]LogSimplygon: Simplygon DLL not present - disabling.
[2018.02.20-16.18.05:165][  0]LogMeshUtilities: Using SimplygonSwarm for distributed automatic mesh merging
[2018.02.20-16.18.05:165][  0]LogMeshUtilities: No automatic skeletal mesh reduction module available
[2018.02.20-16.18.05:165][  0]LogMeshUtilities: No automatic mesh merging module available
[2018.02.20-16.18.06:189][  0]LogNetVersion: GetLocalNetworkVersion: CL: 3299760, ProjectName: timekill, ProjectVersion: , EngineNetworkVersion: 2, GameNetworkVersion: 0, NetworkChecksum: 844999791
[2018.02.20-16.18.06:268][  0]LogAssetRegistry: FAssetRegistry took 0.0237 seconds to start up
[2018.02.20-16.18.06:357][  0]LogPackageLocalizationCache: Processed 3 localized package path(s) for 1 prioritized culture(s) in 0.070098 seconds
[2018.02.20-16.18.06:363][  0]LogUObjectArray: 32493 objects as part of root set at end of initial load.
[2018.02.20-16.18.06:363][  0]LogUObjectAllocator: 7077024 out of 0 bytes used by permanent object pool.
[2018.02.20-16.18.06:363][  0]LogUObjectArray: CloseDisregardForGC: 0/0 objects in disregard for GC pool
[2018.02.20-16.18.06:446][  0]LogInit: WinSock: version 1.1 (2.2), MaxSocks=32767, MaxUdp=65467
[2018.02.20-16.18.14:839][  0]LogTcpMessaging: Initializing TcpMessaging bridge
[2018.02.20-16.18.14:917][  0]LogUdpMessaging: Initializing bridge on interface 0.0.0.0:0 to multicast group 230.0.0.1:6666.
[2018.02.20-16.18.16:401][  0]LogMaterial: Uniform references updated for custom material expression Custom.
[2018.02.20-16.18.17:353][  0]SourceControl: Info Source control is disabled
[2018.02.20-16.18.17:371][  0]SourceControl: Info Source control is disabled
[2018.02.20-16.18.17:535][  0]SourceControl: Info Source control is disabled
[2018.02.20-16.18.17:621][  0]SourceControl: Info Source control is disabled
[2018.02.20-16.18.18:438][  0]LogLinker:Warning: Can't find file '/Game/PuzzleBP/Tutorial/Part1-Overview'
[2018.02.20-16.18.18:438][  0]LogLinker:Warning: Can't find file '/Game/PuzzleBP/Tutorial/Part1-Overview'
[2018.02.20-16.18.18:438][  0]LogUObjectGlobals:Warning: Failed to find object 'Class /Game/PuzzleBP/Tutorial/Part1-Overview.Part1-Overview_C'
[2018.02.20-16.18.18:438][  0]LogLinker:Warning: Can't find file '/Game/PuzzleBP/Tutorial/Part2-BlockBlueprint'
[2018.02.20-16.18.18:438][  0]LogLinker:Warning: Can't find file '/Game/PuzzleBP/Tutorial/Part2-BlockBlueprint'
[2018.02.20-16.18.18:438][  0]LogUObjectGlobals:Warning: Failed to find object 'Class /Game/PuzzleBP/Tutorial/Part2-BlockBlueprint.Part2-BlockBlueprint_C'
[2018.02.20-16.18.20:252][  0]LogEngine: Initializing Engine...
[2018.02.20-16.18.20:254][  0]LogHMD: Failed to initialize OpenVR with code 110
[2018.02.20-16.18.20:786][  0]LogStats: UGameplayTagsManager::ConstructGameplayTagTree: Construct from data asset -  0.000 s
[2018.02.20-16.18.20:786][  0]LogStats: UGameplayTagsManager::ConstructGameplayTagTree: GameplayTagTreeChangedEvent.Broadcast -  0.000 s
[2018.02.20-16.18.21:019][  0]LogAIModule: Creating AISystem for world Untitled
[2018.02.20-16.18.21:035][  0]LogInit: XAudio2 using 'Динамики (Logitech G430 Gaming Headset)' : 8 channels at 48 kHz using 16 bits per sample (channel mask 0x63f)
[2018.02.20-16.18.21:070][  0]LogInit: FAudioDevice initialized.
[2018.02.20-16.18.21:101][  0]LogDerivedDataCache: Saved boot cache 0.03s 50MB C:/Users/IzPOD/AppData/Local/UnrealEngine/4.15/DerivedDataCache/Boot.ddc.
[2018.02.20-16.18.21:110][  0]LogInit: Texture streaming: Enabled
[2018.02.20-16.18.21:311][  0]LogEngineSessionManager: EngineSessionManager initialized
[2018.02.20-16.18.21:962][  0]LogInit: Transaction tracking system initialized
[2018.02.20-16.18.24:772][  0]BlueprintLog: New page: Editor Load
[2018.02.20-16.18.29:942][  0]LocalizationService: Info Localization service is disabled
[2018.02.20-16.18.35:880][  0]LogConsoleResponse:Display: 
[2018.02.20-16.18.45:162][  0]LogFileCache: Scanning file cache for directory 'D:/P - programist/UE4/Timekill1/TimeKill/Content/' took 0.01s
[2018.02.20-16.18.45:162][  0]LogCook:Display: Max memory allowance for cook 16384mb min free memory 0mb
[2018.02.20-16.18.45:162][  0]LogCook:Display: Mobile HDR setting 0
[2018.02.20-16.18.51:646][  0]SourceControl: Info Source control is disabled
[2018.02.20-16.18.52:073][  0]Cmd: MAP LOAD FILE="../../../../../../P - programist/UE4/Timekill1/TimeKill/Content/GameLavel.umap" TEMPLATE=0 SHOWPROGRESS=1 FEATURELEVEL=3
[2018.02.20-16.18.52:263][  0]LightingResults: New page: Lighting Build
[2018.02.20-16.18.52:615][  0]MapCheck: New page: Map Check
[2018.02.20-16.18.52:615][  0]LightingResults: New page: Lighting Build
[2018.02.20-16.19.00:019][  0]LogAIModule: Creating AISystem for world GameLavel
[2018.02.20-16.19.00:528][  0]LogEditorServer: Finished looking for orphan Actors (0.000 secs)
[2018.02.20-16.19.00:624][  0]Cmd: MAP CHECKDEP NOCLEARLOG
[2018.02.20-16.19.00:765][  0]MapCheck: Info Map check complete: 0 Error(s), 0 Warning(s), took 140.995ms to complete.
[2018.02.20-16.19.00:765][  0]LogFileHelpers: Loading map 'GameLavel' took 8.891
[2018.02.20-16.19.05:856][  0]LogCollectionManager: Loaded 1 collections in 0.074351 seconds
[2018.02.20-16.19.06:697][  0]LogFileCache: Scanning file cache for directory 'D:/P - programist/UE4/Timekill1/TimeKill/Saved/Collections/' took 0.01s
[2018.02.20-16.19.06:697][  0]LogFileCache: Scanning file cache for directory 'D:/P - programist/UE4/Timekill1/TimeKill/Content/Developers/IzPOD/Collections/' took 0.01s
[2018.02.20-16.19.06:698][  0]LogFileCache: Scanning file cache for directory 'D:/P - programist/UE4/Timekill1/TimeKill/Content/Collections/' took 0.01s
[2018.02.20-16.19.06:698][  0]LogCollectionManager: Rebuilt the GUID cache for 1 collections in 0.000006 seconds
[2018.02.20-16.19.06:698][  0]LogCollectionManager: Rebuilt the hierarchy cache for 1 collections in 0.000000 seconds
[2018.02.20-16.19.06:715][  0]LogContentBrowser: Native class hierarchy populated in 0.0125 seconds. Added 2246 classes and 455 folders.
[2018.02.20-16.19.07:081][  0]LogContentBrowser: Native class hierarchy updated for 'WidgetCarousel' in 0.0006 seconds. Added 0 classes and 0 folders.
[2018.02.20-16.19.09:941][  0]LogContentBrowser: Native class hierarchy updated for 'AddContentDialog' in 0.0006 seconds. Added 0 classes and 0 folders.
[2018.02.20-16.19.10:208][  0]LogCrashTracker: Crashtracker disabled due to settings.
[2018.02.20-16.19.11:017][  0]LogUObjectGlobals:Warning: Failed to find object 'Class None.'
[2018.02.20-16.19.11:513][  0]LogContentBrowser: Native class hierarchy updated for 'HierarchicalLODOutliner' in 0.0006 seconds. Added 1 classes and 2 folders.
[2018.02.20-16.19.11:513][  0]LogLoad: (Engine Initialization) Total time: 79.61 seconds
[2018.02.20-16.19.11:513][  0]LogLoad: (Engine Initialization) Total Blueprint compile time: 1.07 seconds
[2018.02.20-16.19.11:513][  0]LogExternalProfiler: No external profilers were discovered.  External profiling features will not be available.
[2018.02.20-16.19.11:904][  0]LogOcInput: OculusInput pre-init called
[2018.02.20-16.19.12:661][  0]LogContentStreaming: Texture pool size now 1000 MB
[2018.02.20-16.19.12:765][  0]LogSlate: Took 0.102150 seconds to synchronously load lazily loaded font '../../../Engine/Content/Slate/Fonts/Roboto-Regular.ttf' (155K)
[2018.02.20-16.19.12:819][  0]LogSlate: Took 0.028017 seconds to synchronously load lazily loaded font '../../../Engine/Content/Slate/Fonts/Roboto-Bold.ttf' (160K)
[2018.02.20-16.19.13:117][  0]LogSlate: Took 0.035612 seconds to synchronously load lazily loaded font '../../../Engine/Content/Editor/Slate/Fonts/FontAwesome.ttf' (139K)
[2018.02.20-16.19.15:067][  0]LogRenderer: Reallocating scene render targets to support 1068x936 NumSamples 1 (Frame:2).
[2018.02.20-16.19.16:833][  0]LogSlate: Took 0.064224 seconds to synchronously load lazily loaded font '../../../Engine/Content/Slate/Fonts/Roboto-Light.ttf' (159K)
[2018.02.20-16.19.18:111][  3]LogAssetRegistry: Asset discovery search completed in 71.8673 seconds
[2018.02.20-16.19.18:115][  3]LogCollectionManager: Rebuilt the object cache for 1 collections in 0.003935 seconds (found 0 objects)
[2018.02.20-16.19.18:115][  3]LogCollectionManager: Fixed up redirectors for 1 collections in 0.003980 seconds (updated 0 objects)
[2018.02.20-16.19.18:828][ 37]LogTemp: Repeting last play command: New Editor Window (PIE)
[2018.02.20-16.19.19:113][ 37]LogBlueprintUserMessages: Early PlayInEditor Detection: Level '/Game/GameLavel.GameLavel:PersistentLevel' has LevelScriptBlueprint '/Game/GameLavel.GameLavel:PersistentLevel.GameLavel' with GeneratedClass '/Game/GameLavel.GameLavel_C' with ClassGeneratedBy '/Game/GameLavel.GameLavel:PersistentLevel.GameLavel'
[2018.02.20-16.19.19:139][ 37]LogPlayLevel: PlayLevel: No blueprints needed recompiling
[2018.02.20-16.19.19:139][ 37]PIE: New page: PIE session: GameLavel (Feb 20, 2018, 10:19:19 PM)
[2018.02.20-16.19.19:140][ 37]LogPlayLevel: Creating play world package: /Game/UEDPIE_0_GameLavel
[2018.02.20-16.19.19:202][ 37]LogPlayLevel: PIE: StaticDuplicateObject took: (0.061952s)
[2018.02.20-16.19.19:202][ 37]LogAIModule: Creating AISystem for world GameLavel
[2018.02.20-16.19.19:230][ 37]LogPlayLevel: PIE: World Init took: (0.027756s)
[2018.02.20-16.19.19:230][ 37]LogPlayLevel: PIE: Created PIE world by copying editor world from /Game/GameLavel.GameLavel to /Game/UEDPIE_0_GameLavel.GameLavel (0.090637s)
[2018.02.20-16.19.19:255][ 37]LogInit: XAudio2 using 'Динамики (Logitech G430 Gaming Headset)' : 8 channels at 48 kHz using 16 bits per sample (channel mask 0x63f)
[2018.02.20-16.19.19:271][ 37]LogInit: FAudioDevice initialized.
[2018.02.20-16.19.19:380][ 37]LogLoad: Game class is 'Mouse_GameMode_C'
[2018.02.20-16.19.19:405][ 37]LogWorld: Bringing World /Game/UEDPIE_0_GameLavel.GameLavel up for play (max tick rate 0) at 2018.02.20-19.19.19
[2018.02.20-16.19.19:406][ 37]LogWorld: Bringing up level for play took: 0.001925
[2018.02.20-16.19.19:444][ 37]LogContentBrowser: Native class hierarchy updated for 'MovieSceneCapture' in 0.0006 seconds. Added 11 classes and 0 folders.
[2018.02.20-16.19.19:451][ 37]LogScript:Warning: Accessed None trying to read property CallFunc_FinishSpawningActor_ReturnValue2
	Player1_C /Game/UEDPIE_0_GameLavel.GameLavel:PersistentLevel.Player1_97
	Function /Game/Blueprints/Player1.Player1_C:ExecuteUbergraph_Player1:08FE
[2018.02.20-16.19.19:451][ 37]PIE:Error: Error Blueprint Runtime Error: Accessed None trying to read property CallFunc_FinishSpawningActor_ReturnValue2 from function: 'ExecuteUbergraph_Player1' from node: DestroyActor in graph: EventGraph in object: Player1 with description: Accessed None trying to read property CallFunc_FinishSpawningActor_ReturnValue2
[2018.02.20-16.19.19:451][ 37]LogScript:Warning: Accessed None trying to read property CallFunc_FinishSpawningActor_ReturnValue
	Player1_C /Game/UEDPIE_0_GameLavel.GameLavel:PersistentLevel.Player1_97
	Function /Game/Blueprints/Player1.Player1_C:ExecuteUbergraph_Player1:0922
[2018.02.20-16.19.19:451][ 37]PIE:Error: Error Blueprint Runtime Error: Accessed None trying to read property CallFunc_FinishSpawningActor_ReturnValue from function: 'ExecuteUbergraph_Player1' from node: DestroyActor in graph: EventGraph in object: Player1 with description: Accessed None trying to read property CallFunc_FinishSpawningActor_ReturnValue
[2018.02.20-16.19.19:451][ 37]LogScript:Warning: Accessed None trying to read property CallFunc_FinishSpawningActor_ReturnValue3
	Player1_C /Game/UEDPIE_0_GameLavel.GameLavel:PersistentLevel.Player1_97
	Function /Game/Blueprints/Player1.Player1_C:ExecuteUbergraph_Player1:0946
[2018.02.20-16.19.19:451][ 37]PIE:Error: Error Blueprint Runtime Error: Accessed None trying to read property CallFunc_FinishSpawningActor_ReturnValue3 from function: 'ExecuteUbergraph_Player1' from node: DestroyActor in graph: EventGraph in object: Player1 with description: Accessed None trying to read property CallFunc_FinishSpawningActor_ReturnValue3
[2018.02.20-16.19.19:451][ 37]LogScript:Warning: Accessed None trying to read property CallFunc_FinishSpawningActor_ReturnValue4
	Player1_C /Game/UEDPIE_0_GameLavel.GameLavel:PersistentLevel.Player1_97
	Function /Game/Blueprints/Player1.Player1_C:ExecuteUbergraph_Player1:096A
[2018.02.20-16.19.19:451][ 37]PIE:Error: Error Blueprint Runtime Error: Accessed None trying to read property CallFunc_FinishSpawningActor_ReturnValue4 from function: 'ExecuteUbergraph_Player1' from node: DestroyActor in graph: EventGraph in object: Player1 with description: Accessed None trying to read property CallFunc_FinishSpawningActor_ReturnValue4
[2018.02.20-16.19.19:540][ 37]PIE: Info Play in editor start time for /Game/UEDPIE_0_GameLavel 0.493
[2018.02.20-16.19.19:615][ 37]LogBlueprintUserMessages: Late PlayInEditor Detection: Level '/Game/GameLavel.GameLavel:PersistentLevel' has LevelScriptBlueprint '/Game/GameLavel.GameLavel:PersistentLevel.GameLavel' with GeneratedClass '/Game/GameLavel.GameLavel_C' with ClassGeneratedBy '/Game/GameLavel.GameLavel:PersistentLevel.GameLavel'
[2018.02.20-16.19.20:043][ 37]LogRenderer: Reallocating scene render targets to support 1068x996 NumSamples 1 (Frame:6).
[2018.02.20-16.19.21:165][110]LogScript:Warning: Accessed None trying to read property Win_or_Lose_Variable
	Player1_C /Game/UEDPIE_0_GameLavel.GameLavel:PersistentLevel.Player1_97
	Function /Game/Blueprints/Player1.Player1_C:ExecuteUbergraph_Player1:0D9D
[2018.02.20-16.19.21:165][110]PIE:Error: Error Blueprint Runtime Error: Accessed None trying to read property Win_or_Lose_Variable from function: 'ExecuteUbergraph_Player1' from node: DestroyActor in graph: EventGraph in object: Player1 with description: Accessed None trying to read property Win_or_Lose_Variable
[2018.02.20-16.19.36:805][918]LogScript:Warning: Attempted to access Mishen_C_7 via property CallFunc_FinishSpawningActor_ReturnValue2, but Mishen_C_7 is pending kill
	Player1_C /Game/UEDPIE_0_GameLavel.GameLavel:PersistentLevel.Player1_97
	Function /Game/Blueprints/Player1.Player1_C:ExecuteUbergraph_Player1:08FE
[2018.02.20-16.19.36:806][918]PIE:Error: Error Blueprint Runtime Error: Attempted to access Mishen_C_7 via property CallFunc_FinishSpawningActor_ReturnValue2, but Mishen_C_7 is pending kill from function: 'ExecuteUbergraph_Player1' from node: DestroyActor in graph: EventGraph in object: Player1 with description: Attempted to access Mishen_C_7 via property CallFunc_FinishSpawningActor_ReturnValue2, but Mishen_C_7 is pending kill
[2018.02.20-16.19.36:806][918]LogScript:Warning: Attempted to access Mishen_C_6 via property CallFunc_FinishSpawningActor_ReturnValue, but Mishen_C_6 is pending kill
	Player1_C /Game/UEDPIE_0_GameLavel.GameLavel:PersistentLevel.Player1_97
	Function /Game/Blueprints/Player1.Player1_C:ExecuteUbergraph_Player1:0922
[2018.02.20-16.19.36:806][918]PIE:Error: Error Blueprint Runtime Error: Attempted to access Mishen_C_6 via property CallFunc_FinishSpawningActor_ReturnValue, but Mishen_C_6 is pending kill from function: 'ExecuteUbergraph_Player1' from node: DestroyActor in graph: EventGraph in object: Player1 with description: Attempted to access Mishen_C_6 via property CallFunc_FinishSpawningActor_ReturnValue, but Mishen_C_6 is pending kill
[2018.02.20-16.19.36:806][918]LogScript:Warning: Attempted to access Mishen_C_4 via property CallFunc_FinishSpawningActor_ReturnValue4, but Mishen_C_4 is pending kill
	Player1_C /Game/UEDPIE_0_GameLavel.GameLavel:PersistentLevel.Player1_97
	Function /Game/Blueprints/Player1.Player1_C:ExecuteUbergraph_Player1:096A
[2018.02.20-16.19.36:806][918]PIE:Error: Error Blueprint Runtime Error: Attempted to access Mishen_C_4 via property CallFunc_FinishSpawningActor_ReturnValue4, but Mishen_C_4 is pending kill from function: 'ExecuteUbergraph_Player1' from node: DestroyActor in graph: EventGraph in object: Player1 with description: Attempted to access Mishen_C_4 via property CallFunc_FinishSpawningActor_ReturnValue4, but Mishen_C_4 is pending kill
[2018.02.20-16.19.36:808][918]LogScript:Warning: Attempted to access Otschet_C_1 via property Krug_Otscheta, but Otschet_C_1 is pending kill
	Player1_C /Game/UEDPIE_0_GameLavel.GameLavel:PersistentLevel.Player1_97
	Function /Game/Blueprints/Player1.Player1_C:ExecuteUbergraph_Player1:0DDC
[2018.02.20-16.19.36:808][918]PIE:Error: Error Blueprint Runtime Error: Attempted to access Otschet_C_1 via property Krug_Otscheta, but Otschet_C_1 is pending kill from function: 'ExecuteUbergraph_Player1' from node: DestroyActor in graph: EventGraph in object: Player1 with description: Attempted to access Otschet_C_1 via property Krug_Otscheta, but Otschet_C_1 is pending kill
[2018.02.20-16.19.37:806][952]LogBlueprintUserMessages: Early EndPlayMap Detection: Level '/Game/GameLavel.GameLavel:PersistentLevel' has LevelScriptBlueprint '/Game/GameLavel.GameLavel:PersistentLevel.GameLavel' with GeneratedClass '/Game/GameLavel.GameLavel_C' with ClassGeneratedBy '/Game/GameLavel.GameLavel:PersistentLevel.GameLavel'
[2018.02.20-16.19.37:894][952]LogBlueprintUserMessages: Late EndPlayMap Detection: Level '/Game/GameLavel.GameLavel:PersistentLevel' has LevelScriptBlueprint '/Game/GameLavel.GameLavel:PersistentLevel.GameLavel' with GeneratedClass '/Game/GameLavel.GameLavel_C' with ClassGeneratedBy '/Game/GameLavel.GameLavel:PersistentLevel.GameLavel'
[2018.02.20-16.22.06:503][580]LogWindowsTextInputMethodSystem:Display: IME system now deactivated.
[2018.02.20-16.22.08:767][581]Cmd: QUIT_EDITOR
[2018.02.20-16.22.11:969][581]LogExit: Preparing to exit.
[2018.02.20-16.22.14:495][581]LogDirectoryWatcher: A directory notification for 'D:/P - programist/UE4/Timekill1/TimeKill/Content/' was aborted.
[2018.02.20-16.22.15:226][581]LogExit: Editor shut down
[2018.02.20-16.22.15:226][581]LogExit: Transaction tracking system shut down
