Log file open, 05/10/17 00:18:08
LogInit:Display: Running engine for game: TimeKill
LogPlatformFile: Not using cached read wrapper
LogInit:Display: RandInit(1106915066) SRandInit(1106915067).
LogTaskGraph: Started task graph with 5 named threads and 8 total threads with 1 sets of task threads.
LogStats: Stats thread started at 0.073961
LogInit: Using libcurl 7.47.1
LogInit:  - built for x86_64-pc-win32
LogInit:  - supports SSL with OpenSSL/1.0.2g
LogInit:  - supports HTTP deflate (compression) using libz 1.2.8
LogInit:  - other features:
LogInit:      CURL_VERSION_SSL
LogInit:      CURL_VERSION_LIBZ
LogInit:      CURL_VERSION_IPV6
LogInit:      CURL_VERSION_ASYNCHDNS
LogInit:      CURL_VERSION_LARGEFILE
LogInit:      CURL_VERSION_IDN
LogInit:  CurlRequestOptions (configurable via config and command line):
LogInit:  - bVerifyPeer = false  - Libcurl will NOT verify peer certificate
LogInit:  - bUseHttpProxy = false  - Libcurl will NOT use HTTP proxy
LogInit:  - bDontReuseConnections = false  - Libcurl will reuse connections
LogInit:  - CertBundlePath = nullptr  - Libcurl will use whatever was configured at build time.
LogInit: Build: ++UE4+Release-4.15-CL-3416026
LogInit: Engine Version: 4.15.2-3416026+++UE4+Release-4.15
LogInit: Compatible Engine Version: 4.15.0-3299760+++UE4+Release-4.15
LogInit: Net CL: 3299760
LogDevObjectVersion: Number of dev versions registered: 14
LogDevObjectVersion:   Dev-Blueprints (B0D832E4-1F89-4F0D-ACCF-7EB736FD4AA2): 8
LogDevObjectVersion:   Dev-Build (E1C64328-A22C-4D53-A36C-8E866417BD8C): 0
LogDevObjectVersion:   Dev-Core (375EC13C-06E4-48FB-B500-84F0262A717E): 2
LogDevObjectVersion:   Dev-Editor (E4B068ED-F494-42E9-A231-DA0B2E46BB41): 14
LogDevObjectVersion:   Dev-Framework (CFFC743F-43B0-4480-9391-14DF171D2073): 22
LogDevObjectVersion:   Dev-Mobile (B02B49B5-BB20-44E9-A304-32B752E40360): 0
LogDevObjectVersion:   Dev-Networking (A4E4105C-59A1-49B5-A7C5-40C4547EDFEE): 0
LogDevObjectVersion:   Dev-Online (39C831C9-5AE6-47DC-9A44-9C173E1C8E7C): 0
LogDevObjectVersion:   Dev-Physics (78F01B33-EBEA-4F98-B9B4-84EACCB95AA2): 0
LogDevObjectVersion:   Dev-Platform (6631380F-2D4D-43E0-8009-CF276956A95A): 0
LogDevObjectVersion:   Dev-Rendering (12F88B9F-8875-4AFC-A67C-D90C383ABD29): 12
LogDevObjectVersion:   Dev-Sequencer (7B5AE74C-D270-4C10-A958-57980B212A5A): 3
LogDevObjectVersion:   Dev-VR (D7296918-1DD6-4BDD-9DE2-64A83CC13884): 0
LogDevObjectVersion:   Dev-LoadTimes (C2A15278-BFE7-4AFE-6C17-90FF531DF755): 1
LogInit: Compiled (64-bit): May  1 2017 13:11:28
LogInit: Compiled with Visual C++: 19.00.23026.00
LogInit: Build Configuration: Development
LogInit: Branch Name: ++UE4+Release-4.15
LogInit: Command line:  /Temp/Autosaves/Temp/UEDPCUntitled_1 -game -PIEVIACONSOLE -ResX=720 -ResY=1280  -Multiprocess -messaging -SessionName="Play in Standalone Game" -windowed 
LogInit: Base directory: D:/Program Files/Epic Games/UE_4.15/Engine/Binaries/Win64/
LogInit: Installed Engine Build: 1
LogInit: Presizing for max 8388607 objects, including 0 objects not considered by GC, pre-allocating 0 bytes for permanent pool.
LogInit: Object subsystem initialized
[2017.05.09-21.18.09:411][  0]LogInit: Selected Device Profile: [Windows]
[2017.05.09-21.18.09:411][  0]LogInit: Applying CVar settings loaded from the selected device profile: [Windows]
[2017.05.09-21.18.09:415][  0]LogInit: Computer: DESKTOP-S9EOI2C
[2017.05.09-21.18.09:415][  0]LogInit: User: IzPOD
[2017.05.09-21.18.09:415][  0]LogInit: CPU Page size=65536, Cores=4
[2017.05.09-21.18.09:415][  0]LogInit: High frequency timer resolution =3.312786 MHz
[2017.05.09-21.18.09:415][  0]LogMemory: Memory total: Physical=7.9GB (8GB approx)
[2017.05.09-21.18.09:415][  0]LogMemory: Platform Memory Stats for Windows
[2017.05.09-21.18.09:415][  0]LogMemory: Process Physical Memory: 262.53 MB used, 262.53 MB peak
[2017.05.09-21.18.09:415][  0]LogMemory: Process Virtual Memory: 262.50 MB used, 262.50 MB peak
[2017.05.09-21.18.09:415][  0]LogMemory: Physical Memory: 4376.90 MB used,  3747.90 MB free, 8124.80 MB total
[2017.05.09-21.18.09:415][  0]LogMemory: Virtual Memory: 644.18 MB used,  3747.90 MB free, 134217728.00 MB total
[2017.05.09-21.18.09:487][  0]LogTextLocalizationManager: No translations for ('ru-RU') exist, falling back to 'en' for localization and internationalization data.
[2017.05.09-21.18.09:911][  0]LogD3D11RHI: D3D11 adapters:
[2017.05.09-21.18.09:930][  0]LogD3D11RHI:    0. 'NVIDIA GeForce GTX 670' (Feature Level 11_0)
[2017.05.09-21.18.09:930][  0]LogD3D11RHI:       2017/0/4062 MB DedicatedVideo/DedicatedSystem/SharedSystem, Outputs:1, VendorId:0x10de
[2017.05.09-21.18.09:931][  0]LogD3D11RHI:    1. 'Microsoft Basic Render Driver' (Feature Level 11_0)
[2017.05.09-21.18.09:931][  0]LogD3D11RHI:       0/0/4062 MB DedicatedVideo/DedicatedSystem/SharedSystem, Outputs:0, VendorId:0x1414
[2017.05.09-21.18.09:931][  0]LogD3D11RHI: Chosen D3D11 Adapter: 0
[2017.05.09-21.18.09:934][  0]LogD3D11RHI: Creating new Direct3DDevice
[2017.05.09-21.18.09:934][  0]LogD3D11RHI:     GPU DeviceId: 0x1189 (for the marketing name, search the web for "GPU Device Id")
[2017.05.09-21.18.09:934][  0]LogWindows: EnumDisplayDevices:
[2017.05.09-21.18.09:934][  0]LogWindows:    0. 'NVIDIA GeForce GTX 670' (P:1 D:1)
[2017.05.09-21.18.09:934][  0]LogWindows:    1. 'NVIDIA GeForce GTX 670' (P:0 D:0)
[2017.05.09-21.18.09:934][  0]LogWindows:    2. 'NVIDIA GeForce GTX 670' (P:0 D:0)
[2017.05.09-21.18.09:935][  0]LogWindows:    3. 'NVIDIA GeForce GTX 670' (P:0 D:0)
[2017.05.09-21.18.09:935][  0]LogWindows: DebugString: FoundDriverCount:4 
[2017.05.09-21.18.09:935][  0]LogD3D11RHI:     Adapter Name: NVIDIA GeForce GTX 670
[2017.05.09-21.18.09:935][  0]LogD3D11RHI:   Driver Version: 376.53 (internal:21.21.13.7653, unified:376.53)
[2017.05.09-21.18.09:935][  0]LogD3D11RHI:      Driver Date: 12-29-2016
[2017.05.09-21.18.09:935][  0]LogRHI: Texture pool is 1361 MB (70% of 1945 MB)
[2017.05.09-21.18.09:947][  0]LogD3D11RHI:Warning: Timestamp queries are currently disabled on this hardware due to instability. Realtime GPU stats will not be available. You can override this behaviour by setting r.NVIDIATimestampWorkaround to 0
[2017.05.09-21.18.09:948][  0]LogD3D11RHI: [Aftermath] Aftermath enabled but failed to initialize due to reason: DriverVersionNotSupported
[2017.05.09-21.18.09:948][  0]LogD3D11RHI: Async texture creation enabled
[2017.05.09-21.18.09:959][  0]LogD3D11RHI: GPU Timing Frequency: 1000.000000 (Debug: 2 1)
[2017.05.09-21.18.10:008][  0]LogShaderCompilers: Guid format shader working directory is -8 characters bigger than the processId version (../../../../../../P - programist/UE4/Timekill/TimeKill/Intermediate/Shaders/WorkingDirectory/2136/).
[2017.05.09-21.18.10:008][  0]LogShaderCompilers: Cleaned the shader compiler working directory 'C:/Users/IzPOD/AppData/Local/Temp/UnrealShaderWorkingDir/1A3CC8F54F57FA013C3F8783AF0D95B3/'.
[2017.05.09-21.18.10:008][  0]LogShaderCompilers:Display: Using Local Shader Compiler.
[2017.05.09-21.18.11:032][  0]LogTemp:Display: Loaded TP WindowsClientTargetPlatform
[2017.05.09-21.18.11:080][  0]LogTemp:Display: Loaded TP WindowsNoEditorTargetPlatform
[2017.05.09-21.18.11:128][  0]LogTemp:Display: Loaded TP WindowsServerTargetPlatform
[2017.05.09-21.18.11:165][  0]LogTemp:Display: Loaded TP WindowsTargetPlatform
[2017.05.09-21.18.11:165][  0]LogTargetPlatformManager:Display: Building Assets For Windows
[2017.05.09-21.18.11:511][  0]LogDerivedDataCache:Display: Max Cache Size: 512 MB
[2017.05.09-21.18.11:559][  0]LogDerivedDataCache: Loaded boot cache 0.05s 50MB C:/Users/IzPOD/AppData/Local/UnrealEngine/4.15/DerivedDataCache/Boot.ddc.
[2017.05.09-21.18.11:559][  0]LogDerivedDataCache:Display: Loaded Boot cache: C:/Users/IzPOD/AppData/Local/UnrealEngine/4.15/DerivedDataCache/Boot.ddc
[2017.05.09-21.18.11:559][  0]LogDerivedDataCache: FDerivedDataBackendGraph:  Pak pak cache file ../../../../../../P - programist/UE4/Timekill/TimeKill/DerivedDataCache/DDC.ddp not found, will not use a pak cache.
[2017.05.09-21.18.11:559][  0]LogDerivedDataCache: Unable to find inner node Pak for hierarchical cache Hierarchy.
[2017.05.09-21.18.11:559][  0]LogDerivedDataCache: FDerivedDataBackendGraph:  CompressedPak pak cache file ../../../../../../P - programist/UE4/Timekill/TimeKill/DerivedDataCache/Compressed.ddp not found, will not use a pak cache.
[2017.05.09-21.18.11:559][  0]LogDerivedDataCache: Unable to find inner node CompressedPak for hierarchical cache Hierarchy.
[2017.05.09-21.18.11:577][  0]LogDerivedDataCache:Display: Pak cache opened for reading ../../../Engine/DerivedDataCache/Compressed.ddp.
[2017.05.09-21.18.11:589][  0]LogDerivedDataCache: Using Local data cache path C:/Users/IzPOD/AppData/Local/UnrealEngine/Common/DerivedDataCache: Writable
[2017.05.09-21.18.11:599][  0]LogSlate: Using Freetype 2.6.0
[2017.05.09-21.18.11:599][  0]LogSlate: SlateFontCache - WITH_FREETYPE: 1, WITH_HARFBUZZ: 1
[2017.05.09-21.18.11:599][  0]LogSlate: SlateFontCache - WITH_FREETYPE: 1, WITH_HARFBUZZ: 1
[2017.05.09-21.18.11:868][  0]LogAssetRegistry: FAssetRegistry took 0.0001 seconds to start up
[2017.05.09-21.18.11:872][  0]LogPackageLocalizationCache: Processed 3 localized package path(s) for 1 prioritized culture(s) in 0.003952 seconds
[2017.05.09-21.18.11:890][  0]LogInit: Selected Device Profile: [Windows]
[2017.05.09-21.18.11:891][  0]LogContentStreaming: Texture pool size is 1000.00 MB
[2017.05.09-21.18.12:077][  0]LogMeshUtilities: Using QuadricMeshReduction for automatic static mesh reduction
[2017.05.09-21.18.12:112][  0]LogSimplygon: Simplygon DLL not present - disabling.
[2017.05.09-21.18.12:149][  0]LogMeshUtilities: Using SimplygonSwarm for distributed automatic mesh merging
[2017.05.09-21.18.12:149][  0]LogMeshUtilities: No automatic skeletal mesh reduction module available
[2017.05.09-21.18.12:149][  0]LogMeshUtilities: No automatic mesh merging module available
[2017.05.09-21.18.12:600][  0]LogNetVersion: GetLocalNetworkVersion: CL: 3299760, ProjectName: timekill, ProjectVersion: , EngineNetworkVersion: 2, GameNetworkVersion: 0, NetworkChecksum: 844999791
[2017.05.09-21.18.12:653][  0]LogInit: WinSock: version 1.1 (2.2), MaxSocks=32767, MaxUdp=65467
[2017.05.09-21.18.13:277][  0]LogMoviePlayer: Initializing movie player
[2017.05.09-21.18.13:350][  0]LogWindowsTextInputMethodSystem:Display: IME system now deactivated.
[2017.05.09-21.18.13:649][  0]LogTcpMessaging: Initializing TcpMessaging bridge
[2017.05.09-21.18.13:682][  0]LogUdpMessaging: Initializing bridge on interface 0.0.0.0:0 to multicast group 230.0.0.1:6666.
[2017.05.09-21.18.13:919][  0]SourceControl: Info Source control is disabled
[2017.05.09-21.18.13:919][  0]SourceControl: Info Source control is disabled
[2017.05.09-21.18.13:955][  0]SourceControl: Info Source control is disabled
[2017.05.09-21.18.14:463][  0]LogUObjectArray: 34408 objects as part of root set at end of initial load.
[2017.05.09-21.18.14:463][  0]LogUObjectAllocator: 7639320 out of 0 bytes used by permanent object pool.
[2017.05.09-21.18.14:463][  0]LogUObjectArray: CloseDisregardForGC: 0/0 objects in disregard for GC pool
[2017.05.09-21.18.14:554][  0]LogEngine: Initializing Engine...
[2017.05.09-21.18.14:555][  0]LogHMD: Failed to initialize OpenVR with code 110
[2017.05.09-21.18.14:660][  0]LogStats: UGameplayTagsManager::ConstructGameplayTagTree: Construct from data asset -  0.000 s
[2017.05.09-21.18.14:660][  0]LogStats: UGameplayTagsManager::ConstructGameplayTagTree: GameplayTagTreeChangedEvent.Broadcast -  0.000 s
[2017.05.09-21.18.14:671][  0]LogInit: XAudio2 using 'Динамики (2- Logitech G430 Gaming Headset)' : 8 channels at 48 kHz using 16 bits per sample (channel mask 0x63f)
[2017.05.09-21.18.14:687][  0]LogInit: FAudioDevice initialized.
[2017.05.09-21.18.14:703][  0]LogInit: Texture streaming: Enabled
[2017.05.09-21.18.14:747][  0]LogMaterial: Uniform references updated for custom material expression Custom.
[2017.05.09-21.18.15:092][  0]LogInit:Display: Game Engine Initialized.
[2017.05.09-21.18.15:257][  0]LogInit:Display: Starting Game.
[2017.05.09-21.18.15:257][  0]LogNet: Browse: /Temp/Autosaves/Temp/UEDPCUntitled_1?Name=Player
[2017.05.09-21.18.15:257][  0]LogLoad: LoadMap: /Temp/Autosaves/Temp/UEDPCUntitled_1?Name=Player
[2017.05.09-21.18.15:283][  0]LogMemory: Platform Memory Stats for Windows
[2017.05.09-21.18.15:283][  0]LogMemory: Process Physical Memory: 674.86 MB used, 686.07 MB peak
[2017.05.09-21.18.15:283][  0]LogMemory: Process Virtual Memory: 751.48 MB used, 751.49 MB peak
[2017.05.09-21.18.15:283][  0]LogMemory: Physical Memory: 4748.69 MB used,  3376.11 MB free, 8124.80 MB total
[2017.05.09-21.18.15:283][  0]LogMemory: Virtual Memory: 1321.40 MB used,  3376.11 MB free, 134217728.00 MB total
[2017.05.09-21.18.15:283][  0]LogMemory: 
[2017.05.09-21.18.15:283][  0]Allocator Stats for TBB: (not implemented)
[2017.05.09-21.18.15:406][  0]LogAIModule: Creating AISystem for world Untitled_1
[2017.05.09-21.18.15:407][  0]LogLoad: Game class is 'GameModeBase'
[2017.05.09-21.18.15:408][  0]LogWorld: Bringing World /Temp/Autosaves/Temp/UEDPCUntitled_1.Untitled_1 up for play (max tick rate 0) at 2017.05.10-00.18.15
[2017.05.09-21.18.15:409][  0]LogWorld: Bringing up level for play took: 0.001094
[2017.05.09-21.18.15:410][  0]LogLoad: Took 0.153915 seconds to LoadMap(/Temp/Autosaves/Temp/UEDPCUntitled_1)
[2017.05.09-21.18.15:591][  0]LogRenderer: Reallocating scene render targets to support 1600x900 NumSamples 1 (Frame:2).
[2017.05.09-21.18.15:591][  0]LogLoad: (Engine Initialization) Total time: 7.74 seconds
[2017.05.09-21.18.15:591][  0]LogLoad: (Engine Initialization) Total Blueprint compile time: 0.04 seconds
[2017.05.09-21.18.15:591][  0]LogExternalProfiler: No external profilers were discovered.  External profiling features will not be available.
[2017.05.09-21.18.15:609][  0]LogOcInput: OculusInput pre-init called
[2017.05.09-21.18.21:763][376]LogWindowsTextInputMethodSystem:Display: IME system now deactivated.
[2017.05.09-21.18.21:765][376]LogEngine: All Windows Closed
[2017.05.09-21.18.21:765][376]LogWindows: FPlatformMisc::RequestExit(0)
[2017.05.09-21.18.21:765][377]LogMoviePlayer: Shutting down movie player
[2017.05.09-21.18.22:560][377]LogExit: Preparing to exit.
[2017.05.09-21.18.23:875][377]LogExit: Game engine shut down
[2017.05.09-21.18.24:123][377]LogObj: Freed 0b from 0 cluster array pools.
[2017.05.09-21.18.24:123][377]LogExit: Object subsystem successfully closed.
[2017.05.09-21.18.24:207][377]LogD3D11RHI: Shutdown
[2017.05.09-21.18.24:207][377]LogD3D11RHI: CleanupD3DDevice
[2017.05.09-21.18.24:257][377]LogD3D11RHI: ~FD3D11DynamicRHI
[2017.05.09-21.18.24:345][377]LogModuleManager: Shutting down and abandoning module SequenceRecorderSections (264)
[2017.05.09-21.18.24:345][377]LogModuleManager: Shutting down and abandoning module SequenceRecorder (262)
[2017.05.09-21.18.24:345][377]LogModuleManager: Shutting down and abandoning module AutomationController (260)
[2017.05.09-21.18.24:345][377]LogModuleManager: Shutting down and abandoning module AutomationWorker (258)
[2017.05.09-21.18.24:345][377]LogModuleManager: Shutting down and abandoning module AIModule (256)
[2017.05.09-21.18.24:345][377]LogModuleManager: Shutting down and abandoning module GameplayDebugger (255)
[2017.05.09-21.18.24:345][377]LogModuleManager: Shutting down and abandoning module AITestSuite (253)
[2017.05.09-21.18.24:345][377]LogModuleManager: Shutting down and abandoning module WmfMediaFactory (250)
[2017.05.09-21.18.24:345][377]LogModuleManager: Shutting down and abandoning module MfMediaFactory (248)
[2017.05.09-21.18.24:345][377]LogModuleManager: Shutting down and abandoning module AvfMediaFactory (246)
[2017.05.09-21.18.24:345][377]LogModuleManager: Shutting down and abandoning module AndroidMediaFactory (244)
[2017.05.09-21.18.24:345][377]LogModuleManager: Shutting down and abandoning module Media (243)
[2017.05.09-21.18.24:345][377]LogModuleManager: Shutting down and abandoning module CharacterAI (240)
[2017.05.09-21.18.24:345][377]LogModuleManager: Shutting down and abandoning module SessionServices (238)
[2017.05.09-21.18.24:345][377]LogModuleManager: Shutting down and abandoning module MovieSceneCapture (236)
[2017.05.09-21.18.24:345][377]LogModuleManager: Shutting down and abandoning module GeometryCache (234)
[2017.05.09-21.18.24:345][377]LogModuleManager: Shutting down and abandoning module GeometryCacheEd (233)
[2017.05.09-21.18.24:345][377]LogModuleManager: Shutting down and abandoning module Niagara (230)
[2017.05.09-21.18.24:345][377]LogModuleManager: Shutting down and abandoning module StreamingPauseRendering (228)
[2017.05.09-21.18.24:345][377]LogModuleManager: Shutting down and abandoning module PortalServices (226)
[2017.05.09-21.18.24:345][377]LogModuleManager: Shutting down and abandoning module PortalRpc (224)
[2017.05.09-21.18.24:345][377]LogModuleManager: Shutting down and abandoning module MessagingRpc (222)
[2017.05.09-21.18.24:345][377]LogModuleManager: Shutting down and abandoning module ProfilerService (220)
[2017.05.09-21.18.24:528][377]LogModuleManager: Shutting down and abandoning module TaskGraph (218)
[2017.05.09-21.18.24:545][377]LogModuleManager: Shutting down and abandoning module SteamVRController (216)
[2017.05.09-21.18.24:545][377]LogModuleManager: Shutting down and abandoning module SteamVR (214)
[2017.05.09-21.18.24:545][377]LogModuleManager: Shutting down and abandoning module ProceduralMeshComponent (212)
[2017.05.09-21.18.24:545][377]LogModuleManager: Shutting down and abandoning module OculusLibrary (210)
[2017.05.09-21.18.24:545][377]LogModuleManager: Shutting down and abandoning module OculusInput (208)
[2017.05.09-21.18.24:545][377]LogModuleManager: Shutting down and abandoning module MobilePatchingUtils (206)
[2017.05.09-21.18.24:545][377]LogModuleManager: Shutting down and abandoning module CustomMeshComponent (204)
[2017.05.09-21.18.24:545][377]LogModuleManager: Shutting down and abandoning module CableComponent (202)
[2017.05.09-21.18.24:545][377]LogModuleManager: Shutting down and abandoning module ArchVisCharacter (200)
[2017.05.09-21.18.24:545][377]LogModuleManager: Shutting down and abandoning module HTML5Networking (196)
[2017.05.09-21.18.24:545][377]LogModuleManager: Shutting down and abandoning module VisualStudioSourceCodeAccess (194)
[2017.05.09-21.18.24:545][377]LogModuleManager: Shutting down and abandoning module DesktopPlatform (193)
[2017.05.09-21.18.24:545][377]LogModuleManager: Shutting down and abandoning module HotReload (191)
[2017.05.09-21.18.24:545][377]LogModuleManager: Shutting down and abandoning module DirectoryWatcher (190)
[2017.05.09-21.18.24:545][377]LogModuleManager: Shutting down and abandoning module UObjectPlugin (186)
[2017.05.09-21.18.24:545][377]LogModuleManager: Shutting down and abandoning module SubversionSourceControl (184)
[2017.05.09-21.18.24:545][377]LogModuleManager: Shutting down and abandoning module PerforceSourceControl (182)
[2017.05.09-21.18.24:559][377]LogModuleManager: Shutting down and abandoning module SourceControl (181)
[2017.05.09-21.18.24:559][377]LogModuleManager: Shutting down and abandoning module PhysXVehiclesEditor (178)
[2017.05.09-21.18.24:559][377]LogModuleManager: Shutting down and abandoning module PhysXVehicles (176)
[2017.05.09-21.18.24:559][377]LogModuleManager: Shutting down and abandoning module LocationServicesBPLibrary (174)
[2017.05.09-21.18.24:559][377]LogModuleManager: Shutting down and abandoning module UdpMessaging (172)
