Log file open, 02/20/18 19:06:09
LogInit:Display: Running engine for game: TimeKill
LogPlatformFile: Not using cached read wrapper
LogInit:Display: RandInit(-572215491) SRandInit(-572215491).
LogTaskGraph: Started task graph with 5 named threads and 8 total threads with 1 sets of task threads.
LogStats: Stats thread started at 0.081677
LogInit: Using libcurl 7.47.1
LogInit:  - built for x86_64-pc-win32
LogInit:  - supports SSL with OpenSSL/1.0.2g
LogInit:  - supports HTTP deflate (compression) using libz 1.2.8
LogInit:  - other features:
LogInit:      CURL_VERSION_SSL
LogInit:      CURL_VERSION_LIBZ
LogInit:      CURL_VERSION_IPV6
LogInit:      CURL_VERSION_ASYNCHDNS
LogInit:      CURL_VERSION_LARGEFILE
LogInit:      CURL_VERSION_IDN
LogInit:  CurlRequestOptions (configurable via config and command line):
LogInit:  - bVerifyPeer = false  - Libcurl will NOT verify peer certificate
LogInit:  - bUseHttpProxy = false  - Libcurl will NOT use HTTP proxy
LogInit:  - bDontReuseConnections = false  - Libcurl will reuse connections
LogInit:  - CertBundlePath = nullptr  - Libcurl will use whatever was configured at build time.
LogInit: Build: ++UE4+Release-4.15-CL-3450819
LogInit: Engine Version: 4.15.3-3450819+++UE4+Release-4.15
LogInit: Compatible Engine Version: 4.15.0-3299760+++UE4+Release-4.15
LogInit: Net CL: 3299760
LogDevObjectVersion: Number of dev versions registered: 14
LogDevObjectVersion:   Dev-Blueprints (B0D832E4-1F89-4F0D-ACCF-7EB736FD4AA2): 8
LogDevObjectVersion:   Dev-Build (E1C64328-A22C-4D53-A36C-8E866417BD8C): 0
LogDevObjectVersion:   Dev-Core (375EC13C-06E4-48FB-B500-84F0262A717E): 2
LogDevObjectVersion:   Dev-Editor (E4B068ED-F494-42E9-A231-DA0B2E46BB41): 14
LogDevObjectVersion:   Dev-Framework (CFFC743F-43B0-4480-9391-14DF171D2073): 22
LogDevObjectVersion:   Dev-Mobile (B02B49B5-BB20-44E9-A304-32B752E40360): 0
LogDevObjectVersion:   Dev-Networking (A4E4105C-59A1-49B5-A7C5-40C4547EDFEE): 0
LogDevObjectVersion:   Dev-Online (39C831C9-5AE6-47DC-9A44-9C173E1C8E7C): 0
LogDevObjectVersion:   Dev-Physics (78F01B33-EBEA-4F98-B9B4-84EACCB95AA2): 0
LogDevObjectVersion:   Dev-Platform (6631380F-2D4D-43E0-8009-CF276956A95A): 0
LogDevObjectVersion:   Dev-Rendering (12F88B9F-8875-4AFC-A67C-D90C383ABD29): 12
LogDevObjectVersion:   Dev-Sequencer (7B5AE74C-D270-4C10-A958-57980B212A5A): 3
LogDevObjectVersion:   Dev-VR (D7296918-1DD6-4BDD-9DE2-64A83CC13884): 0
LogDevObjectVersion:   Dev-LoadTimes (C2A15278-BFE7-4AFE-6C17-90FF531DF755): 1
LogInit: Compiled (64-bit): May 21 2017 11:02:34
LogInit: Compiled with Visual C++: 19.00.23026.00
LogInit: Build Configuration: Development
LogInit: Branch Name: ++UE4+Release-4.15
LogInit: Command line:  
LogInit: Base directory: D:/Program Files/Epic Games/UE_4.15/Engine/Binaries/Win64/
LogInit: Installed Engine Build: 1
LogInit: Presizing for max 8388607 objects, including 0 objects not considered by GC, pre-allocating 0 bytes for permanent pool.
LogInit: Object subsystem initialized
[2018.02.20-16.06.10:379][  0]LogInit: Selected Device Profile: [Windows]
[2018.02.20-16.06.10:379][  0]LogInit: Applying CVar settings loaded from the selected device profile: [Windows]
[2018.02.20-16.06.10:414][  0]LogInit: Computer: DESKTOP-S9EOI2C
[2018.02.20-16.06.10:414][  0]LogInit: User: IzPOD
[2018.02.20-16.06.10:414][  0]LogInit: CPU Page size=65536, Cores=4
[2018.02.20-16.06.10:414][  0]LogInit: High frequency timer resolution =3.312787 MHz
[2018.02.20-16.06.10:414][  0]LogMemory: Memory total: Physical=7.9GB (8GB approx)
[2018.02.20-16.06.10:414][  0]LogMemory: Platform Memory Stats for Windows
[2018.02.20-16.06.10:414][  0]LogMemory: Process Physical Memory: 262.18 MB used, 262.18 MB peak
[2018.02.20-16.06.10:414][  0]LogMemory: Process Virtual Memory: 262.00 MB used, 262.00 MB peak
[2018.02.20-16.06.10:414][  0]LogMemory: Physical Memory: 5604.02 MB used,  2520.78 MB free, 8124.80 MB total
[2018.02.20-16.06.10:414][  0]LogMemory: Virtual Memory: 677.38 MB used,  2520.78 MB free, 134217728.00 MB total
[2018.02.20-16.06.10:546][  0]LogTextLocalizationManager: No translations for ('ru-RU') exist, falling back to 'en' for localization and internationalization data.
[2018.02.20-16.06.11:245][  0]LogD3D11RHI: D3D11 adapters:
[2018.02.20-16.06.11:301][  0]LogD3D11RHI:    0. 'NVIDIA GeForce GTX 670' (Feature Level 11_0)
[2018.02.20-16.06.11:301][  0]LogD3D11RHI:       2007/0/4062 MB DedicatedVideo/DedicatedSystem/SharedSystem, Outputs:1, VendorId:0x10de
[2018.02.20-16.06.11:305][  0]LogD3D11RHI:    1. 'Microsoft Basic Render Driver' (Feature Level 11_0)
[2018.02.20-16.06.11:305][  0]LogD3D11RHI:       0/0/4062 MB DedicatedVideo/DedicatedSystem/SharedSystem, Outputs:0, VendorId:0x1414
[2018.02.20-16.06.11:305][  0]LogD3D11RHI: Chosen D3D11 Adapter: 0
[2018.02.20-16.06.11:313][  0]LogD3D11RHI: Creating new Direct3DDevice
[2018.02.20-16.06.11:313][  0]LogD3D11RHI:     GPU DeviceId: 0x1189 (for the marketing name, search the web for "GPU Device Id")
[2018.02.20-16.06.11:313][  0]LogWindows: EnumDisplayDevices:
[2018.02.20-16.06.11:314][  0]LogWindows:    0. 'NVIDIA GeForce GTX 670' (P:1 D:1)
[2018.02.20-16.06.11:314][  0]LogWindows:    1. 'NVIDIA GeForce GTX 670' (P:0 D:0)
[2018.02.20-16.06.11:314][  0]LogWindows:    2. 'NVIDIA GeForce GTX 670' (P:0 D:0)
[2018.02.20-16.06.11:314][  0]LogWindows:    3. 'NVIDIA GeForce GTX 670' (P:0 D:0)
[2018.02.20-16.06.11:314][  0]LogWindows: DebugString: GetVideoDriverDetailsInvalid PrimaryIsNotTheChoosenAdapter GetVideoDriverDetailsInvalid PrimaryIsNotTheChoosenAdapter GetVideoDriverDetailsInvalid PrimaryIsNotTheChoosenAdapter GetVideoDriverDetailsInvalid PrimaryIsNotTheChoosenAdapter FoundDriverCount:0 
[2018.02.20-16.06.11:314][  0]LogD3D11RHI:     Adapter Name: NVIDIA GeForce GTX 670
[2018.02.20-16.06.11:314][  0]LogD3D11RHI:   Driver Version: Unknown (internal:Unknown, unified:Unknown)
[2018.02.20-16.06.11:314][  0]LogD3D11RHI:      Driver Date: Unknown
[2018.02.20-16.06.11:315][  0]LogRHI: Texture pool is 1361 MB (70% of 1945 MB)
[2018.02.20-16.06.11:350][  0]LogD3D11RHI:Warning: Timestamp queries are currently disabled on this hardware due to instability. Realtime GPU stats will not be available. You can override this behaviour by setting r.NVIDIATimestampWorkaround to 0
[2018.02.20-16.06.11:351][  0]LogD3D11RHI: Async texture creation enabled
[2018.02.20-16.06.11:466][  0]LogD3D11RHI: GPU Timing Frequency: 1000.000000 (Debug: 2 2)
[2018.02.20-16.06.11:467][  0]LogShaderCompilers: Guid format shader working directory is -8 characters bigger than the processId version (../../../../../../P - programist/UE4/Timekill/TimeKill/Intermediate/Shaders/WorkingDirectory/2532/).
[2018.02.20-16.06.11:468][  0]LogShaderCompilers: Cleaned the shader compiler working directory 'C:/Users/IzPOD/AppData/Local/Temp/UnrealShaderWorkingDir/A7653C1842DEA51461E1188657B4CA3A/'.
[2018.02.20-16.06.11:468][  0]LogShaderCompilers:Display: Using Local Shader Compiler.
[2018.02.20-16.06.12:903][  0]LogTemp:Display: Loaded TP AllDesktopTargetPlatform
[2018.02.20-16.06.12:962][  0]LogTemp:Display: Loaded TP MacClientTargetPlatform
[2018.02.20-16.06.13:023][  0]LogTemp:Display: Loaded TP MacNoEditorTargetPlatform
[2018.02.20-16.06.13:090][  0]LogTemp:Display: Loaded TP MacServerTargetPlatform
[2018.02.20-16.06.13:152][  0]LogTemp:Display: Loaded TP MacTargetPlatform
[2018.02.20-16.06.13:209][  0]LogTemp:Display: Loaded TP WindowsClientTargetPlatform
[2018.02.20-16.06.13:270][  0]LogTemp:Display: Loaded TP WindowsNoEditorTargetPlatform
[2018.02.20-16.06.13:332][  0]LogTemp:Display: Loaded TP WindowsServerTargetPlatform
[2018.02.20-16.06.13:380][  0]LogTemp:Display: Loaded TP WindowsTargetPlatform
[2018.02.20-16.06.13:438][  0]LogTemp:Display: Loaded TP AndroidTargetPlatform
[2018.02.20-16.06.13:495][  0]LogTemp:Display: Loaded TP Android_ASTCTargetPlatform
[2018.02.20-16.06.13:554][  0]LogTemp:Display: Loaded TP Android_ATCTargetPlatform
[2018.02.20-16.06.13:611][  0]LogTemp:Display: Loaded TP Android_DXTTargetPlatform
[2018.02.20-16.06.13:676][  0]LogTemp:Display: Loaded TP Android_ETC1TargetPlatform
[2018.02.20-16.06.13:745][  0]LogTemp:Display: Loaded TP Android_ETC2TargetPlatform
[2018.02.20-16.06.13:872][  0]LogTemp:Display: Loaded TP Android_MultiTargetPlatform
[2018.02.20-16.06.13:872][  0]LogTemp:Display: Loaded TP Android_PVRTCTargetPlatform
[2018.02.20-16.06.13:913][  0]LogTemp:Display: Loaded TP HTML5TargetPlatform
[2018.02.20-16.06.14:015][  0]LogTemp:Display: Loaded TP IOSTargetPlatform
[2018.02.20-16.06.14:055][  0]LogTemp:Display: Loaded TP TVOSTargetPlatform
[2018.02.20-16.06.14:111][  0]LogTemp:Display: Loaded TP LinuxClientTargetPlatform
[2018.02.20-16.06.14:168][  0]LogTemp:Display: Loaded TP LinuxNoEditorTargetPlatform
[2018.02.20-16.06.14:225][  0]LogTemp:Display: Loaded TP LinuxServerTargetPlatform
[2018.02.20-16.06.14:283][  0]LogTemp:Display: Loaded TP LinuxTargetPlatform
[2018.02.20-16.06.14:283][  0]LogTargetPlatformManager:Display: Building Assets For Windows
[2018.02.20-16.06.14:750][  0]LogDerivedDataCache:Display: Max Cache Size: 512 MB
[2018.02.20-16.06.14:810][  0]LogDerivedDataCache: Loaded boot cache 0.06s 50MB C:/Users/IzPOD/AppData/Local/UnrealEngine/4.15/DerivedDataCache/Boot.ddc.
[2018.02.20-16.06.14:811][  0]LogDerivedDataCache:Display: Loaded Boot cache: C:/Users/IzPOD/AppData/Local/UnrealEngine/4.15/DerivedDataCache/Boot.ddc
[2018.02.20-16.06.14:811][  0]LogDerivedDataCache: FDerivedDataBackendGraph:  Pak pak cache file ../../../../../../P - programist/UE4/Timekill/TimeKill/DerivedDataCache/DDC.ddp not found, will not use a pak cache.
[2018.02.20-16.06.14:811][  0]LogDerivedDataCache: Unable to find inner node Pak for hierarchical cache Hierarchy.
[2018.02.20-16.06.14:811][  0]LogDerivedDataCache: FDerivedDataBackendGraph:  CompressedPak pak cache file ../../../../../../P - programist/UE4/Timekill/TimeKill/DerivedDataCache/Compressed.ddp not found, will not use a pak cache.
[2018.02.20-16.06.14:811][  0]LogDerivedDataCache: Unable to find inner node CompressedPak for hierarchical cache Hierarchy.
[2018.02.20-16.06.14:831][  0]LogDerivedDataCache:Display: Pak cache opened for reading ../../../Engine/DerivedDataCache/Compressed.ddp.
[2018.02.20-16.06.14:844][  0]LogDerivedDataCache: Using Local data cache path C:/Users/IzPOD/AppData/Local/UnrealEngine/Common/DerivedDataCache: Writable
[2018.02.20-16.06.14:855][  0]LogSlate: Using Freetype 2.6.0
[2018.02.20-16.06.14:856][  0]LogSlate: SlateFontCache - WITH_FREETYPE: 1, WITH_HARFBUZZ: 1
[2018.02.20-16.06.14:856][  0]LogSlate: SlateFontCache - WITH_FREETYPE: 1, WITH_HARFBUZZ: 1
[2018.02.20-16.06.15:222][  0]LogInit: Selected Device Profile: [Windows]
[2018.02.20-16.06.15:227][  0]LogContentStreaming: Texture pool size is 0.00 MB
[2018.02.20-16.06.15:478][  0]LogMeshUtilities: Using QuadricMeshReduction for automatic static mesh reduction
[2018.02.20-16.06.15:562][  0]LogSimplygon: Simplygon DLL not present - disabling.
[2018.02.20-16.06.15:611][  0]LogMeshUtilities: Using SimplygonSwarm for distributed automatic mesh merging
[2018.02.20-16.06.15:611][  0]LogMeshUtilities: No automatic skeletal mesh reduction module available
[2018.02.20-16.06.15:611][  0]LogMeshUtilities: No automatic mesh merging module available
[2018.02.20-16.06.16:232][  0]LogNetVersion: GetLocalNetworkVersion: CL: 3299760, ProjectName: timekill, ProjectVersion: , EngineNetworkVersion: 2, GameNetworkVersion: 0, NetworkChecksum: 844999791
[2018.02.20-16.06.16:283][  0]LogAssetRegistry: FAssetRegistry took 0.0229 seconds to start up
[2018.02.20-16.06.16:357][  0]LogPackageLocalizationCache: Processed 3 localized package path(s) for 1 prioritized culture(s) in 0.053471 seconds
[2018.02.20-16.06.16:363][  0]LogUObjectArray: 32493 objects as part of root set at end of initial load.
[2018.02.20-16.06.16:363][  0]LogUObjectAllocator: 7077024 out of 0 bytes used by permanent object pool.
[2018.02.20-16.06.16:363][  0]LogUObjectArray: CloseDisregardForGC: 0/0 objects in disregard for GC pool
[2018.02.20-16.06.16:430][  0]LogInit: WinSock: version 1.1 (2.2), MaxSocks=32767, MaxUdp=65467
[2018.02.20-16.06.18:135][  0]LogTcpMessaging: Initializing TcpMessaging bridge
[2018.02.20-16.06.18:173][  0]LogUdpMessaging: Initializing bridge on interface 0.0.0.0:0 to multicast group 230.0.0.1:6666.
[2018.02.20-16.06.18:656][  0]LogMaterial: Uniform references updated for custom material expression Custom.
[2018.02.20-16.06.19:063][  0]SourceControl: Info Source control is disabled
[2018.02.20-16.06.19:064][  0]SourceControl: Info Source control is disabled
[2018.02.20-16.06.19:108][  0]SourceControl: Info Source control is disabled
[2018.02.20-16.06.19:161][  0]SourceControl: Info Source control is disabled
[2018.02.20-16.06.19:474][  0]LogLinker:Warning: Can't find file '/Game/PuzzleBP/Tutorial/Part1-Overview'
[2018.02.20-16.06.19:475][  0]LogLinker:Warning: Can't find file '/Game/PuzzleBP/Tutorial/Part1-Overview'
[2018.02.20-16.06.19:475][  0]LogUObjectGlobals:Warning: Failed to find object 'Class /Game/PuzzleBP/Tutorial/Part1-Overview.Part1-Overview_C'
[2018.02.20-16.06.19:475][  0]LogLinker:Warning: Can't find file '/Game/PuzzleBP/Tutorial/Part2-BlockBlueprint'
[2018.02.20-16.06.19:475][  0]LogLinker:Warning: Can't find file '/Game/PuzzleBP/Tutorial/Part2-BlockBlueprint'
[2018.02.20-16.06.19:475][  0]LogUObjectGlobals:Warning: Failed to find object 'Class /Game/PuzzleBP/Tutorial/Part2-BlockBlueprint.Part2-BlockBlueprint_C'
[2018.02.20-16.06.20:432][  0]LogEngine: Initializing Engine...
[2018.02.20-16.06.20:432][  0]LogHMD: Failed to initialize OpenVR with code 110
[2018.02.20-16.06.20:551][  0]LogStats: UGameplayTagsManager::ConstructGameplayTagTree: Construct from data asset -  0.000 s
[2018.02.20-16.06.20:551][  0]LogStats: UGameplayTagsManager::ConstructGameplayTagTree: GameplayTagTreeChangedEvent.Broadcast -  0.000 s
[2018.02.20-16.06.20:666][  0]LogAIModule: Creating AISystem for world Untitled
[2018.02.20-16.06.20:676][  0]LogInit: XAudio2 using 'Динамики (Logitech G430 Gaming Headset)' : 8 channels at 48 kHz using 16 bits per sample (channel mask 0x63f)
[2018.02.20-16.06.20:701][  0]LogInit: FAudioDevice initialized.
[2018.02.20-16.06.20:729][  0]LogDerivedDataCache: Saved boot cache 0.03s 50MB C:/Users/IzPOD/AppData/Local/UnrealEngine/4.15/DerivedDataCache/Boot.ddc.
[2018.02.20-16.06.20:736][  0]LogInit: Texture streaming: Enabled
[2018.02.20-16.06.20:831][  0]LogEngineSessionManager: EngineSessionManager initialized
[2018.02.20-16.06.20:995][  0]LogInit: Transaction tracking system initialized
[2018.02.20-16.06.21:337][  0]BlueprintLog: New page: Editor Load
[2018.02.20-16.06.22:272][  0]LocalizationService: Info Localization service is disabled
[2018.02.20-16.06.23:418][  0]LogConsoleResponse:Display: 
[2018.02.20-16.06.23:620][  0]LogCook:Display: Max memory allowance for cook 16384mb min free memory 0mb
[2018.02.20-16.06.23:620][  0]LogCook:Display: Mobile HDR setting 0
[2018.02.20-16.06.24:568][  0]LogFileCache: Scanning file cache for directory 'D:/P - programist/UE4/Timekill/TimeKill/Content/' took 0.02s
[2018.02.20-16.06.24:612][  0]SourceControl: Info Source control is disabled
[2018.02.20-16.06.24:612][  0]Cmd: MAP LOAD FILE="../../../../../../P - programist/UE4/Timekill/TimeKill/Content/GameLavel.umap" TEMPLATE=0 SHOWPROGRESS=1 FEATURELEVEL=3
[2018.02.20-16.06.24:613][  0]LightingResults: New page: Lighting Build
[2018.02.20-16.06.24:651][  0]MapCheck: New page: Map Check
[2018.02.20-16.06.24:652][  0]LightingResults: New page: Lighting Build
[2018.02.20-16.06.28:127][  0]LogAIModule: Creating AISystem for world GameLavel
[2018.02.20-16.06.28:147][  0]LogEditorServer: Finished looking for orphan Actors (0.000 secs)
[2018.02.20-16.06.28:148][  0]Cmd: MAP CHECKDEP NOCLEARLOG
[2018.02.20-16.06.28:200][  0]MapCheck: Info Map check complete: 0 Error(s), 0 Warning(s), took 52.131ms to complete.
[2018.02.20-16.06.28:200][  0]LogFileHelpers: Loading map 'GameLavel' took 3.587
[2018.02.20-16.06.28:638][  0]LogCollectionManager: Loaded 1 collections in 0.043466 seconds
[2018.02.20-16.06.28:724][  0]LogFileCache: Scanning file cache for directory 'D:/P - programist/UE4/Timekill/TimeKill/Saved/Collections/' took 0.01s
[2018.02.20-16.06.28:724][  0]LogFileCache: Scanning file cache for directory 'D:/P - programist/UE4/Timekill/TimeKill/Content/Developers/IzPOD/Collections/' took 0.01s
[2018.02.20-16.06.28:724][  0]LogFileCache: Scanning file cache for directory 'D:/P - programist/UE4/Timekill/TimeKill/Content/Collections/' took 0.01s
[2018.02.20-16.06.28:724][  0]LogCollectionManager: Rebuilt the GUID cache for 1 collections in 0.000005 seconds
[2018.02.20-16.06.28:767][  0]LogCollectionManager: Rebuilt the hierarchy cache for 1 collections in 0.000002 seconds
[2018.02.20-16.06.28:777][  0]LogContentBrowser: Native class hierarchy populated in 0.0095 seconds. Added 2246 classes and 455 folders.
[2018.02.20-16.06.28:838][  0]LogContentBrowser: Native class hierarchy updated for 'WidgetCarousel' in 0.0005 seconds. Added 0 classes and 0 folders.
[2018.02.20-16.06.28:878][  0]LogContentBrowser: Native class hierarchy updated for 'AddContentDialog' in 0.0005 seconds. Added 0 classes and 0 folders.
[2018.02.20-16.06.28:901][  0]LogCrashTracker: Crashtracker disabled due to settings.
[2018.02.20-16.06.28:911][  0]LogUObjectGlobals:Warning: Failed to find object 'Class None.'
[2018.02.20-16.06.28:975][  0]LogContentBrowser: Native class hierarchy updated for 'HierarchicalLODOutliner' in 0.0006 seconds. Added 1 classes and 2 folders.
[2018.02.20-16.06.28:975][  0]LogLoad: (Engine Initialization) Total time: 21.27 seconds
[2018.02.20-16.06.28:975][  0]LogLoad: (Engine Initialization) Total Blueprint compile time: 0.25 seconds
[2018.02.20-16.06.28:975][  0]LogExternalProfiler: No external profilers were discovered.  External profiling features will not be available.
[2018.02.20-16.06.29:314][  0]LogOcInput: OculusInput pre-init called
[2018.02.20-16.06.29:333][  0]LogContentStreaming: Texture pool size now 1000 MB
[2018.02.20-16.06.29:334][  0]LogSlate: Took 0.000226 seconds to synchronously load lazily loaded font '../../../Engine/Content/Slate/Fonts/Roboto-Regular.ttf' (155K)
[2018.02.20-16.06.29:339][  0]LogSlate: Took 0.000210 seconds to synchronously load lazily loaded font '../../../Engine/Content/Slate/Fonts/Roboto-Bold.ttf' (160K)
[2018.02.20-16.06.29:343][  0]LogSlate: Took 0.000281 seconds to synchronously load lazily loaded font '../../../Engine/Content/Editor/Slate/Fonts/FontAwesome.ttf' (139K)
[2018.02.20-16.06.29:449][  0]LogRenderer: Reallocating scene render targets to support 1068x936 NumSamples 1 (Frame:2).
[2018.02.20-16.06.29:499][  0]LogSlate: Took 0.000173 seconds to synchronously load lazily loaded font '../../../Engine/Content/Slate/Fonts/Roboto-Light.ttf' (159K)
[2018.02.20-16.06.29:654][  1]LogAssetRegistry: Asset discovery search completed in 13.3940 seconds
[2018.02.20-16.06.29:654][  1]LogCollectionManager: Rebuilt the object cache for 1 collections in 0.000008 seconds (found 0 objects)
[2018.02.20-16.06.29:654][  1]LogCollectionManager: Fixed up redirectors for 1 collections in 0.000024 seconds (updated 0 objects)
[2018.02.20-16.06.30:317][  3]LogSlate: Took 0.000309 seconds to synchronously load lazily loaded font '../../../Engine/Content/Slate/Fonts/Roboto-Light.ttf' (159K)
[2018.02.20-16.06.44:505][363]LogTemp: Repeting last play command: New Editor Window (PIE)
[2018.02.20-16.06.44:524][363]LogBlueprintUserMessages: Early PlayInEditor Detection: Level '/Game/GameLavel.GameLavel:PersistentLevel' has LevelScriptBlueprint '/Game/GameLavel.GameLavel:PersistentLevel.GameLavel' with GeneratedClass '/Game/GameLavel.GameLavel_C' with ClassGeneratedBy '/Game/GameLavel.GameLavel:PersistentLevel.GameLavel'
[2018.02.20-16.06.44:524][363]LogPlayLevel: PlayLevel: No blueprints needed recompiling
[2018.02.20-16.06.44:525][363]PIE: New page: PIE session: GameLavel (Feb 20, 2018, 10:06:44 PM)
[2018.02.20-16.06.44:525][363]LogPlayLevel: Creating play world package: /Game/UEDPIE_0_GameLavel
[2018.02.20-16.06.44:528][363]LogPlayLevel: PIE: StaticDuplicateObject took: (0.002587s)
[2018.02.20-16.06.44:528][363]LogAIModule: Creating AISystem for world GameLavel
[2018.02.20-16.06.44:528][363]LogPlayLevel: PIE: World Init took: (0.000654s)
[2018.02.20-16.06.44:529][363]LogPlayLevel: PIE: Created PIE world by copying editor world from /Game/GameLavel.GameLavel to /Game/UEDPIE_0_GameLavel.GameLavel (0.003518s)
[2018.02.20-16.06.44:551][363]LogInit: XAudio2 using 'Динамики (Logitech G430 Gaming Headset)' : 8 channels at 48 kHz using 16 bits per sample (channel mask 0x63f)
[2018.02.20-16.06.44:567][363]LogInit: FAudioDevice initialized.
[2018.02.20-16.06.44:639][363]LogLoad: Game class is 'Mouse_GameMode_C'
[2018.02.20-16.06.44:642][363]LogWorld: Bringing World /Game/UEDPIE_0_GameLavel.GameLavel up for play (max tick rate 0) at 2018.02.20-19.06.44
[2018.02.20-16.06.44:643][363]LogWorld: Bringing up level for play took: 0.001754
[2018.02.20-16.06.44:683][363]LogContentBrowser: Native class hierarchy updated for 'MovieSceneCapture' in 0.0006 seconds. Added 11 classes and 0 folders.
[2018.02.20-16.06.44:686][363]LogScript:Warning: Accessed None trying to read property CallFunc_FinishSpawningActor_ReturnValue2
	Player1_C /Game/UEDPIE_0_GameLavel.GameLavel:PersistentLevel.Player1_97
	Function /Game/Blueprints/Player1.Player1_C:ExecuteUbergraph_Player1:08FE
[2018.02.20-16.06.44:686][363]PIE:Error: Error Blueprint Runtime Error: Accessed None trying to read property CallFunc_FinishSpawningActor_ReturnValue2 from function: 'ExecuteUbergraph_Player1' from node: DestroyActor in graph: EventGraph in object: Player1 with description: Accessed None trying to read property CallFunc_FinishSpawningActor_ReturnValue2
[2018.02.20-16.06.44:686][363]LogScript:Warning: Accessed None trying to read property CallFunc_FinishSpawningActor_ReturnValue
	Player1_C /Game/UEDPIE_0_GameLavel.GameLavel:PersistentLevel.Player1_97
	Function /Game/Blueprints/Player1.Player1_C:ExecuteUbergraph_Player1:0922
[2018.02.20-16.06.44:686][363]PIE:Error: Error Blueprint Runtime Error: Accessed None trying to read property CallFunc_FinishSpawningActor_ReturnValue from function: 'ExecuteUbergraph_Player1' from node: DestroyActor in graph: EventGraph in object: Player1 with description: Accessed None trying to read property CallFunc_FinishSpawningActor_ReturnValue
[2018.02.20-16.06.44:686][363]LogScript:Warning: Accessed None trying to read property CallFunc_FinishSpawningActor_ReturnValue3
	Player1_C /Game/UEDPIE_0_GameLavel.GameLavel:PersistentLevel.Player1_97
	Function /Game/Blueprints/Player1.Player1_C:ExecuteUbergraph_Player1:0946
[2018.02.20-16.06.44:686][363]PIE:Error: Error Blueprint Runtime Error: Accessed None trying to read property CallFunc_FinishSpawningActor_ReturnValue3 from function: 'ExecuteUbergraph_Player1' from node: DestroyActor in graph: EventGraph in object: Player1 with description: Accessed None trying to read property CallFunc_FinishSpawningActor_ReturnValue3
[2018.02.20-16.06.44:686][363]LogScript:Warning: Accessed None trying to read property CallFunc_FinishSpawningActor_ReturnValue4
	Player1_C /Game/UEDPIE_0_GameLavel.GameLavel:PersistentLevel.Player1_97
	Function /Game/Blueprints/Player1.Player1_C:ExecuteUbergraph_Player1:096A
[2018.02.20-16.06.44:686][363]PIE:Error: Error Blueprint Runtime Error: Accessed None trying to read property CallFunc_FinishSpawningActor_ReturnValue4 from function: 'ExecuteUbergraph_Player1' from node: DestroyActor in graph: EventGraph in object: Player1 with description: Accessed None trying to read property CallFunc_FinishSpawningActor_ReturnValue4
[2018.02.20-16.06.44:691][363]PIE: Info Play in editor start time for /Game/UEDPIE_0_GameLavel -0.356
[2018.02.20-16.06.44:692][363]LogBlueprintUserMessages: Late PlayInEditor Detection: Level '/Game/GameLavel.GameLavel:PersistentLevel' has LevelScriptBlueprint '/Game/GameLavel.GameLavel:PersistentLevel.GameLavel' with GeneratedClass '/Game/GameLavel.GameLavel_C' with ClassGeneratedBy '/Game/GameLavel.GameLavel:PersistentLevel.GameLavel'
[2018.02.20-16.06.44:731][363]LogRenderer: Reallocating scene render targets to support 1068x996 NumSamples 1 (Frame:6).
[2018.02.20-16.06.46:168][443]LogScript:Warning: Accessed None trying to read property Win_or_Lose_Variable
	Player1_C /Game/UEDPIE_0_GameLavel.GameLavel:PersistentLevel.Player1_97
	Function /Game/Blueprints/Player1.Player1_C:ExecuteUbergraph_Player1:0D9D
[2018.02.20-16.06.46:168][443]PIE:Error: Error Blueprint Runtime Error: Accessed None trying to read property Win_or_Lose_Variable from function: 'ExecuteUbergraph_Player1' from node: DestroyActor in graph: EventGraph in object: Player1 with description: Accessed None trying to read property Win_or_Lose_Variable
[2018.02.20-16.07.00:191][249]LogScript:Warning: Attempted to access Mishen_C_7 via property CallFunc_FinishSpawningActor_ReturnValue2, but Mishen_C_7 is pending kill
	Player1_C /Game/UEDPIE_0_GameLavel.GameLavel:PersistentLevel.Player1_97
	Function /Game/Blueprints/Player1.Player1_C:ExecuteUbergraph_Player1:08FE
[2018.02.20-16.07.00:191][249]PIE:Error: Error Blueprint Runtime Error: Attempted to access Mishen_C_7 via property CallFunc_FinishSpawningActor_ReturnValue2, but Mishen_C_7 is pending kill from function: 'ExecuteUbergraph_Player1' from node: DestroyActor in graph: EventGraph in object: Player1 with description: Attempted to access Mishen_C_7 via property CallFunc_FinishSpawningActor_ReturnValue2, but Mishen_C_7 is pending kill
[2018.02.20-16.07.00:191][249]LogScript:Warning: Attempted to access Mishen_C_6 via property CallFunc_FinishSpawningActor_ReturnValue, but Mishen_C_6 is pending kill
	Player1_C /Game/UEDPIE_0_GameLavel.GameLavel:PersistentLevel.Player1_97
	Function /Game/Blueprints/Player1.Player1_C:ExecuteUbergraph_Player1:0922
[2018.02.20-16.07.00:191][249]PIE:Error: Error Blueprint Runtime Error: Attempted to access Mishen_C_6 via property CallFunc_FinishSpawningActor_ReturnValue, but Mishen_C_6 is pending kill from function: 'ExecuteUbergraph_Player1' from node: DestroyActor in graph: EventGraph in object: Player1 with description: Attempted to access Mishen_C_6 via property CallFunc_FinishSpawningActor_ReturnValue, but Mishen_C_6 is pending kill
[2018.02.20-16.07.00:191][249]LogScript:Warning: Attempted to access Mishen_C_5 via property CallFunc_FinishSpawningActor_ReturnValue3, but Mishen_C_5 is pending kill
	Player1_C /Game/UEDPIE_0_GameLavel.GameLavel:PersistentLevel.Player1_97
	Function /Game/Blueprints/Player1.Player1_C:ExecuteUbergraph_Player1:0946
[2018.02.20-16.07.00:191][249]PIE:Error: Error Blueprint Runtime Error: Attempted to access Mishen_C_5 via property CallFunc_FinishSpawningActor_ReturnValue3, but Mishen_C_5 is pending kill from function: 'ExecuteUbergraph_Player1' from node: DestroyActor in graph: EventGraph in object: Player1 with description: Attempted to access Mishen_C_5 via property CallFunc_FinishSpawningActor_ReturnValue3, but Mishen_C_5 is pending kill
[2018.02.20-16.07.00:191][249]LogScript:Warning: Attempted to access Mishen_C_4 via property CallFunc_FinishSpawningActor_ReturnValue4, but Mishen_C_4 is pending kill
	Player1_C /Game/UEDPIE_0_GameLavel.GameLavel:PersistentLevel.Player1_97
	Function /Game/Blueprints/Player1.Player1_C:ExecuteUbergraph_Player1:096A
[2018.02.20-16.07.00:192][249]PIE:Error: Error Blueprint Runtime Error: Attempted to access Mishen_C_4 via property CallFunc_FinishSpawningActor_ReturnValue4, but Mishen_C_4 is pending kill from function: 'ExecuteUbergraph_Player1' from node: DestroyActor in graph: EventGraph in object: Player1 with description: Attempted to access Mishen_C_4 via property CallFunc_FinishSpawningActor_ReturnValue4, but Mishen_C_4 is pending kill
[2018.02.20-16.07.00:193][249]LogScript:Warning: Attempted to access Otschet_C_1 via property Krug_Otscheta, but Otschet_C_1 is pending kill
	Player1_C /Game/UEDPIE_0_GameLavel.GameLavel:PersistentLevel.Player1_97
	Function /Game/Blueprints/Player1.Player1_C:ExecuteUbergraph_Player1:0DDC
[2018.02.20-16.07.00:193][249]PIE:Error: Error Blueprint Runtime Error: Attempted to access Otschet_C_1 via property Krug_Otscheta, but Otschet_C_1 is pending kill from function: 'ExecuteUbergraph_Player1' from node: DestroyActor in graph: EventGraph in object: Player1 with description: Attempted to access Otschet_C_1 via property Krug_Otscheta, but Otschet_C_1 is pending kill
[2018.02.20-16.07.04:795][513]LogBlueprintUserMessages: Early EndPlayMap Detection: Level '/Game/GameLavel.GameLavel:PersistentLevel' has LevelScriptBlueprint '/Game/GameLavel.GameLavel:PersistentLevel.GameLavel' with GeneratedClass '/Game/GameLavel.GameLavel_C' with ClassGeneratedBy '/Game/GameLavel.GameLavel:PersistentLevel.GameLavel'
[2018.02.20-16.07.04:826][513]LogBlueprintUserMessages: Late EndPlayMap Detection: Level '/Game/GameLavel.GameLavel:PersistentLevel' has LevelScriptBlueprint '/Game/GameLavel.GameLavel:PersistentLevel.GameLavel' with GeneratedClass '/Game/GameLavel.GameLavel_C' with ClassGeneratedBy '/Game/GameLavel.GameLavel:PersistentLevel.GameLavel'
[2018.02.20-16.07.05:517][543]LogWindowsTextInputMethodSystem:Display: IME system now deactivated.
[2018.02.20-16.07.05:731][544]Cmd: QUIT_EDITOR
[2018.02.20-16.07.06:678][544]LogExit: Preparing to exit.
[2018.02.20-16.07.07:326][544]LogDirectoryWatcher: A directory notification for 'D:/P - programist/UE4/Timekill/TimeKill/Content/' was aborted.
[2018.02.20-16.07.07:342][544]LogExit: Editor shut down
[2018.02.20-16.07.07:342][544]LogExit: Transaction tracking system shut down
[2018.02.20-16.07.07:400][544]LogObj: Freed 0b from 0 cluster array pools.
[2018.02.20-16.07.07:400][544]LogExit: Object subsystem successfully closed.
[2018.02.20-16.07.07:417][544]LogD3D11RHI: Shutdown
[2018.02.20-16.07.07:417][544]LogD3D11RHI: CleanupD3DDevice
[2018.02.20-16.07.07:521][544]LogD3D11RHI: ~FD3D11DynamicRHI
[2018.02.20-16.07.07:530][544]LogModuleManager: Shutting down and abandoning module MovieSceneCapture (500)
[2018.02.20-16.07.07:530][544]LogModuleManager: Shutting down and abandoning module HierarchicalLODOutliner (498)
[2018.02.20-16.07.07:530][544]LogModuleManager: Shutting down and abandoning module CrashTracker (496)
[2018.02.20-16.07.07:530][544]LogModuleManager: Shutting down and abandoning module AddContentDialog (494)
[2018.02.20-16.07.07:530][544]LogDirectoryWatcher: A directory notification for 'D:/Program Files/Epic Games/UE_4.15/FeaturePacks/' was aborted.
[2018.02.20-16.07.07:531][544]LogModuleManager: Shutting down and abandoning module WidgetCarousel (493)
[2018.02.20-16.07.07:531][544]LogModuleManager: Shutting down and abandoning module EditorWidgets (490)
[2018.02.20-16.07.07:531][544]LogModuleManager: Shutting down and abandoning module CollectionManager (488)
[2018.02.20-16.07.07:531][544]LogDirectoryWatcher: A directory notification for 'D:/P - programist/UE4/Timekill/TimeKill/Content/Collections/' was aborted.
[2018.02.20-16.07.07:531][544]LogDirectoryWatcher: A directory notification for 'D:/P - programist/UE4/Timekill/TimeKill/Content/Developers/IzPOD/Collections/' was aborted.
[2018.02.20-16.07.07:531][544]LogDirectoryWatcher: A directory notification for 'D:/P - programist/UE4/Timekill/TimeKill/Saved/Collections/' was aborted.
[2018.02.20-16.07.07:531][544]LogModuleManager: Shutting down and abandoning module SceneOutliner (486)
[2018.02.20-16.07.07:531][544]LogModuleManager: Shutting down and abandoning module StatsViewer (484)
[2018.02.20-16.07.07:531][544]LogModuleManager: Shutting down and abandoning module FoliageEdit (482)
[2018.02.20-16.07.07:531][544]LogModuleManager: Shutting down and abandoning module LandscapeEditor (480)
[2018.02.20-16.07.07:531][544]LogModuleManager: Shutting down and abandoning module SceneDepthPickerMode (478)
[2018.02.20-16.07.07:531][544]LogModuleManager: Shutting down and abandoning module ActorPickerMode (476)
[2018.02.20-16.07.07:531][544]LogModuleManager: Shutting down and abandoning module GeometryMode (474)
[2018.02.20-16.07.07:531][544]LogModuleManager: Shutting down and abandoning module TextureAlignMode (472)
[2018.02.20-16.07.07:531][544]LogModuleManager: Shutting down and abandoning module BspMode (470)
[2018.02.20-16.07.07:531][544]LogModuleManager: Shutting down and abandoning module HardwareSurvey (468)
[2018.02.20-16.07.07:531][544]LogModuleManager: Shutting down and abandoning module SequenceRecorderSections (466)
[2018.02.20-16.07.07:531][544]LogModuleManager: Shutting down and abandoning module AutomationWorker (464)
[2018.02.20-16.07.07:531][544]LogModuleManager: Shutting down and abandoning module MatineeToLevelSequence (462)
[2018.02.20-16.07.07:532][544]LogModuleManager: Shutting down and abandoning module LevelSequenceEditor (460)
[2018.02.20-16.07.07:532][544]LogModuleManager: Shutting down and abandoning module PlacementMode (459)
[2018.02.20-16.07.07:532][544]LogModuleManager: Shutting down and abandoning module WmfMediaFactory (456)
[2018.02.20-16.07.07:532][544]LogModuleManager: Shutting down and abandoning module WmfMediaEditor (454)
[2018.02.20-16.07.07:532][544]LogModuleManager: Shutting down and abandoning module MfMediaFactory (452)
[2018.02.20-16.07.07:532][544]LogModuleManager: Shutting down and abandoning module MfMediaEditor (450)
[2018.02.20-16.07.07:532][544]LogModuleManager: Shutting down and abandoning module AvfMediaFactory (448)
[2018.02.20-16.07.07:532][544]LogModuleManager: Shutting down and abandoning module AvfMediaEditor (446)
[2018.02.20-16.07.07:532][544]LogModuleManager: Shutting down and abandoning module AndroidMediaFactory (444)
[2018.02.20-16.07.07:532][544]LogModuleManager: Shutting down and abandoning module Media (443)
[2018.02.20-16.07.07:532][544]LogModuleManager: Shutting down and abandoning module AndroidMediaEditor (440)
[2018.02.20-16.07.07:532][544]LogModuleManager: Shutting down and abandoning module CharacterAI (438)
[2018.02.20-16.07.07:532][544]LogModuleManager: Shutting down and abandoning module AudioCapture (436)
[2018.02.20-16.07.07:532][544]LogModuleManager: Shutting down and abandoning module SequenceRecorder (435)
[2018.02.20-16.07.07:532][544]LogModuleManager: Shutting down and abandoning module SmartSnapping (432)
[2018.02.20-16.07.07:532][544]LogModuleManager: Shutting down and abandoning module SessionServices (430)
[2018.02.20-16.07.07:532][544]LogModuleManager: Shutting down and abandoning module ViewportSnapping (428)
[2018.02.20-16.07.07:532][544]LogModuleManager: Shutting down and abandoning module ViewportInteraction (426)
[2018.02.20-16.07.07:532][544]LogModuleManager: Shutting down and abandoning module LogVisualizer (424)
[2018.02.20-16.07.07:532][544]LogModuleManager: Shutting down and abandoning module IntroTutorials (422)
[2018.02.20-16.07.07:532][544]LogModuleManager: Shutting down and abandoning module GameProjectGeneration (421)
[2018.02.20-16.07.07:532][544]LogModuleManager: Shutting down and abandoning module EditorLiveStreaming (418)
[2018.02.20-16.07.07:532][544]LogModuleManager: Shutting down and abandoning module IOSPlatformEditor (416)
[2018.02.20-16.07.07:532][544]LogModuleManager: Shutting down and abandoning module HTML5PlatformEditor (414)
[2018.02.20-16.07.07:532][544]LogModuleManager: Shutting down and abandoning module AndroidPlatformEditor (412)
[2018.02.20-16.07.07:532][544]LogModuleManager: Shutting down and abandoning module AndroidDeviceDetection (411)
[2018.02.20-16.07.07:846][544]LogModuleManager: Shutting down and abandoning module IOSRuntimeSettings (408)
[2018.02.20-16.07.07:846][544]LogModuleManager: Shutting down and abandoning module AndroidRuntimeSettings (406)
[2018.02.20-16.07.07:847][544]LogModuleManager: Shutting down and abandoning module InputBindingEditor (404)
[2018.02.20-16.07.07:847][544]LogModuleManager: Shutting down and abandoning module NiagaraEditor (402)
[2018.02.20-16.07.07:847][544]LogModuleManager: Shutting down and abandoning module MergeActors (400)
[2018.02.20-16.07.07:847][544]LogModuleManager: Shutting down and abandoning module SizeMap (398)
[2018.02.20-16.07.07:847][544]LogModuleManager: Shutting down and abandoning module TreeMap (396)
[2018.02.20-16.07.07:847][544]LogModuleManager: Shutting down and abandoning module ReferenceViewer (394)
[2018.02.20-16.07.07:847][544]LogModuleManager: Shutting down and abandoning module LocalizationDashboard (392)
[2018.02.20-16.07.07:847][544]LogModuleManager: Shutting down and abandoning module LocalizationService (391)
[2018.02.20-16.07.07:847][544]LogModuleManager: Shutting down and abandoning module HardwareTargeting (388)
[2018.02.20-16.07.07:847][544]LogModuleManager: Shutting down and abandoning module DeviceProfileEditor (386)
[2018.02.20-16.07.07:847][544]LogModuleManager: Shutting down and abandoning module UndoHistory (384)
[2018.02.20-16.07.07:847][544]LogModuleManager: Shutting down and abandoning module UserFeedback (382)
[2018.02.20-16.07.07:847][544]LogModuleManager: Shutting down and abandoning module XmlParser (380)
[2018.02.20-16.07.07:847][544]LogModuleManager: Shutting down and abandoning module Blutility (378)
[2018.02.20-16.07.07:847][544]LogModuleManager: Shutting down and abandoning module ProjectSettingsViewer (376)
[2018.02.20-16.07.07:847][544]LogModuleManager: Shutting down and abandoning module ProjectTargetPlatformEditor (375)
[2018.02.20-16.07.07:847][544]LogModuleManager: Shutting down and abandoning module EditorSettingsViewer (372)
[2018.02.20-16.07.07:847][544]LogModuleManager: Shutting down and abandoning module SettingsEditor (370)
[2018.02.20-16.07.07:847][544]LogModuleManager: Shutting down and abandoning module ProjectLauncher (368)
[2018.02.20-16.07.07:847][544]LogModuleManager: Shutting down and abandoning module SessionFrontend (366)
[2018.02.20-16.07.07:847][544]LogModuleManager: Shutting down and abandoning module ProfilerClient (364)
[2018.02.20-16.07.07:847][544]LogModuleManager: Shutting down and abandoning module DeviceManager (362)
[2018.02.20-16.07.07:847][544]LogModuleManager: Shutting down and abandoning module TargetDeviceServices (361)
[2018.02.20-16.07.07:889][544]LogModuleManager: Shutting down and abandoning module AutomationController (358)
[2018.02.20-16.07.07:889][544]LogModuleManager: Shutting down and abandoning module AutomationWindow (356)
[2018.02.20-16.07.07:889][544]LogModuleManager: Shutting down and abandoning module Layers (354)
[2018.02.20-16.07.07:889][544]LogModuleManager: Shutting down and abandoning module ComponentVisualizers (352)
[2018.02.20-16.07.07:889][544]LogModuleManager: Shutting down and abandoning module DetailCustomizations (350)
[2018.02.20-16.07.07:889][544]LogModuleManager: Shutting down and abandoning module PackagesDialog (348)
[2018.02.20-16.07.07:889][544]LogModuleManager: Shutting down and abandoning module Persona (346)
[2018.02.20-16.07.07:889][544]LogModuleManager: Shutting down and abandoning module AnimGraph (345)
[2018.02.20-16.07.07:889][544]LogModuleManager: Shutting down and abandoning module Kismet (342)
[2018.02.20-16.07.07:890][544]LogModuleManager: Shutting down and abandoning module GraphEditor (340)
[2018.02.20-16.07.07:890][544]LogModuleManager: Shutting down and abandoning module ClassViewer (338)
[2018.02.20-16.07.07:890][544]LogModuleManager: Shutting down and abandoning module Toolbox (336)
[2018.02.20-16.07.07:891][544]LogModuleManager: Shutting down and abandoning module ModuleUI (334)
[2018.02.20-16.07.07:891][544]LogModuleManager: Shutting down and abandoning module MovieSceneTools (332)
[2018.02.20-16.07.07:891][544]LogModuleManager: Shutting down and abandoning module OutputLog (330)
[2018.02.20-16.07.07:891][544]LogModuleManager: Shutting down and abandoning module GammaUI (328)
[2018.02.20-16.07.07:891][544]LogModuleManager: Shutting down and abandoning module Documentation (326)
[2018.02.20-16.07.07:891][544]LogModuleManager: Shutting down and abandoning module Niagara (324)
[2018.02.20-16.07.07:891][544]LogModuleManager: Shutting down and abandoning module StreamingPauseRendering (322)
[2018.02.20-16.07.07:891][544]LogModuleManager: Shutting down and abandoning module AnalyticsET (320)
[2018.02.20-16.07.07:891][544]LogModuleManager: Shutting down and abandoning module PortalServices (318)
[2018.02.20-16.07.07:891][544]LogModuleManager: Shutting down and abandoning module PortalRpc (316)
[2018.02.20-16.07.07:891][544]LogModuleManager: Shutting down and abandoning module MessagingRpc (314)
[2018.02.20-16.07.07:891][544]LogModuleManager: Shutting down and abandoning module AIModule (312)
[2018.02.20-16.07.07:891][544]LogModuleManager: Shutting down and abandoning module GameplayDebugger (311)
[2018.02.20-16.07.07:891][544]LogModuleManager: Shutting down and abandoning module AITestSuite (309)
[2018.02.20-16.07.07:891][544]LogModuleManager: Shutting down and abandoning module ProfilerService (306)
[2018.02.20-16.07.07:944][544]LogModuleManager: Shutting down and abandoning module TaskGraph (304)
[2018.02.20-16.07.07:944][544]LogModuleManager: Shutting down and abandoning module SteamVRController (302)
[2018.02.20-16.07.07:944][544]LogModuleManager: Shutting down and abandoning module SteamVR (300)
[2018.02.20-16.07.07:944][544]LogModuleManager: Shutting down and abandoning module ProceduralMeshComponentEditor (298)
[2018.02.20-16.07.07:944][544]LogModuleManager: Shutting down and abandoning module ProceduralMeshComponent (296)
[2018.02.20-16.07.07:944][544]LogModuleManager: Shutting down and abandoning module OculusLibrary (294)
[2018.02.20-16.07.07:944][544]LogModuleManager: Shutting down and abandoning module OculusInput (292)
[2018.02.20-16.07.07:944][544]LogModuleManager: Shutting down and abandoning module MobilePatchingUtils (290)
[2018.02.20-16.07.07:944][544]LogModuleManager: Shutting down and abandoning module CustomMeshComponent (288)
[2018.02.20-16.07.07:944][544]LogModuleManager: Shutting down and abandoning module CableComponent (286)
[2018.02.20-16.07.07:945][544]LogModuleManager: Shutting down and abandoning module ArchVisCharacter (284)
[2018.02.20-16.07.07:945][544]LogModuleManager: Shutting down and abandoning module MediaPlayerEditor (280)
[2018.02.20-16.07.07:945][544]LogModuleManager: Shutting down and abandoning module HTML5Networking (278)
[2018.02.20-16.07.07:945][544]LogModuleManager: Shutting down and abandoning module AlembicImporter (276)
[2018.02.20-16.07.07:945][544]LogModuleManager: Shutting down and abandoning module AlembicLibrary (275)
[2018.02.20-16.07.07:945][544]LogModuleManager: Shutting down and abandoning module GeometryCache (274)
[2018.02.20-16.07.07:945][544]LogModuleManager: Shutting down and abandoning module GeometryCacheEd (273)
[2018.02.20-16.07.07:945][544]LogModuleManager: Shutting down and abandoning module SuperSearchEditor (268)
[2018.02.20-16.07.07:945][544]LogModuleManager: Shutting down and abandoning module SuperSearch (267)
[2018.02.20-16.07.07:945][544]LogModuleManager: Shutting down and abandoning module SpeedTreeImporter (264)
[2018.02.20-16.07.07:945][544]LogModuleManager: Shutting down and abandoning module PluginBrowser (262)
[2018.02.20-16.07.07:945][544]LogModuleManager: Shutting down and abandoning module MobileLauncherProfileWizard (260)
[2018.02.20-16.07.07:945][544]LogModuleManager: Shutting down and abandoning module EpicSurvey (258)
[2018.02.20-16.07.07:945][544]LogModuleManager: Shutting down and abandoning module VisualStudioSourceCodeAccess (256)
[2018.02.20-16.07.07:945][544]LogModuleManager: Shutting down and abandoning module DesktopPlatform (255)
[2018.02.20-16.07.07:945][544]LogModuleManager: Shutting down and abandoning module UObjectPlugin (252)
[2018.02.20-16.07.07:945][544]LogModuleManager: Shutting down and abandoning module SubversionSourceControl (250)
[2018.02.20-16.07.07:945][544]LogModuleManager: Shutting down and abandoning module PerforceSourceControl (248)
[2018.02.20-16.07.07:945][544]LogModuleManager: Shutting down and abandoning module GitSourceControl (246)
[2018.02.20-16.07.07:945][544]LogModuleManager: Shutting down and abandoning module SourceControl (245)
[2018.02.20-16.07.07:945][544]LogModuleManager: Shutting down and abandoning module LightPropagationVolumeEditor (242)
[2018.02.20-16.07.07:945][544]LogModuleManager: Shutting down and abandoning module PaperTiledImporter (240)
[2018.02.20-16.07.07:945][544]LogModuleManager: Shutting down and abandoning module PaperSpriteSheetImporter (238)
[2018.02.20-16.07.07:945][544]LogModuleManager: Shutting down and abandoning module Paper2DEditor (236)
[2018.02.20-16.07.07:945][544]LogModuleManager: Shutting down and abandoning module MeshPaint (235)
[2018.02.20-16.07.07:945][544]LogModuleManager: Shutting down and abandoning module LevelEditor (233)
[2018.02.20-16.07.07:946][544]LogModuleManager: Shutting down and abandoning module PixelInspectorModule (232)
[2018.02.20-16.07.07:946][544]LogModuleManager: Shutting down and abandoning module MainFrame (230)
[2018.02.20-16.07.07:946][544]LogModuleManager: Shutting down and abandoning module HotReload (229)
[2018.02.20-16.07.07:946][544]LogModuleManager: Shutting down and abandoning module ContentBrowser (225)
[2018.02.20-16.07.07:947][544]LogModuleManager: Shutting down and abandoning module PhysXVehiclesEditor (222)
[2018.02.20-16.07.07:947][544]LogModuleManager: Shutting down and abandoning module PhysXVehicles (220)
[2018.02.20-16.07.07:947][544]LogModuleManager: Shutting down and abandoning module LocationServicesBPLibrary (218)
[2018.02.20-16.07.07:947][544]LogModuleManager: Shutting down and abandoning module UdpMessaging (216)
[2018.02.20-16.07.08:047][544]LogModuleManager: Shutting down and abandoning module TcpMessaging (214)
[2018.02.20-16.07.08:153][544]LogModuleManager: Shutting down and abandoning module GameplayTagsEditor (212)
[2018.02.20-16.07.08:153][544]LogModuleManager: Shutting down and abandoning module FacialAnimationEditor (210)
[2018.02.20-16.07.08:153][544]LogModuleManager: Shutting down and abandoning module FacialAnimation (208)
[2018.02.20-16.07.08:153][544]LogModuleManager: Shutting down and abandoning module LightPropagationVolumeRuntime (206)
[2018.02.20-16.07.08:154][544]LogModuleManager: Shutting down and abandoning module Paper2D (204)
[2018.02.20-16.07.08:154][544]LogModuleManager: Shutting down and abandoning module WindowsMoviePlayer (202)
[2018.02.20-16.07.08:154][544]LogModuleManager: Shutting down and abandoning module WmfMedia (200)
[2018.02.20-16.07.08:156][544]LogModuleManager: Shutting down and abandoning module MfMedia (198)
[2018.02.20-16.07.08:156][544]LogModuleManager: Shutting down and abandoning module MediaAssets (196)
[2018.02.20-16.07.08:156][544]LogModuleManager: Shutting down and abandoning module GameLiveStreaming (194)
[2018.02.20-16.07.08:156][544]LogModuleManager: Shutting down and abandoning module VREditor (192)
[2018.02.20-16.07.08:156][544]LogModuleManager: Shutting down and abandoning module GameplayTasksEditor (190)
[2018.02.20-16.07.08:156][544]LogModuleManager: Shutting down and abandoning module BehaviorTreeEditor (188)
[2018.02.20-16.07.08:156][544]LogModuleManager: Shutting down and abandoning module FunctionalTesting (186)
[2018.02.20-16.07.08:156][544]LogModuleManager: Shutting down and abandoning module CollisionAnalyzer (184)
[2018.02.20-16.07.08:156][544]LogModuleManager: Shutting down and abandoning module UMG (182)
[2018.02.20-16.07.08:156][544]LogModuleManager: Shutting down and abandoning module UMGEditor (181)
[2018.02.20-16.07.08:156][544]LogModuleManager: Shutting down and abandoning module Sequencer (180)
[2018.02.20-16.07.08:156][544]LogModuleManager: Shutting down and abandoning module AssetTools (178)
[2018.02.20-16.07.08:157][544]LogModuleManager: Shutting down and abandoning module MessageLog (177)
[2018.02.20-16.07.08:157][544]LogModuleManager: Shutting down and abandoning module WorkspaceMenuStructure (176)
[2018.02.20-16.07.08:157][544]LogModuleManager: Shutting down and abandoning module SlateReflector (170)
[2018.02.20-16.07.08:157][544]LogModuleManager: Shutting down and abandoning module Slate (168)
[2018.02.20-16.07.08:157][544]LogModuleManager: Shutting down and abandoning module EditorStyle (166)
[2018.02.20-16.07.08:159][544]LogModuleManager: Shutting down and abandoning module SourceCodeAccess (164)
[2018.02.20-16.07.08:159][544]LogModuleManager: Shutting down and abandoning module HeadMountedDisplay (162)
[2018.02.20-16.07.08:159][544]LogModuleManager: Shutting down and abandoning module XAudio2 (160)
[2018.02.20-16.07.08:159][544]LogModuleManager: Shutting down and abandoning module Networking (158)
[2018.02.20-16.07.08:159][544]LogModuleManager: Shutting down and abandoning module Core (154)
[2018.02.20-16.07.08:159][544]LogModuleManager: Shutting down and abandoning module AssetRegistry (152)
[2018.02.20-16.07.08:243][544]LogDirectoryWatcher: A directory notification for '../../../Engine/Content/' was aborted.
[2018.02.20-16.07.08:243][544]LogDirectoryWatcher: A directory notification for '../../../../../../P - programist/UE4/Timekill/TimeKill/Content/' was aborted.
[2018.02.20-16.07.08:243][544]LogDirectoryWatcher: A directory notification for '../../../Engine/Plugins/2D/Paper2D/Content/' was aborted.
[2018.02.20-16.07.08:244][544]LogModuleManager: Shutting down and abandoning module DirectoryWatcher (151)
[2018.02.20-16.07.08:244][544]LogModuleManager: Shutting down and abandoning module KismetCompiler (148)
[2018.02.20-16.07.08:244][544]LogModuleManager: Shutting down and abandoning module PhysXFormats (146)
[2018.02.20-16.07.08:244][544]LogModuleManager: Shutting down and abandoning module MeshUtilities (144)
[2018.02.20-16.07.08:244][544]LogModuleManager: Shutting down and abandoning module SimplygonSwarm (143)
[2018.02.20-16.07.08:244][544]LogModuleManager: Shutting down and abandoning module SimplygonMeshReduction (141)
[2018.02.20-16.07.08:244][544]LogModuleManager: Shutting down and abandoning module QuadricMeshReduction (139)
[2018.02.20-16.07.08:244][544]LogModuleManager: Shutting down and abandoning module PropertyEditor (137)
[2018.02.20-16.07.08:244][544]LogModuleManager: Shutting down and abandoning module DerivedDataCache (134)
[2018.02.20-16.07.08:422][544]LogDerivedDataCache: Shutdown
[2018.02.20-16.07.08:422][544]LogModuleManager: Shutting down and abandoning module TargetPlatform (132)
[2018.02.20-16.07.08:422][544]LogModuleManager: Shutting down and abandoning module VulkanShaderFormat (131)
[2018.02.20-16.07.08:422][544]LogModuleManager: Shutting down and abandoning module ShaderFormatOpenGL (129)
[2018.02.20-16.07.08:422][544]LogModuleManager: Shutting down and abandoning module ShaderFormatD3D (127)
[2018.02.20-16.07.08:422][544]LogModuleManager: Shutting down and abandoning module MetalShaderFormat (125)
[2018.02.20-16.07.08:422][544]LogModuleManager: Shutting down and abandoning module TextureFormatUncompressed (123)
[2018.02.20-16.07.08:422][544]LogModuleManager: Shutting down and abandoning module TextureFormatPVR (121)
[2018.02.20-16.07.08:422][544]LogModuleManager: Shutting down and abandoning module TextureFormatDXT (119)
[2018.02.20-16.07.08:422][544]LogModuleManager: Shutting down and abandoning module TextureFormatIntelISPCTexComp (117)
[2018.02.20-16.07.08:422][544]LogModuleManager: Shutting down and abandoning module TextureFormatASTC (115)
[2018.02.20-16.07.08:422][544]LogModuleManager: Shutting down and abandoning module ImageWrapper (114)
[2018.02.20-16.07.08:422][544]LogModuleManager: Shutting down and abandoning module TextureFormatAndroid (111)
[2018.02.20-16.07.08:422][544]LogModuleManager: Shutting down and abandoning module AudioFormatOpus (109)
[2018.02.20-16.07.08:422][544]LogModuleManager: Shutting down and abandoning module AudioFormatOgg (107)
[2018.02.20-16.07.08:422][544]LogModuleManager: Shutting down and abandoning module AudioFormatADPCM (105)
[2018.02.20-16.07.08:422][544]LogModuleManager: Shutting down and abandoning module LinuxTargetPlatform (103)
[2018.02.20-16.07.08:422][544]LogModuleManager: Shutting down and abandoning module LinuxServerTargetPlatform (101)
[2018.02.20-16.07.08:422][544]LogModuleManager: Shutting down and abandoning module LinuxNoEditorTargetPlatform (99)
[2018.02.20-16.07.08:422][544]LogModuleManager: Shutting down and abandoning module LinuxClientTargetPlatform (97)
[2018.02.20-16.07.08:422][544]LogModuleManager: Shutting down and abandoning module TVOSTargetPlatform (95)
[2018.02.20-16.07.08:422][544]LogModuleManager: Shutting down and abandoning module Messaging (93)
[2018.02.20-16.07.08:422][544]LogModuleManager: Shutting down and abandoning module IOSTargetPlatform (91)
[2018.02.20-16.07.08:422][544]LogModuleManager: Shutting down and abandoning module HTML5TargetPlatform (89)
[2018.02.20-16.07.08:422][544]LogModuleManager: Shutting down and abandoning module Android_PVRTCTargetPlatform (87)
[2018.02.20-16.07.08:422][544]LogModuleManager: Shutting down and abandoning module Android_MultiTargetPlatform (85)
[2018.02.20-16.07.08:422][544]LogModuleManager: Shutting down and abandoning module Android_ETC2TargetPlatform (83)
[2018.02.20-16.07.08:422][544]LogModuleManager: Shutting down and abandoning module Android_ETC1TargetPlatform (81)
[2018.02.20-16.07.08:422][544]LogModuleManager: Shutting down and abandoning module Android_DXTTargetPlatform (79)
[2018.02.20-16.07.08:422][544]LogModuleManager: Shutting down and abandoning module Android_ATCTargetPlatform (77)
[2018.02.20-16.07.08:422][544]LogModuleManager: Shutting down and abandoning module Android_ASTCTargetPlatform (75)
[2018.02.20-16.07.08:422][544]LogModuleManager: Shutting down and abandoning module AndroidTargetPlatform (73)
[2018.02.20-16.07.08:422][544]LogModuleManager: Shutting down and abandoning module WindowsTargetPlatform (71)
[2018.02.20-16.07.08:422][544]LogModuleManager: Shutting down and abandoning module WindowsServerTargetPlatform (69)
[2018.02.20-16.07.08:422][544]LogModuleManager: Shutting down and abandoning module WindowsNoEditorTargetPlatform (67)
[2018.02.20-16.07.08:422][544]LogModuleManager: Shutting down and abandoning module WindowsClientTargetPlatform (65)
[2018.02.20-16.07.08:422][544]LogModuleManager: Shutting down and abandoning module MacTargetPlatform (63)
[2018.02.20-16.07.08:422][544]LogModuleManager: Shutting down and abandoning module MacServerTargetPlatform (61)
[2018.02.20-16.07.08:422][544]LogModuleManager: Shutting down and abandoning module MacNoEditorTargetPlatform (59)
[2018.02.20-16.07.08:422][544]LogModuleManager: Shutting down and abandoning module MacClientTargetPlatform (57)
[2018.02.20-16.07.08:422][544]LogModuleManager: Shutting down and abandoning module AllDesktopTargetPlatform (55)
[2018.02.20-16.07.08:422][544]LogModuleManager: Shutting down and abandoning module InputCore (52)
[2018.02.20-16.07.08:422][544]LogModuleManager: Shutting down and abandoning module Settings (50)
[2018.02.20-16.07.08:422][544]LogModuleManager: Shutting down and abandoning module OculusRift (48)
[2018.02.20-16.07.08:422][544]LogModuleManager: Shutting down and abandoning module GearVR (46)
[2018.02.20-16.07.08:422][544]LogModuleManager: Shutting down and abandoning module ExampleDeviceProfileSelector (44)
[2018.02.20-16.07.08:422][544]LogModuleManager: Shutting down and abandoning module OnlineBlueprintSupport (42)
[2018.02.20-16.07.08:422][544]LogModuleManager: Shutting down and abandoning module OnlineSubsystem (38)
[2018.02.20-16.07.08:422][544]LogOnline:Display: Unloading online subsystem: NULL
[2018.02.20-16.07.08:422][544]LogModuleManager: Shutting down and abandoning module XMPP (37)
[2018.02.20-16.07.08:423][544]LogModuleManager: Shutting down and abandoning module HTTP (35)
[2018.02.20-16.07.08:423][544]LogHttp:Display: Http module shutting down, but needs to wait on 1 outstanding Http requests:
[2018.02.20-16.07.08:423][544]LogHttp:Display: 	verb=[POST] url=[https://datarouter.ol.epicgames.com/datarouter/api/v1/public/data?SessionID=%7B17887A93-4E62-7F64-B5BA-14B359B1426B%7D&AppID=UEEditor.Rocket.Release&AppVersion=4.15.3-3450819%2B%2B%2BUE4%2BRelease-4.15&UserID=203cd22846209b4f8b77d28ccf32e6ff%7C89273462bd32443db345d53368ac8829%7Cb72b80ad-e83e-444b-86be-783fb756f975&AppEnvironment=datacollector-binary&UploadType=eteventstream] status=Processing
[2018.02.20-16.07.08:441][544]LogModuleManager: Shutting down and abandoning module SSL (34)
[2018.02.20-16.07.08:443][544]LogModuleManager: Shutting down and abandoning module AudioEditor (30)
[2018.02.20-16.07.08:443][544]LogModuleManager: Shutting down and abandoning module TextureCompressor (28)
[2018.02.20-16.07.08:443][544]LogModuleManager: Shutting down and abandoning module ShaderCore (26)
[2018.02.20-16.07.08:443][544]LogModuleManager: Shutting down and abandoning module Landscape (24)
[2018.02.20-16.07.08:443][544]LogModuleManager: Shutting down and abandoning module SlateRHIRenderer (22)
[2018.02.20-16.07.08:444][544]LogModuleManager: Shutting down and abandoning module OpenGLDrv (20)
[2018.02.20-16.07.08:444][544]LogModuleManager: Shutting down and abandoning module D3D11RHI (18)
[2018.02.20-16.07.08:444][544]LogModuleManager: Shutting down and abandoning module AnimGraphRuntime (16)
[2018.02.20-16.07.08:444][544]LogModuleManager: Shutting down and abandoning module Renderer (14)
[2018.02.20-16.07.08:444][544]LogModuleManager: Shutting down and abandoning module Engine (12)
[2018.02.20-16.07.08:444][544]LogModuleManager: Shutting down and abandoning module CoreUObject (10)
[2018.02.20-16.07.08:444][544]LogModuleManager: Shutting down and abandoning module NetworkFile (8)
[2018.02.20-16.07.08:444][544]LogModuleManager: Shutting down and abandoning module StreamingFile (6)
[2018.02.20-16.07.08:444][544]LogModuleManager: Shutting down and abandoning module SandboxFile (4)
[2018.02.20-16.07.08:444][544]LogModuleManager: Shutting down and abandoning module PakFile (2)
[2018.02.20-16.07.08:448][544]LogExit: Exiting.
[2018.02.20-16.07.08:449][544]Log file closed, 02/20/18 19:07:08
