Log file open, 11/04/17 22:37:24
LogInit:Display: Running engine for game: TimeKill
LogPlatformFile: Not using cached read wrapper
LogInit:Display: RandInit(-1298868288) SRandInit(-1298868288).
LogTaskGraph: Started task graph with 5 named threads and 8 total threads with 1 sets of task threads.
LogStats: Stats thread started at 0.078386
LogInit: Using libcurl 7.47.1
LogInit:  - built for x86_64-pc-win32
LogInit:  - supports SSL with OpenSSL/1.0.2g
LogInit:  - supports HTTP deflate (compression) using libz 1.2.8
LogInit:  - other features:
LogInit:      CURL_VERSION_SSL
LogInit:      CURL_VERSION_LIBZ
LogInit:      CURL_VERSION_IPV6
LogInit:      CURL_VERSION_ASYNCHDNS
LogInit:      CURL_VERSION_LARGEFILE
LogInit:      CURL_VERSION_IDN
LogInit:  CurlRequestOptions (configurable via config and command line):
LogInit:  - bVerifyPeer = false  - Libcurl will NOT verify peer certificate
LogInit:  - bUseHttpProxy = false  - Libcurl will NOT use HTTP proxy
LogInit:  - bDontReuseConnections = false  - Libcurl will reuse connections
LogInit:  - CertBundlePath = nullptr  - Libcurl will use whatever was configured at build time.
LogInit: Build: ++UE4+Release-4.15-CL-3450819
LogInit: Engine Version: 4.15.3-3450819+++UE4+Release-4.15
LogInit: Compatible Engine Version: 4.15.0-3299760+++UE4+Release-4.15
LogInit: Net CL: 3299760
LogDevObjectVersion: Number of dev versions registered: 14
LogDevObjectVersion:   Dev-Blueprints (B0D832E4-1F89-4F0D-ACCF-7EB736FD4AA2): 8
LogDevObjectVersion:   Dev-Build (E1C64328-A22C-4D53-A36C-8E866417BD8C): 0
LogDevObjectVersion:   Dev-Core (375EC13C-06E4-48FB-B500-84F0262A717E): 2
LogDevObjectVersion:   Dev-Editor (E4B068ED-F494-42E9-A231-DA0B2E46BB41): 14
LogDevObjectVersion:   Dev-Framework (CFFC743F-43B0-4480-9391-14DF171D2073): 22
LogDevObjectVersion:   Dev-Mobile (B02B49B5-BB20-44E9-A304-32B752E40360): 0
LogDevObjectVersion:   Dev-Networking (A4E4105C-59A1-49B5-A7C5-40C4547EDFEE): 0
LogDevObjectVersion:   Dev-Online (39C831C9-5AE6-47DC-9A44-9C173E1C8E7C): 0
LogDevObjectVersion:   Dev-Physics (78F01B33-EBEA-4F98-B9B4-84EACCB95AA2): 0
LogDevObjectVersion:   Dev-Platform (6631380F-2D4D-43E0-8009-CF276956A95A): 0
LogDevObjectVersion:   Dev-Rendering (12F88B9F-8875-4AFC-A67C-D90C383ABD29): 12
LogDevObjectVersion:   Dev-Sequencer (7B5AE74C-D270-4C10-A958-57980B212A5A): 3
LogDevObjectVersion:   Dev-VR (D7296918-1DD6-4BDD-9DE2-64A83CC13884): 0
LogDevObjectVersion:   Dev-LoadTimes (C2A15278-BFE7-4AFE-6C17-90FF531DF755): 1
LogInit: Compiled (64-bit): May 21 2017 11:02:34
LogInit: Compiled with Visual C++: 19.00.23026.00
LogInit: Build Configuration: Development
LogInit: Branch Name: ++UE4+Release-4.15
LogInit: Command line:  
LogInit: Base directory: D:/Program Files/Epic Games/UE_4.15/Engine/Binaries/Win64/
LogInit: Installed Engine Build: 1
LogInit: Presizing for max 8388607 objects, including 0 objects not considered by GC, pre-allocating 0 bytes for permanent pool.
LogInit: Object subsystem initialized
[2017.11.04-19.37.25:561][  0]LogInit: Selected Device Profile: [Windows]
[2017.11.04-19.37.25:561][  0]LogInit: Applying CVar settings loaded from the selected device profile: [Windows]
[2017.11.04-19.37.25:670][  0]LogInit: Computer: DESKTOP-S9EOI2C
[2017.11.04-19.37.25:670][  0]LogInit: User: IzPOD
[2017.11.04-19.37.25:670][  0]LogInit: CPU Page size=65536, Cores=4
[2017.11.04-19.37.25:670][  0]LogInit: High frequency timer resolution =3.312783 MHz
[2017.11.04-19.37.25:670][  0]LogMemory: Memory total: Physical=7.9GB (8GB approx)
[2017.11.04-19.37.25:670][  0]LogMemory: Platform Memory Stats for Windows
[2017.11.04-19.37.25:670][  0]LogMemory: Process Physical Memory: 265.47 MB used, 265.47 MB peak
[2017.11.04-19.37.25:670][  0]LogMemory: Process Virtual Memory: 262.05 MB used, 262.05 MB peak
[2017.11.04-19.37.25:670][  0]LogMemory: Physical Memory: 4257.02 MB used,  3867.78 MB free, 8124.80 MB total
[2017.11.04-19.37.25:670][  0]LogMemory: Virtual Memory: 677.91 MB used,  3867.78 MB free, 134217728.00 MB total
[2017.11.04-19.37.26:010][  0]LogTextLocalizationManager: No translations for ('ru-RU') exist, falling back to 'en' for localization and internationalization data.
[2017.11.04-19.37.27:315][  0]LogD3D11RHI: D3D11 adapters:
[2017.11.04-19.37.27:931][  0]LogD3D11RHI:    0. 'NVIDIA GeForce GTX 670' (Feature Level 11_0)
[2017.11.04-19.37.27:931][  0]LogD3D11RHI:       2017/0/4062 MB DedicatedVideo/DedicatedSystem/SharedSystem, Outputs:2, VendorId:0x10de
[2017.11.04-19.37.27:934][  0]LogD3D11RHI:    1. 'Microsoft Basic Render Driver' (Feature Level 11_0)
[2017.11.04-19.37.27:934][  0]LogD3D11RHI:       0/0/4062 MB DedicatedVideo/DedicatedSystem/SharedSystem, Outputs:0, VendorId:0x1414
[2017.11.04-19.37.27:934][  0]LogD3D11RHI: Chosen D3D11 Adapter: 0
[2017.11.04-19.37.27:939][  0]LogD3D11RHI: Creating new Direct3DDevice
[2017.11.04-19.37.27:939][  0]LogD3D11RHI:     GPU DeviceId: 0x1189 (for the marketing name, search the web for "GPU Device Id")
[2017.11.04-19.37.27:939][  0]LogWindows: EnumDisplayDevices:
[2017.11.04-19.37.27:939][  0]LogWindows:    0. 'NVIDIA GeForce GTX 670' (P:1 D:1)
[2017.11.04-19.37.27:940][  0]LogWindows:    1. 'NVIDIA GeForce GTX 670' (P:0 D:1)
[2017.11.04-19.37.27:940][  0]LogWindows:    2. 'NVIDIA GeForce GTX 670' (P:0 D:0)
[2017.11.04-19.37.27:940][  0]LogWindows:    3. 'NVIDIA GeForce GTX 670' (P:0 D:0)
[2017.11.04-19.37.27:940][  0]LogWindows: DebugString: GetVideoDriverDetailsInvalid PrimaryIsNotTheChoosenAdapter GetVideoDriverDetailsInvalid PrimaryIsNotTheChoosenAdapter GetVideoDriverDetailsInvalid PrimaryIsNotTheChoosenAdapter GetVideoDriverDetailsInvalid PrimaryIsNotTheChoosenAdapter FoundDriverCount:0 
[2017.11.04-19.37.27:940][  0]LogD3D11RHI:     Adapter Name: NVIDIA GeForce GTX 670
[2017.11.04-19.37.27:940][  0]LogD3D11RHI:   Driver Version: Unknown (internal:Unknown, unified:Unknown)
[2017.11.04-19.37.27:940][  0]LogD3D11RHI:      Driver Date: Unknown
[2017.11.04-19.37.27:940][  0]LogRHI: Texture pool is 1361 MB (70% of 1945 MB)
[2017.11.04-19.37.28:507][  0]LogD3D11RHI:Warning: Timestamp queries are currently disabled on this hardware due to instability. Realtime GPU stats will not be available. You can override this behaviour by setting r.NVIDIATimestampWorkaround to 0
[2017.11.04-19.37.28:507][  0]LogD3D11RHI: Async texture creation enabled
[2017.11.04-19.37.28:556][  0]LogD3D11RHI: GPU Timing Frequency: 1000.000000 (Debug: 2 1)
[2017.11.04-19.37.28:558][  0]LogShaderCompilers: Guid format shader working directory is -9 characters bigger than the processId version (../../../../../../P - programist/UE4/Timekill/TimeKill/Intermediate/Shaders/WorkingDirectory/14768/).
[2017.11.04-19.37.28:558][  0]LogShaderCompilers: Cleaned the shader compiler working directory 'C:/Users/IzPOD/AppData/Local/Temp/UnrealShaderWorkingDir/16569C564958C086AE0D32BC7A3C0F01/'.
[2017.11.04-19.37.28:558][  0]LogShaderCompilers:Display: Using Local Shader Compiler.
[2017.11.04-19.37.29:774][  0]LogTemp:Display: Loaded TP AllDesktopTargetPlatform
[2017.11.04-19.37.29:830][  0]LogTemp:Display: Loaded TP MacClientTargetPlatform
[2017.11.04-19.37.29:883][  0]LogTemp:Display: Loaded TP MacNoEditorTargetPlatform
[2017.11.04-19.37.29:936][  0]LogTemp:Display: Loaded TP MacServerTargetPlatform
[2017.11.04-19.37.29:989][  0]LogTemp:Display: Loaded TP MacTargetPlatform
[2017.11.04-19.37.30:042][  0]LogTemp:Display: Loaded TP WindowsClientTargetPlatform
[2017.11.04-19.37.30:095][  0]LogTemp:Display: Loaded TP WindowsNoEditorTargetPlatform
[2017.11.04-19.37.30:149][  0]LogTemp:Display: Loaded TP WindowsServerTargetPlatform
[2017.11.04-19.37.30:190][  0]LogTemp:Display: Loaded TP WindowsTargetPlatform
[2017.11.04-19.37.30:244][  0]LogTemp:Display: Loaded TP AndroidTargetPlatform
[2017.11.04-19.37.30:299][  0]LogTemp:Display: Loaded TP Android_ASTCTargetPlatform
[2017.11.04-19.37.30:351][  0]LogTemp:Display: Loaded TP Android_ATCTargetPlatform
[2017.11.04-19.37.30:405][  0]LogTemp:Display: Loaded TP Android_DXTTargetPlatform
[2017.11.04-19.37.30:457][  0]LogTemp:Display: Loaded TP Android_ETC1TargetPlatform
[2017.11.04-19.37.30:509][  0]LogTemp:Display: Loaded TP Android_ETC2TargetPlatform
[2017.11.04-19.37.30:620][  0]LogTemp:Display: Loaded TP Android_MultiTargetPlatform
[2017.11.04-19.37.30:620][  0]LogTemp:Display: Loaded TP Android_PVRTCTargetPlatform
[2017.11.04-19.37.30:654][  0]LogTemp:Display: Loaded TP HTML5TargetPlatform
[2017.11.04-19.37.30:750][  0]LogTemp:Display: Loaded TP IOSTargetPlatform
[2017.11.04-19.37.30:790][  0]LogTemp:Display: Loaded TP TVOSTargetPlatform
[2017.11.04-19.37.30:843][  0]LogTemp:Display: Loaded TP LinuxClientTargetPlatform
[2017.11.04-19.37.30:895][  0]LogTemp:Display: Loaded TP LinuxNoEditorTargetPlatform
[2017.11.04-19.37.30:948][  0]LogTemp:Display: Loaded TP LinuxServerTargetPlatform
[2017.11.04-19.37.31:003][  0]LogTemp:Display: Loaded TP LinuxTargetPlatform
[2017.11.04-19.37.31:003][  0]LogTargetPlatformManager:Display: Building Assets For Windows
[2017.11.04-19.37.31:410][  0]LogDerivedDataCache:Display: Max Cache Size: 512 MB
[2017.11.04-19.37.31:454][  0]LogDerivedDataCache: Loaded boot cache 0.04s 50MB C:/Users/IzPOD/AppData/Local/UnrealEngine/4.15/DerivedDataCache/Boot.ddc.
[2017.11.04-19.37.31:454][  0]LogDerivedDataCache:Display: Loaded Boot cache: C:/Users/IzPOD/AppData/Local/UnrealEngine/4.15/DerivedDataCache/Boot.ddc
[2017.11.04-19.37.31:455][  0]LogDerivedDataCache: FDerivedDataBackendGraph:  Pak pak cache file ../../../../../../P - programist/UE4/Timekill/TimeKill/DerivedDataCache/DDC.ddp not found, will not use a pak cache.
[2017.11.04-19.37.31:455][  0]LogDerivedDataCache: Unable to find inner node Pak for hierarchical cache Hierarchy.
[2017.11.04-19.37.31:455][  0]LogDerivedDataCache: FDerivedDataBackendGraph:  CompressedPak pak cache file ../../../../../../P - programist/UE4/Timekill/TimeKill/DerivedDataCache/Compressed.ddp not found, will not use a pak cache.
[2017.11.04-19.37.31:455][  0]LogDerivedDataCache: Unable to find inner node CompressedPak for hierarchical cache Hierarchy.
[2017.11.04-19.37.31:471][  0]LogDerivedDataCache:Display: Pak cache opened for reading ../../../Engine/DerivedDataCache/Compressed.ddp.
[2017.11.04-19.37.31:483][  0]LogDerivedDataCache: Using Local data cache path C:/Users/IzPOD/AppData/Local/UnrealEngine/Common/DerivedDataCache: Writable
[2017.11.04-19.37.31:494][  0]LogSlate: Using Freetype 2.6.0
[2017.11.04-19.37.31:494][  0]LogSlate: SlateFontCache - WITH_FREETYPE: 1, WITH_HARFBUZZ: 1
[2017.11.04-19.37.31:494][  0]LogSlate: SlateFontCache - WITH_FREETYPE: 1, WITH_HARFBUZZ: 1
[2017.11.04-19.37.31:781][  0]LogInit: Selected Device Profile: [Windows]
[2017.11.04-19.37.31:785][  0]LogContentStreaming: Texture pool size is 0.00 MB
[2017.11.04-19.37.31:984][  0]LogMeshUtilities: Using QuadricMeshReduction for automatic static mesh reduction
[2017.11.04-19.37.32:024][  0]LogSimplygon: Simplygon DLL not present - disabling.
[2017.11.04-19.37.32:064][  0]LogMeshUtilities: Using SimplygonSwarm for distributed automatic mesh merging
[2017.11.04-19.37.32:064][  0]LogMeshUtilities: No automatic skeletal mesh reduction module available
[2017.11.04-19.37.32:064][  0]LogMeshUtilities: No automatic mesh merging module available
[2017.11.04-19.37.32:593][  0]LogNetVersion: GetLocalNetworkVersion: CL: 3299760, ProjectName: timekill, ProjectVersion: , EngineNetworkVersion: 2, GameNetworkVersion: 0, NetworkChecksum: 844999791
[2017.11.04-19.37.32:637][  0]LogAssetRegistry: FAssetRegistry took 0.0219 seconds to start up
[2017.11.04-19.37.32:669][  0]LogPackageLocalizationCache: Processed 3 localized package path(s) for 1 prioritized culture(s) in 0.013804 seconds
[2017.11.04-19.37.32:675][  0]LogUObjectArray: 32493 objects as part of root set at end of initial load.
[2017.11.04-19.37.32:675][  0]LogUObjectAllocator: 7077024 out of 0 bytes used by permanent object pool.
[2017.11.04-19.37.32:675][  0]LogUObjectArray: CloseDisregardForGC: 0/0 objects in disregard for GC pool
[2017.11.04-19.37.32:728][  0]LogInit: WinSock: version 1.1 (2.2), MaxSocks=32767, MaxUdp=65467
[2017.11.04-19.37.34:180][  0]LogTcpMessaging: Initializing TcpMessaging bridge
[2017.11.04-19.37.34:217][  0]LogUdpMessaging: Initializing bridge on interface 0.0.0.0:0 to multicast group 230.0.0.1:6666.
[2017.11.04-19.37.34:664][  0]LogMaterial: Uniform references updated for custom material expression Custom.
[2017.11.04-19.37.35:009][  0]SourceControl: Info Source control is disabled
[2017.11.04-19.37.35:010][  0]SourceControl: Info Source control is disabled
[2017.11.04-19.37.35:050][  0]SourceControl: Info Source control is disabled
[2017.11.04-19.37.35:090][  0]SourceControl: Info Source control is disabled
[2017.11.04-19.37.35:357][  0]LogLinker:Warning: Can't find file '/Game/PuzzleBP/Tutorial/Part1-Overview'
[2017.11.04-19.37.35:357][  0]LogLinker:Warning: Can't find file '/Game/PuzzleBP/Tutorial/Part1-Overview'
[2017.11.04-19.37.35:357][  0]LogUObjectGlobals:Warning: Failed to find object 'Class /Game/PuzzleBP/Tutorial/Part1-Overview.Part1-Overview_C'
[2017.11.04-19.37.35:357][  0]LogLinker:Warning: Can't find file '/Game/PuzzleBP/Tutorial/Part2-BlockBlueprint'
[2017.11.04-19.37.35:358][  0]LogLinker:Warning: Can't find file '/Game/PuzzleBP/Tutorial/Part2-BlockBlueprint'
[2017.11.04-19.37.35:358][  0]LogUObjectGlobals:Warning: Failed to find object 'Class /Game/PuzzleBP/Tutorial/Part2-BlockBlueprint.Part2-BlockBlueprint_C'
[2017.11.04-19.37.36:179][  0]LogEngine: Initializing Engine...
[2017.11.04-19.37.36:180][  0]LogHMD: Failed to initialize OpenVR with code 110
[2017.11.04-19.37.36:296][  0]LogStats: UGameplayTagsManager::ConstructGameplayTagTree: Construct from data asset -  0.000 s
[2017.11.04-19.37.36:296][  0]LogStats: UGameplayTagsManager::ConstructGameplayTagTree: GameplayTagTreeChangedEvent.Broadcast -  0.000 s
[2017.11.04-19.37.36:400][  0]LogAIModule: Creating AISystem for world Untitled
[2017.11.04-19.37.36:409][  0]LogInit: XAudio2 using 'Динамики (Logitech G430 Gaming Headset)' : 8 channels at 48 kHz using 16 bits per sample (channel mask 0x63f)
[2017.11.04-19.37.36:433][  0]LogInit: FAudioDevice initialized.
[2017.11.04-19.37.36:460][  0]LogDerivedDataCache: Saved boot cache 0.03s 50MB C:/Users/IzPOD/AppData/Local/UnrealEngine/4.15/DerivedDataCache/Boot.ddc.
[2017.11.04-19.37.36:468][  0]LogInit: Texture streaming: Enabled
[2017.11.04-19.37.36:553][  0]LogEngineSessionManager: EngineSessionManager initialized
[2017.11.04-19.37.36:636][  0]LogInit: Transaction tracking system initialized
[2017.11.04-19.37.36:941][  0]BlueprintLog: New page: Editor Load
[2017.11.04-19.37.37:715][  0]LocalizationService: Info Localization service is disabled
[2017.11.04-19.37.38:307][  0]LogConsoleResponse:Display: 
[2017.11.04-19.37.38:433][  0]LogCook:Display: Max memory allowance for cook 16384mb min free memory 0mb
[2017.11.04-19.37.38:433][  0]LogCook:Display: Mobile HDR setting 0
[2017.11.04-19.37.38:941][  0]LogFileCache: Scanning file cache for directory 'D:/P - programist/UE4/Timekill/TimeKill/Content/' took 0.01s
[2017.11.04-19.37.39:344][  0]SourceControl: Info Source control is disabled
[2017.11.04-19.37.39:344][  0]Cmd: MAP LOAD FILE="../../../../../../P - programist/UE4/Timekill/TimeKill/Content/GameLavel.umap" TEMPLATE=0 SHOWPROGRESS=1 FEATURELEVEL=3
[2017.11.04-19.37.39:344][  0]LightingResults: New page: Lighting Build
[2017.11.04-19.37.39:379][  0]MapCheck: New page: Map Check
[2017.11.04-19.37.39:379][  0]LightingResults: New page: Lighting Build
[2017.11.04-19.37.39:985][  0]LogAIModule: Creating AISystem for world GameLavel
[2017.11.04-19.37.40:009][  0]LogEditorServer: Finished looking for orphan Actors (0.000 secs)
[2017.11.04-19.37.40:009][  0]Cmd: MAP CHECKDEP NOCLEARLOG
[2017.11.04-19.37.40:055][  0]MapCheck: Info Map check complete: 0 Error(s), 0 Warning(s), took 45.427ms to complete.
[2017.11.04-19.37.40:055][  0]LogFileHelpers: Loading map 'GameLavel' took 0.711
[2017.11.04-19.37.40:379][  0]LogCollectionManager: Loaded 0 collections in 0.000884 seconds
[2017.11.04-19.37.40:456][  0]LogFileCache: Scanning file cache for directory 'D:/P - programist/UE4/Timekill/TimeKill/Saved/Collections/' took 0.01s
[2017.11.04-19.37.40:456][  0]LogFileCache: Scanning file cache for directory 'D:/P - programist/UE4/Timekill/TimeKill/Content/Developers/IzPOD/Collections/' took 0.01s
[2017.11.04-19.37.40:456][  0]LogFileCache: Scanning file cache for directory 'D:/P - programist/UE4/Timekill/TimeKill/Content/Collections/' took 0.01s
[2017.11.04-19.37.40:456][  0]LogCollectionManager: Rebuilt the GUID cache for 0 collections in 0.000002 seconds
[2017.11.04-19.37.40:467][  0]LogContentBrowser: Native class hierarchy populated in 0.0109 seconds. Added 2246 classes and 455 folders.
[2017.11.04-19.37.40:523][  0]LogContentBrowser: Native class hierarchy updated for 'WidgetCarousel' in 0.0006 seconds. Added 0 classes and 0 folders.
[2017.11.04-19.37.40:560][  0]LogContentBrowser: Native class hierarchy updated for 'AddContentDialog' in 0.0005 seconds. Added 0 classes and 0 folders.
[2017.11.04-19.37.40:584][  0]LogCrashTracker: Crashtracker disabled due to settings.
[2017.11.04-19.37.40:594][  0]LogUObjectGlobals:Warning: Failed to find object 'Class None.'
[2017.11.04-19.37.40:657][  0]LogContentBrowser: Native class hierarchy updated for 'HierarchicalLODOutliner' in 0.0006 seconds. Added 1 classes and 2 folders.
[2017.11.04-19.37.40:657][  0]LogLoad: (Engine Initialization) Total time: 18.60 seconds
[2017.11.04-19.37.40:657][  0]LogLoad: (Engine Initialization) Total Blueprint compile time: 0.24 seconds
[2017.11.04-19.37.40:657][  0]LogExternalProfiler: No external profilers were discovered.  External profiling features will not be available.
[2017.11.04-19.37.40:997][  0]LogOcInput: OculusInput pre-init called
[2017.11.04-19.37.41:016][  0]LogContentStreaming: Texture pool size now 1000 MB
[2017.11.04-19.37.41:017][  0]LogSlate: Took 0.000269 seconds to synchronously load lazily loaded font '../../../Engine/Content/Slate/Fonts/Roboto-Regular.ttf' (155K)
[2017.11.04-19.37.41:022][  0]LogSlate: Took 0.000221 seconds to synchronously load lazily loaded font '../../../Engine/Content/Slate/Fonts/Roboto-Bold.ttf' (160K)
[2017.11.04-19.37.41:025][  0]LogSlate: Took 0.000211 seconds to synchronously load lazily loaded font '../../../Engine/Content/Editor/Slate/Fonts/FontAwesome.ttf' (139K)
[2017.11.04-19.37.41:130][  0]LogRenderer: Reallocating scene render targets to support 1068x924 NumSamples 1 (Frame:2).
[2017.11.04-19.37.41:203][  0]LogSlate: Took 0.000152 seconds to synchronously load lazily loaded font '../../../Engine/Content/Slate/Fonts/Roboto-Light.ttf' (159K)
[2017.11.04-19.37.41:347][  1]LogAssetRegistry: Asset discovery search completed in 8.7316 seconds
[2017.11.04-19.37.41:347][  1]LogCollectionManager: Rebuilt the object cache for 0 collections in 0.000006 seconds (found 0 objects)
[2017.11.04-19.37.41:347][  1]LogCollectionManager: Fixed up redirectors for 0 collections in 0.000021 seconds (updated 0 objects)
[2017.11.04-19.37.42:000][  3]LogSlate: Took 0.000303 seconds to synchronously load lazily loaded font '../../../Engine/Content/Slate/Fonts/Roboto-Light.ttf' (159K)
[2017.11.04-19.37.46:040][426]LogSlate: Took 0.000200 seconds to synchronously load lazily loaded font '../../../Engine/Content/Slate/Fonts/Roboto-Light.ttf' (159K)
[2017.11.04-19.37.46:380][426]LogContentBrowser: Native class hierarchy updated for 'BlueprintGraph' in 0.0009 seconds. Added 112 classes and 0 folders.
[2017.11.04-19.37.47:119][426]LogSlate: Took 0.000150 seconds to synchronously load lazily loaded font '../../../Engine/Content/Slate/Fonts/Roboto-Regular.ttf' (155K)
[2017.11.04-19.37.47:200][426]LogSlate: Took 0.000244 seconds to synchronously load lazily loaded font '../../../Engine/Content/Editor/Slate/Fonts/Roboto-BoldCondensed.ttf' (158K)
[2017.11.04-19.37.47:573][427]LogSlate: Took 0.000310 seconds to synchronously load lazily loaded font '../../../Engine/Content/Editor/Slate/Fonts/Roboto-Italic.ttf' (157K)
[2017.11.04-19.37.50:380][619]LogWindowsTextInputMethodSystem:Display: IME system now deactivated.
[2017.11.04-19.37.50:380][619]LogWindowsTextInputMethodSystem:Display: IME system now deactivated.
[2017.11.04-19.47.41:037][377]Cmd: OBJ SAVEPACKAGE PACKAGE="/Game/GameLavel" FILE="../../../../../../P - programist/UE4/Timekill/TimeKill/Saved/Autosaves/Game/GameLavel_Auto1.umap" SILENT=true AUTOSAVING=true KEEPDIRTY=false
[2017.11.04-19.47.41:222][377]LogSavePackage: Save=160.57ms
[2017.11.04-19.47.41:222][377]LogSavePackage: Moving '../../../../../../P - programist/UE4/Timekill/TimeKill/Saved/GameLavel_Auto1F30035214CEC04EE58CE85B128AC2963.tmp' to '../../../../../../P - programist/UE4/Timekill/TimeKill/Saved/Autosaves/Game/GameLavel_Auto1.umap'
[2017.11.04-19.47.41:237][377]LogSavePackage:Display: Finished SavePackage ../../../../../../P - programist/UE4/Timekill/TimeKill/Saved/Autosaves/Game/GameLavel_Auto1.umap
[2017.11.04-19.47.41:254][377]LogFileHelpers: Editor autosave (incl. sublevels) for '/Game/GameLavel' took 0.296
[2017.11.04-19.47.41:254][377]LogFileHelpers: Editor autosave (incl. sublevels) for all levels took 0.296
[2017.11.04-19.47.41:272][377]OBJ SavePackage: Generating thumbnails for [0] asset(s) in package [/Game/Blueprints/Player1] ([1] browsable assets)...
[2017.11.04-19.47.41:272][377]OBJ SavePackage: Finished generating thumbnails for package [/Game/Blueprints/Player1]
[2017.11.04-19.47.41:273][377]Cmd: OBJ SAVEPACKAGE PACKAGE="/Game/Blueprints/Player1" FILE="../../../../../../P - programist/UE4/Timekill/TimeKill/Saved/Autosaves/Game/Blueprints/Player1_Auto1.uasset" SILENT=false AUTOSAVING=true
[2017.11.04-19.47.41:540][377]LogSavePackage: Save=234.91ms
[2017.11.04-19.47.41:540][377]LogSavePackage: Moving '../../../../../../P - programist/UE4/Timekill/TimeKill/Saved/Player1_Auto1765D5C1B457F0E6F2BD90394A6CBE528.tmp' to '../../../../../../P - programist/UE4/Timekill/TimeKill/Saved/Autosaves/Game/Blueprints/Player1_Auto1.uasset'
[2017.11.04-19.47.41:578][377]LogSavePackage:Display: Finished SavePackage ../../../../../../P - programist/UE4/Timekill/TimeKill/Saved/Autosaves/Game/Blueprints/Player1_Auto1.uasset
[2017.11.04-19.47.41:578][377]LogFileHelpers: Auto-saving content packages took 0.323
[2017.11.04-20.03.28:044][218]LogWindowsTextInputMethodSystem:Display: IME system now deactivated.
[2017.11.04-20.03.28:044][218]LogWindowsTextInputMethodSystem:Display: IME system now deactivated.
[2017.11.04-20.03.51:679][474]LogWindowsTextInputMethodSystem:Display: IME system now deactivated.
[2017.11.04-20.03.51:679][474]LogWindowsTextInputMethodSystem:Display: IME system now deactivated.
[2017.11.04-20.03.58:938][167]BlueprintLog: New page: Compile Player1
[2017.11.04-20.04.40:136][210]Cmd: OBJ SAVEPACKAGE PACKAGE="/Game/GameLavel" FILE="../../../../../../P - programist/UE4/Timekill/TimeKill/Saved/Autosaves/Game/GameLavel_Auto2.umap" SILENT=true AUTOSAVING=true KEEPDIRTY=false
[2017.11.04-20.04.40:335][210]LogSavePackage: Save=158.09ms
[2017.11.04-20.04.40:335][210]LogSavePackage: Moving '../../../../../../P - programist/UE4/Timekill/TimeKill/Saved/GameLavel_Auto2F0679A0F42C0FD2AADC7358B184740B5.tmp' to '../../../../../../P - programist/UE4/Timekill/TimeKill/Saved/Autosaves/Game/GameLavel_Auto2.umap'
[2017.11.04-20.04.40:355][210]LogSavePackage:Display: Finished SavePackage ../../../../../../P - programist/UE4/Timekill/TimeKill/Saved/Autosaves/Game/GameLavel_Auto2.umap
[2017.11.04-20.04.40:358][210]LogFileHelpers: Editor autosave (incl. sublevels) for '/Game/GameLavel' took 0.238
[2017.11.04-20.04.40:358][210]LogFileHelpers: Editor autosave (incl. sublevels) for all levels took 0.238
[2017.11.04-20.04.40:361][210]OBJ SavePackage: Generating thumbnails for [0] asset(s) in package [/Game/Blueprints/Player1] ([1] browsable assets)...
[2017.11.04-20.04.40:361][210]OBJ SavePackage: Finished generating thumbnails for package [/Game/Blueprints/Player1]
[2017.11.04-20.04.40:361][210]Cmd: OBJ SAVEPACKAGE PACKAGE="/Game/Blueprints/Player1" FILE="../../../../../../P - programist/UE4/Timekill/TimeKill/Saved/Autosaves/Game/Blueprints/Player1_Auto2.uasset" SILENT=false AUTOSAVING=true
[2017.11.04-20.04.40:623][210]LogSavePackage: Save=231.36ms
[2017.11.04-20.04.40:623][210]LogSavePackage: Moving '../../../../../../P - programist/UE4/Timekill/TimeKill/Saved/Player1_Auto2EA027F514C08D67774AAB4A677409DD1.tmp' to '../../../../../../P - programist/UE4/Timekill/TimeKill/Saved/Autosaves/Game/Blueprints/Player1_Auto2.uasset'
[2017.11.04-20.04.40:645][210]LogSavePackage:Display: Finished SavePackage ../../../../../../P - programist/UE4/Timekill/TimeKill/Saved/Autosaves/Game/Blueprints/Player1_Auto2.uasset
[2017.11.04-20.04.40:645][210]LogFileHelpers: Auto-saving content packages took 0.286
[2017.11.04-20.06.01:386][454]LogWindowsTextInputMethodSystem:Display: IME system now deactivated.
[2017.11.04-20.06.01:386][454]LogWindowsTextInputMethodSystem:Display: IME system now deactivated.
[2017.11.04-20.06.17:115][610]BlueprintLog: New page: Compile Player1
[2017.11.04-20.06.17:658][630]LogTemp: Repeting last play command: New Editor Window (PIE)
[2017.11.04-20.06.17:679][630]LogBlueprintUserMessages: Early PlayInEditor Detection: Level '/Game/GameLavel.GameLavel:PersistentLevel' has LevelScriptBlueprint '/Game/GameLavel.GameLavel:PersistentLevel.GameLavel' with GeneratedClass '/Game/GameLavel.GameLavel_C' with ClassGeneratedBy '/Game/GameLavel.GameLavel:PersistentLevel.GameLavel'
[2017.11.04-20.06.17:679][630]LogPlayLevel: PlayLevel: No blueprints needed recompiling
[2017.11.04-20.06.17:679][630]PIE: New page: PIE session: GameLavel (Nov 5, 2017, 2:06:17 AM)
[2017.11.04-20.06.17:680][630]LogPlayLevel: Creating play world package: /Game/UEDPIE_0_GameLavel
[2017.11.04-20.06.17:683][630]LogPlayLevel: PIE: StaticDuplicateObject took: (0.003465s)
[2017.11.04-20.06.17:684][630]LogAIModule: Creating AISystem for world GameLavel
[2017.11.04-20.06.17:684][630]LogPlayLevel: PIE: World Init took: (0.000958s)
[2017.11.04-20.06.17:685][630]LogPlayLevel: PIE: Created PIE world by copying editor world from /Game/GameLavel.GameLavel to /Game/UEDPIE_0_GameLavel.GameLavel (0.004705s)
[2017.11.04-20.06.17:703][630]LogInit: XAudio2 using 'Динамики (Logitech G430 Gaming Headset)' : 8 channels at 48 kHz using 16 bits per sample (channel mask 0x63f)
[2017.11.04-20.06.17:719][630]LogInit: FAudioDevice initialized.
[2017.11.04-20.06.17:791][630]LogLoad: Game class is 'Mouse_GameMode_C'
[2017.11.04-20.06.17:794][630]LogWorld: Bringing World /Game/UEDPIE_0_GameLavel.GameLavel up for play (max tick rate 0) at 2017.11.04-23.06.17
[2017.11.04-20.06.17:795][630]LogWorld: Bringing up level for play took: 0.002326
[2017.11.04-20.06.17:832][630]LogContentBrowser: Native class hierarchy updated for 'MovieSceneCapture' in 0.0006 seconds. Added 11 classes and 0 folders.
[2017.11.04-20.06.17:842][630]PIE: Info Play in editor start time for /Game/UEDPIE_0_GameLavel 0.559
[2017.11.04-20.06.17:842][630]LogBlueprintUserMessages: Late PlayInEditor Detection: Level '/Game/GameLavel.GameLavel:PersistentLevel' has LevelScriptBlueprint '/Game/GameLavel.GameLavel:PersistentLevel.GameLavel' with GeneratedClass '/Game/GameLavel.GameLavel_C' with ClassGeneratedBy '/Game/GameLavel.GameLavel:PersistentLevel.GameLavel'
[2017.11.04-20.06.17:869][630]LogRenderer: Reallocating scene render targets to support 1068x996 NumSamples 1 (Frame:6).
[2017.11.04-20.06.19:961][781]LogBlueprintUserMessages: Early EndPlayMap Detection: Level '/Game/GameLavel.GameLavel:PersistentLevel' has LevelScriptBlueprint '/Game/GameLavel.GameLavel:PersistentLevel.GameLavel' with GeneratedClass '/Game/GameLavel.GameLavel_C' with ClassGeneratedBy '/Game/GameLavel.GameLavel:PersistentLevel.GameLavel'
[2017.11.04-20.06.20:014][781]LogBlueprintUserMessages: Late EndPlayMap Detection: Level '/Game/GameLavel.GameLavel:PersistentLevel' has LevelScriptBlueprint '/Game/GameLavel.GameLavel:PersistentLevel.GameLavel' with GeneratedClass '/Game/GameLavel.GameLavel_C' with ClassGeneratedBy '/Game/GameLavel.GameLavel:PersistentLevel.GameLavel'
[2017.11.04-20.06.23:866][ 90]BlueprintLog: New page: Compile Player1
[2017.11.04-20.06.24:450][111]LogTemp: Repeting last play command: New Editor Window (PIE)
[2017.11.04-20.06.24:469][111]LogBlueprintUserMessages: Early PlayInEditor Detection: Level '/Game/GameLavel.GameLavel:PersistentLevel' has LevelScriptBlueprint '/Game/GameLavel.GameLavel:PersistentLevel.GameLavel' with GeneratedClass '/Game/GameLavel.GameLavel_C' with ClassGeneratedBy '/Game/GameLavel.GameLavel:PersistentLevel.GameLavel'
[2017.11.04-20.06.24:469][111]LogPlayLevel: PlayLevel: No blueprints needed recompiling
[2017.11.04-20.06.24:469][111]PIE: New page: PIE session: GameLavel (Nov 5, 2017, 2:06:24 AM)
[2017.11.04-20.06.24:470][111]LogPlayLevel: Creating play world package: /Game/UEDPIE_0_GameLavel
[2017.11.04-20.06.24:473][111]LogPlayLevel: PIE: StaticDuplicateObject took: (0.003296s)
[2017.11.04-20.06.24:474][111]LogAIModule: Creating AISystem for world GameLavel
[2017.11.04-20.06.24:474][111]LogPlayLevel: PIE: World Init took: (0.000728s)
[2017.11.04-20.06.24:474][111]LogPlayLevel: PIE: Created PIE world by copying editor world from /Game/GameLavel.GameLavel to /Game/UEDPIE_0_GameLavel.GameLavel (0.004225s)
[2017.11.04-20.06.24:491][111]LogInit: XAudio2 using 'Динамики (Logitech G430 Gaming Headset)' : 8 channels at 48 kHz using 16 bits per sample (channel mask 0x63f)
[2017.11.04-20.06.24:504][111]LogInit: FAudioDevice initialized.
[2017.11.04-20.06.24:558][111]LogLoad: Game class is 'Mouse_GameMode_C'
[2017.11.04-20.06.24:561][111]LogWorld: Bringing World /Game/UEDPIE_0_GameLavel.GameLavel up for play (max tick rate 0) at 2017.11.04-23.06.24
[2017.11.04-20.06.24:561][111]LogWorld: Bringing up level for play took: 0.001949
[2017.11.04-20.06.24:571][111]PIE: Info Play in editor start time for /Game/UEDPIE_0_GameLavel -0.712
[2017.11.04-20.06.24:571][111]LogBlueprintUserMessages: Late PlayInEditor Detection: Level '/Game/GameLavel.GameLavel:PersistentLevel' has LevelScriptBlueprint '/Game/GameLavel.GameLavel:PersistentLevel.GameLavel' with GeneratedClass '/Game/GameLavel.GameLavel_C' with ClassGeneratedBy '/Game/GameLavel.GameLavel:PersistentLevel.GameLavel'
[2017.11.04-20.06.29:175][441]LogBlueprintUserMessages: [Player1_97] Porqzhenie
[2017.11.04-20.06.34:346][809]LogScript:Warning: Attempted to access Otschet_C_1 via property Krug_Otscheta, but Otschet_C_1 is pending kill
	Player1_C /Game/UEDPIE_0_GameLavel.GameLavel:PersistentLevel.Player1_97
	Function /Game/Blueprints/Player1.Player1_C:ExecuteUbergraph_Player1:0BA5
[2017.11.04-20.06.34:347][809]PIE:Error: Error Blueprint Runtime Error: Attempted to access Otschet_C_1 via property Krug_Otscheta, but Otschet_C_1 is pending kill from function: 'ExecuteUbergraph_Player1' from node: DestroyActor in graph: EventGraph in object: Player1 with description: Attempted to access Otschet_C_1 via property Krug_Otscheta, but Otschet_C_1 is pending kill
[2017.11.04-20.06.45:940][633]LogBlueprintUserMessages: Early EndPlayMap Detection: Level '/Game/GameLavel.GameLavel:PersistentLevel' has LevelScriptBlueprint '/Game/GameLavel.GameLavel:PersistentLevel.GameLavel' with GeneratedClass '/Game/GameLavel.GameLavel_C' with ClassGeneratedBy '/Game/GameLavel.GameLavel:PersistentLevel.GameLavel'
[2017.11.04-20.06.45:993][633]LogBlueprintUserMessages: Late EndPlayMap Detection: Level '/Game/GameLavel.GameLavel:PersistentLevel' has LevelScriptBlueprint '/Game/GameLavel.GameLavel:PersistentLevel.GameLavel' with GeneratedClass '/Game/GameLavel.GameLavel_C' with ClassGeneratedBy '/Game/GameLavel.GameLavel:PersistentLevel.GameLavel'
[2017.11.04-20.07.34:032][609]LogTemp: Repeting last play command: New Editor Window (PIE)
[2017.11.04-20.07.34:051][609]LogBlueprintUserMessages: Early PlayInEditor Detection: Level '/Game/GameLavel.GameLavel:PersistentLevel' has LevelScriptBlueprint '/Game/GameLavel.GameLavel:PersistentLevel.GameLavel' with GeneratedClass '/Game/GameLavel.GameLavel_C' with ClassGeneratedBy '/Game/GameLavel.GameLavel:PersistentLevel.GameLavel'
[2017.11.04-20.07.34:051][609]LogPlayLevel: PlayLevel: No blueprints needed recompiling
[2017.11.04-20.07.34:051][609]PIE: New page: PIE session: GameLavel (Nov 5, 2017, 2:07:34 AM)
[2017.11.04-20.07.34:051][609]LogPlayLevel: Creating play world package: /Game/UEDPIE_0_GameLavel
[2017.11.04-20.07.34:054][609]LogPlayLevel: PIE: StaticDuplicateObject took: (0.003017s)
[2017.11.04-20.07.34:055][609]LogAIModule: Creating AISystem for world GameLavel
[2017.11.04-20.07.34:055][609]LogPlayLevel: PIE: World Init took: (0.000783s)
[2017.11.04-20.07.34:055][609]LogPlayLevel: PIE: Created PIE world by copying editor world from /Game/GameLavel.GameLavel to /Game/UEDPIE_0_GameLavel.GameLavel (0.004028s)
[2017.11.04-20.07.34:072][609]LogInit: XAudio2 using 'Динамики (Logitech G430 Gaming Headset)' : 8 channels at 48 kHz using 16 bits per sample (channel mask 0x63f)
[2017.11.04-20.07.34:084][609]LogInit: FAudioDevice initialized.
[2017.11.04-20.07.34:140][609]LogLoad: Game class is 'Mouse_GameMode_C'
[2017.11.04-20.07.34:143][609]LogWorld: Bringing World /Game/UEDPIE_0_GameLavel.GameLavel up for play (max tick rate 0) at 2017.11.04-23.07.34
[2017.11.04-20.07.34:143][609]LogWorld: Bringing up level for play took: 0.002072
[2017.11.04-20.07.34:153][609]PIE: Info Play in editor start time for /Game/UEDPIE_0_GameLavel 0.87
[2017.11.04-20.07.34:153][609]LogBlueprintUserMessages: Late PlayInEditor Detection: Level '/Game/GameLavel.GameLavel:PersistentLevel' has LevelScriptBlueprint '/Game/GameLavel.GameLavel:PersistentLevel.GameLavel' with GeneratedClass '/Game/GameLavel.GameLavel_C' with ClassGeneratedBy '/Game/GameLavel.GameLavel:PersistentLevel.GameLavel'
[2017.11.04-20.07.40:031][953]LogBlueprintUserMessages: [Player1_97] Porqzhenie
[2017.11.04-20.07.46:174][354]LogScript:Warning: Attempted to access Otschet_C_1 via property Krug_Otscheta, but Otschet_C_1 is pending kill
	Player1_C /Game/UEDPIE_0_GameLavel.GameLavel:PersistentLevel.Player1_97
	Function /Game/Blueprints/Player1.Player1_C:ExecuteUbergraph_Player1:0BA5
[2017.11.04-20.07.46:174][354]PIE:Error: Error Blueprint Runtime Error: Attempted to access Otschet_C_1 via property Krug_Otscheta, but Otschet_C_1 is pending kill from function: 'ExecuteUbergraph_Player1' from node: DestroyActor in graph: EventGraph in object: Player1 with description: Attempted to access Otschet_C_1 via property Krug_Otscheta, but Otschet_C_1 is pending kill
[2017.11.04-20.07.50:167][616]LogScript:Warning: Attempted to access BulletBlueprint_C_0 via property 1Bull_center, but BulletBlueprint_C_0 is pending kill
	Player1_C /Game/UEDPIE_0_GameLavel.GameLavel:PersistentLevel.Player1_97
	Function /Game/Blueprints/Player1.Player1_C:Center_spawn_bullets:030C
[2017.11.04-20.07.50:167][616]PIE:Error: Error Blueprint Runtime Error: Attempted to access BulletBlueprint_C_0 via property 1Bull_center, but BulletBlueprint_C_0 is pending kill from function: 'Center_spawn_bullets' from node: SetActorLocation in graph: Center_spawn_bullets in object: Player1 with description: Attempted to access BulletBlueprint_C_0 via property 1Bull_center, but BulletBlueprint_C_0 is pending kill
[2017.11.04-20.08.07:733][731]LogBlueprintUserMessages: Early EndPlayMap Detection: Level '/Game/GameLavel.GameLavel:PersistentLevel' has LevelScriptBlueprint '/Game/GameLavel.GameLavel:PersistentLevel.GameLavel' with GeneratedClass '/Game/GameLavel.GameLavel_C' with ClassGeneratedBy '/Game/GameLavel.GameLavel:PersistentLevel.GameLavel'
[2017.11.04-20.08.07:784][731]LogBlueprintUserMessages: Late EndPlayMap Detection: Level '/Game/GameLavel.GameLavel:PersistentLevel' has LevelScriptBlueprint '/Game/GameLavel.GameLavel:PersistentLevel.GameLavel' with GeneratedClass '/Game/GameLavel.GameLavel_C' with ClassGeneratedBy '/Game/GameLavel.GameLavel:PersistentLevel.GameLavel'
[2017.11.04-20.09.00:140][394]LogTemp: Repeting last play command: New Editor Window (PIE)
[2017.11.04-20.09.00:159][394]LogBlueprintUserMessages: Early PlayInEditor Detection: Level '/Game/GameLavel.GameLavel:PersistentLevel' has LevelScriptBlueprint '/Game/GameLavel.GameLavel:PersistentLevel.GameLavel' with GeneratedClass '/Game/GameLavel.GameLavel_C' with ClassGeneratedBy '/Game/GameLavel.GameLavel:PersistentLevel.GameLavel'
[2017.11.04-20.09.00:159][394]LogPlayLevel: PlayLevel: No blueprints needed recompiling
[2017.11.04-20.09.00:159][394]PIE: New page: PIE session: GameLavel (Nov 5, 2017, 2:09:00 AM)
[2017.11.04-20.09.00:160][394]LogPlayLevel: Creating play world package: /Game/UEDPIE_0_GameLavel
[2017.11.04-20.09.00:163][394]LogPlayLevel: PIE: StaticDuplicateObject took: (0.003110s)
[2017.11.04-20.09.00:164][394]LogAIModule: Creating AISystem for world GameLavel
[2017.11.04-20.09.00:164][394]LogPlayLevel: PIE: World Init took: (0.000999s)
[2017.11.04-20.09.00:164][394]LogPlayLevel: PIE: Created PIE world by copying editor world from /Game/GameLavel.GameLavel to /Game/UEDPIE_0_GameLavel.GameLavel (0.004327s)
[2017.11.04-20.09.00:181][394]LogInit: XAudio2 using 'Динамики (Logitech G430 Gaming Headset)' : 8 channels at 48 kHz using 16 bits per sample (channel mask 0x63f)
[2017.11.04-20.09.00:194][394]LogInit: FAudioDevice initialized.
[2017.11.04-20.09.00:253][394]LogLoad: Game class is 'Mouse_GameMode_C'
[2017.11.04-20.09.00:255][394]LogWorld: Bringing World /Game/UEDPIE_0_GameLavel.GameLavel up for play (max tick rate 0) at 2017.11.04-23.09.00
[2017.11.04-20.09.00:256][394]LogWorld: Bringing up level for play took: 0.002080
[2017.11.04-20.09.00:265][394]PIE: Info Play in editor start time for /Game/UEDPIE_0_GameLavel 0.983
[2017.11.04-20.09.00:265][394]LogBlueprintUserMessages: Late PlayInEditor Detection: Level '/Game/GameLavel.GameLavel:PersistentLevel' has LevelScriptBlueprint '/Game/GameLavel.GameLavel:PersistentLevel.GameLavel' with GeneratedClass '/Game/GameLavel.GameLavel_C' with ClassGeneratedBy '/Game/GameLavel.GameLavel:PersistentLevel.GameLavel'
[2017.11.04-20.09.05:987][841]LogBlueprintUserMessages: [Player1_97] Porqzhenie
[2017.11.04-20.09.07:229][945]LogScript:Warning: Attempted to access Otschet_C_1 via property Krug_Otscheta, but Otschet_C_1 is pending kill
	Player1_C /Game/UEDPIE_0_GameLavel.GameLavel:PersistentLevel.Player1_97
	Function /Game/Blueprints/Player1.Player1_C:ExecuteUbergraph_Player1:0BA5
[2017.11.04-20.09.07:229][945]PIE:Error: Error Blueprint Runtime Error: Attempted to access Otschet_C_1 via property Krug_Otscheta, but Otschet_C_1 is pending kill from function: 'ExecuteUbergraph_Player1' from node: DestroyActor in graph: EventGraph in object: Player1 with description: Attempted to access Otschet_C_1 via property Krug_Otscheta, but Otschet_C_1 is pending kill
[2017.11.04-20.09.11:225][282]LogScript:Warning: Attempted to access BulletBlueprint_C_0 via property 1Bull_center, but BulletBlueprint_C_0 is pending kill
	Player1_C /Game/UEDPIE_0_GameLavel.GameLavel:PersistentLevel.Player1_97
	Function /Game/Blueprints/Player1.Player1_C:Center_spawn_bullets:030C
[2017.11.04-20.09.11:225][282]PIE:Error: Error Blueprint Runtime Error: Attempted to access BulletBlueprint_C_0 via property 1Bull_center, but BulletBlueprint_C_0 is pending kill from function: 'Center_spawn_bullets' from node: SetActorLocation in graph: Center_spawn_bullets in object: Player1 with description: Attempted to access BulletBlueprint_C_0 via property 1Bull_center, but BulletBlueprint_C_0 is pending kill
[2017.11.04-20.09.14:459][554]LogBlueprintUserMessages: Early EndPlayMap Detection: Level '/Game/GameLavel.GameLavel:PersistentLevel' has LevelScriptBlueprint '/Game/GameLavel.GameLavel:PersistentLevel.GameLavel' with GeneratedClass '/Game/GameLavel.GameLavel_C' with ClassGeneratedBy '/Game/GameLavel.GameLavel:PersistentLevel.GameLavel'
[2017.11.04-20.09.14:514][554]LogBlueprintUserMessages: Late EndPlayMap Detection: Level '/Game/GameLavel.GameLavel:PersistentLevel' has LevelScriptBlueprint '/Game/GameLavel.GameLavel:PersistentLevel.GameLavel' with GeneratedClass '/Game/GameLavel.GameLavel_C' with ClassGeneratedBy '/Game/GameLavel.GameLavel:PersistentLevel.GameLavel'
[2017.11.04-20.09.20:608][101]LogTemp: Repeting last play command: New Editor Window (PIE)
[2017.11.04-20.09.20:627][101]LogBlueprintUserMessages: Early PlayInEditor Detection: Level '/Game/GameLavel.GameLavel:PersistentLevel' has LevelScriptBlueprint '/Game/GameLavel.GameLavel:PersistentLevel.GameLavel' with GeneratedClass '/Game/GameLavel.GameLavel_C' with ClassGeneratedBy '/Game/GameLavel.GameLavel:PersistentLevel.GameLavel'
[2017.11.04-20.09.20:627][101]LogPlayLevel: PlayLevel: No blueprints needed recompiling
[2017.11.04-20.09.20:627][101]PIE: New page: PIE session: GameLavel (Nov 5, 2017, 2:09:20 AM)
[2017.11.04-20.09.20:628][101]LogPlayLevel: Creating play world package: /Game/UEDPIE_0_GameLavel
[2017.11.04-20.09.20:630][101]LogPlayLevel: PIE: StaticDuplicateObject took: (0.002914s)
[2017.11.04-20.09.20:631][101]LogAIModule: Creating AISystem for world GameLavel
[2017.11.04-20.09.20:631][101]LogPlayLevel: PIE: World Init took: (0.000894s)
[2017.11.04-20.09.20:632][101]LogPlayLevel: PIE: Created PIE world by copying editor world from /Game/GameLavel.GameLavel to /Game/UEDPIE_0_GameLavel.GameLavel (0.004091s)
[2017.11.04-20.09.20:649][101]LogInit: XAudio2 using 'Динамики (Logitech G430 Gaming Headset)' : 8 channels at 48 kHz using 16 bits per sample (channel mask 0x63f)
[2017.11.04-20.09.20:662][101]LogInit: FAudioDevice initialized.
[2017.11.04-20.09.20:718][101]LogLoad: Game class is 'Mouse_GameMode_C'
[2017.11.04-20.09.20:720][101]LogWorld: Bringing World /Game/UEDPIE_0_GameLavel.GameLavel up for play (max tick rate 0) at 2017.11.04-23.09.20
[2017.11.04-20.09.20:721][101]LogWorld: Bringing up level for play took: 0.002145
[2017.11.04-20.09.20:729][101]PIE: Info Play in editor start time for /Game/UEDPIE_0_GameLavel -0.554
[2017.11.04-20.09.20:729][101]LogBlueprintUserMessages: Late PlayInEditor Detection: Level '/Game/GameLavel.GameLavel:PersistentLevel' has LevelScriptBlueprint '/Game/GameLavel.GameLavel:PersistentLevel.GameLavel' with GeneratedClass '/Game/GameLavel.GameLavel_C' with ClassGeneratedBy '/Game/GameLavel.GameLavel:PersistentLevel.GameLavel'
[2017.11.04-20.09.22:692][265]LogBlueprintUserMessages: Early EndPlayMap Detection: Level '/Game/GameLavel.GameLavel:PersistentLevel' has LevelScriptBlueprint '/Game/GameLavel.GameLavel:PersistentLevel.GameLavel' with GeneratedClass '/Game/GameLavel.GameLavel_C' with ClassGeneratedBy '/Game/GameLavel.GameLavel:PersistentLevel.GameLavel'
[2017.11.04-20.09.22:743][265]LogBlueprintUserMessages: Late EndPlayMap Detection: Level '/Game/GameLavel.GameLavel:PersistentLevel' has LevelScriptBlueprint '/Game/GameLavel.GameLavel:PersistentLevel.GameLavel' with GeneratedClass '/Game/GameLavel.GameLavel_C' with ClassGeneratedBy '/Game/GameLavel.GameLavel:PersistentLevel.GameLavel'
[2017.11.04-20.09.30:341][ 57]LogWindowsTextInputMethodSystem:Display: IME system now deactivated.
[2017.11.04-20.09.30:341][ 57]LogWindowsTextInputMethodSystem:Display: IME system now deactivated.
[2017.11.04-20.09.46:312][626]BlueprintLog: New page: Compile Player1
[2017.11.04-20.09.46:883][652]LogTemp: Repeting last play command: New Editor Window (PIE)
[2017.11.04-20.09.46:904][652]LogBlueprintUserMessages: Early PlayInEditor Detection: Level '/Game/GameLavel.GameLavel:PersistentLevel' has LevelScriptBlueprint '/Game/GameLavel.GameLavel:PersistentLevel.GameLavel' with GeneratedClass '/Game/GameLavel.GameLavel_C' with ClassGeneratedBy '/Game/GameLavel.GameLavel:PersistentLevel.GameLavel'
[2017.11.04-20.09.46:904][652]LogPlayLevel: PlayLevel: No blueprints needed recompiling
[2017.11.04-20.09.46:904][652]PIE: New page: PIE session: GameLavel (Nov 5, 2017, 2:09:46 AM)
[2017.11.04-20.09.46:904][652]LogPlayLevel: Creating play world package: /Game/UEDPIE_0_GameLavel
[2017.11.04-20.09.46:908][652]LogPlayLevel: PIE: StaticDuplicateObject took: (0.003100s)
[2017.11.04-20.09.46:908][652]LogAIModule: Creating AISystem for world GameLavel
[2017.11.04-20.09.46:908][652]LogPlayLevel: PIE: World Init took: (0.000811s)
[2017.11.04-20.09.46:909][652]LogPlayLevel: PIE: Created PIE world by copying editor world from /Game/GameLavel.GameLavel to /Game/UEDPIE_0_GameLavel.GameLavel (0.004157s)
[2017.11.04-20.09.46:927][652]LogInit: XAudio2 using 'Динамики (Logitech G430 Gaming Headset)' : 8 channels at 48 kHz using 16 bits per sample (channel mask 0x63f)
[2017.11.04-20.09.46:940][652]LogInit: FAudioDevice initialized.
[2017.11.04-20.09.46:992][652]LogLoad: Game class is 'Mouse_GameMode_C'
[2017.11.04-20.09.46:994][652]LogWorld: Bringing World /Game/UEDPIE_0_GameLavel.GameLavel up for play (max tick rate 0) at 2017.11.04-23.09.46
[2017.11.04-20.09.46:995][652]LogWorld: Bringing up level for play took: 0.002023
[2017.11.04-20.09.47:005][652]PIE: Info Play in editor start time for /Game/UEDPIE_0_GameLavel -0.278
[2017.11.04-20.09.47:005][652]LogBlueprintUserMessages: Late PlayInEditor Detection: Level '/Game/GameLavel.GameLavel:PersistentLevel' has LevelScriptBlueprint '/Game/GameLavel.GameLavel:PersistentLevel.GameLavel' with GeneratedClass '/Game/GameLavel.GameLavel_C' with ClassGeneratedBy '/Game/GameLavel.GameLavel:PersistentLevel.GameLavel'
[2017.11.04-20.09.51:681][ 49]LogBlueprintUserMessages: [Player1_97] Porqzhenie
[2017.11.04-20.09.53:186][176]LogScript:Warning: Attempted to access Otschet_C_1 via property Krug_Otscheta, but Otschet_C_1 is pending kill
	Player1_C /Game/UEDPIE_0_GameLavel.GameLavel:PersistentLevel.Player1_97
	Function /Game/Blueprints/Player1.Player1_C:ExecuteUbergraph_Player1:0BF0
[2017.11.04-20.09.53:186][176]PIE:Error: Error Blueprint Runtime Error: Attempted to access Otschet_C_1 via property Krug_Otscheta, but Otschet_C_1 is pending kill from function: 'ExecuteUbergraph_Player1' from node: DestroyActor in graph: EventGraph in object: Player1 with description: Attempted to access Otschet_C_1 via property Krug_Otscheta, but Otschet_C_1 is pending kill
[2017.11.04-20.09.58:646][644]LogBlueprintUserMessages: Early EndPlayMap Detection: Level '/Game/GameLavel.GameLavel:PersistentLevel' has LevelScriptBlueprint '/Game/GameLavel.GameLavel:PersistentLevel.GameLavel' with GeneratedClass '/Game/GameLavel.GameLavel_C' with ClassGeneratedBy '/Game/GameLavel.GameLavel:PersistentLevel.GameLavel'
[2017.11.04-20.09.58:700][644]LogBlueprintUserMessages: Late EndPlayMap Detection: Level '/Game/GameLavel.GameLavel:PersistentLevel' has LevelScriptBlueprint '/Game/GameLavel.GameLavel:PersistentLevel.GameLavel' with GeneratedClass '/Game/GameLavel.GameLavel_C' with ClassGeneratedBy '/Game/GameLavel.GameLavel:PersistentLevel.GameLavel'
[2017.11.04-20.10.04:755][306]LogTemp: Repeting last play command: New Editor Window (PIE)
[2017.11.04-20.10.04:774][306]LogBlueprintUserMessages: Early PlayInEditor Detection: Level '/Game/GameLavel.GameLavel:PersistentLevel' has LevelScriptBlueprint '/Game/GameLavel.GameLavel:PersistentLevel.GameLavel' with GeneratedClass '/Game/GameLavel.GameLavel_C' with ClassGeneratedBy '/Game/GameLavel.GameLavel:PersistentLevel.GameLavel'
[2017.11.04-20.10.04:774][306]LogPlayLevel: PlayLevel: No blueprints needed recompiling
[2017.11.04-20.10.04:774][306]PIE: New page: PIE session: GameLavel (Nov 5, 2017, 2:10:04 AM)
[2017.11.04-20.10.04:775][306]LogPlayLevel: Creating play world package: /Game/UEDPIE_0_GameLavel
[2017.11.04-20.10.04:778][306]LogPlayLevel: PIE: StaticDuplicateObject took: (0.002830s)
[2017.11.04-20.10.04:779][306]LogAIModule: Creating AISystem for world GameLavel
[2017.11.04-20.10.04:779][306]LogPlayLevel: PIE: World Init took: (0.000888s)
[2017.11.04-20.10.04:779][306]LogPlayLevel: PIE: Created PIE world by copying editor world from /Game/GameLavel.GameLavel to /Game/UEDPIE_0_GameLavel.GameLavel (0.003947s)
[2017.11.04-20.10.04:796][306]LogInit: XAudio2 using 'Динамики (Logitech G430 Gaming Headset)' : 8 channels at 48 kHz using 16 bits per sample (channel mask 0x63f)
[2017.11.04-20.10.04:810][306]LogInit: FAudioDevice initialized.
[2017.11.04-20.10.04:865][306]LogLoad: Game class is 'Mouse_GameMode_C'
[2017.11.04-20.10.04:868][306]LogWorld: Bringing World /Game/UEDPIE_0_GameLavel.GameLavel up for play (max tick rate 0) at 2017.11.04-23.10.04
[2017.11.04-20.10.04:868][306]LogWorld: Bringing up level for play took: 0.002192
[2017.11.04-20.10.04:878][306]PIE: Info Play in editor start time for /Game/UEDPIE_0_GameLavel -0.405
[2017.11.04-20.10.04:878][306]LogBlueprintUserMessages: Late PlayInEditor Detection: Level '/Game/GameLavel.GameLavel:PersistentLevel' has LevelScriptBlueprint '/Game/GameLavel.GameLavel:PersistentLevel.GameLavel' with GeneratedClass '/Game/GameLavel.GameLavel_C' with ClassGeneratedBy '/Game/GameLavel.GameLavel:PersistentLevel.GameLavel'
[2017.11.04-20.10.32:911][773]LogBlueprintUserMessages: [Player1_97] Porqzhenie
[2017.11.04-20.10.34:822][932]LogBlueprintUserMessages: Early EndPlayMap Detection: Level '/Game/GameLavel.GameLavel:PersistentLevel' has LevelScriptBlueprint '/Game/GameLavel.GameLavel:PersistentLevel.GameLavel' with GeneratedClass '/Game/GameLavel.GameLavel_C' with ClassGeneratedBy '/Game/GameLavel.GameLavel:PersistentLevel.GameLavel'
[2017.11.04-20.10.34:871][932]LogBlueprintUserMessages: Late EndPlayMap Detection: Level '/Game/GameLavel.GameLavel:PersistentLevel' has LevelScriptBlueprint '/Game/GameLavel.GameLavel:PersistentLevel.GameLavel' with GeneratedClass '/Game/GameLavel.GameLavel_C' with ClassGeneratedBy '/Game/GameLavel.GameLavel:PersistentLevel.GameLavel'
[2017.11.04-20.11.03:394][943]LogTemp: Repeting last play command: New Editor Window (PIE)
[2017.11.04-20.11.03:414][943]LogBlueprintUserMessages: Early PlayInEditor Detection: Level '/Game/GameLavel.GameLavel:PersistentLevel' has LevelScriptBlueprint '/Game/GameLavel.GameLavel:PersistentLevel.GameLavel' with GeneratedClass '/Game/GameLavel.GameLavel_C' with ClassGeneratedBy '/Game/GameLavel.GameLavel:PersistentLevel.GameLavel'
[2017.11.04-20.11.03:414][943]LogPlayLevel: PlayLevel: No blueprints needed recompiling
[2017.11.04-20.11.03:414][943]PIE: New page: PIE session: GameLavel (Nov 5, 2017, 2:11:03 AM)
[2017.11.04-20.11.03:415][943]LogPlayLevel: Creating play world package: /Game/UEDPIE_0_GameLavel
[2017.11.04-20.11.03:418][943]LogPlayLevel: PIE: StaticDuplicateObject took: (0.003010s)
[2017.11.04-20.11.03:418][943]LogAIModule: Creating AISystem for world GameLavel
[2017.11.04-20.11.03:419][943]LogPlayLevel: PIE: World Init took: (0.000895s)
[2017.11.04-20.11.03:419][943]LogPlayLevel: PIE: Created PIE world by copying editor world from /Game/GameLavel.GameLavel to /Game/UEDPIE_0_GameLavel.GameLavel (0.004125s)
[2017.11.04-20.11.03:435][943]LogInit: XAudio2 using 'Динамики (Logitech G430 Gaming Headset)' : 8 channels at 48 kHz using 16 bits per sample (channel mask 0x63f)
[2017.11.04-20.11.03:448][943]LogInit: FAudioDevice initialized.
[2017.11.04-20.11.03:502][943]LogLoad: Game class is 'Mouse_GameMode_C'
[2017.11.04-20.11.03:505][943]LogWorld: Bringing World /Game/UEDPIE_0_GameLavel.GameLavel up for play (max tick rate 0) at 2017.11.04-23.11.03
[2017.11.04-20.11.03:506][943]LogWorld: Bringing up level for play took: 0.002173
[2017.11.04-20.11.03:514][943]PIE: Info Play in editor start time for /Game/UEDPIE_0_GameLavel 0.232
[2017.11.04-20.11.03:515][943]LogBlueprintUserMessages: Late PlayInEditor Detection: Level '/Game/GameLavel.GameLavel:PersistentLevel' has LevelScriptBlueprint '/Game/GameLavel.GameLavel:PersistentLevel.GameLavel' with GeneratedClass '/Game/GameLavel.GameLavel_C' with ClassGeneratedBy '/Game/GameLavel.GameLavel:PersistentLevel.GameLavel'
[2017.11.04-20.11.05:865][113]LogBlueprintUserMessages: Early EndPlayMap Detection: Level '/Game/GameLavel.GameLavel:PersistentLevel' has LevelScriptBlueprint '/Game/GameLavel.GameLavel:PersistentLevel.GameLavel' with GeneratedClass '/Game/GameLavel.GameLavel_C' with ClassGeneratedBy '/Game/GameLavel.GameLavel:PersistentLevel.GameLavel'
[2017.11.04-20.11.05:920][113]LogBlueprintUserMessages: Late EndPlayMap Detection: Level '/Game/GameLavel.GameLavel:PersistentLevel' has LevelScriptBlueprint '/Game/GameLavel.GameLavel:PersistentLevel.GameLavel' with GeneratedClass '/Game/GameLavel.GameLavel_C' with ClassGeneratedBy '/Game/GameLavel.GameLavel:PersistentLevel.GameLavel'
[2017.11.04-20.11.15:729][883]Cmd: OBJ SAVEPACKAGE PACKAGE="/Game/GameLavel" FILE="../../../../../../P - programist/UE4/Timekill/TimeKill/Content/GameLavel.umap" SILENT=true AUTOSAVING=false KEEPDIRTY=false
[2017.11.04-20.11.15:901][883]LogSavePackage: Save=134.17ms
[2017.11.04-20.11.15:901][883]LogSavePackage: Moving '../../../../../../P - programist/UE4/Timekill/TimeKill/Saved/GameLavel13C544CA4BE4A477BCC285A4457F981B.tmp' to '../../../../../../P - programist/UE4/Timekill/TimeKill/Content/GameLavel.umap'
[2017.11.04-20.11.15:905][883]LogSavePackage:Display: Finished SavePackage ../../../../../../P - programist/UE4/Timekill/TimeKill/Content/GameLavel.umap
[2017.11.04-20.11.15:944][883]LogFileHelpers: Saving map 'GameLavel' took 0.263
[2017.11.04-20.11.15:947][883]Cmd: OBJ SAVEPACKAGE PACKAGE="/Game/Blueprints/Player1" FILE="../../../../../../P - programist/UE4/Timekill/TimeKill/Content/Blueprints/Player1.uasset" SILENT=true
[2017.11.04-20.11.16:188][883]LogSavePackage: Save=217.26ms
[2017.11.04-20.11.16:188][883]LogSavePackage: Moving '../../../../../../P - programist/UE4/Timekill/TimeKill/Saved/Player1D6D612B34D216C53C337BB8D0CDA462D.tmp' to '../../../../../../P - programist/UE4/Timekill/TimeKill/Content/Blueprints/Player1.uasset'
[2017.11.04-20.11.16:190][883]LogSavePackage:Display: Finished SavePackage ../../../../../../P - programist/UE4/Timekill/TimeKill/Content/Blueprints/Player1.uasset
[2017.11.04-20.11.17:149][941]Cmd: QUIT_EDITOR
[2017.11.04-20.11.17:908][941]LogWindowsTextInputMethodSystem:Display: IME system now deactivated.
[2017.11.04-20.11.17:938][941]LogExit: Preparing to exit.
[2017.11.04-20.11.19:100][941]LogDirectoryWatcher: A directory notification for 'D:/P - programist/UE4/Timekill/TimeKill/Content/' was aborted.
[2017.11.04-20.11.19:155][941]LogExit: Editor shut down
[2017.11.04-20.11.19:156][941]LogExit: Transaction tracking system shut down
[2017.11.04-20.11.19:274][941]LogObj: Freed 0b from 0 cluster array pools.
[2017.11.04-20.11.19:275][941]LogExit: Object subsystem successfully closed.
[2017.11.04-20.11.19:300][941]LogD3D11RHI: Shutdown
[2017.11.04-20.11.19:300][941]LogD3D11RHI: CleanupD3DDevice
[2017.11.04-20.11.19:379][941]LogD3D11RHI: ~FD3D11DynamicRHI
[2017.11.04-20.11.19:391][941]LogModuleManager: Shutting down and abandoning module MovieSceneCapture (504)
[2017.11.04-20.11.19:391][941]LogModuleManager: Shutting down and abandoning module BlueprintGraph (502)
[2017.11.04-20.11.19:391][941]LogModuleManager: Shutting down and abandoning module BlueprintProfiler (500)
[2017.11.04-20.11.19:391][941]LogModuleManager: Shutting down and abandoning module HierarchicalLODOutliner (498)
[2017.11.04-20.11.19:391][941]LogModuleManager: Shutting down and abandoning module CrashTracker (496)
[2017.11.04-20.11.19:391][941]LogModuleManager: Shutting down and abandoning module AddContentDialog (494)
[2017.11.04-20.11.19:392][941]LogDirectoryWatcher: A directory notification for 'D:/Program Files/Epic Games/UE_4.15/FeaturePacks/' was aborted.
[2017.11.04-20.11.19:393][941]LogModuleManager: Shutting down and abandoning module WidgetCarousel (493)
[2017.11.04-20.11.19:393][941]LogModuleManager: Shutting down and abandoning module EditorWidgets (490)
[2017.11.04-20.11.19:393][941]LogModuleManager: Shutting down and abandoning module CollectionManager (488)
[2017.11.04-20.11.19:393][941]LogDirectoryWatcher: A directory notification for 'D:/P - programist/UE4/Timekill/TimeKill/Content/Collections/' was aborted.
[2017.11.04-20.11.19:393][941]LogDirectoryWatcher: A directory notification for 'D:/P - programist/UE4/Timekill/TimeKill/Content/Developers/IzPOD/Collections/' was aborted.
[2017.11.04-20.11.19:393][941]LogDirectoryWatcher: A directory notification for 'D:/P - programist/UE4/Timekill/TimeKill/Saved/Collections/' was aborted.
[2017.11.04-20.11.19:393][941]LogModuleManager: Shutting down and abandoning module SceneOutliner (486)
[2017.11.04-20.11.19:394][941]LogModuleManager: Shutting down and abandoning module StatsViewer (484)
[2017.11.04-20.11.19:394][941]LogModuleManager: Shutting down and abandoning module FoliageEdit (482)
[2017.11.04-20.11.19:394][941]LogModuleManager: Shutting down and abandoning module LandscapeEditor (480)
[2017.11.04-20.11.19:394][941]LogModuleManager: Shutting down and abandoning module SceneDepthPickerMode (478)
[2017.11.04-20.11.19:394][941]LogModuleManager: Shutting down and abandoning module ActorPickerMode (476)
[2017.11.04-20.11.19:394][941]LogModuleManager: Shutting down and abandoning module GeometryMode (474)
[2017.11.04-20.11.19:394][941]LogModuleManager: Shutting down and abandoning module TextureAlignMode (472)
[2017.11.04-20.11.19:394][941]LogModuleManager: Shutting down and abandoning module BspMode (470)
[2017.11.04-20.11.19:394][941]LogModuleManager: Shutting down and abandoning module HardwareSurvey (468)
[2017.11.04-20.11.19:394][941]LogModuleManager: Shutting down and abandoning module SequenceRecorderSections (466)
[2017.11.04-20.11.19:394][941]LogModuleManager: Shutting down and abandoning module AutomationWorker (464)
[2017.11.04-20.11.19:394][941]LogModuleManager: Shutting down and abandoning module MatineeToLevelSequence (462)
[2017.11.04-20.11.19:394][941]LogModuleManager: Shutting down and abandoning module LevelSequenceEditor (460)
[2017.11.04-20.11.19:394][941]LogModuleManager: Shutting down and abandoning module PlacementMode (459)
[2017.11.04-20.11.19:394][941]LogModuleManager: Shutting down and abandoning module WmfMediaFactory (456)
[2017.11.04-20.11.19:394][941]LogModuleManager: Shutting down and abandoning module WmfMediaEditor (454)
[2017.11.04-20.11.19:394][941]LogModuleManager: Shutting down and abandoning module MfMediaFactory (452)
[2017.11.04-20.11.19:394][941]LogModuleManager: Shutting down and abandoning module MfMediaEditor (450)
[2017.11.04-20.11.19:394][941]LogModuleManager: Shutting down and abandoning module AvfMediaFactory (448)
[2017.11.04-20.11.19:394][941]LogModuleManager: Shutting down and abandoning module AvfMediaEditor (446)
[2017.11.04-20.11.19:394][941]LogModuleManager: Shutting down and abandoning module AndroidMediaFactory (444)
[2017.11.04-20.11.19:394][941]LogModuleManager: Shutting down and abandoning module Media (443)
[2017.11.04-20.11.19:394][941]LogModuleManager: Shutting down and abandoning module AndroidMediaEditor (440)
[2017.11.04-20.11.19:394][941]LogModuleManager: Shutting down and abandoning module CharacterAI (438)
[2017.11.04-20.11.19:394][941]LogModuleManager: Shutting down and abandoning module AudioCapture (436)
[2017.11.04-20.11.19:394][941]LogModuleManager: Shutting down and abandoning module SequenceRecorder (435)
[2017.11.04-20.11.19:394][941]LogModuleManager: Shutting down and abandoning module SmartSnapping (432)
[2017.11.04-20.11.19:394][941]LogModuleManager: Shutting down and abandoning module SessionServices (430)
[2017.11.04-20.11.19:394][941]LogModuleManager: Shutting down and abandoning module ViewportSnapping (428)
[2017.11.04-20.11.19:394][941]LogModuleManager: Shutting down and abandoning module ViewportInteraction (426)
[2017.11.04-20.11.19:394][941]LogModuleManager: Shutting down and abandoning module LogVisualizer (424)
[2017.11.04-20.11.19:394][941]LogModuleManager: Shutting down and abandoning module IntroTutorials (422)
[2017.11.04-20.11.19:395][941]LogModuleManager: Shutting down and abandoning module GameProjectGeneration (421)
[2017.11.04-20.11.19:395][941]LogModuleManager: Shutting down and abandoning module EditorLiveStreaming (418)
[2017.11.04-20.11.19:395][941]LogModuleManager: Shutting down and abandoning module IOSPlatformEditor (416)
[2017.11.04-20.11.19:395][941]LogModuleManager: Shutting down and abandoning module HTML5PlatformEditor (414)
[2017.11.04-20.11.19:395][941]LogModuleManager: Shutting down and abandoning module AndroidPlatformEditor (412)
[2017.11.04-20.11.19:395][941]LogModuleManager: Shutting down and abandoning module AndroidDeviceDetection (411)
[2017.11.04-20.11.19:510][941]LogModuleManager: Shutting down and abandoning module IOSRuntimeSettings (408)
[2017.11.04-20.11.19:510][941]LogModuleManager: Shutting down and abandoning module AndroidRuntimeSettings (406)
[2017.11.04-20.11.19:510][941]LogModuleManager: Shutting down and abandoning module InputBindingEditor (404)
[2017.11.04-20.11.19:510][941]LogModuleManager: Shutting down and abandoning module NiagaraEditor (402)
[2017.11.04-20.11.19:510][941]LogModuleManager: Shutting down and abandoning module MergeActors (400)
[2017.11.04-20.11.19:510][941]LogModuleManager: Shutting down and abandoning module SizeMap (398)
[2017.11.04-20.11.19:510][941]LogModuleManager: Shutting down and abandoning module TreeMap (396)
[2017.11.04-20.11.19:510][941]LogModuleManager: Shutting down and abandoning module ReferenceViewer (394)
[2017.11.04-20.11.19:510][941]LogModuleManager: Shutting down and abandoning module LocalizationDashboard (392)
[2017.11.04-20.11.19:510][941]LogModuleManager: Shutting down and abandoning module LocalizationService (391)
[2017.11.04-20.11.19:510][941]LogModuleManager: Shutting down and abandoning module HardwareTargeting (388)
[2017.11.04-20.11.19:510][941]LogModuleManager: Shutting down and abandoning module DeviceProfileEditor (386)
[2017.11.04-20.11.19:510][941]LogModuleManager: Shutting down and abandoning module UndoHistory (384)
[2017.11.04-20.11.19:510][941]LogModuleManager: Shutting down and abandoning module UserFeedback (382)
[2017.11.04-20.11.19:510][941]LogModuleManager: Shutting down and abandoning module XmlParser (380)
[2017.11.04-20.11.19:510][941]LogModuleManager: Shutting down and abandoning module Blutility (378)
[2017.11.04-20.11.19:510][941]LogModuleManager: Shutting down and abandoning module ProjectSettingsViewer (376)
[2017.11.04-20.11.19:510][941]LogModuleManager: Shutting down and abandoning module ProjectTargetPlatformEditor (375)
[2017.11.04-20.11.19:511][941]LogModuleManager: Shutting down and abandoning module EditorSettingsViewer (372)
[2017.11.04-20.11.19:511][941]LogModuleManager: Shutting down and abandoning module SettingsEditor (370)
[2017.11.04-20.11.19:511][941]LogModuleManager: Shutting down and abandoning module ProjectLauncher (368)
[2017.11.04-20.11.19:511][941]LogModuleManager: Shutting down and abandoning module SessionFrontend (366)
[2017.11.04-20.11.19:511][941]LogModuleManager: Shutting down and abandoning module ProfilerClient (364)
[2017.11.04-20.11.19:511][941]LogModuleManager: Shutting down and abandoning module DeviceManager (362)
[2017.11.04-20.11.19:511][941]LogModuleManager: Shutting down and abandoning module TargetDeviceServices (361)
[2017.11.04-20.11.19:553][941]LogModuleManager: Shutting down and abandoning module AutomationController (358)
[2017.11.04-20.11.19:553][941]LogModuleManager: Shutting down and abandoning module AutomationWindow (356)
[2017.11.04-20.11.19:553][941]LogModuleManager: Shutting down and abandoning module Layers (354)
[2017.11.04-20.11.19:553][941]LogModuleManager: Shutting down and abandoning module ComponentVisualizers (352)
[2017.11.04-20.11.19:553][941]LogModuleManager: Shutting down and abandoning module DetailCustomizations (350)
[2017.11.04-20.11.19:553][941]LogModuleManager: Shutting down and abandoning module PackagesDialog (348)
[2017.11.04-20.11.19:553][941]LogModuleManager: Shutting down and abandoning module Persona (346)
[2017.11.04-20.11.19:553][941]LogModuleManager: Shutting down and abandoning module AnimGraph (345)
[2017.11.04-20.11.19:553][941]LogModuleManager: Shutting down and abandoning module Kismet (342)
[2017.11.04-20.11.19:559][941]LogModuleManager: Shutting down and abandoning module GraphEditor (340)
[2017.11.04-20.11.19:559][941]LogModuleManager: Shutting down and abandoning module ClassViewer (338)
[2017.11.04-20.11.19:559][941]LogModuleManager: Shutting down and abandoning module Toolbox (336)
[2017.11.04-20.11.19:560][941]LogModuleManager: Shutting down and abandoning module ModuleUI (334)
[2017.11.04-20.11.19:560][941]LogModuleManager: Shutting down and abandoning module MovieSceneTools (332)
[2017.11.04-20.11.19:560][941]LogModuleManager: Shutting down and abandoning module OutputLog (330)
[2017.11.04-20.11.19:560][941]LogModuleManager: Shutting down and abandoning module GammaUI (328)
[2017.11.04-20.11.19:560][941]LogModuleManager: Shutting down and abandoning module Documentation (326)
[2017.11.04-20.11.19:560][941]LogModuleManager: Shutting down and abandoning module Niagara (324)
[2017.11.04-20.11.19:560][941]LogModuleManager: Shutting down and abandoning module StreamingPauseRendering (322)
[2017.11.04-20.11.19:560][941]LogModuleManager: Shutting down and abandoning module AnalyticsET (320)
[2017.11.04-20.11.19:560][941]LogModuleManager: Shutting down and abandoning module PortalServices (318)
[2017.11.04-20.11.19:560][941]LogModuleManager: Shutting down and abandoning module PortalRpc (316)
[2017.11.04-20.11.19:560][941]LogModuleManager: Shutting down and abandoning module MessagingRpc (314)
[2017.11.04-20.11.19:560][941]LogModuleManager: Shutting down and abandoning module AIModule (312)
[2017.11.04-20.11.19:560][941]LogModuleManager: Shutting down and abandoning module GameplayDebugger (311)
[2017.11.04-20.11.19:560][941]LogModuleManager: Shutting down and abandoning module AITestSuite (309)
[2017.11.04-20.11.19:560][941]LogModuleManager: Shutting down and abandoning module ProfilerService (306)
[2017.11.04-20.11.19:600][941]LogModuleManager: Shutting down and abandoning module TaskGraph (304)
[2017.11.04-20.11.19:600][941]LogModuleManager: Shutting down and abandoning module SteamVRController (302)
[2017.11.04-20.11.19:600][941]LogModuleManager: Shutting down and abandoning module SteamVR (300)
[2017.11.04-20.11.19:600][941]LogModuleManager: Shutting down and abandoning module ProceduralMeshComponentEditor (298)
[2017.11.04-20.11.19:600][941]LogModuleManager: Shutting down and abandoning module ProceduralMeshComponent (296)
[2017.11.04-20.11.19:600][941]LogModuleManager: Shutting down and abandoning module OculusLibrary (294)
[2017.11.04-20.11.19:600][941]LogModuleManager: Shutting down and abandoning module OculusInput (292)
[2017.11.04-20.11.19:600][941]LogModuleManager: Shutting down and abandoning module MobilePatchingUtils (290)
[2017.11.04-20.11.19:600][941]LogModuleManager: Shutting down and abandoning module CustomMeshComponent (288)
[2017.11.04-20.11.19:600][941]LogModuleManager: Shutting down and abandoning module CableComponent (286)
[2017.11.04-20.11.19:600][941]LogModuleManager: Shutting down and abandoning module ArchVisCharacter (284)
[2017.11.04-20.11.19:600][941]LogModuleManager: Shutting down and abandoning module MediaPlayerEditor (280)
[2017.11.04-20.11.19:600][941]LogModuleManager: Shutting down and abandoning module HTML5Networking (278)
[2017.11.04-20.11.19:600][941]LogModuleManager: Shutting down and abandoning module AlembicImporter (276)
[2017.11.04-20.11.19:600][941]LogModuleManager: Shutting down and abandoning module AlembicLibrary (275)
[2017.11.04-20.11.19:600][941]LogModuleManager: Shutting down and abandoning module GeometryCache (274)
[2017.11.04-20.11.19:601][941]LogModuleManager: Shutting down and abandoning module GeometryCacheEd (273)
[2017.11.04-20.11.19:601][941]LogModuleManager: Shutting down and abandoning module SuperSearchEditor (268)
[2017.11.04-20.11.19:601][941]LogModuleManager: Shutting down and abandoning module SuperSearch (267)
[2017.11.04-20.11.19:601][941]LogModuleManager: Shutting down and abandoning module SpeedTreeImporter (264)
[2017.11.04-20.11.19:601][941]LogModuleManager: Shutting down and abandoning module PluginBrowser (262)
[2017.11.04-20.11.19:601][941]LogModuleManager: Shutting down and abandoning module MobileLauncherProfileWizard (260)
[2017.11.04-20.11.19:601][941]LogModuleManager: Shutting down and abandoning module EpicSurvey (258)
[2017.11.04-20.11.19:601][941]LogModuleManager: Shutting down and abandoning module VisualStudioSourceCodeAccess (256)
[2017.11.04-20.11.19:601][941]LogModuleManager: Shutting down and abandoning module DesktopPlatform (255)
[2017.11.04-20.11.19:601][941]LogModuleManager: Shutting down and abandoning module UObjectPlugin (252)
[2017.11.04-20.11.19:601][941]LogModuleManager: Shutting down and abandoning module SubversionSourceControl (250)
[2017.11.04-20.11.19:601][941]LogModuleManager: Shutting down and abandoning module PerforceSourceControl (248)
[2017.11.04-20.11.19:601][941]LogModuleManager: Shutting down and abandoning module GitSourceControl (246)
[2017.11.04-20.11.19:601][941]LogModuleManager: Shutting down and abandoning module SourceControl (245)
[2017.11.04-20.11.19:601][941]LogModuleManager: Shutting down and abandoning module LightPropagationVolumeEditor (242)
[2017.11.04-20.11.19:601][941]LogModuleManager: Shutting down and abandoning module PaperTiledImporter (240)
[2017.11.04-20.11.19:601][941]LogModuleManager: Shutting down and abandoning module PaperSpriteSheetImporter (238)
[2017.11.04-20.11.19:601][941]LogModuleManager: Shutting down and abandoning module Paper2DEditor (236)
[2017.11.04-20.11.19:601][941]LogModuleManager: Shutting down and abandoning module MeshPaint (235)
[2017.11.04-20.11.19:602][941]LogModuleManager: Shutting down and abandoning module LevelEditor (233)
[2017.11.04-20.11.19:603][941]LogModuleManager: Shutting down and abandoning module PixelInspectorModule (232)
[2017.11.04-20.11.19:603][941]LogModuleManager: Shutting down and abandoning module MainFrame (230)
[2017.11.04-20.11.19:603][941]LogModuleManager: Shutting down and abandoning module HotReload (229)
[2017.11.04-20.11.19:603][941]LogModuleManager: Shutting down and abandoning module ContentBrowser (225)
[2017.11.04-20.11.19:604][941]LogModuleManager: Shutting down and abandoning module PhysXVehiclesEditor (222)
[2017.11.04-20.11.19:604][941]LogModuleManager: Shutting down and abandoning module PhysXVehicles (220)
[2017.11.04-20.11.19:604][941]LogModuleManager: Shutting down and abandoning module LocationServicesBPLibrary (218)
[2017.11.04-20.11.19:604][941]LogModuleManager: Shutting down and abandoning module UdpMessaging (216)
[2017.11.04-20.11.19:704][941]LogModuleManager: Shutting down and abandoning module TcpMessaging (214)
[2017.11.04-20.11.19:805][941]LogModuleManager: Shutting down and abandoning module GameplayTagsEditor (212)
[2017.11.04-20.11.19:805][941]LogModuleManager: Shutting down and abandoning module FacialAnimationEditor (210)
[2017.11.04-20.11.19:805][941]LogModuleManager: Shutting down and abandoning module FacialAnimation (208)
[2017.11.04-20.11.19:805][941]LogModuleManager: Shutting down and abandoning module LightPropagationVolumeRuntime (206)
[2017.11.04-20.11.19:805][941]LogModuleManager: Shutting down and abandoning module Paper2D (204)
[2017.11.04-20.11.19:805][941]LogModuleManager: Shutting down and abandoning module WindowsMoviePlayer (202)
[2017.11.04-20.11.19:805][941]LogModuleManager: Shutting down and abandoning module WmfMedia (200)
[2017.11.04-20.11.19:807][941]LogModuleManager: Shutting down and abandoning module MfMedia (198)
[2017.11.04-20.11.19:807][941]LogModuleManager: Shutting down and abandoning module MediaAssets (196)
[2017.11.04-20.11.19:807][941]LogModuleManager: Shutting down and abandoning module GameLiveStreaming (194)
[2017.11.04-20.11.19:807][941]LogModuleManager: Shutting down and abandoning module VREditor (192)
[2017.11.04-20.11.19:807][941]LogModuleManager: Shutting down and abandoning module GameplayTasksEditor (190)
[2017.11.04-20.11.19:807][941]LogModuleManager: Shutting down and abandoning module BehaviorTreeEditor (188)
[2017.11.04-20.11.19:807][941]LogModuleManager: Shutting down and abandoning module FunctionalTesting (186)
[2017.11.04-20.11.19:807][941]LogModuleManager: Shutting down and abandoning module CollisionAnalyzer (184)
[2017.11.04-20.11.19:807][941]LogModuleManager: Shutting down and abandoning module UMG (182)
[2017.11.04-20.11.19:807][941]LogModuleManager: Shutting down and abandoning module UMGEditor (181)
[2017.11.04-20.11.19:807][941]LogModuleManager: Shutting down and abandoning module Sequencer (180)
[2017.11.04-20.11.19:807][941]LogModuleManager: Shutting down and abandoning module AssetTools (178)
[2017.11.04-20.11.19:807][941]LogModuleManager: Shutting down and abandoning module MessageLog (177)
[2017.11.04-20.11.19:807][941]LogModuleManager: Shutting down and abandoning module WorkspaceMenuStructure (176)
[2017.11.04-20.11.19:807][941]LogModuleManager: Shutting down and abandoning module SlateReflector (170)
[2017.11.04-20.11.19:807][941]LogModuleManager: Shutting down and abandoning module Slate (168)
[2017.11.04-20.11.19:807][941]LogModuleManager: Shutting down and abandoning module EditorStyle (166)
[2017.11.04-20.11.19:809][941]LogModuleManager: Shutting down and abandoning module SourceCodeAccess (164)
[2017.11.04-20.11.19:809][941]LogModuleManager: Shutting down and abandoning module HeadMountedDisplay (162)
[2017.11.04-20.11.19:809][941]LogModuleManager: Shutting down and abandoning module XAudio2 (160)
[2017.11.04-20.11.19:809][941]LogModuleManager: Shutting down and abandoning module Networking (158)
[2017.11.04-20.11.19:809][941]LogModuleManager: Shutting down and abandoning module Core (154)
[2017.11.04-20.11.19:809][941]LogModuleManager: Shutting down and abandoning module AssetRegistry (152)
[2017.11.04-20.11.19:891][941]LogDirectoryWatcher: A directory notification for '../../../Engine/Content/' was aborted.
[2017.11.04-20.11.19:891][941]LogDirectoryWatcher: A directory notification for '../../../../../../P - programist/UE4/Timekill/TimeKill/Content/' was aborted.
[2017.11.04-20.11.19:891][941]LogDirectoryWatcher: A directory notification for '../../../Engine/Plugins/2D/Paper2D/Content/' was aborted.
[2017.11.04-20.11.19:891][941]LogModuleManager: Shutting down and abandoning module DirectoryWatcher (151)
[2017.11.04-20.11.19:892][941]LogModuleManager: Shutting down and abandoning module KismetCompiler (148)
[2017.11.04-20.11.19:892][941]LogModuleManager: Shutting down and abandoning module PhysXFormats (146)
[2017.11.04-20.11.19:892][941]LogModuleManager: Shutting down and abandoning module MeshUtilities (144)
[2017.11.04-20.11.19:892][941]LogModuleManager: Shutting down and abandoning module SimplygonSwarm (143)
[2017.11.04-20.11.19:892][941]LogModuleManager: Shutting down and abandoning module SimplygonMeshReduction (141)
[2017.11.04-20.11.19:892][941]LogModuleManager: Shutting down and abandoning module QuadricMeshReduction (139)
[2017.11.04-20.11.19:892][941]LogModuleManager: Shutting down and abandoning module PropertyEditor (137)
[2017.11.04-20.11.19:892][941]LogModuleManager: Shutting down and abandoning module DerivedDataCache (134)
[2017.11.04-20.11.19:940][941]LogDerivedDataCache: Shutdown
[2017.11.04-20.11.19:940][941]LogModuleManager: Shutting down and abandoning module TargetPlatform (132)
[2017.11.04-20.11.19:940][941]LogModuleManager: Shutting down and abandoning module VulkanShaderFormat (131)
[2017.11.04-20.11.19:940][941]LogModuleManager: Shutting down and abandoning module ShaderFormatOpenGL (129)
[2017.11.04-20.11.19:940][941]LogModuleManager: Shutting down and abandoning module ShaderFormatD3D (127)
[2017.11.04-20.11.19:940][941]LogModuleManager: Shutting down and abandoning module MetalShaderFormat (125)
[2017.11.04-20.11.19:940][941]LogModuleManager: Shutting down and abandoning module TextureFormatUncompressed (123)
[2017.11.04-20.11.19:940][941]LogModuleManager: Shutting down and abandoning module TextureFormatPVR (121)
[2017.11.04-20.11.19:940][941]LogModuleManager: Shutting down and abandoning module TextureFormatDXT (119)
[2017.11.04-20.11.19:940][941]LogModuleManager: Shutting down and abandoning module TextureFormatIntelISPCTexComp (117)
[2017.11.04-20.11.19:940][941]LogModuleManager: Shutting down and abandoning module TextureFormatASTC (115)
[2017.11.04-20.11.19:940][941]LogModuleManager: Shutting down and abandoning module ImageWrapper (114)
[2017.11.04-20.11.19:940][941]LogModuleManager: Shutting down and abandoning module TextureFormatAndroid (111)
[2017.11.04-20.11.19:940][941]LogModuleManager: Shutting down and abandoning module AudioFormatOpus (109)
[2017.11.04-20.11.19:940][941]LogModuleManager: Shutting down and abandoning module AudioFormatOgg (107)
[2017.11.04-20.11.19:940][941]LogModuleManager: Shutting down and abandoning module AudioFormatADPCM (105)
[2017.11.04-20.11.19:940][941]LogModuleManager: Shutting down and abandoning module LinuxTargetPlatform (103)
[2017.11.04-20.11.19:940][941]LogModuleManager: Shutting down and abandoning module LinuxServerTargetPlatform (101)
[2017.11.04-20.11.19:940][941]LogModuleManager: Shutting down and abandoning module LinuxNoEditorTargetPlatform (99)
[2017.11.04-20.11.19:940][941]LogModuleManager: Shutting down and abandoning module LinuxClientTargetPlatform (97)
[2017.11.04-20.11.19:940][941]LogModuleManager: Shutting down and abandoning module TVOSTargetPlatform (95)
[2017.11.04-20.11.19:940][941]LogModuleManager: Shutting down and abandoning module Messaging (93)
[2017.11.04-20.11.19:940][941]LogModuleManager: Shutting down and abandoning module IOSTargetPlatform (91)
[2017.11.04-20.11.19:940][941]LogModuleManager: Shutting down and abandoning module HTML5TargetPlatform (89)
[2017.11.04-20.11.19:940][941]LogModuleManager: Shutting down and abandoning module Android_PVRTCTargetPlatform (87)
[2017.11.04-20.11.19:940][941]LogModuleManager: Shutting down and abandoning module Android_MultiTargetPlatform (85)
[2017.11.04-20.11.19:940][941]LogModuleManager: Shutting down and abandoning module Android_ETC2TargetPlatform (83)
[2017.11.04-20.11.19:940][941]LogModuleManager: Shutting down and abandoning module Android_ETC1TargetPlatform (81)
[2017.11.04-20.11.19:940][941]LogModuleManager: Shutting down and abandoning module Android_DXTTargetPlatform (79)
[2017.11.04-20.11.19:940][941]LogModuleManager: Shutting down and abandoning module Android_ATCTargetPlatform (77)
[2017.11.04-20.11.19:940][941]LogModuleManager: Shutting down and abandoning module Android_ASTCTargetPlatform (75)
[2017.11.04-20.11.19:940][941]LogModuleManager: Shutting down and abandoning module AndroidTargetPlatform (73)
[2017.11.04-20.11.19:940][941]LogModuleManager: Shutting down and abandoning module WindowsTargetPlatform (71)
[2017.11.04-20.11.19:940][941]LogModuleManager: Shutting down and abandoning module WindowsServerTargetPlatform (69)
[2017.11.04-20.11.19:940][941]LogModuleManager: Shutting down and abandoning module WindowsNoEditorTargetPlatform (67)
[2017.11.04-20.11.19:940][941]LogModuleManager: Shutting down and abandoning module WindowsClientTargetPlatform (65)
[2017.11.04-20.11.19:940][941]LogModuleManager: Shutting down and abandoning module MacTargetPlatform (63)
[2017.11.04-20.11.19:940][941]LogModuleManager: Shutting down and abandoning module MacServerTargetPlatform (61)
[2017.11.04-20.11.19:940][941]LogModuleManager: Shutting down and abandoning module MacNoEditorTargetPlatform (59)
[2017.11.04-20.11.19:940][941]LogModuleManager: Shutting down and abandoning module MacClientTargetPlatform (57)
[2017.11.04-20.11.19:940][941]LogModuleManager: Shutting down and abandoning module AllDesktopTargetPlatform (55)
[2017.11.04-20.11.19:940][941]LogModuleManager: Shutting down and abandoning module InputCore (52)
[2017.11.04-20.11.19:940][941]LogModuleManager: Shutting down and abandoning module Settings (50)
[2017.11.04-20.11.19:940][941]LogModuleManager: Shutting down and abandoning module OculusRift (48)
[2017.11.04-20.11.19:940][941]LogModuleManager: Shutting down and abandoning module GearVR (46)
[2017.11.04-20.11.19:940][941]LogModuleManager: Shutting down and abandoning module ExampleDeviceProfileSelector (44)
[2017.11.04-20.11.19:940][941]LogModuleManager: Shutting down and abandoning module OnlineBlueprintSupport (42)
[2017.11.04-20.11.19:940][941]LogModuleManager: Shutting down and abandoning module OnlineSubsystem (38)
[2017.11.04-20.11.19:940][941]LogOnline:Display: Unloading online subsystem: NULL
[2017.11.04-20.11.19:940][941]LogModuleManager: Shutting down and abandoning module XMPP (37)
[2017.11.04-20.11.19:940][941]LogModuleManager: Shutting down and abandoning module HTTP (35)
[2017.11.04-20.11.19:940][941]LogHttp:Display: Http module shutting down, but needs to wait on 1 outstanding Http requests:
[2017.11.04-20.11.19:940][941]LogHttp:Display: 	verb=[POST] url=[https://datarouter.ol.epicgames.com/datarouter/api/v1/public/data?SessionID=%7B9519A4D2-4F69-3B97-A50F-71BA32AF1710%7D&AppID=UEEditor.Rocket.Release&AppVersion=4.15.3-3450819%2B%2B%2BUE4%2BRelease-4.15&UserID=203cd22846209b4f8b77d28ccf32e6ff%7C89273462bd32443db345d53368ac8829%7Cb72b80ad-e83e-444b-86be-783fb756f975&AppEnvironment=datacollector-binary&UploadType=eteventstream] status=Processing
[2017.11.04-20.11.19:948][941]LogModuleManager: Shutting down and abandoning module SSL (34)
[2017.11.04-20.11.19:950][941]LogModuleManager: Shutting down and abandoning module AudioEditor (30)
[2017.11.04-20.11.19:950][941]LogModuleManager: Shutting down and abandoning module TextureCompressor (28)
[2017.11.04-20.11.19:950][941]LogModuleManager: Shutting down and abandoning module ShaderCore (26)
[2017.11.04-20.11.19:950][941]LogModuleManager: Shutting down and abandoning module Landscape (24)
[2017.11.04-20.11.19:950][941]LogModuleManager: Shutting down and abandoning module SlateRHIRenderer (22)
[2017.11.04-20.11.19:952][941]LogModuleManager: Shutting down and abandoning module OpenGLDrv (20)
[2017.11.04-20.11.19:952][941]LogModuleManager: Shutting down and abandoning module D3D11RHI (18)
[2017.11.04-20.11.19:952][941]LogModuleManager: Shutting down and abandoning module AnimGraphRuntime (16)
[2017.11.04-20.11.19:952][941]LogModuleManager: Shutting down and abandoning module Renderer (14)
[2017.11.04-20.11.19:952][941]LogModuleManager: Shutting down and abandoning module Engine (12)
[2017.11.04-20.11.19:952][941]LogModuleManager: Shutting down and abandoning module CoreUObject (10)
[2017.11.04-20.11.19:952][941]LogModuleManager: Shutting down and abandoning module NetworkFile (8)
[2017.11.04-20.11.19:952][941]LogModuleManager: Shutting down and abandoning module StreamingFile (6)
[2017.11.04-20.11.19:952][941]LogModuleManager: Shutting down and abandoning module SandboxFile (4)
[2017.11.04-20.11.19:952][941]LogModuleManager: Shutting down and abandoning module PakFile (2)
[2017.11.04-20.11.19:954][941]LogExit: Exiting.
[2017.11.04-20.11.19:956][941]Log file closed, 11/04/17 23:11:19
