Log file open, 10/18/17 01:02:54
LogInit:Display: Running engine for game: TimeKill
LogPlatformFile: Not using cached read wrapper
LogInit:Display: RandInit(510169530) SRandInit(510169530).
LogTaskGraph: Started task graph with 5 named threads and 8 total threads with 1 sets of task threads.
LogStats: Stats thread started at 0.137239
LogInit: Using libcurl 7.47.1
LogInit:  - built for x86_64-pc-win32
LogInit:  - supports SSL with OpenSSL/1.0.2g
LogInit:  - supports HTTP deflate (compression) using libz 1.2.8
LogInit:  - other features:
LogInit:      CURL_VERSION_SSL
LogInit:      CURL_VERSION_LIBZ
LogInit:      CURL_VERSION_IPV6
LogInit:      CURL_VERSION_ASYNCHDNS
LogInit:      CURL_VERSION_LARGEFILE
LogInit:      CURL_VERSION_IDN
LogInit:  CurlRequestOptions (configurable via config and command line):
LogInit:  - bVerifyPeer = false  - Libcurl will NOT verify peer certificate
LogInit:  - bUseHttpProxy = false  - Libcurl will NOT use HTTP proxy
LogInit:  - bDontReuseConnections = false  - Libcurl will reuse connections
LogInit:  - CertBundlePath = nullptr  - Libcurl will use whatever was configured at build time.
LogInit: Build: ++UE4+Release-4.15-CL-3450819
LogInit: Engine Version: 4.15.3-3450819+++UE4+Release-4.15
LogInit: Compatible Engine Version: 4.15.0-3299760+++UE4+Release-4.15
LogInit: Net CL: 3299760
LogDevObjectVersion: Number of dev versions registered: 14
LogDevObjectVersion:   Dev-Blueprints (B0D832E4-1F89-4F0D-ACCF-7EB736FD4AA2): 8
LogDevObjectVersion:   Dev-Build (E1C64328-A22C-4D53-A36C-8E866417BD8C): 0
LogDevObjectVersion:   Dev-Core (375EC13C-06E4-48FB-B500-84F0262A717E): 2
LogDevObjectVersion:   Dev-Editor (E4B068ED-F494-42E9-A231-DA0B2E46BB41): 14
LogDevObjectVersion:   Dev-Framework (CFFC743F-43B0-4480-9391-14DF171D2073): 22
LogDevObjectVersion:   Dev-Mobile (B02B49B5-BB20-44E9-A304-32B752E40360): 0
LogDevObjectVersion:   Dev-Networking (A4E4105C-59A1-49B5-A7C5-40C4547EDFEE): 0
LogDevObjectVersion:   Dev-Online (39C831C9-5AE6-47DC-9A44-9C173E1C8E7C): 0
LogDevObjectVersion:   Dev-Physics (78F01B33-EBEA-4F98-B9B4-84EACCB95AA2): 0
LogDevObjectVersion:   Dev-Platform (6631380F-2D4D-43E0-8009-CF276956A95A): 0
LogDevObjectVersion:   Dev-Rendering (12F88B9F-8875-4AFC-A67C-D90C383ABD29): 12
LogDevObjectVersion:   Dev-Sequencer (7B5AE74C-D270-4C10-A958-57980B212A5A): 3
LogDevObjectVersion:   Dev-VR (D7296918-1DD6-4BDD-9DE2-64A83CC13884): 0
LogDevObjectVersion:   Dev-LoadTimes (C2A15278-BFE7-4AFE-6C17-90FF531DF755): 1
LogInit: Compiled (64-bit): May 21 2017 11:02:34
LogInit: Compiled with Visual C++: 19.00.23026.00
LogInit: Build Configuration: Development
LogInit: Branch Name: ++UE4+Release-4.15
LogInit: Command line:  
LogInit: Base directory: D:/Program Files/Epic Games/UE_4.15/Engine/Binaries/Win64/
LogInit: Installed Engine Build: 1
LogInit: Presizing for max 8388607 objects, including 0 objects not considered by GC, pre-allocating 0 bytes for permanent pool.
LogInit: Object subsystem initialized
[2017.10.17-22.02.56:773][  0]LogInit: Selected Device Profile: [Windows]
[2017.10.17-22.02.56:773][  0]LogInit: Applying CVar settings loaded from the selected device profile: [Windows]
[2017.10.17-22.02.56:925][  0]LogInit: Computer: DESKTOP-S9EOI2C
[2017.10.17-22.02.56:925][  0]LogInit: User: IzPOD
[2017.10.17-22.02.56:925][  0]LogInit: CPU Page size=65536, Cores=4
[2017.10.17-22.02.56:925][  0]LogInit: High frequency timer resolution =3.312789 MHz
[2017.10.17-22.02.56:941][  0]LogMemory: Memory total: Physical=7.9GB (8GB approx)
[2017.10.17-22.02.56:941][  0]LogMemory: Platform Memory Stats for Windows
[2017.10.17-22.02.56:941][  0]LogMemory: Process Physical Memory: 262.16 MB used, 262.16 MB peak
[2017.10.17-22.02.56:941][  0]LogMemory: Process Virtual Memory: 262.11 MB used, 262.11 MB peak
[2017.10.17-22.02.56:941][  0]LogMemory: Physical Memory: 4970.39 MB used,  3154.41 MB free, 8124.80 MB total
[2017.10.17-22.02.56:941][  0]LogMemory: Virtual Memory: 644.03 MB used,  3154.41 MB free, 134217728.00 MB total
[2017.10.17-22.02.58:033][  0]LogTextLocalizationManager: No translations for ('ru-RU') exist, falling back to 'en' for localization and internationalization data.
[2017.10.17-22.03.02:987][  0]LogD3D11RHI: D3D11 adapters:
[2017.10.17-22.03.03:651][  0]LogD3D11RHI:    0. 'NVIDIA GeForce GTX 670' (Feature Level 11_0)
[2017.10.17-22.03.03:651][  0]LogD3D11RHI:       2017/0/4062 MB DedicatedVideo/DedicatedSystem/SharedSystem, Outputs:1, VendorId:0x10de
[2017.10.17-22.03.03:653][  0]LogD3D11RHI:    1. 'Microsoft Basic Render Driver' (Feature Level 11_0)
[2017.10.17-22.03.03:653][  0]LogD3D11RHI:       0/0/4062 MB DedicatedVideo/DedicatedSystem/SharedSystem, Outputs:0, VendorId:0x1414
[2017.10.17-22.03.03:653][  0]LogD3D11RHI: Chosen D3D11 Adapter: 0
[2017.10.17-22.03.03:664][  0]LogD3D11RHI: Creating new Direct3DDevice
[2017.10.17-22.03.03:664][  0]LogD3D11RHI:     GPU DeviceId: 0x1189 (for the marketing name, search the web for "GPU Device Id")
[2017.10.17-22.03.03:664][  0]LogWindows: EnumDisplayDevices:
[2017.10.17-22.03.03:664][  0]LogWindows:    0. 'NVIDIA GeForce GTX 670' (P:1 D:1)
[2017.10.17-22.03.03:665][  0]LogWindows:    1. 'NVIDIA GeForce GTX 670' (P:0 D:0)
[2017.10.17-22.03.03:665][  0]LogWindows:    2. 'NVIDIA GeForce GTX 670' (P:0 D:0)
[2017.10.17-22.03.03:665][  0]LogWindows:    3. 'NVIDIA GeForce GTX 670' (P:0 D:0)
[2017.10.17-22.03.03:665][  0]LogWindows: DebugString: FoundDriverCount:4 
[2017.10.17-22.03.03:665][  0]LogD3D11RHI:     Adapter Name: NVIDIA GeForce GTX 670
[2017.10.17-22.03.03:666][  0]LogD3D11RHI:   Driver Version: 384.94 (internal:22.21.13.8494, unified:384.94)
[2017.10.17-22.03.03:666][  0]LogD3D11RHI:      Driver Date: 7-18-2017
[2017.10.17-22.03.03:666][  0]LogRHI: Texture pool is 1361 MB (70% of 1945 MB)
[2017.10.17-22.03.04:273][  0]LogD3D11RHI:Warning: Timestamp queries are currently disabled on this hardware due to instability. Realtime GPU stats will not be available. You can override this behaviour by setting r.NVIDIATimestampWorkaround to 0
[2017.10.17-22.03.04:277][  0]LogD3D11RHI: Async texture creation enabled
[2017.10.17-22.03.04:671][  0]LogD3D11RHI: GPU Timing Frequency: 1000.000000 (Debug: 2 2)
[2017.10.17-22.03.04:762][  0]LogShaderCompilers: Guid format shader working directory is -9 characters bigger than the processId version (../../../../../../P - programist/UE4/Timekill/TimeKill/Intermediate/Shaders/WorkingDirectory/19716/).
[2017.10.17-22.03.04:762][  0]LogShaderCompilers: Cleaned the shader compiler working directory 'C:/Users/IzPOD/AppData/Local/Temp/UnrealShaderWorkingDir/938164AB41DDE274070746BDADEE5B95/'.
[2017.10.17-22.03.04:762][  0]LogShaderCompilers:Display: Using Local Shader Compiler.
[2017.10.17-22.03.09:372][  0]LogTemp:Display: Loaded TP AllDesktopTargetPlatform
[2017.10.17-22.03.09:422][  0]LogTemp:Display: Loaded TP MacClientTargetPlatform
[2017.10.17-22.03.09:471][  0]LogTemp:Display: Loaded TP MacNoEditorTargetPlatform
[2017.10.17-22.03.09:523][  0]LogTemp:Display: Loaded TP MacServerTargetPlatform
[2017.10.17-22.03.09:633][  0]LogTemp:Display: Loaded TP MacTargetPlatform
[2017.10.17-22.03.09:691][  0]LogTemp:Display: Loaded TP WindowsClientTargetPlatform
[2017.10.17-22.03.09:745][  0]LogTemp:Display: Loaded TP WindowsNoEditorTargetPlatform
[2017.10.17-22.03.09:809][  0]LogTemp:Display: Loaded TP WindowsServerTargetPlatform
[2017.10.17-22.03.09:855][  0]LogTemp:Display: Loaded TP WindowsTargetPlatform
[2017.10.17-22.03.09:931][  0]LogTemp:Display: Loaded TP AndroidTargetPlatform
[2017.10.17-22.03.09:980][  0]LogTemp:Display: Loaded TP Android_ASTCTargetPlatform
[2017.10.17-22.03.10:030][  0]LogTemp:Display: Loaded TP Android_ATCTargetPlatform
[2017.10.17-22.03.10:079][  0]LogTemp:Display: Loaded TP Android_DXTTargetPlatform
[2017.10.17-22.03.10:130][  0]LogTemp:Display: Loaded TP Android_ETC1TargetPlatform
[2017.10.17-22.03.10:179][  0]LogTemp:Display: Loaded TP Android_ETC2TargetPlatform
[2017.10.17-22.03.10:279][  0]LogTemp:Display: Loaded TP Android_MultiTargetPlatform
[2017.10.17-22.03.10:279][  0]LogTemp:Display: Loaded TP Android_PVRTCTargetPlatform
[2017.10.17-22.03.10:310][  0]LogTemp:Display: Loaded TP HTML5TargetPlatform
[2017.10.17-22.03.10:455][  0]LogTemp:Display: Loaded TP IOSTargetPlatform
[2017.10.17-22.03.10:490][  0]LogTemp:Display: Loaded TP TVOSTargetPlatform
[2017.10.17-22.03.10:542][  0]LogTemp:Display: Loaded TP LinuxClientTargetPlatform
[2017.10.17-22.03.10:592][  0]LogTemp:Display: Loaded TP LinuxNoEditorTargetPlatform
[2017.10.17-22.03.10:642][  0]LogTemp:Display: Loaded TP LinuxServerTargetPlatform
[2017.10.17-22.03.10:726][  0]LogTemp:Display: Loaded TP LinuxTargetPlatform
[2017.10.17-22.03.10:726][  0]LogTargetPlatformManager:Display: Building Assets For Windows
[2017.10.17-22.03.12:102][  0]LogDerivedDataCache:Display: Max Cache Size: 512 MB
[2017.10.17-22.03.12:346][  0]LogDerivedDataCache: Loaded boot cache 0.24s 50MB C:/Users/IzPOD/AppData/Local/UnrealEngine/4.15/DerivedDataCache/Boot.ddc.
[2017.10.17-22.03.12:346][  0]LogDerivedDataCache:Display: Loaded Boot cache: C:/Users/IzPOD/AppData/Local/UnrealEngine/4.15/DerivedDataCache/Boot.ddc
[2017.10.17-22.03.12:346][  0]LogDerivedDataCache: FDerivedDataBackendGraph:  Pak pak cache file ../../../../../../P - programist/UE4/Timekill/TimeKill/DerivedDataCache/DDC.ddp not found, will not use a pak cache.
[2017.10.17-22.03.12:346][  0]LogDerivedDataCache: Unable to find inner node Pak for hierarchical cache Hierarchy.
[2017.10.17-22.03.12:346][  0]LogDerivedDataCache: FDerivedDataBackendGraph:  CompressedPak pak cache file ../../../../../../P - programist/UE4/Timekill/TimeKill/DerivedDataCache/Compressed.ddp not found, will not use a pak cache.
[2017.10.17-22.03.12:346][  0]LogDerivedDataCache: Unable to find inner node CompressedPak for hierarchical cache Hierarchy.
[2017.10.17-22.03.12:411][  0]LogDerivedDataCache:Display: Pak cache opened for reading ../../../Engine/DerivedDataCache/Compressed.ddp.
[2017.10.17-22.03.12:424][  0]LogDerivedDataCache: Using Local data cache path C:/Users/IzPOD/AppData/Local/UnrealEngine/Common/DerivedDataCache: Writable
[2017.10.17-22.03.12:870][  0]LogSlate: Using Freetype 2.6.0
[2017.10.17-22.03.12:973][  0]LogSlate: SlateFontCache - WITH_FREETYPE: 1, WITH_HARFBUZZ: 1
[2017.10.17-22.03.12:973][  0]LogSlate: SlateFontCache - WITH_FREETYPE: 1, WITH_HARFBUZZ: 1
[2017.10.17-22.03.26:339][  0]LogInit: Selected Device Profile: [Windows]
[2017.10.17-22.03.26:424][  0]LogContentStreaming: Texture pool size is 0.00 MB
[2017.10.17-22.03.27:330][  0]LogMeshUtilities: Using QuadricMeshReduction for automatic static mesh reduction
[2017.10.17-22.03.27:398][  0]LogSimplygon: Simplygon DLL not present - disabling.
[2017.10.17-22.03.27:459][  0]LogMeshUtilities: Using SimplygonSwarm for distributed automatic mesh merging
[2017.10.17-22.03.27:459][  0]LogMeshUtilities: No automatic skeletal mesh reduction module available
[2017.10.17-22.03.27:459][  0]LogMeshUtilities: No automatic mesh merging module available
[2017.10.17-22.03.34:614][  0]LogNetVersion: GetLocalNetworkVersion: CL: 3299760, ProjectName: timekill, ProjectVersion: , EngineNetworkVersion: 2, GameNetworkVersion: 0, NetworkChecksum: 844999791
[2017.10.17-22.03.34:944][  0]LogAssetRegistry: FAssetRegistry took 0.0354 seconds to start up
[2017.10.17-22.03.35:716][  0]LogPackageLocalizationCache: Processed 3 localized package path(s) for 1 prioritized culture(s) in 0.642666 seconds
[2017.10.17-22.03.35:795][  0]LogUObjectArray: 32493 objects as part of root set at end of initial load.
[2017.10.17-22.03.35:795][  0]LogUObjectAllocator: 7077024 out of 0 bytes used by permanent object pool.
[2017.10.17-22.03.35:795][  0]LogUObjectArray: CloseDisregardForGC: 0/0 objects in disregard for GC pool
[2017.10.17-22.03.35:915][  0]LogInit: WinSock: version 1.1 (2.2), MaxSocks=32767, MaxUdp=65467
[2017.10.17-22.03.46:531][  0]LogTcpMessaging: Initializing TcpMessaging bridge
[2017.10.17-22.03.46:583][  0]LogUdpMessaging: Initializing bridge on interface 0.0.0.0:0 to multicast group 230.0.0.1:6666.
[2017.10.17-22.03.48:129][  0]LogMaterial: Uniform references updated for custom material expression Custom.
[2017.10.17-22.03.49:221][  0]SourceControl: Info Source control is disabled
[2017.10.17-22.03.49:230][  0]SourceControl: Info Source control is disabled
[2017.10.17-22.03.49:340][  0]SourceControl: Info Source control is disabled
[2017.10.17-22.03.49:405][  0]SourceControl: Info Source control is disabled
[2017.10.17-22.03.50:180][  0]LogLinker:Warning: Can't find file '/Game/PuzzleBP/Tutorial/Part1-Overview'
[2017.10.17-22.03.50:196][  0]LogLinker:Warning: Can't find file '/Game/PuzzleBP/Tutorial/Part1-Overview'
[2017.10.17-22.03.50:196][  0]LogUObjectGlobals:Warning: Failed to find object 'Class /Game/PuzzleBP/Tutorial/Part1-Overview.Part1-Overview_C'
[2017.10.17-22.03.50:196][  0]LogLinker:Warning: Can't find file '/Game/PuzzleBP/Tutorial/Part2-BlockBlueprint'
[2017.10.17-22.03.50:196][  0]LogLinker:Warning: Can't find file '/Game/PuzzleBP/Tutorial/Part2-BlockBlueprint'
[2017.10.17-22.03.50:196][  0]LogUObjectGlobals:Warning: Failed to find object 'Class /Game/PuzzleBP/Tutorial/Part2-BlockBlueprint.Part2-BlockBlueprint_C'
[2017.10.17-22.03.52:274][  0]LogEngine: Initializing Engine...
[2017.10.17-22.03.52:296][  0]LogHMD: Failed to initialize OpenVR with code 110
[2017.10.17-22.03.52:960][  0]LogStats: UGameplayTagsManager::ConstructGameplayTagTree: Construct from data asset -  0.000 s
[2017.10.17-22.03.52:962][  0]LogStats: UGameplayTagsManager::ConstructGameplayTagTree: GameplayTagTreeChangedEvent.Broadcast -  0.000 s
[2017.10.17-22.03.53:710][  0]LogAIModule: Creating AISystem for world Untitled
[2017.10.17-22.03.53:977][  0]LogInit: XAudio2 using 'Динамики (Logitech G430 Gaming Headset)' : 8 channels at 48 kHz using 16 bits per sample (channel mask 0x63f)
[2017.10.17-22.03.54:003][  0]LogInit: FAudioDevice initialized.
[2017.10.17-22.03.54:030][  0]LogDerivedDataCache: Saved boot cache 0.03s 50MB C:/Users/IzPOD/AppData/Local/UnrealEngine/4.15/DerivedDataCache/Boot.ddc.
[2017.10.17-22.03.54:039][  0]LogInit: Texture streaming: Enabled
[2017.10.17-22.03.54:260][  0]LogEngineSessionManager: EngineSessionManager initialized
[2017.10.17-22.03.54:575][  0]LogInit: Transaction tracking system initialized
[2017.10.17-22.03.55:392][  0]BlueprintLog: New page: Editor Load
[2017.10.17-22.03.57:465][  0]LocalizationService: Info Localization service is disabled
[2017.10.17-22.03.58:747][  0]LogConsoleResponse:Display: 
[2017.10.17-22.04.01:864][  0]LogFileCache: Scanning file cache for directory 'D:/P - programist/UE4/Timekill/TimeKill/Content/' took 0.04s
[2017.10.17-22.04.01:864][  0]LogCook:Display: Max memory allowance for cook 16384mb min free memory 0mb
[2017.10.17-22.04.01:865][  0]LogCook:Display: Mobile HDR setting 0
[2017.10.17-22.04.04:400][  0]SourceControl: Info Source control is disabled
[2017.10.17-22.04.04:488][  0]Cmd: MAP LOAD FILE="../../../Engine/Content/Maps/Templates/Template_Default.umap" TEMPLATE=1 SHOWPROGRESS=1 FEATURELEVEL=3
[2017.10.17-22.04.04:542][  0]LightingResults: New page: Lighting Build
[2017.10.17-22.04.04:814][  0]MapCheck: New page: Map Check
[2017.10.17-22.04.04:814][  0]LightingResults: New page: Lighting Build
[2017.10.17-22.04.06:856][  0]LogAIModule: Creating AISystem for world Untitled_1
[2017.10.17-22.04.06:971][  0]LogActorComponent: RegisterComponentWithWorld: (/Temp/Untitled_1.Untitled_1:PersistentLevel.WorldSettings_1.StaticMeshComponent0) Trying to register component with IsPendingKill() == true. Aborting.
[2017.10.17-22.04.07:627][  0]LogEditorServer: Finished looking for orphan Actors (0.000 secs)
[2017.10.17-22.04.07:714][  0]Cmd: MAP CHECKDEP NOCLEARLOG
[2017.10.17-22.04.07:760][  0]MapCheck: Info Map check complete: 0 Error(s), 0 Warning(s), took 46.382ms to complete.
[2017.10.17-22.04.07:761][  0]LogFileHelpers: Loading map 'Template_Default' took 3.295
[2017.10.17-22.04.11:183][  0]LogCollectionManager: Loaded 0 collections in 0.000909 seconds
[2017.10.17-22.04.11:360][  0]LogFileCache: Scanning file cache for directory 'D:/P - programist/UE4/Timekill/TimeKill/Saved/Collections/' took 0.01s
[2017.10.17-22.04.11:360][  0]LogFileCache: Scanning file cache for directory 'D:/P - programist/UE4/Timekill/TimeKill/Content/Developers/IzPOD/Collections/' took 0.01s
[2017.10.17-22.04.11:360][  0]LogFileCache: Scanning file cache for directory 'D:/P - programist/UE4/Timekill/TimeKill/Content/Collections/' took 0.01s
[2017.10.17-22.04.11:360][  0]LogCollectionManager: Rebuilt the GUID cache for 0 collections in 0.000003 seconds
[2017.10.17-22.04.11:377][  0]LogContentBrowser: Native class hierarchy populated in 0.0131 seconds. Added 2246 classes and 455 folders.
[2017.10.17-22.04.11:561][  0]LogContentBrowser: Native class hierarchy updated for 'WidgetCarousel' in 0.0005 seconds. Added 0 classes and 0 folders.
[2017.10.17-22.04.12:571][  0]LogContentBrowser: Native class hierarchy updated for 'AddContentDialog' in 0.0005 seconds. Added 0 classes and 0 folders.
[2017.10.17-22.04.12:656][  0]LogCrashTracker: Crashtracker disabled due to settings.
[2017.10.17-22.04.13:069][  0]LogUObjectGlobals:Warning: Failed to find object 'Class None.'
[2017.10.17-22.04.13:240][  0]LogContentBrowser: Native class hierarchy updated for 'HierarchicalLODOutliner' in 0.0005 seconds. Added 1 classes and 2 folders.
[2017.10.17-22.04.13:241][  0]LogLoad: (Engine Initialization) Total time: 84.63 seconds
[2017.10.17-22.04.13:241][  0]LogLoad: (Engine Initialization) Total Blueprint compile time: 0.97 seconds
[2017.10.17-22.04.13:241][  0]LogExternalProfiler: No external profilers were discovered.  External profiling features will not be available.
[2017.10.17-22.04.13:655][  0]LogOcInput: OculusInput pre-init called
[2017.10.17-22.04.14:331][  0]LogContentStreaming: Texture pool size now 1000 MB
[2017.10.17-22.04.14:539][  0]LogSlate: Took 0.012120 seconds to synchronously load lazily loaded font '../../../Engine/Content/Slate/Fonts/Roboto-Regular.ttf' (155K)
[2017.10.17-22.04.14:600][  0]LogSlate: Took 0.014301 seconds to synchronously load lazily loaded font '../../../Engine/Content/Slate/Fonts/Roboto-Bold.ttf' (160K)
[2017.10.17-22.04.14:684][  0]LogSlate: Took 0.012229 seconds to synchronously load lazily loaded font '../../../Engine/Content/Editor/Slate/Fonts/FontAwesome.ttf' (139K)
[2017.10.17-22.04.15:736][  0]LogRenderer: Reallocating scene render targets to support 1068x924 NumSamples 1 (Frame:2).
[2017.10.17-22.04.16:369][  2]LogSlate: Took 0.022974 seconds to synchronously load lazily loaded font '../../../Engine/Content/Slate/Fonts/Roboto-Light.ttf' (159K)
[2017.10.17-22.04.16:380][  3]LogAssetRegistry: Asset discovery search completed in 41.4605 seconds
[2017.10.17-22.04.16:390][  3]LogCollectionManager: Rebuilt the object cache for 0 collections in 0.009346 seconds (found 0 objects)
[2017.10.17-22.04.16:390][  3]LogCollectionManager: Fixed up redirectors for 0 collections in 0.010056 seconds (updated 0 objects)
[2017.10.17-22.04.19:154][279]LogSlate: Took 0.000213 seconds to synchronously load lazily loaded font '../../../Engine/Content/Slate/Fonts/Roboto-Light.ttf' (159K)
[2017.10.17-22.04.19:808][335]LogSlate: Took 0.000149 seconds to synchronously load lazily loaded font '../../../Engine/Content/Slate/Fonts/Roboto-Light.ttf' (159K)
[2017.10.17-22.04.20:766][335]LogSlate: Took 0.000191 seconds to synchronously load lazily loaded font '../../../Engine/Content/Slate/Fonts/Roboto-Regular.ttf' (155K)
[2017.10.17-22.04.22:668][335]LogAIModule: Creating AISystem for world GameLavel
[2017.10.17-22.04.23:032][335]Cmd: MAP LOAD FILE="../../../../../../P - programist/UE4/Timekill/TimeKill/Content/GameLavel.umap" TEMPLATE=0 SHOWPROGRESS=1 FEATURELEVEL=3
[2017.10.17-22.04.23:033][335]LightingResults: New page: Lighting Build
[2017.10.17-22.04.23:035][335]LoadErrors: New page: Loading map: GameLavel.umap
[2017.10.17-22.04.23:077][335]MapCheck: New page: Map Check
[2017.10.17-22.04.23:077][335]LightingResults: New page: Lighting Build
[2017.10.17-22.04.23:411][335]LogEditorServer: Finished looking for orphan Actors (0.000 secs)
[2017.10.17-22.04.23:483][335]Cmd: MAP CHECKDEP NOCLEARLOG
[2017.10.17-22.04.23:525][335]MapCheck: Info Map check complete: 0 Error(s), 0 Warning(s), took 41.976ms to complete.
[2017.10.17-22.04.23:525][335]LogFileHelpers: Loading map 'GameLavel' took 0.539
[2017.10.17-22.04.30:190][899]LogContentBrowser: Native class hierarchy updated for 'BlueprintGraph' in 0.0010 seconds. Added 112 classes and 0 folders.
[2017.10.17-22.04.31:967][899]LogSlate: Took 0.016610 seconds to synchronously load lazily loaded font '../../../Engine/Content/Editor/Slate/Fonts/Roboto-BoldCondensed.ttf' (158K)
[2017.10.17-22.04.42:166][  4]LogSlate: Took 0.018264 seconds to synchronously load lazily loaded font '../../../Engine/Content/Editor/Slate/Fonts/Roboto-BoldCondensedItalic.ttf' (160K)
[2017.10.17-22.05.00:553][170]BlueprintLog: New page: Compile NewInterface
[2017.10.17-22.05.54:593][478]BlueprintLog: New page: Compile NewInterface
[2017.10.17-22.06.27:547][ 27]LogSlate: Took 0.013411 seconds to synchronously load lazily loaded font '../../../Engine/Content/Editor/Slate/Fonts/Roboto-Italic.ttf' (157K)
[2017.10.17-22.08.01:583][151]LogMetaData: Removing '/Game/Blueprints/TESTInterface.SKEL_TESTInterface_C' ref from Metadata '/Game/Blueprints/NewInterface.PackageMetaData'
[2017.10.17-22.08.01:583][151]LogMetaData: Removing '/Game/Blueprints/TESTInterface.TESTInterface_C' ref from Metadata '/Game/Blueprints/NewInterface.PackageMetaData'
[2017.10.17-22.08.01:583][151]LogMetaData: Removing '/Game/Blueprints/TESTInterface.TESTInterface:NewFunction_0.K2Node_FunctionEntry_0' ref from Metadata '/Game/Blueprints/NewInterface.PackageMetaData'
[2017.10.17-22.08.01:583][151]LogMetaData: Removing '/Game/Blueprints/TESTInterface.TESTInterface:NewFunction_0.K2Node_FunctionResult_0' ref from Metadata '/Game/Blueprints/NewInterface.PackageMetaData'
[2017.10.17-22.08.01:647][151]Cmd: OBJ SAVEPACKAGE PACKAGE="/Game/Blueprints/TESTInterface" FILE="../../../../../../P - programist/UE4/Timekill/TimeKill/Content/Blueprints/TESTInterface.uasset" SILENT=true
[2017.10.17-22.08.01:735][151]LogSavePackage: Save=77.66ms
[2017.10.17-22.08.01:735][151]LogSavePackage: Moving '../../../../../../P - programist/UE4/Timekill/TimeKill/Saved/TESTInterface1D52F96F4C05EFE4D06719B8EFD45C90.tmp' to '../../../../../../P - programist/UE4/Timekill/TimeKill/Content/Blueprints/TESTInterface.uasset'
[2017.10.17-22.08.01:785][151]LogSavePackage:Display: Finished SavePackage ../../../../../../P - programist/UE4/Timekill/TimeKill/Content/Blueprints/TESTInterface.uasset
[2017.10.17-22.08.06:117][548]LogSlate:Warning: Prevented a slow task dialog from being summoned while a context menu was open
[2017.10.17-22.08.14:752][361]BlueprintLog: New page: Compile Player1
[2017.10.17-22.08.52:309][596]BlueprintLog: New page: Compile TESTInterface
[2017.10.17-22.09.14:879][200]BlueprintLog: New page: Compile Player1
[2017.10.17-22.09.34:499][401]BlueprintLog: New page: Compile Player1
[2017.10.17-22.10.39:527][635]LogSlate:Warning: Prevented a slow task dialog from being summoned while a context menu was open
[2017.10.17-22.11.11:419][339]BlueprintLog: New page: Compile Mishen
[2017.10.17-22.11.12:076][398]LogTemp: Repeting last play command: New Editor Window (PIE)
[2017.10.17-22.11.12:128][398]LogBlueprintUserMessages: Early PlayInEditor Detection: Level '/Game/GameLavel.GameLavel:PersistentLevel' has LevelScriptBlueprint '/Game/GameLavel.GameLavel:PersistentLevel.GameLavel' with GeneratedClass '/Game/GameLavel.GameLavel_C' with ClassGeneratedBy '/Game/GameLavel.GameLavel:PersistentLevel.GameLavel'
[2017.10.17-22.11.12:147][398]BlueprintLog: New page: Pre-Play auto-recompile
[2017.10.17-22.11.12:147][398]LogPlayLevel: [PlayLevel] Compiling Player1 before play...
[2017.10.17-22.11.12:398][398]LogPlayLevel: PlayLevel: Blueprint regeneration took 250 ms (1 blueprints)
[2017.10.17-22.11.12:465][398]PIE: New page: PIE session: GameLavel (Oct 18, 2017, 4:11:12 AM)
[2017.10.17-22.11.12:490][398]LogPlayLevel: Creating play world package: /Game/UEDPIE_0_GameLavel
[2017.10.17-22.11.12:538][398]LogPlayLevel: PIE: StaticDuplicateObject took: (0.047664s)
[2017.10.17-22.11.12:539][398]LogAIModule: Creating AISystem for world GameLavel
[2017.10.17-22.11.12:539][398]LogPlayLevel: PIE: World Init took: (0.000638s)
[2017.10.17-22.11.12:550][398]LogPlayLevel: PIE: Created PIE world by copying editor world from /Game/GameLavel.GameLavel to /Game/UEDPIE_0_GameLavel.GameLavel (0.062649s)
[2017.10.17-22.11.12:604][398]LogInit: XAudio2 using 'Динамики (Logitech G430 Gaming Headset)' : 8 channels at 48 kHz using 16 bits per sample (channel mask 0x63f)
[2017.10.17-22.11.12:618][398]LogInit: FAudioDevice initialized.
[2017.10.17-22.11.12:761][398]LogLoad: Game class is 'Mouse_GameMode_C'
[2017.10.17-22.11.12:916][398]LogWorld: Bringing World /Game/UEDPIE_0_GameLavel.GameLavel up for play (max tick rate 0) at 2017.10.18-01.11.12
[2017.10.17-22.11.13:054][398]LogWorld: Bringing up level for play took: 0.140552
[2017.10.17-22.11.13:214][398]LogContentBrowser: Native class hierarchy updated for 'MovieSceneCapture' in 0.0008 seconds. Added 11 classes and 0 folders.
[2017.10.17-22.11.13:356][398]PIE: Info Play in editor start time for /Game/UEDPIE_0_GameLavel 0.848
[2017.10.17-22.11.13:356][398]LogBlueprintUserMessages: Late PlayInEditor Detection: Level '/Game/GameLavel.GameLavel:PersistentLevel' has LevelScriptBlueprint '/Game/GameLavel.GameLavel:PersistentLevel.GameLavel' with GeneratedClass '/Game/GameLavel.GameLavel_C' with ClassGeneratedBy '/Game/GameLavel.GameLavel:PersistentLevel.GameLavel'
[2017.10.17-22.11.13:481][398]LogRenderer: Reallocating scene render targets to support 1068x996 NumSamples 1 (Frame:3083).
[2017.10.17-22.11.16:809][781]LogBlueprintUserMessages: [Mishen3_458] -1
[2017.10.17-22.11.18:179][940]LogBlueprintUserMessages: Early EndPlayMap Detection: Level '/Game/GameLavel.GameLavel:PersistentLevel' has LevelScriptBlueprint '/Game/GameLavel.GameLavel:PersistentLevel.GameLavel' with GeneratedClass '/Game/GameLavel.GameLavel_C' with ClassGeneratedBy '/Game/GameLavel.GameLavel:PersistentLevel.GameLavel'
[2017.10.17-22.11.18:255][940]LogBlueprintUserMessages: Late EndPlayMap Detection: Level '/Game/GameLavel.GameLavel:PersistentLevel' has LevelScriptBlueprint '/Game/GameLavel.GameLavel:PersistentLevel.GameLavel' with GeneratedClass '/Game/GameLavel.GameLavel_C' with ClassGeneratedBy '/Game/GameLavel.GameLavel:PersistentLevel.GameLavel'
[2017.10.17-22.11.29:511][223]LogRenderer: Reallocating scene render targets to support 1308x996 NumSamples 1 (Frame:3626).
[2017.10.17-22.13.03:572][695]BlueprintLog: New page: Compile Player1
[2017.10.17-22.13.04:222][734]LogTemp: Repeting last play command: New Editor Window (PIE)
[2017.10.17-22.13.04:241][734]LogBlueprintUserMessages: Early PlayInEditor Detection: Level '/Game/GameLavel.GameLavel:PersistentLevel' has LevelScriptBlueprint '/Game/GameLavel.GameLavel:PersistentLevel.GameLavel' with GeneratedClass '/Game/GameLavel.GameLavel_C' with ClassGeneratedBy '/Game/GameLavel.GameLavel:PersistentLevel.GameLavel'
[2017.10.17-22.13.04:241][734]LogPlayLevel: PlayLevel: No blueprints needed recompiling
[2017.10.17-22.13.04:241][734]PIE: New page: PIE session: GameLavel (Oct 18, 2017, 4:13:04 AM)
[2017.10.17-22.13.04:241][734]LogPlayLevel: Creating play world package: /Game/UEDPIE_0_GameLavel
[2017.10.17-22.13.04:244][734]LogPlayLevel: PIE: StaticDuplicateObject took: (0.002936s)
[2017.10.17-22.13.04:245][734]LogAIModule: Creating AISystem for world GameLavel
[2017.10.17-22.13.04:245][734]LogPlayLevel: PIE: World Init took: (0.001062s)
[2017.10.17-22.13.04:246][734]LogPlayLevel: PIE: Created PIE world by copying editor world from /Game/GameLavel.GameLavel to /Game/UEDPIE_0_GameLavel.GameLavel (0.004193s)
[2017.10.17-22.13.04:265][734]LogInit: XAudio2 using 'Динамики (Logitech G430 Gaming Headset)' : 8 channels at 48 kHz using 16 bits per sample (channel mask 0x63f)
[2017.10.17-22.13.04:277][734]LogInit: FAudioDevice initialized.
[2017.10.17-22.13.04:330][734]LogLoad: Game class is 'Mouse_GameMode_C'
[2017.10.17-22.13.04:332][734]LogWorld: Bringing World /Game/UEDPIE_0_GameLavel.GameLavel up for play (max tick rate 0) at 2017.10.18-01.13.04
[2017.10.17-22.13.04:333][734]LogWorld: Bringing up level for play took: 0.002179
[2017.10.17-22.13.04:349][734]PIE: Info Play in editor start time for /Game/UEDPIE_0_GameLavel -0.159
[2017.10.17-22.13.04:350][734]LogBlueprintUserMessages: Late PlayInEditor Detection: Level '/Game/GameLavel.GameLavel:PersistentLevel' has LevelScriptBlueprint '/Game/GameLavel.GameLavel:PersistentLevel.GameLavel' with GeneratedClass '/Game/GameLavel.GameLavel_C' with ClassGeneratedBy '/Game/GameLavel.GameLavel:PersistentLevel.GameLavel'
[2017.10.17-22.13.07:860][150]LogBlueprintUserMessages: [Mishen3_458] -1
[2017.10.17-22.13.08:700][248]LogBlueprintUserMessages: Early EndPlayMap Detection: Level '/Game/GameLavel.GameLavel:PersistentLevel' has LevelScriptBlueprint '/Game/GameLavel.GameLavel:PersistentLevel.GameLavel' with GeneratedClass '/Game/GameLavel.GameLavel_C' with ClassGeneratedBy '/Game/GameLavel.GameLavel:PersistentLevel.GameLavel'
[2017.10.17-22.13.08:738][248]LogBlueprintUserMessages: Late EndPlayMap Detection: Level '/Game/GameLavel.GameLavel:PersistentLevel' has LevelScriptBlueprint '/Game/GameLavel.GameLavel:PersistentLevel.GameLavel' with GeneratedClass '/Game/GameLavel.GameLavel_C' with ClassGeneratedBy '/Game/GameLavel.GameLavel:PersistentLevel.GameLavel'
[2017.10.17-22.13.52:051][124]BlueprintLog: New page: Compile Player1
[2017.10.17-22.14.49:761][280]LogSlate:Warning: Prevented a slow task dialog from being summoned while a context menu was open
[2017.10.17-22.14.51:018][413]LogBlueprint:Error: [Player1] ImplementNewInterface: Blueprint '/Game/Blueprints/Player1.Player1' has a function or graph which conflicts with the function NewFunction_0 in the interface called 'TESTInterface_C'
[2017.10.17-22.14.53:504][683]LogBlueprint:Error: [Player1] ImplementNewInterface: Blueprint '/Game/Blueprints/Player1.Player1' has a function or graph which conflicts with the function NewFunction_0 in the interface called 'TESTInterface_C'
[2017.10.17-22.14.55:178][867]BlueprintLog: New page: Compile Player1
[2017.10.17-22.14.56:537][944]LogSlate:Warning: Prevented a slow task dialog from being summoned while a context menu was open
[2017.10.17-22.14.59:287][248]LogBlueprint:Error: [Player1] ImplementNewInterface: Blueprint '/Game/Blueprints/Player1.Player1' has a function or graph which conflicts with the function NewFunction_0 in the interface called 'TESTInterface_C'
[2017.10.17-22.15.07:021][ 91]LogBlueprint:Error: [Player1] ImplementNewInterface: Blueprint '/Game/Blueprints/Player1.Player1' has a function or graph which conflicts with the function NewFunction_0 in the interface called 'TESTInterface_C'
[2017.10.17-22.15.16:868][ 67]LogBlueprint:Error: [Player1] ImplementNewInterface: Blueprint '/Game/Blueprints/Player1.Player1' has a function or graph which conflicts with the function NewFunction_0 in the interface called 'TESTInterface_C'
[2017.10.17-22.15.31:550][721]Cmd: OBJ SAVEPACKAGE PACKAGE="/Game/GameLavel" FILE="../../../../../../P - programist/UE4/Timekill/TimeKill/Content/GameLavel.umap" SILENT=true AUTOSAVING=false KEEPDIRTY=false
[2017.10.17-22.15.32:532][721]LogSavePackage: Save=177.57ms
[2017.10.17-22.15.32:532][721]LogSavePackage: Moving '../../../../../../P - programist/UE4/Timekill/TimeKill/Saved/GameLavelA605EC644EC1FE38E358FF8C7647FD5C.tmp' to '../../../../../../P - programist/UE4/Timekill/TimeKill/Content/GameLavel.umap'
[2017.10.17-22.15.32:554][721]LogSavePackage:Display: Finished SavePackage ../../../../../../P - programist/UE4/Timekill/TimeKill/Content/GameLavel.umap
[2017.10.17-22.15.32:617][721]LogFileHelpers: Saving map 'GameLavel' took 1.126
[2017.10.17-22.15.32:620][721]Cmd: OBJ SAVEPACKAGE PACKAGE="/Game/Blueprints/NewInterface" FILE="../../../../../../P - programist/UE4/Timekill/TimeKill/Content/Blueprints/NewInterface.uasset" SILENT=true
[2017.10.17-22.15.32:626][721]LogSavePackage: Save=5.35ms
[2017.10.17-22.15.32:626][721]LogSavePackage: Moving '../../../../../../P - programist/UE4/Timekill/TimeKill/Saved/NewInterface75DD815341EC54D1B17DC58463EC213F.tmp' to '../../../../../../P - programist/UE4/Timekill/TimeKill/Content/Blueprints/NewInterface.uasset'
[2017.10.17-22.15.32:628][721]LogSavePackage:Display: Finished SavePackage ../../../../../../P - programist/UE4/Timekill/TimeKill/Content/Blueprints/NewInterface.uasset
[2017.10.17-22.15.32:638][721]Cmd: OBJ SAVEPACKAGE PACKAGE="/Game/Blueprints/Player1" FILE="../../../../../../P - programist/UE4/Timekill/TimeKill/Content/Blueprints/Player1.uasset" SILENT=true
[2017.10.17-22.15.32:908][721]LogSavePackage: Save=231.70ms
[2017.10.17-22.15.32:908][721]LogSavePackage: Moving '../../../../../../P - programist/UE4/Timekill/TimeKill/Saved/Player199BB679D44CEF552DDF4E09B4FAD7ECF.tmp' to '../../../../../../P - programist/UE4/Timekill/TimeKill/Content/Blueprints/Player1.uasset'
[2017.10.17-22.15.32:910][721]LogSavePackage:Display: Finished SavePackage ../../../../../../P - programist/UE4/Timekill/TimeKill/Content/Blueprints/Player1.uasset
[2017.10.17-22.15.32:913][721]Cmd: OBJ SAVEPACKAGE PACKAGE="/Game/Blueprints/Mishen" FILE="../../../../../../P - programist/UE4/Timekill/TimeKill/Content/Blueprints/Mishen.uasset" SILENT=true
[2017.10.17-22.15.32:947][721]LogSavePackage: Save=21.70ms
[2017.10.17-22.15.32:947][721]LogSavePackage: Moving '../../../../../../P - programist/UE4/Timekill/TimeKill/Saved/MishenE0F14DA5464687970B4A3295801F8AE9.tmp' to '../../../../../../P - programist/UE4/Timekill/TimeKill/Content/Blueprints/Mishen.uasset'
[2017.10.17-22.15.32:948][721]LogSavePackage:Display: Finished SavePackage ../../../../../../P - programist/UE4/Timekill/TimeKill/Content/Blueprints/Mishen.uasset
[2017.10.17-22.15.32:954][721]Cmd: OBJ SAVEPACKAGE PACKAGE="/Game/Blueprints/TESTInterface" FILE="../../../../../../P - programist/UE4/Timekill/TimeKill/Content/Blueprints/TESTInterface.uasset" SILENT=true
[2017.10.17-22.15.32:977][721]LogSavePackage: Save=7.62ms
[2017.10.17-22.15.32:977][721]LogSavePackage: Moving '../../../../../../P - programist/UE4/Timekill/TimeKill/Saved/TESTInterface4D327E3846D4574286635DACB7C1DAB2.tmp' to '../../../../../../P - programist/UE4/Timekill/TimeKill/Content/Blueprints/TESTInterface.uasset'
[2017.10.17-22.15.32:979][721]LogSavePackage:Display: Finished SavePackage ../../../../../../P - programist/UE4/Timekill/TimeKill/Content/Blueprints/TESTInterface.uasset
[2017.10.17-22.15.33:693][764]LogActorComponent: UnregisterComponent: (/Engine/Transient.EditorFloorComp) Not registered. Aborting.
[2017.10.17-22.15.34:229][765]Cmd: QUIT_EDITOR
[2017.10.17-22.15.34:788][765]LogWindowsTextInputMethodSystem:Display: IME system now deactivated.
[2017.10.17-22.15.34:847][765]LogExit: Preparing to exit.
[2017.10.17-22.15.36:240][765]LogDirectoryWatcher: A directory notification for 'D:/P - programist/UE4/Timekill/TimeKill/Content/' was aborted.
[2017.10.17-22.15.36:366][765]LogExit: Editor shut down
[2017.10.17-22.15.36:366][765]LogExit: Transaction tracking system shut down
[2017.10.17-22.15.37:725][765]LogObj: Freed 0b from 0 cluster array pools.
[2017.10.17-22.15.37:725][765]LogExit: Object subsystem successfully closed.
[2017.10.17-22.15.37:895][765]LogD3D11RHI: Shutdown
[2017.10.17-22.15.37:895][765]LogD3D11RHI: CleanupD3DDevice
[2017.10.17-22.15.38:050][765]LogD3D11RHI: ~FD3D11DynamicRHI
[2017.10.17-22.15.39:054][765]LogModuleManager: Shutting down and abandoning module MovieSceneCapture (504)
[2017.10.17-22.15.39:054][765]LogModuleManager: Shutting down and abandoning module BlueprintGraph (502)
[2017.10.17-22.15.39:054][765]LogModuleManager: Shutting down and abandoning module BlueprintProfiler (500)
[2017.10.17-22.15.39:074][765]LogModuleManager: Shutting down and abandoning module HierarchicalLODOutliner (498)
[2017.10.17-22.15.39:086][765]LogModuleManager: Shutting down and abandoning module CrashTracker (496)
[2017.10.17-22.15.39:086][765]LogModuleManager: Shutting down and abandoning module AddContentDialog (494)
[2017.10.17-22.15.39:100][765]LogDirectoryWatcher: A directory notification for 'D:/Program Files/Epic Games/UE_4.15/FeaturePacks/' was aborted.
[2017.10.17-22.15.39:102][765]LogModuleManager: Shutting down and abandoning module WidgetCarousel (493)
[2017.10.17-22.15.39:102][765]LogModuleManager: Shutting down and abandoning module EditorWidgets (490)
[2017.10.17-22.15.39:102][765]LogModuleManager: Shutting down and abandoning module CollectionManager (488)
[2017.10.17-22.15.39:116][765]LogDirectoryWatcher: A directory notification for 'D:/P - programist/UE4/Timekill/TimeKill/Content/Collections/' was aborted.
[2017.10.17-22.15.39:116][765]LogDirectoryWatcher: A directory notification for 'D:/P - programist/UE4/Timekill/TimeKill/Content/Developers/IzPOD/Collections/' was aborted.
[2017.10.17-22.15.39:116][765]LogDirectoryWatcher: A directory notification for 'D:/P - programist/UE4/Timekill/TimeKill/Saved/Collections/' was aborted.
[2017.10.17-22.15.39:116][765]LogModuleManager: Shutting down and abandoning module SceneOutliner (486)
[2017.10.17-22.15.39:116][765]LogModuleManager: Shutting down and abandoning module StatsViewer (484)
[2017.10.17-22.15.39:130][765]LogModuleManager: Shutting down and abandoning module FoliageEdit (482)
[2017.10.17-22.15.39:130][765]LogModuleManager: Shutting down and abandoning module LandscapeEditor (480)
[2017.10.17-22.15.39:143][765]LogModuleManager: Shutting down and abandoning module SceneDepthPickerMode (478)
[2017.10.17-22.15.39:143][765]LogModuleManager: Shutting down and abandoning module ActorPickerMode (476)
[2017.10.17-22.15.39:143][765]LogModuleManager: Shutting down and abandoning module GeometryMode (474)
[2017.10.17-22.15.39:143][765]LogModuleManager: Shutting down and abandoning module TextureAlignMode (472)
[2017.10.17-22.15.39:143][765]LogModuleManager: Shutting down and abandoning module BspMode (470)
[2017.10.17-22.15.39:158][765]LogModuleManager: Shutting down and abandoning module HardwareSurvey (468)
[2017.10.17-22.15.39:158][765]LogModuleManager: Shutting down and abandoning module SequenceRecorderSections (466)
[2017.10.17-22.15.39:158][765]LogModuleManager: Shutting down and abandoning module AutomationWorker (464)
[2017.10.17-22.15.39:167][765]LogModuleManager: Shutting down and abandoning module MatineeToLevelSequence (462)
[2017.10.17-22.15.39:167][765]LogModuleManager: Shutting down and abandoning module LevelSequenceEditor (460)
[2017.10.17-22.15.39:275][765]LogModuleManager: Shutting down and abandoning module PlacementMode (459)
[2017.10.17-22.15.39:275][765]LogModuleManager: Shutting down and abandoning module WmfMediaFactory (456)
[2017.10.17-22.15.39:275][765]LogModuleManager: Shutting down and abandoning module WmfMediaEditor (454)
[2017.10.17-22.15.39:275][765]LogModuleManager: Shutting down and abandoning module MfMediaFactory (452)
[2017.10.17-22.15.39:275][765]LogModuleManager: Shutting down and abandoning module MfMediaEditor (450)
[2017.10.17-22.15.39:275][765]LogModuleManager: Shutting down and abandoning module AvfMediaFactory (448)
[2017.10.17-22.15.39:275][765]LogModuleManager: Shutting down and abandoning module AvfMediaEditor (446)
[2017.10.17-22.15.39:275][765]LogModuleManager: Shutting down and abandoning module AndroidMediaFactory (444)
[2017.10.17-22.15.39:275][765]LogModuleManager: Shutting down and abandoning module Media (443)
[2017.10.17-22.15.39:275][765]LogModuleManager: Shutting down and abandoning module AndroidMediaEditor (440)
[2017.10.17-22.15.39:275][765]LogModuleManager: Shutting down and abandoning module CharacterAI (438)
[2017.10.17-22.15.39:275][765]LogModuleManager: Shutting down and abandoning module AudioCapture (436)
[2017.10.17-22.15.39:275][765]LogModuleManager: Shutting down and abandoning module SequenceRecorder (435)
[2017.10.17-22.15.39:318][765]LogModuleManager: Shutting down and abandoning module SmartSnapping (432)
[2017.10.17-22.15.39:318][765]LogModuleManager: Shutting down and abandoning module SessionServices (430)
[2017.10.17-22.15.39:318][765]LogModuleManager: Shutting down and abandoning module ViewportSnapping (428)
[2017.10.17-22.15.39:318][765]LogModuleManager: Shutting down and abandoning module ViewportInteraction (426)
[2017.10.17-22.15.39:318][765]LogModuleManager: Shutting down and abandoning module LogVisualizer (424)
[2017.10.17-22.15.39:335][765]LogModuleManager: Shutting down and abandoning module IntroTutorials (422)
[2017.10.17-22.15.39:346][765]LogModuleManager: Shutting down and abandoning module GameProjectGeneration (421)
[2017.10.17-22.15.39:370][765]LogModuleManager: Shutting down and abandoning module EditorLiveStreaming (418)
[2017.10.17-22.15.39:370][765]LogModuleManager: Shutting down and abandoning module IOSPlatformEditor (416)
[2017.10.17-22.15.39:370][765]LogModuleManager: Shutting down and abandoning module HTML5PlatformEditor (414)
[2017.10.17-22.15.39:370][765]LogModuleManager: Shutting down and abandoning module AndroidPlatformEditor (412)
[2017.10.17-22.15.39:384][765]LogModuleManager: Shutting down and abandoning module AndroidDeviceDetection (411)
[2017.10.17-22.15.39:734][765]LogModuleManager: Shutting down and abandoning module IOSRuntimeSettings (408)
[2017.10.17-22.15.39:734][765]LogModuleManager: Shutting down and abandoning module AndroidRuntimeSettings (406)
[2017.10.17-22.15.39:734][765]LogModuleManager: Shutting down and abandoning module InputBindingEditor (404)
[2017.10.17-22.15.39:747][765]LogModuleManager: Shutting down and abandoning module NiagaraEditor (402)
[2017.10.17-22.15.39:897][765]LogModuleManager: Shutting down and abandoning module MergeActors (400)
[2017.10.17-22.15.39:916][765]LogModuleManager: Shutting down and abandoning module SizeMap (398)
[2017.10.17-22.15.39:916][765]LogModuleManager: Shutting down and abandoning module TreeMap (396)
[2017.10.17-22.15.39:940][765]LogModuleManager: Shutting down and abandoning module ReferenceViewer (394)
[2017.10.17-22.15.39:940][765]LogModuleManager: Shutting down and abandoning module LocalizationDashboard (392)
[2017.10.17-22.15.39:956][765]LogModuleManager: Shutting down and abandoning module LocalizationService (391)
[2017.10.17-22.15.39:975][765]LogModuleManager: Shutting down and abandoning module HardwareTargeting (388)
[2017.10.17-22.15.39:985][765]LogModuleManager: Shutting down and abandoning module DeviceProfileEditor (386)
[2017.10.17-22.15.39:996][765]LogModuleManager: Shutting down and abandoning module UndoHistory (384)
[2017.10.17-22.15.40:004][765]LogModuleManager: Shutting down and abandoning module UserFeedback (382)
[2017.10.17-22.15.40:004][765]LogModuleManager: Shutting down and abandoning module XmlParser (380)
[2017.10.17-22.15.40:004][765]LogModuleManager: Shutting down and abandoning module Blutility (378)
[2017.10.17-22.15.40:022][765]LogModuleManager: Shutting down and abandoning module ProjectSettingsViewer (376)
[2017.10.17-22.15.40:022][765]LogModuleManager: Shutting down and abandoning module ProjectTargetPlatformEditor (375)
[2017.10.17-22.15.40:023][765]LogModuleManager: Shutting down and abandoning module EditorSettingsViewer (372)
[2017.10.17-22.15.40:023][765]LogModuleManager: Shutting down and abandoning module SettingsEditor (370)
[2017.10.17-22.15.40:053][765]LogModuleManager: Shutting down and abandoning module ProjectLauncher (368)
[2017.10.17-22.15.40:071][765]LogModuleManager: Shutting down and abandoning module SessionFrontend (366)
[2017.10.17-22.15.40:087][765]LogModuleManager: Shutting down and abandoning module ProfilerClient (364)
[2017.10.17-22.15.40:105][765]LogModuleManager: Shutting down and abandoning module DeviceManager (362)
[2017.10.17-22.15.40:120][765]LogModuleManager: Shutting down and abandoning module TargetDeviceServices (361)
[2017.10.17-22.15.40:172][765]LogModuleManager: Shutting down and abandoning module AutomationController (358)
[2017.10.17-22.15.40:190][765]LogModuleManager: Shutting down and abandoning module AutomationWindow (356)
[2017.10.17-22.15.40:220][765]LogModuleManager: Shutting down and abandoning module Layers (354)
[2017.10.17-22.15.40:261][765]LogModuleManager: Shutting down and abandoning module ComponentVisualizers (352)
[2017.10.17-22.15.40:261][765]LogModuleManager: Shutting down and abandoning module DetailCustomizations (350)
[2017.10.17-22.15.40:276][765]LogModuleManager: Shutting down and abandoning module PackagesDialog (348)
[2017.10.17-22.15.40:276][765]LogModuleManager: Shutting down and abandoning module Persona (346)
[2017.10.17-22.15.40:311][765]LogModuleManager: Shutting down and abandoning module AnimGraph (345)
[2017.10.17-22.15.40:311][765]LogModuleManager: Shutting down and abandoning module Kismet (342)
[2017.10.17-22.15.40:349][765]LogModuleManager: Shutting down and abandoning module GraphEditor (340)
[2017.10.17-22.15.40:349][765]LogModuleManager: Shutting down and abandoning module ClassViewer (338)
[2017.10.17-22.15.40:351][765]LogModuleManager: Shutting down and abandoning module Toolbox (336)
[2017.10.17-22.15.40:351][765]LogModuleManager: Shutting down and abandoning module ModuleUI (334)
[2017.10.17-22.15.40:368][765]LogModuleManager: Shutting down and abandoning module MovieSceneTools (332)
[2017.10.17-22.15.40:378][765]LogModuleManager: Shutting down and abandoning module OutputLog (330)
[2017.10.17-22.15.40:388][765]LogModuleManager: Shutting down and abandoning module GammaUI (328)
[2017.10.17-22.15.40:388][765]LogModuleManager: Shutting down and abandoning module Documentation (326)
[2017.10.17-22.15.40:388][765]LogModuleManager: Shutting down and abandoning module Niagara (324)
[2017.10.17-22.15.40:388][765]LogModuleManager: Shutting down and abandoning module StreamingPauseRendering (322)
[2017.10.17-22.15.40:388][765]LogModuleManager: Shutting down and abandoning module AnalyticsET (320)
[2017.10.17-22.15.40:388][765]LogModuleManager: Shutting down and abandoning module PortalServices (318)
[2017.10.17-22.15.40:388][765]LogModuleManager: Shutting down and abandoning module PortalRpc (316)
[2017.10.17-22.15.40:388][765]LogModuleManager: Shutting down and abandoning module MessagingRpc (314)
[2017.10.17-22.15.40:388][765]LogModuleManager: Shutting down and abandoning module AIModule (312)
[2017.10.17-22.15.40:396][765]LogModuleManager: Shutting down and abandoning module GameplayDebugger (311)
[2017.10.17-22.15.40:405][765]LogModuleManager: Shutting down and abandoning module AITestSuite (309)
[2017.10.17-22.15.40:405][765]LogModuleManager: Shutting down and abandoning module ProfilerService (306)
[2017.10.17-22.15.40:506][765]LogModuleManager: Shutting down and abandoning module TaskGraph (304)
[2017.10.17-22.15.40:524][765]LogModuleManager: Shutting down and abandoning module SteamVRController (302)
[2017.10.17-22.15.40:524][765]LogModuleManager: Shutting down and abandoning module SteamVR (300)
[2017.10.17-22.15.40:524][765]LogModuleManager: Shutting down and abandoning module ProceduralMeshComponentEditor (298)
[2017.10.17-22.15.40:524][765]LogModuleManager: Shutting down and abandoning module ProceduralMeshComponent (296)
[2017.10.17-22.15.40:536][765]LogModuleManager: Shutting down and abandoning module OculusLibrary (294)
[2017.10.17-22.15.40:536][765]LogModuleManager: Shutting down and abandoning module OculusInput (292)
[2017.10.17-22.15.40:536][765]LogModuleManager: Shutting down and abandoning module MobilePatchingUtils (290)
[2017.10.17-22.15.40:536][765]LogModuleManager: Shutting down and abandoning module CustomMeshComponent (288)
[2017.10.17-22.15.40:536][765]LogModuleManager: Shutting down and abandoning module CableComponent (286)
[2017.10.17-22.15.40:536][765]LogModuleManager: Shutting down and abandoning module ArchVisCharacter (284)
[2017.10.17-22.15.40:537][765]LogModuleManager: Shutting down and abandoning module MediaPlayerEditor (280)
[2017.10.17-22.15.40:568][765]LogModuleManager: Shutting down and abandoning module HTML5Networking (278)
[2017.10.17-22.15.40:568][765]LogModuleManager: Shutting down and abandoning module AlembicImporter (276)
[2017.10.17-22.15.40:586][765]LogModuleManager: Shutting down and abandoning module AlembicLibrary (275)
[2017.10.17-22.15.40:586][765]LogModuleManager: Shutting down and abandoning module GeometryCache (274)
[2017.10.17-22.15.40:586][765]LogModuleManager: Shutting down and abandoning module GeometryCacheEd (273)
[2017.10.17-22.15.40:586][765]LogModuleManager: Shutting down and abandoning module SuperSearchEditor (268)
[2017.10.17-22.15.40:586][765]LogModuleManager: Shutting down and abandoning module SuperSearch (267)
[2017.10.17-22.15.40:586][765]LogModuleManager: Shutting down and abandoning module SpeedTreeImporter (264)
[2017.10.17-22.15.40:586][765]LogModuleManager: Shutting down and abandoning module PluginBrowser (262)
[2017.10.17-22.15.40:611][765]LogModuleManager: Shutting down and abandoning module MobileLauncherProfileWizard (260)
[2017.10.17-22.15.40:628][765]LogModuleManager: Shutting down and abandoning module EpicSurvey (258)
[2017.10.17-22.15.40:628][765]LogModuleManager: Shutting down and abandoning module VisualStudioSourceCodeAccess (256)
[2017.10.17-22.15.40:628][765]LogModuleManager: Shutting down and abandoning module DesktopPlatform (255)
[2017.10.17-22.15.40:628][765]LogModuleManager: Shutting down and abandoning module UObjectPlugin (252)
[2017.10.17-22.15.40:628][765]LogModuleManager: Shutting down and abandoning module SubversionSourceControl (250)
[2017.10.17-22.15.40:649][765]LogModuleManager: Shutting down and abandoning module PerforceSourceControl (248)
[2017.10.17-22.15.40:666][765]LogModuleManager: Shutting down and abandoning module GitSourceControl (246)
[2017.10.17-22.15.40:677][765]LogModuleManager: Shutting down and abandoning module SourceControl (245)
[2017.10.17-22.15.40:688][765]LogModuleManager: Shutting down and abandoning module LightPropagationVolumeEditor (242)
[2017.10.17-22.15.40:688][765]LogModuleManager: Shutting down and abandoning module PaperTiledImporter (240)
[2017.10.17-22.15.40:688][765]LogModuleManager: Shutting down and abandoning module PaperSpriteSheetImporter (238)
[2017.10.17-22.15.40:688][765]LogModuleManager: Shutting down and abandoning module Paper2DEditor (236)
[2017.10.17-22.15.40:706][765]LogModuleManager: Shutting down and abandoning module MeshPaint (235)
[2017.10.17-22.15.40:719][765]LogModuleManager: Shutting down and abandoning module LevelEditor (233)
[2017.10.17-22.15.40:741][765]LogModuleManager: Shutting down and abandoning module PixelInspectorModule (232)
[2017.10.17-22.15.40:765][765]LogModuleManager: Shutting down and abandoning module MainFrame (230)
[2017.10.17-22.15.40:765][765]LogModuleManager: Shutting down and abandoning module HotReload (229)
[2017.10.17-22.15.40:776][765]LogModuleManager: Shutting down and abandoning module ContentBrowser (225)
[2017.10.17-22.15.40:777][765]LogModuleManager: Shutting down and abandoning module PhysXVehiclesEditor (222)
[2017.10.17-22.15.40:797][765]LogModuleManager: Shutting down and abandoning module PhysXVehicles (220)
[2017.10.17-22.15.40:797][765]LogModuleManager: Shutting down and abandoning module LocationServicesBPLibrary (218)
[2017.10.17-22.15.40:797][765]LogModuleManager: Shutting down and abandoning module UdpMessaging (216)
[2017.10.17-22.15.40:897][765]LogModuleManager: Shutting down and abandoning module TcpMessaging (214)
[2017.10.17-22.15.41:030][765]LogModuleManager: Shutting down and abandoning module GameplayTagsEditor (212)
[2017.10.17-22.15.41:054][765]LogModuleManager: Shutting down and abandoning module FacialAnimationEditor (210)
[2017.10.17-22.15.41:069][765]LogModuleManager: Shutting down and abandoning module FacialAnimation (208)
[2017.10.17-22.15.41:069][765]LogModuleManager: Shutting down and abandoning module LightPropagationVolumeRuntime (206)
[2017.10.17-22.15.41:069][765]LogModuleManager: Shutting down and abandoning module Paper2D (204)
[2017.10.17-22.15.41:087][765]LogModuleManager: Shutting down and abandoning module WindowsMoviePlayer (202)
[2017.10.17-22.15.41:087][765]LogModuleManager: Shutting down and abandoning module WmfMedia (200)
[2017.10.17-22.15.41:088][765]LogModuleManager: Shutting down and abandoning module MfMedia (198)
[2017.10.17-22.15.41:088][765]LogModuleManager: Shutting down and abandoning module MediaAssets (196)
[2017.10.17-22.15.41:088][765]LogModuleManager: Shutting down and abandoning module GameLiveStreaming (194)
[2017.10.17-22.15.41:099][765]LogModuleManager: Shutting down and abandoning module VREditor (192)
[2017.10.17-22.15.41:100][765]LogModuleManager: Shutting down and abandoning module GameplayTasksEditor (190)
[2017.10.17-22.15.41:100][765]LogModuleManager: Shutting down and abandoning module BehaviorTreeEditor (188)
[2017.10.17-22.15.41:137][765]LogModuleManager: Shutting down and abandoning module FunctionalTesting (186)
[2017.10.17-22.15.41:137][765]LogModuleManager: Shutting down and abandoning module CollisionAnalyzer (184)
[2017.10.17-22.15.41:147][765]LogModuleManager: Shutting down and abandoning module UMG (182)
[2017.10.17-22.15.41:147][765]LogModuleManager: Shutting down and abandoning module UMGEditor (181)
[2017.10.17-22.15.41:174][765]LogModuleManager: Shutting down and abandoning module Sequencer (180)
[2017.10.17-22.15.41:197][765]LogModuleManager: Shutting down and abandoning module AssetTools (178)
[2017.10.17-22.15.41:248][765]LogModuleManager: Shutting down and abandoning module MessageLog (177)
[2017.10.17-22.15.41:248][765]LogModuleManager: Shutting down and abandoning module WorkspaceMenuStructure (176)
[2017.10.17-22.15.41:248][765]LogModuleManager: Shutting down and abandoning module SlateReflector (170)
[2017.10.17-22.15.41:290][765]LogModuleManager: Shutting down and abandoning module Slate (168)
[2017.10.17-22.15.41:290][765]LogModuleManager: Shutting down and abandoning module EditorStyle (166)
[2017.10.17-22.15.41:291][765]LogModuleManager: Shutting down and abandoning module SourceCodeAccess (164)
[2017.10.17-22.15.41:301][765]LogModuleManager: Shutting down and abandoning module HeadMountedDisplay (162)
[2017.10.17-22.15.41:301][765]LogModuleManager: Shutting down and abandoning module XAudio2 (160)
[2017.10.17-22.15.41:301][765]LogModuleManager: Shutting down and abandoning module Networking (158)
[2017.10.17-22.15.41:301][765]LogModuleManager: Shutting down and abandoning module Core (154)
[2017.10.17-22.15.41:301][765]LogModuleManager: Shutting down and abandoning module AssetRegistry (152)
[2017.10.17-22.15.41:521][765]LogDirectoryWatcher: A directory notification for '../../../Engine/Content/' was aborted.
[2017.10.17-22.15.41:521][765]LogDirectoryWatcher: A directory notification for '../../../../../../P - programist/UE4/Timekill/TimeKill/Content/' was aborted.
[2017.10.17-22.15.41:521][765]LogDirectoryWatcher: A directory notification for '../../../Engine/Plugins/2D/Paper2D/Content/' was aborted.
[2017.10.17-22.15.41:538][765]LogModuleManager: Shutting down and abandoning module DirectoryWatcher (151)
[2017.10.17-22.15.41:538][765]LogModuleManager: Shutting down and abandoning module KismetCompiler (148)
[2017.10.17-22.15.41:538][765]LogModuleManager: Shutting down and abandoning module PhysXFormats (146)
[2017.10.17-22.15.41:538][765]LogModuleManager: Shutting down and abandoning module MeshUtilities (144)
[2017.10.17-22.15.41:557][765]LogModuleManager: Shutting down and abandoning module SimplygonSwarm (143)
[2017.10.17-22.15.41:575][765]LogModuleManager: Shutting down and abandoning module SimplygonMeshReduction (141)
[2017.10.17-22.15.41:575][765]LogModuleManager: Shutting down and abandoning module QuadricMeshReduction (139)
[2017.10.17-22.15.41:575][765]LogModuleManager: Shutting down and abandoning module PropertyEditor (137)
[2017.10.17-22.15.41:575][765]LogModuleManager: Shutting down and abandoning module DerivedDataCache (134)
[2017.10.17-22.15.41:583][765]LogDerivedDataCache: Shutdown
[2017.10.17-22.15.41:583][765]LogModuleManager: Shutting down and abandoning module TargetPlatform (132)
[2017.10.17-22.15.41:583][765]LogModuleManager: Shutting down and abandoning module VulkanShaderFormat (131)
[2017.10.17-22.15.41:625][765]LogModuleManager: Shutting down and abandoning module ShaderFormatOpenGL (129)
[2017.10.17-22.15.41:631][765]LogModuleManager: Shutting down and abandoning module ShaderFormatD3D (127)
[2017.10.17-22.15.41:631][765]LogModuleManager: Shutting down and abandoning module MetalShaderFormat (125)
[2017.10.17-22.15.41:646][765]LogModuleManager: Shutting down and abandoning module TextureFormatUncompressed (123)
[2017.10.17-22.15.41:646][765]LogModuleManager: Shutting down and abandoning module TextureFormatPVR (121)
[2017.10.17-22.15.41:646][765]LogModuleManager: Shutting down and abandoning module TextureFormatDXT (119)
[2017.10.17-22.15.41:646][765]LogModuleManager: Shutting down and abandoning module TextureFormatIntelISPCTexComp (117)
[2017.10.17-22.15.41:648][765]LogModuleManager: Shutting down and abandoning module TextureFormatASTC (115)
[2017.10.17-22.15.41:648][765]LogModuleManager: Shutting down and abandoning module ImageWrapper (114)
[2017.10.17-22.15.41:648][765]LogModuleManager: Shutting down and abandoning module TextureFormatAndroid (111)
[2017.10.17-22.15.41:648][765]LogModuleManager: Shutting down and abandoning module AudioFormatOpus (109)
[2017.10.17-22.15.41:657][765]LogModuleManager: Shutting down and abandoning module AudioFormatOgg (107)
[2017.10.17-22.15.41:657][765]LogModuleManager: Shutting down and abandoning module AudioFormatADPCM (105)
[2017.10.17-22.15.41:657][765]LogModuleManager: Shutting down and abandoning module LinuxTargetPlatform (103)
[2017.10.17-22.15.41:657][765]LogModuleManager: Shutting down and abandoning module LinuxServerTargetPlatform (101)
[2017.10.17-22.15.41:657][765]LogModuleManager: Shutting down and abandoning module LinuxNoEditorTargetPlatform (99)
[2017.10.17-22.15.41:657][765]LogModuleManager: Shutting down and abandoning module LinuxClientTargetPlatform (97)
[2017.10.17-22.15.41:657][765]LogModuleManager: Shutting down and abandoning module TVOSTargetPlatform (95)
[2017.10.17-22.15.41:657][765]LogModuleManager: Shutting down and abandoning module Messaging (93)
[2017.10.17-22.15.41:657][765]LogModuleManager: Shutting down and abandoning module IOSTargetPlatform (91)
[2017.10.17-22.15.41:657][765]LogModuleManager: Shutting down and abandoning module HTML5TargetPlatform (89)
[2017.10.17-22.15.41:657][765]LogModuleManager: Shutting down and abandoning module Android_PVRTCTargetPlatform (87)
[2017.10.17-22.15.41:658][765]LogModuleManager: Shutting down and abandoning module Android_MultiTargetPlatform (85)
[2017.10.17-22.15.41:658][765]LogModuleManager: Shutting down and abandoning module Android_ETC2TargetPlatform (83)
[2017.10.17-22.15.41:658][765]LogModuleManager: Shutting down and abandoning module Android_ETC1TargetPlatform (81)
[2017.10.17-22.15.41:658][765]LogModuleManager: Shutting down and abandoning module Android_DXTTargetPlatform (79)
[2017.10.17-22.15.41:658][765]LogModuleManager: Shutting down and abandoning module Android_ATCTargetPlatform (77)
[2017.10.17-22.15.41:658][765]LogModuleManager: Shutting down and abandoning module Android_ASTCTargetPlatform (75)
[2017.10.17-22.15.41:658][765]LogModuleManager: Shutting down and abandoning module AndroidTargetPlatform (73)
[2017.10.17-22.15.41:658][765]LogModuleManager: Shutting down and abandoning module WindowsTargetPlatform (71)
[2017.10.17-22.15.41:658][765]LogModuleManager: Shutting down and abandoning module WindowsServerTargetPlatform (69)
[2017.10.17-22.15.41:658][765]LogModuleManager: Shutting down and abandoning module WindowsNoEditorTargetPlatform (67)
[2017.10.17-22.15.41:658][765]LogModuleManager: Shutting down and abandoning module WindowsClientTargetPlatform (65)
[2017.10.17-22.15.41:658][765]LogModuleManager: Shutting down and abandoning module MacTargetPlatform (63)
[2017.10.17-22.15.41:658][765]LogModuleManager: Shutting down and abandoning module MacServerTargetPlatform (61)
[2017.10.17-22.15.41:658][765]LogModuleManager: Shutting down and abandoning module MacNoEditorTargetPlatform (59)
[2017.10.17-22.15.41:658][765]LogModuleManager: Shutting down and abandoning module MacClientTargetPlatform (57)
[2017.10.17-22.15.41:658][765]LogModuleManager: Shutting down and abandoning module AllDesktopTargetPlatform (55)
[2017.10.17-22.15.41:658][765]LogModuleManager: Shutting down and abandoning module InputCore (52)
[2017.10.17-22.15.41:658][765]LogModuleManager: Shutting down and abandoning module Settings (50)
[2017.10.17-22.15.41:658][765]LogModuleManager: Shutting down and abandoning module OculusRift (48)
[2017.10.17-22.15.41:677][765]LogModuleManager: Shutting down and abandoning module GearVR (46)
[2017.10.17-22.15.41:677][765]LogModuleManager: Shutting down and abandoning module ExampleDeviceProfileSelector (44)
[2017.10.17-22.15.41:677][765]LogModuleManager: Shutting down and abandoning module OnlineBlueprintSupport (42)
[2017.10.17-22.15.41:677][765]LogModuleManager: Shutting down and abandoning module OnlineSubsystem (38)
[2017.10.17-22.15.41:677][765]LogOnline:Display: Unloading online subsystem: NULL
[2017.10.17-22.15.41:695][765]LogModuleManager: Shutting down and abandoning module XMPP (37)
[2017.10.17-22.15.41:708][765]LogModuleManager: Shutting down and abandoning module HTTP (35)
[2017.10.17-22.15.41:723][765]LogHttp:Display: Http module shutting down, but needs to wait on 1 outstanding Http requests:
[2017.10.17-22.15.41:723][765]LogHttp:Display: 	verb=[POST] url=[https://datarouter.ol.epicgames.com/datarouter/api/v1/public/data?SessionID=%7B69C58A76-4D1F-1593-1F2B-1B959746AA4F%7D&AppID=UEEditor.Rocket.Release&AppVersion=4.15.3-3450819%2B%2B%2BUE4%2BRelease-4.15&UserID=203cd22846209b4f8b77d28ccf32e6ff%7C89273462bd32443db345d53368ac8829%7Cb72b80ad-e83e-444b-86be-783fb756f975&AppEnvironment=datacollector-binary&UploadType=eteventstream] status=Processing
[2017.10.17-22.15.41:737][765]LogModuleManager: Shutting down and abandoning module SSL (34)
[2017.10.17-22.15.41:758][765]LogModuleManager: Shutting down and abandoning module AudioEditor (30)
[2017.10.17-22.15.41:769][765]LogModuleManager: Shutting down and abandoning module TextureCompressor (28)
[2017.10.17-22.15.41:771][765]LogModuleManager: Shutting down and abandoning module ShaderCore (26)
[2017.10.17-22.15.41:771][765]LogModuleManager: Shutting down and abandoning module Landscape (24)
[2017.10.17-22.15.41:771][765]LogModuleManager: Shutting down and abandoning module SlateRHIRenderer (22)
[2017.10.17-22.15.41:785][765]LogModuleManager: Shutting down and abandoning module OpenGLDrv (20)
[2017.10.17-22.15.41:799][765]LogModuleManager: Shutting down and abandoning module D3D11RHI (18)
[2017.10.17-22.15.41:800][765]LogModuleManager: Shutting down and abandoning module AnimGraphRuntime (16)
[2017.10.17-22.15.41:825][765]LogModuleManager: Shutting down and abandoning module Renderer (14)
[2017.10.17-22.15.41:825][765]LogModuleManager: Shutting down and abandoning module Engine (12)
[2017.10.17-22.15.41:825][765]LogModuleManager: Shutting down and abandoning module CoreUObject (10)
[2017.10.17-22.15.41:825][765]LogModuleManager: Shutting down and abandoning module NetworkFile (8)
[2017.10.17-22.15.41:825][765]LogModuleManager: Shutting down and abandoning module StreamingFile (6)
[2017.10.17-22.15.41:825][765]LogModuleManager: Shutting down and abandoning module SandboxFile (4)
[2017.10.17-22.15.41:825][765]LogModuleManager: Shutting down and abandoning module PakFile (2)
[2017.10.17-22.15.41:846][765]LogExit: Exiting.
[2017.10.17-22.15.41:847][765]Log file closed, 10/18/17 01:15:41
