Log file open, 07/12/17 17:23:42
LogInit:Display: Running engine for game: TimeKill
LogPlatformFile: Not using cached read wrapper
LogInit:Display: RandInit(1316096909) SRandInit(1316096909).
LogTaskGraph: Started task graph with 5 named threads and 8 total threads with 1 sets of task threads.
LogStats: Stats thread started at 0.071361
LogInit: Using libcurl 7.47.1
LogInit:  - built for x86_64-pc-win32
LogInit:  - supports SSL with OpenSSL/1.0.2g
LogInit:  - supports HTTP deflate (compression) using libz 1.2.8
LogInit:  - other features:
LogInit:      CURL_VERSION_SSL
LogInit:      CURL_VERSION_LIBZ
LogInit:      CURL_VERSION_IPV6
LogInit:      CURL_VERSION_ASYNCHDNS
LogInit:      CURL_VERSION_LARGEFILE
LogInit:      CURL_VERSION_IDN
LogInit:  CurlRequestOptions (configurable via config and command line):
LogInit:  - bVerifyPeer = false  - Libcurl will NOT verify peer certificate
LogInit:  - bUseHttpProxy = false  - Libcurl will NOT use HTTP proxy
LogInit:  - bDontReuseConnections = false  - Libcurl will reuse connections
LogInit:  - CertBundlePath = nullptr  - Libcurl will use whatever was configured at build time.
LogInit: Build: ++UE4+Release-4.15-CL-3450819
LogInit: Engine Version: 4.15.3-3450819+++UE4+Release-4.15
LogInit: Compatible Engine Version: 4.15.0-3299760+++UE4+Release-4.15
LogInit: Net CL: 3299760
LogDevObjectVersion: Number of dev versions registered: 14
LogDevObjectVersion:   Dev-Blueprints (B0D832E4-1F89-4F0D-ACCF-7EB736FD4AA2): 8
LogDevObjectVersion:   Dev-Build (E1C64328-A22C-4D53-A36C-8E866417BD8C): 0
LogDevObjectVersion:   Dev-Core (375EC13C-06E4-48FB-B500-84F0262A717E): 2
LogDevObjectVersion:   Dev-Editor (E4B068ED-F494-42E9-A231-DA0B2E46BB41): 14
LogDevObjectVersion:   Dev-Framework (CFFC743F-43B0-4480-9391-14DF171D2073): 22
LogDevObjectVersion:   Dev-Mobile (B02B49B5-BB20-44E9-A304-32B752E40360): 0
LogDevObjectVersion:   Dev-Networking (A4E4105C-59A1-49B5-A7C5-40C4547EDFEE): 0
LogDevObjectVersion:   Dev-Online (39C831C9-5AE6-47DC-9A44-9C173E1C8E7C): 0
LogDevObjectVersion:   Dev-Physics (78F01B33-EBEA-4F98-B9B4-84EACCB95AA2): 0
LogDevObjectVersion:   Dev-Platform (6631380F-2D4D-43E0-8009-CF276956A95A): 0
LogDevObjectVersion:   Dev-Rendering (12F88B9F-8875-4AFC-A67C-D90C383ABD29): 12
LogDevObjectVersion:   Dev-Sequencer (7B5AE74C-D270-4C10-A958-57980B212A5A): 3
LogDevObjectVersion:   Dev-VR (D7296918-1DD6-4BDD-9DE2-64A83CC13884): 0
LogDevObjectVersion:   Dev-LoadTimes (C2A15278-BFE7-4AFE-6C17-90FF531DF755): 1
LogInit: Compiled (64-bit): May 21 2017 11:02:34
LogInit: Compiled with Visual C++: 19.00.23026.00
LogInit: Build Configuration: Development
LogInit: Branch Name: ++UE4+Release-4.15
LogInit: Command line:  
LogInit: Base directory: D:/Program Files/Epic Games/UE_4.15/Engine/Binaries/Win64/
LogInit: Installed Engine Build: 1
LogInit: Presizing for max 8388607 objects, including 0 objects not considered by GC, pre-allocating 0 bytes for permanent pool.
LogInit: Object subsystem initialized
[2017.07.12-14.23.43:852][  0]LogInit: Selected Device Profile: [Windows]
[2017.07.12-14.23.43:852][  0]LogInit: Applying CVar settings loaded from the selected device profile: [Windows]
[2017.07.12-14.23.43:871][  0]LogInit: Computer: DESKTOP-S9EOI2C
[2017.07.12-14.23.43:871][  0]LogInit: User: IzPOD
[2017.07.12-14.23.43:871][  0]LogInit: CPU Page size=65536, Cores=4
[2017.07.12-14.23.43:871][  0]LogInit: High frequency timer resolution =3.312786 MHz
[2017.07.12-14.23.43:871][  0]LogMemory: Memory total: Physical=7.9GB (8GB approx)
[2017.07.12-14.23.43:871][  0]LogMemory: Platform Memory Stats for Windows
[2017.07.12-14.23.43:871][  0]LogMemory: Process Physical Memory: 262.13 MB used, 262.13 MB peak
[2017.07.12-14.23.43:871][  0]LogMemory: Process Virtual Memory: 262.13 MB used, 262.13 MB peak
[2017.07.12-14.23.43:871][  0]LogMemory: Physical Memory: 4610.54 MB used,  3514.27 MB free, 8124.80 MB total
[2017.07.12-14.23.43:871][  0]LogMemory: Virtual Memory: 644.05 MB used,  3514.27 MB free, 134217728.00 MB total
[2017.07.12-14.23.43:944][  0]LogTextLocalizationManager: No translations for ('ru-RU') exist, falling back to 'en' for localization and internationalization data.
[2017.07.12-14.23.44:573][  0]LogD3D11RHI: D3D11 adapters:
[2017.07.12-14.23.44:614][  0]LogD3D11RHI:    0. 'NVIDIA GeForce GTX 670' (Feature Level 11_0)
[2017.07.12-14.23.44:614][  0]LogD3D11RHI:       2017/0/4062 MB DedicatedVideo/DedicatedSystem/SharedSystem, Outputs:2, VendorId:0x10de
[2017.07.12-14.23.44:615][  0]LogD3D11RHI:    1. 'Microsoft Basic Render Driver' (Feature Level 11_0)
[2017.07.12-14.23.44:615][  0]LogD3D11RHI:       0/0/4062 MB DedicatedVideo/DedicatedSystem/SharedSystem, Outputs:0, VendorId:0x1414
[2017.07.12-14.23.44:615][  0]LogD3D11RHI: Chosen D3D11 Adapter: 0
[2017.07.12-14.23.44:619][  0]LogD3D11RHI: Creating new Direct3DDevice
[2017.07.12-14.23.44:619][  0]LogD3D11RHI:     GPU DeviceId: 0x1189 (for the marketing name, search the web for "GPU Device Id")
[2017.07.12-14.23.44:619][  0]LogWindows: EnumDisplayDevices:
[2017.07.12-14.23.44:619][  0]LogWindows:    0. 'NVIDIA GeForce GTX 670' (P:1 D:1)
[2017.07.12-14.23.44:619][  0]LogWindows:    1. 'NVIDIA GeForce GTX 670' (P:0 D:1)
[2017.07.12-14.23.44:619][  0]LogWindows:    2. 'NVIDIA GeForce GTX 670' (P:0 D:0)
[2017.07.12-14.23.44:619][  0]LogWindows:    3. 'NVIDIA GeForce GTX 670' (P:0 D:0)
[2017.07.12-14.23.44:619][  0]LogWindows: DebugString: FoundDriverCount:4 
[2017.07.12-14.23.44:619][  0]LogD3D11RHI:     Adapter Name: NVIDIA GeForce GTX 670
[2017.07.12-14.23.44:619][  0]LogD3D11RHI:   Driver Version: 382.05 (internal:22.21.13.8205, unified:382.05)
[2017.07.12-14.23.44:619][  0]LogD3D11RHI:      Driver Date: 5-1-2017
[2017.07.12-14.23.44:619][  0]LogRHI: Texture pool is 1361 MB (70% of 1945 MB)
[2017.07.12-14.23.44:649][  0]LogD3D11RHI:Warning: Timestamp queries are currently disabled on this hardware due to instability. Realtime GPU stats will not be available. You can override this behaviour by setting r.NVIDIATimestampWorkaround to 0
[2017.07.12-14.23.44:650][  0]LogD3D11RHI: Async texture creation enabled
[2017.07.12-14.23.44:661][  0]LogD3D11RHI: GPU Timing Frequency: 1000.000000 (Debug: 2 1)
[2017.07.12-14.23.44:663][  0]LogShaderCompilers: Guid format shader working directory is -8 characters bigger than the processId version (../../../../../../P - programist/UE4/Timekill/TimeKill/Intermediate/Shaders/WorkingDirectory/5316/).
[2017.07.12-14.23.44:663][  0]LogShaderCompilers: Cleaned the shader compiler working directory 'C:/Users/IzPOD/AppData/Local/Temp/UnrealShaderWorkingDir/EED3077A483A4C8ACB2072841A3C5F05/'.
[2017.07.12-14.23.44:663][  0]LogShaderCompilers:Display: Using Local Shader Compiler.
[2017.07.12-14.23.45:711][  0]LogTemp:Display: Loaded TP AllDesktopTargetPlatform
[2017.07.12-14.23.45:762][  0]LogTemp:Display: Loaded TP MacClientTargetPlatform
[2017.07.12-14.23.45:813][  0]LogTemp:Display: Loaded TP MacNoEditorTargetPlatform
[2017.07.12-14.23.45:863][  0]LogTemp:Display: Loaded TP MacServerTargetPlatform
[2017.07.12-14.23.45:913][  0]LogTemp:Display: Loaded TP MacTargetPlatform
[2017.07.12-14.23.45:964][  0]LogTemp:Display: Loaded TP WindowsClientTargetPlatform
[2017.07.12-14.23.46:015][  0]LogTemp:Display: Loaded TP WindowsNoEditorTargetPlatform
[2017.07.12-14.23.46:065][  0]LogTemp:Display: Loaded TP WindowsServerTargetPlatform
[2017.07.12-14.23.46:106][  0]LogTemp:Display: Loaded TP WindowsTargetPlatform
[2017.07.12-14.23.46:154][  0]LogTemp:Display: Loaded TP AndroidTargetPlatform
[2017.07.12-14.23.46:205][  0]LogTemp:Display: Loaded TP Android_ASTCTargetPlatform
[2017.07.12-14.23.46:254][  0]LogTemp:Display: Loaded TP Android_ATCTargetPlatform
[2017.07.12-14.23.46:306][  0]LogTemp:Display: Loaded TP Android_DXTTargetPlatform
[2017.07.12-14.23.46:357][  0]LogTemp:Display: Loaded TP Android_ETC1TargetPlatform
[2017.07.12-14.23.46:408][  0]LogTemp:Display: Loaded TP Android_ETC2TargetPlatform
[2017.07.12-14.23.46:509][  0]LogTemp:Display: Loaded TP Android_MultiTargetPlatform
[2017.07.12-14.23.46:509][  0]LogTemp:Display: Loaded TP Android_PVRTCTargetPlatform
[2017.07.12-14.23.46:540][  0]LogTemp:Display: Loaded TP HTML5TargetPlatform
[2017.07.12-14.23.46:629][  0]LogTemp:Display: Loaded TP IOSTargetPlatform
[2017.07.12-14.23.46:663][  0]LogTemp:Display: Loaded TP TVOSTargetPlatform
[2017.07.12-14.23.46:713][  0]LogTemp:Display: Loaded TP LinuxClientTargetPlatform
[2017.07.12-14.23.46:762][  0]LogTemp:Display: Loaded TP LinuxNoEditorTargetPlatform
[2017.07.12-14.23.46:811][  0]LogTemp:Display: Loaded TP LinuxServerTargetPlatform
[2017.07.12-14.23.46:861][  0]LogTemp:Display: Loaded TP LinuxTargetPlatform
[2017.07.12-14.23.46:861][  0]LogTargetPlatformManager:Display: Building Assets For Windows
[2017.07.12-14.23.47:235][  0]LogDerivedDataCache:Display: Max Cache Size: 512 MB
[2017.07.12-14.23.47:286][  0]LogDerivedDataCache: Loaded boot cache 0.05s 50MB C:/Users/IzPOD/AppData/Local/UnrealEngine/4.15/DerivedDataCache/Boot.ddc.
[2017.07.12-14.23.47:286][  0]LogDerivedDataCache:Display: Loaded Boot cache: C:/Users/IzPOD/AppData/Local/UnrealEngine/4.15/DerivedDataCache/Boot.ddc
[2017.07.12-14.23.47:287][  0]LogDerivedDataCache: FDerivedDataBackendGraph:  Pak pak cache file ../../../../../../P - programist/UE4/Timekill/TimeKill/DerivedDataCache/DDC.ddp not found, will not use a pak cache.
[2017.07.12-14.23.47:287][  0]LogDerivedDataCache: Unable to find inner node Pak for hierarchical cache Hierarchy.
[2017.07.12-14.23.47:287][  0]LogDerivedDataCache: FDerivedDataBackendGraph:  CompressedPak pak cache file ../../../../../../P - programist/UE4/Timekill/TimeKill/DerivedDataCache/Compressed.ddp not found, will not use a pak cache.
[2017.07.12-14.23.47:287][  0]LogDerivedDataCache: Unable to find inner node CompressedPak for hierarchical cache Hierarchy.
[2017.07.12-14.23.47:304][  0]LogDerivedDataCache:Display: Pak cache opened for reading ../../../Engine/DerivedDataCache/Compressed.ddp.
[2017.07.12-14.23.47:315][  0]LogDerivedDataCache: Using Local data cache path C:/Users/IzPOD/AppData/Local/UnrealEngine/Common/DerivedDataCache: Writable
[2017.07.12-14.23.47:325][  0]LogSlate: Using Freetype 2.6.0
[2017.07.12-14.23.47:326][  0]LogSlate: SlateFontCache - WITH_FREETYPE: 1, WITH_HARFBUZZ: 1
[2017.07.12-14.23.47:326][  0]LogSlate: SlateFontCache - WITH_FREETYPE: 1, WITH_HARFBUZZ: 1
[2017.07.12-14.23.47:603][  0]LogInit: Selected Device Profile: [Windows]
[2017.07.12-14.23.47:606][  0]LogContentStreaming: Texture pool size is 0.00 MB
[2017.07.12-14.23.47:792][  0]LogMeshUtilities: Using QuadricMeshReduction for automatic static mesh reduction
[2017.07.12-14.23.47:828][  0]LogSimplygon: Simplygon DLL not present - disabling.
[2017.07.12-14.23.47:864][  0]LogMeshUtilities: Using SimplygonSwarm for distributed automatic mesh merging
[2017.07.12-14.23.47:864][  0]LogMeshUtilities: No automatic skeletal mesh reduction module available
[2017.07.12-14.23.47:864][  0]LogMeshUtilities: No automatic mesh merging module available
[2017.07.12-14.23.48:380][  0]LogNetVersion: GetLocalNetworkVersion: CL: 3299760, ProjectName: timekill, ProjectVersion: , EngineNetworkVersion: 2, GameNetworkVersion: 0, NetworkChecksum: 844999791
[2017.07.12-14.23.48:423][  0]LogAssetRegistry: FAssetRegistry took 0.0212 seconds to start up
[2017.07.12-14.23.48:465][  0]LogPackageLocalizationCache: Processed 3 localized package path(s) for 1 prioritized culture(s) in 0.025709 seconds
[2017.07.12-14.23.48:471][  0]LogUObjectArray: 32493 objects as part of root set at end of initial load.
[2017.07.12-14.23.48:471][  0]LogUObjectAllocator: 7077024 out of 0 bytes used by permanent object pool.
[2017.07.12-14.23.48:471][  0]LogUObjectArray: CloseDisregardForGC: 0/0 objects in disregard for GC pool
[2017.07.12-14.23.48:520][  0]LogInit: WinSock: version 1.1 (2.2), MaxSocks=32767, MaxUdp=65467
[2017.07.12-14.23.49:909][  0]LogTcpMessaging: Initializing TcpMessaging bridge
[2017.07.12-14.23.49:943][  0]LogUdpMessaging: Initializing bridge on interface 0.0.0.0:0 to multicast group 230.0.0.1:6666.
[2017.07.12-14.23.50:334][  0]LogMaterial: Uniform references updated for custom material expression Custom.
[2017.07.12-14.23.50:653][  0]SourceControl: Info Source control is disabled
[2017.07.12-14.23.50:653][  0]SourceControl: Info Source control is disabled
[2017.07.12-14.23.50:691][  0]SourceControl: Info Source control is disabled
[2017.07.12-14.23.50:728][  0]SourceControl: Info Source control is disabled
[2017.07.12-14.23.50:981][  0]LogLinker:Warning: Can't find file '/Game/PuzzleBP/Tutorial/Part1-Overview'
[2017.07.12-14.23.50:981][  0]LogLinker:Warning: Can't find file '/Game/PuzzleBP/Tutorial/Part1-Overview'
[2017.07.12-14.23.50:981][  0]LogUObjectGlobals:Warning: Failed to find object 'Class /Game/PuzzleBP/Tutorial/Part1-Overview.Part1-Overview_C'
[2017.07.12-14.23.50:981][  0]LogLinker:Warning: Can't find file '/Game/PuzzleBP/Tutorial/Part2-BlockBlueprint'
[2017.07.12-14.23.50:981][  0]LogLinker:Warning: Can't find file '/Game/PuzzleBP/Tutorial/Part2-BlockBlueprint'
[2017.07.12-14.23.50:981][  0]LogUObjectGlobals:Warning: Failed to find object 'Class /Game/PuzzleBP/Tutorial/Part2-BlockBlueprint.Part2-BlockBlueprint_C'
[2017.07.12-14.23.51:743][  0]LogEngine: Initializing Engine...
[2017.07.12-14.23.51:744][  0]LogHMD: Failed to initialize OpenVR with code 110
[2017.07.12-14.23.51:857][  0]LogStats: UGameplayTagsManager::ConstructGameplayTagTree: Construct from data asset -  0.000 s
[2017.07.12-14.23.51:857][  0]LogStats: UGameplayTagsManager::ConstructGameplayTagTree: GameplayTagTreeChangedEvent.Broadcast -  0.000 s
[2017.07.12-14.23.51:953][  0]LogAIModule: Creating AISystem for world Untitled
[2017.07.12-14.23.51:963][  0]LogInit: XAudio2 using 'Динамики (2- USB PnP Sound Device)' : 2 channels at 48 kHz using 16 bits per sample (channel mask 0x3)
[2017.07.12-14.23.51:974][  0]LogInit: FAudioDevice initialized.
[2017.07.12-14.23.52:000][  0]LogDerivedDataCache: Saved boot cache 0.03s 50MB C:/Users/IzPOD/AppData/Local/UnrealEngine/4.15/DerivedDataCache/Boot.ddc.
[2017.07.12-14.23.52:009][  0]LogInit: Texture streaming: Enabled
[2017.07.12-14.23.52:088][  0]LogEngineSessionManager: EngineSessionManager initialized
[2017.07.12-14.23.52:161][  0]LogInit: Transaction tracking system initialized
[2017.07.12-14.23.52:435][  0]BlueprintLog: New page: Editor Load
[2017.07.12-14.23.53:158][  0]LocalizationService: Info Localization service is disabled
[2017.07.12-14.23.53:705][  0]LogConsoleResponse:Display: 
[2017.07.12-14.23.53:823][  0]LogCook:Display: Max memory allowance for cook 16384mb min free memory 0mb
[2017.07.12-14.23.53:823][  0]LogCook:Display: Mobile HDR setting 0
[2017.07.12-14.23.54:650][  0]LogFileCache: Scanning file cache for directory 'D:/P - programist/UE4/Timekill/TimeKill/Content/' took 0.01s
[2017.07.12-14.23.54:650][  0]SourceControl: Info Source control is disabled
[2017.07.12-14.23.54:650][  0]Cmd: MAP LOAD FILE="../../../Engine/Content/Maps/Templates/Template_Default.umap" TEMPLATE=1 SHOWPROGRESS=1 FEATURELEVEL=3
[2017.07.12-14.23.54:651][  0]LightingResults: New page: Lighting Build
[2017.07.12-14.23.54:682][  0]MapCheck: New page: Map Check
[2017.07.12-14.23.54:682][  0]LightingResults: New page: Lighting Build
[2017.07.12-14.23.54:922][  0]LogAIModule: Creating AISystem for world Untitled_1
[2017.07.12-14.23.54:941][  0]LogActorComponent: RegisterComponentWithWorld: (/Temp/Untitled_1.Untitled_1:PersistentLevel.WorldSettings_1.StaticMeshComponent0) Trying to register component with IsPendingKill() == true. Aborting.
[2017.07.12-14.23.54:945][  0]LogEditorServer: Finished looking for orphan Actors (0.000 secs)
[2017.07.12-14.23.54:948][  0]Cmd: MAP CHECKDEP NOCLEARLOG
[2017.07.12-14.23.54:981][  0]MapCheck: Info Map check complete: 0 Error(s), 0 Warning(s), took 32.841ms to complete.
[2017.07.12-14.23.54:981][  0]LogFileHelpers: Loading map 'Template_Default' took 0.331
[2017.07.12-14.23.55:057][  0]LogWindowsTextInputMethodSystem:Display: IME system now deactivated.
[2017.07.12-14.23.55:302][  0]LogCollectionManager: Loaded 0 collections in 0.000884 seconds
[2017.07.12-14.23.55:379][  0]LogFileCache: Scanning file cache for directory 'D:/P - programist/UE4/Timekill/TimeKill/Saved/Collections/' took 0.01s
[2017.07.12-14.23.55:379][  0]LogFileCache: Scanning file cache for directory 'D:/P - programist/UE4/Timekill/TimeKill/Content/Developers/IzPOD/Collections/' took 0.01s
[2017.07.12-14.23.55:379][  0]LogFileCache: Scanning file cache for directory 'D:/P - programist/UE4/Timekill/TimeKill/Content/Collections/' took 0.01s
[2017.07.12-14.23.55:379][  0]LogCollectionManager: Rebuilt the GUID cache for 0 collections in 0.000002 seconds
[2017.07.12-14.23.55:388][  0]LogContentBrowser: Native class hierarchy populated in 0.0092 seconds. Added 2246 classes and 455 folders.
[2017.07.12-14.23.55:442][  0]LogContentBrowser: Native class hierarchy updated for 'WidgetCarousel' in 0.0005 seconds. Added 0 classes and 0 folders.
[2017.07.12-14.23.55:478][  0]LogContentBrowser: Native class hierarchy updated for 'AddContentDialog' in 0.0006 seconds. Added 0 classes and 0 folders.
[2017.07.12-14.23.55:500][  0]LogCrashTracker: Crashtracker disabled due to settings.
[2017.07.12-14.23.55:506][  0]LogUObjectGlobals:Warning: Failed to find object 'Class None.'
[2017.07.12-14.23.55:562][  0]LogContentBrowser: Native class hierarchy updated for 'HierarchicalLODOutliner' in 0.0006 seconds. Added 1 classes and 2 folders.
[2017.07.12-14.23.55:562][  0]LogLoad: (Engine Initialization) Total time: 13.45 seconds
[2017.07.12-14.23.55:562][  0]LogLoad: (Engine Initialization) Total Blueprint compile time: 0.09 seconds
[2017.07.12-14.23.55:562][  0]LogExternalProfiler: No external profilers were discovered.  External profiling features will not be available.
[2017.07.12-14.23.55:573][  0]LogOcInput: OculusInput pre-init called
[2017.07.12-14.23.55:596][  0]LogContentStreaming: Texture pool size now 1000 MB
[2017.07.12-14.23.55:597][  0]LogSlate: Took 0.000233 seconds to synchronously load lazily loaded font '../../../Engine/Content/Slate/Fonts/Roboto-Regular.ttf' (155K)
[2017.07.12-14.23.55:602][  0]LogSlate: Took 0.000217 seconds to synchronously load lazily loaded font '../../../Engine/Content/Slate/Fonts/Roboto-Bold.ttf' (160K)
[2017.07.12-14.23.55:605][  0]LogSlate: Took 0.000193 seconds to synchronously load lazily loaded font '../../../Engine/Content/Editor/Slate/Fonts/FontAwesome.ttf' (139K)
[2017.07.12-14.23.55:738][  0]LogRenderer: Reallocating scene render targets to support 1068x924 NumSamples 1 (Frame:2).
[2017.07.12-14.23.55:786][  1]LogAssetRegistry: Asset discovery search completed in 7.3846 seconds
[2017.07.12-14.23.55:786][  1]LogCollectionManager: Rebuilt the object cache for 0 collections in 0.000006 seconds (found 0 objects)
[2017.07.12-14.23.55:786][  1]LogCollectionManager: Fixed up redirectors for 0 collections in 0.000023 seconds (updated 0 objects)
[2017.07.12-14.23.56:605][ 93]LogSlate: Took 0.000181 seconds to synchronously load lazily loaded font '../../../Engine/Content/Slate/Fonts/Roboto-Light.ttf' (159K)
[2017.07.12-14.23.59:696][460]LogSlate: Took 0.000116 seconds to synchronously load lazily loaded font '../../../Engine/Content/Slate/Fonts/Roboto-Light.ttf' (159K)
[2017.07.12-14.24.13:605][123]LogSlate: Took 0.000154 seconds to synchronously load lazily loaded font '../../../Engine/Content/Slate/Fonts/Roboto-Light.ttf' (159K)
[2017.07.12-14.24.13:939][123]LogAIModule: Creating AISystem for world GameLavel
[2017.07.12-14.24.13:966][123]Cmd: MAP LOAD FILE="../../../../../../P - programist/UE4/Timekill/TimeKill/Content/GameLavel.umap" TEMPLATE=0 SHOWPROGRESS=1 FEATURELEVEL=3
[2017.07.12-14.24.13:966][123]LightingResults: New page: Lighting Build
[2017.07.12-14.24.13:968][123]LoadErrors: New page: Loading map: GameLavel.umap
[2017.07.12-14.24.13:968][123]MapCheck: New page: Map Check
[2017.07.12-14.24.13:968][123]LightingResults: New page: Lighting Build
[2017.07.12-14.24.14:049][123]LogEditorServer: Finished looking for orphan Actors (0.000 secs)
[2017.07.12-14.24.14:087][123]Cmd: MAP CHECKDEP NOCLEARLOG
[2017.07.12-14.24.14:133][123]MapCheck: Info Map check complete: 0 Error(s), 0 Warning(s), took 45.411ms to complete.
[2017.07.12-14.24.14:133][123]LogFileHelpers: Loading map 'GameLavel' took 0.167
[2017.07.12-14.24.32:932][ 52]LogTemp: Repeting last play command: New Editor Window (PIE)
[2017.07.12-14.24.32:951][ 52]LogBlueprintUserMessages: Early PlayInEditor Detection: Level '/Game/GameLavel.GameLavel:PersistentLevel' has LevelScriptBlueprint '/Game/GameLavel.GameLavel:PersistentLevel.GameLavel' with GeneratedClass '/Game/GameLavel.GameLavel_C' with ClassGeneratedBy '/Game/GameLavel.GameLavel:PersistentLevel.GameLavel'
[2017.07.12-14.24.32:951][ 52]LogPlayLevel: PlayLevel: No blueprints needed recompiling
[2017.07.12-14.24.32:951][ 52]PIE: New page: PIE session: GameLavel (Jul 12, 2017, 8:24:32 PM)
[2017.07.12-14.24.32:951][ 52]LogPlayLevel: Creating play world package: /Game/UEDPIE_0_GameLavel
[2017.07.12-14.24.32:954][ 52]LogPlayLevel: PIE: StaticDuplicateObject took: (0.002993s)
[2017.07.12-14.24.32:955][ 52]LogAIModule: Creating AISystem for world GameLavel
[2017.07.12-14.24.32:955][ 52]LogPlayLevel: PIE: World Init took: (0.000791s)
[2017.07.12-14.24.32:955][ 52]LogPlayLevel: PIE: Created PIE world by copying editor world from /Game/GameLavel.GameLavel to /Game/UEDPIE_0_GameLavel.GameLavel (0.004025s)
[2017.07.12-14.24.32:970][ 52]LogInit: XAudio2 using 'Динамики (2- USB PnP Sound Device)' : 2 channels at 48 kHz using 16 bits per sample (channel mask 0x3)
[2017.07.12-14.24.32:977][ 52]LogInit: FAudioDevice initialized.
[2017.07.12-14.24.33:056][ 52]LogLoad: Game class is 'Mouse_GameMode_C'
[2017.07.12-14.24.33:059][ 52]LogWorld: Bringing World /Game/UEDPIE_0_GameLavel.GameLavel up for play (max tick rate 0) at 2017.07.12-17.24.33
[2017.07.12-14.24.33:059][ 52]LogWorld: Bringing up level for play took: 0.002069
[2017.07.12-14.24.33:092][ 52]LogContentBrowser: Native class hierarchy updated for 'MovieSceneCapture' in 0.0006 seconds. Added 11 classes and 0 folders.
[2017.07.12-14.24.33:097][ 52]PIE: Info Play in editor start time for /Game/UEDPIE_0_GameLavel 0.815
[2017.07.12-14.24.33:098][ 52]LogBlueprintUserMessages: Late PlayInEditor Detection: Level '/Game/GameLavel.GameLavel:PersistentLevel' has LevelScriptBlueprint '/Game/GameLavel.GameLavel:PersistentLevel.GameLavel' with GeneratedClass '/Game/GameLavel.GameLavel_C' with ClassGeneratedBy '/Game/GameLavel.GameLavel:PersistentLevel.GameLavel'
[2017.07.12-14.24.33:135][ 52]LogRenderer: Reallocating scene render targets to support 1068x996 NumSamples 1 (Frame:3977).
[2017.07.12-14.24.42:285][143]LogBlueprintUserMessages: Early EndPlayMap Detection: Level '/Game/GameLavel.GameLavel:PersistentLevel' has LevelScriptBlueprint '/Game/GameLavel.GameLavel:PersistentLevel.GameLavel' with GeneratedClass '/Game/GameLavel.GameLavel_C' with ClassGeneratedBy '/Game/GameLavel.GameLavel:PersistentLevel.GameLavel'
[2017.07.12-14.24.42:310][143]LogBlueprintUserMessages: Late EndPlayMap Detection: Level '/Game/GameLavel.GameLavel:PersistentLevel' has LevelScriptBlueprint '/Game/GameLavel.GameLavel:PersistentLevel.GameLavel' with GeneratedClass '/Game/GameLavel.GameLavel_C' with ClassGeneratedBy '/Game/GameLavel.GameLavel:PersistentLevel.GameLavel'
[2017.07.12-14.25.01:798][412]LogContentBrowser: Native class hierarchy updated for 'BlueprintGraph' in 0.0009 seconds. Added 112 classes and 0 folders.
[2017.07.12-14.25.02:513][412]LogSlate: Took 0.000255 seconds to synchronously load lazily loaded font '../../../Engine/Content/Slate/Fonts/Roboto-Regular.ttf' (155K)
[2017.07.12-14.25.02:622][412]LogSlate: Took 0.000264 seconds to synchronously load lazily loaded font '../../../Engine/Content/Editor/Slate/Fonts/Roboto-BoldCondensed.ttf' (158K)
[2017.07.12-14.25.02:900][413]LogSlate: Took 0.000275 seconds to synchronously load lazily loaded font '../../../Engine/Content/Editor/Slate/Fonts/Roboto-Italic.ttf' (157K)
[2017.07.12-14.25.15:730][305]LogRenderer: Reallocating scene render targets to support 1308x996 NumSamples 1 (Frame:7097).
[2017.07.12-14.27.07:673][611]Cmd: OBJ SAVEPACKAGE PACKAGE="/Game/Blueprints/Player1" FILE="../../../../../../P - programist/UE4/Timekill/TimeKill/Content/Blueprints/Player1.uasset" SILENT=true
[2017.07.12-14.27.07:814][611]LogSavePackage: Save=130.62ms
[2017.07.12-14.27.07:814][611]LogSavePackage: Moving '../../../../../../P - programist/UE4/Timekill/TimeKill/Saved/Player10E69596141771021251EBCBFB78D7596.tmp' to '../../../../../../P - programist/UE4/Timekill/TimeKill/Content/Blueprints/Player1.uasset'
[2017.07.12-14.27.07:816][611]LogSavePackage:Display: Finished SavePackage ../../../../../../P - programist/UE4/Timekill/TimeKill/Content/Blueprints/Player1.uasset
[2017.07.12-15.18.13:974][194]BlueprintLog: New page: Compile Player1
[2017.07.12-15.18.55:194][136]Cmd: OBJ SAVEPACKAGE PACKAGE="/Game/GameLavel" FILE="../../../../../../P - programist/UE4/Timekill/TimeKill/Saved/Autosaves/Game/GameLavel_Auto1.umap" SILENT=true AUTOSAVING=true KEEPDIRTY=false
[2017.07.12-15.18.55:374][136]LogSavePackage: Save=150.40ms
[2017.07.12-15.18.55:374][136]LogSavePackage: Moving '../../../../../../P - programist/UE4/Timekill/TimeKill/Saved/GameLavel_Auto1FF715D1E44A86EE30F9CD2BF4DCAAFD0.tmp' to '../../../../../../P - programist/UE4/Timekill/TimeKill/Saved/Autosaves/Game/GameLavel_Auto1.umap'
[2017.07.12-15.18.55:375][136]LogSavePackage:Display: Finished SavePackage ../../../../../../P - programist/UE4/Timekill/TimeKill/Saved/Autosaves/Game/GameLavel_Auto1.umap
[2017.07.12-15.18.55:376][136]LogFileHelpers: Editor autosave (incl. sublevels) for '/Game/GameLavel' took 0.198
[2017.07.12-15.18.55:376][136]LogFileHelpers: Editor autosave (incl. sublevels) for all levels took 0.198
[2017.07.12-15.18.55:378][136]OBJ SavePackage: Generating thumbnails for [0] asset(s) in package [/Game/Blueprints/Player1] ([1] browsable assets)...
[2017.07.12-15.18.55:378][136]OBJ SavePackage: Finished generating thumbnails for package [/Game/Blueprints/Player1]
[2017.07.12-15.18.55:378][136]Cmd: OBJ SAVEPACKAGE PACKAGE="/Game/Blueprints/Player1" FILE="../../../../../../P - programist/UE4/Timekill/TimeKill/Saved/Autosaves/Game/Blueprints/Player1_Auto1.uasset" SILENT=false AUTOSAVING=true
[2017.07.12-15.18.55:545][136]LogSavePackage: Save=156.22ms
[2017.07.12-15.18.55:545][136]LogSavePackage: Moving '../../../../../../P - programist/UE4/Timekill/TimeKill/Saved/Player1_Auto13C503FC34EC0A8B8B6D4CD878892754D.tmp' to '../../../../../../P - programist/UE4/Timekill/TimeKill/Saved/Autosaves/Game/Blueprints/Player1_Auto1.uasset'
[2017.07.12-15.18.55:546][136]LogSavePackage:Display: Finished SavePackage ../../../../../../P - programist/UE4/Timekill/TimeKill/Saved/Autosaves/Game/Blueprints/Player1_Auto1.uasset
[2017.07.12-15.18.55:546][136]LogFileHelpers: Auto-saving content packages took 0.169
[2017.07.12-15.19.12:256][978]BlueprintLog: New page: Compile Player1
[2017.07.12-15.24.22:260][913]LogEditorTransaction: Undo Delete current selection
[2017.07.12-15.24.23:881][ 70]LogEditorTransaction: Undo Add Node
[2017.07.12-15.24.24:599][121]LogEditorTransaction: Undo Delete current selection
[2017.07.12-15.28.56:128][557]Cmd: OBJ SAVEPACKAGE PACKAGE="/Game/GameLavel" FILE="../../../../../../P - programist/UE4/Timekill/TimeKill/Saved/Autosaves/Game/GameLavel_Auto2.umap" SILENT=true AUTOSAVING=true KEEPDIRTY=false
[2017.07.12-15.28.56:300][557]LogSavePackage: Save=138.34ms
[2017.07.12-15.28.56:300][557]LogSavePackage: Moving '../../../../../../P - programist/UE4/Timekill/TimeKill/Saved/GameLavel_Auto29C701F6243C7F8ED56934EA82291AFD5.tmp' to '../../../../../../P - programist/UE4/Timekill/TimeKill/Saved/Autosaves/Game/GameLavel_Auto2.umap'
[2017.07.12-15.28.56:301][557]LogSavePackage:Display: Finished SavePackage ../../../../../../P - programist/UE4/Timekill/TimeKill/Saved/Autosaves/Game/GameLavel_Auto2.umap
[2017.07.12-15.28.56:302][557]LogFileHelpers: Editor autosave (incl. sublevels) for '/Game/GameLavel' took 0.198
[2017.07.12-15.28.56:302][557]LogFileHelpers: Editor autosave (incl. sublevels) for all levels took 0.198
[2017.07.12-15.28.56:304][557]OBJ SavePackage: Generating thumbnails for [0] asset(s) in package [/Game/Blueprints/Player1] ([1] browsable assets)...
[2017.07.12-15.28.56:304][557]OBJ SavePackage: Finished generating thumbnails for package [/Game/Blueprints/Player1]
[2017.07.12-15.28.56:304][557]Cmd: OBJ SAVEPACKAGE PACKAGE="/Game/Blueprints/Player1" FILE="../../../../../../P - programist/UE4/Timekill/TimeKill/Saved/Autosaves/Game/Blueprints/Player1_Auto2.uasset" SILENT=false AUTOSAVING=true
[2017.07.12-15.28.56:449][557]LogSavePackage: Save=136.12ms
[2017.07.12-15.28.56:449][557]LogSavePackage: Moving '../../../../../../P - programist/UE4/Timekill/TimeKill/Saved/Player1_Auto25BFE75BA432B3AEE2B5FDB927DBABE37.tmp' to '../../../../../../P - programist/UE4/Timekill/TimeKill/Saved/Autosaves/Game/Blueprints/Player1_Auto2.uasset'
[2017.07.12-15.28.56:450][557]LogSavePackage:Display: Finished SavePackage ../../../../../../P - programist/UE4/Timekill/TimeKill/Saved/Autosaves/Game/Blueprints/Player1_Auto2.uasset
[2017.07.12-15.28.56:450][557]LogFileHelpers: Auto-saving content packages took 0.146
[2017.07.12-15.39.32:401][276]BlueprintLog: New page: Compile Player1
[2017.07.12-15.41.58:573][595]BlueprintLog: New page: Compile BulletBlueprint
[2017.07.12-15.41.59:534][676]LogTemp: Repeting last play command: New Editor Window (PIE)
[2017.07.12-15.41.59:559][676]LogBlueprintUserMessages: Early PlayInEditor Detection: Level '/Game/GameLavel.GameLavel:PersistentLevel' has LevelScriptBlueprint '/Game/GameLavel.GameLavel:PersistentLevel.GameLavel' with GeneratedClass '/Game/GameLavel.GameLavel_C' with ClassGeneratedBy '/Game/GameLavel.GameLavel:PersistentLevel.GameLavel'
[2017.07.12-15.41.59:559][676]LogPlayLevel: PlayLevel: No blueprints needed recompiling
[2017.07.12-15.41.59:559][676]PIE: New page: PIE session: GameLavel (Jul 12, 2017, 9:41:59 PM)
[2017.07.12-15.41.59:559][676]LogPlayLevel: Creating play world package: /Game/UEDPIE_0_GameLavel
[2017.07.12-15.41.59:562][676]LogPlayLevel: PIE: StaticDuplicateObject took: (0.002828s)
[2017.07.12-15.41.59:563][676]LogAIModule: Creating AISystem for world GameLavel
[2017.07.12-15.41.59:563][676]LogPlayLevel: PIE: World Init took: (0.001052s)
[2017.07.12-15.41.59:564][676]LogPlayLevel: PIE: Created PIE world by copying editor world from /Game/GameLavel.GameLavel to /Game/UEDPIE_0_GameLavel.GameLavel (0.004123s)
[2017.07.12-15.41.59:585][676]LogInit: XAudio2 using 'Динамики (2- USB PnP Sound Device)' : 2 channels at 48 kHz using 16 bits per sample (channel mask 0x3)
[2017.07.12-15.41.59:592][676]LogInit: FAudioDevice initialized.
[2017.07.12-15.41.59:646][676]LogLoad: Game class is 'Mouse_GameMode_C'
[2017.07.12-15.41.59:648][676]LogWorld: Bringing World /Game/UEDPIE_0_GameLavel.GameLavel up for play (max tick rate 0) at 2017.07.12-18.41.59
[2017.07.12-15.41.59:649][676]LogWorld: Bringing up level for play took: 0.001566
[2017.07.12-15.41.59:653][676]PIE: Info Play in editor start time for /Game/UEDPIE_0_GameLavel -0.63
[2017.07.12-15.41.59:653][676]LogBlueprintUserMessages: Late PlayInEditor Detection: Level '/Game/GameLavel.GameLavel:PersistentLevel' has LevelScriptBlueprint '/Game/GameLavel.GameLavel:PersistentLevel.GameLavel' with GeneratedClass '/Game/GameLavel.GameLavel_C' with ClassGeneratedBy '/Game/GameLavel.GameLavel:PersistentLevel.GameLavel'
[2017.07.12-15.42.15:141][521]LogBlueprintUserMessages: Early EndPlayMap Detection: Level '/Game/GameLavel.GameLavel:PersistentLevel' has LevelScriptBlueprint '/Game/GameLavel.GameLavel:PersistentLevel.GameLavel' with GeneratedClass '/Game/GameLavel.GameLavel_C' with ClassGeneratedBy '/Game/GameLavel.GameLavel:PersistentLevel.GameLavel'
[2017.07.12-15.42.15:175][521]LogBlueprintUserMessages: Late EndPlayMap Detection: Level '/Game/GameLavel.GameLavel:PersistentLevel' has LevelScriptBlueprint '/Game/GameLavel.GameLavel:PersistentLevel.GameLavel' with GeneratedClass '/Game/GameLavel.GameLavel_C' with ClassGeneratedBy '/Game/GameLavel.GameLavel:PersistentLevel.GameLavel'
[2017.07.12-15.44.37:693][262]Cmd: OBJ SAVEPACKAGE PACKAGE="/Game/GameLavel" FILE="../../../../../../P - programist/UE4/Timekill/TimeKill/Saved/Autosaves/Game/GameLavel_Auto3.umap" SILENT=true AUTOSAVING=true KEEPDIRTY=false
[2017.07.12-15.44.37:831][262]LogSavePackage: Save=129.58ms
[2017.07.12-15.44.37:831][262]LogSavePackage: Moving '../../../../../../P - programist/UE4/Timekill/TimeKill/Saved/GameLavel_Auto3B3A61CD245E55CB4BC6027A092A2EB01.tmp' to '../../../../../../P - programist/UE4/Timekill/TimeKill/Saved/Autosaves/Game/GameLavel_Auto3.umap'
[2017.07.12-15.44.37:832][262]LogSavePackage:Display: Finished SavePackage ../../../../../../P - programist/UE4/Timekill/TimeKill/Saved/Autosaves/Game/GameLavel_Auto3.umap
[2017.07.12-15.44.37:834][262]LogFileHelpers: Editor autosave (incl. sublevels) for '/Game/GameLavel' took 0.159
[2017.07.12-15.44.37:834][262]LogFileHelpers: Editor autosave (incl. sublevels) for all levels took 0.159
[2017.07.12-15.44.37:835][262]OBJ SavePackage: Generating thumbnails for [0] asset(s) in package [/Game/Blueprints/Player1] ([1] browsable assets)...
[2017.07.12-15.44.37:835][262]OBJ SavePackage: Finished generating thumbnails for package [/Game/Blueprints/Player1]
[2017.07.12-15.44.37:835][262]Cmd: OBJ SAVEPACKAGE PACKAGE="/Game/Blueprints/Player1" FILE="../../../../../../P - programist/UE4/Timekill/TimeKill/Saved/Autosaves/Game/Blueprints/Player1_Auto3.uasset" SILENT=false AUTOSAVING=true
[2017.07.12-15.44.37:972][262]LogSavePackage: Save=128.59ms
[2017.07.12-15.44.37:972][262]LogSavePackage: Moving '../../../../../../P - programist/UE4/Timekill/TimeKill/Saved/Player1_Auto3A139803F4F454F76C9FC66992156C801.tmp' to '../../../../../../P - programist/UE4/Timekill/TimeKill/Saved/Autosaves/Game/Blueprints/Player1_Auto3.uasset'
[2017.07.12-15.44.37:973][262]LogSavePackage:Display: Finished SavePackage ../../../../../../P - programist/UE4/Timekill/TimeKill/Saved/Autosaves/Game/Blueprints/Player1_Auto3.uasset
[2017.07.12-15.44.37:973][262]OBJ SavePackage: Generating thumbnails for [0] asset(s) in package [/Game/Blueprints/BulletBlueprint] ([1] browsable assets)...
[2017.07.12-15.44.37:973][262]OBJ SavePackage: Finished generating thumbnails for package [/Game/Blueprints/BulletBlueprint]
[2017.07.12-15.44.38:023][262]LogSavePackage: Save=40.56ms
[2017.07.12-15.44.38:023][262]LogSavePackage: Moving '../../../../../../P - programist/UE4/Timekill/TimeKill/Saved/BulletBlueprint_Auto3628A33674E703F47D1752F9C39057FCB.tmp' to '../../../../../../P - programist/UE4/Timekill/TimeKill/Saved/Autosaves/Game/Blueprints/BulletBlueprint_Auto3.uasset'
[2017.07.12-15.44.38:024][262]LogSavePackage:Display: Finished SavePackage ../../../../../../P - programist/UE4/Timekill/TimeKill/Saved/Autosaves/Game/Blueprints/BulletBlueprint_Auto3.uasset
[2017.07.12-15.44.38:024][262]LogFileHelpers: Auto-saving content packages took 0.189
[2017.07.12-15.50.49:475][570]BlueprintLog: New page: Compile Player1
[2017.07.12-15.51.59:757][493]BlueprintLog: New page: Compile Player1
[2017.07.12-15.52.00:578][553]LogTemp: Repeting last play command: New Editor Window (PIE)
[2017.07.12-15.52.00:601][553]LogBlueprintUserMessages: Early PlayInEditor Detection: Level '/Game/GameLavel.GameLavel:PersistentLevel' has LevelScriptBlueprint '/Game/GameLavel.GameLavel:PersistentLevel.GameLavel' with GeneratedClass '/Game/GameLavel.GameLavel_C' with ClassGeneratedBy '/Game/GameLavel.GameLavel:PersistentLevel.GameLavel'
[2017.07.12-15.52.00:601][553]BlueprintLog: New page: Pre-Play auto-recompile
[2017.07.12-15.52.00:601][553]LogPlayLevel: [PlayLevel] Compiling BulletBlueprint before play...
[2017.07.12-15.52.00:731][553]LogPlayLevel: PlayLevel: Blueprint regeneration took 129 ms (1 blueprints)
[2017.07.12-15.52.00:731][553]PIE: New page: PIE session: GameLavel (Jul 12, 2017, 9:52:00 PM)
[2017.07.12-15.52.00:731][553]LogPlayLevel: Creating play world package: /Game/UEDPIE_0_GameLavel
[2017.07.12-15.52.00:734][553]LogPlayLevel: PIE: StaticDuplicateObject took: (0.002626s)
[2017.07.12-15.52.00:735][553]LogAIModule: Creating AISystem for world GameLavel
[2017.07.12-15.52.00:735][553]LogPlayLevel: PIE: World Init took: (0.001113s)
[2017.07.12-15.52.00:735][553]LogPlayLevel: PIE: Created PIE world by copying editor world from /Game/GameLavel.GameLavel to /Game/UEDPIE_0_GameLavel.GameLavel (0.003996s)
[2017.07.12-15.52.00:756][553]LogInit: XAudio2 using 'Динамики (2- USB PnP Sound Device)' : 2 channels at 48 kHz using 16 bits per sample (channel mask 0x3)
[2017.07.12-15.52.00:764][553]LogInit: FAudioDevice initialized.
[2017.07.12-15.52.00:821][553]LogLoad: Game class is 'Mouse_GameMode_C'
[2017.07.12-15.52.00:823][553]LogWorld: Bringing World /Game/UEDPIE_0_GameLavel.GameLavel up for play (max tick rate 0) at 2017.07.12-18.52.00
[2017.07.12-15.52.00:824][553]LogWorld: Bringing up level for play took: 0.001458
[2017.07.12-15.52.00:827][553]PIE: Info Play in editor start time for /Game/UEDPIE_0_GameLavel 0.544
[2017.07.12-15.52.00:827][553]LogBlueprintUserMessages: Late PlayInEditor Detection: Level '/Game/GameLavel.GameLavel:PersistentLevel' has LevelScriptBlueprint '/Game/GameLavel.GameLavel:PersistentLevel.GameLavel' with GeneratedClass '/Game/GameLavel.GameLavel_C' with ClassGeneratedBy '/Game/GameLavel.GameLavel:PersistentLevel.GameLavel'
[2017.07.12-15.52.01:706][609]LogNavigation:Warning: UNavigationSystem::SimpleMoveToActor called for NavSys:None Controller:None controlling Pawn:NULL (if any of these is None then there's your problem
[2017.07.12-15.52.06:500][ 41]LogBlueprintUserMessages: Early EndPlayMap Detection: Level '/Game/GameLavel.GameLavel:PersistentLevel' has LevelScriptBlueprint '/Game/GameLavel.GameLavel:PersistentLevel.GameLavel' with GeneratedClass '/Game/GameLavel.GameLavel_C' with ClassGeneratedBy '/Game/GameLavel.GameLavel:PersistentLevel.GameLavel'
[2017.07.12-15.52.06:551][ 41]LogBlueprintUserMessages: Late EndPlayMap Detection: Level '/Game/GameLavel.GameLavel:PersistentLevel' has LevelScriptBlueprint '/Game/GameLavel.GameLavel:PersistentLevel.GameLavel' with GeneratedClass '/Game/GameLavel.GameLavel_C' with ClassGeneratedBy '/Game/GameLavel.GameLavel:PersistentLevel.GameLavel'
[2017.07.12-15.52.11:889][630]BlueprintLog: New page: Compile Player1
[2017.07.12-15.52.15:584][963]LogTemp: Repeting last play command: New Editor Window (PIE)
[2017.07.12-15.52.15:603][963]LogBlueprintUserMessages: Early PlayInEditor Detection: Level '/Game/GameLavel.GameLavel:PersistentLevel' has LevelScriptBlueprint '/Game/GameLavel.GameLavel:PersistentLevel.GameLavel' with GeneratedClass '/Game/GameLavel.GameLavel_C' with ClassGeneratedBy '/Game/GameLavel.GameLavel:PersistentLevel.GameLavel'
[2017.07.12-15.52.15:603][963]LogPlayLevel: PlayLevel: No blueprints needed recompiling
[2017.07.12-15.52.15:604][963]PIE: New page: PIE session: GameLavel (Jul 12, 2017, 9:52:15 PM)
[2017.07.12-15.52.15:604][963]LogPlayLevel: Creating play world package: /Game/UEDPIE_0_GameLavel
[2017.07.12-15.52.15:606][963]LogPlayLevel: PIE: StaticDuplicateObject took: (0.002307s)
[2017.07.12-15.52.15:607][963]LogAIModule: Creating AISystem for world GameLavel
[2017.07.12-15.52.15:607][963]LogPlayLevel: PIE: World Init took: (0.000695s)
[2017.07.12-15.52.15:607][963]LogPlayLevel: PIE: Created PIE world by copying editor world from /Game/GameLavel.GameLavel to /Game/UEDPIE_0_GameLavel.GameLavel (0.003209s)
[2017.07.12-15.52.15:628][963]LogInit: XAudio2 using 'Динамики (2- USB PnP Sound Device)' : 2 channels at 48 kHz using 16 bits per sample (channel mask 0x3)
[2017.07.12-15.52.15:635][963]LogInit: FAudioDevice initialized.
[2017.07.12-15.52.15:696][963]LogLoad: Game class is 'Mouse_GameMode_C'
[2017.07.12-15.52.15:699][963]LogWorld: Bringing World /Game/UEDPIE_0_GameLavel.GameLavel up for play (max tick rate 0) at 2017.07.12-18.52.15
[2017.07.12-15.52.15:699][963]LogWorld: Bringing up level for play took: 0.001613
[2017.07.12-15.52.15:706][963]PIE: Info Play in editor start time for /Game/UEDPIE_0_GameLavel -0.576
[2017.07.12-15.52.15:707][963]LogBlueprintUserMessages: Late PlayInEditor Detection: Level '/Game/GameLavel.GameLavel:PersistentLevel' has LevelScriptBlueprint '/Game/GameLavel.GameLavel:PersistentLevel.GameLavel' with GeneratedClass '/Game/GameLavel.GameLavel_C' with ClassGeneratedBy '/Game/GameLavel.GameLavel:PersistentLevel.GameLavel'
[2017.07.12-15.52.43:384][584]LogBlueprintUserMessages: Early EndPlayMap Detection: Level '/Game/GameLavel.GameLavel:PersistentLevel' has LevelScriptBlueprint '/Game/GameLavel.GameLavel:PersistentLevel.GameLavel' with GeneratedClass '/Game/GameLavel.GameLavel_C' with ClassGeneratedBy '/Game/GameLavel.GameLavel:PersistentLevel.GameLavel'
[2017.07.12-15.52.43:436][584]LogBlueprintUserMessages: Late EndPlayMap Detection: Level '/Game/GameLavel.GameLavel:PersistentLevel' has LevelScriptBlueprint '/Game/GameLavel.GameLavel:PersistentLevel.GameLavel' with GeneratedClass '/Game/GameLavel.GameLavel_C' with ClassGeneratedBy '/Game/GameLavel.GameLavel:PersistentLevel.GameLavel'
[2017.07.12-15.52.48:555][619]Cmd: OBJ SAVEPACKAGE PACKAGE="/Game/Blueprints/BulletBlueprint" FILE="../../../../../../P - programist/UE4/Timekill/TimeKill/Content/Blueprints/BulletBlueprint.uasset" SILENT=true
[2017.07.12-15.52.48:618][619]LogSavePackage: Save=52.89ms
[2017.07.12-15.52.48:618][619]LogSavePackage: Moving '../../../../../../P - programist/UE4/Timekill/TimeKill/Saved/BulletBlueprint05F816A84D82397CB941058658E92078.tmp' to '../../../../../../P - programist/UE4/Timekill/TimeKill/Content/Blueprints/BulletBlueprint.uasset'
[2017.07.12-15.52.48:622][619]LogSavePackage:Display: Finished SavePackage ../../../../../../P - programist/UE4/Timekill/TimeKill/Content/Blueprints/BulletBlueprint.uasset
[2017.07.12-15.52.48:628][619]Cmd: OBJ SAVEPACKAGE PACKAGE="/Game/Blueprints/Player1" FILE="../../../../../../P - programist/UE4/Timekill/TimeKill/Content/Blueprints/Player1.uasset" SILENT=true
[2017.07.12-15.52.48:766][619]LogSavePackage: Save=130.05ms
[2017.07.12-15.52.48:767][619]LogSavePackage: Moving '../../../../../../P - programist/UE4/Timekill/TimeKill/Saved/Player15725E296492C0968BA9CDD930120B984.tmp' to '../../../../../../P - programist/UE4/Timekill/TimeKill/Content/Blueprints/Player1.uasset'
[2017.07.12-15.52.48:769][619]LogSavePackage:Display: Finished SavePackage ../../../../../../P - programist/UE4/Timekill/TimeKill/Content/Blueprints/Player1.uasset
[2017.07.12-15.52.48:821][619]Cmd: OBJ SAVEPACKAGE PACKAGE="/Game/GameLavel" FILE="../../../../../../P - programist/UE4/Timekill/TimeKill/Content/GameLavel.umap" SILENT=true AUTOSAVING=false KEEPDIRTY=false
[2017.07.12-15.52.48:996][619]LogSavePackage: Save=150.40ms
[2017.07.12-15.52.48:996][619]LogSavePackage: Moving '../../../../../../P - programist/UE4/Timekill/TimeKill/Saved/GameLavelC82C838443E7F483CA386687D6E3152D.tmp' to '../../../../../../P - programist/UE4/Timekill/TimeKill/Content/GameLavel.umap'
[2017.07.12-15.52.48:998][619]LogSavePackage:Display: Finished SavePackage ../../../../../../P - programist/UE4/Timekill/TimeKill/Content/GameLavel.umap
[2017.07.12-15.52.49:033][619]LogFileHelpers: Saving map 'GameLavel' took 0.260
[2017.07.12-15.52.49:216][619]LogActorComponent: UnregisterComponent: (/Engine/Transient.EditorFloorComp) Not registered. Aborting.
[2017.07.12-15.52.49:511][620]Cmd: QUIT_EDITOR
[2017.07.12-15.52.50:455][620]LogWindowsTextInputMethodSystem:Display: IME system now deactivated.
[2017.07.12-15.52.50:485][620]LogExit: Preparing to exit.
[2017.07.12-15.52.50:908][620]LogDirectoryWatcher: A directory notification for 'D:/P - programist/UE4/Timekill/TimeKill/Content/' was aborted.
[2017.07.12-15.52.51:031][620]LogExit: Editor shut down
[2017.07.12-15.52.51:032][620]LogExit: Transaction tracking system shut down
[2017.07.12-15.52.51:167][620]LogObj: Freed 0b from 0 cluster array pools.
[2017.07.12-15.52.51:168][620]LogExit: Object subsystem successfully closed.
[2017.07.12-15.52.51:191][620]LogD3D11RHI: Shutdown
[2017.07.12-15.52.51:191][620]LogD3D11RHI: CleanupD3DDevice
[2017.07.12-15.52.51:247][620]LogD3D11RHI: ~FD3D11DynamicRHI
[2017.07.12-15.52.51:263][620]LogModuleManager: Shutting down and abandoning module BlueprintGraph (504)
[2017.07.12-15.52.51:263][620]LogModuleManager: Shutting down and abandoning module BlueprintProfiler (502)
[2017.07.12-15.52.51:263][620]LogModuleManager: Shutting down and abandoning module MovieSceneCapture (500)
[2017.07.12-15.52.51:263][620]LogModuleManager: Shutting down and abandoning module HierarchicalLODOutliner (498)
[2017.07.12-15.52.51:263][620]LogModuleManager: Shutting down and abandoning module CrashTracker (496)
[2017.07.12-15.52.51:263][620]LogModuleManager: Shutting down and abandoning module AddContentDialog (494)
[2017.07.12-15.52.51:263][620]LogDirectoryWatcher: A directory notification for 'D:/Program Files/Epic Games/UE_4.15/FeaturePacks/' was aborted.
[2017.07.12-15.52.51:269][620]LogModuleManager: Shutting down and abandoning module WidgetCarousel (493)
[2017.07.12-15.52.51:269][620]LogModuleManager: Shutting down and abandoning module EditorWidgets (490)
[2017.07.12-15.52.51:269][620]LogModuleManager: Shutting down and abandoning module CollectionManager (488)
[2017.07.12-15.52.51:269][620]LogDirectoryWatcher: A directory notification for 'D:/P - programist/UE4/Timekill/TimeKill/Content/Collections/' was aborted.
[2017.07.12-15.52.51:270][620]LogDirectoryWatcher: A directory notification for 'D:/P - programist/UE4/Timekill/TimeKill/Content/Developers/IzPOD/Collections/' was aborted.
[2017.07.12-15.52.51:270][620]LogDirectoryWatcher: A directory notification for 'D:/P - programist/UE4/Timekill/TimeKill/Saved/Collections/' was aborted.
[2017.07.12-15.52.51:270][620]LogModuleManager: Shutting down and abandoning module SceneOutliner (486)
[2017.07.12-15.52.51:270][620]LogModuleManager: Shutting down and abandoning module StatsViewer (484)
[2017.07.12-15.52.51:270][620]LogModuleManager: Shutting down and abandoning module FoliageEdit (482)
[2017.07.12-15.52.51:270][620]LogModuleManager: Shutting down and abandoning module LandscapeEditor (480)
[2017.07.12-15.52.51:270][620]LogModuleManager: Shutting down and abandoning module SceneDepthPickerMode (478)
[2017.07.12-15.52.51:270][620]LogModuleManager: Shutting down and abandoning module ActorPickerMode (476)
[2017.07.12-15.52.51:270][620]LogModuleManager: Shutting down and abandoning module GeometryMode (474)
[2017.07.12-15.52.51:270][620]LogModuleManager: Shutting down and abandoning module TextureAlignMode (472)
[2017.07.12-15.52.51:270][620]LogModuleManager: Shutting down and abandoning module BspMode (470)
[2017.07.12-15.52.51:270][620]LogModuleManager: Shutting down and abandoning module HardwareSurvey (468)
[2017.07.12-15.52.51:270][620]LogModuleManager: Shutting down and abandoning module SequenceRecorderSections (466)
[2017.07.12-15.52.51:270][620]LogModuleManager: Shutting down and abandoning module AutomationWorker (464)
[2017.07.12-15.52.51:270][620]LogModuleManager: Shutting down and abandoning module MatineeToLevelSequence (462)
[2017.07.12-15.52.51:270][620]LogModuleManager: Shutting down and abandoning module LevelSequenceEditor (460)
[2017.07.12-15.52.51:270][620]LogModuleManager: Shutting down and abandoning module PlacementMode (459)
[2017.07.12-15.52.51:270][620]LogModuleManager: Shutting down and abandoning module WmfMediaFactory (456)
[2017.07.12-15.52.51:270][620]LogModuleManager: Shutting down and abandoning module WmfMediaEditor (454)
[2017.07.12-15.52.51:270][620]LogModuleManager: Shutting down and abandoning module MfMediaFactory (452)
[2017.07.12-15.52.51:270][620]LogModuleManager: Shutting down and abandoning module MfMediaEditor (450)
[2017.07.12-15.52.51:270][620]LogModuleManager: Shutting down and abandoning module AvfMediaFactory (448)
[2017.07.12-15.52.51:270][620]LogModuleManager: Shutting down and abandoning module AvfMediaEditor (446)
[2017.07.12-15.52.51:270][620]LogModuleManager: Shutting down and abandoning module AndroidMediaFactory (444)
[2017.07.12-15.52.51:270][620]LogModuleManager: Shutting down and abandoning module Media (443)
[2017.07.12-15.52.51:270][620]LogModuleManager: Shutting down and abandoning module AndroidMediaEditor (440)
[2017.07.12-15.52.51:270][620]LogModuleManager: Shutting down and abandoning module CharacterAI (438)
[2017.07.12-15.52.51:270][620]LogModuleManager: Shutting down and abandoning module AudioCapture (436)
[2017.07.12-15.52.51:270][620]LogModuleManager: Shutting down and abandoning module SequenceRecorder (435)
[2017.07.12-15.52.51:270][620]LogModuleManager: Shutting down and abandoning module SmartSnapping (432)
[2017.07.12-15.52.51:270][620]LogModuleManager: Shutting down and abandoning module SessionServices (430)
[2017.07.12-15.52.51:270][620]LogModuleManager: Shutting down and abandoning module ViewportSnapping (428)
[2017.07.12-15.52.51:270][620]LogModuleManager: Shutting down and abandoning module ViewportInteraction (426)
[2017.07.12-15.52.51:270][620]LogModuleManager: Shutting down and abandoning module LogVisualizer (424)
[2017.07.12-15.52.51:270][620]LogModuleManager: Shutting down and abandoning module IntroTutorials (422)
[2017.07.12-15.52.51:270][620]LogModuleManager: Shutting down and abandoning module GameProjectGeneration (421)
[2017.07.12-15.52.51:270][620]LogModuleManager: Shutting down and abandoning module EditorLiveStreaming (418)
[2017.07.12-15.52.51:270][620]LogModuleManager: Shutting down and abandoning module IOSPlatformEditor (416)
[2017.07.12-15.52.51:270][620]LogModuleManager: Shutting down and abandoning module HTML5PlatformEditor (414)
[2017.07.12-15.52.51:270][620]LogModuleManager: Shutting down and abandoning module AndroidPlatformEditor (412)
[2017.07.12-15.52.51:270][620]LogModuleManager: Shutting down and abandoning module AndroidDeviceDetection (411)
[2017.07.12-15.52.51:336][620]LogModuleManager: Shutting down and abandoning module IOSRuntimeSettings (408)
[2017.07.12-15.52.51:336][620]LogModuleManager: Shutting down and abandoning module AndroidRuntimeSettings (406)
[2017.07.12-15.52.51:336][620]LogModuleManager: Shutting down and abandoning module InputBindingEditor (404)
[2017.07.12-15.52.51:336][620]LogModuleManager: Shutting down and abandoning module NiagaraEditor (402)
[2017.07.12-15.52.51:336][620]LogModuleManager: Shutting down and abandoning module MergeActors (400)
[2017.07.12-15.52.51:336][620]LogModuleManager: Shutting down and abandoning module SizeMap (398)
[2017.07.12-15.52.51:336][620]LogModuleManager: Shutting down and abandoning module TreeMap (396)
[2017.07.12-15.52.51:336][620]LogModuleManager: Shutting down and abandoning module ReferenceViewer (394)
[2017.07.12-15.52.51:336][620]LogModuleManager: Shutting down and abandoning module LocalizationDashboard (392)
[2017.07.12-15.52.51:336][620]LogModuleManager: Shutting down and abandoning module LocalizationService (391)
[2017.07.12-15.52.51:336][620]LogModuleManager: Shutting down and abandoning module HardwareTargeting (388)
[2017.07.12-15.52.51:336][620]LogModuleManager: Shutting down and abandoning module DeviceProfileEditor (386)
[2017.07.12-15.52.51:336][620]LogModuleManager: Shutting down and abandoning module UndoHistory (384)
[2017.07.12-15.52.51:336][620]LogModuleManager: Shutting down and abandoning module UserFeedback (382)
[2017.07.12-15.52.51:336][620]LogModuleManager: Shutting down and abandoning module XmlParser (380)
[2017.07.12-15.52.51:336][620]LogModuleManager: Shutting down and abandoning module Blutility (378)
[2017.07.12-15.52.51:336][620]LogModuleManager: Shutting down and abandoning module ProjectSettingsViewer (376)
[2017.07.12-15.52.51:336][620]LogModuleManager: Shutting down and abandoning module ProjectTargetPlatformEditor (375)
[2017.07.12-15.52.51:336][620]LogModuleManager: Shutting down and abandoning module EditorSettingsViewer (372)
[2017.07.12-15.52.51:336][620]LogModuleManager: Shutting down and abandoning module SettingsEditor (370)
[2017.07.12-15.52.51:336][620]LogModuleManager: Shutting down and abandoning module ProjectLauncher (368)
[2017.07.12-15.52.51:336][620]LogModuleManager: Shutting down and abandoning module SessionFrontend (366)
[2017.07.12-15.52.51:337][620]LogModuleManager: Shutting down and abandoning module ProfilerClient (364)
[2017.07.12-15.52.51:337][620]LogModuleManager: Shutting down and abandoning module DeviceManager (362)
[2017.07.12-15.52.51:337][620]LogModuleManager: Shutting down and abandoning module TargetDeviceServices (361)
[2017.07.12-15.52.51:378][620]LogModuleManager: Shutting down and abandoning module AutomationController (358)
[2017.07.12-15.52.51:378][620]LogModuleManager: Shutting down and abandoning module AutomationWindow (356)
[2017.07.12-15.52.51:378][620]LogModuleManager: Shutting down and abandoning module Layers (354)
[2017.07.12-15.52.51:378][620]LogModuleManager: Shutting down and abandoning module ComponentVisualizers (352)
[2017.07.12-15.52.51:378][620]LogModuleManager: Shutting down and abandoning module DetailCustomizations (350)
[2017.07.12-15.52.51:378][620]LogModuleManager: Shutting down and abandoning module PackagesDialog (348)
[2017.07.12-15.52.51:378][620]LogModuleManager: Shutting down and abandoning module Persona (346)
[2017.07.12-15.52.51:378][620]LogModuleManager: Shutting down and abandoning module AnimGraph (345)
[2017.07.12-15.52.51:378][620]LogModuleManager: Shutting down and abandoning module Kismet (342)
[2017.07.12-15.52.51:386][620]LogModuleManager: Shutting down and abandoning module GraphEditor (340)
[2017.07.12-15.52.51:386][620]LogModuleManager: Shutting down and abandoning module ClassViewer (338)
[2017.07.12-15.52.51:387][620]LogModuleManager: Shutting down and abandoning module Toolbox (336)
[2017.07.12-15.52.51:387][620]LogModuleManager: Shutting down and abandoning module ModuleUI (334)
[2017.07.12-15.52.51:387][620]LogModuleManager: Shutting down and abandoning module MovieSceneTools (332)
[2017.07.12-15.52.51:387][620]LogModuleManager: Shutting down and abandoning module OutputLog (330)
[2017.07.12-15.52.51:387][620]LogModuleManager: Shutting down and abandoning module GammaUI (328)
[2017.07.12-15.52.51:387][620]LogModuleManager: Shutting down and abandoning module Documentation (326)
[2017.07.12-15.52.51:387][620]LogModuleManager: Shutting down and abandoning module Niagara (324)
[2017.07.12-15.52.51:387][620]LogModuleManager: Shutting down and abandoning module StreamingPauseRendering (322)
[2017.07.12-15.52.51:387][620]LogModuleManager: Shutting down and abandoning module AnalyticsET (320)
[2017.07.12-15.52.51:387][620]LogModuleManager: Shutting down and abandoning module PortalServices (318)
[2017.07.12-15.52.51:387][620]LogModuleManager: Shutting down and abandoning module PortalRpc (316)
[2017.07.12-15.52.51:387][620]LogModuleManager: Shutting down and abandoning module MessagingRpc (314)
[2017.07.12-15.52.51:387][620]LogModuleManager: Shutting down and abandoning module AIModule (312)
[2017.07.12-15.52.51:387][620]LogModuleManager: Shutting down and abandoning module GameplayDebugger (311)
[2017.07.12-15.52.51:387][620]LogModuleManager: Shutting down and abandoning module AITestSuite (309)
[2017.07.12-15.52.51:387][620]LogModuleManager: Shutting down and abandoning module ProfilerService (306)
[2017.07.12-15.52.51:443][620]LogModuleManager: Shutting down and abandoning module TaskGraph (304)
[2017.07.12-15.52.51:443][620]LogModuleManager: Shutting down and abandoning module SteamVRController (302)
[2017.07.12-15.52.51:443][620]LogModuleManager: Shutting down and abandoning module SteamVR (300)
[2017.07.12-15.52.51:443][620]LogModuleManager: Shutting down and abandoning module ProceduralMeshComponentEditor (298)
[2017.07.12-15.52.51:443][620]LogModuleManager: Shutting down and abandoning module ProceduralMeshComponent (296)
[2017.07.12-15.52.51:443][620]LogModuleManager: Shutting down and abandoning module OculusLibrary (294)
[2017.07.12-15.52.51:443][620]LogModuleManager: Shutting down and abandoning module OculusInput (292)
[2017.07.12-15.52.51:443][620]LogModuleManager: Shutting down and abandoning module MobilePatchingUtils (290)
[2017.07.12-15.52.51:443][620]LogModuleManager: Shutting down and abandoning module CustomMeshComponent (288)
[2017.07.12-15.52.51:443][620]LogModuleManager: Shutting down and abandoning module CableComponent (286)
[2017.07.12-15.52.51:443][620]LogModuleManager: Shutting down and abandoning module ArchVisCharacter (284)
[2017.07.12-15.52.51:443][620]LogModuleManager: Shutting down and abandoning module MediaPlayerEditor (280)
[2017.07.12-15.52.51:443][620]LogModuleManager: Shutting down and abandoning module HTML5Networking (278)
[2017.07.12-15.52.51:443][620]LogModuleManager: Shutting down and abandoning module AlembicImporter (276)
[2017.07.12-15.52.51:443][620]LogModuleManager: Shutting down and abandoning module AlembicLibrary (275)
[2017.07.12-15.52.51:443][620]LogModuleManager: Shutting down and abandoning module GeometryCache (274)
[2017.07.12-15.52.51:443][620]LogModuleManager: Shutting down and abandoning module GeometryCacheEd (273)
[2017.07.12-15.52.51:443][620]LogModuleManager: Shutting down and abandoning module SuperSearchEditor (268)
[2017.07.12-15.52.51:443][620]LogModuleManager: Shutting down and abandoning module SuperSearch (267)
[2017.07.12-15.52.51:443][620]LogModuleManager: Shutting down and abandoning module SpeedTreeImporter (264)
[2017.07.12-15.52.51:443][620]LogModuleManager: Shutting down and abandoning module PluginBrowser (262)
[2017.07.12-15.52.51:443][620]LogModuleManager: Shutting down and abandoning module MobileLauncherProfileWizard (260)
[2017.07.12-15.52.51:443][620]LogModuleManager: Shutting down and abandoning module EpicSurvey (258)
[2017.07.12-15.52.51:444][620]LogModuleManager: Shutting down and abandoning module VisualStudioSourceCodeAccess (256)
[2017.07.12-15.52.51:444][620]LogModuleManager: Shutting down and abandoning module DesktopPlatform (255)
[2017.07.12-15.52.51:444][620]LogModuleManager: Shutting down and abandoning module UObjectPlugin (252)
[2017.07.12-15.52.51:444][620]LogModuleManager: Shutting down and abandoning module SubversionSourceControl (250)
[2017.07.12-15.52.51:444][620]LogModuleManager: Shutting down and abandoning module PerforceSourceControl (248)
[2017.07.12-15.52.51:444][620]LogModuleManager: Shutting down and abandoning module GitSourceControl (246)
[2017.07.12-15.52.51:444][620]LogModuleManager: Shutting down and abandoning module SourceControl (245)
[2017.07.12-15.52.51:444][620]LogModuleManager: Shutting down and abandoning module LightPropagationVolumeEditor (242)
[2017.07.12-15.52.51:444][620]LogModuleManager: Shutting down and abandoning module PaperTiledImporter (240)
[2017.07.12-15.52.51:444][620]LogModuleManager: Shutting down and abandoning module PaperSpriteSheetImporter (238)
[2017.07.12-15.52.51:444][620]LogModuleManager: Shutting down and abandoning module Paper2DEditor (236)
[2017.07.12-15.52.51:444][620]LogModuleManager: Shutting down and abandoning module MeshPaint (235)
[2017.07.12-15.52.51:444][620]LogModuleManager: Shutting down and abandoning module LevelEditor (233)
[2017.07.12-15.52.51:445][620]LogModuleManager: Shutting down and abandoning module PixelInspectorModule (232)
[2017.07.12-15.52.51:445][620]LogModuleManager: Shutting down and abandoning module MainFrame (230)
[2017.07.12-15.52.51:445][620]LogModuleManager: Shutting down and abandoning module HotReload (229)
[2017.07.12-15.52.51:445][620]LogModuleManager: Shutting down and abandoning module ContentBrowser (225)
[2017.07.12-15.52.51:448][620]LogModuleManager: Shutting down and abandoning module PhysXVehiclesEditor (222)
[2017.07.12-15.52.51:448][620]LogModuleManager: Shutting down and abandoning module PhysXVehicles (220)
[2017.07.12-15.52.51:448][620]LogModuleManager: Shutting down and abandoning module LocationServicesBPLibrary (218)
[2017.07.12-15.52.51:448][620]LogModuleManager: Shutting down and abandoning module UdpMessaging (216)
[2017.07.12-15.52.51:548][620]LogModuleManager: Shutting down and abandoning module TcpMessaging (214)
[2017.07.12-15.52.51:649][620]LogModuleManager: Shutting down and abandoning module GameplayTagsEditor (212)
[2017.07.12-15.52.51:649][620]LogModuleManager: Shutting down and abandoning module FacialAnimationEditor (210)
[2017.07.12-15.52.51:649][620]LogModuleManager: Shutting down and abandoning module FacialAnimation (208)
[2017.07.12-15.52.51:649][620]LogModuleManager: Shutting down and abandoning module LightPropagationVolumeRuntime (206)
[2017.07.12-15.52.51:649][620]LogModuleManager: Shutting down and abandoning module Paper2D (204)
[2017.07.12-15.52.51:649][620]LogModuleManager: Shutting down and abandoning module WindowsMoviePlayer (202)
[2017.07.12-15.52.51:649][620]LogModuleManager: Shutting down and abandoning module WmfMedia (200)
[2017.07.12-15.52.51:649][620]LogModuleManager: Shutting down and abandoning module MfMedia (198)
[2017.07.12-15.52.51:649][620]LogModuleManager: Shutting down and abandoning module MediaAssets (196)
[2017.07.12-15.52.51:649][620]LogModuleManager: Shutting down and abandoning module GameLiveStreaming (194)
[2017.07.12-15.52.51:649][620]LogModuleManager: Shutting down and abandoning module VREditor (192)
[2017.07.12-15.52.51:649][620]LogModuleManager: Shutting down and abandoning module GameplayTasksEditor (190)
[2017.07.12-15.52.51:649][620]LogModuleManager: Shutting down and abandoning module BehaviorTreeEditor (188)
[2017.07.12-15.52.51:649][620]LogModuleManager: Shutting down and abandoning module FunctionalTesting (186)
[2017.07.12-15.52.51:649][620]LogModuleManager: Shutting down and abandoning module CollisionAnalyzer (184)
[2017.07.12-15.52.51:649][620]LogModuleManager: Shutting down and abandoning module UMG (182)
[2017.07.12-15.52.51:649][620]LogModuleManager: Shutting down and abandoning module UMGEditor (181)
[2017.07.12-15.52.51:649][620]LogModuleManager: Shutting down and abandoning module Sequencer (180)
[2017.07.12-15.52.51:649][620]LogModuleManager: Shutting down and abandoning module AssetTools (178)
[2017.07.12-15.52.51:649][620]LogModuleManager: Shutting down and abandoning module MessageLog (177)
[2017.07.12-15.52.51:649][620]LogModuleManager: Shutting down and abandoning module WorkspaceMenuStructure (176)
[2017.07.12-15.52.51:649][620]LogModuleManager: Shutting down and abandoning module SlateReflector (170)
[2017.07.12-15.52.51:649][620]LogModuleManager: Shutting down and abandoning module Slate (168)
[2017.07.12-15.52.51:649][620]LogModuleManager: Shutting down and abandoning module EditorStyle (166)
[2017.07.12-15.52.51:652][620]LogModuleManager: Shutting down and abandoning module SourceCodeAccess (164)
[2017.07.12-15.52.51:652][620]LogModuleManager: Shutting down and abandoning module HeadMountedDisplay (162)
[2017.07.12-15.52.51:652][620]LogModuleManager: Shutting down and abandoning module XAudio2 (160)
[2017.07.12-15.52.51:652][620]LogModuleManager: Shutting down and abandoning module Networking (158)
[2017.07.12-15.52.51:652][620]LogModuleManager: Shutting down and abandoning module Core (154)
[2017.07.12-15.52.51:652][620]LogModuleManager: Shutting down and abandoning module AssetRegistry (152)
[2017.07.12-15.52.51:734][620]LogDirectoryWatcher: A directory notification for '../../../Engine/Content/' was aborted.
[2017.07.12-15.52.51:734][620]LogDirectoryWatcher: A directory notification for '../../../../../../P - programist/UE4/Timekill/TimeKill/Content/' was aborted.
[2017.07.12-15.52.51:734][620]LogDirectoryWatcher: A directory notification for '../../../Engine/Plugins/2D/Paper2D/Content/' was aborted.
[2017.07.12-15.52.51:735][620]LogModuleManager: Shutting down and abandoning module DirectoryWatcher (151)
[2017.07.12-15.52.51:739][620]LogModuleManager: Shutting down and abandoning module KismetCompiler (148)
[2017.07.12-15.52.51:739][620]LogModuleManager: Shutting down and abandoning module PhysXFormats (146)
[2017.07.12-15.52.51:739][620]LogModuleManager: Shutting down and abandoning module MeshUtilities (144)
[2017.07.12-15.52.51:739][620]LogModuleManager: Shutting down and abandoning module SimplygonSwarm (143)
[2017.07.12-15.52.51:739][620]LogModuleManager: Shutting down and abandoning module SimplygonMeshReduction (141)
[2017.07.12-15.52.51:739][620]LogModuleManager: Shutting down and abandoning module QuadricMeshReduction (139)
[2017.07.12-15.52.51:739][620]LogModuleManager: Shutting down and abandoning module PropertyEditor (137)
[2017.07.12-15.52.51:739][620]LogModuleManager: Shutting down and abandoning module DerivedDataCache (134)
[2017.07.12-15.52.51:823][620]LogDerivedDataCache: Shutdown
[2017.07.12-15.52.51:823][620]LogModuleManager: Shutting down and abandoning module TargetPlatform (132)
[2017.07.12-15.52.51:823][620]LogModuleManager: Shutting down and abandoning module VulkanShaderFormat (131)
[2017.07.12-15.52.51:824][620]LogModuleManager: Shutting down and abandoning module ShaderFormatOpenGL (129)
[2017.07.12-15.52.51:824][620]LogModuleManager: Shutting down and abandoning module ShaderFormatD3D (127)
[2017.07.12-15.52.51:824][620]LogModuleManager: Shutting down and abandoning module MetalShaderFormat (125)
[2017.07.12-15.52.51:824][620]LogModuleManager: Shutting down and abandoning module TextureFormatUncompressed (123)
[2017.07.12-15.52.51:824][620]LogModuleManager: Shutting down and abandoning module TextureFormatPVR (121)
[2017.07.12-15.52.51:824][620]LogModuleManager: Shutting down and abandoning module TextureFormatDXT (119)
[2017.07.12-15.52.51:824][620]LogModuleManager: Shutting down and abandoning module TextureFormatIntelISPCTexComp (117)
[2017.07.12-15.52.51:824][620]LogModuleManager: Shutting down and abandoning module TextureFormatASTC (115)
[2017.07.12-15.52.51:824][620]LogModuleManager: Shutting down and abandoning module ImageWrapper (114)
[2017.07.12-15.52.51:824][620]LogModuleManager: Shutting down and abandoning module TextureFormatAndroid (111)
[2017.07.12-15.52.51:824][620]LogModuleManager: Shutting down and abandoning module AudioFormatOpus (109)
[2017.07.12-15.52.51:824][620]LogModuleManager: Shutting down and abandoning module AudioFormatOgg (107)
[2017.07.12-15.52.51:824][620]LogModuleManager: Shutting down and abandoning module AudioFormatADPCM (105)
[2017.07.12-15.52.51:824][620]LogModuleManager: Shutting down and abandoning module LinuxTargetPlatform (103)
[2017.07.12-15.52.51:824][620]LogModuleManager: Shutting down and abandoning module LinuxServerTargetPlatform (101)
[2017.07.12-15.52.51:824][620]LogModuleManager: Shutting down and abandoning module LinuxNoEditorTargetPlatform (99)
[2017.07.12-15.52.51:824][620]LogModuleManager: Shutting down and abandoning module LinuxClientTargetPlatform (97)
[2017.07.12-15.52.51:824][620]LogModuleManager: Shutting down and abandoning module TVOSTargetPlatform (95)
[2017.07.12-15.52.51:824][620]LogModuleManager: Shutting down and abandoning module Messaging (93)
[2017.07.12-15.52.51:824][620]LogModuleManager: Shutting down and abandoning module IOSTargetPlatform (91)
[2017.07.12-15.52.51:824][620]LogModuleManager: Shutting down and abandoning module HTML5TargetPlatform (89)
[2017.07.12-15.52.51:824][620]LogModuleManager: Shutting down and abandoning module Android_PVRTCTargetPlatform (87)
[2017.07.12-15.52.51:824][620]LogModuleManager: Shutting down and abandoning module Android_MultiTargetPlatform (85)
[2017.07.12-15.52.51:824][620]LogModuleManager: Shutting down and abandoning module Android_ETC2TargetPlatform (83)
[2017.07.12-15.52.51:824][620]LogModuleManager: Shutting down and abandoning module Android_ETC1TargetPlatform (81)
[2017.07.12-15.52.51:824][620]LogModuleManager: Shutting down and abandoning module Android_DXTTargetPlatform (79)
[2017.07.12-15.52.51:824][620]LogModuleManager: Shutting down and abandoning module Android_ATCTargetPlatform (77)
[2017.07.12-15.52.51:824][620]LogModuleManager: Shutting down and abandoning module Android_ASTCTargetPlatform (75)
[2017.07.12-15.52.51:824][620]LogModuleManager: Shutting down and abandoning module AndroidTargetPlatform (73)
[2017.07.12-15.52.51:824][620]LogModuleManager: Shutting down and abandoning module WindowsTargetPlatform (71)
[2017.07.12-15.52.51:824][620]LogModuleManager: Shutting down and abandoning module WindowsServerTargetPlatform (69)
[2017.07.12-15.52.51:824][620]LogModuleManager: Shutting down and abandoning module WindowsNoEditorTargetPlatform (67)
[2017.07.12-15.52.51:824][620]LogModuleManager: Shutting down and abandoning module WindowsClientTargetPlatform (65)
[2017.07.12-15.52.51:824][620]LogModuleManager: Shutting down and abandoning module MacTargetPlatform (63)
[2017.07.12-15.52.51:824][620]LogModuleManager: Shutting down and abandoning module MacServerTargetPlatform (61)
[2017.07.12-15.52.51:824][620]LogModuleManager: Shutting down and abandoning module MacNoEditorTargetPlatform (59)
[2017.07.12-15.52.51:824][620]LogModuleManager: Shutting down and abandoning module MacClientTargetPlatform (57)
[2017.07.12-15.52.51:824][620]LogModuleManager: Shutting down and abandoning module AllDesktopTargetPlatform (55)
[2017.07.12-15.52.51:824][620]LogModuleManager: Shutting down and abandoning module InputCore (52)
[2017.07.12-15.52.51:824][620]LogModuleManager: Shutting down and abandoning module Settings (50)
[2017.07.12-15.52.51:825][620]LogModuleManager: Shutting down and abandoning module OculusRift (48)
[2017.07.12-15.52.51:825][620]LogModuleManager: Shutting down and abandoning module GearVR (46)
[2017.07.12-15.52.51:825][620]LogModuleManager: Shutting down and abandoning module ExampleDeviceProfileSelector (44)
[2017.07.12-15.52.51:825][620]LogModuleManager: Shutting down and abandoning module OnlineBlueprintSupport (42)
[2017.07.12-15.52.51:825][620]LogModuleManager: Shutting down and abandoning module OnlineSubsystem (38)
[2017.07.12-15.52.51:825][620]LogOnline:Display: Unloading online subsystem: NULL
[2017.07.12-15.52.51:825][620]LogModuleManager: Shutting down and abandoning module XMPP (37)
[2017.07.12-15.52.51:825][620]LogModuleManager: Shutting down and abandoning module HTTP (35)
[2017.07.12-15.52.51:825][620]LogHttp:Display: Http module shutting down, but needs to wait on 2 outstanding Http requests:
[2017.07.12-15.52.51:825][620]LogHttp:Display: 	verb=[POST] url=[https://datarouter.ol.epicgames.com/datarouter/api/v1/public/data?SessionID=%7B2C9E4AE2-4527-7E56-E602-9ABF4C17005F%7D&AppID=UEEditor.Rocket.Release&AppVersion=4.15.3-3450819%2B%2B%2BUE4%2BRelease-4.15&UserID=203cd22846209b4f8b77d28ccf32e6ff%7C89273462bd32443db345d53368ac8829%7Cb72b80ad-e83e-444b-86be-783fb756f975&AppEnvironment=datacollector-binary&UploadType=eteventstream] status=Processing
[2017.07.12-15.52.51:825][620]LogHttp:Display: 	verb=[POST] url=[https://datarouter.ol.epicgames.com/datarouter/api/v1/public/data?SessionID=%7B2C9E4AE2-4527-7E56-E602-9ABF4C17005F%7D&AppID=UEEditor.Rocket.Release&AppVersion=4.15.3-3450819%2B%2B%2BUE4%2BRelease-4.15&UserID=203cd22846209b4f8b77d28ccf32e6ff%7C89273462bd32443db345d53368ac8829%7Cb72b80ad-e83e-444b-86be-783fb756f975&AppEnvironment=datacollector-binary&UploadType=eteventstream] status=Processing
[2017.07.12-15.52.51:846][620]LogModuleManager: Shutting down and abandoning module SSL (34)
[2017.07.12-15.52.51:847][620]LogModuleManager: Shutting down and abandoning module AudioEditor (30)
[2017.07.12-15.52.51:847][620]LogModuleManager: Shutting down and abandoning module TextureCompressor (28)
[2017.07.12-15.52.51:848][620]LogModuleManager: Shutting down and abandoning module ShaderCore (26)
[2017.07.12-15.52.51:848][620]LogModuleManager: Shutting down and abandoning module Landscape (24)
[2017.07.12-15.52.51:848][620]LogModuleManager: Shutting down and abandoning module SlateRHIRenderer (22)
[2017.07.12-15.52.51:856][620]LogModuleManager: Shutting down and abandoning module OpenGLDrv (20)
[2017.07.12-15.52.51:856][620]LogModuleManager: Shutting down and abandoning module D3D11RHI (18)
[2017.07.12-15.52.51:856][620]LogModuleManager: Shutting down and abandoning module AnimGraphRuntime (16)
[2017.07.12-15.52.51:856][620]LogModuleManager: Shutting down and abandoning module Renderer (14)
[2017.07.12-15.52.51:856][620]LogModuleManager: Shutting down and abandoning module Engine (12)
[2017.07.12-15.52.51:856][620]LogModuleManager: Shutting down and abandoning module CoreUObject (10)
[2017.07.12-15.52.51:856][620]LogModuleManager: Shutting down and abandoning module NetworkFile (8)
[2017.07.12-15.52.51:856][620]LogModuleManager: Shutting down and abandoning module StreamingFile (6)
[2017.07.12-15.52.51:856][620]LogModuleManager: Shutting down and abandoning module SandboxFile (4)
[2017.07.12-15.52.51:856][620]LogModuleManager: Shutting down and abandoning module PakFile (2)
[2017.07.12-15.52.51:858][620]LogExit: Exiting.
[2017.07.12-15.52.51:863][620]Log file closed, 07/12/17 18:52:51
