Log file open, 11/08/17 03:59:20
LogInit:Display: Running engine for game: TimeKill
LogPlatformFile: Not using cached read wrapper
LogInit:Display: RandInit(-1234728728) SRandInit(-1234728728).
LogTaskGraph: Started task graph with 5 named threads and 8 total threads with 1 sets of task threads.
LogStats: Stats thread started at 0.077285
LogInit: Using libcurl 7.47.1
LogInit:  - built for x86_64-pc-win32
LogInit:  - supports SSL with OpenSSL/1.0.2g
LogInit:  - supports HTTP deflate (compression) using libz 1.2.8
LogInit:  - other features:
LogInit:      CURL_VERSION_SSL
LogInit:      CURL_VERSION_LIBZ
LogInit:      CURL_VERSION_IPV6
LogInit:      CURL_VERSION_ASYNCHDNS
LogInit:      CURL_VERSION_LARGEFILE
LogInit:      CURL_VERSION_IDN
LogInit:  CurlRequestOptions (configurable via config and command line):
LogInit:  - bVerifyPeer = false  - Libcurl will NOT verify peer certificate
LogInit:  - bUseHttpProxy = false  - Libcurl will NOT use HTTP proxy
LogInit:  - bDontReuseConnections = false  - Libcurl will reuse connections
LogInit:  - CertBundlePath = nullptr  - Libcurl will use whatever was configured at build time.
LogInit: Build: ++UE4+Release-4.15-CL-3450819
LogInit: Engine Version: 4.15.3-3450819+++UE4+Release-4.15
LogInit: Compatible Engine Version: 4.15.0-3299760+++UE4+Release-4.15
LogInit: Net CL: 3299760
LogDevObjectVersion: Number of dev versions registered: 14
LogDevObjectVersion:   Dev-Blueprints (B0D832E4-1F89-4F0D-ACCF-7EB736FD4AA2): 8
LogDevObjectVersion:   Dev-Build (E1C64328-A22C-4D53-A36C-8E866417BD8C): 0
LogDevObjectVersion:   Dev-Core (375EC13C-06E4-48FB-B500-84F0262A717E): 2
LogDevObjectVersion:   Dev-Editor (E4B068ED-F494-42E9-A231-DA0B2E46BB41): 14
LogDevObjectVersion:   Dev-Framework (CFFC743F-43B0-4480-9391-14DF171D2073): 22
LogDevObjectVersion:   Dev-Mobile (B02B49B5-BB20-44E9-A304-32B752E40360): 0
LogDevObjectVersion:   Dev-Networking (A4E4105C-59A1-49B5-A7C5-40C4547EDFEE): 0
LogDevObjectVersion:   Dev-Online (39C831C9-5AE6-47DC-9A44-9C173E1C8E7C): 0
LogDevObjectVersion:   Dev-Physics (78F01B33-EBEA-4F98-B9B4-84EACCB95AA2): 0
LogDevObjectVersion:   Dev-Platform (6631380F-2D4D-43E0-8009-CF276956A95A): 0
LogDevObjectVersion:   Dev-Rendering (12F88B9F-8875-4AFC-A67C-D90C383ABD29): 12
LogDevObjectVersion:   Dev-Sequencer (7B5AE74C-D270-4C10-A958-57980B212A5A): 3
LogDevObjectVersion:   Dev-VR (D7296918-1DD6-4BDD-9DE2-64A83CC13884): 0
LogDevObjectVersion:   Dev-LoadTimes (C2A15278-BFE7-4AFE-6C17-90FF531DF755): 1
LogInit: Compiled (64-bit): May 21 2017 11:02:34
LogInit: Compiled with Visual C++: 19.00.23026.00
LogInit: Build Configuration: Development
LogInit: Branch Name: ++UE4+Release-4.15
LogInit: Command line:  /Temp/Autosaves/Game/UEDPCGameLavel -game -PIEVIACONSOLE -ResX=720 -ResY=1280  -Multiprocess -messaging -SessionName="Play in Standalone Game" -featureleveles2 -faketouches -windowed 
LogInit: Base directory: D:/Program Files/Epic Games/UE_4.15/Engine/Binaries/Win64/
LogInit: Installed Engine Build: 1
LogInit: Presizing for max 8388607 objects, including 0 objects not considered by GC, pre-allocating 0 bytes for permanent pool.
LogInit: Object subsystem initialized
[2017.11.08-00.59.21:802][  0]LogInit: Selected Device Profile: [Windows]
[2017.11.08-00.59.21:802][  0]LogInit: Applying CVar settings loaded from the selected device profile: [Windows]
[2017.11.08-00.59.21:806][  0]LogInit: Computer: DESKTOP-S9EOI2C
[2017.11.08-00.59.21:806][  0]LogInit: User: IzPOD
[2017.11.08-00.59.21:806][  0]LogInit: CPU Page size=65536, Cores=4
[2017.11.08-00.59.21:806][  0]LogInit: High frequency timer resolution =3.312790 MHz
[2017.11.08-00.59.21:806][  0]LogMemory: Memory total: Physical=7.9GB (8GB approx)
[2017.11.08-00.59.21:806][  0]LogMemory: Platform Memory Stats for Windows
[2017.11.08-00.59.21:806][  0]LogMemory: Process Physical Memory: 265.45 MB used, 265.45 MB peak
[2017.11.08-00.59.21:806][  0]LogMemory: Process Virtual Memory: 262.24 MB used, 262.24 MB peak
[2017.11.08-00.59.21:806][  0]LogMemory: Physical Memory: 4836.27 MB used,  3288.54 MB free, 8124.80 MB total
[2017.11.08-00.59.21:806][  0]LogMemory: Virtual Memory: 677.91 MB used,  3288.54 MB free, 134217728.00 MB total
[2017.11.08-00.59.21:885][  0]LogTextLocalizationManager: No translations for ('ru-RU') exist, falling back to 'en' for localization and internationalization data.
[2017.11.08-00.59.22:295][  0]LogD3D11RHI: D3D11 adapters:
[2017.11.08-00.59.22:857][  0]LogD3D11RHI:    0. 'NVIDIA GeForce GTX 670' (Feature Level 11_0)
[2017.11.08-00.59.22:857][  0]LogD3D11RHI:       2017/0/4062 MB DedicatedVideo/DedicatedSystem/SharedSystem, Outputs:1, VendorId:0x10de
[2017.11.08-00.59.22:860][  0]LogD3D11RHI:    1. 'Microsoft Basic Render Driver' (Feature Level 11_0)
[2017.11.08-00.59.22:860][  0]LogD3D11RHI:       0/0/4062 MB DedicatedVideo/DedicatedSystem/SharedSystem, Outputs:0, VendorId:0x1414
[2017.11.08-00.59.22:860][  0]LogD3D11RHI: Chosen D3D11 Adapter: 0
[2017.11.08-00.59.22:865][  0]LogD3D11RHI: Creating new Direct3DDevice
[2017.11.08-00.59.22:865][  0]LogD3D11RHI:     GPU DeviceId: 0x1189 (for the marketing name, search the web for "GPU Device Id")
[2017.11.08-00.59.22:865][  0]LogWindows: EnumDisplayDevices:
[2017.11.08-00.59.22:865][  0]LogWindows:    0. 'NVIDIA GeForce GTX 670' (P:1 D:1)
[2017.11.08-00.59.22:866][  0]LogWindows:    1. 'NVIDIA GeForce GTX 670' (P:0 D:0)
[2017.11.08-00.59.22:866][  0]LogWindows:    2. 'NVIDIA GeForce GTX 670' (P:0 D:0)
[2017.11.08-00.59.22:866][  0]LogWindows:    3. 'NVIDIA GeForce GTX 670' (P:0 D:0)
[2017.11.08-00.59.22:866][  0]LogWindows: DebugString: GetVideoDriverDetailsInvalid PrimaryIsNotTheChoosenAdapter GetVideoDriverDetailsInvalid PrimaryIsNotTheChoosenAdapter GetVideoDriverDetailsInvalid PrimaryIsNotTheChoosenAdapter GetVideoDriverDetailsInvalid PrimaryIsNotTheChoosenAdapter FoundDriverCount:0 
[2017.11.08-00.59.22:866][  0]LogD3D11RHI:     Adapter Name: NVIDIA GeForce GTX 670
[2017.11.08-00.59.22:866][  0]LogD3D11RHI:   Driver Version: Unknown (internal:Unknown, unified:Unknown)
[2017.11.08-00.59.22:866][  0]LogD3D11RHI:      Driver Date: Unknown
[2017.11.08-00.59.22:866][  0]LogRHI: Texture pool is 1361 MB (70% of 1945 MB)
[2017.11.08-00.59.23:376][  0]LogD3D11RHI:Warning: Timestamp queries are currently disabled on this hardware due to instability. Realtime GPU stats will not be available. You can override this behaviour by setting r.NVIDIATimestampWorkaround to 0
[2017.11.08-00.59.23:377][  0]LogD3D11RHI: Async texture creation enabled
[2017.11.08-00.59.23:408][  0]LogD3D11RHI: GPU Timing Frequency: 1000.000000 (Debug: 2 1)
[2017.11.08-00.59.23:409][  0]LogShaderCompilers: Guid format shader working directory is -8 characters bigger than the processId version (../../../../../../P - programist/UE4/Timekill/TimeKill/Intermediate/Shaders/WorkingDirectory/5880/).
[2017.11.08-00.59.23:409][  0]LogShaderCompilers: Cleaned the shader compiler working directory 'C:/Users/IzPOD/AppData/Local/Temp/UnrealShaderWorkingDir/63AA9ABF40E81D935C4F6684AA2F16EC/'.
[2017.11.08-00.59.23:409][  0]LogShaderCompilers:Display: Using Local Shader Compiler.
[2017.11.08-00.59.24:378][  0]LogTemp:Display: Loaded TP WindowsClientTargetPlatform
[2017.11.08-00.59.24:426][  0]LogTemp:Display: Loaded TP WindowsNoEditorTargetPlatform
[2017.11.08-00.59.24:476][  0]LogTemp:Display: Loaded TP WindowsServerTargetPlatform
[2017.11.08-00.59.24:513][  0]LogTemp:Display: Loaded TP WindowsTargetPlatform
[2017.11.08-00.59.24:513][  0]LogTargetPlatformManager:Display: Building Assets For Windows
[2017.11.08-00.59.24:853][  0]LogDerivedDataCache:Display: Max Cache Size: 512 MB
[2017.11.08-00.59.24:897][  0]LogDerivedDataCache: Loaded boot cache 0.04s 50MB C:/Users/IzPOD/AppData/Local/UnrealEngine/4.15/DerivedDataCache/Boot.ddc.
[2017.11.08-00.59.24:897][  0]LogDerivedDataCache:Display: Loaded Boot cache: C:/Users/IzPOD/AppData/Local/UnrealEngine/4.15/DerivedDataCache/Boot.ddc
[2017.11.08-00.59.24:897][  0]LogDerivedDataCache: FDerivedDataBackendGraph:  Pak pak cache file ../../../../../../P - programist/UE4/Timekill/TimeKill/DerivedDataCache/DDC.ddp not found, will not use a pak cache.
[2017.11.08-00.59.24:897][  0]LogDerivedDataCache: Unable to find inner node Pak for hierarchical cache Hierarchy.
[2017.11.08-00.59.24:897][  0]LogDerivedDataCache: FDerivedDataBackendGraph:  CompressedPak pak cache file ../../../../../../P - programist/UE4/Timekill/TimeKill/DerivedDataCache/Compressed.ddp not found, will not use a pak cache.
[2017.11.08-00.59.24:897][  0]LogDerivedDataCache: Unable to find inner node CompressedPak for hierarchical cache Hierarchy.
[2017.11.08-00.59.24:913][  0]LogDerivedDataCache:Display: Pak cache opened for reading ../../../Engine/DerivedDataCache/Compressed.ddp.
[2017.11.08-00.59.24:925][  0]LogDerivedDataCache: Using Local data cache path C:/Users/IzPOD/AppData/Local/UnrealEngine/Common/DerivedDataCache: Writable
[2017.11.08-00.59.25:300][  0]LogSlate: Using Freetype 2.6.0
[2017.11.08-00.59.25:300][  0]LogSlate: SlateFontCache - WITH_FREETYPE: 1, WITH_HARFBUZZ: 1
[2017.11.08-00.59.25:300][  0]LogSlate: SlateFontCache - WITH_FREETYPE: 1, WITH_HARFBUZZ: 1
[2017.11.08-00.59.25:596][  0]LogAssetRegistry: FAssetRegistry took 0.0001 seconds to start up
[2017.11.08-00.59.25:599][  0]LogPackageLocalizationCache: Processed 3 localized package path(s) for 1 prioritized culture(s) in 0.003580 seconds
[2017.11.08-00.59.25:619][  0]LogInit: Selected Device Profile: [Windows]
[2017.11.08-00.59.25:620][  0]LogContentStreaming: Texture pool size is 1000.00 MB
[2017.11.08-00.59.25:652][  0]LogMaterial: Missing cached shader map for material WorldGridMaterial, compiling. Is special engine material.
[2017.11.08-00.59.25:653][  0]LogTemp:Display: Added material ShaderMap 0x00000239D2DF5280 with Material 0x00000239D2E0CA00 to ShaderMapsBeingCompiled
