Log file open, 10/17/17 15:03:23
LogInit:Display: Running engine for game: TimeKill
LogPlatformFile: Not using cached read wrapper
LogInit:Display: RandInit(1604771412) SRandInit(1604771412).
LogTaskGraph: Started task graph with 5 named threads and 8 total threads with 1 sets of task threads.
LogStats: Stats thread started at 0.137299
LogInit: Using libcurl 7.47.1
LogInit:  - built for x86_64-pc-win32
LogInit:  - supports SSL with OpenSSL/1.0.2g
LogInit:  - supports HTTP deflate (compression) using libz 1.2.8
LogInit:  - other features:
LogInit:      CURL_VERSION_SSL
LogInit:      CURL_VERSION_LIBZ
LogInit:      CURL_VERSION_IPV6
LogInit:      CURL_VERSION_ASYNCHDNS
LogInit:      CURL_VERSION_LARGEFILE
LogInit:      CURL_VERSION_IDN
LogInit:  CurlRequestOptions (configurable via config and command line):
LogInit:  - bVerifyPeer = false  - Libcurl will NOT verify peer certificate
LogInit:  - bUseHttpProxy = false  - Libcurl will NOT use HTTP proxy
LogInit:  - bDontReuseConnections = false  - Libcurl will reuse connections
LogInit:  - CertBundlePath = nullptr  - Libcurl will use whatever was configured at build time.
LogInit: Build: ++UE4+Release-4.15-CL-3450819
LogInit: Engine Version: 4.15.3-3450819+++UE4+Release-4.15
LogInit: Compatible Engine Version: 4.15.0-3299760+++UE4+Release-4.15
LogInit: Net CL: 3299760
LogDevObjectVersion: Number of dev versions registered: 14
LogDevObjectVersion:   Dev-Blueprints (B0D832E4-1F89-4F0D-ACCF-7EB736FD4AA2): 8
LogDevObjectVersion:   Dev-Build (E1C64328-A22C-4D53-A36C-8E866417BD8C): 0
LogDevObjectVersion:   Dev-Core (375EC13C-06E4-48FB-B500-84F0262A717E): 2
LogDevObjectVersion:   Dev-Editor (E4B068ED-F494-42E9-A231-DA0B2E46BB41): 14
LogDevObjectVersion:   Dev-Framework (CFFC743F-43B0-4480-9391-14DF171D2073): 22
LogDevObjectVersion:   Dev-Mobile (B02B49B5-BB20-44E9-A304-32B752E40360): 0
LogDevObjectVersion:   Dev-Networking (A4E4105C-59A1-49B5-A7C5-40C4547EDFEE): 0
LogDevObjectVersion:   Dev-Online (39C831C9-5AE6-47DC-9A44-9C173E1C8E7C): 0
LogDevObjectVersion:   Dev-Physics (78F01B33-EBEA-4F98-B9B4-84EACCB95AA2): 0
LogDevObjectVersion:   Dev-Platform (6631380F-2D4D-43E0-8009-CF276956A95A): 0
LogDevObjectVersion:   Dev-Rendering (12F88B9F-8875-4AFC-A67C-D90C383ABD29): 12
LogDevObjectVersion:   Dev-Sequencer (7B5AE74C-D270-4C10-A958-57980B212A5A): 3
LogDevObjectVersion:   Dev-VR (D7296918-1DD6-4BDD-9DE2-64A83CC13884): 0
LogDevObjectVersion:   Dev-LoadTimes (C2A15278-BFE7-4AFE-6C17-90FF531DF755): 1
LogInit: Compiled (64-bit): May 21 2017 11:02:34
LogInit: Compiled with Visual C++: 19.00.23026.00
LogInit: Build Configuration: Development
LogInit: Branch Name: ++UE4+Release-4.15
LogInit: Command line:  
LogInit: Base directory: D:/Program Files/Epic Games/UE_4.15/Engine/Binaries/Win64/
LogInit: Installed Engine Build: 1
LogInit: Presizing for max 8388607 objects, including 0 objects not considered by GC, pre-allocating 0 bytes for permanent pool.
LogInit: Object subsystem initialized
[2017.10.17-12.03.25:886][  0]LogInit: Selected Device Profile: [Windows]
[2017.10.17-12.03.25:886][  0]LogInit: Applying CVar settings loaded from the selected device profile: [Windows]
[2017.10.17-12.03.26:061][  0]LogInit: Computer: DESKTOP-S9EOI2C
[2017.10.17-12.03.26:061][  0]LogInit: User: IzPOD
[2017.10.17-12.03.26:061][  0]LogInit: CPU Page size=65536, Cores=4
[2017.10.17-12.03.26:061][  0]LogInit: High frequency timer resolution =3.312789 MHz
[2017.10.17-12.03.26:087][  0]LogMemory: Memory total: Physical=7.9GB (8GB approx)
[2017.10.17-12.03.26:087][  0]LogMemory: Platform Memory Stats for Windows
[2017.10.17-12.03.26:087][  0]LogMemory: Process Physical Memory: 262.21 MB used, 262.21 MB peak
[2017.10.17-12.03.26:087][  0]LogMemory: Process Virtual Memory: 262.21 MB used, 262.21 MB peak
[2017.10.17-12.03.26:087][  0]LogMemory: Physical Memory: 4288.41 MB used,  3836.39 MB free, 8124.80 MB total
[2017.10.17-12.03.26:087][  0]LogMemory: Virtual Memory: 644.03 MB used,  3836.39 MB free, 134217728.00 MB total
[2017.10.17-12.03.27:079][  0]LogTextLocalizationManager: No translations for ('ru-RU') exist, falling back to 'en' for localization and internationalization data.
[2017.10.17-12.03.31:800][  0]LogD3D11RHI: D3D11 adapters:
[2017.10.17-12.03.32:334][  0]LogD3D11RHI:    0. 'NVIDIA GeForce GTX 670' (Feature Level 11_0)
[2017.10.17-12.03.32:334][  0]LogD3D11RHI:       2017/0/4062 MB DedicatedVideo/DedicatedSystem/SharedSystem, Outputs:2, VendorId:0x10de
[2017.10.17-12.03.32:337][  0]LogD3D11RHI:    1. 'Microsoft Basic Render Driver' (Feature Level 11_0)
[2017.10.17-12.03.32:337][  0]LogD3D11RHI:       0/0/4062 MB DedicatedVideo/DedicatedSystem/SharedSystem, Outputs:0, VendorId:0x1414
[2017.10.17-12.03.32:337][  0]LogD3D11RHI: Chosen D3D11 Adapter: 0
[2017.10.17-12.03.32:344][  0]LogD3D11RHI: Creating new Direct3DDevice
[2017.10.17-12.03.32:344][  0]LogD3D11RHI:     GPU DeviceId: 0x1189 (for the marketing name, search the web for "GPU Device Id")
[2017.10.17-12.03.32:344][  0]LogWindows: EnumDisplayDevices:
[2017.10.17-12.03.32:344][  0]LogWindows:    0. 'NVIDIA GeForce GTX 670' (P:1 D:1)
[2017.10.17-12.03.32:344][  0]LogWindows:    1. 'NVIDIA GeForce GTX 670' (P:0 D:1)
[2017.10.17-12.03.32:344][  0]LogWindows:    2. 'NVIDIA GeForce GTX 670' (P:0 D:0)
[2017.10.17-12.03.32:344][  0]LogWindows:    3. 'NVIDIA GeForce GTX 670' (P:0 D:0)
[2017.10.17-12.03.32:345][  0]LogWindows: DebugString: FoundDriverCount:4 
[2017.10.17-12.03.32:345][  0]LogD3D11RHI:     Adapter Name: NVIDIA GeForce GTX 670
[2017.10.17-12.03.32:345][  0]LogD3D11RHI:   Driver Version: 384.94 (internal:22.21.13.8494, unified:384.94)
[2017.10.17-12.03.32:345][  0]LogD3D11RHI:      Driver Date: 7-18-2017
[2017.10.17-12.03.32:345][  0]LogRHI: Texture pool is 1361 MB (70% of 1945 MB)
[2017.10.17-12.03.32:873][  0]LogD3D11RHI:Warning: Timestamp queries are currently disabled on this hardware due to instability. Realtime GPU stats will not be available. You can override this behaviour by setting r.NVIDIATimestampWorkaround to 0
[2017.10.17-12.03.32:877][  0]LogD3D11RHI: Async texture creation enabled
[2017.10.17-12.03.33:260][  0]LogD3D11RHI: GPU Timing Frequency: 1000.000000 (Debug: 2 2)
[2017.10.17-12.03.33:359][  0]LogShaderCompilers: Guid format shader working directory is -8 characters bigger than the processId version (../../../../../../P - programist/UE4/Timekill/TimeKill/Intermediate/Shaders/WorkingDirectory/9236/).
[2017.10.17-12.03.33:359][  0]LogShaderCompilers: Cleaned the shader compiler working directory 'C:/Users/IzPOD/AppData/Local/Temp/UnrealShaderWorkingDir/859D0E404C19807FF55D5BAD321F39E8/'.
[2017.10.17-12.03.33:359][  0]LogShaderCompilers:Display: Using Local Shader Compiler.
[2017.10.17-12.03.37:594][  0]LogTemp:Display: Loaded TP AllDesktopTargetPlatform
[2017.10.17-12.03.37:643][  0]LogTemp:Display: Loaded TP MacClientTargetPlatform
[2017.10.17-12.03.37:691][  0]LogTemp:Display: Loaded TP MacNoEditorTargetPlatform
[2017.10.17-12.03.37:739][  0]LogTemp:Display: Loaded TP MacServerTargetPlatform
[2017.10.17-12.03.37:841][  0]LogTemp:Display: Loaded TP MacTargetPlatform
[2017.10.17-12.03.37:890][  0]LogTemp:Display: Loaded TP WindowsClientTargetPlatform
[2017.10.17-12.03.37:938][  0]LogTemp:Display: Loaded TP WindowsNoEditorTargetPlatform
[2017.10.17-12.03.37:986][  0]LogTemp:Display: Loaded TP WindowsServerTargetPlatform
[2017.10.17-12.03.38:043][  0]LogTemp:Display: Loaded TP WindowsTargetPlatform
[2017.10.17-12.03.38:129][  0]LogTemp:Display: Loaded TP AndroidTargetPlatform
[2017.10.17-12.03.38:177][  0]LogTemp:Display: Loaded TP Android_ASTCTargetPlatform
[2017.10.17-12.03.38:224][  0]LogTemp:Display: Loaded TP Android_ATCTargetPlatform
[2017.10.17-12.03.38:273][  0]LogTemp:Display: Loaded TP Android_DXTTargetPlatform
[2017.10.17-12.03.38:321][  0]LogTemp:Display: Loaded TP Android_ETC1TargetPlatform
[2017.10.17-12.03.38:369][  0]LogTemp:Display: Loaded TP Android_ETC2TargetPlatform
[2017.10.17-12.03.38:465][  0]LogTemp:Display: Loaded TP Android_MultiTargetPlatform
[2017.10.17-12.03.38:465][  0]LogTemp:Display: Loaded TP Android_PVRTCTargetPlatform
[2017.10.17-12.03.38:497][  0]LogTemp:Display: Loaded TP HTML5TargetPlatform
[2017.10.17-12.03.38:642][  0]LogTemp:Display: Loaded TP IOSTargetPlatform
[2017.10.17-12.03.38:676][  0]LogTemp:Display: Loaded TP TVOSTargetPlatform
[2017.10.17-12.03.38:724][  0]LogTemp:Display: Loaded TP LinuxClientTargetPlatform
[2017.10.17-12.03.38:773][  0]LogTemp:Display: Loaded TP LinuxNoEditorTargetPlatform
[2017.10.17-12.03.38:820][  0]LogTemp:Display: Loaded TP LinuxServerTargetPlatform
[2017.10.17-12.03.38:907][  0]LogTemp:Display: Loaded TP LinuxTargetPlatform
[2017.10.17-12.03.38:907][  0]LogTargetPlatformManager:Display: Building Assets For Windows
[2017.10.17-12.03.40:425][  0]LogDerivedDataCache:Display: Max Cache Size: 512 MB
[2017.10.17-12.03.40:676][  0]LogDerivedDataCache: Loaded boot cache 0.25s 50MB C:/Users/IzPOD/AppData/Local/UnrealEngine/4.15/DerivedDataCache/Boot.ddc.
[2017.10.17-12.03.40:676][  0]LogDerivedDataCache:Display: Loaded Boot cache: C:/Users/IzPOD/AppData/Local/UnrealEngine/4.15/DerivedDataCache/Boot.ddc
[2017.10.17-12.03.40:676][  0]LogDerivedDataCache: FDerivedDataBackendGraph:  Pak pak cache file ../../../../../../P - programist/UE4/Timekill/TimeKill/DerivedDataCache/DDC.ddp not found, will not use a pak cache.
[2017.10.17-12.03.40:676][  0]LogDerivedDataCache: Unable to find inner node Pak for hierarchical cache Hierarchy.
[2017.10.17-12.03.40:676][  0]LogDerivedDataCache: FDerivedDataBackendGraph:  CompressedPak pak cache file ../../../../../../P - programist/UE4/Timekill/TimeKill/DerivedDataCache/Compressed.ddp not found, will not use a pak cache.
[2017.10.17-12.03.40:676][  0]LogDerivedDataCache: Unable to find inner node CompressedPak for hierarchical cache Hierarchy.
[2017.10.17-12.03.40:758][  0]LogDerivedDataCache:Display: Pak cache opened for reading ../../../Engine/DerivedDataCache/Compressed.ddp.
[2017.10.17-12.03.40:773][  0]LogDerivedDataCache: Using Local data cache path C:/Users/IzPOD/AppData/Local/UnrealEngine/Common/DerivedDataCache: Writable
[2017.10.17-12.03.41:109][  0]LogSlate: Using Freetype 2.6.0
[2017.10.17-12.03.41:409][  0]LogSlate: SlateFontCache - WITH_FREETYPE: 1, WITH_HARFBUZZ: 1
[2017.10.17-12.03.41:409][  0]LogSlate: SlateFontCache - WITH_FREETYPE: 1, WITH_HARFBUZZ: 1
[2017.10.17-12.03.52:553][  0]LogInit: Selected Device Profile: [Windows]
[2017.10.17-12.03.52:656][  0]LogContentStreaming: Texture pool size is 0.00 MB
[2017.10.17-12.03.53:328][  0]LogMeshUtilities: Using QuadricMeshReduction for automatic static mesh reduction
[2017.10.17-12.03.53:381][  0]LogSimplygon: Simplygon DLL not present - disabling.
[2017.10.17-12.03.53:434][  0]LogMeshUtilities: Using SimplygonSwarm for distributed automatic mesh merging
[2017.10.17-12.03.53:434][  0]LogMeshUtilities: No automatic skeletal mesh reduction module available
[2017.10.17-12.03.53:434][  0]LogMeshUtilities: No automatic mesh merging module available
[2017.10.17-12.03.59:374][  0]LogNetVersion: GetLocalNetworkVersion: CL: 3299760, ProjectName: timekill, ProjectVersion: , EngineNetworkVersion: 2, GameNetworkVersion: 0, NetworkChecksum: 844999791
[2017.10.17-12.03.59:528][  0]LogAssetRegistry: FAssetRegistry took 0.0342 seconds to start up
[2017.10.17-12.03.59:911][  0]LogPackageLocalizationCache: Processed 3 localized package path(s) for 1 prioritized culture(s) in 0.249072 seconds
[2017.10.17-12.03.59:917][  0]LogUObjectArray: 32493 objects as part of root set at end of initial load.
[2017.10.17-12.03.59:917][  0]LogUObjectAllocator: 7077024 out of 0 bytes used by permanent object pool.
[2017.10.17-12.03.59:917][  0]LogUObjectArray: CloseDisregardForGC: 0/0 objects in disregard for GC pool
[2017.10.17-12.04.00:007][  0]LogInit: WinSock: version 1.1 (2.2), MaxSocks=32767, MaxUdp=65467
[2017.10.17-12.04.10:114][  0]LogTcpMessaging: Initializing TcpMessaging bridge
[2017.10.17-12.04.10:182][  0]LogUdpMessaging: Initializing bridge on interface 0.0.0.0:0 to multicast group 230.0.0.1:6666.
[2017.10.17-12.04.11:508][  0]LogMaterial: Uniform references updated for custom material expression Custom.
[2017.10.17-12.04.12:405][  0]SourceControl: Info Source control is disabled
[2017.10.17-12.04.12:416][  0]SourceControl: Info Source control is disabled
[2017.10.17-12.04.12:496][  0]SourceControl: Info Source control is disabled
[2017.10.17-12.04.12:582][  0]SourceControl: Info Source control is disabled
[2017.10.17-12.04.13:369][  0]LogLinker:Warning: Can't find file '/Game/PuzzleBP/Tutorial/Part1-Overview'
[2017.10.17-12.04.13:369][  0]LogLinker:Warning: Can't find file '/Game/PuzzleBP/Tutorial/Part1-Overview'
[2017.10.17-12.04.13:369][  0]LogUObjectGlobals:Warning: Failed to find object 'Class /Game/PuzzleBP/Tutorial/Part1-Overview.Part1-Overview_C'
[2017.10.17-12.04.13:370][  0]LogLinker:Warning: Can't find file '/Game/PuzzleBP/Tutorial/Part2-BlockBlueprint'
[2017.10.17-12.04.13:370][  0]LogLinker:Warning: Can't find file '/Game/PuzzleBP/Tutorial/Part2-BlockBlueprint'
[2017.10.17-12.04.13:370][  0]LogUObjectGlobals:Warning: Failed to find object 'Class /Game/PuzzleBP/Tutorial/Part2-BlockBlueprint.Part2-BlockBlueprint_C'
[2017.10.17-12.04.15:052][  0]LogEngine: Initializing Engine...
[2017.10.17-12.04.15:074][  0]LogHMD: Failed to initialize OpenVR with code 110
[2017.10.17-12.04.15:722][  0]LogStats: UGameplayTagsManager::ConstructGameplayTagTree: Construct from data asset -  0.000 s
[2017.10.17-12.04.15:724][  0]LogStats: UGameplayTagsManager::ConstructGameplayTagTree: GameplayTagTreeChangedEvent.Broadcast -  0.000 s
[2017.10.17-12.04.16:236][  0]LogAIModule: Creating AISystem for world Untitled
[2017.10.17-12.04.16:381][  0]LogInit: XAudio2 using 'Динамики (Logitech G430 Gaming Headset)' : 8 channels at 48 kHz using 16 bits per sample (channel mask 0x63f)
[2017.10.17-12.04.16:408][  0]LogInit: FAudioDevice initialized.
[2017.10.17-12.04.16:438][  0]LogDerivedDataCache: Saved boot cache 0.03s 50MB C:/Users/IzPOD/AppData/Local/UnrealEngine/4.15/DerivedDataCache/Boot.ddc.
[2017.10.17-12.04.16:448][  0]LogInit: Texture streaming: Enabled
[2017.10.17-12.04.16:616][  0]LogEngineSessionManager: EngineSessionManager initialized
[2017.10.17-12.04.16:837][  0]LogInit: Transaction tracking system initialized
[2017.10.17-12.04.17:563][  0]BlueprintLog: New page: Editor Load
[2017.10.17-12.04.19:300][  0]LocalizationService: Info Localization service is disabled
[2017.10.17-12.04.20:391][  0]LogConsoleResponse:Display: 
[2017.10.17-12.04.22:803][  0]LogFileCache: Scanning file cache for directory 'D:/P - programist/UE4/Timekill/TimeKill/Content/' took 0.05s
[2017.10.17-12.04.22:803][  0]LogCook:Display: Max memory allowance for cook 16384mb min free memory 0mb
[2017.10.17-12.04.22:803][  0]LogCook:Display: Mobile HDR setting 0
[2017.10.17-12.04.25:060][  0]SourceControl: Info Source control is disabled
[2017.10.17-12.04.25:099][  0]Cmd: MAP LOAD FILE="../../../Engine/Content/Maps/Templates/Template_Default.umap" TEMPLATE=1 SHOWPROGRESS=1 FEATURELEVEL=3
[2017.10.17-12.04.25:137][  0]LightingResults: New page: Lighting Build
[2017.10.17-12.04.25:294][  0]MapCheck: New page: Map Check
[2017.10.17-12.04.25:294][  0]LightingResults: New page: Lighting Build
[2017.10.17-12.04.26:459][  0]LogAIModule: Creating AISystem for world Untitled_1
[2017.10.17-12.04.26:520][  0]LogActorComponent: RegisterComponentWithWorld: (/Temp/Untitled_1.Untitled_1:PersistentLevel.WorldSettings_1.StaticMeshComponent0) Trying to register component with IsPendingKill() == true. Aborting.
[2017.10.17-12.04.26:900][  0]LogEditorServer: Finished looking for orphan Actors (0.000 secs)
[2017.10.17-12.04.26:939][  0]Cmd: MAP CHECKDEP NOCLEARLOG
[2017.10.17-12.04.26:972][  0]MapCheck: Info Map check complete: 0 Error(s), 0 Warning(s), took 33.388ms to complete.
[2017.10.17-12.04.26:972][  0]LogFileHelpers: Loading map 'Template_Default' took 1.884
[2017.10.17-12.04.27:798][  0]LogWindowsTextInputMethodSystem:Display: IME system now deactivated.
[2017.10.17-12.04.29:447][  0]LogCollectionManager: Loaded 0 collections in 0.018631 seconds
[2017.10.17-12.04.29:630][  0]LogFileCache: Scanning file cache for directory 'D:/P - programist/UE4/Timekill/TimeKill/Saved/Collections/' took 0.01s
[2017.10.17-12.04.29:630][  0]LogFileCache: Scanning file cache for directory 'D:/P - programist/UE4/Timekill/TimeKill/Content/Developers/IzPOD/Collections/' took 0.01s
[2017.10.17-12.04.29:630][  0]LogFileCache: Scanning file cache for directory 'D:/P - programist/UE4/Timekill/TimeKill/Content/Collections/' took 0.01s
[2017.10.17-12.04.29:630][  0]LogCollectionManager: Rebuilt the GUID cache for 0 collections in 0.000042 seconds
[2017.10.17-12.04.29:644][  0]LogContentBrowser: Native class hierarchy populated in 0.0108 seconds. Added 2246 classes and 455 folders.
[2017.10.17-12.04.29:768][  0]LogContentBrowser: Native class hierarchy updated for 'WidgetCarousel' in 0.0005 seconds. Added 0 classes and 0 folders.
[2017.10.17-12.04.30:795][  0]LogContentBrowser: Native class hierarchy updated for 'AddContentDialog' in 0.0005 seconds. Added 0 classes and 0 folders.
[2017.10.17-12.04.30:841][  0]LogCrashTracker: Crashtracker disabled due to settings.
[2017.10.17-12.04.31:044][  0]LogUObjectGlobals:Warning: Failed to find object 'Class None.'
[2017.10.17-12.04.31:185][  0]LogContentBrowser: Native class hierarchy updated for 'HierarchicalLODOutliner' in 0.0006 seconds. Added 1 classes and 2 folders.
[2017.10.17-12.04.31:185][  0]LogLoad: (Engine Initialization) Total time: 73.61 seconds
[2017.10.17-12.04.31:185][  0]LogLoad: (Engine Initialization) Total Blueprint compile time: 0.65 seconds
[2017.10.17-12.04.31:185][  0]LogExternalProfiler: No external profilers were discovered.  External profiling features will not be available.
[2017.10.17-12.04.31:216][  0]LogOcInput: OculusInput pre-init called
[2017.10.17-12.04.31:407][  0]LogContentStreaming: Texture pool size now 1000 MB
[2017.10.17-12.04.31:490][  0]LogSlate: Took 0.021343 seconds to synchronously load lazily loaded font '../../../Engine/Content/Slate/Fonts/Roboto-Regular.ttf' (155K)
[2017.10.17-12.04.31:535][  0]LogSlate: Took 0.016986 seconds to synchronously load lazily loaded font '../../../Engine/Content/Slate/Fonts/Roboto-Bold.ttf' (160K)
[2017.10.17-12.04.31:577][  0]LogSlate: Took 0.009833 seconds to synchronously load lazily loaded font '../../../Engine/Content/Editor/Slate/Fonts/FontAwesome.ttf' (139K)
[2017.10.17-12.04.31:813][  0]LogRenderer: Reallocating scene render targets to support 1068x924 NumSamples 1 (Frame:2).
[2017.10.17-12.04.32:133][  2]LogAssetRegistry: Asset discovery search completed in 32.6291 seconds
[2017.10.17-12.04.32:143][  2]LogCollectionManager: Rebuilt the object cache for 0 collections in 0.000007 seconds (found 0 objects)
[2017.10.17-12.04.32:143][  2]LogCollectionManager: Fixed up redirectors for 0 collections in 0.009368 seconds (updated 0 objects)
[2017.10.17-12.04.32:212][  3]LogEditorViewport: Clicking Background
[2017.10.17-12.04.32:289][  4]LogSlate: Took 0.022355 seconds to synchronously load lazily loaded font '../../../Engine/Content/Slate/Fonts/Roboto-Light.ttf' (159K)
[2017.10.17-12.04.36:096][135]LogSlate: Took 0.000216 seconds to synchronously load lazily loaded font '../../../Engine/Content/Slate/Fonts/Roboto-Light.ttf' (159K)
[2017.10.17-12.05.56:229][629]LogSlate: Took 0.000164 seconds to synchronously load lazily loaded font '../../../Engine/Content/Slate/Fonts/Roboto-Light.ttf' (159K)
[2017.10.17-12.05.57:259][629]LogSlate: Took 0.000171 seconds to synchronously load lazily loaded font '../../../Engine/Content/Slate/Fonts/Roboto-Regular.ttf' (155K)
[2017.10.17-12.05.58:372][629]LogAIModule: Creating AISystem for world GameLavel
[2017.10.17-12.05.58:446][629]Cmd: MAP LOAD FILE="../../../../../../P - programist/UE4/Timekill/TimeKill/Content/GameLavel.umap" TEMPLATE=0 SHOWPROGRESS=1 FEATURELEVEL=3
[2017.10.17-12.05.58:446][629]LightingResults: New page: Lighting Build
[2017.10.17-12.05.58:448][629]LoadErrors: New page: Loading map: GameLavel.umap
[2017.10.17-12.05.58:478][629]MapCheck: New page: Map Check
[2017.10.17-12.05.58:478][629]LightingResults: New page: Lighting Build
[2017.10.17-12.05.58:740][629]LogEditorServer: Finished looking for orphan Actors (0.000 secs)
[2017.10.17-12.05.58:785][629]Cmd: MAP CHECKDEP NOCLEARLOG
[2017.10.17-12.05.58:827][629]MapCheck: Info Map check complete: 0 Error(s), 0 Warning(s), took 42.029ms to complete.
[2017.10.17-12.05.58:827][629]LogFileHelpers: Loading map 'GameLavel' took 0.380
[2017.10.17-12.53.03:041][249]LogTemp: Repeting last play command: New Editor Window (PIE)
[2017.10.17-12.53.03:071][249]LogBlueprintUserMessages: Early PlayInEditor Detection: Level '/Game/GameLavel.GameLavel:PersistentLevel' has LevelScriptBlueprint '/Game/GameLavel.GameLavel:PersistentLevel.GameLavel' with GeneratedClass '/Game/GameLavel.GameLavel_C' with ClassGeneratedBy '/Game/GameLavel.GameLavel:PersistentLevel.GameLavel'
[2017.10.17-12.53.03:071][249]LogPlayLevel: PlayLevel: No blueprints needed recompiling
[2017.10.17-12.53.03:098][249]PIE: New page: PIE session: GameLavel (Oct 17, 2017, 6:53:03 PM)
[2017.10.17-12.53.03:115][249]LogPlayLevel: Creating play world package: /Game/UEDPIE_0_GameLavel
[2017.10.17-12.53.03:137][249]LogPlayLevel: PIE: StaticDuplicateObject took: (0.022031s)
[2017.10.17-12.53.03:138][249]LogAIModule: Creating AISystem for world GameLavel
[2017.10.17-12.53.03:139][249]LogPlayLevel: PIE: World Init took: (0.001511s)
[2017.10.17-12.53.03:139][249]LogPlayLevel: PIE: Created PIE world by copying editor world from /Game/GameLavel.GameLavel to /Game/UEDPIE_0_GameLavel.GameLavel (0.040754s)
[2017.10.17-12.53.03:152][249]LogInit: XAudio2 using 'Динамики (Logitech G430 Gaming Headset)' : 8 channels at 48 kHz using 16 bits per sample (channel mask 0x63f)
[2017.10.17-12.53.03:167][249]LogInit: FAudioDevice initialized.
[2017.10.17-12.53.03:296][249]LogLoad: Game class is 'Mouse_GameMode_C'
[2017.10.17-12.53.03:353][249]LogWorld: Bringing World /Game/UEDPIE_0_GameLavel.GameLavel up for play (max tick rate 0) at 2017.10.17-15.53.03
[2017.10.17-12.53.03:402][249]LogWorld: Bringing up level for play took: 0.050192
[2017.10.17-12.53.03:495][249]LogContentBrowser: Native class hierarchy updated for 'MovieSceneCapture' in 0.0015 seconds. Added 11 classes and 0 folders.
[2017.10.17-12.53.03:583][249]PIE: Info Play in editor start time for /Game/UEDPIE_0_GameLavel 1.074
[2017.10.17-12.53.03:586][249]LogBlueprintUserMessages: Late PlayInEditor Detection: Level '/Game/GameLavel.GameLavel:PersistentLevel' has LevelScriptBlueprint '/Game/GameLavel.GameLavel:PersistentLevel.GameLavel' with GeneratedClass '/Game/GameLavel.GameLavel_C' with ClassGeneratedBy '/Game/GameLavel.GameLavel:PersistentLevel.GameLavel'
[2017.10.17-12.53.03:653][249]LogRenderer: Reallocating scene render targets to support 1068x996 NumSamples 1 (Frame:408).
[2017.10.17-12.53.08:628][837]LogBlueprintUserMessages: Early EndPlayMap Detection: Level '/Game/GameLavel.GameLavel:PersistentLevel' has LevelScriptBlueprint '/Game/GameLavel.GameLavel:PersistentLevel.GameLavel' with GeneratedClass '/Game/GameLavel.GameLavel_C' with ClassGeneratedBy '/Game/GameLavel.GameLavel:PersistentLevel.GameLavel'
[2017.10.17-12.53.08:671][837]LogBlueprintUserMessages: Late EndPlayMap Detection: Level '/Game/GameLavel.GameLavel:PersistentLevel' has LevelScriptBlueprint '/Game/GameLavel.GameLavel:PersistentLevel.GameLavel' with GeneratedClass '/Game/GameLavel.GameLavel_C' with ClassGeneratedBy '/Game/GameLavel.GameLavel:PersistentLevel.GameLavel'
[2017.10.17-12.53.53:145][168]LogTemp: Repeting last play command: New Editor Window (PIE)
[2017.10.17-12.53.53:163][168]LogBlueprintUserMessages: Early PlayInEditor Detection: Level '/Game/GameLavel.GameLavel:PersistentLevel' has LevelScriptBlueprint '/Game/GameLavel.GameLavel:PersistentLevel.GameLavel' with GeneratedClass '/Game/GameLavel.GameLavel_C' with ClassGeneratedBy '/Game/GameLavel.GameLavel:PersistentLevel.GameLavel'
[2017.10.17-12.53.53:163][168]LogPlayLevel: PlayLevel: No blueprints needed recompiling
[2017.10.17-12.53.53:163][168]PIE: New page: PIE session: GameLavel (Oct 17, 2017, 6:53:53 PM)
[2017.10.17-12.53.53:163][168]LogPlayLevel: Creating play world package: /Game/UEDPIE_0_GameLavel
[2017.10.17-12.53.53:166][168]LogPlayLevel: PIE: StaticDuplicateObject took: (0.002844s)
[2017.10.17-12.53.53:167][168]LogAIModule: Creating AISystem for world GameLavel
[2017.10.17-12.53.53:167][168]LogPlayLevel: PIE: World Init took: (0.000924s)
[2017.10.17-12.53.53:167][168]LogPlayLevel: PIE: Created PIE world by copying editor world from /Game/GameLavel.GameLavel to /Game/UEDPIE_0_GameLavel.GameLavel (0.004025s)
[2017.10.17-12.53.53:179][168]LogInit: XAudio2 using 'Динамики (Logitech G430 Gaming Headset)' : 8 channels at 48 kHz using 16 bits per sample (channel mask 0x63f)
[2017.10.17-12.53.53:191][168]LogInit: FAudioDevice initialized.
[2017.10.17-12.53.53:252][168]LogLoad: Game class is 'Mouse_GameMode_C'
[2017.10.17-12.53.53:254][168]LogWorld: Bringing World /Game/UEDPIE_0_GameLavel.GameLavel up for play (max tick rate 0) at 2017.10.17-15.53.53
[2017.10.17-12.53.53:255][168]LogWorld: Bringing up level for play took: 0.001778
[2017.10.17-12.53.53:260][168]PIE: Info Play in editor start time for /Game/UEDPIE_0_GameLavel 0.751
[2017.10.17-12.53.53:260][168]LogBlueprintUserMessages: Late PlayInEditor Detection: Level '/Game/GameLavel.GameLavel:PersistentLevel' has LevelScriptBlueprint '/Game/GameLavel.GameLavel:PersistentLevel.GameLavel' with GeneratedClass '/Game/GameLavel.GameLavel_C' with ClassGeneratedBy '/Game/GameLavel.GameLavel:PersistentLevel.GameLavel'
[2017.10.17-12.53.57:503][667]LogBlueprintUserMessages: Early EndPlayMap Detection: Level '/Game/GameLavel.GameLavel:PersistentLevel' has LevelScriptBlueprint '/Game/GameLavel.GameLavel:PersistentLevel.GameLavel' with GeneratedClass '/Game/GameLavel.GameLavel_C' with ClassGeneratedBy '/Game/GameLavel.GameLavel:PersistentLevel.GameLavel'
[2017.10.17-12.53.57:534][667]LogBlueprintUserMessages: Late EndPlayMap Detection: Level '/Game/GameLavel.GameLavel:PersistentLevel' has LevelScriptBlueprint '/Game/GameLavel.GameLavel:PersistentLevel.GameLavel' with GeneratedClass '/Game/GameLavel.GameLavel_C' with ClassGeneratedBy '/Game/GameLavel.GameLavel:PersistentLevel.GameLavel'
[2017.10.17-12.54.15:506][663]LogContentBrowser: Native class hierarchy updated for 'BlueprintGraph' in 0.0012 seconds. Added 112 classes and 0 folders.
[2017.10.17-12.54.16:722][663]LogSlate: Took 0.016146 seconds to synchronously load lazily loaded font '../../../Engine/Content/Editor/Slate/Fonts/Roboto-BoldCondensed.ttf' (158K)
[2017.10.17-12.54.16:924][664]LogSlate: Took 0.012550 seconds to synchronously load lazily loaded font '../../../Engine/Content/Editor/Slate/Fonts/Roboto-Italic.ttf' (157K)
[2017.10.17-13.00.35:702][855]LogFileHelpers: Editor autosave (incl. sublevels) for '/Game/GameLavel' took 0.023
[2017.10.17-13.00.35:775][855]OBJ SavePackage: Generating thumbnails for [0] asset(s) in package [/Game/Blueprints/Player1] ([1] browsable assets)...
[2017.10.17-13.00.35:775][855]OBJ SavePackage: Finished generating thumbnails for package [/Game/Blueprints/Player1]
[2017.10.17-13.00.35:775][855]Cmd: OBJ SAVEPACKAGE PACKAGE="/Game/Blueprints/Player1" FILE="../../../../../../P - programist/UE4/Timekill/TimeKill/Saved/Autosaves/Game/Blueprints/Player1_Auto1.uasset" SILENT=false AUTOSAVING=true
[2017.10.17-13.00.36:826][855]LogSavePackage: Save=212.99ms
[2017.10.17-13.00.36:826][855]LogSavePackage: Moving '../../../../../../P - programist/UE4/Timekill/TimeKill/Saved/Player1_Auto11E3CAE514F98E2B031A165ADAE60833D.tmp' to '../../../../../../P - programist/UE4/Timekill/TimeKill/Saved/Autosaves/Game/Blueprints/Player1_Auto1.uasset'
[2017.10.17-13.00.36:862][855]LogSavePackage:Display: Finished SavePackage ../../../../../../P - programist/UE4/Timekill/TimeKill/Saved/Autosaves/Game/Blueprints/Player1_Auto1.uasset
[2017.10.17-13.00.36:862][855]LogFileHelpers: Auto-saving content packages took 1.159
[2017.10.17-13.01.27:456][633]LogWindowsTextInputMethodSystem:Display: IME system now deactivated.
[2017.10.17-13.01.27:456][633]LogWindowsTextInputMethodSystem:Display: IME system now deactivated.
[2017.10.17-13.01.29:628][885]LogWindowsTextInputMethodSystem:Display: IME system now deactivated.
[2017.10.17-13.01.29:628][885]LogWindowsTextInputMethodSystem:Display: IME system now deactivated.
[2017.10.17-13.01.39:055][954]LogSlate: Took 0.023406 seconds to synchronously load lazily loaded font '../../../Engine/Content/Editor/Slate/Fonts/Roboto-BoldCondensedItalic.ttf' (160K)
[2017.10.17-13.01.42:534][296]BlueprintLog: New page: Compile Player1
[2017.10.17-13.01.49:437][981]BlueprintLog: New page: Compile Player1
[2017.10.17-13.03.30:831][189]BlueprintLog: New page: Compile Player1
[2017.10.17-13.04.20:881][814]BlueprintLog: New page: Compile Player1
[2017.10.17-13.04.43:876][416]BlueprintLog: New page: Compile Mishen
[2017.10.17-13.04.43:885][416]LogBlueprint:Error: [Compiler Mishen] Error This blueprint (self) is not a Player1_C, therefore ' Target ' must have a connection.
[2017.10.17-13.04.43:885][416]LogBlueprint:Error: [Compiler Mishen] Error Variable node  Get Kolvo_Mishenei  uses an invalid target.  It may depend on a node that is not connected to the execution chain, and got purged.
[2017.10.17-13.04.44:438][416]BlueprintEditorCompileResults:Error: Error This blueprint (self) is not a Player1_C, therefore ' Target ' must have a connection.
[2017.10.17-13.04.44:438][416]BlueprintEditorCompileResults:Error: Error Variable node  Get Kolvo_Mishenei  uses an invalid target.  It may depend on a node that is not connected to the execution chain, and got purged.
[2017.10.17-13.04.44:438][416]LogBlueprint:Warning: [Compiler Mishen] Warning [3686.87] Compile of Mishen failed. 2 Fatal Issue(s) 0 Warning(s) [in 561 ms] (/Game/Blueprints/Mishen.Mishen)
[2017.10.17-13.05.09:781][265]BlueprintLog: New page: Compile Mishen
[2017.10.17-13.05.15:566][893]BlueprintLog: New page: Compile Mishen
[2017.10.17-13.06.13:426][527]BlueprintLog: New page: Compile Mishen
[2017.10.17-13.06.14:090][591]LogTemp: Repeting last play command: New Editor Window (PIE)
[2017.10.17-13.06.14:110][591]LogBlueprintUserMessages: Early PlayInEditor Detection: Level '/Game/GameLavel.GameLavel:PersistentLevel' has LevelScriptBlueprint '/Game/GameLavel.GameLavel:PersistentLevel.GameLavel' with GeneratedClass '/Game/GameLavel.GameLavel_C' with ClassGeneratedBy '/Game/GameLavel.GameLavel:PersistentLevel.GameLavel'
[2017.10.17-13.06.14:110][591]BlueprintLog: New page: Pre-Play auto-recompile
[2017.10.17-13.06.14:110][591]LogPlayLevel: [PlayLevel] Compiling Player1 before play...
[2017.10.17-13.06.14:552][591]LogPlayLevel: PlayLevel: Blueprint regeneration took 442 ms (1 blueprints)
[2017.10.17-13.06.14:552][591]PIE: New page: PIE session: GameLavel (Oct 17, 2017, 7:06:14 PM)
[2017.10.17-13.06.14:553][591]LogPlayLevel: Creating play world package: /Game/UEDPIE_0_GameLavel
[2017.10.17-13.06.14:556][591]LogPlayLevel: PIE: StaticDuplicateObject took: (0.003164s)
[2017.10.17-13.06.14:557][591]LogAIModule: Creating AISystem for world GameLavel
[2017.10.17-13.06.14:557][591]LogPlayLevel: PIE: World Init took: (0.001027s)
[2017.10.17-13.06.14:557][591]LogPlayLevel: PIE: Created PIE world by copying editor world from /Game/GameLavel.GameLavel to /Game/UEDPIE_0_GameLavel.GameLavel (0.004413s)
[2017.10.17-13.06.14:587][591]LogInit: XAudio2 using 'Динамики (Logitech G430 Gaming Headset)' : 8 channels at 48 kHz using 16 bits per sample (channel mask 0x63f)
[2017.10.17-13.06.14:601][591]LogInit: FAudioDevice initialized.
[2017.10.17-13.06.14:659][591]LogLoad: Game class is 'Mouse_GameMode_C'
[2017.10.17-13.06.14:661][591]LogWorld: Bringing World /Game/UEDPIE_0_GameLavel.GameLavel up for play (max tick rate 0) at 2017.10.17-16.06.14
[2017.10.17-13.06.14:662][591]LogWorld: Bringing up level for play took: 0.001826
[2017.10.17-13.06.14:666][591]PIE: Info Play in editor start time for /Game/UEDPIE_0_GameLavel 0.157
[2017.10.17-13.06.14:666][591]LogBlueprintUserMessages: Late PlayInEditor Detection: Level '/Game/GameLavel.GameLavel:PersistentLevel' has LevelScriptBlueprint '/Game/GameLavel.GameLavel:PersistentLevel.GameLavel' with GeneratedClass '/Game/GameLavel.GameLavel_C' with ClassGeneratedBy '/Game/GameLavel.GameLavel:PersistentLevel.GameLavel'
[2017.10.17-13.06.19:586][174]LogBlueprintUserMessages: Early EndPlayMap Detection: Level '/Game/GameLavel.GameLavel:PersistentLevel' has LevelScriptBlueprint '/Game/GameLavel.GameLavel:PersistentLevel.GameLavel' with GeneratedClass '/Game/GameLavel.GameLavel_C' with ClassGeneratedBy '/Game/GameLavel.GameLavel:PersistentLevel.GameLavel'
[2017.10.17-13.06.19:631][174]LogBlueprintUserMessages: Late EndPlayMap Detection: Level '/Game/GameLavel.GameLavel:PersistentLevel' has LevelScriptBlueprint '/Game/GameLavel.GameLavel:PersistentLevel.GameLavel' with GeneratedClass '/Game/GameLavel.GameLavel_C' with ClassGeneratedBy '/Game/GameLavel.GameLavel:PersistentLevel.GameLavel'
[2017.10.17-13.06.34:799][823]BlueprintLog: New page: Compile Player1
[2017.10.17-13.06.39:869][379]BlueprintLog: New page: Compile Mishen
[2017.10.17-13.06.43:897][781]BlueprintLog: New page: Compile Player1
[2017.10.17-13.06.44:593][820]LogTemp: Repeting last play command: New Editor Window (PIE)
[2017.10.17-13.06.44:616][820]LogBlueprintUserMessages: Early PlayInEditor Detection: Level '/Game/GameLavel.GameLavel:PersistentLevel' has LevelScriptBlueprint '/Game/GameLavel.GameLavel:PersistentLevel.GameLavel' with GeneratedClass '/Game/GameLavel.GameLavel_C' with ClassGeneratedBy '/Game/GameLavel.GameLavel:PersistentLevel.GameLavel'
[2017.10.17-13.06.44:616][820]LogPlayLevel: PlayLevel: No blueprints needed recompiling
[2017.10.17-13.06.44:616][820]PIE: New page: PIE session: GameLavel (Oct 17, 2017, 7:06:44 PM)
[2017.10.17-13.06.44:617][820]LogPlayLevel: Creating play world package: /Game/UEDPIE_0_GameLavel
[2017.10.17-13.06.44:619][820]LogPlayLevel: PIE: StaticDuplicateObject took: (0.002523s)
[2017.10.17-13.06.44:620][820]LogAIModule: Creating AISystem for world GameLavel
[2017.10.17-13.06.44:620][820]LogPlayLevel: PIE: World Init took: (0.000711s)
[2017.10.17-13.06.44:620][820]LogPlayLevel: PIE: Created PIE world by copying editor world from /Game/GameLavel.GameLavel to /Game/UEDPIE_0_GameLavel.GameLavel (0.003448s)
[2017.10.17-13.06.44:640][820]LogInit: XAudio2 using 'Динамики (Logitech G430 Gaming Headset)' : 8 channels at 48 kHz using 16 bits per sample (channel mask 0x63f)
[2017.10.17-13.06.44:652][820]LogInit: FAudioDevice initialized.
[2017.10.17-13.06.44:717][820]LogLoad: Game class is 'Mouse_GameMode_C'
[2017.10.17-13.06.44:719][820]LogWorld: Bringing World /Game/UEDPIE_0_GameLavel.GameLavel up for play (max tick rate 0) at 2017.10.17-16.06.44
[2017.10.17-13.06.44:720][820]LogWorld: Bringing up level for play took: 0.001881
[2017.10.17-13.06.44:727][820]PIE: Info Play in editor start time for /Game/UEDPIE_0_GameLavel 0.218
[2017.10.17-13.06.44:727][820]LogBlueprintUserMessages: Late PlayInEditor Detection: Level '/Game/GameLavel.GameLavel:PersistentLevel' has LevelScriptBlueprint '/Game/GameLavel.GameLavel:PersistentLevel.GameLavel' with GeneratedClass '/Game/GameLavel.GameLavel_C' with ClassGeneratedBy '/Game/GameLavel.GameLavel:PersistentLevel.GameLavel'
[2017.10.17-13.06.54:675][650]LogBlueprintUserMessages: Early EndPlayMap Detection: Level '/Game/GameLavel.GameLavel:PersistentLevel' has LevelScriptBlueprint '/Game/GameLavel.GameLavel:PersistentLevel.GameLavel' with GeneratedClass '/Game/GameLavel.GameLavel_C' with ClassGeneratedBy '/Game/GameLavel.GameLavel:PersistentLevel.GameLavel'
[2017.10.17-13.06.54:721][650]LogBlueprintUserMessages: Late EndPlayMap Detection: Level '/Game/GameLavel.GameLavel:PersistentLevel' has LevelScriptBlueprint '/Game/GameLavel.GameLavel:PersistentLevel.GameLavel' with GeneratedClass '/Game/GameLavel.GameLavel_C' with ClassGeneratedBy '/Game/GameLavel.GameLavel:PersistentLevel.GameLavel'
[2017.10.17-13.07.35:499][473]BlueprintLog: New page: Compile Mishen
[2017.10.17-13.07.36:024][520]LogTemp: Repeting last play command: New Editor Window (PIE)
[2017.10.17-13.07.36:049][520]LogBlueprintUserMessages: Early PlayInEditor Detection: Level '/Game/GameLavel.GameLavel:PersistentLevel' has LevelScriptBlueprint '/Game/GameLavel.GameLavel:PersistentLevel.GameLavel' with GeneratedClass '/Game/GameLavel.GameLavel_C' with ClassGeneratedBy '/Game/GameLavel.GameLavel:PersistentLevel.GameLavel'
[2017.10.17-13.07.36:049][520]LogPlayLevel: PlayLevel: No blueprints needed recompiling
[2017.10.17-13.07.36:050][520]PIE: New page: PIE session: GameLavel (Oct 17, 2017, 7:07:36 PM)
[2017.10.17-13.07.36:050][520]LogPlayLevel: Creating play world package: /Game/UEDPIE_0_GameLavel
[2017.10.17-13.07.36:052][520]LogPlayLevel: PIE: StaticDuplicateObject took: (0.002571s)
[2017.10.17-13.07.36:053][520]LogAIModule: Creating AISystem for world GameLavel
[2017.10.17-13.07.36:053][520]LogPlayLevel: PIE: World Init took: (0.001158s)
[2017.10.17-13.07.36:054][520]LogPlayLevel: PIE: Created PIE world by copying editor world from /Game/GameLavel.GameLavel to /Game/UEDPIE_0_GameLavel.GameLavel (0.003973s)
[2017.10.17-13.07.36:073][520]LogInit: XAudio2 using 'Динамики (Logitech G430 Gaming Headset)' : 8 channels at 48 kHz using 16 bits per sample (channel mask 0x63f)
[2017.10.17-13.07.36:085][520]LogInit: FAudioDevice initialized.
[2017.10.17-13.07.36:142][520]LogLoad: Game class is 'Mouse_GameMode_C'
[2017.10.17-13.07.36:145][520]LogWorld: Bringing World /Game/UEDPIE_0_GameLavel.GameLavel up for play (max tick rate 0) at 2017.10.17-16.07.36
[2017.10.17-13.07.36:145][520]LogWorld: Bringing up level for play took: 0.001875
[2017.10.17-13.07.36:148][520]PIE: Info Play in editor start time for /Game/UEDPIE_0_GameLavel -0.361
[2017.10.17-13.07.36:149][520]LogBlueprintUserMessages: Late PlayInEditor Detection: Level '/Game/GameLavel.GameLavel:PersistentLevel' has LevelScriptBlueprint '/Game/GameLavel.GameLavel:PersistentLevel.GameLavel' with GeneratedClass '/Game/GameLavel.GameLavel_C' with ClassGeneratedBy '/Game/GameLavel.GameLavel:PersistentLevel.GameLavel'
[2017.10.17-13.07.45:056][456]LogBlueprintUserMessages: Early EndPlayMap Detection: Level '/Game/GameLavel.GameLavel:PersistentLevel' has LevelScriptBlueprint '/Game/GameLavel.GameLavel:PersistentLevel.GameLavel' with GeneratedClass '/Game/GameLavel.GameLavel_C' with ClassGeneratedBy '/Game/GameLavel.GameLavel:PersistentLevel.GameLavel'
[2017.10.17-13.07.45:104][456]LogBlueprintUserMessages: Late EndPlayMap Detection: Level '/Game/GameLavel.GameLavel:PersistentLevel' has LevelScriptBlueprint '/Game/GameLavel.GameLavel:PersistentLevel.GameLavel' with GeneratedClass '/Game/GameLavel.GameLavel_C' with ClassGeneratedBy '/Game/GameLavel.GameLavel:PersistentLevel.GameLavel'
[2017.10.17-13.07.56:511][787]LogRenderer: Reallocating scene render targets to support 1308x996 NumSamples 1 (Frame:30771).
[2017.10.17-13.08.17:790][321]BlueprintLog: New page: Compile Mishen
[2017.10.17-13.08.18:307][367]LogTemp: Repeting last play command: New Editor Window (PIE)
[2017.10.17-13.08.18:332][367]LogBlueprintUserMessages: Early PlayInEditor Detection: Level '/Game/GameLavel.GameLavel:PersistentLevel' has LevelScriptBlueprint '/Game/GameLavel.GameLavel:PersistentLevel.GameLavel' with GeneratedClass '/Game/GameLavel.GameLavel_C' with ClassGeneratedBy '/Game/GameLavel.GameLavel:PersistentLevel.GameLavel'
[2017.10.17-13.08.18:333][367]LogPlayLevel: PlayLevel: No blueprints needed recompiling
[2017.10.17-13.08.18:333][367]PIE: New page: PIE session: GameLavel (Oct 17, 2017, 7:08:18 PM)
[2017.10.17-13.08.18:333][367]LogPlayLevel: Creating play world package: /Game/UEDPIE_0_GameLavel
[2017.10.17-13.08.18:335][367]LogPlayLevel: PIE: StaticDuplicateObject took: (0.002684s)
[2017.10.17-13.08.18:336][367]LogAIModule: Creating AISystem for world GameLavel
[2017.10.17-13.08.18:336][367]LogPlayLevel: PIE: World Init took: (0.000724s)
[2017.10.17-13.08.18:336][367]LogPlayLevel: PIE: Created PIE world by copying editor world from /Game/GameLavel.GameLavel to /Game/UEDPIE_0_GameLavel.GameLavel (0.003698s)
[2017.10.17-13.08.18:356][367]LogInit: XAudio2 using 'Динамики (Logitech G430 Gaming Headset)' : 8 channels at 48 kHz using 16 bits per sample (channel mask 0x63f)
[2017.10.17-13.08.18:368][367]LogInit: FAudioDevice initialized.
[2017.10.17-13.08.18:425][367]LogLoad: Game class is 'Mouse_GameMode_C'
[2017.10.17-13.08.18:428][367]LogWorld: Bringing World /Game/UEDPIE_0_GameLavel.GameLavel up for play (max tick rate 0) at 2017.10.17-16.08.18
[2017.10.17-13.08.18:429][367]LogWorld: Bringing up level for play took: 0.001891
[2017.10.17-13.08.18:432][367]PIE: Info Play in editor start time for /Game/UEDPIE_0_GameLavel -0.077
[2017.10.17-13.08.18:432][367]LogBlueprintUserMessages: Late PlayInEditor Detection: Level '/Game/GameLavel.GameLavel:PersistentLevel' has LevelScriptBlueprint '/Game/GameLavel.GameLavel:PersistentLevel.GameLavel' with GeneratedClass '/Game/GameLavel.GameLavel_C' with ClassGeneratedBy '/Game/GameLavel.GameLavel:PersistentLevel.GameLavel'
[2017.10.17-13.08.26:128][277]LogBlueprintUserMessages: Early EndPlayMap Detection: Level '/Game/GameLavel.GameLavel:PersistentLevel' has LevelScriptBlueprint '/Game/GameLavel.GameLavel:PersistentLevel.GameLavel' with GeneratedClass '/Game/GameLavel.GameLavel_C' with ClassGeneratedBy '/Game/GameLavel.GameLavel:PersistentLevel.GameLavel'
[2017.10.17-13.08.26:170][277]LogBlueprintUserMessages: Late EndPlayMap Detection: Level '/Game/GameLavel.GameLavel:PersistentLevel' has LevelScriptBlueprint '/Game/GameLavel.GameLavel:PersistentLevel.GameLavel' with GeneratedClass '/Game/GameLavel.GameLavel_C' with ClassGeneratedBy '/Game/GameLavel.GameLavel:PersistentLevel.GameLavel'
[2017.10.17-13.08.50:721][194]BlueprintLog: New page: Compile Mishen
[2017.10.17-13.08.54:060][575]LogTemp: Repeting last play command: New Editor Window (PIE)
[2017.10.17-13.08.54:079][575]LogBlueprintUserMessages: Early PlayInEditor Detection: Level '/Game/GameLavel.GameLavel:PersistentLevel' has LevelScriptBlueprint '/Game/GameLavel.GameLavel:PersistentLevel.GameLavel' with GeneratedClass '/Game/GameLavel.GameLavel_C' with ClassGeneratedBy '/Game/GameLavel.GameLavel:PersistentLevel.GameLavel'
[2017.10.17-13.08.54:079][575]LogPlayLevel: PlayLevel: No blueprints needed recompiling
[2017.10.17-13.08.54:079][575]PIE: New page: PIE session: GameLavel (Oct 17, 2017, 7:08:54 PM)
[2017.10.17-13.08.54:079][575]LogPlayLevel: Creating play world package: /Game/UEDPIE_0_GameLavel
[2017.10.17-13.08.54:082][575]LogPlayLevel: PIE: StaticDuplicateObject took: (0.002651s)
[2017.10.17-13.08.54:082][575]LogAIModule: Creating AISystem for world GameLavel
[2017.10.17-13.08.54:082][575]LogPlayLevel: PIE: World Init took: (0.000862s)
[2017.10.17-13.08.54:083][575]LogPlayLevel: PIE: Created PIE world by copying editor world from /Game/GameLavel.GameLavel to /Game/UEDPIE_0_GameLavel.GameLavel (0.003752s)
[2017.10.17-13.08.54:102][575]LogInit: XAudio2 using 'Динамики (Logitech G430 Gaming Headset)' : 8 channels at 48 kHz using 16 bits per sample (channel mask 0x63f)
[2017.10.17-13.08.54:114][575]LogInit: FAudioDevice initialized.
[2017.10.17-13.08.54:173][575]LogLoad: Game class is 'Mouse_GameMode_C'
[2017.10.17-13.08.54:176][575]LogWorld: Bringing World /Game/UEDPIE_0_GameLavel.GameLavel up for play (max tick rate 0) at 2017.10.17-16.08.54
[2017.10.17-13.08.54:176][575]LogWorld: Bringing up level for play took: 0.001809
[2017.10.17-13.08.54:181][575]PIE: Info Play in editor start time for /Game/UEDPIE_0_GameLavel -0.328
[2017.10.17-13.08.54:181][575]LogBlueprintUserMessages: Late PlayInEditor Detection: Level '/Game/GameLavel.GameLavel:PersistentLevel' has LevelScriptBlueprint '/Game/GameLavel.GameLavel:PersistentLevel.GameLavel' with GeneratedClass '/Game/GameLavel.GameLavel_C' with ClassGeneratedBy '/Game/GameLavel.GameLavel:PersistentLevel.GameLavel'
[2017.10.17-13.09.01:791][380]LogBlueprintUserMessages: Early EndPlayMap Detection: Level '/Game/GameLavel.GameLavel:PersistentLevel' has LevelScriptBlueprint '/Game/GameLavel.GameLavel:PersistentLevel.GameLavel' with GeneratedClass '/Game/GameLavel.GameLavel_C' with ClassGeneratedBy '/Game/GameLavel.GameLavel:PersistentLevel.GameLavel'
[2017.10.17-13.09.01:828][380]LogBlueprintUserMessages: Late EndPlayMap Detection: Level '/Game/GameLavel.GameLavel:PersistentLevel' has LevelScriptBlueprint '/Game/GameLavel.GameLavel:PersistentLevel.GameLavel' with GeneratedClass '/Game/GameLavel.GameLavel_C' with ClassGeneratedBy '/Game/GameLavel.GameLavel:PersistentLevel.GameLavel'
[2017.10.17-13.09.52:691][465]BlueprintLog: New page: Compile Mishen
[2017.10.17-13.09.53:721][541]BlueprintLog: New page: Compile Player1
[2017.10.17-13.10.07:352][125]LogTemp: Repeting last play command: New Editor Window (PIE)
[2017.10.17-13.10.07:371][125]LogBlueprintUserMessages: Early PlayInEditor Detection: Level '/Game/GameLavel.GameLavel:PersistentLevel' has LevelScriptBlueprint '/Game/GameLavel.GameLavel:PersistentLevel.GameLavel' with GeneratedClass '/Game/GameLavel.GameLavel_C' with ClassGeneratedBy '/Game/GameLavel.GameLavel:PersistentLevel.GameLavel'
[2017.10.17-13.10.07:371][125]LogPlayLevel: PlayLevel: No blueprints needed recompiling
[2017.10.17-13.10.07:371][125]PIE: New page: PIE session: GameLavel (Oct 17, 2017, 7:10:07 PM)
[2017.10.17-13.10.07:371][125]LogPlayLevel: Creating play world package: /Game/UEDPIE_0_GameLavel
[2017.10.17-13.10.07:374][125]LogPlayLevel: PIE: StaticDuplicateObject took: (0.002848s)
[2017.10.17-13.10.07:375][125]LogAIModule: Creating AISystem for world GameLavel
[2017.10.17-13.10.07:375][125]LogPlayLevel: PIE: World Init took: (0.001036s)
[2017.10.17-13.10.07:376][125]LogPlayLevel: PIE: Created PIE world by copying editor world from /Game/GameLavel.GameLavel to /Game/UEDPIE_0_GameLavel.GameLavel (0.004167s)
[2017.10.17-13.10.07:396][125]LogInit: XAudio2 using 'Динамики (Logitech G430 Gaming Headset)' : 8 channels at 48 kHz using 16 bits per sample (channel mask 0x63f)
[2017.10.17-13.10.07:409][125]LogInit: FAudioDevice initialized.
[2017.10.17-13.10.07:469][125]LogLoad: Game class is 'Mouse_GameMode_C'
[2017.10.17-13.10.07:471][125]LogWorld: Bringing World /Game/UEDPIE_0_GameLavel.GameLavel up for play (max tick rate 0) at 2017.10.17-16.10.07
[2017.10.17-13.10.07:472][125]LogWorld: Bringing up level for play took: 0.001988
[2017.10.17-13.10.07:476][125]PIE: Info Play in editor start time for /Game/UEDPIE_0_GameLavel 0.967
[2017.10.17-13.10.07:476][125]LogBlueprintUserMessages: Late PlayInEditor Detection: Level '/Game/GameLavel.GameLavel:PersistentLevel' has LevelScriptBlueprint '/Game/GameLavel.GameLavel:PersistentLevel.GameLavel' with GeneratedClass '/Game/GameLavel.GameLavel_C' with ClassGeneratedBy '/Game/GameLavel.GameLavel:PersistentLevel.GameLavel'
[2017.10.17-13.10.17:406][304]LogBlueprintUserMessages: Early EndPlayMap Detection: Level '/Game/GameLavel.GameLavel:PersistentLevel' has LevelScriptBlueprint '/Game/GameLavel.GameLavel:PersistentLevel.GameLavel' with GeneratedClass '/Game/GameLavel.GameLavel_C' with ClassGeneratedBy '/Game/GameLavel.GameLavel:PersistentLevel.GameLavel'
[2017.10.17-13.10.17:454][304]LogBlueprintUserMessages: Late EndPlayMap Detection: Level '/Game/GameLavel.GameLavel:PersistentLevel' has LevelScriptBlueprint '/Game/GameLavel.GameLavel:PersistentLevel.GameLavel' with GeneratedClass '/Game/GameLavel.GameLavel_C' with ClassGeneratedBy '/Game/GameLavel.GameLavel:PersistentLevel.GameLavel'
[2017.10.17-13.10.29:885][779]BlueprintLog: New page: Compile Mishen
[2017.10.17-13.10.30:569][845]LogTemp: Repeting last play command: New Editor Window (PIE)
[2017.10.17-13.10.30:595][845]LogBlueprintUserMessages: Early PlayInEditor Detection: Level '/Game/GameLavel.GameLavel:PersistentLevel' has LevelScriptBlueprint '/Game/GameLavel.GameLavel:PersistentLevel.GameLavel' with GeneratedClass '/Game/GameLavel.GameLavel_C' with ClassGeneratedBy '/Game/GameLavel.GameLavel:PersistentLevel.GameLavel'
[2017.10.17-13.10.30:595][845]LogPlayLevel: PlayLevel: No blueprints needed recompiling
[2017.10.17-13.10.30:595][845]PIE: New page: PIE session: GameLavel (Oct 17, 2017, 7:10:30 PM)
[2017.10.17-13.10.30:595][845]LogPlayLevel: Creating play world package: /Game/UEDPIE_0_GameLavel
[2017.10.17-13.10.30:598][845]LogPlayLevel: PIE: StaticDuplicateObject took: (0.002764s)
[2017.10.17-13.10.30:599][845]LogAIModule: Creating AISystem for world GameLavel
[2017.10.17-13.10.30:599][845]LogPlayLevel: PIE: World Init took: (0.001075s)
[2017.10.17-13.10.30:599][845]LogPlayLevel: PIE: Created PIE world by copying editor world from /Game/GameLavel.GameLavel to /Game/UEDPIE_0_GameLavel.GameLavel (0.004109s)
[2017.10.17-13.10.30:619][845]LogInit: XAudio2 using 'Динамики (Logitech G430 Gaming Headset)' : 8 channels at 48 kHz using 16 bits per sample (channel mask 0x63f)
[2017.10.17-13.10.30:631][845]LogInit: FAudioDevice initialized.
[2017.10.17-13.10.30:685][845]LogLoad: Game class is 'Mouse_GameMode_C'
[2017.10.17-13.10.30:688][845]LogWorld: Bringing World /Game/UEDPIE_0_GameLavel.GameLavel up for play (max tick rate 0) at 2017.10.17-16.10.30
[2017.10.17-13.10.30:688][845]LogWorld: Bringing up level for play took: 0.002101
[2017.10.17-13.10.30:691][845]PIE: Info Play in editor start time for /Game/UEDPIE_0_GameLavel 0.182
[2017.10.17-13.10.30:692][845]LogBlueprintUserMessages: Late PlayInEditor Detection: Level '/Game/GameLavel.GameLavel:PersistentLevel' has LevelScriptBlueprint '/Game/GameLavel.GameLavel:PersistentLevel.GameLavel' with GeneratedClass '/Game/GameLavel.GameLavel_C' with ClassGeneratedBy '/Game/GameLavel.GameLavel:PersistentLevel.GameLavel'
[2017.10.17-13.10.39:512][820]LogBlueprintUserMessages: Early EndPlayMap Detection: Level '/Game/GameLavel.GameLavel:PersistentLevel' has LevelScriptBlueprint '/Game/GameLavel.GameLavel:PersistentLevel.GameLavel' with GeneratedClass '/Game/GameLavel.GameLavel_C' with ClassGeneratedBy '/Game/GameLavel.GameLavel:PersistentLevel.GameLavel'
[2017.10.17-13.10.39:554][820]LogBlueprintUserMessages: Late EndPlayMap Detection: Level '/Game/GameLavel.GameLavel:PersistentLevel' has LevelScriptBlueprint '/Game/GameLavel.GameLavel:PersistentLevel.GameLavel' with GeneratedClass '/Game/GameLavel.GameLavel_C' with ClassGeneratedBy '/Game/GameLavel.GameLavel:PersistentLevel.GameLavel'
[2017.10.17-13.11.04:618][792]BlueprintLog: New page: Compile Mishen
[2017.10.17-13.11.05:241][851]LogTemp: Repeting last play command: New Editor Window (PIE)
[2017.10.17-13.11.05:259][851]LogBlueprintUserMessages: Early PlayInEditor Detection: Level '/Game/GameLavel.GameLavel:PersistentLevel' has LevelScriptBlueprint '/Game/GameLavel.GameLavel:PersistentLevel.GameLavel' with GeneratedClass '/Game/GameLavel.GameLavel_C' with ClassGeneratedBy '/Game/GameLavel.GameLavel:PersistentLevel.GameLavel'
[2017.10.17-13.11.05:260][851]LogPlayLevel: PlayLevel: No blueprints needed recompiling
[2017.10.17-13.11.05:260][851]PIE: New page: PIE session: GameLavel (Oct 17, 2017, 7:11:05 PM)
[2017.10.17-13.11.05:260][851]LogPlayLevel: Creating play world package: /Game/UEDPIE_0_GameLavel
[2017.10.17-13.11.05:262][851]LogPlayLevel: PIE: StaticDuplicateObject took: (0.002464s)
[2017.10.17-13.11.05:263][851]LogAIModule: Creating AISystem for world GameLavel
[2017.10.17-13.11.05:263][851]LogPlayLevel: PIE: World Init took: (0.000948s)
[2017.10.17-13.11.05:263][851]LogPlayLevel: PIE: Created PIE world by copying editor world from /Game/GameLavel.GameLavel to /Game/UEDPIE_0_GameLavel.GameLavel (0.003621s)
[2017.10.17-13.11.05:282][851]LogInit: XAudio2 using 'Динамики (Logitech G430 Gaming Headset)' : 8 channels at 48 kHz using 16 bits per sample (channel mask 0x63f)
[2017.10.17-13.11.05:294][851]LogInit: FAudioDevice initialized.
[2017.10.17-13.11.05:354][851]LogLoad: Game class is 'Mouse_GameMode_C'
[2017.10.17-13.11.05:357][851]LogWorld: Bringing World /Game/UEDPIE_0_GameLavel.GameLavel up for play (max tick rate 0) at 2017.10.17-16.11.05
[2017.10.17-13.11.05:357][851]LogWorld: Bringing up level for play took: 0.001762
[2017.10.17-13.11.05:361][851]PIE: Info Play in editor start time for /Game/UEDPIE_0_GameLavel 0.852
[2017.10.17-13.11.05:362][851]LogBlueprintUserMessages: Late PlayInEditor Detection: Level '/Game/GameLavel.GameLavel:PersistentLevel' has LevelScriptBlueprint '/Game/GameLavel.GameLavel:PersistentLevel.GameLavel' with GeneratedClass '/Game/GameLavel.GameLavel_C' with ClassGeneratedBy '/Game/GameLavel.GameLavel:PersistentLevel.GameLavel'
[2017.10.17-13.11.09:657][360]LogBlueprintUserMessages: [Mishen_266] qwe
[2017.10.17-13.11.09:974][398]LogBlueprintUserMessages: [Mishen3_458] qwe
[2017.10.17-13.11.10:366][445]LogBlueprintUserMessages: [Mishen2_363] qwe
[2017.10.17-13.11.10:758][492]LogBlueprintUserMessages: [Mishen4_579] qwe
[2017.10.17-13.11.11:072][527]LogBlueprintUserMessages: Early EndPlayMap Detection: Level '/Game/GameLavel.GameLavel:PersistentLevel' has LevelScriptBlueprint '/Game/GameLavel.GameLavel:PersistentLevel.GameLavel' with GeneratedClass '/Game/GameLavel.GameLavel_C' with ClassGeneratedBy '/Game/GameLavel.GameLavel:PersistentLevel.GameLavel'
[2017.10.17-13.11.11:111][527]LogBlueprintUserMessages: Late EndPlayMap Detection: Level '/Game/GameLavel.GameLavel:PersistentLevel' has LevelScriptBlueprint '/Game/GameLavel.GameLavel:PersistentLevel.GameLavel' with GeneratedClass '/Game/GameLavel.GameLavel_C' with ClassGeneratedBy '/Game/GameLavel.GameLavel:PersistentLevel.GameLavel'
[2017.10.17-13.11.53:405][492]BlueprintLog: New page: Compile Mishen
[2017.10.17-13.12.03:688][649]BlueprintLog: New page: Compile Mishen
[2017.10.17-13.12.04:317][709]LogTemp: Repeting last play command: New Editor Window (PIE)
[2017.10.17-13.12.04:341][709]LogBlueprintUserMessages: Early PlayInEditor Detection: Level '/Game/GameLavel.GameLavel:PersistentLevel' has LevelScriptBlueprint '/Game/GameLavel.GameLavel:PersistentLevel.GameLavel' with GeneratedClass '/Game/GameLavel.GameLavel_C' with ClassGeneratedBy '/Game/GameLavel.GameLavel:PersistentLevel.GameLavel'
[2017.10.17-13.12.04:341][709]LogPlayLevel: PlayLevel: No blueprints needed recompiling
[2017.10.17-13.12.04:341][709]PIE: New page: PIE session: GameLavel (Oct 17, 2017, 7:12:04 PM)
[2017.10.17-13.12.04:341][709]LogPlayLevel: Creating play world package: /Game/UEDPIE_0_GameLavel
[2017.10.17-13.12.04:344][709]LogPlayLevel: PIE: StaticDuplicateObject took: (0.002599s)
[2017.10.17-13.12.04:345][709]LogAIModule: Creating AISystem for world GameLavel
[2017.10.17-13.12.04:345][709]LogPlayLevel: PIE: World Init took: (0.001208s)
[2017.10.17-13.12.04:346][709]LogPlayLevel: PIE: Created PIE world by copying editor world from /Game/GameLavel.GameLavel to /Game/UEDPIE_0_GameLavel.GameLavel (0.004062s)
[2017.10.17-13.12.04:364][709]LogInit: XAudio2 using 'Динамики (Logitech G430 Gaming Headset)' : 8 channels at 48 kHz using 16 bits per sample (channel mask 0x63f)
[2017.10.17-13.12.04:377][709]LogInit: FAudioDevice initialized.
[2017.10.17-13.12.04:434][709]LogLoad: Game class is 'Mouse_GameMode_C'
[2017.10.17-13.12.04:436][709]LogWorld: Bringing World /Game/UEDPIE_0_GameLavel.GameLavel up for play (max tick rate 0) at 2017.10.17-16.12.04
[2017.10.17-13.12.04:436][709]LogWorld: Bringing up level for play took: 0.001739
[2017.10.17-13.12.04:439][709]PIE: Info Play in editor start time for /Game/UEDPIE_0_GameLavel -0.069
[2017.10.17-13.12.04:440][709]LogBlueprintUserMessages: Late PlayInEditor Detection: Level '/Game/GameLavel.GameLavel:PersistentLevel' has LevelScriptBlueprint '/Game/GameLavel.GameLavel:PersistentLevel.GameLavel' with GeneratedClass '/Game/GameLavel.GameLavel_C' with ClassGeneratedBy '/Game/GameLavel.GameLavel:PersistentLevel.GameLavel'
[2017.10.17-13.12.08:637][203]LogBlueprintUserMessages: [Mishen3_458] 3
[2017.10.17-13.12.09:029][250]LogBlueprintUserMessages: [Mishen2_363] 3
[2017.10.17-13.12.09:420][297]LogBlueprintUserMessages: [Mishen_266] 3
[2017.10.17-13.12.09:813][344]LogBlueprintUserMessages: [Mishen4_579] 3
[2017.10.17-13.12.11:761][575]LogBlueprintUserMessages: Early EndPlayMap Detection: Level '/Game/GameLavel.GameLavel:PersistentLevel' has LevelScriptBlueprint '/Game/GameLavel.GameLavel:PersistentLevel.GameLavel' with GeneratedClass '/Game/GameLavel.GameLavel_C' with ClassGeneratedBy '/Game/GameLavel.GameLavel:PersistentLevel.GameLavel'
[2017.10.17-13.12.11:805][575]LogBlueprintUserMessages: Late EndPlayMap Detection: Level '/Game/GameLavel.GameLavel:PersistentLevel' has LevelScriptBlueprint '/Game/GameLavel.GameLavel:PersistentLevel.GameLavel' with GeneratedClass '/Game/GameLavel.GameLavel_C' with ClassGeneratedBy '/Game/GameLavel.GameLavel:PersistentLevel.GameLavel'
[2017.10.17-13.12.36:770][553]Cmd: OBJ SAVEPACKAGE PACKAGE="/Game/GameLavel" FILE="../../../../../../P - programist/UE4/Timekill/TimeKill/Saved/Autosaves/Game/GameLavel_Auto2.umap" SILENT=true AUTOSAVING=true KEEPDIRTY=false
[2017.10.17-13.12.36:934][553]LogSavePackage: Save=148.30ms
[2017.10.17-13.12.36:934][553]LogSavePackage: Moving '../../../../../../P - programist/UE4/Timekill/TimeKill/Saved/GameLavel_Auto25AE036494E86F37608A42082066B42BE.tmp' to '../../../../../../P - programist/UE4/Timekill/TimeKill/Saved/Autosaves/Game/GameLavel_Auto2.umap'
[2017.10.17-13.12.36:935][553]LogSavePackage:Display: Finished SavePackage ../../../../../../P - programist/UE4/Timekill/TimeKill/Saved/Autosaves/Game/GameLavel_Auto2.umap
[2017.10.17-13.12.36:936][553]LogFileHelpers: Editor autosave (incl. sublevels) for '/Game/GameLavel' took 0.195
[2017.10.17-13.12.36:936][553]LogFileHelpers: Editor autosave (incl. sublevels) for all levels took 0.195
[2017.10.17-13.12.36:938][553]OBJ SavePackage: Generating thumbnails for [0] asset(s) in package [/Game/Blueprints/Player1] ([1] browsable assets)...
[2017.10.17-13.12.36:938][553]OBJ SavePackage: Finished generating thumbnails for package [/Game/Blueprints/Player1]
[2017.10.17-13.12.36:938][553]Cmd: OBJ SAVEPACKAGE PACKAGE="/Game/Blueprints/Player1" FILE="../../../../../../P - programist/UE4/Timekill/TimeKill/Saved/Autosaves/Game/Blueprints/Player1_Auto2.uasset" SILENT=false AUTOSAVING=true
[2017.10.17-13.12.37:145][553]LogSavePackage: Save=174.54ms
[2017.10.17-13.12.37:145][553]LogSavePackage: Moving '../../../../../../P - programist/UE4/Timekill/TimeKill/Saved/Player1_Auto207405D9C4D07AE07A89C66B3147F03EB.tmp' to '../../../../../../P - programist/UE4/Timekill/TimeKill/Saved/Autosaves/Game/Blueprints/Player1_Auto2.uasset'
[2017.10.17-13.12.37:146][553]LogSavePackage:Display: Finished SavePackage ../../../../../../P - programist/UE4/Timekill/TimeKill/Saved/Autosaves/Game/Blueprints/Player1_Auto2.uasset
[2017.10.17-13.12.37:147][553]OBJ SavePackage: Generating thumbnails for [0] asset(s) in package [/Game/Blueprints/Mishen] ([1] browsable assets)...
[2017.10.17-13.12.37:147][553]OBJ SavePackage: Finished generating thumbnails for package [/Game/Blueprints/Mishen]
[2017.10.17-13.12.37:147][553]Cmd: OBJ SAVEPACKAGE PACKAGE="/Game/Blueprints/Mishen" FILE="../../../../../../P - programist/UE4/Timekill/TimeKill/Saved/Autosaves/Game/Blueprints/Mishen_Auto2.uasset" SILENT=false AUTOSAVING=true
[2017.10.17-13.12.37:192][553]LogSavePackage: Save=30.24ms
[2017.10.17-13.12.37:192][553]LogSavePackage: Moving '../../../../../../P - programist/UE4/Timekill/TimeKill/Saved/Mishen_Auto2589A329C4C1854C684DAC4A809111FDC.tmp' to '../../../../../../P - programist/UE4/Timekill/TimeKill/Saved/Autosaves/Game/Blueprints/Mishen_Auto2.uasset'
[2017.10.17-13.12.37:198][553]LogSavePackage:Display: Finished SavePackage ../../../../../../P - programist/UE4/Timekill/TimeKill/Saved/Autosaves/Game/Blueprints/Mishen_Auto2.uasset
[2017.10.17-13.12.37:198][553]LogFileHelpers: Auto-saving content packages took 0.260
[2017.10.17-13.44.48:435][838]LogTemp: Repeting last play command: New Editor Window (PIE)
[2017.10.17-13.44.48:461][838]LogBlueprintUserMessages: Early PlayInEditor Detection: Level '/Game/GameLavel.GameLavel:PersistentLevel' has LevelScriptBlueprint '/Game/GameLavel.GameLavel:PersistentLevel.GameLavel' with GeneratedClass '/Game/GameLavel.GameLavel_C' with ClassGeneratedBy '/Game/GameLavel.GameLavel:PersistentLevel.GameLavel'
[2017.10.17-13.44.48:461][838]LogPlayLevel: PlayLevel: No blueprints needed recompiling
[2017.10.17-13.44.48:461][838]PIE: New page: PIE session: GameLavel (Oct 17, 2017, 7:44:48 PM)
[2017.10.17-13.44.48:462][838]LogPlayLevel: Creating play world package: /Game/UEDPIE_0_GameLavel
[2017.10.17-13.44.48:465][838]LogPlayLevel: PIE: StaticDuplicateObject took: (0.003094s)
[2017.10.17-13.44.48:465][838]LogAIModule: Creating AISystem for world GameLavel
[2017.10.17-13.44.48:466][838]LogPlayLevel: PIE: World Init took: (0.000951s)
[2017.10.17-13.44.48:466][838]LogPlayLevel: PIE: Created PIE world by copying editor world from /Game/GameLavel.GameLavel to /Game/UEDPIE_0_GameLavel.GameLavel (0.004349s)
[2017.10.17-13.44.48:487][838]LogInit: XAudio2 using 'Динамики (Logitech G430 Gaming Headset)' : 8 channels at 48 kHz using 16 bits per sample (channel mask 0x63f)
[2017.10.17-13.44.48:501][838]LogInit: FAudioDevice initialized.
[2017.10.17-13.44.48:559][838]LogLoad: Game class is 'Mouse_GameMode_C'
[2017.10.17-13.44.48:561][838]LogWorld: Bringing World /Game/UEDPIE_0_GameLavel.GameLavel up for play (max tick rate 0) at 2017.10.17-16.44.48
[2017.10.17-13.44.48:562][838]LogWorld: Bringing up level for play took: 0.002125
[2017.10.17-13.44.48:566][838]PIE: Info Play in editor start time for /Game/UEDPIE_0_GameLavel 0.057
[2017.10.17-13.44.48:566][838]LogBlueprintUserMessages: Late PlayInEditor Detection: Level '/Game/GameLavel.GameLavel:PersistentLevel' has LevelScriptBlueprint '/Game/GameLavel.GameLavel:PersistentLevel.GameLavel' with GeneratedClass '/Game/GameLavel.GameLavel_C' with ClassGeneratedBy '/Game/GameLavel.GameLavel:PersistentLevel.GameLavel'
[2017.10.17-13.44.52:759][330]LogBlueprintUserMessages: [Mishen3_458] 3
[2017.10.17-13.44.53:151][377]LogBlueprintUserMessages: [Mishen2_363] 3
[2017.10.17-13.44.56:349][758]LogBlueprintUserMessages: Early EndPlayMap Detection: Level '/Game/GameLavel.GameLavel:PersistentLevel' has LevelScriptBlueprint '/Game/GameLavel.GameLavel:PersistentLevel.GameLavel' with GeneratedClass '/Game/GameLavel.GameLavel_C' with ClassGeneratedBy '/Game/GameLavel.GameLavel:PersistentLevel.GameLavel'
[2017.10.17-13.44.56:391][758]LogBlueprintUserMessages: Late EndPlayMap Detection: Level '/Game/GameLavel.GameLavel:PersistentLevel' has LevelScriptBlueprint '/Game/GameLavel.GameLavel:PersistentLevel.GameLavel' with GeneratedClass '/Game/GameLavel.GameLavel_C' with ClassGeneratedBy '/Game/GameLavel.GameLavel:PersistentLevel.GameLavel'
[2017.10.17-13.45.17:260][ 84]BlueprintLog: New page: Compile Mishen
[2017.10.17-13.45.17:272][ 84]LogBlueprint:Error: [Compiler Mishen] Error Failed to resolve term  Value  passed into  Target
[2017.10.17-13.45.17:794][ 84]BlueprintEditorCompileResults:Error: Error Failed to resolve term  Value  passed into  Target
[2017.10.17-13.45.17:794][ 84]LogBlueprint:Warning: [Compiler Mishen] Warning [6120.22] Compile of Mishen failed. 1 Fatal Issue(s) 0 Warning(s) [in 533 ms] (/Game/Blueprints/Mishen.Mishen)
[2017.10.17-13.46.13:786][248]BlueprintLog: New page: Compile Player1
[2017.10.17-13.46.24:673][308]BlueprintLog: New page: Compile Player1
[2017.10.17-13.47.01:343][729]Cmd: OBJ SAVEPACKAGE PACKAGE="/Game/GameLavel" FILE="../../../../../../P - programist/UE4/Timekill/TimeKill/Saved/Autosaves/Game/GameLavel_Auto3.umap" SILENT=true AUTOSAVING=true KEEPDIRTY=false
[2017.10.17-13.47.01:519][729]LogSavePackage: Save=160.51ms
[2017.10.17-13.47.01:519][729]LogSavePackage: Moving '../../../../../../P - programist/UE4/Timekill/TimeKill/Saved/GameLavel_Auto3685C6DAF4234E0CC7A7E37B7D991896A.tmp' to '../../../../../../P - programist/UE4/Timekill/TimeKill/Saved/Autosaves/Game/GameLavel_Auto3.umap'
[2017.10.17-13.47.01:520][729]LogSavePackage:Display: Finished SavePackage ../../../../../../P - programist/UE4/Timekill/TimeKill/Saved/Autosaves/Game/GameLavel_Auto3.umap
[2017.10.17-13.47.01:522][729]LogFileHelpers: Editor autosave (incl. sublevels) for '/Game/GameLavel' took 0.196
[2017.10.17-13.47.01:522][729]LogFileHelpers: Editor autosave (incl. sublevels) for all levels took 0.196
[2017.10.17-13.47.01:524][729]OBJ SavePackage: Generating thumbnails for [0] asset(s) in package [/Game/Blueprints/Player1] ([1] browsable assets)...
[2017.10.17-13.47.01:524][729]OBJ SavePackage: Finished generating thumbnails for package [/Game/Blueprints/Player1]
[2017.10.17-13.47.01:524][729]Cmd: OBJ SAVEPACKAGE PACKAGE="/Game/Blueprints/Player1" FILE="../../../../../../P - programist/UE4/Timekill/TimeKill/Saved/Autosaves/Game/Blueprints/Player1_Auto3.uasset" SILENT=false AUTOSAVING=true
[2017.10.17-13.47.01:711][729]LogSavePackage: Save=171.36ms
[2017.10.17-13.47.01:711][729]LogSavePackage: Moving '../../../../../../P - programist/UE4/Timekill/TimeKill/Saved/Player1_Auto37D1EEFC84DB55CDE6CFD9EA37AA39BF4.tmp' to '../../../../../../P - programist/UE4/Timekill/TimeKill/Saved/Autosaves/Game/Blueprints/Player1_Auto3.uasset'
[2017.10.17-13.47.01:712][729]LogSavePackage:Display: Finished SavePackage ../../../../../../P - programist/UE4/Timekill/TimeKill/Saved/Autosaves/Game/Blueprints/Player1_Auto3.uasset
[2017.10.17-13.47.01:712][729]OBJ SavePackage: Generating thumbnails for [0] asset(s) in package [/Game/Blueprints/Mishen] ([1] browsable assets)...
[2017.10.17-13.47.01:712][729]OBJ SavePackage: Finished generating thumbnails for package [/Game/Blueprints/Mishen]
[2017.10.17-13.47.01:712][729]Cmd: OBJ SAVEPACKAGE PACKAGE="/Game/Blueprints/Mishen" FILE="../../../../../../P - programist/UE4/Timekill/TimeKill/Saved/Autosaves/Game/Blueprints/Mishen_Auto3.uasset" SILENT=false AUTOSAVING=true
[2017.10.17-13.47.01:749][729]LogSavePackage: Save=21.97ms
[2017.10.17-13.47.01:749][729]LogSavePackage: Moving '../../../../../../P - programist/UE4/Timekill/TimeKill/Saved/Mishen_Auto33A029F594B77565B3CE200B2CC8805C1.tmp' to '../../../../../../P - programist/UE4/Timekill/TimeKill/Saved/Autosaves/Game/Blueprints/Mishen_Auto3.uasset'
[2017.10.17-13.47.01:749][729]LogSavePackage:Display: Finished SavePackage ../../../../../../P - programist/UE4/Timekill/TimeKill/Saved/Autosaves/Game/Blueprints/Mishen_Auto3.uasset
[2017.10.17-13.47.01:749][729]LogFileHelpers: Auto-saving content packages took 0.227
[2017.10.17-14.14.12:585][667]LogTemp: Repeting last play command: New Editor Window (PIE)
[2017.10.17-14.14.12:629][667]LogBlueprintUserMessages: Early PlayInEditor Detection: Level '/Game/GameLavel.GameLavel:PersistentLevel' has LevelScriptBlueprint '/Game/GameLavel.GameLavel:PersistentLevel.GameLavel' with GeneratedClass '/Game/GameLavel.GameLavel_C' with ClassGeneratedBy '/Game/GameLavel.GameLavel:PersistentLevel.GameLavel'
[2017.10.17-14.14.12:629][667]LogPlayLevel: PlayLevel: No blueprints needed recompiling
[2017.10.17-14.14.25:661][584]LogActorComponent: UnregisterComponent: (/Engine/Transient.EditorFloorComp) Not registered. Aborting.
[2017.10.17-14.14.26:143][585]Cmd: QUIT_EDITOR
[2017.10.17-14.14.27:323][585]LogWindowsTextInputMethodSystem:Display: IME system now deactivated.
[2017.10.17-14.14.27:380][585]LogExit: Preparing to exit.
[2017.10.17-14.14.28:491][585]LogDirectoryWatcher: A directory notification for 'D:/P - programist/UE4/Timekill/TimeKill/Content/' was aborted.
[2017.10.17-14.14.28:708][585]LogExit: Editor shut down
[2017.10.17-14.14.28:709][585]LogExit: Transaction tracking system shut down
[2017.10.17-14.14.32:345][585]LogObj: Freed 0b from 0 cluster array pools.
[2017.10.17-14.14.32:345][585]LogExit: Object subsystem successfully closed.
[2017.10.17-14.14.32:869][585]LogD3D11RHI: Shutdown
[2017.10.17-14.14.32:869][585]LogD3D11RHI: CleanupD3DDevice
[2017.10.17-14.14.33:052][585]LogD3D11RHI: ~FD3D11DynamicRHI
[2017.10.17-14.14.34:467][585]LogModuleManager: Shutting down and abandoning module BlueprintGraph (504)
[2017.10.17-14.14.34:467][585]LogModuleManager: Shutting down and abandoning module BlueprintProfiler (502)
[2017.10.17-14.14.34:529][585]LogModuleManager: Shutting down and abandoning module MovieSceneCapture (500)
[2017.10.17-14.14.34:529][585]LogModuleManager: Shutting down and abandoning module HierarchicalLODOutliner (498)
[2017.10.17-14.14.34:558][585]LogModuleManager: Shutting down and abandoning module CrashTracker (496)
[2017.10.17-14.14.34:558][585]LogModuleManager: Shutting down and abandoning module AddContentDialog (494)
[2017.10.17-14.14.34:581][585]LogDirectoryWatcher: A directory notification for 'D:/Program Files/Epic Games/UE_4.15/FeaturePacks/' was aborted.
[2017.10.17-14.14.34:619][585]LogModuleManager: Shutting down and abandoning module WidgetCarousel (493)
[2017.10.17-14.14.34:619][585]LogModuleManager: Shutting down and abandoning module EditorWidgets (490)
[2017.10.17-14.14.34:619][585]LogModuleManager: Shutting down and abandoning module CollectionManager (488)
[2017.10.17-14.14.34:639][585]LogDirectoryWatcher: A directory notification for 'D:/P - programist/UE4/Timekill/TimeKill/Content/Collections/' was aborted.
[2017.10.17-14.14.34:639][585]LogDirectoryWatcher: A directory notification for 'D:/P - programist/UE4/Timekill/TimeKill/Content/Developers/IzPOD/Collections/' was aborted.
[2017.10.17-14.14.34:639][585]LogDirectoryWatcher: A directory notification for 'D:/P - programist/UE4/Timekill/TimeKill/Saved/Collections/' was aborted.
[2017.10.17-14.14.34:639][585]LogModuleManager: Shutting down and abandoning module SceneOutliner (486)
[2017.10.17-14.14.34:639][585]LogModuleManager: Shutting down and abandoning module StatsViewer (484)
[2017.10.17-14.14.34:671][585]LogModuleManager: Shutting down and abandoning module FoliageEdit (482)
[2017.10.17-14.14.34:671][585]LogModuleManager: Shutting down and abandoning module LandscapeEditor (480)
[2017.10.17-14.14.34:699][585]LogModuleManager: Shutting down and abandoning module SceneDepthPickerMode (478)
[2017.10.17-14.14.34:699][585]LogModuleManager: Shutting down and abandoning module ActorPickerMode (476)
[2017.10.17-14.14.34:699][585]LogModuleManager: Shutting down and abandoning module GeometryMode (474)
[2017.10.17-14.14.34:699][585]LogModuleManager: Shutting down and abandoning module TextureAlignMode (472)
[2017.10.17-14.14.34:699][585]LogModuleManager: Shutting down and abandoning module BspMode (470)
[2017.10.17-14.14.34:714][585]LogModuleManager: Shutting down and abandoning module HardwareSurvey (468)
[2017.10.17-14.14.34:730][585]LogModuleManager: Shutting down and abandoning module SequenceRecorderSections (466)
[2017.10.17-14.14.34:739][585]LogModuleManager: Shutting down and abandoning module AutomationWorker (464)
[2017.10.17-14.14.34:764][585]LogModuleManager: Shutting down and abandoning module MatineeToLevelSequence (462)
[2017.10.17-14.14.34:793][585]LogModuleManager: Shutting down and abandoning module LevelSequenceEditor (460)
[2017.10.17-14.14.34:905][585]LogModuleManager: Shutting down and abandoning module PlacementMode (459)
[2017.10.17-14.14.34:905][585]LogModuleManager: Shutting down and abandoning module WmfMediaFactory (456)
[2017.10.17-14.14.34:905][585]LogModuleManager: Shutting down and abandoning module WmfMediaEditor (454)
[2017.10.17-14.14.34:905][585]LogModuleManager: Shutting down and abandoning module MfMediaFactory (452)
[2017.10.17-14.14.34:905][585]LogModuleManager: Shutting down and abandoning module MfMediaEditor (450)
[2017.10.17-14.14.34:905][585]LogModuleManager: Shutting down and abandoning module AvfMediaFactory (448)
[2017.10.17-14.14.34:905][585]LogModuleManager: Shutting down and abandoning module AvfMediaEditor (446)
[2017.10.17-14.14.34:905][585]LogModuleManager: Shutting down and abandoning module AndroidMediaFactory (444)
[2017.10.17-14.14.34:905][585]LogModuleManager: Shutting down and abandoning module Media (443)
[2017.10.17-14.14.34:905][585]LogModuleManager: Shutting down and abandoning module AndroidMediaEditor (440)
[2017.10.17-14.14.34:905][585]LogModuleManager: Shutting down and abandoning module CharacterAI (438)
[2017.10.17-14.14.34:905][585]LogModuleManager: Shutting down and abandoning module AudioCapture (436)
[2017.10.17-14.14.34:930][585]LogModuleManager: Shutting down and abandoning module SequenceRecorder (435)
[2017.10.17-14.14.34:989][585]LogModuleManager: Shutting down and abandoning module SmartSnapping (432)
[2017.10.17-14.14.34:989][585]LogModuleManager: Shutting down and abandoning module SessionServices (430)
[2017.10.17-14.14.34:989][585]LogModuleManager: Shutting down and abandoning module ViewportSnapping (428)
[2017.10.17-14.14.34:989][585]LogModuleManager: Shutting down and abandoning module ViewportInteraction (426)
[2017.10.17-14.14.34:989][585]LogModuleManager: Shutting down and abandoning module LogVisualizer (424)
[2017.10.17-14.14.35:016][585]LogModuleManager: Shutting down and abandoning module IntroTutorials (422)
[2017.10.17-14.14.35:052][585]LogModuleManager: Shutting down and abandoning module GameProjectGeneration (421)
[2017.10.17-14.14.35:118][585]LogModuleManager: Shutting down and abandoning module EditorLiveStreaming (418)
[2017.10.17-14.14.35:118][585]LogModuleManager: Shutting down and abandoning module IOSPlatformEditor (416)
[2017.10.17-14.14.35:118][585]LogModuleManager: Shutting down and abandoning module HTML5PlatformEditor (414)
[2017.10.17-14.14.35:118][585]LogModuleManager: Shutting down and abandoning module AndroidPlatformEditor (412)
[2017.10.17-14.14.35:148][585]LogModuleManager: Shutting down and abandoning module AndroidDeviceDetection (411)
[2017.10.17-14.14.35:465][585]LogModuleManager: Shutting down and abandoning module IOSRuntimeSettings (408)
[2017.10.17-14.14.35:465][585]LogModuleManager: Shutting down and abandoning module AndroidRuntimeSettings (406)
[2017.10.17-14.14.35:465][585]LogModuleManager: Shutting down and abandoning module InputBindingEditor (404)
[2017.10.17-14.14.35:495][585]LogModuleManager: Shutting down and abandoning module NiagaraEditor (402)
[2017.10.17-14.14.35:531][585]LogModuleManager: Shutting down and abandoning module MergeActors (400)
[2017.10.17-14.14.35:558][585]LogModuleManager: Shutting down and abandoning module SizeMap (398)
[2017.10.17-14.14.35:582][585]LogModuleManager: Shutting down and abandoning module TreeMap (396)
[2017.10.17-14.14.35:604][585]LogModuleManager: Shutting down and abandoning module ReferenceViewer (394)
[2017.10.17-14.14.35:604][585]LogModuleManager: Shutting down and abandoning module LocalizationDashboard (392)
[2017.10.17-14.14.35:644][585]LogModuleManager: Shutting down and abandoning module LocalizationService (391)
[2017.10.17-14.14.35:672][585]LogModuleManager: Shutting down and abandoning module HardwareTargeting (388)
[2017.10.17-14.14.35:673][585]LogModuleManager: Shutting down and abandoning module DeviceProfileEditor (386)
[2017.10.17-14.14.35:692][585]LogModuleManager: Shutting down and abandoning module UndoHistory (384)
[2017.10.17-14.14.35:702][585]LogModuleManager: Shutting down and abandoning module UserFeedback (382)
[2017.10.17-14.14.35:702][585]LogModuleManager: Shutting down and abandoning module XmlParser (380)
[2017.10.17-14.14.35:724][585]LogModuleManager: Shutting down and abandoning module Blutility (378)
[2017.10.17-14.14.35:761][585]LogModuleManager: Shutting down and abandoning module ProjectSettingsViewer (376)
[2017.10.17-14.14.35:761][585]LogModuleManager: Shutting down and abandoning module ProjectTargetPlatformEditor (375)
[2017.10.17-14.14.35:762][585]LogModuleManager: Shutting down and abandoning module EditorSettingsViewer (372)
[2017.10.17-14.14.35:762][585]LogModuleManager: Shutting down and abandoning module SettingsEditor (370)
[2017.10.17-14.14.35:797][585]LogModuleManager: Shutting down and abandoning module ProjectLauncher (368)
[2017.10.17-14.14.35:819][585]LogModuleManager: Shutting down and abandoning module SessionFrontend (366)
[2017.10.17-14.14.35:840][585]LogModuleManager: Shutting down and abandoning module ProfilerClient (364)
[2017.10.17-14.14.35:861][585]LogModuleManager: Shutting down and abandoning module DeviceManager (362)
[2017.10.17-14.14.35:883][585]LogModuleManager: Shutting down and abandoning module TargetDeviceServices (361)
[2017.10.17-14.14.35:960][585]LogModuleManager: Shutting down and abandoning module AutomationController (358)
[2017.10.17-14.14.35:995][585]LogModuleManager: Shutting down and abandoning module AutomationWindow (356)
[2017.10.17-14.14.36:035][585]LogModuleManager: Shutting down and abandoning module Layers (354)
[2017.10.17-14.14.36:081][585]LogModuleManager: Shutting down and abandoning module ComponentVisualizers (352)
[2017.10.17-14.14.36:081][585]LogModuleManager: Shutting down and abandoning module DetailCustomizations (350)
[2017.10.17-14.14.36:124][585]LogModuleManager: Shutting down and abandoning module PackagesDialog (348)
[2017.10.17-14.14.36:124][585]LogModuleManager: Shutting down and abandoning module Persona (346)
[2017.10.17-14.14.36:191][585]LogModuleManager: Shutting down and abandoning module AnimGraph (345)
[2017.10.17-14.14.36:191][585]LogModuleManager: Shutting down and abandoning module Kismet (342)
[2017.10.17-14.14.36:248][585]LogModuleManager: Shutting down and abandoning module GraphEditor (340)
[2017.10.17-14.14.36:248][585]LogModuleManager: Shutting down and abandoning module ClassViewer (338)
[2017.10.17-14.14.36:248][585]LogModuleManager: Shutting down and abandoning module Toolbox (336)
[2017.10.17-14.14.36:270][585]LogModuleManager: Shutting down and abandoning module ModuleUI (334)
[2017.10.17-14.14.36:284][585]LogModuleManager: Shutting down and abandoning module MovieSceneTools (332)
[2017.10.17-14.14.36:300][585]LogModuleManager: Shutting down and abandoning module OutputLog (330)
[2017.10.17-14.14.36:310][585]LogModuleManager: Shutting down and abandoning module GammaUI (328)
[2017.10.17-14.14.36:316][585]LogModuleManager: Shutting down and abandoning module Documentation (326)
[2017.10.17-14.14.36:317][585]LogModuleManager: Shutting down and abandoning module Niagara (324)
[2017.10.17-14.14.36:317][585]LogModuleManager: Shutting down and abandoning module StreamingPauseRendering (322)
[2017.10.17-14.14.36:317][585]LogModuleManager: Shutting down and abandoning module AnalyticsET (320)
[2017.10.17-14.14.36:317][585]LogModuleManager: Shutting down and abandoning module PortalServices (318)
[2017.10.17-14.14.36:317][585]LogModuleManager: Shutting down and abandoning module PortalRpc (316)
[2017.10.17-14.14.36:317][585]LogModuleManager: Shutting down and abandoning module MessagingRpc (314)
[2017.10.17-14.14.36:317][585]LogModuleManager: Shutting down and abandoning module AIModule (312)
[2017.10.17-14.14.36:325][585]LogModuleManager: Shutting down and abandoning module GameplayDebugger (311)
[2017.10.17-14.14.36:435][585]LogModuleManager: Shutting down and abandoning module AITestSuite (309)
[2017.10.17-14.14.36:435][585]LogModuleManager: Shutting down and abandoning module ProfilerService (306)
[2017.10.17-14.14.36:644][585]LogModuleManager: Shutting down and abandoning module TaskGraph (304)
[2017.10.17-14.14.36:665][585]LogModuleManager: Shutting down and abandoning module SteamVRController (302)
[2017.10.17-14.14.36:665][585]LogModuleManager: Shutting down and abandoning module SteamVR (300)
[2017.10.17-14.14.36:665][585]LogModuleManager: Shutting down and abandoning module ProceduralMeshComponentEditor (298)
[2017.10.17-14.14.36:665][585]LogModuleManager: Shutting down and abandoning module ProceduralMeshComponent (296)
[2017.10.17-14.14.36:683][585]LogModuleManager: Shutting down and abandoning module OculusLibrary (294)
[2017.10.17-14.14.36:683][585]LogModuleManager: Shutting down and abandoning module OculusInput (292)
[2017.10.17-14.14.36:683][585]LogModuleManager: Shutting down and abandoning module MobilePatchingUtils (290)
[2017.10.17-14.14.36:683][585]LogModuleManager: Shutting down and abandoning module CustomMeshComponent (288)
[2017.10.17-14.14.36:683][585]LogModuleManager: Shutting down and abandoning module CableComponent (286)
[2017.10.17-14.14.36:702][585]LogModuleManager: Shutting down and abandoning module ArchVisCharacter (284)
[2017.10.17-14.14.36:702][585]LogModuleManager: Shutting down and abandoning module MediaPlayerEditor (280)
[2017.10.17-14.14.36:765][585]LogModuleManager: Shutting down and abandoning module HTML5Networking (278)
[2017.10.17-14.14.36:765][585]LogModuleManager: Shutting down and abandoning module AlembicImporter (276)
[2017.10.17-14.14.36:783][585]LogModuleManager: Shutting down and abandoning module AlembicLibrary (275)
[2017.10.17-14.14.36:783][585]LogModuleManager: Shutting down and abandoning module GeometryCache (274)
[2017.10.17-14.14.36:822][585]LogModuleManager: Shutting down and abandoning module GeometryCacheEd (273)
[2017.10.17-14.14.36:822][585]LogModuleManager: Shutting down and abandoning module SuperSearchEditor (268)
[2017.10.17-14.14.36:822][585]LogModuleManager: Shutting down and abandoning module SuperSearch (267)
[2017.10.17-14.14.36:822][585]LogModuleManager: Shutting down and abandoning module SpeedTreeImporter (264)
[2017.10.17-14.14.36:822][585]LogModuleManager: Shutting down and abandoning module PluginBrowser (262)
[2017.10.17-14.14.36:867][585]LogModuleManager: Shutting down and abandoning module MobileLauncherProfileWizard (260)
[2017.10.17-14.14.36:892][585]LogModuleManager: Shutting down and abandoning module EpicSurvey (258)
[2017.10.17-14.14.36:893][585]LogModuleManager: Shutting down and abandoning module VisualStudioSourceCodeAccess (256)
[2017.10.17-14.14.36:913][585]LogModuleManager: Shutting down and abandoning module DesktopPlatform (255)
[2017.10.17-14.14.36:913][585]LogModuleManager: Shutting down and abandoning module UObjectPlugin (252)
[2017.10.17-14.14.36:913][585]LogModuleManager: Shutting down and abandoning module SubversionSourceControl (250)
[2017.10.17-14.14.36:929][585]LogModuleManager: Shutting down and abandoning module PerforceSourceControl (248)
[2017.10.17-14.14.36:947][585]LogModuleManager: Shutting down and abandoning module GitSourceControl (246)
[2017.10.17-14.14.36:990][585]LogModuleManager: Shutting down and abandoning module SourceControl (245)
[2017.10.17-14.14.37:018][585]LogModuleManager: Shutting down and abandoning module LightPropagationVolumeEditor (242)
[2017.10.17-14.14.37:018][585]LogModuleManager: Shutting down and abandoning module PaperTiledImporter (240)
[2017.10.17-14.14.37:018][585]LogModuleManager: Shutting down and abandoning module PaperSpriteSheetImporter (238)
[2017.10.17-14.14.37:018][585]LogModuleManager: Shutting down and abandoning module Paper2DEditor (236)
[2017.10.17-14.14.37:048][585]LogModuleManager: Shutting down and abandoning module MeshPaint (235)
[2017.10.17-14.14.37:066][585]LogModuleManager: Shutting down and abandoning module LevelEditor (233)
[2017.10.17-14.14.37:078][585]LogModuleManager: Shutting down and abandoning module PixelInspectorModule (232)
[2017.10.17-14.14.37:116][585]LogModuleManager: Shutting down and abandoning module MainFrame (230)
[2017.10.17-14.14.37:116][585]LogModuleManager: Shutting down and abandoning module HotReload (229)
[2017.10.17-14.14.37:181][585]LogModuleManager: Shutting down and abandoning module ContentBrowser (225)
[2017.10.17-14.14.37:183][585]LogModuleManager: Shutting down and abandoning module PhysXVehiclesEditor (222)
[2017.10.17-14.14.37:210][585]LogModuleManager: Shutting down and abandoning module PhysXVehicles (220)
[2017.10.17-14.14.37:210][585]LogModuleManager: Shutting down and abandoning module LocationServicesBPLibrary (218)
[2017.10.17-14.14.37:210][585]LogModuleManager: Shutting down and abandoning module UdpMessaging (216)
[2017.10.17-14.14.37:310][585]LogModuleManager: Shutting down and abandoning module TcpMessaging (214)
[2017.10.17-14.14.37:435][585]LogModuleManager: Shutting down and abandoning module GameplayTagsEditor (212)
[2017.10.17-14.14.37:458][585]LogModuleManager: Shutting down and abandoning module FacialAnimationEditor (210)
[2017.10.17-14.14.37:498][585]LogModuleManager: Shutting down and abandoning module FacialAnimation (208)
[2017.10.17-14.14.37:498][585]LogModuleManager: Shutting down and abandoning module LightPropagationVolumeRuntime (206)
[2017.10.17-14.14.37:498][585]LogModuleManager: Shutting down and abandoning module Paper2D (204)
[2017.10.17-14.14.37:541][585]LogModuleManager: Shutting down and abandoning module WindowsMoviePlayer (202)
[2017.10.17-14.14.37:558][585]LogModuleManager: Shutting down and abandoning module WmfMedia (200)
[2017.10.17-14.14.37:575][585]LogModuleManager: Shutting down and abandoning module MfMedia (198)
[2017.10.17-14.14.37:575][585]LogModuleManager: Shutting down and abandoning module MediaAssets (196)
[2017.10.17-14.14.37:575][585]LogModuleManager: Shutting down and abandoning module GameLiveStreaming (194)
[2017.10.17-14.14.37:596][585]LogModuleManager: Shutting down and abandoning module VREditor (192)
[2017.10.17-14.14.37:596][585]LogModuleManager: Shutting down and abandoning module GameplayTasksEditor (190)
[2017.10.17-14.14.37:596][585]LogModuleManager: Shutting down and abandoning module BehaviorTreeEditor (188)
[2017.10.17-14.14.37:658][585]LogModuleManager: Shutting down and abandoning module FunctionalTesting (186)
[2017.10.17-14.14.37:658][585]LogModuleManager: Shutting down and abandoning module CollisionAnalyzer (184)
[2017.10.17-14.14.37:669][585]LogModuleManager: Shutting down and abandoning module UMG (182)
[2017.10.17-14.14.37:669][585]LogModuleManager: Shutting down and abandoning module UMGEditor (181)
[2017.10.17-14.14.37:720][585]LogModuleManager: Shutting down and abandoning module Sequencer (180)
[2017.10.17-14.14.37:817][585]LogModuleManager: Shutting down and abandoning module AssetTools (178)
[2017.10.17-14.14.37:901][585]LogModuleManager: Shutting down and abandoning module MessageLog (177)
[2017.10.17-14.14.37:901][585]LogModuleManager: Shutting down and abandoning module WorkspaceMenuStructure (176)
[2017.10.17-14.14.37:901][585]LogModuleManager: Shutting down and abandoning module SlateReflector (170)
[2017.10.17-14.14.38:019][585]LogModuleManager: Shutting down and abandoning module Slate (168)
[2017.10.17-14.14.38:019][585]LogModuleManager: Shutting down and abandoning module EditorStyle (166)
[2017.10.17-14.14.38:022][585]LogModuleManager: Shutting down and abandoning module SourceCodeAccess (164)
[2017.10.17-14.14.38:039][585]LogModuleManager: Shutting down and abandoning module HeadMountedDisplay (162)
[2017.10.17-14.14.38:039][585]LogModuleManager: Shutting down and abandoning module XAudio2 (160)
[2017.10.17-14.14.38:039][585]LogModuleManager: Shutting down and abandoning module Networking (158)
[2017.10.17-14.14.38:039][585]LogModuleManager: Shutting down and abandoning module Core (154)
[2017.10.17-14.14.38:039][585]LogModuleManager: Shutting down and abandoning module AssetRegistry (152)
[2017.10.17-14.14.38:245][585]LogDirectoryWatcher: A directory notification for '../../../Engine/Content/' was aborted.
[2017.10.17-14.14.38:245][585]LogDirectoryWatcher: A directory notification for '../../../../../../P - programist/UE4/Timekill/TimeKill/Content/' was aborted.
[2017.10.17-14.14.38:245][585]LogDirectoryWatcher: A directory notification for '../../../Engine/Plugins/2D/Paper2D/Content/' was aborted.
[2017.10.17-14.14.38:268][585]LogModuleManager: Shutting down and abandoning module DirectoryWatcher (151)
[2017.10.17-14.14.38:272][585]LogModuleManager: Shutting down and abandoning module KismetCompiler (148)
[2017.10.17-14.14.38:272][585]LogModuleManager: Shutting down and abandoning module PhysXFormats (146)
[2017.10.17-14.14.38:272][585]LogModuleManager: Shutting down and abandoning module MeshUtilities (144)
[2017.10.17-14.14.38:315][585]LogModuleManager: Shutting down and abandoning module SimplygonSwarm (143)
[2017.10.17-14.14.38:330][585]LogModuleManager: Shutting down and abandoning module SimplygonMeshReduction (141)
[2017.10.17-14.14.38:330][585]LogModuleManager: Shutting down and abandoning module QuadricMeshReduction (139)
[2017.10.17-14.14.38:338][585]LogModuleManager: Shutting down and abandoning module PropertyEditor (137)
[2017.10.17-14.14.38:338][585]LogModuleManager: Shutting down and abandoning module DerivedDataCache (134)
[2017.10.17-14.14.38:356][585]LogDerivedDataCache: Shutdown
[2017.10.17-14.14.38:356][585]LogModuleManager: Shutting down and abandoning module TargetPlatform (132)
[2017.10.17-14.14.38:356][585]LogModuleManager: Shutting down and abandoning module VulkanShaderFormat (131)
[2017.10.17-14.14.38:379][585]LogModuleManager: Shutting down and abandoning module ShaderFormatOpenGL (129)
[2017.10.17-14.14.38:386][585]LogModuleManager: Shutting down and abandoning module ShaderFormatD3D (127)
[2017.10.17-14.14.38:405][585]LogModuleManager: Shutting down and abandoning module MetalShaderFormat (125)
[2017.10.17-14.14.38:440][585]LogModuleManager: Shutting down and abandoning module TextureFormatUncompressed (123)
[2017.10.17-14.14.38:440][585]LogModuleManager: Shutting down and abandoning module TextureFormatPVR (121)
[2017.10.17-14.14.38:440][585]LogModuleManager: Shutting down and abandoning module TextureFormatDXT (119)
[2017.10.17-14.14.38:490][585]LogModuleManager: Shutting down and abandoning module TextureFormatIntelISPCTexComp (117)
[2017.10.17-14.14.38:506][585]LogModuleManager: Shutting down and abandoning module TextureFormatASTC (115)
[2017.10.17-14.14.38:506][585]LogModuleManager: Shutting down and abandoning module ImageWrapper (114)
[2017.10.17-14.14.38:506][585]LogModuleManager: Shutting down and abandoning module TextureFormatAndroid (111)
[2017.10.17-14.14.38:506][585]LogModuleManager: Shutting down and abandoning module AudioFormatOpus (109)
[2017.10.17-14.14.38:537][585]LogModuleManager: Shutting down and abandoning module AudioFormatOgg (107)
[2017.10.17-14.14.38:537][585]LogModuleManager: Shutting down and abandoning module AudioFormatADPCM (105)
[2017.10.17-14.14.38:537][585]LogModuleManager: Shutting down and abandoning module LinuxTargetPlatform (103)
[2017.10.17-14.14.38:537][585]LogModuleManager: Shutting down and abandoning module LinuxServerTargetPlatform (101)
[2017.10.17-14.14.38:537][585]LogModuleManager: Shutting down and abandoning module LinuxNoEditorTargetPlatform (99)
[2017.10.17-14.14.38:537][585]LogModuleManager: Shutting down and abandoning module LinuxClientTargetPlatform (97)
[2017.10.17-14.14.38:537][585]LogModuleManager: Shutting down and abandoning module TVOSTargetPlatform (95)
[2017.10.17-14.14.38:538][585]LogModuleManager: Shutting down and abandoning module Messaging (93)
[2017.10.17-14.14.38:538][585]LogModuleManager: Shutting down and abandoning module IOSTargetPlatform (91)
[2017.10.17-14.14.38:538][585]LogModuleManager: Shutting down and abandoning module HTML5TargetPlatform (89)
[2017.10.17-14.14.38:538][585]LogModuleManager: Shutting down and abandoning module Android_PVRTCTargetPlatform (87)
[2017.10.17-14.14.38:538][585]LogModuleManager: Shutting down and abandoning module Android_MultiTargetPlatform (85)
[2017.10.17-14.14.38:538][585]LogModuleManager: Shutting down and abandoning module Android_ETC2TargetPlatform (83)
[2017.10.17-14.14.38:538][585]LogModuleManager: Shutting down and abandoning module Android_ETC1TargetPlatform (81)
[2017.10.17-14.14.38:538][585]LogModuleManager: Shutting down and abandoning module Android_DXTTargetPlatform (79)
[2017.10.17-14.14.38:538][585]LogModuleManager: Shutting down and abandoning module Android_ATCTargetPlatform (77)
[2017.10.17-14.14.38:538][585]LogModuleManager: Shutting down and abandoning module Android_ASTCTargetPlatform (75)
[2017.10.17-14.14.38:538][585]LogModuleManager: Shutting down and abandoning module AndroidTargetPlatform (73)
[2017.10.17-14.14.38:538][585]LogModuleManager: Shutting down and abandoning module WindowsTargetPlatform (71)
[2017.10.17-14.14.38:538][585]LogModuleManager: Shutting down and abandoning module WindowsServerTargetPlatform (69)
[2017.10.17-14.14.38:538][585]LogModuleManager: Shutting down and abandoning module WindowsNoEditorTargetPlatform (67)
[2017.10.17-14.14.38:538][585]LogModuleManager: Shutting down and abandoning module WindowsClientTargetPlatform (65)
[2017.10.17-14.14.38:538][585]LogModuleManager: Shutting down and abandoning module MacTargetPlatform (63)
[2017.10.17-14.14.38:538][585]LogModuleManager: Shutting down and abandoning module MacServerTargetPlatform (61)
[2017.10.17-14.14.38:538][585]LogModuleManager: Shutting down and abandoning module MacNoEditorTargetPlatform (59)
[2017.10.17-14.14.38:538][585]LogModuleManager: Shutting down and abandoning module MacClientTargetPlatform (57)
[2017.10.17-14.14.38:538][585]LogModuleManager: Shutting down and abandoning module AllDesktopTargetPlatform (55)
[2017.10.17-14.14.38:538][585]LogModuleManager: Shutting down and abandoning module InputCore (52)
[2017.10.17-14.14.38:538][585]LogModuleManager: Shutting down and abandoning module Settings (50)
[2017.10.17-14.14.38:538][585]LogModuleManager: Shutting down and abandoning module OculusRift (48)
[2017.10.17-14.14.38:573][585]LogModuleManager: Shutting down and abandoning module GearVR (46)
[2017.10.17-14.14.38:573][585]LogModuleManager: Shutting down and abandoning module ExampleDeviceProfileSelector (44)
[2017.10.17-14.14.38:573][585]LogModuleManager: Shutting down and abandoning module OnlineBlueprintSupport (42)
[2017.10.17-14.14.38:573][585]LogModuleManager: Shutting down and abandoning module OnlineSubsystem (38)
[2017.10.17-14.14.38:573][585]LogOnline:Display: Unloading online subsystem: NULL
[2017.10.17-14.14.38:615][585]LogModuleManager: Shutting down and abandoning module XMPP (37)
[2017.10.17-14.14.38:653][585]LogModuleManager: Shutting down and abandoning module HTTP (35)
[2017.10.17-14.14.38:668][585]LogHttp:Display: Http module shutting down, but needs to wait on 1 outstanding Http requests:
[2017.10.17-14.14.38:668][585]LogHttp:Display: 	verb=[POST] url=[https://datarouter.ol.epicgames.com/datarouter/api/v1/public/data?SessionID=%7B307BCDB0-4F73-C01A-1F7D-05BA08DBAD97%7D&AppID=UEEditor.Rocket.Release&AppVersion=4.15.3-3450819%2B%2B%2BUE4%2BRelease-4.15&UserID=203cd22846209b4f8b77d28ccf32e6ff%7C89273462bd32443db345d53368ac8829%7Cb72b80ad-e83e-444b-86be-783fb756f975&AppEnvironment=datacollector-binary&UploadType=eteventstream] status=Processing
[2017.10.17-14.14.38:684][585]LogModuleManager: Shutting down and abandoning module SSL (34)
[2017.10.17-14.14.38:704][585]LogModuleManager: Shutting down and abandoning module AudioEditor (30)
[2017.10.17-14.14.38:750][585]LogModuleManager: Shutting down and abandoning module TextureCompressor (28)
[2017.10.17-14.14.38:751][585]LogModuleManager: Shutting down and abandoning module ShaderCore (26)
[2017.10.17-14.14.38:751][585]LogModuleManager: Shutting down and abandoning module Landscape (24)
[2017.10.17-14.14.38:751][585]LogModuleManager: Shutting down and abandoning module SlateRHIRenderer (22)
[2017.10.17-14.14.38:801][585]LogModuleManager: Shutting down and abandoning module OpenGLDrv (20)
[2017.10.17-14.14.38:828][585]LogModuleManager: Shutting down and abandoning module D3D11RHI (18)
[2017.10.17-14.14.38:828][585]LogModuleManager: Shutting down and abandoning module AnimGraphRuntime (16)
[2017.10.17-14.14.38:846][585]LogModuleManager: Shutting down and abandoning module Renderer (14)
[2017.10.17-14.14.38:846][585]LogModuleManager: Shutting down and abandoning module Engine (12)
[2017.10.17-14.14.38:846][585]LogModuleManager: Shutting down and abandoning module CoreUObject (10)
[2017.10.17-14.14.38:846][585]LogModuleManager: Shutting down and abandoning module NetworkFile (8)
[2017.10.17-14.14.38:846][585]LogModuleManager: Shutting down and abandoning module StreamingFile (6)
[2017.10.17-14.14.38:846][585]LogModuleManager: Shutting down and abandoning module SandboxFile (4)
[2017.10.17-14.14.38:846][585]LogModuleManager: Shutting down and abandoning module PakFile (2)
[2017.10.17-14.14.38:874][585]LogExit: Exiting.
[2017.10.17-14.14.38:880][585]Log file closed, 10/17/17 17:14:38
