Log file open, 11/03/17 22:07:36
LogInit:Display: Running engine for game: TimeKill
LogPlatformFile: Not using cached read wrapper
LogInit:Display: RandInit(-1435221536) SRandInit(-1435221536).
LogTaskGraph: Started task graph with 5 named threads and 8 total threads with 1 sets of task threads.
LogStats: Stats thread started at 2.617938
LogInit: Using libcurl 7.47.1
LogInit:  - built for x86_64-pc-win32
LogInit:  - supports SSL with OpenSSL/1.0.2g
LogInit:  - supports HTTP deflate (compression) using libz 1.2.8
LogInit:  - other features:
LogInit:      CURL_VERSION_SSL
LogInit:      CURL_VERSION_LIBZ
LogInit:      CURL_VERSION_IPV6
LogInit:      CURL_VERSION_ASYNCHDNS
LogInit:      CURL_VERSION_LARGEFILE
LogInit:      CURL_VERSION_IDN
LogInit:  CurlRequestOptions (configurable via config and command line):
LogInit:  - bVerifyPeer = false  - Libcurl will NOT verify peer certificate
LogInit:  - bUseHttpProxy = false  - Libcurl will NOT use HTTP proxy
LogInit:  - bDontReuseConnections = false  - Libcurl will reuse connections
LogInit:  - CertBundlePath = nullptr  - Libcurl will use whatever was configured at build time.
LogInit: Build: ++UE4+Release-4.15-CL-3450819
LogInit: Engine Version: 4.15.3-3450819+++UE4+Release-4.15
LogInit: Compatible Engine Version: 4.15.0-3299760+++UE4+Release-4.15
LogInit: Net CL: 3299760
LogDevObjectVersion: Number of dev versions registered: 14
LogDevObjectVersion:   Dev-Blueprints (B0D832E4-1F89-4F0D-ACCF-7EB736FD4AA2): 8
LogDevObjectVersion:   Dev-Build (E1C64328-A22C-4D53-A36C-8E866417BD8C): 0
LogDevObjectVersion:   Dev-Core (375EC13C-06E4-48FB-B500-84F0262A717E): 2
LogDevObjectVersion:   Dev-Editor (E4B068ED-F494-42E9-A231-DA0B2E46BB41): 14
LogDevObjectVersion:   Dev-Framework (CFFC743F-43B0-4480-9391-14DF171D2073): 22
LogDevObjectVersion:   Dev-Mobile (B02B49B5-BB20-44E9-A304-32B752E40360): 0
LogDevObjectVersion:   Dev-Networking (A4E4105C-59A1-49B5-A7C5-40C4547EDFEE): 0
LogDevObjectVersion:   Dev-Online (39C831C9-5AE6-47DC-9A44-9C173E1C8E7C): 0
LogDevObjectVersion:   Dev-Physics (78F01B33-EBEA-4F98-B9B4-84EACCB95AA2): 0
LogDevObjectVersion:   Dev-Platform (6631380F-2D4D-43E0-8009-CF276956A95A): 0
LogDevObjectVersion:   Dev-Rendering (12F88B9F-8875-4AFC-A67C-D90C383ABD29): 12
LogDevObjectVersion:   Dev-Sequencer (7B5AE74C-D270-4C10-A958-57980B212A5A): 3
LogDevObjectVersion:   Dev-VR (D7296918-1DD6-4BDD-9DE2-64A83CC13884): 0
LogDevObjectVersion:   Dev-LoadTimes (C2A15278-BFE7-4AFE-6C17-90FF531DF755): 1
LogInit: Compiled (64-bit): May 21 2017 11:02:34
LogInit: Compiled with Visual C++: 19.00.23026.00
LogInit: Build Configuration: Development
LogInit: Branch Name: ++UE4+Release-4.15
LogInit: Command line:  
LogInit: Base directory: D:/Program Files/Epic Games/UE_4.15/Engine/Binaries/Win64/
LogInit: Installed Engine Build: 1
LogInit: Presizing for max 8388607 objects, including 0 objects not considered by GC, pre-allocating 0 bytes for permanent pool.
LogInit: Object subsystem initialized
[2017.11.03-19.07.38:081][  0]LogInit: Selected Device Profile: [Windows]
[2017.11.03-19.07.38:081][  0]LogInit: Applying CVar settings loaded from the selected device profile: [Windows]
[2017.11.03-19.07.38:210][  0]LogInit: Computer: DESKTOP-S9EOI2C
[2017.11.03-19.07.38:210][  0]LogInit: User: IzPOD
[2017.11.03-19.07.38:211][  0]LogInit: CPU Page size=65536, Cores=4
[2017.11.03-19.07.38:211][  0]LogInit: High frequency timer resolution =3.312783 MHz
[2017.11.03-19.07.38:211][  0]LogMemory: Memory total: Physical=7.9GB (8GB approx)
[2017.11.03-19.07.38:211][  0]LogMemory: Platform Memory Stats for Windows
[2017.11.03-19.07.38:211][  0]LogMemory: Process Physical Memory: 264.14 MB used, 264.14 MB peak
[2017.11.03-19.07.38:211][  0]LogMemory: Process Virtual Memory: 262.19 MB used, 262.19 MB peak
[2017.11.03-19.07.38:211][  0]LogMemory: Physical Memory: 4576.46 MB used,  3548.34 MB free, 8124.80 MB total
[2017.11.03-19.07.38:211][  0]LogMemory: Virtual Memory: 677.91 MB used,  3548.34 MB free, 134217728.00 MB total
[2017.11.03-19.07.39:518][  0]LogTextLocalizationManager: No translations for ('ru-RU') exist, falling back to 'en' for localization and internationalization data.
[2017.11.03-19.07.44:506][  0]LogD3D11RHI: D3D11 adapters:
[2017.11.03-19.07.45:133][  0]LogD3D11RHI:    0. 'NVIDIA GeForce GTX 670' (Feature Level 11_0)
[2017.11.03-19.07.45:133][  0]LogD3D11RHI:       2017/0/4062 MB DedicatedVideo/DedicatedSystem/SharedSystem, Outputs:1, VendorId:0x10de
[2017.11.03-19.07.45:137][  0]LogD3D11RHI:    1. 'Microsoft Basic Render Driver' (Feature Level 11_0)
[2017.11.03-19.07.45:137][  0]LogD3D11RHI:       0/0/4062 MB DedicatedVideo/DedicatedSystem/SharedSystem, Outputs:0, VendorId:0x1414
[2017.11.03-19.07.45:137][  0]LogD3D11RHI: Chosen D3D11 Adapter: 0
[2017.11.03-19.07.45:142][  0]LogD3D11RHI: Creating new Direct3DDevice
[2017.11.03-19.07.45:142][  0]LogD3D11RHI:     GPU DeviceId: 0x1189 (for the marketing name, search the web for "GPU Device Id")
[2017.11.03-19.07.45:142][  0]LogWindows: EnumDisplayDevices:
[2017.11.03-19.07.45:142][  0]LogWindows:    0. 'NVIDIA GeForce GTX 670' (P:1 D:1)
[2017.11.03-19.07.45:142][  0]LogWindows:    1. 'NVIDIA GeForce GTX 670' (P:0 D:0)
[2017.11.03-19.07.45:143][  0]LogWindows:    2. 'NVIDIA GeForce GTX 670' (P:0 D:0)
[2017.11.03-19.07.45:143][  0]LogWindows:    3. 'NVIDIA GeForce GTX 670' (P:0 D:0)
[2017.11.03-19.07.45:143][  0]LogWindows: DebugString: GetVideoDriverDetailsInvalid PrimaryIsNotTheChoosenAdapter GetVideoDriverDetailsInvalid PrimaryIsNotTheChoosenAdapter GetVideoDriverDetailsInvalid PrimaryIsNotTheChoosenAdapter GetVideoDriverDetailsInvalid PrimaryIsNotTheChoosenAdapter FoundDriverCount:0 
[2017.11.03-19.07.45:143][  0]LogD3D11RHI:     Adapter Name: NVIDIA GeForce GTX 670
[2017.11.03-19.07.45:143][  0]LogD3D11RHI:   Driver Version: Unknown (internal:Unknown, unified:Unknown)
[2017.11.03-19.07.45:143][  0]LogD3D11RHI:      Driver Date: Unknown
[2017.11.03-19.07.45:143][  0]LogRHI: Texture pool is 1361 MB (70% of 1945 MB)
[2017.11.03-19.07.45:852][  0]LogD3D11RHI:Warning: Timestamp queries are currently disabled on this hardware due to instability. Realtime GPU stats will not be available. You can override this behaviour by setting r.NVIDIATimestampWorkaround to 0
[2017.11.03-19.07.45:854][  0]LogD3D11RHI: Async texture creation enabled
[2017.11.03-19.07.45:901][  0]LogD3D11RHI: GPU Timing Frequency: 1000.000000 (Debug: 2 1)
[2017.11.03-19.07.45:903][  0]LogShaderCompilers: Guid format shader working directory is -8 characters bigger than the processId version (../../../../../../P - programist/UE4/Timekill/TimeKill/Intermediate/Shaders/WorkingDirectory/8328/).
[2017.11.03-19.07.45:903][  0]LogShaderCompilers: Cleaned the shader compiler working directory 'C:/Users/IzPOD/AppData/Local/Temp/UnrealShaderWorkingDir/DC7A8E7F4DC1C8597E33FCB00CD72A52/'.
[2017.11.03-19.07.45:903][  0]LogShaderCompilers:Display: Using Local Shader Compiler.
[2017.11.03-19.07.50:004][  0]LogTemp:Display: Loaded TP AllDesktopTargetPlatform
[2017.11.03-19.07.50:082][  0]LogTemp:Display: Loaded TP MacClientTargetPlatform
[2017.11.03-19.07.50:142][  0]LogTemp:Display: Loaded TP MacNoEditorTargetPlatform
[2017.11.03-19.07.50:209][  0]LogTemp:Display: Loaded TP MacServerTargetPlatform
[2017.11.03-19.07.50:317][  0]LogTemp:Display: Loaded TP MacTargetPlatform
[2017.11.03-19.07.50:374][  0]LogTemp:Display: Loaded TP WindowsClientTargetPlatform
[2017.11.03-19.07.50:441][  0]LogTemp:Display: Loaded TP WindowsNoEditorTargetPlatform
[2017.11.03-19.07.50:496][  0]LogTemp:Display: Loaded TP WindowsServerTargetPlatform
[2017.11.03-19.07.50:537][  0]LogTemp:Display: Loaded TP WindowsTargetPlatform
[2017.11.03-19.07.50:635][  0]LogTemp:Display: Loaded TP AndroidTargetPlatform
[2017.11.03-19.07.50:711][  0]LogTemp:Display: Loaded TP Android_ASTCTargetPlatform
[2017.11.03-19.07.50:772][  0]LogTemp:Display: Loaded TP Android_ATCTargetPlatform
[2017.11.03-19.07.50:825][  0]LogTemp:Display: Loaded TP Android_DXTTargetPlatform
[2017.11.03-19.07.50:879][  0]LogTemp:Display: Loaded TP Android_ETC1TargetPlatform
[2017.11.03-19.07.50:944][  0]LogTemp:Display: Loaded TP Android_ETC2TargetPlatform
[2017.11.03-19.07.51:056][  0]LogTemp:Display: Loaded TP Android_MultiTargetPlatform
[2017.11.03-19.07.51:056][  0]LogTemp:Display: Loaded TP Android_PVRTCTargetPlatform
[2017.11.03-19.07.51:092][  0]LogTemp:Display: Loaded TP HTML5TargetPlatform
[2017.11.03-19.07.51:234][  0]LogTemp:Display: Loaded TP IOSTargetPlatform
[2017.11.03-19.07.51:281][  0]LogTemp:Display: Loaded TP TVOSTargetPlatform
[2017.11.03-19.07.51:349][  0]LogTemp:Display: Loaded TP LinuxClientTargetPlatform
[2017.11.03-19.07.51:443][  0]LogTemp:Display: Loaded TP LinuxNoEditorTargetPlatform
[2017.11.03-19.07.51:507][  0]LogTemp:Display: Loaded TP LinuxServerTargetPlatform
[2017.11.03-19.07.51:621][  0]LogTemp:Display: Loaded TP LinuxTargetPlatform
[2017.11.03-19.07.51:621][  0]LogTargetPlatformManager:Display: Building Assets For Windows
[2017.11.03-19.07.53:086][  0]LogDerivedDataCache:Display: Max Cache Size: 512 MB
[2017.11.03-19.07.53:313][  0]LogDerivedDataCache: Loaded boot cache 0.22s 50MB C:/Users/IzPOD/AppData/Local/UnrealEngine/4.15/DerivedDataCache/Boot.ddc.
[2017.11.03-19.07.53:313][  0]LogDerivedDataCache:Display: Loaded Boot cache: C:/Users/IzPOD/AppData/Local/UnrealEngine/4.15/DerivedDataCache/Boot.ddc
[2017.11.03-19.07.53:313][  0]LogDerivedDataCache: FDerivedDataBackendGraph:  Pak pak cache file ../../../../../../P - programist/UE4/Timekill/TimeKill/DerivedDataCache/DDC.ddp not found, will not use a pak cache.
[2017.11.03-19.07.53:313][  0]LogDerivedDataCache: Unable to find inner node Pak for hierarchical cache Hierarchy.
[2017.11.03-19.07.53:313][  0]LogDerivedDataCache: FDerivedDataBackendGraph:  CompressedPak pak cache file ../../../../../../P - programist/UE4/Timekill/TimeKill/DerivedDataCache/Compressed.ddp not found, will not use a pak cache.
[2017.11.03-19.07.53:313][  0]LogDerivedDataCache: Unable to find inner node CompressedPak for hierarchical cache Hierarchy.
[2017.11.03-19.07.53:434][  0]LogDerivedDataCache:Display: Pak cache opened for reading ../../../Engine/DerivedDataCache/Compressed.ddp.
[2017.11.03-19.07.53:448][  0]LogDerivedDataCache: Using Local data cache path C:/Users/IzPOD/AppData/Local/UnrealEngine/Common/DerivedDataCache: Writable
[2017.11.03-19.07.53:957][  0]LogSlate: Using Freetype 2.6.0
[2017.11.03-19.07.54:048][  0]LogSlate: SlateFontCache - WITH_FREETYPE: 1, WITH_HARFBUZZ: 1
[2017.11.03-19.07.54:048][  0]LogSlate: SlateFontCache - WITH_FREETYPE: 1, WITH_HARFBUZZ: 1
[2017.11.03-19.08.07:150][  0]LogInit: Selected Device Profile: [Windows]
[2017.11.03-19.08.07:251][  0]LogContentStreaming: Texture pool size is 0.00 MB
[2017.11.03-19.08.08:206][  0]LogMeshUtilities: Using QuadricMeshReduction for automatic static mesh reduction
[2017.11.03-19.08.08:292][  0]LogSimplygon: Simplygon DLL not present - disabling.
[2017.11.03-19.08.08:377][  0]LogMeshUtilities: Using SimplygonSwarm for distributed automatic mesh merging
[2017.11.03-19.08.08:377][  0]LogMeshUtilities: No automatic skeletal mesh reduction module available
[2017.11.03-19.08.08:377][  0]LogMeshUtilities: No automatic mesh merging module available
[2017.11.03-19.08.14:941][  0]LogNetVersion: GetLocalNetworkVersion: CL: 3299760, ProjectName: timekill, ProjectVersion: , EngineNetworkVersion: 2, GameNetworkVersion: 0, NetworkChecksum: 844999791
[2017.11.03-19.08.15:105][  0]LogAssetRegistry: FAssetRegistry took 0.0344 seconds to start up
[2017.11.03-19.08.15:587][  0]LogPackageLocalizationCache: Processed 3 localized package path(s) for 1 prioritized culture(s) in 0.372890 seconds
[2017.11.03-19.08.15:632][  0]LogUObjectArray: 32493 objects as part of root set at end of initial load.
[2017.11.03-19.08.15:632][  0]LogUObjectAllocator: 7077024 out of 0 bytes used by permanent object pool.
[2017.11.03-19.08.15:632][  0]LogUObjectArray: CloseDisregardForGC: 0/0 objects in disregard for GC pool
[2017.11.03-19.08.15:707][  0]LogInit: WinSock: version 1.1 (2.2), MaxSocks=32767, MaxUdp=65467
[2017.11.03-19.08.26:354][  0]LogTcpMessaging: Initializing TcpMessaging bridge
[2017.11.03-19.08.26:417][  0]LogUdpMessaging: Initializing bridge on interface 0.0.0.0:0 to multicast group 230.0.0.1:6666.
[2017.11.03-19.08.27:842][  0]LogMaterial: Uniform references updated for custom material expression Custom.
[2017.11.03-19.08.28:809][  0]SourceControl: Info Source control is disabled
[2017.11.03-19.08.28:811][  0]SourceControl: Info Source control is disabled
[2017.11.03-19.08.28:927][  0]SourceControl: Info Source control is disabled
[2017.11.03-19.08.28:987][  0]SourceControl: Info Source control is disabled
[2017.11.03-19.08.29:729][  0]LogLinker:Warning: Can't find file '/Game/PuzzleBP/Tutorial/Part1-Overview'
[2017.11.03-19.08.29:729][  0]LogLinker:Warning: Can't find file '/Game/PuzzleBP/Tutorial/Part1-Overview'
[2017.11.03-19.08.29:729][  0]LogUObjectGlobals:Warning: Failed to find object 'Class /Game/PuzzleBP/Tutorial/Part1-Overview.Part1-Overview_C'
[2017.11.03-19.08.29:729][  0]LogLinker:Warning: Can't find file '/Game/PuzzleBP/Tutorial/Part2-BlockBlueprint'
[2017.11.03-19.08.29:729][  0]LogLinker:Warning: Can't find file '/Game/PuzzleBP/Tutorial/Part2-BlockBlueprint'
[2017.11.03-19.08.29:729][  0]LogUObjectGlobals:Warning: Failed to find object 'Class /Game/PuzzleBP/Tutorial/Part2-BlockBlueprint.Part2-BlockBlueprint_C'
[2017.11.03-19.08.32:502][  0]LogEngine: Initializing Engine...
[2017.11.03-19.08.32:504][  0]LogHMD: Failed to initialize OpenVR with code 110
[2017.11.03-19.08.33:164][  0]LogStats: UGameplayTagsManager::ConstructGameplayTagTree: Construct from data asset -  0.000 s
[2017.11.03-19.08.33:166][  0]LogStats: UGameplayTagsManager::ConstructGameplayTagTree: GameplayTagTreeChangedEvent.Broadcast -  0.000 s
[2017.11.03-19.08.33:745][  0]LogAIModule: Creating AISystem for world Untitled
[2017.11.03-19.08.33:834][  0]LogInit: XAudio2 using 'Динамики (Logitech G430 Gaming Headset)' : 8 channels at 48 kHz using 16 bits per sample (channel mask 0x63f)
[2017.11.03-19.08.33:855][  0]LogInit: FAudioDevice initialized.
[2017.11.03-19.08.33:881][  0]LogDerivedDataCache: Saved boot cache 0.03s 50MB C:/Users/IzPOD/AppData/Local/UnrealEngine/4.15/DerivedDataCache/Boot.ddc.
[2017.11.03-19.08.33:889][  0]LogInit: Texture streaming: Enabled
[2017.11.03-19.08.34:064][  0]LogEngineSessionManager: EngineSessionManager initialized
[2017.11.03-19.08.34:244][  0]LogInit: Transaction tracking system initialized
[2017.11.03-19.08.34:854][  0]BlueprintLog: New page: Editor Load
[2017.11.03-19.08.37:091][  0]LocalizationService: Info Localization service is disabled
[2017.11.03-19.08.38:393][  0]LogConsoleResponse:Display: 
[2017.11.03-19.08.41:127][  0]LogFileCache: Scanning file cache for directory 'D:/P - programist/UE4/Timekill/TimeKill/Content/' took 0.09s
[2017.11.03-19.08.41:127][  0]LogCook:Display: Max memory allowance for cook 16384mb min free memory 0mb
[2017.11.03-19.08.41:127][  0]LogCook:Display: Mobile HDR setting 0
[2017.11.03-19.08.43:435][  0]SourceControl: Info Source control is disabled
[2017.11.03-19.08.43:465][  0]Cmd: MAP LOAD FILE="../../../Engine/Content/Maps/Templates/Template_Default.umap" TEMPLATE=1 SHOWPROGRESS=1 FEATURELEVEL=3
[2017.11.03-19.08.43:511][  0]LightingResults: New page: Lighting Build
[2017.11.03-19.08.43:711][  0]MapCheck: New page: Map Check
[2017.11.03-19.08.43:711][  0]LightingResults: New page: Lighting Build
[2017.11.03-19.08.44:924][  0]LogAIModule: Creating AISystem for world Untitled_1
[2017.11.03-19.08.44:985][  0]LogActorComponent: RegisterComponentWithWorld: (/Temp/Untitled_1.Untitled_1:PersistentLevel.WorldSettings_1.StaticMeshComponent0) Trying to register component with IsPendingKill() == true. Aborting.
[2017.11.03-19.08.45:326][  0]LogEditorServer: Finished looking for orphan Actors (0.000 secs)
[2017.11.03-19.08.45:497][  0]Cmd: MAP CHECKDEP NOCLEARLOG
[2017.11.03-19.08.45:529][  0]MapCheck: Info Map check complete: 0 Error(s), 0 Warning(s), took 32.253ms to complete.
[2017.11.03-19.08.45:529][  0]LogFileHelpers: Loading map 'Template_Default' took 2.076
[2017.11.03-19.08.47:621][  0]LogCollectionManager: Loaded 0 collections in 0.016195 seconds
[2017.11.03-19.08.47:804][  0]LogFileCache: Scanning file cache for directory 'D:/P - programist/UE4/Timekill/TimeKill/Saved/Collections/' took 0.01s
[2017.11.03-19.08.47:804][  0]LogFileCache: Scanning file cache for directory 'D:/P - programist/UE4/Timekill/TimeKill/Content/Developers/IzPOD/Collections/' took 0.01s
[2017.11.03-19.08.47:804][  0]LogFileCache: Scanning file cache for directory 'D:/P - programist/UE4/Timekill/TimeKill/Content/Collections/' took 0.01s
[2017.11.03-19.08.47:804][  0]LogCollectionManager: Rebuilt the GUID cache for 0 collections in 0.000004 seconds
[2017.11.03-19.08.47:835][  0]LogContentBrowser: Native class hierarchy populated in 0.0286 seconds. Added 2246 classes and 455 folders.
[2017.11.03-19.08.47:945][  0]LogContentBrowser: Native class hierarchy updated for 'WidgetCarousel' in 0.0005 seconds. Added 0 classes and 0 folders.
[2017.11.03-19.08.48:977][  0]LogContentBrowser: Native class hierarchy updated for 'AddContentDialog' in 0.0005 seconds. Added 0 classes and 0 folders.
[2017.11.03-19.08.49:047][  0]LogCrashTracker: Crashtracker disabled due to settings.
[2017.11.03-19.08.49:210][  0]LogUObjectGlobals:Warning: Failed to find object 'Class None.'
[2017.11.03-19.08.49:368][  0]LogContentBrowser: Native class hierarchy updated for 'HierarchicalLODOutliner' in 0.0007 seconds. Added 1 classes and 2 folders.
[2017.11.03-19.08.49:368][  0]LogLoad: (Engine Initialization) Total time: 88.50 seconds
[2017.11.03-19.08.49:368][  0]LogLoad: (Engine Initialization) Total Blueprint compile time: 0.76 seconds
[2017.11.03-19.08.49:368][  0]LogExternalProfiler: No external profilers were discovered.  External profiling features will not be available.
[2017.11.03-19.08.49:720][  0]LogOcInput: OculusInput pre-init called
[2017.11.03-19.08.49:870][  0]LogContentStreaming: Texture pool size now 1000 MB
[2017.11.03-19.08.50:013][  0]LogSlate: Took 0.012379 seconds to synchronously load lazily loaded font '../../../Engine/Content/Slate/Fonts/Roboto-Regular.ttf' (155K)
[2017.11.03-19.08.50:058][  0]LogSlate: Took 0.022854 seconds to synchronously load lazily loaded font '../../../Engine/Content/Slate/Fonts/Roboto-Bold.ttf' (160K)
[2017.11.03-19.08.50:102][  0]LogSlate: Took 0.021229 seconds to synchronously load lazily loaded font '../../../Engine/Content/Editor/Slate/Fonts/FontAwesome.ttf' (139K)
[2017.11.03-19.08.50:392][  0]LogRenderer: Reallocating scene render targets to support 1068x924 NumSamples 1 (Frame:2).
[2017.11.03-19.08.51:256][  2]LogSlate: Took 0.026390 seconds to synchronously load lazily loaded font '../../../Engine/Content/Slate/Fonts/Roboto-Light.ttf' (159K)
[2017.11.03-19.08.51:547][  3]LogAssetRegistry: Asset discovery search completed in 36.4655 seconds
[2017.11.03-19.08.51:556][  3]LogCollectionManager: Rebuilt the object cache for 0 collections in 0.009737 seconds (found 0 objects)
[2017.11.03-19.08.51:556][  3]LogCollectionManager: Fixed up redirectors for 0 collections in 0.009793 seconds (updated 0 objects)
[2017.11.03-19.08.55:046][ 13]LogSlate: Took 0.000210 seconds to synchronously load lazily loaded font '../../../Engine/Content/Slate/Fonts/Roboto-Light.ttf' (159K)
[2017.11.03-19.08.58:367][250]LogSlate: Took 0.000158 seconds to synchronously load lazily loaded font '../../../Engine/Content/Slate/Fonts/Roboto-Light.ttf' (159K)
[2017.11.03-19.08.59:415][250]LogSlate: Took 0.000207 seconds to synchronously load lazily loaded font '../../../Engine/Content/Slate/Fonts/Roboto-Regular.ttf' (155K)
[2017.11.03-19.09.00:767][250]LogAIModule: Creating AISystem for world GameLavel
[2017.11.03-19.09.00:920][250]Cmd: MAP LOAD FILE="../../../../../../P - programist/UE4/Timekill/TimeKill/Content/GameLavel.umap" TEMPLATE=0 SHOWPROGRESS=1 FEATURELEVEL=3
[2017.11.03-19.09.00:920][250]LightingResults: New page: Lighting Build
[2017.11.03-19.09.00:921][250]LoadErrors: New page: Loading map: GameLavel.umap
[2017.11.03-19.09.00:949][250]MapCheck: New page: Map Check
[2017.11.03-19.09.00:949][250]LightingResults: New page: Lighting Build
[2017.11.03-19.09.01:134][250]LogEditorServer: Finished looking for orphan Actors (0.000 secs)
[2017.11.03-19.09.01:198][250]Cmd: MAP CHECKDEP NOCLEARLOG
[2017.11.03-19.09.01:242][250]MapCheck: Info Map check complete: 0 Error(s), 0 Warning(s), took 44.029ms to complete.
[2017.11.03-19.09.01:242][250]LogFileHelpers: Loading map 'GameLavel' took 0.324
[2017.11.03-19.09.13:668][514]LogTemp: Repeting last play command: New Editor Window (PIE)
[2017.11.03-19.09.13:687][514]LogBlueprintUserMessages: Early PlayInEditor Detection: Level '/Game/GameLavel.GameLavel:PersistentLevel' has LevelScriptBlueprint '/Game/GameLavel.GameLavel:PersistentLevel.GameLavel' with GeneratedClass '/Game/GameLavel.GameLavel_C' with ClassGeneratedBy '/Game/GameLavel.GameLavel:PersistentLevel.GameLavel'
[2017.11.03-19.09.13:687][514]LogPlayLevel: PlayLevel: No blueprints needed recompiling
[2017.11.03-19.09.13:716][514]PIE: New page: PIE session: GameLavel (Nov 4, 2017, 1:09:13 AM)
[2017.11.03-19.09.13:733][514]LogPlayLevel: Creating play world package: /Game/UEDPIE_0_GameLavel
[2017.11.03-19.09.13:756][514]LogPlayLevel: PIE: StaticDuplicateObject took: (0.022254s)
[2017.11.03-19.09.13:756][514]LogAIModule: Creating AISystem for world GameLavel
[2017.11.03-19.09.13:756][514]LogPlayLevel: PIE: World Init took: (0.000610s)
[2017.11.03-19.09.13:756][514]LogPlayLevel: PIE: Created PIE world by copying editor world from /Game/GameLavel.GameLavel to /Game/UEDPIE_0_GameLavel.GameLavel (0.039874s)
[2017.11.03-19.09.13:783][514]LogInit: XAudio2 using 'Динамики (Logitech G430 Gaming Headset)' : 8 channels at 48 kHz using 16 bits per sample (channel mask 0x63f)
[2017.11.03-19.09.13:796][514]LogInit: FAudioDevice initialized.
[2017.11.03-19.09.13:867][514]LogLoad: Game class is 'Mouse_GameMode_C'
[2017.11.03-19.09.13:912][514]LogWorld: Bringing World /Game/UEDPIE_0_GameLavel.GameLavel up for play (max tick rate 0) at 2017.11.03-22.09.13
[2017.11.03-19.09.13:962][514]LogWorld: Bringing up level for play took: 0.050183
[2017.11.03-19.09.14:079][514]LogContentBrowser: Native class hierarchy updated for 'MovieSceneCapture' in 0.0006 seconds. Added 11 classes and 0 folders.
[2017.11.03-19.09.14:201][514]PIE: Info Play in editor start time for /Game/UEDPIE_0_GameLavel -0.265
[2017.11.03-19.09.14:204][514]LogBlueprintUserMessages: Late PlayInEditor Detection: Level '/Game/GameLavel.GameLavel:PersistentLevel' has LevelScriptBlueprint '/Game/GameLavel.GameLavel:PersistentLevel.GameLavel' with GeneratedClass '/Game/GameLavel.GameLavel_C' with ClassGeneratedBy '/Game/GameLavel.GameLavel:PersistentLevel.GameLavel'
[2017.11.03-19.09.14:269][514]LogRenderer: Reallocating scene render targets to support 1068x996 NumSamples 1 (Frame:26).
[2017.11.03-19.09.17:726][905]LogBlueprintUserMessages: Early EndPlayMap Detection: Level '/Game/GameLavel.GameLavel:PersistentLevel' has LevelScriptBlueprint '/Game/GameLavel.GameLavel:PersistentLevel.GameLavel' with GeneratedClass '/Game/GameLavel.GameLavel_C' with ClassGeneratedBy '/Game/GameLavel.GameLavel:PersistentLevel.GameLavel'
[2017.11.03-19.09.17:773][905]LogBlueprintUserMessages: Late EndPlayMap Detection: Level '/Game/GameLavel.GameLavel:PersistentLevel' has LevelScriptBlueprint '/Game/GameLavel.GameLavel:PersistentLevel.GameLavel' with GeneratedClass '/Game/GameLavel.GameLavel_C' with ClassGeneratedBy '/Game/GameLavel.GameLavel:PersistentLevel.GameLavel'
[2017.11.03-19.09.20:644][126]LogContentBrowser: Native class hierarchy updated for 'BlueprintGraph' in 0.0009 seconds. Added 112 classes and 0 folders.
[2017.11.03-19.09.22:417][126]LogSlate: Took 0.016166 seconds to synchronously load lazily loaded font '../../../Engine/Content/Editor/Slate/Fonts/Roboto-BoldCondensed.ttf' (158K)
[2017.11.03-19.09.23:211][127]LogSlate: Took 0.034202 seconds to synchronously load lazily loaded font '../../../Engine/Content/Editor/Slate/Fonts/Roboto-Italic.ttf' (157K)
[2017.11.03-19.19.06:540][767]LogFileHelpers: Editor autosave (incl. sublevels) for '/Game/GameLavel' took 0.093
[2017.11.03-19.19.06:663][767]OBJ SavePackage: Generating thumbnails for [0] asset(s) in package [/Game/Blueprints/Player1] ([1] browsable assets)...
[2017.11.03-19.19.06:673][767]OBJ SavePackage: Finished generating thumbnails for package [/Game/Blueprints/Player1]
[2017.11.03-19.19.06:673][767]Cmd: OBJ SAVEPACKAGE PACKAGE="/Game/Blueprints/Player1" FILE="../../../../../../P - programist/UE4/Timekill/TimeKill/Saved/Autosaves/Game/Blueprints/Player1_Auto1.uasset" SILENT=false AUTOSAVING=true
[2017.11.03-19.19.08:397][767]LogSavePackage: Save=363.40ms
[2017.11.03-19.19.08:397][767]LogSavePackage: Moving '../../../../../../P - programist/UE4/Timekill/TimeKill/Saved/Player1_Auto1F520E2D74320305A995586A5E65536FA.tmp' to '../../../../../../P - programist/UE4/Timekill/TimeKill/Saved/Autosaves/Game/Blueprints/Player1_Auto1.uasset'
[2017.11.03-19.19.08:472][767]LogSavePackage:Display: Finished SavePackage ../../../../../../P - programist/UE4/Timekill/TimeKill/Saved/Autosaves/Game/Blueprints/Player1_Auto1.uasset
[2017.11.03-19.19.08:472][767]LogFileHelpers: Auto-saving content packages took 1.931
[2017.11.03-19.29.45:940][189]LogFileHelpers: Editor autosave (incl. sublevels) for '/Game/GameLavel' took 0.041
[2017.11.03-19.29.45:941][189]OBJ SavePackage: Generating thumbnails for [0] asset(s) in package [/Game/Blueprints/Player1] ([1] browsable assets)...
[2017.11.03-19.29.45:941][189]OBJ SavePackage: Finished generating thumbnails for package [/Game/Blueprints/Player1]
[2017.11.03-19.29.45:941][189]Cmd: OBJ SAVEPACKAGE PACKAGE="/Game/Blueprints/Player1" FILE="../../../../../../P - programist/UE4/Timekill/TimeKill/Saved/Autosaves/Game/Blueprints/Player1_Auto2.uasset" SILENT=false AUTOSAVING=true
[2017.11.03-19.29.46:188][189]LogSavePackage: Save=209.50ms
[2017.11.03-19.29.46:188][189]LogSavePackage: Moving '../../../../../../P - programist/UE4/Timekill/TimeKill/Saved/Player1_Auto287BB0FBF4A7EA4CD784DF79B6B0B5897.tmp' to '../../../../../../P - programist/UE4/Timekill/TimeKill/Saved/Autosaves/Game/Blueprints/Player1_Auto2.uasset'
[2017.11.03-19.29.46:199][189]LogSavePackage:Display: Finished SavePackage ../../../../../../P - programist/UE4/Timekill/TimeKill/Saved/Autosaves/Game/Blueprints/Player1_Auto2.uasset
[2017.11.03-19.29.46:199][189]LogFileHelpers: Auto-saving content packages took 0.258
[2017.11.03-19.37.28:496][715]Cmd: OBJ SAVEPACKAGE PACKAGE="/Game/Blueprints/Player1" FILE="../../../../../../P - programist/UE4/Timekill/TimeKill/Content/Blueprints/Player1.uasset" SILENT=true
[2017.11.03-19.37.28:751][715]LogSavePackage: Save=217.07ms
[2017.11.03-19.37.28:751][715]LogSavePackage: Moving '../../../../../../P - programist/UE4/Timekill/TimeKill/Saved/Player1512561DA4953B704369C0F82D719FF0C.tmp' to '../../../../../../P - programist/UE4/Timekill/TimeKill/Content/Blueprints/Player1.uasset'
[2017.11.03-19.37.28:899][715]LogSavePackage:Display: Finished SavePackage ../../../../../../P - programist/UE4/Timekill/TimeKill/Content/Blueprints/Player1.uasset
[2017.11.03-19.37.30:492][716]Cmd: QUIT_EDITOR
[2017.11.03-19.37.30:997][716]LogWindowsTextInputMethodSystem:Display: IME system now deactivated.
[2017.11.03-19.37.31:047][716]LogExit: Preparing to exit.
[2017.11.03-19.37.32:466][716]LogDirectoryWatcher: A directory notification for 'D:/P - programist/UE4/Timekill/TimeKill/Content/' was aborted.
[2017.11.03-19.37.32:591][716]LogExit: Editor shut down
[2017.11.03-19.37.32:591][716]LogExit: Transaction tracking system shut down
[2017.11.03-19.37.35:313][716]LogObj: Freed 0b from 0 cluster array pools.
[2017.11.03-19.37.35:313][716]LogExit: Object subsystem successfully closed.
[2017.11.03-19.37.35:879][716]LogD3D11RHI: Shutdown
[2017.11.03-19.37.35:879][716]LogD3D11RHI: CleanupD3DDevice
[2017.11.03-19.37.36:012][716]LogD3D11RHI: ~FD3D11DynamicRHI
[2017.11.03-19.37.37:525][716]LogModuleManager: Shutting down and abandoning module SequencerWidgets (506)
[2017.11.03-19.37.37:525][716]LogModuleManager: Shutting down and abandoning module BlueprintGraph (504)
[2017.11.03-19.37.37:525][716]LogModuleManager: Shutting down and abandoning module BlueprintProfiler (502)
[2017.11.03-19.37.37:603][716]LogModuleManager: Shutting down and abandoning module MovieSceneCapture (500)
[2017.11.03-19.37.37:603][716]LogModuleManager: Shutting down and abandoning module HierarchicalLODOutliner (498)
[2017.11.03-19.37.37:625][716]LogModuleManager: Shutting down and abandoning module CrashTracker (496)
[2017.11.03-19.37.37:625][716]LogModuleManager: Shutting down and abandoning module AddContentDialog (494)
[2017.11.03-19.37.37:673][716]LogDirectoryWatcher: A directory notification for 'D:/Program Files/Epic Games/UE_4.15/FeaturePacks/' was aborted.
[2017.11.03-19.37.37:676][716]LogModuleManager: Shutting down and abandoning module WidgetCarousel (493)
[2017.11.03-19.37.37:676][716]LogModuleManager: Shutting down and abandoning module EditorWidgets (490)
[2017.11.03-19.37.37:676][716]LogModuleManager: Shutting down and abandoning module CollectionManager (488)
[2017.11.03-19.37.37:698][716]LogDirectoryWatcher: A directory notification for 'D:/P - programist/UE4/Timekill/TimeKill/Content/Collections/' was aborted.
[2017.11.03-19.37.37:698][716]LogDirectoryWatcher: A directory notification for 'D:/P - programist/UE4/Timekill/TimeKill/Content/Developers/IzPOD/Collections/' was aborted.
[2017.11.03-19.37.37:698][716]LogDirectoryWatcher: A directory notification for 'D:/P - programist/UE4/Timekill/TimeKill/Saved/Collections/' was aborted.
[2017.11.03-19.37.37:698][716]LogModuleManager: Shutting down and abandoning module SceneOutliner (486)
[2017.11.03-19.37.37:698][716]LogModuleManager: Shutting down and abandoning module StatsViewer (484)
[2017.11.03-19.37.37:719][716]LogModuleManager: Shutting down and abandoning module FoliageEdit (482)
[2017.11.03-19.37.37:719][716]LogModuleManager: Shutting down and abandoning module LandscapeEditor (480)
[2017.11.03-19.37.37:741][716]LogModuleManager: Shutting down and abandoning module SceneDepthPickerMode (478)
[2017.11.03-19.37.37:741][716]LogModuleManager: Shutting down and abandoning module ActorPickerMode (476)
[2017.11.03-19.37.37:741][716]LogModuleManager: Shutting down and abandoning module GeometryMode (474)
[2017.11.03-19.37.37:741][716]LogModuleManager: Shutting down and abandoning module TextureAlignMode (472)
[2017.11.03-19.37.37:741][716]LogModuleManager: Shutting down and abandoning module BspMode (470)
[2017.11.03-19.37.37:764][716]LogModuleManager: Shutting down and abandoning module HardwareSurvey (468)
[2017.11.03-19.37.37:764][716]LogModuleManager: Shutting down and abandoning module SequenceRecorderSections (466)
[2017.11.03-19.37.37:764][716]LogModuleManager: Shutting down and abandoning module AutomationWorker (464)
[2017.11.03-19.37.37:781][716]LogModuleManager: Shutting down and abandoning module MatineeToLevelSequence (462)
[2017.11.03-19.37.37:781][716]LogModuleManager: Shutting down and abandoning module LevelSequenceEditor (460)
[2017.11.03-19.37.37:934][716]LogModuleManager: Shutting down and abandoning module PlacementMode (459)
[2017.11.03-19.37.37:934][716]LogModuleManager: Shutting down and abandoning module WmfMediaFactory (456)
[2017.11.03-19.37.37:934][716]LogModuleManager: Shutting down and abandoning module WmfMediaEditor (454)
[2017.11.03-19.37.37:934][716]LogModuleManager: Shutting down and abandoning module MfMediaFactory (452)
[2017.11.03-19.37.37:934][716]LogModuleManager: Shutting down and abandoning module MfMediaEditor (450)
[2017.11.03-19.37.37:934][716]LogModuleManager: Shutting down and abandoning module AvfMediaFactory (448)
[2017.11.03-19.37.37:934][716]LogModuleManager: Shutting down and abandoning module AvfMediaEditor (446)
[2017.11.03-19.37.37:934][716]LogModuleManager: Shutting down and abandoning module AndroidMediaFactory (444)
[2017.11.03-19.37.37:934][716]LogModuleManager: Shutting down and abandoning module Media (443)
[2017.11.03-19.37.37:934][716]LogModuleManager: Shutting down and abandoning module AndroidMediaEditor (440)
[2017.11.03-19.37.37:934][716]LogModuleManager: Shutting down and abandoning module CharacterAI (438)
[2017.11.03-19.37.37:934][716]LogModuleManager: Shutting down and abandoning module AudioCapture (436)
[2017.11.03-19.37.37:935][716]LogModuleManager: Shutting down and abandoning module SequenceRecorder (435)
[2017.11.03-19.37.38:004][716]LogModuleManager: Shutting down and abandoning module SmartSnapping (432)
[2017.11.03-19.37.38:004][716]LogModuleManager: Shutting down and abandoning module SessionServices (430)
[2017.11.03-19.37.38:004][716]LogModuleManager: Shutting down and abandoning module ViewportSnapping (428)
[2017.11.03-19.37.38:004][716]LogModuleManager: Shutting down and abandoning module ViewportInteraction (426)
[2017.11.03-19.37.38:004][716]LogModuleManager: Shutting down and abandoning module LogVisualizer (424)
[2017.11.03-19.37.38:070][716]LogModuleManager: Shutting down and abandoning module IntroTutorials (422)
[2017.11.03-19.37.38:077][716]LogModuleManager: Shutting down and abandoning module GameProjectGeneration (421)
[2017.11.03-19.37.38:133][716]LogModuleManager: Shutting down and abandoning module EditorLiveStreaming (418)
[2017.11.03-19.37.38:133][716]LogModuleManager: Shutting down and abandoning module IOSPlatformEditor (416)
[2017.11.03-19.37.38:133][716]LogModuleManager: Shutting down and abandoning module HTML5PlatformEditor (414)
[2017.11.03-19.37.38:133][716]LogModuleManager: Shutting down and abandoning module AndroidPlatformEditor (412)
[2017.11.03-19.37.38:198][716]LogModuleManager: Shutting down and abandoning module AndroidDeviceDetection (411)
[2017.11.03-19.37.38:812][716]LogModuleManager: Shutting down and abandoning module IOSRuntimeSettings (408)
[2017.11.03-19.37.38:812][716]LogModuleManager: Shutting down and abandoning module AndroidRuntimeSettings (406)
[2017.11.03-19.37.38:812][716]LogModuleManager: Shutting down and abandoning module InputBindingEditor (404)
[2017.11.03-19.37.38:844][716]LogModuleManager: Shutting down and abandoning module NiagaraEditor (402)
[2017.11.03-19.37.38:898][716]LogModuleManager: Shutting down and abandoning module MergeActors (400)
[2017.11.03-19.37.38:938][716]LogModuleManager: Shutting down and abandoning module SizeMap (398)
[2017.11.03-19.37.38:938][716]LogModuleManager: Shutting down and abandoning module TreeMap (396)
[2017.11.03-19.37.39:039][716]LogModuleManager: Shutting down and abandoning module ReferenceViewer (394)
[2017.11.03-19.37.39:039][716]LogModuleManager: Shutting down and abandoning module LocalizationDashboard (392)
[2017.11.03-19.37.39:094][716]LogModuleManager: Shutting down and abandoning module LocalizationService (391)
[2017.11.03-19.37.39:114][716]LogModuleManager: Shutting down and abandoning module HardwareTargeting (388)
[2017.11.03-19.37.39:148][716]LogModuleManager: Shutting down and abandoning module DeviceProfileEditor (386)
[2017.11.03-19.37.39:184][716]LogModuleManager: Shutting down and abandoning module UndoHistory (384)
[2017.11.03-19.37.39:193][716]LogModuleManager: Shutting down and abandoning module UserFeedback (382)
[2017.11.03-19.37.39:193][716]LogModuleManager: Shutting down and abandoning module XmlParser (380)
[2017.11.03-19.37.39:193][716]LogModuleManager: Shutting down and abandoning module Blutility (378)
[2017.11.03-19.37.39:203][716]LogModuleManager: Shutting down and abandoning module ProjectSettingsViewer (376)
[2017.11.03-19.37.39:203][716]LogModuleManager: Shutting down and abandoning module ProjectTargetPlatformEditor (375)
[2017.11.03-19.37.39:204][716]LogModuleManager: Shutting down and abandoning module EditorSettingsViewer (372)
[2017.11.03-19.37.39:204][716]LogModuleManager: Shutting down and abandoning module SettingsEditor (370)
[2017.11.03-19.37.39:395][716]LogModuleManager: Shutting down and abandoning module ProjectLauncher (368)
[2017.11.03-19.37.39:435][716]LogModuleManager: Shutting down and abandoning module SessionFrontend (366)
[2017.11.03-19.37.39:470][716]LogModuleManager: Shutting down and abandoning module ProfilerClient (364)
[2017.11.03-19.37.39:503][716]LogModuleManager: Shutting down and abandoning module DeviceManager (362)
[2017.11.03-19.37.39:525][716]LogModuleManager: Shutting down and abandoning module TargetDeviceServices (361)
[2017.11.03-19.37.39:586][716]LogModuleManager: Shutting down and abandoning module AutomationController (358)
[2017.11.03-19.37.39:628][716]LogModuleManager: Shutting down and abandoning module AutomationWindow (356)
[2017.11.03-19.37.39:648][716]LogModuleManager: Shutting down and abandoning module Layers (354)
[2017.11.03-19.37.39:727][716]LogModuleManager: Shutting down and abandoning module ComponentVisualizers (352)
[2017.11.03-19.37.39:727][716]LogModuleManager: Shutting down and abandoning module DetailCustomizations (350)
[2017.11.03-19.37.39:765][716]LogModuleManager: Shutting down and abandoning module PackagesDialog (348)
[2017.11.03-19.37.39:766][716]LogModuleManager: Shutting down and abandoning module Persona (346)
[2017.11.03-19.37.39:824][716]LogModuleManager: Shutting down and abandoning module AnimGraph (345)
[2017.11.03-19.37.39:824][716]LogModuleManager: Shutting down and abandoning module Kismet (342)
[2017.11.03-19.37.39:890][716]LogModuleManager: Shutting down and abandoning module GraphEditor (340)
[2017.11.03-19.37.39:890][716]LogModuleManager: Shutting down and abandoning module ClassViewer (338)
[2017.11.03-19.37.39:890][716]LogModuleManager: Shutting down and abandoning module Toolbox (336)
[2017.11.03-19.37.39:890][716]LogModuleManager: Shutting down and abandoning module ModuleUI (334)
[2017.11.03-19.37.39:925][716]LogModuleManager: Shutting down and abandoning module MovieSceneTools (332)
[2017.11.03-19.37.39:958][716]LogModuleManager: Shutting down and abandoning module OutputLog (330)
[2017.11.03-19.37.39:968][716]LogModuleManager: Shutting down and abandoning module GammaUI (328)
[2017.11.03-19.37.39:982][716]LogModuleManager: Shutting down and abandoning module Documentation (326)
[2017.11.03-19.37.39:982][716]LogModuleManager: Shutting down and abandoning module Niagara (324)
[2017.11.03-19.37.39:982][716]LogModuleManager: Shutting down and abandoning module StreamingPauseRendering (322)
[2017.11.03-19.37.39:982][716]LogModuleManager: Shutting down and abandoning module AnalyticsET (320)
[2017.11.03-19.37.39:982][716]LogModuleManager: Shutting down and abandoning module PortalServices (318)
[2017.11.03-19.37.39:982][716]LogModuleManager: Shutting down and abandoning module PortalRpc (316)
[2017.11.03-19.37.39:982][716]LogModuleManager: Shutting down and abandoning module MessagingRpc (314)
[2017.11.03-19.37.39:982][716]LogModuleManager: Shutting down and abandoning module AIModule (312)
[2017.11.03-19.37.39:991][716]LogModuleManager: Shutting down and abandoning module GameplayDebugger (311)
[2017.11.03-19.37.40:002][716]LogModuleManager: Shutting down and abandoning module AITestSuite (309)
[2017.11.03-19.37.40:002][716]LogModuleManager: Shutting down and abandoning module ProfilerService (306)
[2017.11.03-19.37.40:067][716]LogModuleManager: Shutting down and abandoning module TaskGraph (304)
[2017.11.03-19.37.40:160][716]LogModuleManager: Shutting down and abandoning module SteamVRController (302)
[2017.11.03-19.37.40:160][716]LogModuleManager: Shutting down and abandoning module SteamVR (300)
[2017.11.03-19.37.40:160][716]LogModuleManager: Shutting down and abandoning module ProceduralMeshComponentEditor (298)
[2017.11.03-19.37.40:160][716]LogModuleManager: Shutting down and abandoning module ProceduralMeshComponent (296)
[2017.11.03-19.37.40:175][716]LogModuleManager: Shutting down and abandoning module OculusLibrary (294)
[2017.11.03-19.37.40:175][716]LogModuleManager: Shutting down and abandoning module OculusInput (292)
[2017.11.03-19.37.40:175][716]LogModuleManager: Shutting down and abandoning module MobilePatchingUtils (290)
[2017.11.03-19.37.40:175][716]LogModuleManager: Shutting down and abandoning module CustomMeshComponent (288)
[2017.11.03-19.37.40:175][716]LogModuleManager: Shutting down and abandoning module CableComponent (286)
[2017.11.03-19.37.40:175][716]LogModuleManager: Shutting down and abandoning module ArchVisCharacter (284)
[2017.11.03-19.37.40:175][716]LogModuleManager: Shutting down and abandoning module MediaPlayerEditor (280)
[2017.11.03-19.37.40:274][716]LogModuleManager: Shutting down and abandoning module HTML5Networking (278)
[2017.11.03-19.37.40:274][716]LogModuleManager: Shutting down and abandoning module AlembicImporter (276)
[2017.11.03-19.37.40:324][716]LogModuleManager: Shutting down and abandoning module AlembicLibrary (275)
[2017.11.03-19.37.40:324][716]LogModuleManager: Shutting down and abandoning module GeometryCache (274)
[2017.11.03-19.37.40:324][716]LogModuleManager: Shutting down and abandoning module GeometryCacheEd (273)
[2017.11.03-19.37.40:324][716]LogModuleManager: Shutting down and abandoning module SuperSearchEditor (268)
[2017.11.03-19.37.40:324][716]LogModuleManager: Shutting down and abandoning module SuperSearch (267)
[2017.11.03-19.37.40:324][716]LogModuleManager: Shutting down and abandoning module SpeedTreeImporter (264)
[2017.11.03-19.37.40:324][716]LogModuleManager: Shutting down and abandoning module PluginBrowser (262)
[2017.11.03-19.37.40:412][716]LogModuleManager: Shutting down and abandoning module MobileLauncherProfileWizard (260)
[2017.11.03-19.37.40:445][716]LogModuleManager: Shutting down and abandoning module EpicSurvey (258)
[2017.11.03-19.37.40:445][716]LogModuleManager: Shutting down and abandoning module VisualStudioSourceCodeAccess (256)
[2017.11.03-19.37.40:445][716]LogModuleManager: Shutting down and abandoning module DesktopPlatform (255)
[2017.11.03-19.37.40:445][716]LogModuleManager: Shutting down and abandoning module UObjectPlugin (252)
[2017.11.03-19.37.40:445][716]LogModuleManager: Shutting down and abandoning module SubversionSourceControl (250)
[2017.11.03-19.37.40:479][716]LogModuleManager: Shutting down and abandoning module PerforceSourceControl (248)
[2017.11.03-19.37.40:504][716]LogModuleManager: Shutting down and abandoning module GitSourceControl (246)
[2017.11.03-19.37.40:540][716]LogModuleManager: Shutting down and abandoning module SourceControl (245)
[2017.11.03-19.37.40:551][716]LogModuleManager: Shutting down and abandoning module LightPropagationVolumeEditor (242)
[2017.11.03-19.37.40:552][716]LogModuleManager: Shutting down and abandoning module PaperTiledImporter (240)
[2017.11.03-19.37.40:552][716]LogModuleManager: Shutting down and abandoning module PaperSpriteSheetImporter (238)
[2017.11.03-19.37.40:552][716]LogModuleManager: Shutting down and abandoning module Paper2DEditor (236)
[2017.11.03-19.37.40:607][716]LogModuleManager: Shutting down and abandoning module MeshPaint (235)
[2017.11.03-19.37.40:632][716]LogModuleManager: Shutting down and abandoning module LevelEditor (233)
[2017.11.03-19.37.40:677][716]LogModuleManager: Shutting down and abandoning module PixelInspectorModule (232)
[2017.11.03-19.37.40:699][716]LogModuleManager: Shutting down and abandoning module MainFrame (230)
[2017.11.03-19.37.40:699][716]LogModuleManager: Shutting down and abandoning module HotReload (229)
[2017.11.03-19.37.40:739][716]LogModuleManager: Shutting down and abandoning module ContentBrowser (225)
[2017.11.03-19.37.40:740][716]LogModuleManager: Shutting down and abandoning module PhysXVehiclesEditor (222)
[2017.11.03-19.37.40:752][716]LogModuleManager: Shutting down and abandoning module PhysXVehicles (220)
[2017.11.03-19.37.40:752][716]LogModuleManager: Shutting down and abandoning module LocationServicesBPLibrary (218)
[2017.11.03-19.37.40:752][716]LogModuleManager: Shutting down and abandoning module UdpMessaging (216)
[2017.11.03-19.37.40:853][716]LogModuleManager: Shutting down and abandoning module TcpMessaging (214)
[2017.11.03-19.37.40:976][716]LogModuleManager: Shutting down and abandoning module GameplayTagsEditor (212)
[2017.11.03-19.37.41:017][716]LogModuleManager: Shutting down and abandoning module FacialAnimationEditor (210)
[2017.11.03-19.37.41:040][716]LogModuleManager: Shutting down and abandoning module FacialAnimation (208)
[2017.11.03-19.37.41:041][716]LogModuleManager: Shutting down and abandoning module LightPropagationVolumeRuntime (206)
[2017.11.03-19.37.41:041][716]LogModuleManager: Shutting down and abandoning module Paper2D (204)
[2017.11.03-19.37.41:066][716]LogModuleManager: Shutting down and abandoning module WindowsMoviePlayer (202)
[2017.11.03-19.37.41:066][716]LogModuleManager: Shutting down and abandoning module WmfMedia (200)
[2017.11.03-19.37.41:068][716]LogModuleManager: Shutting down and abandoning module MfMedia (198)
[2017.11.03-19.37.41:068][716]LogModuleManager: Shutting down and abandoning module MediaAssets (196)
[2017.11.03-19.37.41:068][716]LogModuleManager: Shutting down and abandoning module GameLiveStreaming (194)
[2017.11.03-19.37.41:095][716]LogModuleManager: Shutting down and abandoning module VREditor (192)
[2017.11.03-19.37.41:095][716]LogModuleManager: Shutting down and abandoning module GameplayTasksEditor (190)
[2017.11.03-19.37.41:095][716]LogModuleManager: Shutting down and abandoning module BehaviorTreeEditor (188)
[2017.11.03-19.37.41:145][716]LogModuleManager: Shutting down and abandoning module FunctionalTesting (186)
[2017.11.03-19.37.41:145][716]LogModuleManager: Shutting down and abandoning module CollisionAnalyzer (184)
[2017.11.03-19.37.41:177][716]LogModuleManager: Shutting down and abandoning module UMG (182)
[2017.11.03-19.37.41:177][716]LogModuleManager: Shutting down and abandoning module UMGEditor (181)
[2017.11.03-19.37.41:177][716]LogModuleManager: Shutting down and abandoning module Sequencer (180)
[2017.11.03-19.37.41:177][716]LogModuleManager: Shutting down and abandoning module AssetTools (178)
[2017.11.03-19.37.41:256][716]LogModuleManager: Shutting down and abandoning module MessageLog (177)
[2017.11.03-19.37.41:256][716]LogModuleManager: Shutting down and abandoning module WorkspaceMenuStructure (176)
[2017.11.03-19.37.41:256][716]LogModuleManager: Shutting down and abandoning module SlateReflector (170)
[2017.11.03-19.37.41:436][716]LogModuleManager: Shutting down and abandoning module Slate (168)
[2017.11.03-19.37.41:436][716]LogModuleManager: Shutting down and abandoning module EditorStyle (166)
[2017.11.03-19.37.41:439][716]LogModuleManager: Shutting down and abandoning module SourceCodeAccess (164)
[2017.11.03-19.37.41:481][716]LogModuleManager: Shutting down and abandoning module HeadMountedDisplay (162)
[2017.11.03-19.37.41:481][716]LogModuleManager: Shutting down and abandoning module XAudio2 (160)
[2017.11.03-19.37.41:481][716]LogModuleManager: Shutting down and abandoning module Networking (158)
[2017.11.03-19.37.41:481][716]LogModuleManager: Shutting down and abandoning module Core (154)
[2017.11.03-19.37.41:481][716]LogModuleManager: Shutting down and abandoning module AssetRegistry (152)
[2017.11.03-19.37.41:662][716]LogDirectoryWatcher: A directory notification for '../../../Engine/Content/' was aborted.
[2017.11.03-19.37.41:662][716]LogDirectoryWatcher: A directory notification for '../../../../../../P - programist/UE4/Timekill/TimeKill/Content/' was aborted.
[2017.11.03-19.37.41:662][716]LogDirectoryWatcher: A directory notification for '../../../Engine/Plugins/2D/Paper2D/Content/' was aborted.
[2017.11.03-19.37.41:693][716]LogModuleManager: Shutting down and abandoning module DirectoryWatcher (151)
[2017.11.03-19.37.41:693][716]LogModuleManager: Shutting down and abandoning module KismetCompiler (148)
[2017.11.03-19.37.41:693][716]LogModuleManager: Shutting down and abandoning module PhysXFormats (146)
[2017.11.03-19.37.41:693][716]LogModuleManager: Shutting down and abandoning module MeshUtilities (144)
[2017.11.03-19.37.41:737][716]LogModuleManager: Shutting down and abandoning module SimplygonSwarm (143)
[2017.11.03-19.37.41:766][716]LogModuleManager: Shutting down and abandoning module SimplygonMeshReduction (141)
[2017.11.03-19.37.41:766][716]LogModuleManager: Shutting down and abandoning module QuadricMeshReduction (139)
[2017.11.03-19.37.41:766][716]LogModuleManager: Shutting down and abandoning module PropertyEditor (137)
[2017.11.03-19.37.41:797][716]LogModuleManager: Shutting down and abandoning module DerivedDataCache (134)
[2017.11.03-19.37.41:808][716]LogDerivedDataCache: Shutdown
[2017.11.03-19.37.41:808][716]LogModuleManager: Shutting down and abandoning module TargetPlatform (132)
[2017.11.03-19.37.41:808][716]LogModuleManager: Shutting down and abandoning module VulkanShaderFormat (131)
[2017.11.03-19.37.41:821][716]LogModuleManager: Shutting down and abandoning module ShaderFormatOpenGL (129)
[2017.11.03-19.37.41:833][716]LogModuleManager: Shutting down and abandoning module ShaderFormatD3D (127)
[2017.11.03-19.37.41:833][716]LogModuleManager: Shutting down and abandoning module MetalShaderFormat (125)
[2017.11.03-19.37.41:874][716]LogModuleManager: Shutting down and abandoning module TextureFormatUncompressed (123)
[2017.11.03-19.37.41:875][716]LogModuleManager: Shutting down and abandoning module TextureFormatPVR (121)
[2017.11.03-19.37.41:875][716]LogModuleManager: Shutting down and abandoning module TextureFormatDXT (119)
[2017.11.03-19.37.41:875][716]LogModuleManager: Shutting down and abandoning module TextureFormatIntelISPCTexComp (117)
[2017.11.03-19.37.41:880][716]LogModuleManager: Shutting down and abandoning module TextureFormatASTC (115)
[2017.11.03-19.37.41:880][716]LogModuleManager: Shutting down and abandoning module ImageWrapper (114)
[2017.11.03-19.37.41:880][716]LogModuleManager: Shutting down and abandoning module TextureFormatAndroid (111)
[2017.11.03-19.37.41:880][716]LogModuleManager: Shutting down and abandoning module AudioFormatOpus (109)
[2017.11.03-19.37.41:895][716]LogModuleManager: Shutting down and abandoning module AudioFormatOgg (107)
[2017.11.03-19.37.41:895][716]LogModuleManager: Shutting down and abandoning module AudioFormatADPCM (105)
[2017.11.03-19.37.41:895][716]LogModuleManager: Shutting down and abandoning module LinuxTargetPlatform (103)
[2017.11.03-19.37.41:896][716]LogModuleManager: Shutting down and abandoning module LinuxServerTargetPlatform (101)
[2017.11.03-19.37.41:896][716]LogModuleManager: Shutting down and abandoning module LinuxNoEditorTargetPlatform (99)
[2017.11.03-19.37.41:896][716]LogModuleManager: Shutting down and abandoning module LinuxClientTargetPlatform (97)
[2017.11.03-19.37.41:896][716]LogModuleManager: Shutting down and abandoning module TVOSTargetPlatform (95)
[2017.11.03-19.37.41:896][716]LogModuleManager: Shutting down and abandoning module Messaging (93)
[2017.11.03-19.37.41:896][716]LogModuleManager: Shutting down and abandoning module IOSTargetPlatform (91)
[2017.11.03-19.37.41:896][716]LogModuleManager: Shutting down and abandoning module HTML5TargetPlatform (89)
[2017.11.03-19.37.41:896][716]LogModuleManager: Shutting down and abandoning module Android_PVRTCTargetPlatform (87)
[2017.11.03-19.37.41:896][716]LogModuleManager: Shutting down and abandoning module Android_MultiTargetPlatform (85)
[2017.11.03-19.37.41:896][716]LogModuleManager: Shutting down and abandoning module Android_ETC2TargetPlatform (83)
[2017.11.03-19.37.41:896][716]LogModuleManager: Shutting down and abandoning module Android_ETC1TargetPlatform (81)
[2017.11.03-19.37.41:896][716]LogModuleManager: Shutting down and abandoning module Android_DXTTargetPlatform (79)
[2017.11.03-19.37.41:896][716]LogModuleManager: Shutting down and abandoning module Android_ATCTargetPlatform (77)
[2017.11.03-19.37.41:896][716]LogModuleManager: Shutting down and abandoning module Android_ASTCTargetPlatform (75)
[2017.11.03-19.37.41:896][716]LogModuleManager: Shutting down and abandoning module AndroidTargetPlatform (73)
[2017.11.03-19.37.41:896][716]LogModuleManager: Shutting down and abandoning module WindowsTargetPlatform (71)
[2017.11.03-19.37.41:896][716]LogModuleManager: Shutting down and abandoning module WindowsServerTargetPlatform (69)
[2017.11.03-19.37.41:896][716]LogModuleManager: Shutting down and abandoning module WindowsNoEditorTargetPlatform (67)
[2017.11.03-19.37.41:896][716]LogModuleManager: Shutting down and abandoning module WindowsClientTargetPlatform (65)
[2017.11.03-19.37.41:896][716]LogModuleManager: Shutting down and abandoning module MacTargetPlatform (63)
[2017.11.03-19.37.41:896][716]LogModuleManager: Shutting down and abandoning module MacServerTargetPlatform (61)
[2017.11.03-19.37.41:896][716]LogModuleManager: Shutting down and abandoning module MacNoEditorTargetPlatform (59)
[2017.11.03-19.37.41:896][716]LogModuleManager: Shutting down and abandoning module MacClientTargetPlatform (57)
[2017.11.03-19.37.41:896][716]LogModuleManager: Shutting down and abandoning module AllDesktopTargetPlatform (55)
[2017.11.03-19.37.41:896][716]LogModuleManager: Shutting down and abandoning module InputCore (52)
[2017.11.03-19.37.41:896][716]LogModuleManager: Shutting down and abandoning module Settings (50)
[2017.11.03-19.37.41:896][716]LogModuleManager: Shutting down and abandoning module OculusRift (48)
[2017.11.03-19.37.41:919][716]LogModuleManager: Shutting down and abandoning module GearVR (46)
[2017.11.03-19.37.41:919][716]LogModuleManager: Shutting down and abandoning module ExampleDeviceProfileSelector (44)
[2017.11.03-19.37.41:919][716]LogModuleManager: Shutting down and abandoning module OnlineBlueprintSupport (42)
[2017.11.03-19.37.41:919][716]LogModuleManager: Shutting down and abandoning module OnlineSubsystem (38)
[2017.11.03-19.37.41:919][716]LogOnline:Display: Unloading online subsystem: NULL
[2017.11.03-19.37.41:960][716]LogModuleManager: Shutting down and abandoning module XMPP (37)
[2017.11.03-19.37.41:996][716]LogModuleManager: Shutting down and abandoning module HTTP (35)
[2017.11.03-19.37.42:017][716]LogHttp:Display: Http module shutting down, but needs to wait on 1 outstanding Http requests:
[2017.11.03-19.37.42:017][716]LogHttp:Display: 	verb=[POST] url=[https://datarouter.ol.epicgames.com/datarouter/api/v1/public/data?SessionID=%7B947D56D4-4438-2117-4156-739118078AAE%7D&AppID=UEEditor.Rocket.Release&AppVersion=4.15.3-3450819%2B%2B%2BUE4%2BRelease-4.15&UserID=203cd22846209b4f8b77d28ccf32e6ff%7C89273462bd32443db345d53368ac8829%7Cb72b80ad-e83e-444b-86be-783fb756f975&AppEnvironment=datacollector-binary&UploadType=eteventstream] status=Processing
[2017.11.03-19.37.42:020][716]LogModuleManager: Shutting down and abandoning module SSL (34)
[2017.11.03-19.37.42:037][716]LogModuleManager: Shutting down and abandoning module AudioEditor (30)
[2017.11.03-19.37.42:084][716]LogModuleManager: Shutting down and abandoning module TextureCompressor (28)
[2017.11.03-19.37.42:084][716]LogModuleManager: Shutting down and abandoning module ShaderCore (26)
[2017.11.03-19.37.42:084][716]LogModuleManager: Shutting down and abandoning module Landscape (24)
[2017.11.03-19.37.42:084][716]LogModuleManager: Shutting down and abandoning module SlateRHIRenderer (22)
[2017.11.03-19.37.42:099][716]LogModuleManager: Shutting down and abandoning module OpenGLDrv (20)
[2017.11.03-19.37.42:116][716]LogModuleManager: Shutting down and abandoning module D3D11RHI (18)
[2017.11.03-19.37.42:116][716]LogModuleManager: Shutting down and abandoning module AnimGraphRuntime (16)
[2017.11.03-19.37.42:171][716]LogModuleManager: Shutting down and abandoning module Renderer (14)
[2017.11.03-19.37.42:171][716]LogModuleManager: Shutting down and abandoning module Engine (12)
[2017.11.03-19.37.42:171][716]LogModuleManager: Shutting down and abandoning module CoreUObject (10)
[2017.11.03-19.37.42:171][716]LogModuleManager: Shutting down and abandoning module NetworkFile (8)
[2017.11.03-19.37.42:171][716]LogModuleManager: Shutting down and abandoning module StreamingFile (6)
[2017.11.03-19.37.42:171][716]LogModuleManager: Shutting down and abandoning module SandboxFile (4)
[2017.11.03-19.37.42:171][716]LogModuleManager: Shutting down and abandoning module PakFile (2)
[2017.11.03-19.37.42:208][716]LogExit: Exiting.
[2017.11.03-19.37.42:210][716]Log file closed, 11/03/17 22:37:42
