Log file open, 10/27/17 06:35:32
LogInit:Display: Running engine for game: TimeKill
LogPlatformFile: Not using cached read wrapper
LogInit:Display: RandInit(1317503895) SRandInit(1317503896).
LogTaskGraph: Started task graph with 5 named threads and 8 total threads with 1 sets of task threads.
LogStats: Stats thread started at 0.255207
LogInit: Using libcurl 7.47.1
LogInit:  - built for x86_64-pc-win32
LogInit:  - supports SSL with OpenSSL/1.0.2g
LogInit:  - supports HTTP deflate (compression) using libz 1.2.8
LogInit:  - other features:
LogInit:      CURL_VERSION_SSL
LogInit:      CURL_VERSION_LIBZ
LogInit:      CURL_VERSION_IPV6
LogInit:      CURL_VERSION_ASYNCHDNS
LogInit:      CURL_VERSION_LARGEFILE
LogInit:      CURL_VERSION_IDN
LogInit:  CurlRequestOptions (configurable via config and command line):
LogInit:  - bVerifyPeer = false  - Libcurl will NOT verify peer certificate
LogInit:  - bUseHttpProxy = false  - Libcurl will NOT use HTTP proxy
LogInit:  - bDontReuseConnections = false  - Libcurl will reuse connections
LogInit:  - CertBundlePath = nullptr  - Libcurl will use whatever was configured at build time.
LogInit: Build: ++UE4+Release-4.15-CL-3450819
LogInit: Engine Version: 4.15.3-3450819+++UE4+Release-4.15
LogInit: Compatible Engine Version: 4.15.0-3299760+++UE4+Release-4.15
LogInit: Net CL: 3299760
LogDevObjectVersion: Number of dev versions registered: 14
LogDevObjectVersion:   Dev-Blueprints (B0D832E4-1F89-4F0D-ACCF-7EB736FD4AA2): 8
LogDevObjectVersion:   Dev-Build (E1C64328-A22C-4D53-A36C-8E866417BD8C): 0
LogDevObjectVersion:   Dev-Core (375EC13C-06E4-48FB-B500-84F0262A717E): 2
LogDevObjectVersion:   Dev-Editor (E4B068ED-F494-42E9-A231-DA0B2E46BB41): 14
LogDevObjectVersion:   Dev-Framework (CFFC743F-43B0-4480-9391-14DF171D2073): 22
LogDevObjectVersion:   Dev-Mobile (B02B49B5-BB20-44E9-A304-32B752E40360): 0
LogDevObjectVersion:   Dev-Networking (A4E4105C-59A1-49B5-A7C5-40C4547EDFEE): 0
LogDevObjectVersion:   Dev-Online (39C831C9-5AE6-47DC-9A44-9C173E1C8E7C): 0
LogDevObjectVersion:   Dev-Physics (78F01B33-EBEA-4F98-B9B4-84EACCB95AA2): 0
LogDevObjectVersion:   Dev-Platform (6631380F-2D4D-43E0-8009-CF276956A95A): 0
LogDevObjectVersion:   Dev-Rendering (12F88B9F-8875-4AFC-A67C-D90C383ABD29): 12
LogDevObjectVersion:   Dev-Sequencer (7B5AE74C-D270-4C10-A958-57980B212A5A): 3
LogDevObjectVersion:   Dev-VR (D7296918-1DD6-4BDD-9DE2-64A83CC13884): 0
LogDevObjectVersion:   Dev-LoadTimes (C2A15278-BFE7-4AFE-6C17-90FF531DF755): 1
LogInit: Compiled (64-bit): May 21 2017 11:02:34
LogInit: Compiled with Visual C++: 19.00.23026.00
LogInit: Build Configuration: Development
LogInit: Branch Name: ++UE4+Release-4.15
LogInit: Command line:  
LogInit: Base directory: D:/Program Files/Epic Games/UE_4.15/Engine/Binaries/Win64/
LogInit: Installed Engine Build: 1
LogInit: Presizing for max 8388607 objects, including 0 objects not considered by GC, pre-allocating 0 bytes for permanent pool.
LogInit: Object subsystem initialized
[2017.10.27-03.35.33:929][  0]LogInit: Selected Device Profile: [Windows]
[2017.10.27-03.35.33:929][  0]LogInit: Applying CVar settings loaded from the selected device profile: [Windows]
[2017.10.27-03.35.34:018][  0]LogInit: Computer: DESKTOP-S9EOI2C
[2017.10.27-03.35.34:018][  0]LogInit: User: IzPOD
[2017.10.27-03.35.34:018][  0]LogInit: CPU Page size=65536, Cores=4
[2017.10.27-03.35.34:018][  0]LogInit: High frequency timer resolution =3.312789 MHz
[2017.10.27-03.35.34:018][  0]LogMemory: Memory total: Physical=7.9GB (8GB approx)
[2017.10.27-03.35.34:018][  0]LogMemory: Platform Memory Stats for Windows
[2017.10.27-03.35.34:018][  0]LogMemory: Process Physical Memory: 263.96 MB used, 263.96 MB peak
[2017.10.27-03.35.34:018][  0]LogMemory: Process Virtual Memory: 262.21 MB used, 262.21 MB peak
[2017.10.27-03.35.34:018][  0]LogMemory: Physical Memory: 5589.63 MB used,  2535.18 MB free, 8124.80 MB total
[2017.10.27-03.35.34:018][  0]LogMemory: Virtual Memory: 644.03 MB used,  2535.18 MB free, 134217728.00 MB total
[2017.10.27-03.35.34:879][  0]LogTextLocalizationManager: No translations for ('ru-RU') exist, falling back to 'en' for localization and internationalization data.
[2017.10.27-03.35.38:943][  0]LogD3D11RHI: D3D11 adapters:
[2017.10.27-03.35.39:516][  0]LogD3D11RHI:    0. 'NVIDIA GeForce GTX 670' (Feature Level 11_0)
[2017.10.27-03.35.39:516][  0]LogD3D11RHI:       2017/0/4062 MB DedicatedVideo/DedicatedSystem/SharedSystem, Outputs:1, VendorId:0x10de
[2017.10.27-03.35.39:518][  0]LogD3D11RHI:    1. 'Microsoft Basic Render Driver' (Feature Level 11_0)
[2017.10.27-03.35.39:518][  0]LogD3D11RHI:       0/0/4062 MB DedicatedVideo/DedicatedSystem/SharedSystem, Outputs:0, VendorId:0x1414
[2017.10.27-03.35.39:518][  0]LogD3D11RHI: Chosen D3D11 Adapter: 0
[2017.10.27-03.35.39:527][  0]LogD3D11RHI: Creating new Direct3DDevice
[2017.10.27-03.35.39:527][  0]LogD3D11RHI:     GPU DeviceId: 0x1189 (for the marketing name, search the web for "GPU Device Id")
[2017.10.27-03.35.39:527][  0]LogWindows: EnumDisplayDevices:
[2017.10.27-03.35.39:527][  0]LogWindows:    0. 'NVIDIA GeForce GTX 670' (P:1 D:1)
[2017.10.27-03.35.39:527][  0]LogWindows:    1. 'NVIDIA GeForce GTX 670' (P:0 D:0)
[2017.10.27-03.35.39:528][  0]LogWindows:    2. 'NVIDIA GeForce GTX 670' (P:0 D:0)
[2017.10.27-03.35.39:528][  0]LogWindows:    3. 'NVIDIA GeForce GTX 670' (P:0 D:0)
[2017.10.27-03.35.39:528][  0]LogWindows: DebugString: FoundDriverCount:4 
[2017.10.27-03.35.39:528][  0]LogD3D11RHI:     Adapter Name: NVIDIA GeForce GTX 670
[2017.10.27-03.35.39:528][  0]LogD3D11RHI:   Driver Version: 384.94 (internal:22.21.13.8494, unified:384.94)
[2017.10.27-03.35.39:528][  0]LogD3D11RHI:      Driver Date: 7-18-2017
[2017.10.27-03.35.39:528][  0]LogRHI: Texture pool is 1361 MB (70% of 1945 MB)
[2017.10.27-03.35.40:075][  0]LogD3D11RHI:Warning: Timestamp queries are currently disabled on this hardware due to instability. Realtime GPU stats will not be available. You can override this behaviour by setting r.NVIDIATimestampWorkaround to 0
[2017.10.27-03.35.40:077][  0]LogD3D11RHI: Async texture creation enabled
[2017.10.27-03.35.40:132][  0]LogD3D11RHI: GPU Timing Frequency: 1000.000000 (Debug: 2 1)
[2017.10.27-03.35.40:134][  0]LogShaderCompilers: Guid format shader working directory is -9 characters bigger than the processId version (../../../../../../P - programist/UE4/Timekill/TimeKill/Intermediate/Shaders/WorkingDirectory/11760/).
[2017.10.27-03.35.40:134][  0]LogShaderCompilers: Cleaned the shader compiler working directory 'C:/Users/IzPOD/AppData/Local/Temp/UnrealShaderWorkingDir/E32A2C2B4A1BCAB77945A6A4252501C1/'.
[2017.10.27-03.35.40:134][  0]LogShaderCompilers:Display: Using Local Shader Compiler.
[2017.10.27-03.35.43:564][  0]LogTemp:Display: Loaded TP AllDesktopTargetPlatform
[2017.10.27-03.35.43:617][  0]LogTemp:Display: Loaded TP MacClientTargetPlatform
[2017.10.27-03.35.43:673][  0]LogTemp:Display: Loaded TP MacNoEditorTargetPlatform
[2017.10.27-03.35.43:729][  0]LogTemp:Display: Loaded TP MacServerTargetPlatform
[2017.10.27-03.35.43:802][  0]LogTemp:Display: Loaded TP MacTargetPlatform
[2017.10.27-03.35.43:856][  0]LogTemp:Display: Loaded TP WindowsClientTargetPlatform
[2017.10.27-03.35.43:910][  0]LogTemp:Display: Loaded TP WindowsNoEditorTargetPlatform
[2017.10.27-03.35.43:963][  0]LogTemp:Display: Loaded TP WindowsServerTargetPlatform
[2017.10.27-03.35.44:004][  0]LogTemp:Display: Loaded TP WindowsTargetPlatform
[2017.10.27-03.35.44:060][  0]LogTemp:Display: Loaded TP AndroidTargetPlatform
[2017.10.27-03.35.44:109][  0]LogTemp:Display: Loaded TP Android_ASTCTargetPlatform
[2017.10.27-03.35.44:160][  0]LogTemp:Display: Loaded TP Android_ATCTargetPlatform
[2017.10.27-03.35.44:210][  0]LogTemp:Display: Loaded TP Android_DXTTargetPlatform
[2017.10.27-03.35.44:259][  0]LogTemp:Display: Loaded TP Android_ETC1TargetPlatform
[2017.10.27-03.35.44:308][  0]LogTemp:Display: Loaded TP Android_ETC2TargetPlatform
[2017.10.27-03.35.44:408][  0]LogTemp:Display: Loaded TP Android_MultiTargetPlatform
[2017.10.27-03.35.44:408][  0]LogTemp:Display: Loaded TP Android_PVRTCTargetPlatform
[2017.10.27-03.35.44:440][  0]LogTemp:Display: Loaded TP HTML5TargetPlatform
[2017.10.27-03.35.44:592][  0]LogTemp:Display: Loaded TP IOSTargetPlatform
[2017.10.27-03.35.44:628][  0]LogTemp:Display: Loaded TP TVOSTargetPlatform
[2017.10.27-03.35.44:679][  0]LogTemp:Display: Loaded TP LinuxClientTargetPlatform
[2017.10.27-03.35.44:728][  0]LogTemp:Display: Loaded TP LinuxNoEditorTargetPlatform
[2017.10.27-03.35.44:776][  0]LogTemp:Display: Loaded TP LinuxServerTargetPlatform
[2017.10.27-03.35.44:847][  0]LogTemp:Display: Loaded TP LinuxTargetPlatform
[2017.10.27-03.35.44:847][  0]LogTargetPlatformManager:Display: Building Assets For Windows
[2017.10.27-03.35.46:089][  0]LogDerivedDataCache:Display: Max Cache Size: 512 MB
[2017.10.27-03.35.46:330][  0]LogDerivedDataCache: Loaded boot cache 0.24s 50MB C:/Users/IzPOD/AppData/Local/UnrealEngine/4.15/DerivedDataCache/Boot.ddc.
[2017.10.27-03.35.46:331][  0]LogDerivedDataCache:Display: Loaded Boot cache: C:/Users/IzPOD/AppData/Local/UnrealEngine/4.15/DerivedDataCache/Boot.ddc
[2017.10.27-03.35.46:331][  0]LogDerivedDataCache: FDerivedDataBackendGraph:  Pak pak cache file ../../../../../../P - programist/UE4/Timekill/TimeKill/DerivedDataCache/DDC.ddp not found, will not use a pak cache.
[2017.10.27-03.35.46:331][  0]LogDerivedDataCache: Unable to find inner node Pak for hierarchical cache Hierarchy.
[2017.10.27-03.35.46:331][  0]LogDerivedDataCache: FDerivedDataBackendGraph:  CompressedPak pak cache file ../../../../../../P - programist/UE4/Timekill/TimeKill/DerivedDataCache/Compressed.ddp not found, will not use a pak cache.
[2017.10.27-03.35.46:331][  0]LogDerivedDataCache: Unable to find inner node CompressedPak for hierarchical cache Hierarchy.
[2017.10.27-03.35.46:459][  0]LogDerivedDataCache:Display: Pak cache opened for reading ../../../Engine/DerivedDataCache/Compressed.ddp.
[2017.10.27-03.35.46:473][  0]LogDerivedDataCache: Using Local data cache path C:/Users/IzPOD/AppData/Local/UnrealEngine/Common/DerivedDataCache: Writable
[2017.10.27-03.35.46:510][  0]LogSlate: Using Freetype 2.6.0
[2017.10.27-03.35.46:567][  0]LogSlate: SlateFontCache - WITH_FREETYPE: 1, WITH_HARFBUZZ: 1
[2017.10.27-03.35.46:567][  0]LogSlate: SlateFontCache - WITH_FREETYPE: 1, WITH_HARFBUZZ: 1
[2017.10.27-03.35.54:733][  0]LogInit: Selected Device Profile: [Windows]
[2017.10.27-03.35.54:738][  0]LogContentStreaming: Texture pool size is 0.00 MB
[2017.10.27-03.35.55:073][  0]LogMeshUtilities: Using QuadricMeshReduction for automatic static mesh reduction
[2017.10.27-03.35.55:160][  0]LogSimplygon: Simplygon DLL not present - disabling.
[2017.10.27-03.35.55:217][  0]LogMeshUtilities: Using SimplygonSwarm for distributed automatic mesh merging
[2017.10.27-03.35.55:217][  0]LogMeshUtilities: No automatic skeletal mesh reduction module available
[2017.10.27-03.35.55:217][  0]LogMeshUtilities: No automatic mesh merging module available
[2017.10.27-03.35.57:838][  0]LogNetVersion: GetLocalNetworkVersion: CL: 3299760, ProjectName: timekill, ProjectVersion: , EngineNetworkVersion: 2, GameNetworkVersion: 0, NetworkChecksum: 844999791
[2017.10.27-03.35.57:926][  0]LogAssetRegistry: FAssetRegistry took 0.0342 seconds to start up
[2017.10.27-03.35.57:960][  0]LogPackageLocalizationCache: Processed 3 localized package path(s) for 1 prioritized culture(s) in 0.016645 seconds
[2017.10.27-03.35.57:965][  0]LogUObjectArray: 32493 objects as part of root set at end of initial load.
[2017.10.27-03.35.57:966][  0]LogUObjectAllocator: 7077024 out of 0 bytes used by permanent object pool.
[2017.10.27-03.35.57:966][  0]LogUObjectArray: CloseDisregardForGC: 0/0 objects in disregard for GC pool
[2017.10.27-03.35.58:018][  0]LogInit: WinSock: version 1.1 (2.2), MaxSocks=32767, MaxUdp=65467
[2017.10.27-03.36.06:234][  0]LogTcpMessaging: Initializing TcpMessaging bridge
[2017.10.27-03.36.06:288][  0]LogUdpMessaging: Initializing bridge on interface 0.0.0.0:0 to multicast group 230.0.0.1:6666.
[2017.10.27-03.36.07:401][  0]LogMaterial: Uniform references updated for custom material expression Custom.
[2017.10.27-03.36.08:045][  0]SourceControl: Info Source control is disabled
[2017.10.27-03.36.08:059][  0]SourceControl: Info Source control is disabled
[2017.10.27-03.36.08:202][  0]SourceControl: Info Source control is disabled
[2017.10.27-03.36.08:282][  0]SourceControl: Info Source control is disabled
[2017.10.27-03.36.09:229][  0]LogLinker:Warning: Can't find file '/Game/PuzzleBP/Tutorial/Part1-Overview'
[2017.10.27-03.36.09:229][  0]LogLinker:Warning: Can't find file '/Game/PuzzleBP/Tutorial/Part1-Overview'
[2017.10.27-03.36.09:229][  0]LogUObjectGlobals:Warning: Failed to find object 'Class /Game/PuzzleBP/Tutorial/Part1-Overview.Part1-Overview_C'
[2017.10.27-03.36.09:229][  0]LogLinker:Warning: Can't find file '/Game/PuzzleBP/Tutorial/Part2-BlockBlueprint'
[2017.10.27-03.36.09:229][  0]LogLinker:Warning: Can't find file '/Game/PuzzleBP/Tutorial/Part2-BlockBlueprint'
[2017.10.27-03.36.09:229][  0]LogUObjectGlobals:Warning: Failed to find object 'Class /Game/PuzzleBP/Tutorial/Part2-BlockBlueprint.Part2-BlockBlueprint_C'
[2017.10.27-03.36.11:141][  0]LogEngine: Initializing Engine...
[2017.10.27-03.36.11:142][  0]LogHMD: Failed to initialize OpenVR with code 110
[2017.10.27-03.36.11:661][  0]LogStats: UGameplayTagsManager::ConstructGameplayTagTree: Construct from data asset -  0.000 s
[2017.10.27-03.36.11:661][  0]LogStats: UGameplayTagsManager::ConstructGameplayTagTree: GameplayTagTreeChangedEvent.Broadcast -  0.000 s
[2017.10.27-03.36.11:922][  0]LogAIModule: Creating AISystem for world Untitled
[2017.10.27-03.36.11:987][  0]LogInit: XAudio2 using 'Динамики (Устройство с поддержкой High Definition Audio)' : 2 channels at 44.1 kHz using 16 bits per sample (channel mask 0x3)
[2017.10.27-03.36.12:002][  0]LogInit: FAudioDevice initialized.
[2017.10.27-03.36.12:027][  0]LogDerivedDataCache: Saved boot cache 0.03s 50MB C:/Users/IzPOD/AppData/Local/UnrealEngine/4.15/DerivedDataCache/Boot.ddc.
[2017.10.27-03.36.12:036][  0]LogInit: Texture streaming: Enabled
[2017.10.27-03.36.12:257][  0]LogEngineSessionManager: EngineSessionManager initialized
[2017.10.27-03.36.12:404][  0]LogInit: Transaction tracking system initialized
[2017.10.27-03.36.12:788][  0]BlueprintLog: New page: Editor Load
[2017.10.27-03.36.14:290][  0]LocalizationService: Info Localization service is disabled
[2017.10.27-03.36.15:295][  0]LogConsoleResponse:Display: 
[2017.10.27-03.36.17:378][  0]LogCook:Display: Max memory allowance for cook 16384mb min free memory 0mb
[2017.10.27-03.36.17:378][  0]LogCook:Display: Mobile HDR setting 0
[2017.10.27-03.36.17:620][  0]LogFileCache: Scanning file cache for directory 'D:/P - programist/UE4/Timekill/TimeKill/Content/' took 0.02s
[2017.10.27-03.36.19:495][  0]SourceControl: Info Source control is disabled
[2017.10.27-03.36.19:495][  0]Cmd: MAP LOAD FILE="../../../Engine/Content/Maps/Templates/Template_Default.umap" TEMPLATE=1 SHOWPROGRESS=1 FEATURELEVEL=3
[2017.10.27-03.36.19:539][  0]LightingResults: New page: Lighting Build
[2017.10.27-03.36.19:572][  0]MapCheck: New page: Map Check
[2017.10.27-03.36.19:572][  0]LightingResults: New page: Lighting Build
[2017.10.27-03.36.20:422][  0]LogAIModule: Creating AISystem for world Untitled_1
[2017.10.27-03.36.20:456][  0]LogActorComponent: RegisterComponentWithWorld: (/Temp/Untitled_1.Untitled_1:PersistentLevel.WorldSettings_1.StaticMeshComponent0) Trying to register component with IsPendingKill() == true. Aborting.
[2017.10.27-03.36.20:645][  0]LogEditorServer: Finished looking for orphan Actors (0.000 secs)
[2017.10.27-03.36.20:649][  0]Cmd: MAP CHECKDEP NOCLEARLOG
[2017.10.27-03.36.20:683][  0]MapCheck: Info Map check complete: 0 Error(s), 0 Warning(s), took 34.141ms to complete.
[2017.10.27-03.36.20:683][  0]LogFileHelpers: Loading map 'Template_Default' took 1.188
[2017.10.27-03.36.22:005][  0]LogCollectionManager: Loaded 0 collections in 0.000889 seconds
[2017.10.27-03.36.22:172][  0]LogFileCache: Scanning file cache for directory 'D:/P - programist/UE4/Timekill/TimeKill/Saved/Collections/' took 0.01s
[2017.10.27-03.36.22:172][  0]LogFileCache: Scanning file cache for directory 'D:/P - programist/UE4/Timekill/TimeKill/Content/Developers/IzPOD/Collections/' took 0.01s
[2017.10.27-03.36.22:172][  0]LogFileCache: Scanning file cache for directory 'D:/P - programist/UE4/Timekill/TimeKill/Content/Collections/' took 0.01s
[2017.10.27-03.36.22:172][  0]LogCollectionManager: Rebuilt the GUID cache for 0 collections in 0.000003 seconds
[2017.10.27-03.36.22:187][  0]LogContentBrowser: Native class hierarchy populated in 0.0111 seconds. Added 2246 classes and 455 folders.
[2017.10.27-03.36.22:351][  0]LogContentBrowser: Native class hierarchy updated for 'WidgetCarousel' in 0.0005 seconds. Added 0 classes and 0 folders.
[2017.10.27-03.36.23:158][  0]LogContentBrowser: Native class hierarchy updated for 'AddContentDialog' in 0.0005 seconds. Added 0 classes and 0 folders.
[2017.10.27-03.36.23:197][  0]LogCrashTracker: Crashtracker disabled due to settings.
[2017.10.27-03.36.23:292][  0]LogUObjectGlobals:Warning: Failed to find object 'Class None.'
[2017.10.27-03.36.23:399][  0]LogContentBrowser: Native class hierarchy updated for 'HierarchicalLODOutliner' in 0.0005 seconds. Added 1 classes and 2 folders.
[2017.10.27-03.36.23:399][  0]LogLoad: (Engine Initialization) Total time: 55.54 seconds
[2017.10.27-03.36.23:399][  0]LogLoad: (Engine Initialization) Total Blueprint compile time: 0.24 seconds
[2017.10.27-03.36.23:399][  0]LogExternalProfiler: No external profilers were discovered.  External profiling features will not be available.
[2017.10.27-03.36.23:775][  0]LogOcInput: OculusInput pre-init called
[2017.10.27-03.36.23:871][  0]LogContentStreaming: Texture pool size now 1000 MB
[2017.10.27-03.36.23:906][  0]LogSlate: Took 0.023956 seconds to synchronously load lazily loaded font '../../../Engine/Content/Slate/Fonts/Roboto-Regular.ttf' (155K)
[2017.10.27-03.36.23:923][  0]LogSlate: Took 0.011947 seconds to synchronously load lazily loaded font '../../../Engine/Content/Slate/Fonts/Roboto-Bold.ttf' (160K)
[2017.10.27-03.36.23:940][  0]LogSlate: Took 0.010274 seconds to synchronously load lazily loaded font '../../../Engine/Content/Editor/Slate/Fonts/FontAwesome.ttf' (139K)
[2017.10.27-03.36.24:051][  0]LogRenderer: Reallocating scene render targets to support 1068x924 NumSamples 1 (Frame:2).
[2017.10.27-03.36.24:622][  2]LogAssetRegistry: Asset discovery search completed in 26.7200 seconds
[2017.10.27-03.36.24:623][  2]LogCollectionManager: Rebuilt the object cache for 0 collections in 0.000007 seconds (found 0 objects)
[2017.10.27-03.36.24:623][  2]LogCollectionManager: Fixed up redirectors for 0 collections in 0.000022 seconds (updated 0 objects)
[2017.10.27-03.36.28:589][ 13]LogSlate: Took 0.023394 seconds to synchronously load lazily loaded font '../../../Engine/Content/Slate/Fonts/Roboto-Light.ttf' (159K)
[2017.10.27-03.37.38:666][639]LogSlate: Took 0.000188 seconds to synchronously load lazily loaded font '../../../Engine/Content/Slate/Fonts/Roboto-Light.ttf' (159K)
[2017.10.27-03.37.39:701][639]LogSlate: Took 0.000269 seconds to synchronously load lazily loaded font '../../../Engine/Content/Slate/Fonts/Roboto-Regular.ttf' (155K)
[2017.10.27-03.37.39:906][639]LogBlueprint:Warning: [WidgetBlueprint] 'Start_igri' variable not found. Base class was probably changed.
[2017.10.27-03.37.39:906][639]LogBlueprint:Warning: [WidgetBlueprint] 'Start_igri' variable not found. Base class was probably changed.
[2017.10.27-03.37.40:005][639]LogBlueprint:Warning: [WidgetBlueprint] 'Start_igri' variable not found. Base class was probably changed.
[2017.10.27-03.37.40:005][639]LogBlueprint:Warning: [WidgetBlueprint] 'Start_igri' variable not found. Base class was probably changed.
[2017.10.27-03.37.40:426][639]LogAIModule: Creating AISystem for world GameLavel
[2017.10.27-03.37.40:512][639]Cmd: MAP LOAD FILE="../../../../../../P - programist/UE4/Timekill/TimeKill/Content/GameLavel.umap" TEMPLATE=0 SHOWPROGRESS=1 FEATURELEVEL=3
[2017.10.27-03.37.40:512][639]LightingResults: New page: Lighting Build
[2017.10.27-03.37.40:514][639]LoadErrors: New page: Loading map: GameLavel.umap
[2017.10.27-03.37.40:528][639]MapCheck: New page: Map Check
[2017.10.27-03.37.40:528][639]LightingResults: New page: Lighting Build
[2017.10.27-03.37.40:636][639]LogEditorServer: Finished looking for orphan Actors (0.000 secs)
[2017.10.27-03.37.40:674][639]Cmd: MAP CHECKDEP NOCLEARLOG
[2017.10.27-03.37.40:722][639]MapCheck: Info Map check complete: 0 Error(s), 0 Warning(s), took 48.523ms to complete.
[2017.10.27-03.37.40:722][639]LogFileHelpers: Loading map 'GameLavel' took 0.223
[2017.10.27-03.37.41:741][739]LogTemp: Repeting last play command: New Editor Window (PIE)
[2017.10.27-03.37.41:760][739]LogBlueprintUserMessages: Early PlayInEditor Detection: Level '/Game/GameLavel.GameLavel:PersistentLevel' has LevelScriptBlueprint '/Game/GameLavel.GameLavel:PersistentLevel.GameLavel' with GeneratedClass '/Game/GameLavel.GameLavel_C' with ClassGeneratedBy '/Game/GameLavel.GameLavel:PersistentLevel.GameLavel'
[2017.10.27-03.37.41:779][739]LogPlayLevel: PlayLevel: No blueprints needed recompiling
[2017.10.27-03.37.41:779][739]PIE: New page: PIE session: GameLavel (Oct 27, 2017, 9:37:41 AM)
[2017.10.27-03.37.41:780][739]LogPlayLevel: Creating play world package: /Game/UEDPIE_0_GameLavel
[2017.10.27-03.37.41:783][739]LogPlayLevel: PIE: StaticDuplicateObject took: (0.003079s)
[2017.10.27-03.37.41:784][739]LogAIModule: Creating AISystem for world GameLavel
[2017.10.27-03.37.41:784][739]LogPlayLevel: PIE: World Init took: (0.000749s)
[2017.10.27-03.37.41:784][739]LogPlayLevel: PIE: Created PIE world by copying editor world from /Game/GameLavel.GameLavel to /Game/UEDPIE_0_GameLavel.GameLavel (0.004032s)
[2017.10.27-03.37.41:801][739]LogInit: XAudio2 using 'Динамики (Устройство с поддержкой High Definition Audio)' : 2 channels at 44.1 kHz using 16 bits per sample (channel mask 0x3)
[2017.10.27-03.37.41:807][739]LogInit: FAudioDevice initialized.
[2017.10.27-03.37.41:898][739]LogLoad: Game class is 'Mouse_GameMode_C'
[2017.10.27-03.37.41:973][739]LogWorld: Bringing World /Game/UEDPIE_0_GameLavel.GameLavel up for play (max tick rate 0) at 2017.10.27-06.37.41
[2017.10.27-03.37.41:999][739]LogWorld: Bringing up level for play took: 0.027521
[2017.10.27-03.37.42:036][739]LogContentBrowser: Native class hierarchy updated for 'MovieSceneCapture' in 0.0006 seconds. Added 11 classes and 0 folders.
[2017.10.27-03.37.42:055][739]PIE: Info Play in editor start time for /Game/UEDPIE_0_GameLavel -0.424
[2017.10.27-03.37.42:055][739]LogBlueprintUserMessages: Late PlayInEditor Detection: Level '/Game/GameLavel.GameLavel:PersistentLevel' has LevelScriptBlueprint '/Game/GameLavel.GameLavel:PersistentLevel.GameLavel' with GeneratedClass '/Game/GameLavel.GameLavel_C' with ClassGeneratedBy '/Game/GameLavel.GameLavel:PersistentLevel.GameLavel'
[2017.10.27-03.37.42:129][739]LogRenderer: Reallocating scene render targets to support 1068x996 NumSamples 1 (Frame:7).
[2017.10.27-03.37.45:328][ 72]LogBlueprintUserMessages: Early EndPlayMap Detection: Level '/Game/GameLavel.GameLavel:PersistentLevel' has LevelScriptBlueprint '/Game/GameLavel.GameLavel:PersistentLevel.GameLavel' with GeneratedClass '/Game/GameLavel.GameLavel_C' with ClassGeneratedBy '/Game/GameLavel.GameLavel:PersistentLevel.GameLavel'
[2017.10.27-03.37.45:359][ 72]LogBlueprintUserMessages: Late EndPlayMap Detection: Level '/Game/GameLavel.GameLavel:PersistentLevel' has LevelScriptBlueprint '/Game/GameLavel.GameLavel:PersistentLevel.GameLavel' with GeneratedClass '/Game/GameLavel.GameLavel_C' with ClassGeneratedBy '/Game/GameLavel.GameLavel:PersistentLevel.GameLavel'
[2017.10.27-03.37.45:946][136]LogTemp: Repeting last play command: New Editor Window (PIE)
[2017.10.27-03.37.45:964][136]LogBlueprintUserMessages: Early PlayInEditor Detection: Level '/Game/GameLavel.GameLavel:PersistentLevel' has LevelScriptBlueprint '/Game/GameLavel.GameLavel:PersistentLevel.GameLavel' with GeneratedClass '/Game/GameLavel.GameLavel_C' with ClassGeneratedBy '/Game/GameLavel.GameLavel:PersistentLevel.GameLavel'
[2017.10.27-03.37.45:964][136]LogPlayLevel: PlayLevel: No blueprints needed recompiling
[2017.10.27-03.37.45:964][136]PIE: New page: PIE session: GameLavel (Oct 27, 2017, 9:37:45 AM)
[2017.10.27-03.37.45:965][136]LogPlayLevel: Creating play world package: /Game/UEDPIE_0_GameLavel
[2017.10.27-03.37.45:967][136]LogPlayLevel: PIE: StaticDuplicateObject took: (0.002597s)
[2017.10.27-03.37.45:968][136]LogAIModule: Creating AISystem for world GameLavel
[2017.10.27-03.37.45:968][136]LogPlayLevel: PIE: World Init took: (0.000798s)
[2017.10.27-03.37.45:968][136]LogPlayLevel: PIE: Created PIE world by copying editor world from /Game/GameLavel.GameLavel to /Game/UEDPIE_0_GameLavel.GameLavel (0.003606s)
[2017.10.27-03.37.45:985][136]LogInit: XAudio2 using 'Динамики (Устройство с поддержкой High Definition Audio)' : 2 channels at 44.1 kHz using 16 bits per sample (channel mask 0x3)
[2017.10.27-03.37.45:990][136]LogInit: FAudioDevice initialized.
[2017.10.27-03.37.46:046][136]LogLoad: Game class is 'Mouse_GameMode_C'
[2017.10.27-03.37.46:048][136]LogWorld: Bringing World /Game/UEDPIE_0_GameLavel.GameLavel up for play (max tick rate 0) at 2017.10.27-06.37.46
[2017.10.27-03.37.46:049][136]LogWorld: Bringing up level for play took: 0.001648
[2017.10.27-03.37.46:054][136]PIE: Info Play in editor start time for /Game/UEDPIE_0_GameLavel -0.424
[2017.10.27-03.37.46:055][136]LogBlueprintUserMessages: Late PlayInEditor Detection: Level '/Game/GameLavel.GameLavel:PersistentLevel' has LevelScriptBlueprint '/Game/GameLavel.GameLavel:PersistentLevel.GameLavel' with GeneratedClass '/Game/GameLavel.GameLavel_C' with ClassGeneratedBy '/Game/GameLavel.GameLavel:PersistentLevel.GameLavel'
[2017.10.27-03.37.51:276][733]LogBlueprintUserMessages: Early EndPlayMap Detection: Level '/Game/GameLavel.GameLavel:PersistentLevel' has LevelScriptBlueprint '/Game/GameLavel.GameLavel:PersistentLevel.GameLavel' with GeneratedClass '/Game/GameLavel.GameLavel_C' with ClassGeneratedBy '/Game/GameLavel.GameLavel:PersistentLevel.GameLavel'
[2017.10.27-03.37.51:305][733]LogBlueprintUserMessages: Late EndPlayMap Detection: Level '/Game/GameLavel.GameLavel:PersistentLevel' has LevelScriptBlueprint '/Game/GameLavel.GameLavel:PersistentLevel.GameLavel' with GeneratedClass '/Game/GameLavel.GameLavel_C' with ClassGeneratedBy '/Game/GameLavel.GameLavel:PersistentLevel.GameLavel'
[2017.10.27-03.48.59:822][281]LogWindowsTextInputMethodSystem:Display: IME system now deactivated.
[2017.10.27-03.48.59:822][281]LogWindowsTextInputMethodSystem:Display: IME system now deactivated.
[2017.10.27-03.50.13:604][157]Cmd: QUIT_EDITOR
[2017.10.27-03.50.14:119][157]LogWindowsTextInputMethodSystem:Display: IME system now deactivated.
[2017.10.27-03.50.14:148][157]LogExit: Preparing to exit.
[2017.10.27-03.50.14:825][157]LogDirectoryWatcher: A directory notification for 'D:/P - programist/UE4/Timekill/TimeKill/Content/' was aborted.
[2017.10.27-03.50.14:864][157]LogExit: Editor shut down
[2017.10.27-03.50.14:864][157]LogExit: Transaction tracking system shut down
[2017.10.27-03.50.15:250][157]LogObj: Freed 0b from 0 cluster array pools.
[2017.10.27-03.50.15:250][157]LogExit: Object subsystem successfully closed.
[2017.10.27-03.50.15:470][157]LogD3D11RHI: Shutdown
[2017.10.27-03.50.15:470][157]LogD3D11RHI: CleanupD3DDevice
[2017.10.27-03.50.15:536][157]LogD3D11RHI: ~FD3D11DynamicRHI
[2017.10.27-03.50.16:132][157]LogModuleManager: Shutting down and abandoning module MovieSceneCapture (500)
[2017.10.27-03.50.16:132][157]LogModuleManager: Shutting down and abandoning module HierarchicalLODOutliner (498)
[2017.10.27-03.50.16:143][157]LogModuleManager: Shutting down and abandoning module CrashTracker (496)
[2017.10.27-03.50.16:143][157]LogModuleManager: Shutting down and abandoning module AddContentDialog (494)
[2017.10.27-03.50.16:143][157]LogDirectoryWatcher: A directory notification for 'D:/Program Files/Epic Games/UE_4.15/FeaturePacks/' was aborted.
[2017.10.27-03.50.16:144][157]LogModuleManager: Shutting down and abandoning module WidgetCarousel (493)
[2017.10.27-03.50.16:144][157]LogModuleManager: Shutting down and abandoning module EditorWidgets (490)
[2017.10.27-03.50.16:144][157]LogModuleManager: Shutting down and abandoning module CollectionManager (488)
[2017.10.27-03.50.16:157][157]LogDirectoryWatcher: A directory notification for 'D:/P - programist/UE4/Timekill/TimeKill/Content/Collections/' was aborted.
[2017.10.27-03.50.16:157][157]LogDirectoryWatcher: A directory notification for 'D:/P - programist/UE4/Timekill/TimeKill/Content/Developers/IzPOD/Collections/' was aborted.
[2017.10.27-03.50.16:157][157]LogDirectoryWatcher: A directory notification for 'D:/P - programist/UE4/Timekill/TimeKill/Saved/Collections/' was aborted.
[2017.10.27-03.50.16:157][157]LogModuleManager: Shutting down and abandoning module SceneOutliner (486)
[2017.10.27-03.50.16:157][157]LogModuleManager: Shutting down and abandoning module StatsViewer (484)
[2017.10.27-03.50.16:157][157]LogModuleManager: Shutting down and abandoning module FoliageEdit (482)
[2017.10.27-03.50.16:168][157]LogModuleManager: Shutting down and abandoning module LandscapeEditor (480)
[2017.10.27-03.50.16:184][157]LogModuleManager: Shutting down and abandoning module SceneDepthPickerMode (478)
[2017.10.27-03.50.16:184][157]LogModuleManager: Shutting down and abandoning module ActorPickerMode (476)
[2017.10.27-03.50.16:184][157]LogModuleManager: Shutting down and abandoning module GeometryMode (474)
[2017.10.27-03.50.16:184][157]LogModuleManager: Shutting down and abandoning module TextureAlignMode (472)
[2017.10.27-03.50.16:184][157]LogModuleManager: Shutting down and abandoning module BspMode (470)
[2017.10.27-03.50.16:199][157]LogModuleManager: Shutting down and abandoning module HardwareSurvey (468)
[2017.10.27-03.50.16:199][157]LogModuleManager: Shutting down and abandoning module SequenceRecorderSections (466)
[2017.10.27-03.50.16:199][157]LogModuleManager: Shutting down and abandoning module AutomationWorker (464)
[2017.10.27-03.50.16:207][157]LogModuleManager: Shutting down and abandoning module MatineeToLevelSequence (462)
[2017.10.27-03.50.16:212][157]LogModuleManager: Shutting down and abandoning module LevelSequenceEditor (460)
[2017.10.27-03.50.16:266][157]LogModuleManager: Shutting down and abandoning module PlacementMode (459)
[2017.10.27-03.50.16:266][157]LogModuleManager: Shutting down and abandoning module WmfMediaFactory (456)
[2017.10.27-03.50.16:266][157]LogModuleManager: Shutting down and abandoning module WmfMediaEditor (454)
[2017.10.27-03.50.16:266][157]LogModuleManager: Shutting down and abandoning module MfMediaFactory (452)
[2017.10.27-03.50.16:266][157]LogModuleManager: Shutting down and abandoning module MfMediaEditor (450)
[2017.10.27-03.50.16:266][157]LogModuleManager: Shutting down and abandoning module AvfMediaFactory (448)
[2017.10.27-03.50.16:266][157]LogModuleManager: Shutting down and abandoning module AvfMediaEditor (446)
[2017.10.27-03.50.16:266][157]LogModuleManager: Shutting down and abandoning module AndroidMediaFactory (444)
[2017.10.27-03.50.16:266][157]LogModuleManager: Shutting down and abandoning module Media (443)
[2017.10.27-03.50.16:266][157]LogModuleManager: Shutting down and abandoning module AndroidMediaEditor (440)
[2017.10.27-03.50.16:266][157]LogModuleManager: Shutting down and abandoning module CharacterAI (438)
[2017.10.27-03.50.16:266][157]LogModuleManager: Shutting down and abandoning module AudioCapture (436)
[2017.10.27-03.50.16:282][157]LogModuleManager: Shutting down and abandoning module SequenceRecorder (435)
[2017.10.27-03.50.16:282][157]LogModuleManager: Shutting down and abandoning module SmartSnapping (432)
[2017.10.27-03.50.16:282][157]LogModuleManager: Shutting down and abandoning module SessionServices (430)
[2017.10.27-03.50.16:282][157]LogModuleManager: Shutting down and abandoning module ViewportSnapping (428)
[2017.10.27-03.50.16:282][157]LogModuleManager: Shutting down and abandoning module ViewportInteraction (426)
[2017.10.27-03.50.16:282][157]LogModuleManager: Shutting down and abandoning module LogVisualizer (424)
[2017.10.27-03.50.16:296][157]LogModuleManager: Shutting down and abandoning module IntroTutorials (422)
[2017.10.27-03.50.16:303][157]LogModuleManager: Shutting down and abandoning module GameProjectGeneration (421)
[2017.10.27-03.50.16:303][157]LogModuleManager: Shutting down and abandoning module EditorLiveStreaming (418)
[2017.10.27-03.50.16:303][157]LogModuleManager: Shutting down and abandoning module IOSPlatformEditor (416)
[2017.10.27-03.50.16:303][157]LogModuleManager: Shutting down and abandoning module HTML5PlatformEditor (414)
[2017.10.27-03.50.16:303][157]LogModuleManager: Shutting down and abandoning module AndroidPlatformEditor (412)
[2017.10.27-03.50.16:308][157]LogModuleManager: Shutting down and abandoning module AndroidDeviceDetection (411)
[2017.10.27-03.50.16:929][157]LogModuleManager: Shutting down and abandoning module IOSRuntimeSettings (408)
[2017.10.27-03.50.16:929][157]LogModuleManager: Shutting down and abandoning module AndroidRuntimeSettings (406)
[2017.10.27-03.50.16:929][157]LogModuleManager: Shutting down and abandoning module InputBindingEditor (404)
[2017.10.27-03.50.16:955][157]LogModuleManager: Shutting down and abandoning module NiagaraEditor (402)
[2017.10.27-03.50.16:978][157]LogModuleManager: Shutting down and abandoning module MergeActors (400)
[2017.10.27-03.50.16:998][157]LogModuleManager: Shutting down and abandoning module SizeMap (398)
[2017.10.27-03.50.16:998][157]LogModuleManager: Shutting down and abandoning module TreeMap (396)
[2017.10.27-03.50.17:013][157]LogModuleManager: Shutting down and abandoning module ReferenceViewer (394)
[2017.10.27-03.50.17:013][157]LogModuleManager: Shutting down and abandoning module LocalizationDashboard (392)
[2017.10.27-03.50.17:029][157]LogModuleManager: Shutting down and abandoning module LocalizationService (391)
[2017.10.27-03.50.17:046][157]LogModuleManager: Shutting down and abandoning module HardwareTargeting (388)
[2017.10.27-03.50.17:046][157]LogModuleManager: Shutting down and abandoning module DeviceProfileEditor (386)
[2017.10.27-03.50.17:053][157]LogModuleManager: Shutting down and abandoning module UndoHistory (384)
[2017.10.27-03.50.17:062][157]LogModuleManager: Shutting down and abandoning module UserFeedback (382)
[2017.10.27-03.50.17:062][157]LogModuleManager: Shutting down and abandoning module XmlParser (380)
[2017.10.27-03.50.17:062][157]LogModuleManager: Shutting down and abandoning module Blutility (378)
[2017.10.27-03.50.17:072][157]LogModuleManager: Shutting down and abandoning module ProjectSettingsViewer (376)
[2017.10.27-03.50.17:072][157]LogModuleManager: Shutting down and abandoning module ProjectTargetPlatformEditor (375)
[2017.10.27-03.50.17:072][157]LogModuleManager: Shutting down and abandoning module EditorSettingsViewer (372)
[2017.10.27-03.50.17:072][157]LogModuleManager: Shutting down and abandoning module SettingsEditor (370)
[2017.10.27-03.50.17:102][157]LogModuleManager: Shutting down and abandoning module ProjectLauncher (368)
[2017.10.27-03.50.17:121][157]LogModuleManager: Shutting down and abandoning module SessionFrontend (366)
[2017.10.27-03.50.17:136][157]LogModuleManager: Shutting down and abandoning module ProfilerClient (364)
[2017.10.27-03.50.17:155][157]LogModuleManager: Shutting down and abandoning module DeviceManager (362)
[2017.10.27-03.50.17:202][157]LogModuleManager: Shutting down and abandoning module TargetDeviceServices (361)
[2017.10.27-03.50.17:253][157]LogModuleManager: Shutting down and abandoning module AutomationController (358)
[2017.10.27-03.50.17:281][157]LogModuleManager: Shutting down and abandoning module AutomationWindow (356)
[2017.10.27-03.50.17:295][157]LogModuleManager: Shutting down and abandoning module Layers (354)
[2017.10.27-03.50.17:311][157]LogModuleManager: Shutting down and abandoning module ComponentVisualizers (352)
[2017.10.27-03.50.17:311][157]LogModuleManager: Shutting down and abandoning module DetailCustomizations (350)
[2017.10.27-03.50.17:311][157]LogModuleManager: Shutting down and abandoning module PackagesDialog (348)
[2017.10.27-03.50.17:327][157]LogModuleManager: Shutting down and abandoning module Persona (346)
[2017.10.27-03.50.17:351][157]LogModuleManager: Shutting down and abandoning module AnimGraph (345)
[2017.10.27-03.50.17:351][157]LogModuleManager: Shutting down and abandoning module Kismet (342)
[2017.10.27-03.50.17:352][157]LogModuleManager: Shutting down and abandoning module GraphEditor (340)
[2017.10.27-03.50.17:352][157]LogModuleManager: Shutting down and abandoning module ClassViewer (338)
[2017.10.27-03.50.17:352][157]LogModuleManager: Shutting down and abandoning module Toolbox (336)
[2017.10.27-03.50.17:352][157]LogModuleManager: Shutting down and abandoning module ModuleUI (334)
[2017.10.27-03.50.17:368][157]LogModuleManager: Shutting down and abandoning module MovieSceneTools (332)
[2017.10.27-03.50.17:369][157]LogModuleManager: Shutting down and abandoning module OutputLog (330)
[2017.10.27-03.50.17:379][157]LogModuleManager: Shutting down and abandoning module GammaUI (328)
[2017.10.27-03.50.17:384][157]LogModuleManager: Shutting down and abandoning module Documentation (326)
[2017.10.27-03.50.17:385][157]LogModuleManager: Shutting down and abandoning module Niagara (324)
[2017.10.27-03.50.17:385][157]LogModuleManager: Shutting down and abandoning module StreamingPauseRendering (322)
[2017.10.27-03.50.17:385][157]LogModuleManager: Shutting down and abandoning module AnalyticsET (320)
[2017.10.27-03.50.17:385][157]LogModuleManager: Shutting down and abandoning module PortalServices (318)
[2017.10.27-03.50.17:385][157]LogModuleManager: Shutting down and abandoning module PortalRpc (316)
[2017.10.27-03.50.17:385][157]LogModuleManager: Shutting down and abandoning module MessagingRpc (314)
[2017.10.27-03.50.17:385][157]LogModuleManager: Shutting down and abandoning module AIModule (312)
[2017.10.27-03.50.17:385][157]LogModuleManager: Shutting down and abandoning module GameplayDebugger (311)
[2017.10.27-03.50.17:385][157]LogModuleManager: Shutting down and abandoning module AITestSuite (309)
[2017.10.27-03.50.17:385][157]LogModuleManager: Shutting down and abandoning module ProfilerService (306)
[2017.10.27-03.50.17:399][157]LogModuleManager: Shutting down and abandoning module TaskGraph (304)
[2017.10.27-03.50.17:432][157]LogModuleManager: Shutting down and abandoning module SteamVRController (302)
[2017.10.27-03.50.17:432][157]LogModuleManager: Shutting down and abandoning module SteamVR (300)
[2017.10.27-03.50.17:432][157]LogModuleManager: Shutting down and abandoning module ProceduralMeshComponentEditor (298)
[2017.10.27-03.50.17:432][157]LogModuleManager: Shutting down and abandoning module ProceduralMeshComponent (296)
[2017.10.27-03.50.17:444][157]LogModuleManager: Shutting down and abandoning module OculusLibrary (294)
[2017.10.27-03.50.17:444][157]LogModuleManager: Shutting down and abandoning module OculusInput (292)
[2017.10.27-03.50.17:444][157]LogModuleManager: Shutting down and abandoning module MobilePatchingUtils (290)
[2017.10.27-03.50.17:444][157]LogModuleManager: Shutting down and abandoning module CustomMeshComponent (288)
[2017.10.27-03.50.17:444][157]LogModuleManager: Shutting down and abandoning module CableComponent (286)
[2017.10.27-03.50.17:454][157]LogModuleManager: Shutting down and abandoning module ArchVisCharacter (284)
[2017.10.27-03.50.17:454][157]LogModuleManager: Shutting down and abandoning module MediaPlayerEditor (280)
[2017.10.27-03.50.17:518][157]LogModuleManager: Shutting down and abandoning module HTML5Networking (278)
[2017.10.27-03.50.17:518][157]LogModuleManager: Shutting down and abandoning module AlembicImporter (276)
[2017.10.27-03.50.17:594][157]LogModuleManager: Shutting down and abandoning module AlembicLibrary (275)
[2017.10.27-03.50.17:594][157]LogModuleManager: Shutting down and abandoning module GeometryCache (274)
[2017.10.27-03.50.17:594][157]LogModuleManager: Shutting down and abandoning module GeometryCacheEd (273)
[2017.10.27-03.50.17:594][157]LogModuleManager: Shutting down and abandoning module SuperSearchEditor (268)
[2017.10.27-03.50.17:594][157]LogModuleManager: Shutting down and abandoning module SuperSearch (267)
[2017.10.27-03.50.17:594][157]LogModuleManager: Shutting down and abandoning module SpeedTreeImporter (264)
[2017.10.27-03.50.17:594][157]LogModuleManager: Shutting down and abandoning module PluginBrowser (262)
[2017.10.27-03.50.17:644][157]LogModuleManager: Shutting down and abandoning module MobileLauncherProfileWizard (260)
[2017.10.27-03.50.17:660][157]LogModuleManager: Shutting down and abandoning module EpicSurvey (258)
[2017.10.27-03.50.17:660][157]LogModuleManager: Shutting down and abandoning module VisualStudioSourceCodeAccess (256)
[2017.10.27-03.50.17:674][157]LogModuleManager: Shutting down and abandoning module DesktopPlatform (255)
[2017.10.27-03.50.17:674][157]LogModuleManager: Shutting down and abandoning module UObjectPlugin (252)
[2017.10.27-03.50.17:674][157]LogModuleManager: Shutting down and abandoning module SubversionSourceControl (250)
[2017.10.27-03.50.17:690][157]LogModuleManager: Shutting down and abandoning module PerforceSourceControl (248)
[2017.10.27-03.50.17:700][157]LogModuleManager: Shutting down and abandoning module GitSourceControl (246)
[2017.10.27-03.50.17:710][157]LogModuleManager: Shutting down and abandoning module SourceControl (245)
[2017.10.27-03.50.17:710][157]LogModuleManager: Shutting down and abandoning module LightPropagationVolumeEditor (242)
[2017.10.27-03.50.17:710][157]LogModuleManager: Shutting down and abandoning module PaperTiledImporter (240)
[2017.10.27-03.50.17:710][157]LogModuleManager: Shutting down and abandoning module PaperSpriteSheetImporter (238)
[2017.10.27-03.50.17:710][157]LogModuleManager: Shutting down and abandoning module Paper2DEditor (236)
[2017.10.27-03.50.17:726][157]LogModuleManager: Shutting down and abandoning module MeshPaint (235)
[2017.10.27-03.50.17:743][157]LogModuleManager: Shutting down and abandoning module LevelEditor (233)
[2017.10.27-03.50.17:744][157]LogModuleManager: Shutting down and abandoning module PixelInspectorModule (232)
[2017.10.27-03.50.17:765][157]LogModuleManager: Shutting down and abandoning module MainFrame (230)
[2017.10.27-03.50.17:765][157]LogModuleManager: Shutting down and abandoning module HotReload (229)
[2017.10.27-03.50.17:775][157]LogModuleManager: Shutting down and abandoning module ContentBrowser (225)
[2017.10.27-03.50.17:776][157]LogModuleManager: Shutting down and abandoning module PhysXVehiclesEditor (222)
[2017.10.27-03.50.17:788][157]LogModuleManager: Shutting down and abandoning module PhysXVehicles (220)
[2017.10.27-03.50.17:788][157]LogModuleManager: Shutting down and abandoning module LocationServicesBPLibrary (218)
[2017.10.27-03.50.17:788][157]LogModuleManager: Shutting down and abandoning module UdpMessaging (216)
[2017.10.27-03.50.17:888][157]LogModuleManager: Shutting down and abandoning module TcpMessaging (214)
[2017.10.27-03.50.18:004][157]LogModuleManager: Shutting down and abandoning module GameplayTagsEditor (212)
[2017.10.27-03.50.18:028][157]LogModuleManager: Shutting down and abandoning module FacialAnimationEditor (210)
[2017.10.27-03.50.18:044][157]LogModuleManager: Shutting down and abandoning module FacialAnimation (208)
[2017.10.27-03.50.18:044][157]LogModuleManager: Shutting down and abandoning module LightPropagationVolumeRuntime (206)
[2017.10.27-03.50.18:044][157]LogModuleManager: Shutting down and abandoning module Paper2D (204)
[2017.10.27-03.50.18:060][157]LogModuleManager: Shutting down and abandoning module WindowsMoviePlayer (202)
[2017.10.27-03.50.18:078][157]LogModuleManager: Shutting down and abandoning module WmfMedia (200)
[2017.10.27-03.50.18:093][157]LogModuleManager: Shutting down and abandoning module MfMedia (198)
[2017.10.27-03.50.18:093][157]LogModuleManager: Shutting down and abandoning module MediaAssets (196)
[2017.10.27-03.50.18:093][157]LogModuleManager: Shutting down and abandoning module GameLiveStreaming (194)
[2017.10.27-03.50.18:107][157]LogModuleManager: Shutting down and abandoning module VREditor (192)
[2017.10.27-03.50.18:107][157]LogModuleManager: Shutting down and abandoning module GameplayTasksEditor (190)
[2017.10.27-03.50.18:107][157]LogModuleManager: Shutting down and abandoning module BehaviorTreeEditor (188)
[2017.10.27-03.50.18:144][157]LogModuleManager: Shutting down and abandoning module FunctionalTesting (186)
[2017.10.27-03.50.18:155][157]LogModuleManager: Shutting down and abandoning module CollisionAnalyzer (184)
[2017.10.27-03.50.18:171][157]LogModuleManager: Shutting down and abandoning module UMG (182)
[2017.10.27-03.50.18:171][157]LogModuleManager: Shutting down and abandoning module UMGEditor (181)
[2017.10.27-03.50.18:171][157]LogModuleManager: Shutting down and abandoning module Sequencer (180)
[2017.10.27-03.50.18:171][157]LogModuleManager: Shutting down and abandoning module AssetTools (178)
[2017.10.27-03.50.18:197][157]LogModuleManager: Shutting down and abandoning module MessageLog (177)
[2017.10.27-03.50.18:205][157]LogModuleManager: Shutting down and abandoning module WorkspaceMenuStructure (176)
[2017.10.27-03.50.18:205][157]LogModuleManager: Shutting down and abandoning module SlateReflector (170)
[2017.10.27-03.50.18:240][157]LogModuleManager: Shutting down and abandoning module Slate (168)
[2017.10.27-03.50.18:240][157]LogModuleManager: Shutting down and abandoning module EditorStyle (166)
[2017.10.27-03.50.18:242][157]LogModuleManager: Shutting down and abandoning module SourceCodeAccess (164)
[2017.10.27-03.50.18:242][157]LogModuleManager: Shutting down and abandoning module HeadMountedDisplay (162)
[2017.10.27-03.50.18:242][157]LogModuleManager: Shutting down and abandoning module XAudio2 (160)
[2017.10.27-03.50.18:242][157]LogModuleManager: Shutting down and abandoning module Networking (158)
[2017.10.27-03.50.18:242][157]LogModuleManager: Shutting down and abandoning module Core (154)
[2017.10.27-03.50.18:242][157]LogModuleManager: Shutting down and abandoning module AssetRegistry (152)
[2017.10.27-03.50.18:407][157]LogDirectoryWatcher: A directory notification for '../../../Engine/Content/' was aborted.
[2017.10.27-03.50.18:407][157]LogDirectoryWatcher: A directory notification for '../../../../../../P - programist/UE4/Timekill/TimeKill/Content/' was aborted.
[2017.10.27-03.50.18:407][157]LogDirectoryWatcher: A directory notification for '../../../Engine/Plugins/2D/Paper2D/Content/' was aborted.
[2017.10.27-03.50.18:413][157]LogModuleManager: Shutting down and abandoning module DirectoryWatcher (151)
[2017.10.27-03.50.18:413][157]LogModuleManager: Shutting down and abandoning module KismetCompiler (148)
[2017.10.27-03.50.18:413][157]LogModuleManager: Shutting down and abandoning module PhysXFormats (146)
[2017.10.27-03.50.18:413][157]LogModuleManager: Shutting down and abandoning module MeshUtilities (144)
[2017.10.27-03.50.18:432][157]LogModuleManager: Shutting down and abandoning module SimplygonSwarm (143)
[2017.10.27-03.50.18:442][157]LogModuleManager: Shutting down and abandoning module SimplygonMeshReduction (141)
[2017.10.27-03.50.18:442][157]LogModuleManager: Shutting down and abandoning module QuadricMeshReduction (139)
[2017.10.27-03.50.18:442][157]LogModuleManager: Shutting down and abandoning module PropertyEditor (137)
[2017.10.27-03.50.18:442][157]LogModuleManager: Shutting down and abandoning module DerivedDataCache (134)
[2017.10.27-03.50.18:459][157]LogDerivedDataCache: Shutdown
[2017.10.27-03.50.18:459][157]LogModuleManager: Shutting down and abandoning module TargetPlatform (132)
[2017.10.27-03.50.18:459][157]LogModuleManager: Shutting down and abandoning module VulkanShaderFormat (131)
[2017.10.27-03.50.18:466][157]LogModuleManager: Shutting down and abandoning module ShaderFormatOpenGL (129)
[2017.10.27-03.50.18:472][157]LogModuleManager: Shutting down and abandoning module ShaderFormatD3D (127)
[2017.10.27-03.50.18:472][157]LogModuleManager: Shutting down and abandoning module MetalShaderFormat (125)
[2017.10.27-03.50.18:488][157]LogModuleManager: Shutting down and abandoning module TextureFormatUncompressed (123)
[2017.10.27-03.50.18:488][157]LogModuleManager: Shutting down and abandoning module TextureFormatPVR (121)
[2017.10.27-03.50.18:488][157]LogModuleManager: Shutting down and abandoning module TextureFormatDXT (119)
[2017.10.27-03.50.18:488][157]LogModuleManager: Shutting down and abandoning module TextureFormatIntelISPCTexComp (117)
[2017.10.27-03.50.18:493][157]LogModuleManager: Shutting down and abandoning module TextureFormatASTC (115)
[2017.10.27-03.50.18:493][157]LogModuleManager: Shutting down and abandoning module ImageWrapper (114)
[2017.10.27-03.50.18:493][157]LogModuleManager: Shutting down and abandoning module TextureFormatAndroid (111)
[2017.10.27-03.50.18:493][157]LogModuleManager: Shutting down and abandoning module AudioFormatOpus (109)
[2017.10.27-03.50.18:507][157]LogModuleManager: Shutting down and abandoning module AudioFormatOgg (107)
[2017.10.27-03.50.18:507][157]LogModuleManager: Shutting down and abandoning module AudioFormatADPCM (105)
[2017.10.27-03.50.18:507][157]LogModuleManager: Shutting down and abandoning module LinuxTargetPlatform (103)
[2017.10.27-03.50.18:507][157]LogModuleManager: Shutting down and abandoning module LinuxServerTargetPlatform (101)
[2017.10.27-03.50.18:507][157]LogModuleManager: Shutting down and abandoning module LinuxNoEditorTargetPlatform (99)
[2017.10.27-03.50.18:507][157]LogModuleManager: Shutting down and abandoning module LinuxClientTargetPlatform (97)
[2017.10.27-03.50.18:507][157]LogModuleManager: Shutting down and abandoning module TVOSTargetPlatform (95)
[2017.10.27-03.50.18:507][157]LogModuleManager: Shutting down and abandoning module Messaging (93)
[2017.10.27-03.50.18:507][157]LogModuleManager: Shutting down and abandoning module IOSTargetPlatform (91)
[2017.10.27-03.50.18:507][157]LogModuleManager: Shutting down and abandoning module HTML5TargetPlatform (89)
[2017.10.27-03.50.18:507][157]LogModuleManager: Shutting down and abandoning module Android_PVRTCTargetPlatform (87)
[2017.10.27-03.50.18:507][157]LogModuleManager: Shutting down and abandoning module Android_MultiTargetPlatform (85)
[2017.10.27-03.50.18:507][157]LogModuleManager: Shutting down and abandoning module Android_ETC2TargetPlatform (83)
[2017.10.27-03.50.18:507][157]LogModuleManager: Shutting down and abandoning module Android_ETC1TargetPlatform (81)
[2017.10.27-03.50.18:507][157]LogModuleManager: Shutting down and abandoning module Android_DXTTargetPlatform (79)
[2017.10.27-03.50.18:507][157]LogModuleManager: Shutting down and abandoning module Android_ATCTargetPlatform (77)
[2017.10.27-03.50.18:507][157]LogModuleManager: Shutting down and abandoning module Android_ASTCTargetPlatform (75)
[2017.10.27-03.50.18:507][157]LogModuleManager: Shutting down and abandoning module AndroidTargetPlatform (73)
[2017.10.27-03.50.18:507][157]LogModuleManager: Shutting down and abandoning module WindowsTargetPlatform (71)
[2017.10.27-03.50.18:507][157]LogModuleManager: Shutting down and abandoning module WindowsServerTargetPlatform (69)
[2017.10.27-03.50.18:507][157]LogModuleManager: Shutting down and abandoning module WindowsNoEditorTargetPlatform (67)
[2017.10.27-03.50.18:507][157]LogModuleManager: Shutting down and abandoning module WindowsClientTargetPlatform (65)
[2017.10.27-03.50.18:507][157]LogModuleManager: Shutting down and abandoning module MacTargetPlatform (63)
[2017.10.27-03.50.18:507][157]LogModuleManager: Shutting down and abandoning module MacServerTargetPlatform (61)
[2017.10.27-03.50.18:507][157]LogModuleManager: Shutting down and abandoning module MacNoEditorTargetPlatform (59)
[2017.10.27-03.50.18:507][157]LogModuleManager: Shutting down and abandoning module MacClientTargetPlatform (57)
[2017.10.27-03.50.18:507][157]LogModuleManager: Shutting down and abandoning module AllDesktopTargetPlatform (55)
[2017.10.27-03.50.18:507][157]LogModuleManager: Shutting down and abandoning module InputCore (52)
[2017.10.27-03.50.18:507][157]LogModuleManager: Shutting down and abandoning module Settings (50)
[2017.10.27-03.50.18:507][157]LogModuleManager: Shutting down and abandoning module OculusRift (48)
[2017.10.27-03.50.18:507][157]LogModuleManager: Shutting down and abandoning module GearVR (46)
[2017.10.27-03.50.18:508][157]LogModuleManager: Shutting down and abandoning module ExampleDeviceProfileSelector (44)
[2017.10.27-03.50.18:508][157]LogModuleManager: Shutting down and abandoning module OnlineBlueprintSupport (42)
[2017.10.27-03.50.18:508][157]LogModuleManager: Shutting down and abandoning module OnlineSubsystem (38)
[2017.10.27-03.50.18:508][157]LogOnline:Display: Unloading online subsystem: NULL
[2017.10.27-03.50.18:520][157]LogModuleManager: Shutting down and abandoning module XMPP (37)
[2017.10.27-03.50.18:520][157]LogModuleManager: Shutting down and abandoning module HTTP (35)
[2017.10.27-03.50.18:520][157]LogHttp:Display: Http module shutting down, but needs to wait on 1 outstanding Http requests:
[2017.10.27-03.50.18:520][157]LogHttp:Display: 	verb=[POST] url=[https://datarouter.ol.epicgames.com/datarouter/api/v1/public/data?SessionID=%7B52B242CE-4D42-92F8-955A-4B9F7E23E0BA%7D&AppID=UEEditor.Rocket.Release&AppVersion=4.15.3-3450819%2B%2B%2BUE4%2BRelease-4.15&UserID=203cd22846209b4f8b77d28ccf32e6ff%7C89273462bd32443db345d53368ac8829%7Cb72b80ad-e83e-444b-86be-783fb756f975&AppEnvironment=datacollector-binary&UploadType=eteventstream] status=Processing
[2017.10.27-03.50.18:523][157]LogModuleManager: Shutting down and abandoning module SSL (34)
[2017.10.27-03.50.18:524][157]LogModuleManager: Shutting down and abandoning module AudioEditor (30)
[2017.10.27-03.50.18:524][157]LogModuleManager: Shutting down and abandoning module TextureCompressor (28)
[2017.10.27-03.50.18:524][157]LogModuleManager: Shutting down and abandoning module ShaderCore (26)
[2017.10.27-03.50.18:524][157]LogModuleManager: Shutting down and abandoning module Landscape (24)
[2017.10.27-03.50.18:524][157]LogModuleManager: Shutting down and abandoning module SlateRHIRenderer (22)
[2017.10.27-03.50.18:525][157]LogModuleManager: Shutting down and abandoning module OpenGLDrv (20)
[2017.10.27-03.50.18:525][157]LogModuleManager: Shutting down and abandoning module D3D11RHI (18)
[2017.10.27-03.50.18:525][157]LogModuleManager: Shutting down and abandoning module AnimGraphRuntime (16)
[2017.10.27-03.50.18:525][157]LogModuleManager: Shutting down and abandoning module Renderer (14)
[2017.10.27-03.50.18:525][157]LogModuleManager: Shutting down and abandoning module Engine (12)
[2017.10.27-03.50.18:525][157]LogModuleManager: Shutting down and abandoning module CoreUObject (10)
[2017.10.27-03.50.18:525][157]LogModuleManager: Shutting down and abandoning module NetworkFile (8)
[2017.10.27-03.50.18:525][157]LogModuleManager: Shutting down and abandoning module StreamingFile (6)
[2017.10.27-03.50.18:525][157]LogModuleManager: Shutting down and abandoning module SandboxFile (4)
[2017.10.27-03.50.18:525][157]LogModuleManager: Shutting down and abandoning module PakFile (2)
[2017.10.27-03.50.18:527][157]LogExit: Exiting.
[2017.10.27-03.50.18:529][157]Log file closed, 10/27/17 06:50:18
