Log file open, 11/04/17 21:27:39
LogInit:Display: Running engine for game: TimeKill
LogPlatformFile: Not using cached read wrapper
LogInit:Display: RandInit(1954616088) SRandInit(1954616088).
LogTaskGraph: Started task graph with 5 named threads and 8 total threads with 1 sets of task threads.
LogStats: Stats thread started at 0.178443
LogInit: Using libcurl 7.47.1
LogInit:  - built for x86_64-pc-win32
LogInit:  - supports SSL with OpenSSL/1.0.2g
LogInit:  - supports HTTP deflate (compression) using libz 1.2.8
LogInit:  - other features:
LogInit:      CURL_VERSION_SSL
LogInit:      CURL_VERSION_LIBZ
LogInit:      CURL_VERSION_IPV6
LogInit:      CURL_VERSION_ASYNCHDNS
LogInit:      CURL_VERSION_LARGEFILE
LogInit:      CURL_VERSION_IDN
LogInit:  CurlRequestOptions (configurable via config and command line):
LogInit:  - bVerifyPeer = false  - Libcurl will NOT verify peer certificate
LogInit:  - bUseHttpProxy = false  - Libcurl will NOT use HTTP proxy
LogInit:  - bDontReuseConnections = false  - Libcurl will reuse connections
LogInit:  - CertBundlePath = nullptr  - Libcurl will use whatever was configured at build time.
LogInit: Build: ++UE4+Release-4.15-CL-3450819
LogInit: Engine Version: 4.15.3-3450819+++UE4+Release-4.15
LogInit: Compatible Engine Version: 4.15.0-3299760+++UE4+Release-4.15
LogInit: Net CL: 3299760
LogDevObjectVersion: Number of dev versions registered: 14
LogDevObjectVersion:   Dev-Blueprints (B0D832E4-1F89-4F0D-ACCF-7EB736FD4AA2): 8
LogDevObjectVersion:   Dev-Build (E1C64328-A22C-4D53-A36C-8E866417BD8C): 0
LogDevObjectVersion:   Dev-Core (375EC13C-06E4-48FB-B500-84F0262A717E): 2
LogDevObjectVersion:   Dev-Editor (E4B068ED-F494-42E9-A231-DA0B2E46BB41): 14
LogDevObjectVersion:   Dev-Framework (CFFC743F-43B0-4480-9391-14DF171D2073): 22
LogDevObjectVersion:   Dev-Mobile (B02B49B5-BB20-44E9-A304-32B752E40360): 0
LogDevObjectVersion:   Dev-Networking (A4E4105C-59A1-49B5-A7C5-40C4547EDFEE): 0
LogDevObjectVersion:   Dev-Online (39C831C9-5AE6-47DC-9A44-9C173E1C8E7C): 0
LogDevObjectVersion:   Dev-Physics (78F01B33-EBEA-4F98-B9B4-84EACCB95AA2): 0
LogDevObjectVersion:   Dev-Platform (6631380F-2D4D-43E0-8009-CF276956A95A): 0
LogDevObjectVersion:   Dev-Rendering (12F88B9F-8875-4AFC-A67C-D90C383ABD29): 12
LogDevObjectVersion:   Dev-Sequencer (7B5AE74C-D270-4C10-A958-57980B212A5A): 3
LogDevObjectVersion:   Dev-VR (D7296918-1DD6-4BDD-9DE2-64A83CC13884): 0
LogDevObjectVersion:   Dev-LoadTimes (C2A15278-BFE7-4AFE-6C17-90FF531DF755): 1
LogInit: Compiled (64-bit): May 21 2017 11:02:34
LogInit: Compiled with Visual C++: 19.00.23026.00
LogInit: Build Configuration: Development
LogInit: Branch Name: ++UE4+Release-4.15
LogInit: Command line:  
LogInit: Base directory: D:/Program Files/Epic Games/UE_4.15/Engine/Binaries/Win64/
LogInit: Installed Engine Build: 1
LogInit: Presizing for max 8388607 objects, including 0 objects not considered by GC, pre-allocating 0 bytes for permanent pool.
LogInit: Object subsystem initialized
[2017.11.04-18.27.41:658][  0]LogInit: Selected Device Profile: [Windows]
[2017.11.04-18.27.41:658][  0]LogInit: Applying CVar settings loaded from the selected device profile: [Windows]
[2017.11.04-18.27.41:872][  0]LogInit: Computer: DESKTOP-S9EOI2C
[2017.11.04-18.27.41:872][  0]LogInit: User: IzPOD
[2017.11.04-18.27.41:872][  0]LogInit: CPU Page size=65536, Cores=4
[2017.11.04-18.27.41:872][  0]LogInit: High frequency timer resolution =3.312783 MHz
[2017.11.04-18.27.41:872][  0]LogMemory: Memory total: Physical=7.9GB (8GB approx)
[2017.11.04-18.27.41:872][  0]LogMemory: Platform Memory Stats for Windows
[2017.11.04-18.27.41:872][  0]LogMemory: Process Physical Memory: 264.25 MB used, 264.25 MB peak
[2017.11.04-18.27.41:872][  0]LogMemory: Process Virtual Memory: 262.29 MB used, 262.29 MB peak
[2017.11.04-18.27.41:872][  0]LogMemory: Physical Memory: 4126.27 MB used,  3998.53 MB free, 8124.80 MB total
[2017.11.04-18.27.41:872][  0]LogMemory: Virtual Memory: 677.91 MB used,  3998.53 MB free, 134217728.00 MB total
[2017.11.04-18.27.44:206][  0]LogTextLocalizationManager: No translations for ('ru-RU') exist, falling back to 'en' for localization and internationalization data.
[2017.11.04-18.27.51:603][  0]LogD3D11RHI: D3D11 adapters:
[2017.11.04-18.27.52:366][  0]LogD3D11RHI:    0. 'NVIDIA GeForce GTX 670' (Feature Level 11_0)
[2017.11.04-18.27.52:366][  0]LogD3D11RHI:       2017/0/4062 MB DedicatedVideo/DedicatedSystem/SharedSystem, Outputs:1, VendorId:0x10de
[2017.11.04-18.27.52:370][  0]LogD3D11RHI:    1. 'Microsoft Basic Render Driver' (Feature Level 11_0)
[2017.11.04-18.27.52:370][  0]LogD3D11RHI:       0/0/4062 MB DedicatedVideo/DedicatedSystem/SharedSystem, Outputs:0, VendorId:0x1414
[2017.11.04-18.27.52:370][  0]LogD3D11RHI: Chosen D3D11 Adapter: 0
[2017.11.04-18.27.52:375][  0]LogD3D11RHI: Creating new Direct3DDevice
[2017.11.04-18.27.52:375][  0]LogD3D11RHI:     GPU DeviceId: 0x1189 (for the marketing name, search the web for "GPU Device Id")
[2017.11.04-18.27.52:375][  0]LogWindows: EnumDisplayDevices:
[2017.11.04-18.27.52:375][  0]LogWindows:    0. 'NVIDIA GeForce GTX 670' (P:1 D:1)
[2017.11.04-18.27.52:375][  0]LogWindows:    1. 'NVIDIA GeForce GTX 670' (P:0 D:0)
[2017.11.04-18.27.52:376][  0]LogWindows:    2. 'NVIDIA GeForce GTX 670' (P:0 D:0)
[2017.11.04-18.27.52:376][  0]LogWindows:    3. 'NVIDIA GeForce GTX 670' (P:0 D:0)
[2017.11.04-18.27.52:376][  0]LogWindows: DebugString: GetVideoDriverDetailsInvalid PrimaryIsNotTheChoosenAdapter GetVideoDriverDetailsInvalid PrimaryIsNotTheChoosenAdapter GetVideoDriverDetailsInvalid PrimaryIsNotTheChoosenAdapter GetVideoDriverDetailsInvalid PrimaryIsNotTheChoosenAdapter FoundDriverCount:0 
[2017.11.04-18.27.52:376][  0]LogD3D11RHI:     Adapter Name: NVIDIA GeForce GTX 670
[2017.11.04-18.27.52:376][  0]LogD3D11RHI:   Driver Version: Unknown (internal:Unknown, unified:Unknown)
[2017.11.04-18.27.52:376][  0]LogD3D11RHI:      Driver Date: Unknown
[2017.11.04-18.27.52:376][  0]LogRHI: Texture pool is 1361 MB (70% of 1945 MB)
[2017.11.04-18.27.53:160][  0]LogD3D11RHI:Warning: Timestamp queries are currently disabled on this hardware due to instability. Realtime GPU stats will not be available. You can override this behaviour by setting r.NVIDIATimestampWorkaround to 0
[2017.11.04-18.27.53:162][  0]LogD3D11RHI: Async texture creation enabled
[2017.11.04-18.27.53:220][  0]LogD3D11RHI: GPU Timing Frequency: 1000.000000 (Debug: 2 1)
[2017.11.04-18.27.53:222][  0]LogShaderCompilers: Guid format shader working directory is -9 characters bigger than the processId version (../../../../../../P - programist/UE4/Timekill/TimeKill/Intermediate/Shaders/WorkingDirectory/13748/).
[2017.11.04-18.27.53:222][  0]LogShaderCompilers: Cleaned the shader compiler working directory 'C:/Users/IzPOD/AppData/Local/Temp/UnrealShaderWorkingDir/3BC3E7904C4EB4AB346C019FEBB75027/'.
[2017.11.04-18.27.53:222][  0]LogShaderCompilers:Display: Using Local Shader Compiler.
[2017.11.04-18.27.58:199][  0]LogTemp:Display: Loaded TP AllDesktopTargetPlatform
[2017.11.04-18.27.58:258][  0]LogTemp:Display: Loaded TP MacClientTargetPlatform
[2017.11.04-18.27.58:318][  0]LogTemp:Display: Loaded TP MacNoEditorTargetPlatform
[2017.11.04-18.27.58:386][  0]LogTemp:Display: Loaded TP MacServerTargetPlatform
[2017.11.04-18.27.58:493][  0]LogTemp:Display: Loaded TP MacTargetPlatform
[2017.11.04-18.27.58:563][  0]LogTemp:Display: Loaded TP WindowsClientTargetPlatform
[2017.11.04-18.27.58:634][  0]LogTemp:Display: Loaded TP WindowsNoEditorTargetPlatform
[2017.11.04-18.27.58:701][  0]LogTemp:Display: Loaded TP WindowsServerTargetPlatform
[2017.11.04-18.27.58:766][  0]LogTemp:Display: Loaded TP WindowsTargetPlatform
[2017.11.04-18.27.58:879][  0]LogTemp:Display: Loaded TP AndroidTargetPlatform
[2017.11.04-18.27.58:951][  0]LogTemp:Display: Loaded TP Android_ASTCTargetPlatform
[2017.11.04-18.27.59:021][  0]LogTemp:Display: Loaded TP Android_ATCTargetPlatform
[2017.11.04-18.27.59:084][  0]LogTemp:Display: Loaded TP Android_DXTTargetPlatform
[2017.11.04-18.27.59:141][  0]LogTemp:Display: Loaded TP Android_ETC1TargetPlatform
[2017.11.04-18.27.59:195][  0]LogTemp:Display: Loaded TP Android_ETC2TargetPlatform
[2017.11.04-18.27.59:320][  0]LogTemp:Display: Loaded TP Android_MultiTargetPlatform
[2017.11.04-18.27.59:322][  0]LogTemp:Display: Loaded TP Android_PVRTCTargetPlatform
[2017.11.04-18.27.59:367][  0]LogTemp:Display: Loaded TP HTML5TargetPlatform
[2017.11.04-18.27.59:559][  0]LogTemp:Display: Loaded TP IOSTargetPlatform
[2017.11.04-18.27.59:603][  0]LogTemp:Display: Loaded TP TVOSTargetPlatform
[2017.11.04-18.27.59:676][  0]LogTemp:Display: Loaded TP LinuxClientTargetPlatform
[2017.11.04-18.27.59:739][  0]LogTemp:Display: Loaded TP LinuxNoEditorTargetPlatform
[2017.11.04-18.27.59:806][  0]LogTemp:Display: Loaded TP LinuxServerTargetPlatform
[2017.11.04-18.27.59:904][  0]LogTemp:Display: Loaded TP LinuxTargetPlatform
[2017.11.04-18.27.59:904][  0]LogTargetPlatformManager:Display: Building Assets For Windows
[2017.11.04-18.28.02:177][  0]LogDerivedDataCache:Display: Max Cache Size: 512 MB
[2017.11.04-18.28.02:431][  0]LogDerivedDataCache: Loaded boot cache 0.25s 50MB C:/Users/IzPOD/AppData/Local/UnrealEngine/4.15/DerivedDataCache/Boot.ddc.
[2017.11.04-18.28.02:431][  0]LogDerivedDataCache:Display: Loaded Boot cache: C:/Users/IzPOD/AppData/Local/UnrealEngine/4.15/DerivedDataCache/Boot.ddc
[2017.11.04-18.28.02:431][  0]LogDerivedDataCache: FDerivedDataBackendGraph:  Pak pak cache file ../../../../../../P - programist/UE4/Timekill/TimeKill/DerivedDataCache/DDC.ddp not found, will not use a pak cache.
[2017.11.04-18.28.02:431][  0]LogDerivedDataCache: Unable to find inner node Pak for hierarchical cache Hierarchy.
[2017.11.04-18.28.02:431][  0]LogDerivedDataCache: FDerivedDataBackendGraph:  CompressedPak pak cache file ../../../../../../P - programist/UE4/Timekill/TimeKill/DerivedDataCache/Compressed.ddp not found, will not use a pak cache.
[2017.11.04-18.28.02:431][  0]LogDerivedDataCache: Unable to find inner node CompressedPak for hierarchical cache Hierarchy.
[2017.11.04-18.28.02:774][  0]LogDerivedDataCache:Display: Pak cache opened for reading ../../../Engine/DerivedDataCache/Compressed.ddp.
[2017.11.04-18.28.02:789][  0]LogDerivedDataCache: Using Local data cache path C:/Users/IzPOD/AppData/Local/UnrealEngine/Common/DerivedDataCache: Writable
[2017.11.04-18.28.02:803][  0]LogSlate: Using Freetype 2.6.0
[2017.11.04-18.28.02:898][  0]LogSlate: SlateFontCache - WITH_FREETYPE: 1, WITH_HARFBUZZ: 1
[2017.11.04-18.28.02:898][  0]LogSlate: SlateFontCache - WITH_FREETYPE: 1, WITH_HARFBUZZ: 1
[2017.11.04-18.28.22:593][  0]LogInit: Selected Device Profile: [Windows]
[2017.11.04-18.28.22:598][  0]LogContentStreaming: Texture pool size is 0.00 MB
[2017.11.04-18.28.23:632][  0]LogMeshUtilities: Using QuadricMeshReduction for automatic static mesh reduction
[2017.11.04-18.28.23:715][  0]LogSimplygon: Simplygon DLL not present - disabling.
[2017.11.04-18.28.23:824][  0]LogMeshUtilities: Using SimplygonSwarm for distributed automatic mesh merging
[2017.11.04-18.28.23:824][  0]LogMeshUtilities: No automatic skeletal mesh reduction module available
[2017.11.04-18.28.23:824][  0]LogMeshUtilities: No automatic mesh merging module available
[2017.11.04-18.28.31:119][  0]LogNetVersion: GetLocalNetworkVersion: CL: 3299760, ProjectName: timekill, ProjectVersion: , EngineNetworkVersion: 2, GameNetworkVersion: 0, NetworkChecksum: 844999791
[2017.11.04-18.28.31:255][  0]LogAssetRegistry: FAssetRegistry took 0.0666 seconds to start up
[2017.11.04-18.28.31:919][  0]LogPackageLocalizationCache: Processed 3 localized package path(s) for 1 prioritized culture(s) in 0.612970 seconds
[2017.11.04-18.28.31:925][  0]LogUObjectArray: 32493 objects as part of root set at end of initial load.
[2017.11.04-18.28.31:925][  0]LogUObjectAllocator: 7077024 out of 0 bytes used by permanent object pool.
[2017.11.04-18.28.31:925][  0]LogUObjectArray: CloseDisregardForGC: 0/0 objects in disregard for GC pool
[2017.11.04-18.28.32:002][  0]LogInit: WinSock: version 1.1 (2.2), MaxSocks=32767, MaxUdp=65467
[2017.11.04-18.28.54:617][  0]LogTcpMessaging: Initializing TcpMessaging bridge
[2017.11.04-18.28.54:824][  0]LogUdpMessaging: Initializing bridge on interface 0.0.0.0:0 to multicast group 230.0.0.1:6666.
[2017.11.04-18.28.59:198][  0]LogMaterial: Uniform references updated for custom material expression Custom.
[2017.11.04-18.29.01:908][  0]SourceControl: Info Source control is disabled
[2017.11.04-18.29.01:943][  0]SourceControl: Info Source control is disabled
[2017.11.04-18.29.02:487][  0]SourceControl: Info Source control is disabled
[2017.11.04-18.29.02:698][  0]SourceControl: Info Source control is disabled
[2017.11.04-18.29.04:798][  0]LogLinker:Warning: Can't find file '/Game/PuzzleBP/Tutorial/Part1-Overview'
[2017.11.04-18.29.04:806][  0]LogLinker:Warning: Can't find file '/Game/PuzzleBP/Tutorial/Part1-Overview'
[2017.11.04-18.29.04:806][  0]LogUObjectGlobals:Warning: Failed to find object 'Class /Game/PuzzleBP/Tutorial/Part1-Overview.Part1-Overview_C'
[2017.11.04-18.29.04:806][  0]LogLinker:Warning: Can't find file '/Game/PuzzleBP/Tutorial/Part2-BlockBlueprint'
[2017.11.04-18.29.04:806][  0]LogLinker:Warning: Can't find file '/Game/PuzzleBP/Tutorial/Part2-BlockBlueprint'
[2017.11.04-18.29.04:806][  0]LogUObjectGlobals:Warning: Failed to find object 'Class /Game/PuzzleBP/Tutorial/Part2-BlockBlueprint.Part2-BlockBlueprint_C'
[2017.11.04-18.29.10:780][  0]LogEngine: Initializing Engine...
[2017.11.04-18.29.10:814][  0]LogHMD: Failed to initialize OpenVR with code 110
[2017.11.04-18.29.12:415][  0]LogStats: UGameplayTagsManager::ConstructGameplayTagTree: Construct from data asset -  0.000 s
[2017.11.04-18.29.12:450][  0]LogStats: UGameplayTagsManager::ConstructGameplayTagTree: GameplayTagTreeChangedEvent.Broadcast -  0.000 s
[2017.11.04-18.29.15:107][  0]LogAIModule: Creating AISystem for world Untitled
[2017.11.04-18.29.15:990][  0]LogInit: XAudio2 using 'Динамики (Logitech G430 Gaming Headset)' : 8 channels at 48 kHz using 16 bits per sample (channel mask 0x63f)
[2017.11.04-18.29.16:021][  0]LogInit: FAudioDevice initialized.
[2017.11.04-18.29.16:052][  0]LogDerivedDataCache: Saved boot cache 0.03s 50MB C:/Users/IzPOD/AppData/Local/UnrealEngine/4.15/DerivedDataCache/Boot.ddc.
[2017.11.04-18.29.16:060][  0]LogInit: Texture streaming: Enabled
[2017.11.04-18.29.16:743][  0]LogEngineSessionManager: EngineSessionManager initialized
[2017.11.04-18.29.17:193][  0]LogInit: Transaction tracking system initialized
[2017.11.04-18.29.19:465][  0]BlueprintLog: New page: Editor Load
[2017.11.04-18.29.24:975][  0]LocalizationService: Info Localization service is disabled
[2017.11.04-18.29.27:541][  0]LogConsoleResponse:Display: 
[2017.11.04-18.29.31:350][  0]LogFileCache: Scanning file cache for directory 'D:/P - programist/UE4/Timekill/TimeKill/Content/' took 0.09s
[2017.11.04-18.29.31:350][  0]LogCook:Display: Max memory allowance for cook 16384mb min free memory 0mb
[2017.11.04-18.29.31:350][  0]LogCook:Display: Mobile HDR setting 0
[2017.11.04-18.29.37:365][  0]SourceControl: Info Source control is disabled
[2017.11.04-18.29.37:578][  0]Cmd: MAP LOAD FILE="../../../Engine/Content/Maps/Templates/Template_Default.umap" TEMPLATE=1 SHOWPROGRESS=1 FEATURELEVEL=3
[2017.11.04-18.29.37:730][  0]LightingResults: New page: Lighting Build
[2017.11.04-18.29.38:721][  0]MapCheck: New page: Map Check
[2017.11.04-18.29.38:721][  0]LightingResults: New page: Lighting Build
[2017.11.04-18.29.46:198][  0]LogAIModule: Creating AISystem for world Untitled_1
[2017.11.04-18.29.46:471][  0]LogActorComponent: RegisterComponentWithWorld: (/Temp/Untitled_1.Untitled_1:PersistentLevel.WorldSettings_1.StaticMeshComponent0) Trying to register component with IsPendingKill() == true. Aborting.
[2017.11.04-18.29.47:777][  0]LogEditorServer: Finished looking for orphan Actors (0.000 secs)
[2017.11.04-18.29.48:206][  0]Cmd: MAP CHECKDEP NOCLEARLOG
[2017.11.04-18.29.48:301][  0]MapCheck: Info Map check complete: 0 Error(s), 0 Warning(s), took 95.22ms to complete.
[2017.11.04-18.29.48:323][  0]LogFileHelpers: Loading map 'Template_Default' took 10.859
[2017.11.04-18.29.59:321][  0]LogCollectionManager: Loaded 0 collections in 0.050879 seconds
[2017.11.04-18.29.59:912][  0]LogFileCache: Scanning file cache for directory 'D:/P - programist/UE4/Timekill/TimeKill/Saved/Collections/' took 0.01s
[2017.11.04-18.29.59:913][  0]LogFileCache: Scanning file cache for directory 'D:/P - programist/UE4/Timekill/TimeKill/Content/Developers/IzPOD/Collections/' took 0.01s
[2017.11.04-18.29.59:913][  0]LogFileCache: Scanning file cache for directory 'D:/P - programist/UE4/Timekill/TimeKill/Content/Collections/' took 0.01s
[2017.11.04-18.29.59:913][  0]LogCollectionManager: Rebuilt the GUID cache for 0 collections in 0.000003 seconds
[2017.11.04-18.29.59:929][  0]LogContentBrowser: Native class hierarchy populated in 0.0129 seconds. Added 2246 classes and 455 folders.
[2017.11.04-18.30.00:188][  0]LogContentBrowser: Native class hierarchy updated for 'WidgetCarousel' in 0.0006 seconds. Added 0 classes and 0 folders.
[2017.11.04-18.30.02:530][  0]LogContentBrowser: Native class hierarchy updated for 'AddContentDialog' in 0.0005 seconds. Added 0 classes and 0 folders.
[2017.11.04-18.30.02:670][  0]LogCrashTracker: Crashtracker disabled due to settings.
[2017.11.04-18.30.03:486][  0]LogUObjectGlobals:Warning: Failed to find object 'Class None.'
[2017.11.04-18.30.04:069][  0]LogContentBrowser: Native class hierarchy updated for 'HierarchicalLODOutliner' in 0.0006 seconds. Added 1 classes and 2 folders.
[2017.11.04-18.30.04:069][  0]LogLoad: (Engine Initialization) Total time: 165.95 seconds
[2017.11.04-18.30.04:069][  0]LogLoad: (Engine Initialization) Total Blueprint compile time: 1.32 seconds
[2017.11.04-18.30.04:069][  0]LogExternalProfiler: No external profilers were discovered.  External profiling features will not be available.
[2017.11.04-18.30.04:668][  0]LogOcInput: OculusInput pre-init called
[2017.11.04-18.30.06:034][  0]LogContentStreaming: Texture pool size now 1000 MB
[2017.11.04-18.30.06:698][  0]LogSlate: Took 0.052984 seconds to synchronously load lazily loaded font '../../../Engine/Content/Slate/Fonts/Roboto-Regular.ttf' (155K)
[2017.11.04-18.30.06:970][  0]LogSlate: Took 0.039926 seconds to synchronously load lazily loaded font '../../../Engine/Content/Slate/Fonts/Roboto-Bold.ttf' (160K)
[2017.11.04-18.30.07:103][  0]LogSlate: Took 0.041626 seconds to synchronously load lazily loaded font '../../../Engine/Content/Editor/Slate/Fonts/FontAwesome.ttf' (139K)
[2017.11.04-18.30.08:152][  0]LogRenderer: Reallocating scene render targets to support 1068x924 NumSamples 1 (Frame:2).
[2017.11.04-18.30.12:152][  2]LogSlate: Took 0.030806 seconds to synchronously load lazily loaded font '../../../Engine/Content/Slate/Fonts/Roboto-Light.ttf' (159K)
[2017.11.04-18.30.12:226][  3]LogAssetRegistry: Asset discovery search completed in 100.9935 seconds
[2017.11.04-18.30.12:248][  3]LogCollectionManager: Rebuilt the object cache for 0 collections in 0.021251 seconds (found 0 objects)
[2017.11.04-18.30.12:248][  3]LogCollectionManager: Fixed up redirectors for 0 collections in 0.022380 seconds (updated 0 objects)
[2017.11.04-18.30.15:102][ 10]LogSlate: Took 0.000196 seconds to synchronously load lazily loaded font '../../../Engine/Content/Slate/Fonts/Roboto-Light.ttf' (159K)
[2017.11.04-18.30.27:220][424]LogSlate: Took 0.000214 seconds to synchronously load lazily loaded font '../../../Engine/Content/Slate/Fonts/Roboto-Light.ttf' (159K)
[2017.11.04-18.30.28:315][424]LogSlate: Took 0.000199 seconds to synchronously load lazily loaded font '../../../Engine/Content/Slate/Fonts/Roboto-Regular.ttf' (155K)
[2017.11.04-18.30.30:546][424]LogAIModule: Creating AISystem for world GameLavel
[2017.11.04-18.30.31:058][424]Cmd: MAP LOAD FILE="../../../../../../P - programist/UE4/Timekill/TimeKill/Content/GameLavel.umap" TEMPLATE=0 SHOWPROGRESS=1 FEATURELEVEL=3
[2017.11.04-18.30.31:059][424]LightingResults: New page: Lighting Build
[2017.11.04-18.30.31:061][424]LoadErrors: New page: Loading map: GameLavel.umap
[2017.11.04-18.30.31:172][424]MapCheck: New page: Map Check
[2017.11.04-18.30.31:172][424]LightingResults: New page: Lighting Build
[2017.11.04-18.30.31:514][424]LogEditorServer: Finished looking for orphan Actors (0.000 secs)
[2017.11.04-18.30.31:595][424]Cmd: MAP CHECKDEP NOCLEARLOG
[2017.11.04-18.30.31:649][424]MapCheck: Info Map check complete: 0 Error(s), 0 Warning(s), took 53.509ms to complete.
[2017.11.04-18.30.31:649][424]LogFileHelpers: Loading map 'GameLavel' took 0.733
[2017.11.04-18.30.53:315][496]LogSlate: Only BGRA pngs, bmps or icos are supported in by External Image Picker
[2017.11.04-18.30.53:503][497]LogTemp:Display: Executing iPhonePackager certificates Engine -bundlename com.YourCompany.TimeKill

[2017.11.04-18.30.53:503][497]LogTemp:Display: CWD: D:\Program Files\Epic Games\UE_4.15\Engine\Binaries\DotNET\IOS

[2017.11.04-18.30.53:503][497]LogTemp:Display: Initial Dir: D:\Program Files\Epic Games\UE_4.15

[2017.11.04-18.30.53:503][497]LogTemp:Display: Env CWD: D:\Program Files\Epic Games\UE_4.15\Engine\Binaries\DotNET\IOS

[2017.11.04-18.30.53:503][497]LogTemp:Display: BranchPath = DESKTOP-S9EOI2C/D/Program Files/Epic Games/UE_4.15/Engine/Binaries --- GameBranchPath = DESKTOP-S9EOI2C/D/Program Files/Epic Games/UE_4.15/Engine/Binaries

[2017.11.04-18.30.53:503][497]LogTemp:Display: IPP ERROR: Application exception: System.IO.DirectoryNotFoundException: ?? 㤠???? ????? ????? ???? "C:\Users\IzPOD\AppData\Local\Apple Computer\MobileDevice\Provisioning Profiles".

[2017.11.04-18.30.53:503][497]LogTemp:Display:    ? System.IO.__Error.WinIOError(Int32 errorCode, String maybeFullPath)

[2017.11.04-18.30.53:503][497]LogTemp:Display: 

[2017.11.04-18.30.53:503][497]LogTemp:Display:    ? System.IO.FileSystemEnumerableIterator`1.CommonInit()

[2017.11.04-18.30.53:503][497]LogTemp:Display:    ? System.IO.Directory.EnumerateFiles(String path, String searchPattern)

[2017.11.04-18.30.53:503][497]LogTemp:Display:    ? iPhonePackager.CodeSignatureBuilder.FindProvisions(String CFBundleIdentifier)

[2017.11.04-18.30.53:503][497]LogTemp:Display:    ? iPhonePackager.Program.Main(String[] args)

[2017.11.04-18.31.47:790][576]LogTemp: Repeting last play command: New Editor Window (PIE)
[2017.11.04-18.31.47:837][576]LogBlueprintUserMessages: Early PlayInEditor Detection: Level '/Game/GameLavel.GameLavel:PersistentLevel' has LevelScriptBlueprint '/Game/GameLavel.GameLavel:PersistentLevel.GameLavel' with GeneratedClass '/Game/GameLavel.GameLavel_C' with ClassGeneratedBy '/Game/GameLavel.GameLavel:PersistentLevel.GameLavel'
[2017.11.04-18.31.47:867][576]LogPlayLevel: PlayLevel: No blueprints needed recompiling
[2017.11.04-18.31.47:909][576]PIE: New page: PIE session: GameLavel (Nov 5, 2017, 12:31:47 AM)
[2017.11.04-18.31.47:946][576]LogPlayLevel: Creating play world package: /Game/UEDPIE_0_GameLavel
[2017.11.04-18.31.48:023][576]LogPlayLevel: PIE: StaticDuplicateObject took: (0.077013s)
[2017.11.04-18.31.48:024][576]LogAIModule: Creating AISystem for world GameLavel
[2017.11.04-18.31.48:024][576]LogPlayLevel: PIE: World Init took: (0.000656s)
[2017.11.04-18.31.48:031][576]LogPlayLevel: PIE: Created PIE world by copying editor world from /Game/GameLavel.GameLavel to /Game/UEDPIE_0_GameLavel.GameLavel (0.095138s)
[2017.11.04-18.31.48:083][576]LogInit: XAudio2 using 'Динамики (Logitech G430 Gaming Headset)' : 8 channels at 48 kHz using 16 bits per sample (channel mask 0x63f)
[2017.11.04-18.31.48:097][576]LogInit: FAudioDevice initialized.
[2017.11.04-18.31.48:205][576]LogLoad: Game class is 'Mouse_GameMode_C'
[2017.11.04-18.31.48:356][576]LogWorld: Bringing World /Game/UEDPIE_0_GameLavel.GameLavel up for play (max tick rate 0) at 2017.11.04-21.31.48
[2017.11.04-18.31.48:477][576]LogWorld: Bringing up level for play took: 0.132327
[2017.11.04-18.31.48:619][576]LogContentBrowser: Native class hierarchy updated for 'MovieSceneCapture' in 0.0010 seconds. Added 11 classes and 0 folders.
[2017.11.04-18.31.48:798][576]PIE: Info Play in editor start time for /Game/UEDPIE_0_GameLavel 1.516
[2017.11.04-18.31.48:799][576]LogBlueprintUserMessages: Late PlayInEditor Detection: Level '/Game/GameLavel.GameLavel:PersistentLevel' has LevelScriptBlueprint '/Game/GameLavel.GameLavel:PersistentLevel.GameLavel' with GeneratedClass '/Game/GameLavel.GameLavel_C' with ClassGeneratedBy '/Game/GameLavel.GameLavel:PersistentLevel.GameLavel'
[2017.11.04-18.31.48:972][576]LogRenderer: Reallocating scene render targets to support 1068x996 NumSamples 1 (Frame:10).
[2017.11.04-18.31.55:391][166]LogBlueprintUserMessages: Early EndPlayMap Detection: Level '/Game/GameLavel.GameLavel:PersistentLevel' has LevelScriptBlueprint '/Game/GameLavel.GameLavel:PersistentLevel.GameLavel' with GeneratedClass '/Game/GameLavel.GameLavel_C' with ClassGeneratedBy '/Game/GameLavel.GameLavel:PersistentLevel.GameLavel'
[2017.11.04-18.31.55:476][166]LogBlueprintUserMessages: Late EndPlayMap Detection: Level '/Game/GameLavel.GameLavel:PersistentLevel' has LevelScriptBlueprint '/Game/GameLavel.GameLavel:PersistentLevel.GameLavel' with GeneratedClass '/Game/GameLavel.GameLavel_C' with ClassGeneratedBy '/Game/GameLavel.GameLavel:PersistentLevel.GameLavel'
[2017.11.04-18.32.02:778][828]LogContentBrowser: Native class hierarchy updated for 'BlueprintGraph' in 0.0010 seconds. Added 112 classes and 0 folders.
[2017.11.04-18.32.04:880][828]LogSlate: Took 0.014337 seconds to synchronously load lazily loaded font '../../../Engine/Content/Editor/Slate/Fonts/Roboto-BoldCondensed.ttf' (158K)
[2017.11.04-18.32.34:925][202]LogSlate: Took 0.015872 seconds to synchronously load lazily loaded font '../../../Engine/Content/Editor/Slate/Fonts/Roboto-Italic.ttf' (157K)
[2017.11.04-18.36.06:101][370]BlueprintLog: New page: Compile Player1
[2017.11.04-18.36.07:668][398]LogTemp: Repeting last play command: New Editor Window (PIE)
[2017.11.04-18.36.07:703][398]LogBlueprintUserMessages: Early PlayInEditor Detection: Level '/Game/GameLavel.GameLavel:PersistentLevel' has LevelScriptBlueprint '/Game/GameLavel.GameLavel:PersistentLevel.GameLavel' with GeneratedClass '/Game/GameLavel.GameLavel_C' with ClassGeneratedBy '/Game/GameLavel.GameLavel:PersistentLevel.GameLavel'
[2017.11.04-18.36.07:703][398]LogPlayLevel: PlayLevel: No blueprints needed recompiling
[2017.11.04-18.36.07:704][398]PIE: New page: PIE session: GameLavel (Nov 5, 2017, 12:36:07 AM)
[2017.11.04-18.36.07:704][398]LogPlayLevel: Creating play world package: /Game/UEDPIE_0_GameLavel
[2017.11.04-18.36.07:707][398]LogPlayLevel: PIE: StaticDuplicateObject took: (0.002857s)
[2017.11.04-18.36.07:708][398]LogAIModule: Creating AISystem for world GameLavel
[2017.11.04-18.36.07:708][398]LogPlayLevel: PIE: World Init took: (0.000829s)
[2017.11.04-18.36.07:708][398]LogPlayLevel: PIE: Created PIE world by copying editor world from /Game/GameLavel.GameLavel to /Game/UEDPIE_0_GameLavel.GameLavel (0.003955s)
[2017.11.04-18.36.07:748][398]LogInit: XAudio2 using 'Динамики (Logitech G430 Gaming Headset)' : 8 channels at 48 kHz using 16 bits per sample (channel mask 0x63f)
[2017.11.04-18.36.07:766][398]LogInit: FAudioDevice initialized.
[2017.11.04-18.36.07:813][398]LogLoad: Game class is 'Mouse_GameMode_C'
[2017.11.04-18.36.07:815][398]LogWorld: Bringing World /Game/UEDPIE_0_GameLavel.GameLavel up for play (max tick rate 0) at 2017.11.04-21.36.07
[2017.11.04-18.36.07:816][398]LogWorld: Bringing up level for play took: 0.001731
[2017.11.04-18.36.07:837][398]PIE: Info Play in editor start time for /Game/UEDPIE_0_GameLavel 0.555
[2017.11.04-18.36.07:838][398]LogBlueprintUserMessages: Late PlayInEditor Detection: Level '/Game/GameLavel.GameLavel:PersistentLevel' has LevelScriptBlueprint '/Game/GameLavel.GameLavel:PersistentLevel.GameLavel' with GeneratedClass '/Game/GameLavel.GameLavel_C' with ClassGeneratedBy '/Game/GameLavel.GameLavel:PersistentLevel.GameLavel'
[2017.11.04-18.36.13:297][740]LogBlueprintUserMessages: [Player1_97] Porqzhenie
[2017.11.04-18.36.16:902][968]LogBlueprintUserMessages: Early EndPlayMap Detection: Level '/Game/GameLavel.GameLavel:PersistentLevel' has LevelScriptBlueprint '/Game/GameLavel.GameLavel:PersistentLevel.GameLavel' with GeneratedClass '/Game/GameLavel.GameLavel_C' with ClassGeneratedBy '/Game/GameLavel.GameLavel:PersistentLevel.GameLavel'
[2017.11.04-18.36.16:953][968]LogBlueprintUserMessages: Late EndPlayMap Detection: Level '/Game/GameLavel.GameLavel:PersistentLevel' has LevelScriptBlueprint '/Game/GameLavel.GameLavel:PersistentLevel.GameLavel' with GeneratedClass '/Game/GameLavel.GameLavel_C' with ClassGeneratedBy '/Game/GameLavel.GameLavel:PersistentLevel.GameLavel'
[2017.11.04-18.36.21:556][296]BlueprintLog: New page: Compile Player1
[2017.11.04-18.36.22:156][314]LogTemp: Repeting last play command: New Editor Window (PIE)
[2017.11.04-18.36.22:180][314]LogBlueprintUserMessages: Early PlayInEditor Detection: Level '/Game/GameLavel.GameLavel:PersistentLevel' has LevelScriptBlueprint '/Game/GameLavel.GameLavel:PersistentLevel.GameLavel' with GeneratedClass '/Game/GameLavel.GameLavel_C' with ClassGeneratedBy '/Game/GameLavel.GameLavel:PersistentLevel.GameLavel'
[2017.11.04-18.36.22:180][314]LogPlayLevel: PlayLevel: No blueprints needed recompiling
[2017.11.04-18.36.22:180][314]PIE: New page: PIE session: GameLavel (Nov 5, 2017, 12:36:22 AM)
[2017.11.04-18.36.22:181][314]LogPlayLevel: Creating play world package: /Game/UEDPIE_0_GameLavel
[2017.11.04-18.36.22:183][314]LogPlayLevel: PIE: StaticDuplicateObject took: (0.002481s)
[2017.11.04-18.36.22:184][314]LogAIModule: Creating AISystem for world GameLavel
[2017.11.04-18.36.22:184][314]LogPlayLevel: PIE: World Init took: (0.000670s)
[2017.11.04-18.36.22:184][314]LogPlayLevel: PIE: Created PIE world by copying editor world from /Game/GameLavel.GameLavel to /Game/UEDPIE_0_GameLavel.GameLavel (0.003338s)
[2017.11.04-18.36.22:203][314]LogInit: XAudio2 using 'Динамики (Logitech G430 Gaming Headset)' : 8 channels at 48 kHz using 16 bits per sample (channel mask 0x63f)
[2017.11.04-18.36.22:218][314]LogInit: FAudioDevice initialized.
[2017.11.04-18.36.22:273][314]LogLoad: Game class is 'Mouse_GameMode_C'
[2017.11.04-18.36.22:275][314]LogWorld: Bringing World /Game/UEDPIE_0_GameLavel.GameLavel up for play (max tick rate 0) at 2017.11.04-21.36.22
[2017.11.04-18.36.22:276][314]LogWorld: Bringing up level for play took: 0.001771
[2017.11.04-18.36.22:285][314]PIE: Info Play in editor start time for /Game/UEDPIE_0_GameLavel 1.003
[2017.11.04-18.36.22:286][314]LogBlueprintUserMessages: Late PlayInEditor Detection: Level '/Game/GameLavel.GameLavel:PersistentLevel' has LevelScriptBlueprint '/Game/GameLavel.GameLavel:PersistentLevel.GameLavel' with GeneratedClass '/Game/GameLavel.GameLavel_C' with ClassGeneratedBy '/Game/GameLavel.GameLavel:PersistentLevel.GameLavel'
[2017.11.04-18.36.26:944][619]LogBlueprintUserMessages: [Player1_97] Porqzhenie
[2017.11.04-18.36.29:963][814]LogScript:Warning: Attempted to access Otschet_C_1 via property Krug_Otscheta, but Otschet_C_1 is pending kill
	Player1_C /Game/UEDPIE_0_GameLavel.GameLavel:PersistentLevel.Player1_97
	Function /Game/Blueprints/Player1.Player1_C:ExecuteUbergraph_Player1:0BA1
[2017.11.04-18.36.29:978][814]PIE:Error: Error Blueprint Runtime Error: Attempted to access Otschet_C_1 via property Krug_Otscheta, but Otschet_C_1 is pending kill from function: 'ExecuteUbergraph_Player1' from node: DestroyActor in graph: EventGraph in object: Player1 with description: Attempted to access Otschet_C_1 via property Krug_Otscheta, but Otschet_C_1 is pending kill
[2017.11.04-18.36.37:178][278]LogBlueprintUserMessages: Early EndPlayMap Detection: Level '/Game/GameLavel.GameLavel:PersistentLevel' has LevelScriptBlueprint '/Game/GameLavel.GameLavel:PersistentLevel.GameLavel' with GeneratedClass '/Game/GameLavel.GameLavel_C' with ClassGeneratedBy '/Game/GameLavel.GameLavel:PersistentLevel.GameLavel'
[2017.11.04-18.36.37:229][278]LogBlueprintUserMessages: Late EndPlayMap Detection: Level '/Game/GameLavel.GameLavel:PersistentLevel' has LevelScriptBlueprint '/Game/GameLavel.GameLavel:PersistentLevel.GameLavel' with GeneratedClass '/Game/GameLavel.GameLavel_C' with ClassGeneratedBy '/Game/GameLavel.GameLavel:PersistentLevel.GameLavel'
[2017.11.04-18.38.28:947][927]BlueprintLog: New page: Compile Player1
[2017.11.04-18.38.29:997][983]LogTemp: Repeting last play command: New Editor Window (PIE)
[2017.11.04-18.38.30:027][983]LogBlueprintUserMessages: Early PlayInEditor Detection: Level '/Game/GameLavel.GameLavel:PersistentLevel' has LevelScriptBlueprint '/Game/GameLavel.GameLavel:PersistentLevel.GameLavel' with GeneratedClass '/Game/GameLavel.GameLavel_C' with ClassGeneratedBy '/Game/GameLavel.GameLavel:PersistentLevel.GameLavel'
[2017.11.04-18.38.30:027][983]LogPlayLevel: PlayLevel: No blueprints needed recompiling
[2017.11.04-18.38.30:027][983]PIE: New page: PIE session: GameLavel (Nov 5, 2017, 12:38:30 AM)
[2017.11.04-18.38.30:027][983]LogPlayLevel: Creating play world package: /Game/UEDPIE_0_GameLavel
[2017.11.04-18.38.30:030][983]LogPlayLevel: PIE: StaticDuplicateObject took: (0.002558s)
[2017.11.04-18.38.30:030][983]LogAIModule: Creating AISystem for world GameLavel
[2017.11.04-18.38.30:031][983]LogPlayLevel: PIE: World Init took: (0.000687s)
[2017.11.04-18.38.30:031][983]LogPlayLevel: PIE: Created PIE world by copying editor world from /Game/GameLavel.GameLavel to /Game/UEDPIE_0_GameLavel.GameLavel (0.003437s)
[2017.11.04-18.38.30:049][983]LogInit: XAudio2 using 'Динамики (Logitech G430 Gaming Headset)' : 8 channels at 48 kHz using 16 bits per sample (channel mask 0x63f)
[2017.11.04-18.38.30:067][983]LogInit: FAudioDevice initialized.
[2017.11.04-18.38.30:121][983]LogLoad: Game class is 'Mouse_GameMode_C'
[2017.11.04-18.38.30:124][983]LogWorld: Bringing World /Game/UEDPIE_0_GameLavel.GameLavel up for play (max tick rate 0) at 2017.11.04-21.38.30
[2017.11.04-18.38.30:125][983]LogWorld: Bringing up level for play took: 0.002561
[2017.11.04-18.38.30:135][983]PIE: Info Play in editor start time for /Game/UEDPIE_0_GameLavel 0.853
[2017.11.04-18.38.30:136][983]LogBlueprintUserMessages: Late PlayInEditor Detection: Level '/Game/GameLavel.GameLavel:PersistentLevel' has LevelScriptBlueprint '/Game/GameLavel.GameLavel:PersistentLevel.GameLavel' with GeneratedClass '/Game/GameLavel.GameLavel_C' with ClassGeneratedBy '/Game/GameLavel.GameLavel:PersistentLevel.GameLavel'
[2017.11.04-18.38.44:396][971]LogBlueprintUserMessages: [Player1_97] Pobeda
[2017.11.04-18.38.48:200][232]LogBlueprintUserMessages: Early EndPlayMap Detection: Level '/Game/GameLavel.GameLavel:PersistentLevel' has LevelScriptBlueprint '/Game/GameLavel.GameLavel:PersistentLevel.GameLavel' with GeneratedClass '/Game/GameLavel.GameLavel_C' with ClassGeneratedBy '/Game/GameLavel.GameLavel:PersistentLevel.GameLavel'
[2017.11.04-18.38.48:255][232]LogBlueprintUserMessages: Late EndPlayMap Detection: Level '/Game/GameLavel.GameLavel:PersistentLevel' has LevelScriptBlueprint '/Game/GameLavel.GameLavel:PersistentLevel.GameLavel' with GeneratedClass '/Game/GameLavel.GameLavel_C' with ClassGeneratedBy '/Game/GameLavel.GameLavel:PersistentLevel.GameLavel'
[2017.11.04-18.39.18:430][185]BlueprintLog: New page: Compile Mishen
[2017.11.04-18.39.19:343][273]LogTemp: Repeting last play command: New Editor Window (PIE)
[2017.11.04-18.39.19:368][273]LogBlueprintUserMessages: Early PlayInEditor Detection: Level '/Game/GameLavel.GameLavel:PersistentLevel' has LevelScriptBlueprint '/Game/GameLavel.GameLavel:PersistentLevel.GameLavel' with GeneratedClass '/Game/GameLavel.GameLavel_C' with ClassGeneratedBy '/Game/GameLavel.GameLavel:PersistentLevel.GameLavel'
[2017.11.04-18.39.19:369][273]LogPlayLevel: PlayLevel: No blueprints needed recompiling
[2017.11.04-18.39.19:369][273]PIE: New page: PIE session: GameLavel (Nov 5, 2017, 12:39:19 AM)
[2017.11.04-18.39.19:369][273]LogPlayLevel: Creating play world package: /Game/UEDPIE_0_GameLavel
[2017.11.04-18.39.19:372][273]LogPlayLevel: PIE: StaticDuplicateObject took: (0.002876s)
[2017.11.04-18.39.19:373][273]LogAIModule: Creating AISystem for world GameLavel
[2017.11.04-18.39.19:373][273]LogPlayLevel: PIE: World Init took: (0.001046s)
[2017.11.04-18.39.19:373][273]LogPlayLevel: PIE: Created PIE world by copying editor world from /Game/GameLavel.GameLavel to /Game/UEDPIE_0_GameLavel.GameLavel (0.004124s)
[2017.11.04-18.39.19:396][273]LogInit: XAudio2 using 'Динамики (Logitech G430 Gaming Headset)' : 8 channels at 48 kHz using 16 bits per sample (channel mask 0x63f)
[2017.11.04-18.39.19:408][273]LogInit: FAudioDevice initialized.
[2017.11.04-18.39.19:456][273]LogLoad: Game class is 'Mouse_GameMode_C'
[2017.11.04-18.39.19:459][273]LogWorld: Bringing World /Game/UEDPIE_0_GameLavel.GameLavel up for play (max tick rate 0) at 2017.11.04-21.39.19
[2017.11.04-18.39.19:459][273]LogWorld: Bringing up level for play took: 0.002126
[2017.11.04-18.39.19:463][273]PIE: Info Play in editor start time for /Game/UEDPIE_0_GameLavel 0.181
[2017.11.04-18.39.19:464][273]LogBlueprintUserMessages: Late PlayInEditor Detection: Level '/Game/GameLavel.GameLavel:PersistentLevel' has LevelScriptBlueprint '/Game/GameLavel.GameLavel:PersistentLevel.GameLavel' with GeneratedClass '/Game/GameLavel.GameLavel_C' with ClassGeneratedBy '/Game/GameLavel.GameLavel:PersistentLevel.GameLavel'
[2017.11.04-18.39.33:054][757]LogBlueprintUserMessages: [Player1_97] Pobeda
[2017.11.04-18.39.34:644][928]LogBlueprintUserMessages: Early EndPlayMap Detection: Level '/Game/GameLavel.GameLavel:PersistentLevel' has LevelScriptBlueprint '/Game/GameLavel.GameLavel:PersistentLevel.GameLavel' with GeneratedClass '/Game/GameLavel.GameLavel_C' with ClassGeneratedBy '/Game/GameLavel.GameLavel:PersistentLevel.GameLavel'
[2017.11.04-18.39.34:704][928]LogBlueprintUserMessages: Late EndPlayMap Detection: Level '/Game/GameLavel.GameLavel:PersistentLevel' has LevelScriptBlueprint '/Game/GameLavel.GameLavel:PersistentLevel.GameLavel' with GeneratedClass '/Game/GameLavel.GameLavel_C' with ClassGeneratedBy '/Game/GameLavel.GameLavel:PersistentLevel.GameLavel'
[2017.11.04-18.39.35:297][985]LogTemp: Repeting last play command: New Editor Window (PIE)
[2017.11.04-18.39.35:328][985]LogBlueprintUserMessages: Early PlayInEditor Detection: Level '/Game/GameLavel.GameLavel:PersistentLevel' has LevelScriptBlueprint '/Game/GameLavel.GameLavel:PersistentLevel.GameLavel' with GeneratedClass '/Game/GameLavel.GameLavel_C' with ClassGeneratedBy '/Game/GameLavel.GameLavel:PersistentLevel.GameLavel'
[2017.11.04-18.39.35:328][985]LogPlayLevel: PlayLevel: No blueprints needed recompiling
[2017.11.04-18.39.35:329][985]PIE: New page: PIE session: GameLavel (Nov 5, 2017, 12:39:35 AM)
[2017.11.04-18.39.35:329][985]LogPlayLevel: Creating play world package: /Game/UEDPIE_0_GameLavel
[2017.11.04-18.39.35:332][985]LogPlayLevel: PIE: StaticDuplicateObject took: (0.002506s)
[2017.11.04-18.39.35:332][985]LogAIModule: Creating AISystem for world GameLavel
[2017.11.04-18.39.35:332][985]LogPlayLevel: PIE: World Init took: (0.000859s)
[2017.11.04-18.39.35:333][985]LogPlayLevel: PIE: Created PIE world by copying editor world from /Game/GameLavel.GameLavel to /Game/UEDPIE_0_GameLavel.GameLavel (0.003560s)
[2017.11.04-18.39.35:352][985]LogInit: XAudio2 using 'Динамики (Logitech G430 Gaming Headset)' : 8 channels at 48 kHz using 16 bits per sample (channel mask 0x63f)
[2017.11.04-18.39.35:369][985]LogInit: FAudioDevice initialized.
[2017.11.04-18.39.35:410][985]LogLoad: Game class is 'Mouse_GameMode_C'
[2017.11.04-18.39.35:412][985]LogWorld: Bringing World /Game/UEDPIE_0_GameLavel.GameLavel up for play (max tick rate 0) at 2017.11.04-21.39.35
[2017.11.04-18.39.35:413][985]LogWorld: Bringing up level for play took: 0.001810
[2017.11.04-18.39.35:430][985]PIE: Info Play in editor start time for /Game/UEDPIE_0_GameLavel 0.147
[2017.11.04-18.39.35:431][985]LogBlueprintUserMessages: Late PlayInEditor Detection: Level '/Game/GameLavel.GameLavel:PersistentLevel' has LevelScriptBlueprint '/Game/GameLavel.GameLavel:PersistentLevel.GameLavel' with GeneratedClass '/Game/GameLavel.GameLavel_C' with ClassGeneratedBy '/Game/GameLavel.GameLavel:PersistentLevel.GameLavel'
[2017.11.04-18.39.48:210][376]LogBlueprintUserMessages: [Player1_97] Porqzhenie
[2017.11.04-18.39.55:288][150]LogBlueprintUserMessages: Early EndPlayMap Detection: Level '/Game/GameLavel.GameLavel:PersistentLevel' has LevelScriptBlueprint '/Game/GameLavel.GameLavel:PersistentLevel.GameLavel' with GeneratedClass '/Game/GameLavel.GameLavel_C' with ClassGeneratedBy '/Game/GameLavel.GameLavel:PersistentLevel.GameLavel'
[2017.11.04-18.39.55:335][150]LogBlueprintUserMessages: Late EndPlayMap Detection: Level '/Game/GameLavel.GameLavel:PersistentLevel' has LevelScriptBlueprint '/Game/GameLavel.GameLavel:PersistentLevel.GameLavel' with GeneratedClass '/Game/GameLavel.GameLavel_C' with ClassGeneratedBy '/Game/GameLavel.GameLavel:PersistentLevel.GameLavel'
[2017.11.04-18.40.28:551][ 46]LogTemp: Repeting last play command: New Editor Window (PIE)
[2017.11.04-18.40.28:581][ 46]LogBlueprintUserMessages: Early PlayInEditor Detection: Level '/Game/GameLavel.GameLavel:PersistentLevel' has LevelScriptBlueprint '/Game/GameLavel.GameLavel:PersistentLevel.GameLavel' with GeneratedClass '/Game/GameLavel.GameLavel_C' with ClassGeneratedBy '/Game/GameLavel.GameLavel:PersistentLevel.GameLavel'
[2017.11.04-18.40.28:581][ 46]LogPlayLevel: PlayLevel: No blueprints needed recompiling
[2017.11.04-18.40.28:582][ 46]PIE: New page: PIE session: GameLavel (Nov 5, 2017, 12:40:28 AM)
[2017.11.04-18.40.28:583][ 46]LogPlayLevel: Creating play world package: /Game/UEDPIE_0_GameLavel
[2017.11.04-18.40.28:588][ 46]LogPlayLevel: PIE: StaticDuplicateObject took: (0.005104s)
[2017.11.04-18.40.28:589][ 46]LogAIModule: Creating AISystem for world GameLavel
[2017.11.04-18.40.28:589][ 46]LogPlayLevel: PIE: World Init took: (0.001086s)
[2017.11.04-18.40.28:589][ 46]LogPlayLevel: PIE: Created PIE world by copying editor world from /Game/GameLavel.GameLavel to /Game/UEDPIE_0_GameLavel.GameLavel (0.006522s)
[2017.11.04-18.40.28:608][ 46]LogInit: XAudio2 using 'Динамики (Logitech G430 Gaming Headset)' : 8 channels at 48 kHz using 16 bits per sample (channel mask 0x63f)
[2017.11.04-18.40.28:625][ 46]LogInit: FAudioDevice initialized.
[2017.11.04-18.40.28:681][ 46]LogLoad: Game class is 'Mouse_GameMode_C'
[2017.11.04-18.40.28:684][ 46]LogWorld: Bringing World /Game/UEDPIE_0_GameLavel.GameLavel up for play (max tick rate 0) at 2017.11.04-21.40.28
[2017.11.04-18.40.28:684][ 46]LogWorld: Bringing up level for play took: 0.002664
[2017.11.04-18.40.28:695][ 46]PIE: Info Play in editor start time for /Game/UEDPIE_0_GameLavel -0.587
[2017.11.04-18.40.28:696][ 46]LogBlueprintUserMessages: Late PlayInEditor Detection: Level '/Game/GameLavel.GameLavel:PersistentLevel' has LevelScriptBlueprint '/Game/GameLavel.GameLavel:PersistentLevel.GameLavel' with GeneratedClass '/Game/GameLavel.GameLavel_C' with ClassGeneratedBy '/Game/GameLavel.GameLavel:PersistentLevel.GameLavel'
[2017.11.04-18.40.52:198][735]LogBlueprintUserMessages: Early EndPlayMap Detection: Level '/Game/GameLavel.GameLavel:PersistentLevel' has LevelScriptBlueprint '/Game/GameLavel.GameLavel:PersistentLevel.GameLavel' with GeneratedClass '/Game/GameLavel.GameLavel_C' with ClassGeneratedBy '/Game/GameLavel.GameLavel:PersistentLevel.GameLavel'
[2017.11.04-18.40.52:256][735]LogBlueprintUserMessages: Late EndPlayMap Detection: Level '/Game/GameLavel.GameLavel:PersistentLevel' has LevelScriptBlueprint '/Game/GameLavel.GameLavel:PersistentLevel.GameLavel' with GeneratedClass '/Game/GameLavel.GameLavel_C' with ClassGeneratedBy '/Game/GameLavel.GameLavel:PersistentLevel.GameLavel'
[2017.11.04-18.41.45:581][312]Cmd: OBJ SAVEPACKAGE PACKAGE="/Game/GameLavel" FILE="../../../../../../P - programist/UE4/Timekill/TimeKill/Content/GameLavel.umap" SILENT=true AUTOSAVING=false KEEPDIRTY=false
[2017.11.04-18.41.47:297][312]LogSavePackage: Save=268.27ms
[2017.11.04-18.41.47:297][312]LogSavePackage: Moving '../../../../../../P - programist/UE4/Timekill/TimeKill/Saved/GameLavelB45D04CE4797C35E7BC20A97C3C084E3.tmp' to '../../../../../../P - programist/UE4/Timekill/TimeKill/Content/GameLavel.umap'
[2017.11.04-18.41.47:338][312]LogSavePackage:Display: Finished SavePackage ../../../../../../P - programist/UE4/Timekill/TimeKill/Content/GameLavel.umap
[2017.11.04-18.41.47:400][312]LogFileHelpers: Saving map 'GameLavel' took 1.919
[2017.11.04-18.41.47:406][312]Cmd: OBJ SAVEPACKAGE PACKAGE="/Game/Blueprints/Player1" FILE="../../../../../../P - programist/UE4/Timekill/TimeKill/Content/Blueprints/Player1.uasset" SILENT=true
[2017.11.04-18.41.47:720][312]LogSavePackage: Save=264.48ms
[2017.11.04-18.41.47:720][312]LogSavePackage: Moving '../../../../../../P - programist/UE4/Timekill/TimeKill/Saved/Player1920782524F5F742CC88229844D6EED03.tmp' to '../../../../../../P - programist/UE4/Timekill/TimeKill/Content/Blueprints/Player1.uasset'
[2017.11.04-18.41.47:734][312]LogSavePackage:Display: Finished SavePackage ../../../../../../P - programist/UE4/Timekill/TimeKill/Content/Blueprints/Player1.uasset
[2017.11.04-18.41.47:738][312]Cmd: OBJ SAVEPACKAGE PACKAGE="/Game/Blueprints/Mishen" FILE="../../../../../../P - programist/UE4/Timekill/TimeKill/Content/Blueprints/Mishen.uasset" SILENT=true
[2017.11.04-18.41.47:805][312]LogSavePackage: Save=38.74ms
[2017.11.04-18.41.47:805][312]LogSavePackage: Moving '../../../../../../P - programist/UE4/Timekill/TimeKill/Saved/Mishen81495ADD466C7B1843667E9F7A306547.tmp' to '../../../../../../P - programist/UE4/Timekill/TimeKill/Content/Blueprints/Mishen.uasset'
[2017.11.04-18.41.47:822][312]LogSavePackage:Display: Finished SavePackage ../../../../../../P - programist/UE4/Timekill/TimeKill/Content/Blueprints/Mishen.uasset
[2017.11.04-18.46.00:104][751]LogWindowsTextInputMethodSystem:Display: IME system now deactivated.
[2017.11.04-18.46.00:104][751]LogWindowsTextInputMethodSystem:Display: IME system now deactivated.
[2017.11.04-18.46.01:490][819]LogActorComponent: UnregisterComponent: (/Engine/Transient.EditorFloorComp) Not registered. Aborting.
[2017.11.04-18.46.01:545][819]LogWindowsTextInputMethodSystem:Display: IME system now deactivated.
[2017.11.04-18.46.01:873][820]Cmd: QUIT_EDITOR
[2017.11.04-18.46.02:435][820]LogExit: Preparing to exit.
[2017.11.04-18.46.03:570][820]LogDirectoryWatcher: A directory notification for 'D:/P - programist/UE4/Timekill/TimeKill/Content/' was aborted.
[2017.11.04-18.46.03:701][820]LogExit: Editor shut down
[2017.11.04-18.46.03:701][820]LogExit: Transaction tracking system shut down
[2017.11.04-18.46.04:872][820]LogObj: Freed 0b from 0 cluster array pools.
[2017.11.04-18.46.04:873][820]LogExit: Object subsystem successfully closed.
[2017.11.04-18.46.05:034][820]LogD3D11RHI: Shutdown
[2017.11.04-18.46.05:034][820]LogD3D11RHI: CleanupD3DDevice
[2017.11.04-18.46.05:162][820]LogD3D11RHI: ~FD3D11DynamicRHI
[2017.11.04-18.46.06:000][820]LogModuleManager: Shutting down and abandoning module SequencerWidgets (508)
[2017.11.04-18.46.06:000][820]LogModuleManager: Shutting down and abandoning module BlueprintGraph (506)
[2017.11.04-18.46.06:000][820]LogModuleManager: Shutting down and abandoning module BlueprintProfiler (504)
[2017.11.04-18.46.06:021][820]LogModuleManager: Shutting down and abandoning module MovieSceneCapture (502)
[2017.11.04-18.46.06:021][820]LogModuleManager: Shutting down and abandoning module ExternalImagePicker (500)
[2017.11.04-18.46.06:021][820]LogModuleManager: Shutting down and abandoning module HierarchicalLODOutliner (498)
[2017.11.04-18.46.06:033][820]LogModuleManager: Shutting down and abandoning module CrashTracker (496)
[2017.11.04-18.46.06:033][820]LogModuleManager: Shutting down and abandoning module AddContentDialog (494)
[2017.11.04-18.46.06:047][820]LogDirectoryWatcher: A directory notification for 'D:/Program Files/Epic Games/UE_4.15/FeaturePacks/' was aborted.
[2017.11.04-18.46.06:049][820]LogModuleManager: Shutting down and abandoning module WidgetCarousel (493)
[2017.11.04-18.46.06:049][820]LogModuleManager: Shutting down and abandoning module EditorWidgets (490)
[2017.11.04-18.46.06:049][820]LogModuleManager: Shutting down and abandoning module CollectionManager (488)
[2017.11.04-18.46.06:063][820]LogDirectoryWatcher: A directory notification for 'D:/P - programist/UE4/Timekill/TimeKill/Content/Collections/' was aborted.
[2017.11.04-18.46.06:063][820]LogDirectoryWatcher: A directory notification for 'D:/P - programist/UE4/Timekill/TimeKill/Content/Developers/IzPOD/Collections/' was aborted.
[2017.11.04-18.46.06:063][820]LogDirectoryWatcher: A directory notification for 'D:/P - programist/UE4/Timekill/TimeKill/Saved/Collections/' was aborted.
[2017.11.04-18.46.06:063][820]LogModuleManager: Shutting down and abandoning module SceneOutliner (486)
[2017.11.04-18.46.06:063][820]LogModuleManager: Shutting down and abandoning module StatsViewer (484)
[2017.11.04-18.46.06:078][820]LogModuleManager: Shutting down and abandoning module FoliageEdit (482)
[2017.11.04-18.46.06:078][820]LogModuleManager: Shutting down and abandoning module LandscapeEditor (480)
[2017.11.04-18.46.06:090][820]LogModuleManager: Shutting down and abandoning module SceneDepthPickerMode (478)
[2017.11.04-18.46.06:090][820]LogModuleManager: Shutting down and abandoning module ActorPickerMode (476)
[2017.11.04-18.46.06:090][820]LogModuleManager: Shutting down and abandoning module GeometryMode (474)
[2017.11.04-18.46.06:090][820]LogModuleManager: Shutting down and abandoning module TextureAlignMode (472)
[2017.11.04-18.46.06:090][820]LogModuleManager: Shutting down and abandoning module BspMode (470)
[2017.11.04-18.46.06:105][820]LogModuleManager: Shutting down and abandoning module HardwareSurvey (468)
[2017.11.04-18.46.06:105][820]LogModuleManager: Shutting down and abandoning module SequenceRecorderSections (466)
[2017.11.04-18.46.06:105][820]LogModuleManager: Shutting down and abandoning module AutomationWorker (464)
[2017.11.04-18.46.06:114][820]LogModuleManager: Shutting down and abandoning module MatineeToLevelSequence (462)
[2017.11.04-18.46.06:114][820]LogModuleManager: Shutting down and abandoning module LevelSequenceEditor (460)
[2017.11.04-18.46.06:209][820]LogModuleManager: Shutting down and abandoning module PlacementMode (459)
[2017.11.04-18.46.06:209][820]LogModuleManager: Shutting down and abandoning module WmfMediaFactory (456)
[2017.11.04-18.46.06:209][820]LogModuleManager: Shutting down and abandoning module WmfMediaEditor (454)
[2017.11.04-18.46.06:209][820]LogModuleManager: Shutting down and abandoning module MfMediaFactory (452)
[2017.11.04-18.46.06:209][820]LogModuleManager: Shutting down and abandoning module MfMediaEditor (450)
[2017.11.04-18.46.06:209][820]LogModuleManager: Shutting down and abandoning module AvfMediaFactory (448)
[2017.11.04-18.46.06:209][820]LogModuleManager: Shutting down and abandoning module AvfMediaEditor (446)
[2017.11.04-18.46.06:209][820]LogModuleManager: Shutting down and abandoning module AndroidMediaFactory (444)
[2017.11.04-18.46.06:209][820]LogModuleManager: Shutting down and abandoning module Media (443)
[2017.11.04-18.46.06:209][820]LogModuleManager: Shutting down and abandoning module AndroidMediaEditor (440)
[2017.11.04-18.46.06:209][820]LogModuleManager: Shutting down and abandoning module CharacterAI (438)
[2017.11.04-18.46.06:209][820]LogModuleManager: Shutting down and abandoning module AudioCapture (436)
[2017.11.04-18.46.06:209][820]LogModuleManager: Shutting down and abandoning module SequenceRecorder (435)
[2017.11.04-18.46.06:248][820]LogModuleManager: Shutting down and abandoning module SmartSnapping (432)
[2017.11.04-18.46.06:248][820]LogModuleManager: Shutting down and abandoning module SessionServices (430)
[2017.11.04-18.46.06:248][820]LogModuleManager: Shutting down and abandoning module ViewportSnapping (428)
[2017.11.04-18.46.06:248][820]LogModuleManager: Shutting down and abandoning module ViewportInteraction (426)
[2017.11.04-18.46.06:248][820]LogModuleManager: Shutting down and abandoning module LogVisualizer (424)
[2017.11.04-18.46.06:265][820]LogModuleManager: Shutting down and abandoning module IntroTutorials (422)
[2017.11.04-18.46.06:268][820]LogModuleManager: Shutting down and abandoning module GameProjectGeneration (421)
[2017.11.04-18.46.06:292][820]LogModuleManager: Shutting down and abandoning module EditorLiveStreaming (418)
[2017.11.04-18.46.06:292][820]LogModuleManager: Shutting down and abandoning module IOSPlatformEditor (416)
[2017.11.04-18.46.06:292][820]LogModuleManager: Shutting down and abandoning module HTML5PlatformEditor (414)
[2017.11.04-18.46.06:292][820]LogModuleManager: Shutting down and abandoning module AndroidPlatformEditor (412)
[2017.11.04-18.46.06:292][820]LogModuleManager: Shutting down and abandoning module AndroidDeviceDetection (411)
[2017.11.04-18.46.07:038][820]LogModuleManager: Shutting down and abandoning module IOSRuntimeSettings (408)
[2017.11.04-18.46.07:038][820]LogModuleManager: Shutting down and abandoning module AndroidRuntimeSettings (406)
[2017.11.04-18.46.07:038][820]LogModuleManager: Shutting down and abandoning module InputBindingEditor (404)
[2017.11.04-18.46.07:055][820]LogModuleManager: Shutting down and abandoning module NiagaraEditor (402)
[2017.11.04-18.46.07:083][820]LogModuleManager: Shutting down and abandoning module MergeActors (400)
[2017.11.04-18.46.07:112][820]LogModuleManager: Shutting down and abandoning module SizeMap (398)
[2017.11.04-18.46.07:112][820]LogModuleManager: Shutting down and abandoning module TreeMap (396)
[2017.11.04-18.46.07:127][820]LogModuleManager: Shutting down and abandoning module ReferenceViewer (394)
[2017.11.04-18.46.07:127][820]LogModuleManager: Shutting down and abandoning module LocalizationDashboard (392)
[2017.11.04-18.46.07:144][820]LogModuleManager: Shutting down and abandoning module LocalizationService (391)
[2017.11.04-18.46.07:160][820]LogModuleManager: Shutting down and abandoning module HardwareTargeting (388)
[2017.11.04-18.46.07:161][820]LogModuleManager: Shutting down and abandoning module DeviceProfileEditor (386)
[2017.11.04-18.46.07:167][820]LogModuleManager: Shutting down and abandoning module UndoHistory (384)
[2017.11.04-18.46.07:176][820]LogModuleManager: Shutting down and abandoning module UserFeedback (382)
[2017.11.04-18.46.07:177][820]LogModuleManager: Shutting down and abandoning module XmlParser (380)
[2017.11.04-18.46.07:177][820]LogModuleManager: Shutting down and abandoning module Blutility (378)
[2017.11.04-18.46.07:186][820]LogModuleManager: Shutting down and abandoning module ProjectSettingsViewer (376)
[2017.11.04-18.46.07:186][820]LogModuleManager: Shutting down and abandoning module ProjectTargetPlatformEditor (375)
[2017.11.04-18.46.07:186][820]LogModuleManager: Shutting down and abandoning module EditorSettingsViewer (372)
[2017.11.04-18.46.07:186][820]LogModuleManager: Shutting down and abandoning module SettingsEditor (370)
[2017.11.04-18.46.07:200][820]LogModuleManager: Shutting down and abandoning module ProjectLauncher (368)
[2017.11.04-18.46.07:219][820]LogModuleManager: Shutting down and abandoning module SessionFrontend (366)
[2017.11.04-18.46.07:233][820]LogModuleManager: Shutting down and abandoning module ProfilerClient (364)
[2017.11.04-18.46.07:260][820]LogModuleManager: Shutting down and abandoning module DeviceManager (362)
[2017.11.04-18.46.07:276][820]LogModuleManager: Shutting down and abandoning module TargetDeviceServices (361)
[2017.11.04-18.46.07:326][820]LogModuleManager: Shutting down and abandoning module AutomationController (358)
[2017.11.04-18.46.07:353][820]LogModuleManager: Shutting down and abandoning module AutomationWindow (356)
[2017.11.04-18.46.07:368][820]LogModuleManager: Shutting down and abandoning module Layers (354)
[2017.11.04-18.46.07:383][820]LogModuleManager: Shutting down and abandoning module ComponentVisualizers (352)
[2017.11.04-18.46.07:383][820]LogModuleManager: Shutting down and abandoning module DetailCustomizations (350)
[2017.11.04-18.46.07:407][820]LogModuleManager: Shutting down and abandoning module PackagesDialog (348)
[2017.11.04-18.46.07:407][820]LogModuleManager: Shutting down and abandoning module Persona (346)
[2017.11.04-18.46.07:441][820]LogModuleManager: Shutting down and abandoning module AnimGraph (345)
[2017.11.04-18.46.07:441][820]LogModuleManager: Shutting down and abandoning module Kismet (342)
[2017.11.04-18.46.07:479][820]LogModuleManager: Shutting down and abandoning module GraphEditor (340)
[2017.11.04-18.46.07:479][820]LogModuleManager: Shutting down and abandoning module ClassViewer (338)
[2017.11.04-18.46.07:479][820]LogModuleManager: Shutting down and abandoning module Toolbox (336)
[2017.11.04-18.46.07:479][820]LogModuleManager: Shutting down and abandoning module ModuleUI (334)
[2017.11.04-18.46.07:493][820]LogModuleManager: Shutting down and abandoning module MovieSceneTools (332)
[2017.11.04-18.46.07:508][820]LogModuleManager: Shutting down and abandoning module OutputLog (330)
[2017.11.04-18.46.07:518][820]LogModuleManager: Shutting down and abandoning module GammaUI (328)
[2017.11.04-18.46.07:532][820]LogModuleManager: Shutting down and abandoning module Documentation (326)
[2017.11.04-18.46.07:532][820]LogModuleManager: Shutting down and abandoning module Niagara (324)
[2017.11.04-18.46.07:532][820]LogModuleManager: Shutting down and abandoning module StreamingPauseRendering (322)
[2017.11.04-18.46.07:532][820]LogModuleManager: Shutting down and abandoning module AnalyticsET (320)
[2017.11.04-18.46.07:532][820]LogModuleManager: Shutting down and abandoning module PortalServices (318)
[2017.11.04-18.46.07:532][820]LogModuleManager: Shutting down and abandoning module PortalRpc (316)
[2017.11.04-18.46.07:532][820]LogModuleManager: Shutting down and abandoning module MessagingRpc (314)
[2017.11.04-18.46.07:532][820]LogModuleManager: Shutting down and abandoning module AIModule (312)
[2017.11.04-18.46.07:541][820]LogModuleManager: Shutting down and abandoning module GameplayDebugger (311)
[2017.11.04-18.46.07:541][820]LogModuleManager: Shutting down and abandoning module AITestSuite (309)
[2017.11.04-18.46.07:541][820]LogModuleManager: Shutting down and abandoning module ProfilerService (306)
[2017.11.04-18.46.07:582][820]LogModuleManager: Shutting down and abandoning module TaskGraph (304)
[2017.11.04-18.46.07:598][820]LogModuleManager: Shutting down and abandoning module SteamVRController (302)
[2017.11.04-18.46.07:598][820]LogModuleManager: Shutting down and abandoning module SteamVR (300)
[2017.11.04-18.46.07:598][820]LogModuleManager: Shutting down and abandoning module ProceduralMeshComponentEditor (298)
[2017.11.04-18.46.07:598][820]LogModuleManager: Shutting down and abandoning module ProceduralMeshComponent (296)
[2017.11.04-18.46.07:608][820]LogModuleManager: Shutting down and abandoning module OculusLibrary (294)
[2017.11.04-18.46.07:608][820]LogModuleManager: Shutting down and abandoning module OculusInput (292)
[2017.11.04-18.46.07:608][820]LogModuleManager: Shutting down and abandoning module MobilePatchingUtils (290)
[2017.11.04-18.46.07:608][820]LogModuleManager: Shutting down and abandoning module CustomMeshComponent (288)
[2017.11.04-18.46.07:608][820]LogModuleManager: Shutting down and abandoning module CableComponent (286)
[2017.11.04-18.46.07:608][820]LogModuleManager: Shutting down and abandoning module ArchVisCharacter (284)
[2017.11.04-18.46.07:608][820]LogModuleManager: Shutting down and abandoning module MediaPlayerEditor (280)
[2017.11.04-18.46.07:640][820]LogModuleManager: Shutting down and abandoning module HTML5Networking (278)
[2017.11.04-18.46.07:640][820]LogModuleManager: Shutting down and abandoning module AlembicImporter (276)
[2017.11.04-18.46.07:658][820]LogModuleManager: Shutting down and abandoning module AlembicLibrary (275)
[2017.11.04-18.46.07:658][820]LogModuleManager: Shutting down and abandoning module GeometryCache (274)
[2017.11.04-18.46.07:659][820]LogModuleManager: Shutting down and abandoning module GeometryCacheEd (273)
[2017.11.04-18.46.07:659][820]LogModuleManager: Shutting down and abandoning module SuperSearchEditor (268)
[2017.11.04-18.46.07:659][820]LogModuleManager: Shutting down and abandoning module SuperSearch (267)
[2017.11.04-18.46.07:659][820]LogModuleManager: Shutting down and abandoning module SpeedTreeImporter (264)
[2017.11.04-18.46.07:659][820]LogModuleManager: Shutting down and abandoning module PluginBrowser (262)
[2017.11.04-18.46.07:700][820]LogModuleManager: Shutting down and abandoning module MobileLauncherProfileWizard (260)
[2017.11.04-18.46.07:717][820]LogModuleManager: Shutting down and abandoning module EpicSurvey (258)
[2017.11.04-18.46.07:717][820]LogModuleManager: Shutting down and abandoning module VisualStudioSourceCodeAccess (256)
[2017.11.04-18.46.07:718][820]LogModuleManager: Shutting down and abandoning module DesktopPlatform (255)
[2017.11.04-18.46.07:718][820]LogModuleManager: Shutting down and abandoning module UObjectPlugin (252)
[2017.11.04-18.46.07:718][820]LogModuleManager: Shutting down and abandoning module SubversionSourceControl (250)
[2017.11.04-18.46.07:730][820]LogModuleManager: Shutting down and abandoning module PerforceSourceControl (248)
[2017.11.04-18.46.07:746][820]LogModuleManager: Shutting down and abandoning module GitSourceControl (246)
[2017.11.04-18.46.07:757][820]LogModuleManager: Shutting down and abandoning module SourceControl (245)
[2017.11.04-18.46.07:769][820]LogModuleManager: Shutting down and abandoning module LightPropagationVolumeEditor (242)
[2017.11.04-18.46.07:769][820]LogModuleManager: Shutting down and abandoning module PaperTiledImporter (240)
[2017.11.04-18.46.07:769][820]LogModuleManager: Shutting down and abandoning module PaperSpriteSheetImporter (238)
[2017.11.04-18.46.07:769][820]LogModuleManager: Shutting down and abandoning module Paper2DEditor (236)
[2017.11.04-18.46.07:790][820]LogModuleManager: Shutting down and abandoning module MeshPaint (235)
[2017.11.04-18.46.07:807][820]LogModuleManager: Shutting down and abandoning module LevelEditor (233)
[2017.11.04-18.46.07:828][820]LogModuleManager: Shutting down and abandoning module PixelInspectorModule (232)
[2017.11.04-18.46.07:845][820]LogModuleManager: Shutting down and abandoning module MainFrame (230)
[2017.11.04-18.46.07:846][820]LogModuleManager: Shutting down and abandoning module HotReload (229)
[2017.11.04-18.46.07:856][820]LogModuleManager: Shutting down and abandoning module ContentBrowser (225)
[2017.11.04-18.46.07:857][820]LogModuleManager: Shutting down and abandoning module PhysXVehiclesEditor (222)
[2017.11.04-18.46.07:869][820]LogModuleManager: Shutting down and abandoning module PhysXVehicles (220)
[2017.11.04-18.46.07:869][820]LogModuleManager: Shutting down and abandoning module LocationServicesBPLibrary (218)
[2017.11.04-18.46.07:869][820]LogModuleManager: Shutting down and abandoning module UdpMessaging (216)
[2017.11.04-18.46.07:969][820]LogModuleManager: Shutting down and abandoning module TcpMessaging (214)
[2017.11.04-18.46.08:078][820]LogModuleManager: Shutting down and abandoning module GameplayTagsEditor (212)
[2017.11.04-18.46.08:092][820]LogModuleManager: Shutting down and abandoning module FacialAnimationEditor (210)
[2017.11.04-18.46.08:108][820]LogModuleManager: Shutting down and abandoning module FacialAnimation (208)
[2017.11.04-18.46.08:108][820]LogModuleManager: Shutting down and abandoning module LightPropagationVolumeRuntime (206)
[2017.11.04-18.46.08:108][820]LogModuleManager: Shutting down and abandoning module Paper2D (204)
[2017.11.04-18.46.08:125][820]LogModuleManager: Shutting down and abandoning module WindowsMoviePlayer (202)
[2017.11.04-18.46.08:125][820]LogModuleManager: Shutting down and abandoning module WmfMedia (200)
[2017.11.04-18.46.08:127][820]LogModuleManager: Shutting down and abandoning module MfMedia (198)
[2017.11.04-18.46.08:127][820]LogModuleManager: Shutting down and abandoning module MediaAssets (196)
[2017.11.04-18.46.08:127][820]LogModuleManager: Shutting down and abandoning module GameLiveStreaming (194)
[2017.11.04-18.46.08:147][820]LogModuleManager: Shutting down and abandoning module VREditor (192)
[2017.11.04-18.46.08:147][820]LogModuleManager: Shutting down and abandoning module GameplayTasksEditor (190)
[2017.11.04-18.46.08:147][820]LogModuleManager: Shutting down and abandoning module BehaviorTreeEditor (188)
[2017.11.04-18.46.08:184][820]LogModuleManager: Shutting down and abandoning module FunctionalTesting (186)
[2017.11.04-18.46.08:186][820]LogModuleManager: Shutting down and abandoning module CollisionAnalyzer (184)
[2017.11.04-18.46.08:202][820]LogModuleManager: Shutting down and abandoning module UMG (182)
[2017.11.04-18.46.08:202][820]LogModuleManager: Shutting down and abandoning module UMGEditor (181)
[2017.11.04-18.46.08:202][820]LogModuleManager: Shutting down and abandoning module Sequencer (180)
[2017.11.04-18.46.08:202][820]LogModuleManager: Shutting down and abandoning module AssetTools (178)
[2017.11.04-18.46.08:236][820]LogModuleManager: Shutting down and abandoning module MessageLog (177)
[2017.11.04-18.46.08:236][820]LogModuleManager: Shutting down and abandoning module WorkspaceMenuStructure (176)
[2017.11.04-18.46.08:237][820]LogModuleManager: Shutting down and abandoning module SlateReflector (170)
[2017.11.04-18.46.08:279][820]LogModuleManager: Shutting down and abandoning module Slate (168)
[2017.11.04-18.46.08:279][820]LogModuleManager: Shutting down and abandoning module EditorStyle (166)
[2017.11.04-18.46.08:282][820]LogModuleManager: Shutting down and abandoning module SourceCodeAccess (164)
[2017.11.04-18.46.08:298][820]LogModuleManager: Shutting down and abandoning module HeadMountedDisplay (162)
[2017.11.04-18.46.08:298][820]LogModuleManager: Shutting down and abandoning module XAudio2 (160)
[2017.11.04-18.46.08:298][820]LogModuleManager: Shutting down and abandoning module Networking (158)
[2017.11.04-18.46.08:298][820]LogModuleManager: Shutting down and abandoning module Core (154)
[2017.11.04-18.46.08:298][820]LogModuleManager: Shutting down and abandoning module AssetRegistry (152)
[2017.11.04-18.46.08:529][820]LogDirectoryWatcher: A directory notification for '../../../Engine/Content/' was aborted.
[2017.11.04-18.46.08:529][820]LogDirectoryWatcher: A directory notification for '../../../../../../P - programist/UE4/Timekill/TimeKill/Content/' was aborted.
[2017.11.04-18.46.08:529][820]LogDirectoryWatcher: A directory notification for '../../../Engine/Plugins/2D/Paper2D/Content/' was aborted.
[2017.11.04-18.46.08:543][820]LogModuleManager: Shutting down and abandoning module DirectoryWatcher (151)
[2017.11.04-18.46.08:544][820]LogModuleManager: Shutting down and abandoning module KismetCompiler (148)
[2017.11.04-18.46.08:544][820]LogModuleManager: Shutting down and abandoning module PhysXFormats (146)
[2017.11.04-18.46.08:544][820]LogModuleManager: Shutting down and abandoning module MeshUtilities (144)
[2017.11.04-18.46.08:555][820]LogModuleManager: Shutting down and abandoning module SimplygonSwarm (143)
[2017.11.04-18.46.08:564][820]LogModuleManager: Shutting down and abandoning module SimplygonMeshReduction (141)
[2017.11.04-18.46.08:564][820]LogModuleManager: Shutting down and abandoning module QuadricMeshReduction (139)
[2017.11.04-18.46.08:564][820]LogModuleManager: Shutting down and abandoning module PropertyEditor (137)
[2017.11.04-18.46.08:582][820]LogModuleManager: Shutting down and abandoning module DerivedDataCache (134)
[2017.11.04-18.46.08:672][820]LogDerivedDataCache: Shutdown
[2017.11.04-18.46.08:672][820]LogModuleManager: Shutting down and abandoning module TargetPlatform (132)
[2017.11.04-18.46.08:672][820]LogModuleManager: Shutting down and abandoning module VulkanShaderFormat (131)
[2017.11.04-18.46.08:688][820]LogModuleManager: Shutting down and abandoning module ShaderFormatOpenGL (129)
[2017.11.04-18.46.08:695][820]LogModuleManager: Shutting down and abandoning module ShaderFormatD3D (127)
[2017.11.04-18.46.08:695][820]LogModuleManager: Shutting down and abandoning module MetalShaderFormat (125)
[2017.11.04-18.46.08:710][820]LogModuleManager: Shutting down and abandoning module TextureFormatUncompressed (123)
[2017.11.04-18.46.08:710][820]LogModuleManager: Shutting down and abandoning module TextureFormatPVR (121)
[2017.11.04-18.46.08:710][820]LogModuleManager: Shutting down and abandoning module TextureFormatDXT (119)
[2017.11.04-18.46.08:710][820]LogModuleManager: Shutting down and abandoning module TextureFormatIntelISPCTexComp (117)
[2017.11.04-18.46.08:712][820]LogModuleManager: Shutting down and abandoning module TextureFormatASTC (115)
[2017.11.04-18.46.08:712][820]LogModuleManager: Shutting down and abandoning module ImageWrapper (114)
[2017.11.04-18.46.08:712][820]LogModuleManager: Shutting down and abandoning module TextureFormatAndroid (111)
[2017.11.04-18.46.08:712][820]LogModuleManager: Shutting down and abandoning module AudioFormatOpus (109)
[2017.11.04-18.46.08:721][820]LogModuleManager: Shutting down and abandoning module AudioFormatOgg (107)
[2017.11.04-18.46.08:721][820]LogModuleManager: Shutting down and abandoning module AudioFormatADPCM (105)
[2017.11.04-18.46.08:721][820]LogModuleManager: Shutting down and abandoning module LinuxTargetPlatform (103)
[2017.11.04-18.46.08:721][820]LogModuleManager: Shutting down and abandoning module LinuxServerTargetPlatform (101)
[2017.11.04-18.46.08:721][820]LogModuleManager: Shutting down and abandoning module LinuxNoEditorTargetPlatform (99)
[2017.11.04-18.46.08:721][820]LogModuleManager: Shutting down and abandoning module LinuxClientTargetPlatform (97)
[2017.11.04-18.46.08:721][820]LogModuleManager: Shutting down and abandoning module TVOSTargetPlatform (95)
[2017.11.04-18.46.08:721][820]LogModuleManager: Shutting down and abandoning module Messaging (93)
[2017.11.04-18.46.08:721][820]LogModuleManager: Shutting down and abandoning module IOSTargetPlatform (91)
[2017.11.04-18.46.08:721][820]LogModuleManager: Shutting down and abandoning module HTML5TargetPlatform (89)
[2017.11.04-18.46.08:721][820]LogModuleManager: Shutting down and abandoning module Android_PVRTCTargetPlatform (87)
[2017.11.04-18.46.08:721][820]LogModuleManager: Shutting down and abandoning module Android_MultiTargetPlatform (85)
[2017.11.04-18.46.08:721][820]LogModuleManager: Shutting down and abandoning module Android_ETC2TargetPlatform (83)
[2017.11.04-18.46.08:721][820]LogModuleManager: Shutting down and abandoning module Android_ETC1TargetPlatform (81)
[2017.11.04-18.46.08:721][820]LogModuleManager: Shutting down and abandoning module Android_DXTTargetPlatform (79)
[2017.11.04-18.46.08:721][820]LogModuleManager: Shutting down and abandoning module Android_ATCTargetPlatform (77)
[2017.11.04-18.46.08:721][820]LogModuleManager: Shutting down and abandoning module Android_ASTCTargetPlatform (75)
[2017.11.04-18.46.08:721][820]LogModuleManager: Shutting down and abandoning module AndroidTargetPlatform (73)
[2017.11.04-18.46.08:721][820]LogModuleManager: Shutting down and abandoning module WindowsTargetPlatform (71)
[2017.11.04-18.46.08:721][820]LogModuleManager: Shutting down and abandoning module WindowsServerTargetPlatform (69)
[2017.11.04-18.46.08:721][820]LogModuleManager: Shutting down and abandoning module WindowsNoEditorTargetPlatform (67)
[2017.11.04-18.46.08:721][820]LogModuleManager: Shutting down and abandoning module WindowsClientTargetPlatform (65)
[2017.11.04-18.46.08:721][820]LogModuleManager: Shutting down and abandoning module MacTargetPlatform (63)
[2017.11.04-18.46.08:721][820]LogModuleManager: Shutting down and abandoning module MacServerTargetPlatform (61)
[2017.11.04-18.46.08:721][820]LogModuleManager: Shutting down and abandoning module MacNoEditorTargetPlatform (59)
[2017.11.04-18.46.08:721][820]LogModuleManager: Shutting down and abandoning module MacClientTargetPlatform (57)
[2017.11.04-18.46.08:721][820]LogModuleManager: Shutting down and abandoning module AllDesktopTargetPlatform (55)
[2017.11.04-18.46.08:721][820]LogModuleManager: Shutting down and abandoning module InputCore (52)
[2017.11.04-18.46.08:721][820]LogModuleManager: Shutting down and abandoning module Settings (50)
[2017.11.04-18.46.08:721][820]LogModuleManager: Shutting down and abandoning module OculusRift (48)
[2017.11.04-18.46.08:741][820]LogModuleManager: Shutting down and abandoning module GearVR (46)
[2017.11.04-18.46.08:741][820]LogModuleManager: Shutting down and abandoning module ExampleDeviceProfileSelector (44)
[2017.11.04-18.46.08:741][820]LogModuleManager: Shutting down and abandoning module OnlineBlueprintSupport (42)
[2017.11.04-18.46.08:741][820]LogModuleManager: Shutting down and abandoning module OnlineSubsystem (38)
[2017.11.04-18.46.08:741][820]LogOnline:Display: Unloading online subsystem: NULL
[2017.11.04-18.46.08:758][820]LogModuleManager: Shutting down and abandoning module XMPP (37)
[2017.11.04-18.46.08:771][820]LogModuleManager: Shutting down and abandoning module HTTP (35)
[2017.11.04-18.46.08:785][820]LogHttp:Display: Http module shutting down, but needs to wait on 1 outstanding Http requests:
[2017.11.04-18.46.08:785][820]LogHttp:Display: 	verb=[POST] url=[https://datarouter.ol.epicgames.com/datarouter/api/v1/public/data?SessionID=%7B08F4C851-48A8-786B-9970-25B7EE56C3DC%7D&AppID=UEEditor.Rocket.Release&AppVersion=4.15.3-3450819%2B%2B%2BUE4%2BRelease-4.15&UserID=203cd22846209b4f8b77d28ccf32e6ff%7C89273462bd32443db345d53368ac8829%7Cb72b80ad-e83e-444b-86be-783fb756f975&AppEnvironment=datacollector-binary&UploadType=eteventstream] status=Processing
[2017.11.04-18.46.08:797][820]LogModuleManager: Shutting down and abandoning module SSL (34)
[2017.11.04-18.46.08:805][820]LogModuleManager: Shutting down and abandoning module AudioEditor (30)
[2017.11.04-18.46.08:824][820]LogModuleManager: Shutting down and abandoning module TextureCompressor (28)
[2017.11.04-18.46.08:825][820]LogModuleManager: Shutting down and abandoning module ShaderCore (26)
[2017.11.04-18.46.08:825][820]LogModuleManager: Shutting down and abandoning module Landscape (24)
[2017.11.04-18.46.08:825][820]LogModuleManager: Shutting down and abandoning module SlateRHIRenderer (22)
[2017.11.04-18.46.08:841][820]LogModuleManager: Shutting down and abandoning module OpenGLDrv (20)
[2017.11.04-18.46.08:855][820]LogModuleManager: Shutting down and abandoning module D3D11RHI (18)
[2017.11.04-18.46.08:855][820]LogModuleManager: Shutting down and abandoning module AnimGraphRuntime (16)
[2017.11.04-18.46.08:880][820]LogModuleManager: Shutting down and abandoning module Renderer (14)
[2017.11.04-18.46.08:881][820]LogModuleManager: Shutting down and abandoning module Engine (12)
[2017.11.04-18.46.08:881][820]LogModuleManager: Shutting down and abandoning module CoreUObject (10)
[2017.11.04-18.46.08:881][820]LogModuleManager: Shutting down and abandoning module NetworkFile (8)
[2017.11.04-18.46.08:881][820]LogModuleManager: Shutting down and abandoning module StreamingFile (6)
[2017.11.04-18.46.08:881][820]LogModuleManager: Shutting down and abandoning module SandboxFile (4)
[2017.11.04-18.46.08:881][820]LogModuleManager: Shutting down and abandoning module PakFile (2)
[2017.11.04-18.46.08:901][820]LogExit: Exiting.
[2017.11.04-18.46.08:903][820]Log file closed, 11/04/17 21:46:08
