Log file open, 10/14/17 15:08:29
LogInit:Display: Running engine for game: TimeKill
LogPlatformFile: Not using cached read wrapper
LogInit:Display: RandInit(-1395021768) SRandInit(-1395021768).
LogTaskGraph: Started task graph with 5 named threads and 8 total threads with 1 sets of task threads.
LogStats: Stats thread started at 3.231472
LogInit: Using libcurl 7.47.1
LogInit:  - built for x86_64-pc-win32
LogInit:  - supports SSL with OpenSSL/1.0.2g
LogInit:  - supports HTTP deflate (compression) using libz 1.2.8
LogInit:  - other features:
LogInit:      CURL_VERSION_SSL
LogInit:      CURL_VERSION_LIBZ
LogInit:      CURL_VERSION_IPV6
LogInit:      CURL_VERSION_ASYNCHDNS
LogInit:      CURL_VERSION_LARGEFILE
LogInit:      CURL_VERSION_IDN
LogInit:  CurlRequestOptions (configurable via config and command line):
LogInit:  - bVerifyPeer = false  - Libcurl will NOT verify peer certificate
LogInit:  - bUseHttpProxy = false  - Libcurl will NOT use HTTP proxy
LogInit:  - bDontReuseConnections = false  - Libcurl will reuse connections
LogInit:  - CertBundlePath = nullptr  - Libcurl will use whatever was configured at build time.
LogInit: Build: ++UE4+Release-4.15-CL-3450819
LogInit: Engine Version: 4.15.3-3450819+++UE4+Release-4.15
LogInit: Compatible Engine Version: 4.15.0-3299760+++UE4+Release-4.15
LogInit: Net CL: 3299760
LogDevObjectVersion: Number of dev versions registered: 14
LogDevObjectVersion:   Dev-Blueprints (B0D832E4-1F89-4F0D-ACCF-7EB736FD4AA2): 8
LogDevObjectVersion:   Dev-Build (E1C64328-A22C-4D53-A36C-8E866417BD8C): 0
LogDevObjectVersion:   Dev-Core (375EC13C-06E4-48FB-B500-84F0262A717E): 2
LogDevObjectVersion:   Dev-Editor (E4B068ED-F494-42E9-A231-DA0B2E46BB41): 14
LogDevObjectVersion:   Dev-Framework (CFFC743F-43B0-4480-9391-14DF171D2073): 22
LogDevObjectVersion:   Dev-Mobile (B02B49B5-BB20-44E9-A304-32B752E40360): 0
LogDevObjectVersion:   Dev-Networking (A4E4105C-59A1-49B5-A7C5-40C4547EDFEE): 0
LogDevObjectVersion:   Dev-Online (39C831C9-5AE6-47DC-9A44-9C173E1C8E7C): 0
LogDevObjectVersion:   Dev-Physics (78F01B33-EBEA-4F98-B9B4-84EACCB95AA2): 0
LogDevObjectVersion:   Dev-Platform (6631380F-2D4D-43E0-8009-CF276956A95A): 0
LogDevObjectVersion:   Dev-Rendering (12F88B9F-8875-4AFC-A67C-D90C383ABD29): 12
LogDevObjectVersion:   Dev-Sequencer (7B5AE74C-D270-4C10-A958-57980B212A5A): 3
LogDevObjectVersion:   Dev-VR (D7296918-1DD6-4BDD-9DE2-64A83CC13884): 0
LogDevObjectVersion:   Dev-LoadTimes (C2A15278-BFE7-4AFE-6C17-90FF531DF755): 1
LogInit: Compiled (64-bit): May 21 2017 11:02:34
LogInit: Compiled with Visual C++: 19.00.23026.00
LogInit: Build Configuration: Development
LogInit: Branch Name: ++UE4+Release-4.15
LogInit: Command line:  
LogInit: Base directory: D:/Program Files/Epic Games/UE_4.15/Engine/Binaries/Win64/
LogInit: Installed Engine Build: 1
LogInit: Presizing for max 8388607 objects, including 0 objects not considered by GC, pre-allocating 0 bytes for permanent pool.
LogInit: Object subsystem initialized
[2017.10.14-12.08.30:885][  0]LogInit: Selected Device Profile: [Windows]
[2017.10.14-12.08.30:885][  0]LogInit: Applying CVar settings loaded from the selected device profile: [Windows]
[2017.10.14-12.08.31:035][  0]LogInit: Computer: DESKTOP-S9EOI2C
[2017.10.14-12.08.31:035][  0]LogInit: User: IzPOD
[2017.10.14-12.08.31:035][  0]LogInit: CPU Page size=65536, Cores=4
[2017.10.14-12.08.31:035][  0]LogInit: High frequency timer resolution =3.312789 MHz
[2017.10.14-12.08.31:035][  0]LogMemory: Memory total: Physical=7.9GB (8GB approx)
[2017.10.14-12.08.31:035][  0]LogMemory: Platform Memory Stats for Windows
[2017.10.14-12.08.31:035][  0]LogMemory: Process Physical Memory: 264.13 MB used, 264.13 MB peak
[2017.10.14-12.08.31:035][  0]LogMemory: Process Virtual Memory: 262.16 MB used, 262.16 MB peak
[2017.10.14-12.08.31:035][  0]LogMemory: Physical Memory: 4414.51 MB used,  3710.29 MB free, 8124.80 MB total
[2017.10.14-12.08.31:035][  0]LogMemory: Virtual Memory: 644.52 MB used,  3710.29 MB free, 134217728.00 MB total
[2017.10.14-12.08.32:221][  0]LogTextLocalizationManager: No translations for ('ru-RU') exist, falling back to 'en' for localization and internationalization data.
[2017.10.14-12.08.36:623][  0]LogD3D11RHI: D3D11 adapters:
[2017.10.14-12.08.37:184][  0]LogD3D11RHI:    0. 'NVIDIA GeForce GTX 670' (Feature Level 11_0)
[2017.10.14-12.08.37:184][  0]LogD3D11RHI:       2017/0/4062 MB DedicatedVideo/DedicatedSystem/SharedSystem, Outputs:2, VendorId:0x10de
[2017.10.14-12.08.37:186][  0]LogD3D11RHI:    1. 'Microsoft Basic Render Driver' (Feature Level 11_0)
[2017.10.14-12.08.37:186][  0]LogD3D11RHI:       0/0/4062 MB DedicatedVideo/DedicatedSystem/SharedSystem, Outputs:0, VendorId:0x1414
[2017.10.14-12.08.37:186][  0]LogD3D11RHI: Chosen D3D11 Adapter: 0
[2017.10.14-12.08.37:208][  0]LogD3D11RHI: Creating new Direct3DDevice
[2017.10.14-12.08.37:208][  0]LogD3D11RHI:     GPU DeviceId: 0x1189 (for the marketing name, search the web for "GPU Device Id")
[2017.10.14-12.08.37:208][  0]LogWindows: EnumDisplayDevices:
[2017.10.14-12.08.37:208][  0]LogWindows:    0. 'NVIDIA GeForce GTX 670' (P:1 D:1)
[2017.10.14-12.08.37:209][  0]LogWindows:    1. 'NVIDIA GeForce GTX 670' (P:0 D:1)
[2017.10.14-12.08.37:209][  0]LogWindows:    2. 'NVIDIA GeForce GTX 670' (P:0 D:0)
[2017.10.14-12.08.37:209][  0]LogWindows:    3. 'NVIDIA GeForce GTX 670' (P:0 D:0)
[2017.10.14-12.08.37:209][  0]LogWindows: DebugString: FoundDriverCount:4 
[2017.10.14-12.08.37:209][  0]LogD3D11RHI:     Adapter Name: NVIDIA GeForce GTX 670
[2017.10.14-12.08.37:209][  0]LogD3D11RHI:   Driver Version: 384.94 (internal:22.21.13.8494, unified:384.94)
[2017.10.14-12.08.37:209][  0]LogD3D11RHI:      Driver Date: 7-18-2017
[2017.10.14-12.08.37:209][  0]LogRHI: Texture pool is 1361 MB (70% of 1945 MB)
[2017.10.14-12.08.37:736][  0]LogD3D11RHI:Warning: Timestamp queries are currently disabled on this hardware due to instability. Realtime GPU stats will not be available. You can override this behaviour by setting r.NVIDIATimestampWorkaround to 0
[2017.10.14-12.08.37:746][  0]LogD3D11RHI: Async texture creation enabled
[2017.10.14-12.08.38:057][  0]LogD3D11RHI: GPU Timing Frequency: 1000.000000 (Debug: 2 2)
[2017.10.14-12.08.38:140][  0]LogShaderCompilers: Guid format shader working directory is -9 characters bigger than the processId version (../../../../../../P - programist/UE4/Timekill/TimeKill/Intermediate/Shaders/WorkingDirectory/13924/).
[2017.10.14-12.08.38:140][  0]LogShaderCompilers: Cleaned the shader compiler working directory 'C:/Users/IzPOD/AppData/Local/Temp/UnrealShaderWorkingDir/4ABB2D79410EA10B895257A46D7BB033/'.
[2017.10.14-12.08.38:140][  0]LogShaderCompilers:Display: Using Local Shader Compiler.
[2017.10.14-12.08.42:160][  0]LogTemp:Display: Loaded TP AllDesktopTargetPlatform
[2017.10.14-12.08.42:211][  0]LogTemp:Display: Loaded TP MacClientTargetPlatform
[2017.10.14-12.08.42:264][  0]LogTemp:Display: Loaded TP MacNoEditorTargetPlatform
[2017.10.14-12.08.42:318][  0]LogTemp:Display: Loaded TP MacServerTargetPlatform
[2017.10.14-12.08.42:392][  0]LogTemp:Display: Loaded TP MacTargetPlatform
[2017.10.14-12.08.42:444][  0]LogTemp:Display: Loaded TP WindowsClientTargetPlatform
[2017.10.14-12.08.42:497][  0]LogTemp:Display: Loaded TP WindowsNoEditorTargetPlatform
[2017.10.14-12.08.42:549][  0]LogTemp:Display: Loaded TP WindowsServerTargetPlatform
[2017.10.14-12.08.42:592][  0]LogTemp:Display: Loaded TP WindowsTargetPlatform
[2017.10.14-12.08.42:650][  0]LogTemp:Display: Loaded TP AndroidTargetPlatform
[2017.10.14-12.08.42:701][  0]LogTemp:Display: Loaded TP Android_ASTCTargetPlatform
[2017.10.14-12.08.42:752][  0]LogTemp:Display: Loaded TP Android_ATCTargetPlatform
[2017.10.14-12.08.42:803][  0]LogTemp:Display: Loaded TP Android_DXTTargetPlatform
[2017.10.14-12.08.42:853][  0]LogTemp:Display: Loaded TP Android_ETC1TargetPlatform
[2017.10.14-12.08.42:905][  0]LogTemp:Display: Loaded TP Android_ETC2TargetPlatform
[2017.10.14-12.08.43:008][  0]LogTemp:Display: Loaded TP Android_MultiTargetPlatform
[2017.10.14-12.08.43:008][  0]LogTemp:Display: Loaded TP Android_PVRTCTargetPlatform
[2017.10.14-12.08.43:042][  0]LogTemp:Display: Loaded TP HTML5TargetPlatform
[2017.10.14-12.08.43:192][  0]LogTemp:Display: Loaded TP IOSTargetPlatform
[2017.10.14-12.08.43:227][  0]LogTemp:Display: Loaded TP TVOSTargetPlatform
[2017.10.14-12.08.43:276][  0]LogTemp:Display: Loaded TP LinuxClientTargetPlatform
[2017.10.14-12.08.43:328][  0]LogTemp:Display: Loaded TP LinuxNoEditorTargetPlatform
[2017.10.14-12.08.43:380][  0]LogTemp:Display: Loaded TP LinuxServerTargetPlatform
[2017.10.14-12.08.43:446][  0]LogTemp:Display: Loaded TP LinuxTargetPlatform
[2017.10.14-12.08.43:446][  0]LogTargetPlatformManager:Display: Building Assets For Windows
[2017.10.14-12.08.44:577][  0]LogDerivedDataCache:Display: Max Cache Size: 512 MB
[2017.10.14-12.08.44:852][  0]LogDerivedDataCache: Loaded boot cache 0.27s 50MB C:/Users/IzPOD/AppData/Local/UnrealEngine/4.15/DerivedDataCache/Boot.ddc.
[2017.10.14-12.08.44:853][  0]LogDerivedDataCache:Display: Loaded Boot cache: C:/Users/IzPOD/AppData/Local/UnrealEngine/4.15/DerivedDataCache/Boot.ddc
[2017.10.14-12.08.44:853][  0]LogDerivedDataCache: FDerivedDataBackendGraph:  Pak pak cache file ../../../../../../P - programist/UE4/Timekill/TimeKill/DerivedDataCache/DDC.ddp not found, will not use a pak cache.
[2017.10.14-12.08.44:853][  0]LogDerivedDataCache: Unable to find inner node Pak for hierarchical cache Hierarchy.
[2017.10.14-12.08.44:853][  0]LogDerivedDataCache: FDerivedDataBackendGraph:  CompressedPak pak cache file ../../../../../../P - programist/UE4/Timekill/TimeKill/DerivedDataCache/Compressed.ddp not found, will not use a pak cache.
[2017.10.14-12.08.44:853][  0]LogDerivedDataCache: Unable to find inner node CompressedPak for hierarchical cache Hierarchy.
[2017.10.14-12.08.44:923][  0]LogDerivedDataCache:Display: Pak cache opened for reading ../../../Engine/DerivedDataCache/Compressed.ddp.
[2017.10.14-12.08.44:937][  0]LogDerivedDataCache: Using Local data cache path C:/Users/IzPOD/AppData/Local/UnrealEngine/Common/DerivedDataCache: Writable
[2017.10.14-12.08.45:131][  0]LogSlate: Using Freetype 2.6.0
[2017.10.14-12.08.45:424][  0]LogSlate: SlateFontCache - WITH_FREETYPE: 1, WITH_HARFBUZZ: 1
[2017.10.14-12.08.45:424][  0]LogSlate: SlateFontCache - WITH_FREETYPE: 1, WITH_HARFBUZZ: 1
[2017.10.14-12.08.57:874][  0]LogInit: Selected Device Profile: [Windows]
[2017.10.14-12.08.57:927][  0]LogContentStreaming: Texture pool size is 0.00 MB
[2017.10.14-12.08.58:634][  0]LogMeshUtilities: Using QuadricMeshReduction for automatic static mesh reduction
[2017.10.14-12.08.58:720][  0]LogSimplygon: Simplygon DLL not present - disabling.
[2017.10.14-12.08.58:792][  0]LogMeshUtilities: Using SimplygonSwarm for distributed automatic mesh merging
[2017.10.14-12.08.58:792][  0]LogMeshUtilities: No automatic skeletal mesh reduction module available
[2017.10.14-12.08.58:792][  0]LogMeshUtilities: No automatic mesh merging module available
[2017.10.14-12.09.05:028][  0]LogNetVersion: GetLocalNetworkVersion: CL: 3299760, ProjectName: timekill, ProjectVersion: , EngineNetworkVersion: 2, GameNetworkVersion: 0, NetworkChecksum: 844999791
[2017.10.14-12.09.05:241][  0]LogAssetRegistry: FAssetRegistry took 0.0349 seconds to start up
[2017.10.14-12.09.05:483][  0]LogPackageLocalizationCache: Processed 3 localized package path(s) for 1 prioritized culture(s) in 0.145975 seconds
[2017.10.14-12.09.05:534][  0]LogUObjectArray: 32493 objects as part of root set at end of initial load.
[2017.10.14-12.09.05:534][  0]LogUObjectAllocator: 7077024 out of 0 bytes used by permanent object pool.
[2017.10.14-12.09.05:534][  0]LogUObjectArray: CloseDisregardForGC: 0/0 objects in disregard for GC pool
[2017.10.14-12.09.05:628][  0]LogInit: WinSock: version 1.1 (2.2), MaxSocks=32767, MaxUdp=65467
[2017.10.14-12.09.14:031][  0]LogTcpMessaging: Initializing TcpMessaging bridge
[2017.10.14-12.09.14:085][  0]LogUdpMessaging: Initializing bridge on interface 0.0.0.0:0 to multicast group 230.0.0.1:6666.
[2017.10.14-12.09.15:563][  0]LogMaterial: Uniform references updated for custom material expression Custom.
[2017.10.14-12.09.16:497][  0]SourceControl: Info Source control is disabled
[2017.10.14-12.09.16:505][  0]SourceControl: Info Source control is disabled
[2017.10.14-12.09.16:631][  0]SourceControl: Info Source control is disabled
[2017.10.14-12.09.16:741][  0]SourceControl: Info Source control is disabled
[2017.10.14-12.09.17:547][  0]LogLinker:Warning: Can't find file '/Game/PuzzleBP/Tutorial/Part1-Overview'
[2017.10.14-12.09.17:555][  0]LogLinker:Warning: Can't find file '/Game/PuzzleBP/Tutorial/Part1-Overview'
[2017.10.14-12.09.17:555][  0]LogUObjectGlobals:Warning: Failed to find object 'Class /Game/PuzzleBP/Tutorial/Part1-Overview.Part1-Overview_C'
[2017.10.14-12.09.17:555][  0]LogLinker:Warning: Can't find file '/Game/PuzzleBP/Tutorial/Part2-BlockBlueprint'
[2017.10.14-12.09.17:555][  0]LogLinker:Warning: Can't find file '/Game/PuzzleBP/Tutorial/Part2-BlockBlueprint'
[2017.10.14-12.09.17:555][  0]LogUObjectGlobals:Warning: Failed to find object 'Class /Game/PuzzleBP/Tutorial/Part2-BlockBlueprint.Part2-BlockBlueprint_C'
[2017.10.14-12.09.19:591][  0]LogEngine: Initializing Engine...
[2017.10.14-12.09.19:613][  0]LogHMD: Failed to initialize OpenVR with code 110
[2017.10.14-12.09.20:177][  0]LogStats: UGameplayTagsManager::ConstructGameplayTagTree: Construct from data asset -  0.000 s
[2017.10.14-12.09.20:180][  0]LogStats: UGameplayTagsManager::ConstructGameplayTagTree: GameplayTagTreeChangedEvent.Broadcast -  0.000 s
[2017.10.14-12.09.20:911][  0]LogAIModule: Creating AISystem for world Untitled
[2017.10.14-12.09.21:235][  0]LogInit: XAudio2 using 'Динамики (Logitech G430 Gaming Headset)' : 8 channels at 48 kHz using 16 bits per sample (channel mask 0x63f)
[2017.10.14-12.09.21:259][  0]LogInit: FAudioDevice initialized.
[2017.10.14-12.09.21:285][  0]LogDerivedDataCache: Saved boot cache 0.03s 50MB C:/Users/IzPOD/AppData/Local/UnrealEngine/4.15/DerivedDataCache/Boot.ddc.
[2017.10.14-12.09.21:295][  0]LogInit: Texture streaming: Enabled
[2017.10.14-12.09.21:532][  0]LogEngineSessionManager: EngineSessionManager initialized
[2017.10.14-12.09.21:875][  0]LogInit: Transaction tracking system initialized
[2017.10.14-12.09.22:543][  0]BlueprintLog: New page: Editor Load
[2017.10.14-12.09.24:584][  0]LocalizationService: Info Localization service is disabled
[2017.10.14-12.09.25:956][  0]LogConsoleResponse:Display: 
[2017.10.14-12.09.28:549][  0]LogFileCache: Scanning file cache for directory 'D:/P - programist/UE4/Timekill/TimeKill/Content/' took 0.02s
[2017.10.14-12.09.28:549][  0]LogCook:Display: Max memory allowance for cook 16384mb min free memory 0mb
[2017.10.14-12.09.28:549][  0]LogCook:Display: Mobile HDR setting 0
[2017.10.14-12.09.30:834][  0]SourceControl: Info Source control is disabled
[2017.10.14-12.09.30:889][  0]Cmd: MAP LOAD FILE="../../../Engine/Content/Maps/Templates/Template_Default.umap" TEMPLATE=1 SHOWPROGRESS=1 FEATURELEVEL=3
[2017.10.14-12.09.30:924][  0]LightingResults: New page: Lighting Build
[2017.10.14-12.09.31:322][  0]MapCheck: New page: Map Check
[2017.10.14-12.09.31:322][  0]LightingResults: New page: Lighting Build
[2017.10.14-12.09.33:650][  0]LogAIModule: Creating AISystem for world Untitled_1
[2017.10.14-12.09.33:755][  0]LogActorComponent: RegisterComponentWithWorld: (/Temp/Untitled_1.Untitled_1:PersistentLevel.WorldSettings_1.StaticMeshComponent0) Trying to register component with IsPendingKill() == true. Aborting.
[2017.10.14-12.09.34:477][  0]LogEditorServer: Finished looking for orphan Actors (0.000 secs)
[2017.10.14-12.09.34:580][  0]Cmd: MAP CHECKDEP NOCLEARLOG
[2017.10.14-12.09.34:636][  0]MapCheck: Info Map check complete: 0 Error(s), 0 Warning(s), took 56.04ms to complete.
[2017.10.14-12.09.34:636][  0]LogFileHelpers: Loading map 'Template_Default' took 3.770
[2017.10.14-12.09.38:160][  0]LogCollectionManager: Loaded 0 collections in 0.001036 seconds
[2017.10.14-12.09.38:331][  0]LogFileCache: Scanning file cache for directory 'D:/P - programist/UE4/Timekill/TimeKill/Saved/Collections/' took 0.01s
[2017.10.14-12.09.38:331][  0]LogFileCache: Scanning file cache for directory 'D:/P - programist/UE4/Timekill/TimeKill/Content/Developers/IzPOD/Collections/' took 0.01s
[2017.10.14-12.09.38:331][  0]LogFileCache: Scanning file cache for directory 'D:/P - programist/UE4/Timekill/TimeKill/Content/Collections/' took 0.01s
[2017.10.14-12.09.38:331][  0]LogCollectionManager: Rebuilt the GUID cache for 0 collections in 0.000003 seconds
[2017.10.14-12.09.38:344][  0]LogContentBrowser: Native class hierarchy populated in 0.0111 seconds. Added 2246 classes and 455 folders.
[2017.10.14-12.09.38:532][  0]LogContentBrowser: Native class hierarchy updated for 'WidgetCarousel' in 0.0005 seconds. Added 0 classes and 0 folders.
[2017.10.14-12.09.39:396][  0]LogContentBrowser: Native class hierarchy updated for 'AddContentDialog' in 0.0005 seconds. Added 0 classes and 0 folders.
[2017.10.14-12.09.39:493][  0]LogCrashTracker: Crashtracker disabled due to settings.
[2017.10.14-12.09.39:806][  0]LogUObjectGlobals:Warning: Failed to find object 'Class None.'
[2017.10.14-12.09.39:975][  0]LogContentBrowser: Native class hierarchy updated for 'HierarchicalLODOutliner' in 0.0006 seconds. Added 1 classes and 2 folders.
[2017.10.14-12.09.39:975][  0]LogLoad: (Engine Initialization) Total time: 80.49 seconds
[2017.10.14-12.09.39:975][  0]LogLoad: (Engine Initialization) Total Blueprint compile time: 0.91 seconds
[2017.10.14-12.09.39:975][  0]LogExternalProfiler: No external profilers were discovered.  External profiling features will not be available.
[2017.10.14-12.09.40:380][  0]LogOcInput: OculusInput pre-init called
[2017.10.14-12.09.41:090][  0]LogContentStreaming: Texture pool size now 1000 MB
[2017.10.14-12.09.41:266][  0]LogSlate: Took 0.011677 seconds to synchronously load lazily loaded font '../../../Engine/Content/Slate/Fonts/Roboto-Regular.ttf' (155K)
[2017.10.14-12.09.41:351][  0]LogSlate: Took 0.014289 seconds to synchronously load lazily loaded font '../../../Engine/Content/Slate/Fonts/Roboto-Bold.ttf' (160K)
[2017.10.14-12.09.41:435][  0]LogSlate: Took 0.011808 seconds to synchronously load lazily loaded font '../../../Engine/Content/Editor/Slate/Fonts/FontAwesome.ttf' (139K)
[2017.10.14-12.09.42:647][  0]LogRenderer: Reallocating scene render targets to support 1068x924 NumSamples 1 (Frame:2).
[2017.10.14-12.09.43:136][  2]LogAssetRegistry: Asset discovery search completed in 37.9192 seconds
[2017.10.14-12.09.43:141][  2]LogCollectionManager: Rebuilt the object cache for 0 collections in 0.004426 seconds (found 0 objects)
[2017.10.14-12.09.43:141][  2]LogCollectionManager: Fixed up redirectors for 0 collections in 0.005060 seconds (updated 0 objects)
[2017.10.14-12.09.43:262][  2]LogSlate: Took 0.022881 seconds to synchronously load lazily loaded font '../../../Engine/Content/Slate/Fonts/Roboto-Light.ttf' (159K)
[2017.10.14-12.09.46:636][ 12]LogSlate: Took 0.000272 seconds to synchronously load lazily loaded font '../../../Engine/Content/Slate/Fonts/Roboto-Light.ttf' (159K)
[2017.10.14-12.10.35:756][943]LogTemp: Repeting last play command: New Editor Window (PIE)
[2017.10.14-12.10.35:800][943]LogPlayLevel: PlayLevel: No blueprints needed recompiling
[2017.10.14-12.10.35:876][943]PIE: New page: PIE session: Untitled_1 (Oct 14, 2017, 6:10:35 PM)
[2017.10.14-12.10.35:902][943]LogPlayLevel: Creating play world package: /Temp/UEDPIE_0_Untitled_1
[2017.10.14-12.10.35:978][943]LogPlayLevel: PIE: StaticDuplicateObject took: (0.076648s)
[2017.10.14-12.10.35:979][943]LogAIModule: Creating AISystem for world Untitled_1
[2017.10.14-12.10.36:001][943]LogPlayLevel: PIE: World Init took: (0.022484s)
[2017.10.14-12.10.36:013][943]LogPlayLevel: PIE: Created PIE world by copying editor world from /Temp/Untitled_1.Untitled_1 to /Temp/UEDPIE_0_Untitled_1.Untitled_1 (0.114567s)
[2017.10.14-12.10.36:121][943]LogInit: XAudio2 using 'Динамики (Logitech G430 Gaming Headset)' : 8 channels at 48 kHz using 16 bits per sample (channel mask 0x63f)
[2017.10.14-12.10.36:134][943]LogInit: FAudioDevice initialized.
[2017.10.14-12.10.36:361][943]LogLoad: Game class is 'GameModeBase'
[2017.10.14-12.10.36:510][943]LogWorld: Bringing World /Temp/UEDPIE_0_Untitled_1.Untitled_1 up for play (max tick rate 0) at 2017.10.14-15.10.36
[2017.10.14-12.10.36:530][943]LogWorld: Bringing up level for play took: 0.028877
[2017.10.14-12.10.36:757][943]LogContentBrowser: Native class hierarchy updated for 'MovieSceneCapture' in 0.0006 seconds. Added 11 classes and 0 folders.
[2017.10.14-12.10.36:837][943]PIE: Info Play in editor start time for /Temp/UEDPIE_0_Untitled_1 0.186
[2017.10.14-12.10.36:963][943]LogRenderer: Reallocating scene render targets to support 1068x996 NumSamples 1 (Frame:598).
[2017.10.14-12.11.02:404][429]LogSlate: Took 0.000175 seconds to synchronously load lazily loaded font '../../../Engine/Content/Slate/Fonts/Roboto-Light.ttf' (159K)
[2017.10.14-12.11.03:265][429]LogSlate: Took 0.000170 seconds to synchronously load lazily loaded font '../../../Engine/Content/Slate/Fonts/Roboto-Regular.ttf' (155K)
[2017.10.14-12.11.04:294][429]LogTexture:Display: Building textures: fon (BGRA8, 720X1280) - 81 MB total VRAM
[2017.10.14-12.11.04:526][429]LogAIModule: Creating AISystem for world GameLavel
[2017.10.14-12.11.04:804][429]Cmd: MAP LOAD FILE="../../../../../../P - programist/UE4/Timekill/TimeKill/Content/GameLavel.umap" TEMPLATE=0 SHOWPROGRESS=1 FEATURELEVEL=3
[2017.10.14-12.11.04:804][429]LightingResults: New page: Lighting Build
[2017.10.14-12.11.04:806][429]LoadErrors: New page: Loading map: GameLavel.umap
[2017.10.14-12.11.04:806][429]MapCheck: New page: Map Check
[2017.10.14-12.11.04:807][429]LightingResults: New page: Lighting Build
[2017.10.14-12.11.04:987][429]LogEditorServer: Finished looking for orphan Actors (0.000 secs)
[2017.10.14-12.11.05:046][429]Cmd: MAP CHECKDEP NOCLEARLOG
[2017.10.14-12.11.05:102][429]MapCheck: Info Map check complete: 0 Error(s), 0 Warning(s), took 56.36ms to complete.
[2017.10.14-12.11.05:103][429]LogFileHelpers: Loading map 'GameLavel' took 0.344
[2017.10.14-12.11.18:008][959]LogTemp: Repeting last play command: New Editor Window (PIE)
[2017.10.14-12.11.18:026][959]LogBlueprintUserMessages: Early PlayInEditor Detection: Level '/Game/GameLavel.GameLavel:PersistentLevel' has LevelScriptBlueprint '/Game/GameLavel.GameLavel:PersistentLevel.GameLavel' with GeneratedClass '/Game/GameLavel.GameLavel_C' with ClassGeneratedBy '/Game/GameLavel.GameLavel:PersistentLevel.GameLavel'
[2017.10.14-12.11.18:026][959]LogPlayLevel: PlayLevel: No blueprints needed recompiling
[2017.10.14-12.11.18:026][959]PIE: New page: PIE session: GameLavel (Oct 14, 2017, 6:11:18 PM)
[2017.10.14-12.11.18:026][959]LogPlayLevel: Creating play world package: /Game/UEDPIE_0_GameLavel
[2017.10.14-12.11.18:063][959]LogPlayLevel: PIE: StaticDuplicateObject took: (0.036121s)
[2017.10.14-12.11.18:063][959]LogAIModule: Creating AISystem for world GameLavel
[2017.10.14-12.11.18:064][959]LogPlayLevel: PIE: World Init took: (0.000675s)
[2017.10.14-12.11.18:064][959]LogPlayLevel: PIE: Created PIE world by copying editor world from /Game/GameLavel.GameLavel to /Game/UEDPIE_0_GameLavel.GameLavel (0.037001s)
[2017.10.14-12.11.18:074][959]LogInit: XAudio2 using 'Динамики (Logitech G430 Gaming Headset)' : 8 channels at 48 kHz using 16 bits per sample (channel mask 0x63f)
[2017.10.14-12.11.18:087][959]LogInit: FAudioDevice initialized.
[2017.10.14-12.11.18:147][959]LogLoad: Game class is 'Mouse_GameMode_C'
[2017.10.14-12.11.18:149][959]LogWorld: Bringing World /Game/UEDPIE_0_GameLavel.GameLavel up for play (max tick rate 0) at 2017.10.14-15.11.18
[2017.10.14-12.11.18:247][959]LogWorld: Bringing up level for play took: 0.098886
[2017.10.14-12.11.18:337][959]PIE: Info Play in editor start time for /Game/UEDPIE_0_GameLavel -0.314
[2017.10.14-12.11.18:338][959]LogBlueprintUserMessages: Late PlayInEditor Detection: Level '/Game/GameLavel.GameLavel:PersistentLevel' has LevelScriptBlueprint '/Game/GameLavel.GameLavel:PersistentLevel.GameLavel' with GeneratedClass '/Game/GameLavel.GameLavel_C' with ClassGeneratedBy '/Game/GameLavel.GameLavel:PersistentLevel.GameLavel'
[2017.10.14-12.11.47:137][390]LogBlueprintUserMessages: Early EndPlayMap Detection: Level '/Game/GameLavel.GameLavel:PersistentLevel' has LevelScriptBlueprint '/Game/GameLavel.GameLavel:PersistentLevel.GameLavel' with GeneratedClass '/Game/GameLavel.GameLavel_C' with ClassGeneratedBy '/Game/GameLavel.GameLavel:PersistentLevel.GameLavel'
[2017.10.14-12.11.47:195][390]LogBlueprintUserMessages: Late EndPlayMap Detection: Level '/Game/GameLavel.GameLavel:PersistentLevel' has LevelScriptBlueprint '/Game/GameLavel.GameLavel:PersistentLevel.GameLavel' with GeneratedClass '/Game/GameLavel.GameLavel_C' with ClassGeneratedBy '/Game/GameLavel.GameLavel:PersistentLevel.GameLavel'
[2017.10.14-12.32.28:902][381]LogTemp: Repeting last play command: New Editor Window (PIE)
[2017.10.14-12.32.28:922][381]LogBlueprintUserMessages: Early PlayInEditor Detection: Level '/Game/GameLavel.GameLavel:PersistentLevel' has LevelScriptBlueprint '/Game/GameLavel.GameLavel:PersistentLevel.GameLavel' with GeneratedClass '/Game/GameLavel.GameLavel_C' with ClassGeneratedBy '/Game/GameLavel.GameLavel:PersistentLevel.GameLavel'
[2017.10.14-12.32.28:922][381]LogPlayLevel: PlayLevel: No blueprints needed recompiling
[2017.10.14-12.32.28:922][381]PIE: New page: PIE session: GameLavel (Oct 14, 2017, 6:32:28 PM)
[2017.10.14-12.32.28:922][381]LogPlayLevel: Creating play world package: /Game/UEDPIE_0_GameLavel
[2017.10.14-12.32.28:926][381]LogPlayLevel: PIE: StaticDuplicateObject took: (0.003443s)
[2017.10.14-12.32.28:927][381]LogAIModule: Creating AISystem for world GameLavel
[2017.10.14-12.32.28:927][381]LogPlayLevel: PIE: World Init took: (0.000955s)
[2017.10.14-12.32.28:927][381]LogPlayLevel: PIE: Created PIE world by copying editor world from /Game/GameLavel.GameLavel to /Game/UEDPIE_0_GameLavel.GameLavel (0.004623s)
[2017.10.14-12.32.28:939][381]LogInit: XAudio2 using 'Динамики (Logitech G430 Gaming Headset)' : 8 channels at 48 kHz using 16 bits per sample (channel mask 0x63f)
[2017.10.14-12.32.28:953][381]LogInit: FAudioDevice initialized.
[2017.10.14-12.32.29:016][381]LogLoad: Game class is 'Mouse_GameMode_C'
[2017.10.14-12.32.29:018][381]LogWorld: Bringing World /Game/UEDPIE_0_GameLavel.GameLavel up for play (max tick rate 0) at 2017.10.14-15.32.29
[2017.10.14-12.32.29:018][381]LogWorld: Bringing up level for play took: 0.001789
[2017.10.14-12.32.29:023][381]PIE: Info Play in editor start time for /Game/UEDPIE_0_GameLavel 0.372
[2017.10.14-12.32.29:024][381]LogBlueprintUserMessages: Late PlayInEditor Detection: Level '/Game/GameLavel.GameLavel:PersistentLevel' has LevelScriptBlueprint '/Game/GameLavel.GameLavel:PersistentLevel.GameLavel' with GeneratedClass '/Game/GameLavel.GameLavel_C' with ClassGeneratedBy '/Game/GameLavel.GameLavel:PersistentLevel.GameLavel'
[2017.10.14-12.33.04:396][611]LogBlueprintUserMessages: Early EndPlayMap Detection: Level '/Game/GameLavel.GameLavel:PersistentLevel' has LevelScriptBlueprint '/Game/GameLavel.GameLavel:PersistentLevel.GameLavel' with GeneratedClass '/Game/GameLavel.GameLavel_C' with ClassGeneratedBy '/Game/GameLavel.GameLavel:PersistentLevel.GameLavel'
[2017.10.14-12.33.04:429][611]LogBlueprintUserMessages: Late EndPlayMap Detection: Level '/Game/GameLavel.GameLavel:PersistentLevel' has LevelScriptBlueprint '/Game/GameLavel.GameLavel:PersistentLevel.GameLavel' with GeneratedClass '/Game/GameLavel.GameLavel_C' with ClassGeneratedBy '/Game/GameLavel.GameLavel:PersistentLevel.GameLavel'
[2017.10.14-12.36.33:348][111]LogContentBrowser: Native class hierarchy updated for 'BlueprintGraph' in 0.0010 seconds. Added 112 classes and 0 folders.
[2017.10.14-12.36.35:483][111]LogSlate: Took 0.019603 seconds to synchronously load lazily loaded font '../../../Engine/Content/Editor/Slate/Fonts/Roboto-BoldCondensed.ttf' (158K)
[2017.10.14-12.36.42:064][738]LogRenderer: Reallocating scene render targets to support 1308x996 NumSamples 1 (Frame:15231).
[2017.10.14-12.36.45:681][151]LogTemp: Repeting last play command: New Editor Window (PIE)
[2017.10.14-12.36.45:706][151]LogBlueprintUserMessages: Early PlayInEditor Detection: Level '/Game/GameLavel.GameLavel:PersistentLevel' has LevelScriptBlueprint '/Game/GameLavel.GameLavel:PersistentLevel.GameLavel' with GeneratedClass '/Game/GameLavel.GameLavel_C' with ClassGeneratedBy '/Game/GameLavel.GameLavel:PersistentLevel.GameLavel'
[2017.10.14-12.36.45:706][151]LogPlayLevel: PlayLevel: No blueprints needed recompiling
[2017.10.14-12.36.45:706][151]PIE: New page: PIE session: GameLavel (Oct 14, 2017, 6:36:45 PM)
[2017.10.14-12.36.45:707][151]LogPlayLevel: Creating play world package: /Game/UEDPIE_0_GameLavel
[2017.10.14-12.36.45:710][151]LogPlayLevel: PIE: StaticDuplicateObject took: (0.003078s)
[2017.10.14-12.36.45:710][151]LogAIModule: Creating AISystem for world GameLavel
[2017.10.14-12.36.45:711][151]LogPlayLevel: PIE: World Init took: (0.000999s)
[2017.10.14-12.36.45:711][151]LogPlayLevel: PIE: Created PIE world by copying editor world from /Game/GameLavel.GameLavel to /Game/UEDPIE_0_GameLavel.GameLavel (0.004380s)
[2017.10.14-12.36.45:763][151]LogInit: XAudio2 using 'Динамики (Logitech G430 Gaming Headset)' : 8 channels at 48 kHz using 16 bits per sample (channel mask 0x63f)
[2017.10.14-12.36.45:776][151]LogInit: FAudioDevice initialized.
[2017.10.14-12.36.45:842][151]LogLoad: Game class is 'Mouse_GameMode_C'
[2017.10.14-12.36.45:845][151]LogWorld: Bringing World /Game/UEDPIE_0_GameLavel.GameLavel up for play (max tick rate 0) at 2017.10.14-15.36.45
[2017.10.14-12.36.45:845][151]LogWorld: Bringing up level for play took: 0.001418
[2017.10.14-12.36.45:850][151]PIE: Info Play in editor start time for /Game/UEDPIE_0_GameLavel -0.801
[2017.10.14-12.36.45:851][151]LogBlueprintUserMessages: Late PlayInEditor Detection: Level '/Game/GameLavel.GameLavel:PersistentLevel' has LevelScriptBlueprint '/Game/GameLavel.GameLavel:PersistentLevel.GameLavel' with GeneratedClass '/Game/GameLavel.GameLavel_C' with ClassGeneratedBy '/Game/GameLavel.GameLavel:PersistentLevel.GameLavel'
[2017.10.14-12.36.54:243][145]LogBlueprintUserMessages: Early EndPlayMap Detection: Level '/Game/GameLavel.GameLavel:PersistentLevel' has LevelScriptBlueprint '/Game/GameLavel.GameLavel:PersistentLevel.GameLavel' with GeneratedClass '/Game/GameLavel.GameLavel_C' with ClassGeneratedBy '/Game/GameLavel.GameLavel:PersistentLevel.GameLavel'
[2017.10.14-12.36.54:274][145]LogBlueprintUserMessages: Late EndPlayMap Detection: Level '/Game/GameLavel.GameLavel:PersistentLevel' has LevelScriptBlueprint '/Game/GameLavel.GameLavel:PersistentLevel.GameLavel' with GeneratedClass '/Game/GameLavel.GameLavel_C' with ClassGeneratedBy '/Game/GameLavel.GameLavel:PersistentLevel.GameLavel'
[2017.10.14-12.42.13:152][682]LogSlate: Took 0.020724 seconds to synchronously load lazily loaded font '../../../Engine/Content/Editor/Slate/Fonts/Roboto-Italic.ttf' (157K)
[2017.10.14-12.52.22:465][ 62]LogTemp: Repeting last play command: New Editor Window (PIE)
[2017.10.14-12.52.22:489][ 62]LogBlueprintUserMessages: Early PlayInEditor Detection: Level '/Game/GameLavel.GameLavel:PersistentLevel' has LevelScriptBlueprint '/Game/GameLavel.GameLavel:PersistentLevel.GameLavel' with GeneratedClass '/Game/GameLavel.GameLavel_C' with ClassGeneratedBy '/Game/GameLavel.GameLavel:PersistentLevel.GameLavel'
[2017.10.14-12.52.22:489][ 62]LogPlayLevel: PlayLevel: No blueprints needed recompiling
[2017.10.14-12.52.22:489][ 62]PIE: New page: PIE session: GameLavel (Oct 14, 2017, 6:52:22 PM)
[2017.10.14-12.52.22:490][ 62]LogPlayLevel: Creating play world package: /Game/UEDPIE_0_GameLavel
[2017.10.14-12.52.22:493][ 62]LogPlayLevel: PIE: StaticDuplicateObject took: (0.003081s)
[2017.10.14-12.52.22:494][ 62]LogAIModule: Creating AISystem for world GameLavel
[2017.10.14-12.52.22:494][ 62]LogPlayLevel: PIE: World Init took: (0.001054s)
[2017.10.14-12.52.22:494][ 62]LogPlayLevel: PIE: Created PIE world by copying editor world from /Game/GameLavel.GameLavel to /Game/UEDPIE_0_GameLavel.GameLavel (0.004414s)
[2017.10.14-12.52.22:520][ 62]LogInit: XAudio2 using 'Динамики (Logitech G430 Gaming Headset)' : 8 channels at 48 kHz using 16 bits per sample (channel mask 0x63f)
[2017.10.14-12.52.22:535][ 62]LogInit: FAudioDevice initialized.
[2017.10.14-12.52.22:599][ 62]LogLoad: Game class is 'Mouse_GameMode_C'
[2017.10.14-12.52.22:601][ 62]LogWorld: Bringing World /Game/UEDPIE_0_GameLavel.GameLavel up for play (max tick rate 0) at 2017.10.14-15.52.22
[2017.10.14-12.52.22:602][ 62]LogWorld: Bringing up level for play took: 0.001651
[2017.10.14-12.52.22:607][ 62]PIE: Info Play in editor start time for /Game/UEDPIE_0_GameLavel -0.045
[2017.10.14-12.52.22:607][ 62]LogBlueprintUserMessages: Late PlayInEditor Detection: Level '/Game/GameLavel.GameLavel:PersistentLevel' has LevelScriptBlueprint '/Game/GameLavel.GameLavel:PersistentLevel.GameLavel' with GeneratedClass '/Game/GameLavel.GameLavel_C' with ClassGeneratedBy '/Game/GameLavel.GameLavel:PersistentLevel.GameLavel'
[2017.10.14-12.52.32:644][253]LogBlueprintUserMessages: Early EndPlayMap Detection: Level '/Game/GameLavel.GameLavel:PersistentLevel' has LevelScriptBlueprint '/Game/GameLavel.GameLavel:PersistentLevel.GameLavel' with GeneratedClass '/Game/GameLavel.GameLavel_C' with ClassGeneratedBy '/Game/GameLavel.GameLavel:PersistentLevel.GameLavel'
[2017.10.14-12.52.32:728][253]LogBlueprintUserMessages: Late EndPlayMap Detection: Level '/Game/GameLavel.GameLavel:PersistentLevel' has LevelScriptBlueprint '/Game/GameLavel.GameLavel:PersistentLevel.GameLavel' with GeneratedClass '/Game/GameLavel.GameLavel_C' with ClassGeneratedBy '/Game/GameLavel.GameLavel:PersistentLevel.GameLavel'
[2017.10.14-13.02.04:552][722]LogFileHelpers: Editor autosave (incl. sublevels) for '/Game/GameLavel' took 0.014
[2017.10.14-13.02.04:589][722]OBJ SavePackage: Generating thumbnails for [0] asset(s) in package [/Game/Blueprints/Player1] ([1] browsable assets)...
[2017.10.14-13.02.04:602][722]OBJ SavePackage: Finished generating thumbnails for package [/Game/Blueprints/Player1]
[2017.10.14-13.02.04:602][722]Cmd: OBJ SAVEPACKAGE PACKAGE="/Game/Blueprints/Player1" FILE="../../../../../../P - programist/UE4/Timekill/TimeKill/Saved/Autosaves/Game/Blueprints/Player1_Auto1.uasset" SILENT=false AUTOSAVING=true
[2017.10.14-13.02.04:838][722]LogSavePackage: Save=210.40ms
[2017.10.14-13.02.04:838][722]LogSavePackage: Moving '../../../../../../P - programist/UE4/Timekill/TimeKill/Saved/Player1_Auto1A91D1AA449353C38B20254960915B527.tmp' to '../../../../../../P - programist/UE4/Timekill/TimeKill/Saved/Autosaves/Game/Blueprints/Player1_Auto1.uasset'
[2017.10.14-13.02.04:844][722]LogSavePackage:Display: Finished SavePackage ../../../../../../P - programist/UE4/Timekill/TimeKill/Saved/Autosaves/Game/Blueprints/Player1_Auto1.uasset
[2017.10.14-13.02.04:844][722]LogFileHelpers: Auto-saving content packages took 0.292
[2017.10.14-13.07.41:281][309]LogTemp: Repeting last play command: New Editor Window (PIE)
[2017.10.14-13.07.41:300][309]LogBlueprintUserMessages: Early PlayInEditor Detection: Level '/Game/GameLavel.GameLavel:PersistentLevel' has LevelScriptBlueprint '/Game/GameLavel.GameLavel:PersistentLevel.GameLavel' with GeneratedClass '/Game/GameLavel.GameLavel_C' with ClassGeneratedBy '/Game/GameLavel.GameLavel:PersistentLevel.GameLavel'
[2017.10.14-13.07.41:300][309]LogPlayLevel: PlayLevel: No blueprints needed recompiling
[2017.10.14-13.07.41:300][309]PIE: New page: PIE session: GameLavel (Oct 14, 2017, 7:07:41 PM)
[2017.10.14-13.07.41:300][309]LogPlayLevel: Creating play world package: /Game/UEDPIE_0_GameLavel
[2017.10.14-13.07.41:303][309]LogPlayLevel: PIE: StaticDuplicateObject took: (0.002870s)
[2017.10.14-13.07.41:304][309]LogAIModule: Creating AISystem for world GameLavel
[2017.10.14-13.07.41:304][309]LogPlayLevel: PIE: World Init took: (0.000880s)
[2017.10.14-13.07.41:304][309]LogPlayLevel: PIE: Created PIE world by copying editor world from /Game/GameLavel.GameLavel to /Game/UEDPIE_0_GameLavel.GameLavel (0.003998s)
[2017.10.14-13.07.41:321][309]LogInit: XAudio2 using 'Динамики (Logitech G430 Gaming Headset)' : 8 channels at 48 kHz using 16 bits per sample (channel mask 0x63f)
[2017.10.14-13.07.41:335][309]LogInit: FAudioDevice initialized.
[2017.10.14-13.07.41:397][309]LogLoad: Game class is 'Mouse_GameMode_C'
[2017.10.14-13.07.41:399][309]LogWorld: Bringing World /Game/UEDPIE_0_GameLavel.GameLavel up for play (max tick rate 0) at 2017.10.14-16.07.41
[2017.10.14-13.07.41:400][309]LogWorld: Bringing up level for play took: 0.001686
[2017.10.14-13.07.41:423][309]PIE: Info Play in editor start time for /Game/UEDPIE_0_GameLavel 0.772
[2017.10.14-13.07.41:424][309]LogBlueprintUserMessages: Late PlayInEditor Detection: Level '/Game/GameLavel.GameLavel:PersistentLevel' has LevelScriptBlueprint '/Game/GameLavel.GameLavel:PersistentLevel.GameLavel' with GeneratedClass '/Game/GameLavel.GameLavel_C' with ClassGeneratedBy '/Game/GameLavel.GameLavel:PersistentLevel.GameLavel'
[2017.10.14-13.07.42:327][394]LogBlueprintUserMessages: Early EndPlayMap Detection: Level '/Game/GameLavel.GameLavel:PersistentLevel' has LevelScriptBlueprint '/Game/GameLavel.GameLavel:PersistentLevel.GameLavel' with GeneratedClass '/Game/GameLavel.GameLavel_C' with ClassGeneratedBy '/Game/GameLavel.GameLavel:PersistentLevel.GameLavel'
[2017.10.14-13.07.42:412][394]LogBlueprintUserMessages: Late EndPlayMap Detection: Level '/Game/GameLavel.GameLavel:PersistentLevel' has LevelScriptBlueprint '/Game/GameLavel.GameLavel:PersistentLevel.GameLavel' with GeneratedClass '/Game/GameLavel.GameLavel_C' with ClassGeneratedBy '/Game/GameLavel.GameLavel:PersistentLevel.GameLavel'
[2017.10.14-13.07.44:138][580]LogTemp: Repeting last play command: New Editor Window (PIE)
[2017.10.14-13.07.44:157][580]LogBlueprintUserMessages: Early PlayInEditor Detection: Level '/Game/GameLavel.GameLavel:PersistentLevel' has LevelScriptBlueprint '/Game/GameLavel.GameLavel:PersistentLevel.GameLavel' with GeneratedClass '/Game/GameLavel.GameLavel_C' with ClassGeneratedBy '/Game/GameLavel.GameLavel:PersistentLevel.GameLavel'
[2017.10.14-13.07.44:157][580]LogPlayLevel: PlayLevel: No blueprints needed recompiling
[2017.10.14-13.07.44:157][580]PIE: New page: PIE session: GameLavel (Oct 14, 2017, 7:07:44 PM)
[2017.10.14-13.07.44:157][580]LogPlayLevel: Creating play world package: /Game/UEDPIE_0_GameLavel
[2017.10.14-13.07.44:160][580]LogPlayLevel: PIE: StaticDuplicateObject took: (0.002603s)
[2017.10.14-13.07.44:160][580]LogAIModule: Creating AISystem for world GameLavel
[2017.10.14-13.07.44:161][580]LogPlayLevel: PIE: World Init took: (0.000819s)
[2017.10.14-13.07.44:161][580]LogPlayLevel: PIE: Created PIE world by copying editor world from /Game/GameLavel.GameLavel to /Game/UEDPIE_0_GameLavel.GameLavel (0.003630s)
[2017.10.14-13.07.44:178][580]LogInit: XAudio2 using 'Динамики (Logitech G430 Gaming Headset)' : 8 channels at 48 kHz using 16 bits per sample (channel mask 0x63f)
[2017.10.14-13.07.44:191][580]LogInit: FAudioDevice initialized.
[2017.10.14-13.07.44:252][580]LogLoad: Game class is 'Mouse_GameMode_C'
[2017.10.14-13.07.44:254][580]LogWorld: Bringing World /Game/UEDPIE_0_GameLavel.GameLavel up for play (max tick rate 0) at 2017.10.14-16.07.44
[2017.10.14-13.07.44:255][580]LogWorld: Bringing up level for play took: 0.001440
[2017.10.14-13.07.44:260][580]PIE: Info Play in editor start time for /Game/UEDPIE_0_GameLavel -0.391
[2017.10.14-13.07.44:261][580]LogBlueprintUserMessages: Late PlayInEditor Detection: Level '/Game/GameLavel.GameLavel:PersistentLevel' has LevelScriptBlueprint '/Game/GameLavel.GameLavel:PersistentLevel.GameLavel' with GeneratedClass '/Game/GameLavel.GameLavel_C' with ClassGeneratedBy '/Game/GameLavel.GameLavel:PersistentLevel.GameLavel'
[2017.10.14-13.07.45:428][692]LogBlueprintUserMessages: Early EndPlayMap Detection: Level '/Game/GameLavel.GameLavel:PersistentLevel' has LevelScriptBlueprint '/Game/GameLavel.GameLavel:PersistentLevel.GameLavel' with GeneratedClass '/Game/GameLavel.GameLavel_C' with ClassGeneratedBy '/Game/GameLavel.GameLavel:PersistentLevel.GameLavel'
[2017.10.14-13.07.45:470][692]LogBlueprintUserMessages: Late EndPlayMap Detection: Level '/Game/GameLavel.GameLavel:PersistentLevel' has LevelScriptBlueprint '/Game/GameLavel.GameLavel:PersistentLevel.GameLavel' with GeneratedClass '/Game/GameLavel.GameLavel_C' with ClassGeneratedBy '/Game/GameLavel.GameLavel:PersistentLevel.GameLavel'
[2017.10.14-13.23.12:446][414]LogActorComponent: UnregisterComponent: (/Engine/Transient.EditorFloorComp) Not registered. Aborting.
[2017.10.14-13.23.12:962][415]Cmd: QUIT_EDITOR
[2017.10.14-13.23.14:131][415]LogWindowsTextInputMethodSystem:Display: IME system now deactivated.
[2017.10.14-13.23.14:189][415]LogExit: Preparing to exit.
[2017.10.14-13.23.15:176][415]LogDirectoryWatcher: A directory notification for 'D:/P - programist/UE4/Timekill/TimeKill/Content/' was aborted.
[2017.10.14-13.23.15:438][415]LogExit: Editor shut down
[2017.10.14-13.23.15:439][415]LogExit: Transaction tracking system shut down
[2017.10.14-13.23.17:245][415]LogObj: Freed 0b from 0 cluster array pools.
[2017.10.14-13.23.17:245][415]LogExit: Object subsystem successfully closed.
[2017.10.14-13.23.17:438][415]LogD3D11RHI: Shutdown
[2017.10.14-13.23.17:438][415]LogD3D11RHI: CleanupD3DDevice
[2017.10.14-13.23.17:634][415]LogD3D11RHI: ~FD3D11DynamicRHI
[2017.10.14-13.23.18:545][415]LogModuleManager: Shutting down and abandoning module SequencerWidgets (506)
[2017.10.14-13.23.18:545][415]LogModuleManager: Shutting down and abandoning module BlueprintGraph (504)
[2017.10.14-13.23.18:545][415]LogModuleManager: Shutting down and abandoning module BlueprintProfiler (502)
[2017.10.14-13.23.18:567][415]LogModuleManager: Shutting down and abandoning module MovieSceneCapture (500)
[2017.10.14-13.23.18:579][415]LogModuleManager: Shutting down and abandoning module HierarchicalLODOutliner (498)
[2017.10.14-13.23.18:595][415]LogModuleManager: Shutting down and abandoning module CrashTracker (496)
[2017.10.14-13.23.18:595][415]LogModuleManager: Shutting down and abandoning module AddContentDialog (494)
[2017.10.14-13.23.18:610][415]LogDirectoryWatcher: A directory notification for 'D:/Program Files/Epic Games/UE_4.15/FeaturePacks/' was aborted.
[2017.10.14-13.23.18:616][415]LogModuleManager: Shutting down and abandoning module WidgetCarousel (493)
[2017.10.14-13.23.18:616][415]LogModuleManager: Shutting down and abandoning module EditorWidgets (490)
[2017.10.14-13.23.18:616][415]LogModuleManager: Shutting down and abandoning module CollectionManager (488)
[2017.10.14-13.23.18:626][415]LogDirectoryWatcher: A directory notification for 'D:/P - programist/UE4/Timekill/TimeKill/Content/Collections/' was aborted.
[2017.10.14-13.23.18:626][415]LogDirectoryWatcher: A directory notification for 'D:/P - programist/UE4/Timekill/TimeKill/Content/Developers/IzPOD/Collections/' was aborted.
[2017.10.14-13.23.18:626][415]LogDirectoryWatcher: A directory notification for 'D:/P - programist/UE4/Timekill/TimeKill/Saved/Collections/' was aborted.
[2017.10.14-13.23.18:626][415]LogModuleManager: Shutting down and abandoning module SceneOutliner (486)
[2017.10.14-13.23.18:626][415]LogModuleManager: Shutting down and abandoning module StatsViewer (484)
[2017.10.14-13.23.18:640][415]LogModuleManager: Shutting down and abandoning module FoliageEdit (482)
[2017.10.14-13.23.18:654][415]LogModuleManager: Shutting down and abandoning module LandscapeEditor (480)
[2017.10.14-13.23.18:679][415]LogModuleManager: Shutting down and abandoning module SceneDepthPickerMode (478)
[2017.10.14-13.23.18:679][415]LogModuleManager: Shutting down and abandoning module ActorPickerMode (476)
[2017.10.14-13.23.18:679][415]LogModuleManager: Shutting down and abandoning module GeometryMode (474)
[2017.10.14-13.23.18:691][415]LogModuleManager: Shutting down and abandoning module TextureAlignMode (472)
[2017.10.14-13.23.18:691][415]LogModuleManager: Shutting down and abandoning module BspMode (470)
[2017.10.14-13.23.18:701][415]LogModuleManager: Shutting down and abandoning module HardwareSurvey (468)
[2017.10.14-13.23.18:717][415]LogModuleManager: Shutting down and abandoning module SequenceRecorderSections (466)
[2017.10.14-13.23.18:726][415]LogModuleManager: Shutting down and abandoning module AutomationWorker (464)
[2017.10.14-13.23.18:743][415]LogModuleManager: Shutting down and abandoning module MatineeToLevelSequence (462)
[2017.10.14-13.23.18:747][415]LogModuleManager: Shutting down and abandoning module LevelSequenceEditor (460)
[2017.10.14-13.23.18:796][415]LogModuleManager: Shutting down and abandoning module PlacementMode (459)
[2017.10.14-13.23.18:796][415]LogModuleManager: Shutting down and abandoning module WmfMediaFactory (456)
[2017.10.14-13.23.18:796][415]LogModuleManager: Shutting down and abandoning module WmfMediaEditor (454)
[2017.10.14-13.23.18:796][415]LogModuleManager: Shutting down and abandoning module MfMediaFactory (452)
[2017.10.14-13.23.18:796][415]LogModuleManager: Shutting down and abandoning module MfMediaEditor (450)
[2017.10.14-13.23.18:796][415]LogModuleManager: Shutting down and abandoning module AvfMediaFactory (448)
[2017.10.14-13.23.18:796][415]LogModuleManager: Shutting down and abandoning module AvfMediaEditor (446)
[2017.10.14-13.23.18:796][415]LogModuleManager: Shutting down and abandoning module AndroidMediaFactory (444)
[2017.10.14-13.23.18:796][415]LogModuleManager: Shutting down and abandoning module Media (443)
[2017.10.14-13.23.18:796][415]LogModuleManager: Shutting down and abandoning module AndroidMediaEditor (440)
[2017.10.14-13.23.18:796][415]LogModuleManager: Shutting down and abandoning module CharacterAI (438)
[2017.10.14-13.23.18:796][415]LogModuleManager: Shutting down and abandoning module AudioCapture (436)
[2017.10.14-13.23.18:809][415]LogModuleManager: Shutting down and abandoning module SequenceRecorder (435)
[2017.10.14-13.23.18:869][415]LogModuleManager: Shutting down and abandoning module SmartSnapping (432)
[2017.10.14-13.23.18:869][415]LogModuleManager: Shutting down and abandoning module SessionServices (430)
[2017.10.14-13.23.18:869][415]LogModuleManager: Shutting down and abandoning module ViewportSnapping (428)
[2017.10.14-13.23.18:869][415]LogModuleManager: Shutting down and abandoning module ViewportInteraction (426)
[2017.10.14-13.23.18:869][415]LogModuleManager: Shutting down and abandoning module LogVisualizer (424)
[2017.10.14-13.23.18:885][415]LogModuleManager: Shutting down and abandoning module IntroTutorials (422)
[2017.10.14-13.23.18:889][415]LogModuleManager: Shutting down and abandoning module GameProjectGeneration (421)
[2017.10.14-13.23.18:913][415]LogModuleManager: Shutting down and abandoning module EditorLiveStreaming (418)
[2017.10.14-13.23.18:913][415]LogModuleManager: Shutting down and abandoning module IOSPlatformEditor (416)
[2017.10.14-13.23.18:913][415]LogModuleManager: Shutting down and abandoning module HTML5PlatformEditor (414)
[2017.10.14-13.23.18:913][415]LogModuleManager: Shutting down and abandoning module AndroidPlatformEditor (412)
[2017.10.14-13.23.18:927][415]LogModuleManager: Shutting down and abandoning module AndroidDeviceDetection (411)
[2017.10.14-13.23.19:658][415]LogModuleManager: Shutting down and abandoning module IOSRuntimeSettings (408)
[2017.10.14-13.23.19:658][415]LogModuleManager: Shutting down and abandoning module AndroidRuntimeSettings (406)
[2017.10.14-13.23.19:658][415]LogModuleManager: Shutting down and abandoning module InputBindingEditor (404)
[2017.10.14-13.23.19:674][415]LogModuleManager: Shutting down and abandoning module NiagaraEditor (402)
[2017.10.14-13.23.19:696][415]LogModuleManager: Shutting down and abandoning module MergeActors (400)
[2017.10.14-13.23.19:716][415]LogModuleManager: Shutting down and abandoning module SizeMap (398)
[2017.10.14-13.23.19:727][415]LogModuleManager: Shutting down and abandoning module TreeMap (396)
[2017.10.14-13.23.19:739][415]LogModuleManager: Shutting down and abandoning module ReferenceViewer (394)
[2017.10.14-13.23.19:739][415]LogModuleManager: Shutting down and abandoning module LocalizationDashboard (392)
[2017.10.14-13.23.19:756][415]LogModuleManager: Shutting down and abandoning module LocalizationService (391)
[2017.10.14-13.23.19:773][415]LogModuleManager: Shutting down and abandoning module HardwareTargeting (388)
[2017.10.14-13.23.19:785][415]LogModuleManager: Shutting down and abandoning module DeviceProfileEditor (386)
[2017.10.14-13.23.19:796][415]LogModuleManager: Shutting down and abandoning module UndoHistory (384)
[2017.10.14-13.23.19:805][415]LogModuleManager: Shutting down and abandoning module UserFeedback (382)
[2017.10.14-13.23.19:805][415]LogModuleManager: Shutting down and abandoning module XmlParser (380)
[2017.10.14-13.23.19:819][415]LogModuleManager: Shutting down and abandoning module Blutility (378)
[2017.10.14-13.23.19:832][415]LogModuleManager: Shutting down and abandoning module ProjectSettingsViewer (376)
[2017.10.14-13.23.19:832][415]LogModuleManager: Shutting down and abandoning module ProjectTargetPlatformEditor (375)
[2017.10.14-13.23.19:833][415]LogModuleManager: Shutting down and abandoning module EditorSettingsViewer (372)
[2017.10.14-13.23.19:833][415]LogModuleManager: Shutting down and abandoning module SettingsEditor (370)
[2017.10.14-13.23.19:850][415]LogModuleManager: Shutting down and abandoning module ProjectLauncher (368)
[2017.10.14-13.23.19:873][415]LogModuleManager: Shutting down and abandoning module SessionFrontend (366)
[2017.10.14-13.23.19:888][415]LogModuleManager: Shutting down and abandoning module ProfilerClient (364)
[2017.10.14-13.23.19:907][415]LogModuleManager: Shutting down and abandoning module DeviceManager (362)
[2017.10.14-13.23.19:917][415]LogModuleManager: Shutting down and abandoning module TargetDeviceServices (361)
[2017.10.14-13.23.19:965][415]LogModuleManager: Shutting down and abandoning module AutomationController (358)
[2017.10.14-13.23.19:991][415]LogModuleManager: Shutting down and abandoning module AutomationWindow (356)
[2017.10.14-13.23.20:006][415]LogModuleManager: Shutting down and abandoning module Layers (354)
[2017.10.14-13.23.20:022][415]LogModuleManager: Shutting down and abandoning module ComponentVisualizers (352)
[2017.10.14-13.23.20:022][415]LogModuleManager: Shutting down and abandoning module DetailCustomizations (350)
[2017.10.14-13.23.20:044][415]LogModuleManager: Shutting down and abandoning module PackagesDialog (348)
[2017.10.14-13.23.20:044][415]LogModuleManager: Shutting down and abandoning module Persona (346)
[2017.10.14-13.23.20:087][415]LogModuleManager: Shutting down and abandoning module AnimGraph (345)
[2017.10.14-13.23.20:087][415]LogModuleManager: Shutting down and abandoning module Kismet (342)
[2017.10.14-13.23.20:126][415]LogModuleManager: Shutting down and abandoning module GraphEditor (340)
[2017.10.14-13.23.20:126][415]LogModuleManager: Shutting down and abandoning module ClassViewer (338)
[2017.10.14-13.23.20:126][415]LogModuleManager: Shutting down and abandoning module Toolbox (336)
[2017.10.14-13.23.20:141][415]LogModuleManager: Shutting down and abandoning module ModuleUI (334)
[2017.10.14-13.23.20:153][415]LogModuleManager: Shutting down and abandoning module MovieSceneTools (332)
[2017.10.14-13.23.20:171][415]LogModuleManager: Shutting down and abandoning module OutputLog (330)
[2017.10.14-13.23.20:181][415]LogModuleManager: Shutting down and abandoning module GammaUI (328)
[2017.10.14-13.23.20:188][415]LogModuleManager: Shutting down and abandoning module Documentation (326)
[2017.10.14-13.23.20:188][415]LogModuleManager: Shutting down and abandoning module Niagara (324)
[2017.10.14-13.23.20:189][415]LogModuleManager: Shutting down and abandoning module StreamingPauseRendering (322)
[2017.10.14-13.23.20:189][415]LogModuleManager: Shutting down and abandoning module AnalyticsET (320)
[2017.10.14-13.23.20:189][415]LogModuleManager: Shutting down and abandoning module PortalServices (318)
[2017.10.14-13.23.20:189][415]LogModuleManager: Shutting down and abandoning module PortalRpc (316)
[2017.10.14-13.23.20:189][415]LogModuleManager: Shutting down and abandoning module MessagingRpc (314)
[2017.10.14-13.23.20:189][415]LogModuleManager: Shutting down and abandoning module AIModule (312)
[2017.10.14-13.23.20:196][415]LogModuleManager: Shutting down and abandoning module GameplayDebugger (311)
[2017.10.14-13.23.20:206][415]LogModuleManager: Shutting down and abandoning module AITestSuite (309)
[2017.10.14-13.23.20:206][415]LogModuleManager: Shutting down and abandoning module ProfilerService (306)
[2017.10.14-13.23.20:342][415]LogModuleManager: Shutting down and abandoning module TaskGraph (304)
[2017.10.14-13.23.20:361][415]LogModuleManager: Shutting down and abandoning module SteamVRController (302)
[2017.10.14-13.23.20:361][415]LogModuleManager: Shutting down and abandoning module SteamVR (300)
[2017.10.14-13.23.20:361][415]LogModuleManager: Shutting down and abandoning module ProceduralMeshComponentEditor (298)
[2017.10.14-13.23.20:361][415]LogModuleManager: Shutting down and abandoning module ProceduralMeshComponent (296)
[2017.10.14-13.23.20:371][415]LogModuleManager: Shutting down and abandoning module OculusLibrary (294)
[2017.10.14-13.23.20:371][415]LogModuleManager: Shutting down and abandoning module OculusInput (292)
[2017.10.14-13.23.20:371][415]LogModuleManager: Shutting down and abandoning module MobilePatchingUtils (290)
[2017.10.14-13.23.20:371][415]LogModuleManager: Shutting down and abandoning module CustomMeshComponent (288)
[2017.10.14-13.23.20:371][415]LogModuleManager: Shutting down and abandoning module CableComponent (286)
[2017.10.14-13.23.20:382][415]LogModuleManager: Shutting down and abandoning module ArchVisCharacter (284)
[2017.10.14-13.23.20:382][415]LogModuleManager: Shutting down and abandoning module MediaPlayerEditor (280)
[2017.10.14-13.23.20:403][415]LogModuleManager: Shutting down and abandoning module HTML5Networking (278)
[2017.10.14-13.23.20:404][415]LogModuleManager: Shutting down and abandoning module AlembicImporter (276)
[2017.10.14-13.23.20:420][415]LogModuleManager: Shutting down and abandoning module AlembicLibrary (275)
[2017.10.14-13.23.20:420][415]LogModuleManager: Shutting down and abandoning module GeometryCache (274)
[2017.10.14-13.23.20:434][415]LogModuleManager: Shutting down and abandoning module GeometryCacheEd (273)
[2017.10.14-13.23.20:434][415]LogModuleManager: Shutting down and abandoning module SuperSearchEditor (268)
[2017.10.14-13.23.20:434][415]LogModuleManager: Shutting down and abandoning module SuperSearch (267)
[2017.10.14-13.23.20:434][415]LogModuleManager: Shutting down and abandoning module SpeedTreeImporter (264)
[2017.10.14-13.23.20:434][415]LogModuleManager: Shutting down and abandoning module PluginBrowser (262)
[2017.10.14-13.23.20:469][415]LogModuleManager: Shutting down and abandoning module MobileLauncherProfileWizard (260)
[2017.10.14-13.23.20:480][415]LogModuleManager: Shutting down and abandoning module EpicSurvey (258)
[2017.10.14-13.23.20:480][415]LogModuleManager: Shutting down and abandoning module VisualStudioSourceCodeAccess (256)
[2017.10.14-13.23.20:494][415]LogModuleManager: Shutting down and abandoning module DesktopPlatform (255)
[2017.10.14-13.23.20:494][415]LogModuleManager: Shutting down and abandoning module UObjectPlugin (252)
[2017.10.14-13.23.20:494][415]LogModuleManager: Shutting down and abandoning module SubversionSourceControl (250)
[2017.10.14-13.23.20:508][415]LogModuleManager: Shutting down and abandoning module PerforceSourceControl (248)
[2017.10.14-13.23.20:518][415]LogModuleManager: Shutting down and abandoning module GitSourceControl (246)
[2017.10.14-13.23.20:528][415]LogModuleManager: Shutting down and abandoning module SourceControl (245)
[2017.10.14-13.23.20:540][415]LogModuleManager: Shutting down and abandoning module LightPropagationVolumeEditor (242)
[2017.10.14-13.23.20:540][415]LogModuleManager: Shutting down and abandoning module PaperTiledImporter (240)
[2017.10.14-13.23.20:540][415]LogModuleManager: Shutting down and abandoning module PaperSpriteSheetImporter (238)
[2017.10.14-13.23.20:540][415]LogModuleManager: Shutting down and abandoning module Paper2DEditor (236)
[2017.10.14-13.23.20:557][415]LogModuleManager: Shutting down and abandoning module MeshPaint (235)
[2017.10.14-13.23.20:570][415]LogModuleManager: Shutting down and abandoning module LevelEditor (233)
[2017.10.14-13.23.20:591][415]LogModuleManager: Shutting down and abandoning module PixelInspectorModule (232)
[2017.10.14-13.23.20:616][415]LogModuleManager: Shutting down and abandoning module MainFrame (230)
[2017.10.14-13.23.20:616][415]LogModuleManager: Shutting down and abandoning module HotReload (229)
[2017.10.14-13.23.20:631][415]LogModuleManager: Shutting down and abandoning module ContentBrowser (225)
[2017.10.14-13.23.20:633][415]LogModuleManager: Shutting down and abandoning module PhysXVehiclesEditor (222)
[2017.10.14-13.23.20:648][415]LogModuleManager: Shutting down and abandoning module PhysXVehicles (220)
[2017.10.14-13.23.20:648][415]LogModuleManager: Shutting down and abandoning module LocationServicesBPLibrary (218)
[2017.10.14-13.23.20:648][415]LogModuleManager: Shutting down and abandoning module UdpMessaging (216)
[2017.10.14-13.23.20:748][415]LogModuleManager: Shutting down and abandoning module TcpMessaging (214)
[2017.10.14-13.23.20:856][415]LogModuleManager: Shutting down and abandoning module GameplayTagsEditor (212)
[2017.10.14-13.23.20:872][415]LogModuleManager: Shutting down and abandoning module FacialAnimationEditor (210)
[2017.10.14-13.23.20:887][415]LogModuleManager: Shutting down and abandoning module FacialAnimation (208)
[2017.10.14-13.23.20:887][415]LogModuleManager: Shutting down and abandoning module LightPropagationVolumeRuntime (206)
[2017.10.14-13.23.20:887][415]LogModuleManager: Shutting down and abandoning module Paper2D (204)
[2017.10.14-13.23.20:904][415]LogModuleManager: Shutting down and abandoning module WindowsMoviePlayer (202)
[2017.10.14-13.23.20:921][415]LogModuleManager: Shutting down and abandoning module WmfMedia (200)
[2017.10.14-13.23.20:936][415]LogModuleManager: Shutting down and abandoning module MfMedia (198)
[2017.10.14-13.23.20:936][415]LogModuleManager: Shutting down and abandoning module MediaAssets (196)
[2017.10.14-13.23.20:936][415]LogModuleManager: Shutting down and abandoning module GameLiveStreaming (194)
[2017.10.14-13.23.20:950][415]LogModuleManager: Shutting down and abandoning module VREditor (192)
[2017.10.14-13.23.20:951][415]LogModuleManager: Shutting down and abandoning module GameplayTasksEditor (190)
[2017.10.14-13.23.20:951][415]LogModuleManager: Shutting down and abandoning module BehaviorTreeEditor (188)
[2017.10.14-13.23.20:979][415]LogModuleManager: Shutting down and abandoning module FunctionalTesting (186)
[2017.10.14-13.23.20:979][415]LogModuleManager: Shutting down and abandoning module CollisionAnalyzer (184)
[2017.10.14-13.23.20:989][415]LogModuleManager: Shutting down and abandoning module UMG (182)
[2017.10.14-13.23.20:989][415]LogModuleManager: Shutting down and abandoning module UMGEditor (181)
[2017.10.14-13.23.20:989][415]LogModuleManager: Shutting down and abandoning module Sequencer (180)
[2017.10.14-13.23.20:990][415]LogModuleManager: Shutting down and abandoning module AssetTools (178)
[2017.10.14-13.23.21:024][415]LogModuleManager: Shutting down and abandoning module MessageLog (177)
[2017.10.14-13.23.21:024][415]LogModuleManager: Shutting down and abandoning module WorkspaceMenuStructure (176)
[2017.10.14-13.23.21:024][415]LogModuleManager: Shutting down and abandoning module SlateReflector (170)
[2017.10.14-13.23.21:058][415]LogModuleManager: Shutting down and abandoning module Slate (168)
[2017.10.14-13.23.21:058][415]LogModuleManager: Shutting down and abandoning module EditorStyle (166)
[2017.10.14-13.23.21:063][415]LogModuleManager: Shutting down and abandoning module SourceCodeAccess (164)
[2017.10.14-13.23.21:077][415]LogModuleManager: Shutting down and abandoning module HeadMountedDisplay (162)
[2017.10.14-13.23.21:077][415]LogModuleManager: Shutting down and abandoning module XAudio2 (160)
[2017.10.14-13.23.21:077][415]LogModuleManager: Shutting down and abandoning module Networking (158)
[2017.10.14-13.23.21:077][415]LogModuleManager: Shutting down and abandoning module Core (154)
[2017.10.14-13.23.21:077][415]LogModuleManager: Shutting down and abandoning module AssetRegistry (152)
[2017.10.14-13.23.21:317][415]LogDirectoryWatcher: A directory notification for '../../../Engine/Content/' was aborted.
[2017.10.14-13.23.21:317][415]LogDirectoryWatcher: A directory notification for '../../../../../../P - programist/UE4/Timekill/TimeKill/Content/' was aborted.
[2017.10.14-13.23.21:317][415]LogDirectoryWatcher: A directory notification for '../../../Engine/Plugins/2D/Paper2D/Content/' was aborted.
[2017.10.14-13.23.21:323][415]LogModuleManager: Shutting down and abandoning module DirectoryWatcher (151)
[2017.10.14-13.23.21:329][415]LogModuleManager: Shutting down and abandoning module KismetCompiler (148)
[2017.10.14-13.23.21:329][415]LogModuleManager: Shutting down and abandoning module PhysXFormats (146)
[2017.10.14-13.23.21:329][415]LogModuleManager: Shutting down and abandoning module MeshUtilities (144)
[2017.10.14-13.23.21:341][415]LogModuleManager: Shutting down and abandoning module SimplygonSwarm (143)
[2017.10.14-13.23.21:352][415]LogModuleManager: Shutting down and abandoning module SimplygonMeshReduction (141)
[2017.10.14-13.23.21:352][415]LogModuleManager: Shutting down and abandoning module QuadricMeshReduction (139)
[2017.10.14-13.23.21:359][415]LogModuleManager: Shutting down and abandoning module PropertyEditor (137)
[2017.10.14-13.23.21:378][415]LogModuleManager: Shutting down and abandoning module DerivedDataCache (134)
[2017.10.14-13.23.21:459][415]LogDerivedDataCache: Shutdown
[2017.10.14-13.23.21:459][415]LogModuleManager: Shutting down and abandoning module TargetPlatform (132)
[2017.10.14-13.23.21:460][415]LogModuleManager: Shutting down and abandoning module VulkanShaderFormat (131)
[2017.10.14-13.23.21:476][415]LogModuleManager: Shutting down and abandoning module ShaderFormatOpenGL (129)
[2017.10.14-13.23.21:482][415]LogModuleManager: Shutting down and abandoning module ShaderFormatD3D (127)
[2017.10.14-13.23.21:493][415]LogModuleManager: Shutting down and abandoning module MetalShaderFormat (125)
[2017.10.14-13.23.21:506][415]LogModuleManager: Shutting down and abandoning module TextureFormatUncompressed (123)
[2017.10.14-13.23.21:506][415]LogModuleManager: Shutting down and abandoning module TextureFormatPVR (121)
[2017.10.14-13.23.21:506][415]LogModuleManager: Shutting down and abandoning module TextureFormatDXT (119)
[2017.10.14-13.23.21:521][415]LogModuleManager: Shutting down and abandoning module TextureFormatIntelISPCTexComp (117)
[2017.10.14-13.23.21:537][415]LogModuleManager: Shutting down and abandoning module TextureFormatASTC (115)
[2017.10.14-13.23.21:537][415]LogModuleManager: Shutting down and abandoning module ImageWrapper (114)
[2017.10.14-13.23.21:537][415]LogModuleManager: Shutting down and abandoning module TextureFormatAndroid (111)
[2017.10.14-13.23.21:537][415]LogModuleManager: Shutting down and abandoning module AudioFormatOpus (109)
[2017.10.14-13.23.21:550][415]LogModuleManager: Shutting down and abandoning module AudioFormatOgg (107)
[2017.10.14-13.23.21:550][415]LogModuleManager: Shutting down and abandoning module AudioFormatADPCM (105)
[2017.10.14-13.23.21:550][415]LogModuleManager: Shutting down and abandoning module LinuxTargetPlatform (103)
[2017.10.14-13.23.21:550][415]LogModuleManager: Shutting down and abandoning module LinuxServerTargetPlatform (101)
[2017.10.14-13.23.21:550][415]LogModuleManager: Shutting down and abandoning module LinuxNoEditorTargetPlatform (99)
[2017.10.14-13.23.21:550][415]LogModuleManager: Shutting down and abandoning module LinuxClientTargetPlatform (97)
[2017.10.14-13.23.21:550][415]LogModuleManager: Shutting down and abandoning module TVOSTargetPlatform (95)
[2017.10.14-13.23.21:550][415]LogModuleManager: Shutting down and abandoning module Messaging (93)
[2017.10.14-13.23.21:551][415]LogModuleManager: Shutting down and abandoning module IOSTargetPlatform (91)
[2017.10.14-13.23.21:551][415]LogModuleManager: Shutting down and abandoning module HTML5TargetPlatform (89)
[2017.10.14-13.23.21:551][415]LogModuleManager: Shutting down and abandoning module Android_PVRTCTargetPlatform (87)
[2017.10.14-13.23.21:551][415]LogModuleManager: Shutting down and abandoning module Android_MultiTargetPlatform (85)
[2017.10.14-13.23.21:551][415]LogModuleManager: Shutting down and abandoning module Android_ETC2TargetPlatform (83)
[2017.10.14-13.23.21:551][415]LogModuleManager: Shutting down and abandoning module Android_ETC1TargetPlatform (81)
[2017.10.14-13.23.21:551][415]LogModuleManager: Shutting down and abandoning module Android_DXTTargetPlatform (79)
[2017.10.14-13.23.21:551][415]LogModuleManager: Shutting down and abandoning module Android_ATCTargetPlatform (77)
[2017.10.14-13.23.21:551][415]LogModuleManager: Shutting down and abandoning module Android_ASTCTargetPlatform (75)
[2017.10.14-13.23.21:551][415]LogModuleManager: Shutting down and abandoning module AndroidTargetPlatform (73)
[2017.10.14-13.23.21:551][415]LogModuleManager: Shutting down and abandoning module WindowsTargetPlatform (71)
[2017.10.14-13.23.21:551][415]LogModuleManager: Shutting down and abandoning module WindowsServerTargetPlatform (69)
[2017.10.14-13.23.21:551][415]LogModuleManager: Shutting down and abandoning module WindowsNoEditorTargetPlatform (67)
[2017.10.14-13.23.21:551][415]LogModuleManager: Shutting down and abandoning module WindowsClientTargetPlatform (65)
[2017.10.14-13.23.21:551][415]LogModuleManager: Shutting down and abandoning module MacTargetPlatform (63)
[2017.10.14-13.23.21:551][415]LogModuleManager: Shutting down and abandoning module MacServerTargetPlatform (61)
[2017.10.14-13.23.21:551][415]LogModuleManager: Shutting down and abandoning module MacNoEditorTargetPlatform (59)
[2017.10.14-13.23.21:551][415]LogModuleManager: Shutting down and abandoning module MacClientTargetPlatform (57)
[2017.10.14-13.23.21:551][415]LogModuleManager: Shutting down and abandoning module AllDesktopTargetPlatform (55)
[2017.10.14-13.23.21:551][415]LogModuleManager: Shutting down and abandoning module InputCore (52)
[2017.10.14-13.23.21:551][415]LogModuleManager: Shutting down and abandoning module Settings (50)
[2017.10.14-13.23.21:551][415]LogModuleManager: Shutting down and abandoning module OculusRift (48)
[2017.10.14-13.23.21:569][415]LogModuleManager: Shutting down and abandoning module GearVR (46)
[2017.10.14-13.23.21:570][415]LogModuleManager: Shutting down and abandoning module ExampleDeviceProfileSelector (44)
[2017.10.14-13.23.21:570][415]LogModuleManager: Shutting down and abandoning module OnlineBlueprintSupport (42)
[2017.10.14-13.23.21:570][415]LogModuleManager: Shutting down and abandoning module OnlineSubsystem (38)
[2017.10.14-13.23.21:570][415]LogOnline:Display: Unloading online subsystem: NULL
[2017.10.14-13.23.21:588][415]LogModuleManager: Shutting down and abandoning module XMPP (37)
[2017.10.14-13.23.21:600][415]LogModuleManager: Shutting down and abandoning module HTTP (35)
[2017.10.14-13.23.21:614][415]LogHttp:Display: Http module shutting down, but needs to wait on 1 outstanding Http requests:
[2017.10.14-13.23.21:614][415]LogHttp:Display: 	verb=[POST] url=[https://datarouter.ol.epicgames.com/datarouter/api/v1/public/data?SessionID=%7B1BC0509C-40CC-2E6E-35CD-29BA18069D94%7D&AppID=UEEditor.Rocket.Release&AppVersion=4.15.3-3450819%2B%2B%2BUE4%2BRelease-4.15&UserID=203cd22846209b4f8b77d28ccf32e6ff%7C89273462bd32443db345d53368ac8829%7Cb72b80ad-e83e-444b-86be-783fb756f975&AppEnvironment=datacollector-binary&UploadType=eteventstream] status=Processing
[2017.10.14-13.23.21:633][415]LogModuleManager: Shutting down and abandoning module SSL (34)
[2017.10.14-13.23.21:643][415]LogModuleManager: Shutting down and abandoning module AudioEditor (30)
[2017.10.14-13.23.21:662][415]LogModuleManager: Shutting down and abandoning module TextureCompressor (28)
[2017.10.14-13.23.21:664][415]LogModuleManager: Shutting down and abandoning module ShaderCore (26)
[2017.10.14-13.23.21:664][415]LogModuleManager: Shutting down and abandoning module Landscape (24)
[2017.10.14-13.23.21:664][415]LogModuleManager: Shutting down and abandoning module SlateRHIRenderer (22)
[2017.10.14-13.23.21:691][415]LogModuleManager: Shutting down and abandoning module OpenGLDrv (20)
[2017.10.14-13.23.21:717][415]LogModuleManager: Shutting down and abandoning module D3D11RHI (18)
[2017.10.14-13.23.21:717][415]LogModuleManager: Shutting down and abandoning module AnimGraphRuntime (16)
[2017.10.14-13.23.21:734][415]LogModuleManager: Shutting down and abandoning module Renderer (14)
[2017.10.14-13.23.21:734][415]LogModuleManager: Shutting down and abandoning module Engine (12)
[2017.10.14-13.23.21:734][415]LogModuleManager: Shutting down and abandoning module CoreUObject (10)
[2017.10.14-13.23.21:734][415]LogModuleManager: Shutting down and abandoning module NetworkFile (8)
[2017.10.14-13.23.21:753][415]LogModuleManager: Shutting down and abandoning module StreamingFile (6)
[2017.10.14-13.23.21:767][415]LogModuleManager: Shutting down and abandoning module SandboxFile (4)
[2017.10.14-13.23.21:767][415]LogModuleManager: Shutting down and abandoning module PakFile (2)
[2017.10.14-13.23.21:796][415]LogExit: Exiting.
[2017.10.14-13.23.21:805][415]Log file closed, 10/14/17 16:23:21
