Log file open, 07/05/17 16:53:03
LogInit:Display: Running engine for game: TimeKill
LogPlatformFile: Not using cached read wrapper
LogInit:Display: RandInit(1127095350) SRandInit(1127095350).
LogTaskGraph: Started task graph with 5 named threads and 8 total threads with 1 sets of task threads.
LogStats: Stats thread started at 0.071154
LogInit: Using libcurl 7.47.1
LogInit:  - built for x86_64-pc-win32
LogInit:  - supports SSL with OpenSSL/1.0.2g
LogInit:  - supports HTTP deflate (compression) using libz 1.2.8
LogInit:  - other features:
LogInit:      CURL_VERSION_SSL
LogInit:      CURL_VERSION_LIBZ
LogInit:      CURL_VERSION_IPV6
LogInit:      CURL_VERSION_ASYNCHDNS
LogInit:      CURL_VERSION_LARGEFILE
LogInit:      CURL_VERSION_IDN
LogInit:  CurlRequestOptions (configurable via config and command line):
LogInit:  - bVerifyPeer = false  - Libcurl will NOT verify peer certificate
LogInit:  - bUseHttpProxy = false  - Libcurl will NOT use HTTP proxy
LogInit:  - bDontReuseConnections = false  - Libcurl will reuse connections
LogInit:  - CertBundlePath = nullptr  - Libcurl will use whatever was configured at build time.
LogInit: Build: ++UE4+Release-4.15-CL-3450819
LogInit: Engine Version: 4.15.3-3450819+++UE4+Release-4.15
LogInit: Compatible Engine Version: 4.15.0-3299760+++UE4+Release-4.15
LogInit: Net CL: 3299760
LogDevObjectVersion: Number of dev versions registered: 14
LogDevObjectVersion:   Dev-Blueprints (B0D832E4-1F89-4F0D-ACCF-7EB736FD4AA2): 8
LogDevObjectVersion:   Dev-Build (E1C64328-A22C-4D53-A36C-8E866417BD8C): 0
LogDevObjectVersion:   Dev-Core (375EC13C-06E4-48FB-B500-84F0262A717E): 2
LogDevObjectVersion:   Dev-Editor (E4B068ED-F494-42E9-A231-DA0B2E46BB41): 14
LogDevObjectVersion:   Dev-Framework (CFFC743F-43B0-4480-9391-14DF171D2073): 22
LogDevObjectVersion:   Dev-Mobile (B02B49B5-BB20-44E9-A304-32B752E40360): 0
LogDevObjectVersion:   Dev-Networking (A4E4105C-59A1-49B5-A7C5-40C4547EDFEE): 0
LogDevObjectVersion:   Dev-Online (39C831C9-5AE6-47DC-9A44-9C173E1C8E7C): 0
LogDevObjectVersion:   Dev-Physics (78F01B33-EBEA-4F98-B9B4-84EACCB95AA2): 0
LogDevObjectVersion:   Dev-Platform (6631380F-2D4D-43E0-8009-CF276956A95A): 0
LogDevObjectVersion:   Dev-Rendering (12F88B9F-8875-4AFC-A67C-D90C383ABD29): 12
LogDevObjectVersion:   Dev-Sequencer (7B5AE74C-D270-4C10-A958-57980B212A5A): 3
LogDevObjectVersion:   Dev-VR (D7296918-1DD6-4BDD-9DE2-64A83CC13884): 0
LogDevObjectVersion:   Dev-LoadTimes (C2A15278-BFE7-4AFE-6C17-90FF531DF755): 1
LogInit: Compiled (64-bit): May 21 2017 11:02:34
LogInit: Compiled with Visual C++: 19.00.23026.00
LogInit: Build Configuration: Development
LogInit: Branch Name: ++UE4+Release-4.15
LogInit: Command line:  
LogInit: Base directory: D:/Program Files/Epic Games/UE_4.15/Engine/Binaries/Win64/
LogInit: Installed Engine Build: 1
LogInit: Presizing for max 8388607 objects, including 0 objects not considered by GC, pre-allocating 0 bytes for permanent pool.
LogInit: Object subsystem initialized
[2017.07.05-13.53.04:441][  0]LogInit: Selected Device Profile: [Windows]
[2017.07.05-13.53.04:441][  0]LogInit: Applying CVar settings loaded from the selected device profile: [Windows]
[2017.07.05-13.53.04:463][  0]LogInit: Computer: DESKTOP-S9EOI2C
[2017.07.05-13.53.04:463][  0]LogInit: User: IzPOD
[2017.07.05-13.53.04:463][  0]LogInit: CPU Page size=65536, Cores=4
[2017.07.05-13.53.04:463][  0]LogInit: High frequency timer resolution =3.312786 MHz
[2017.07.05-13.53.04:464][  0]LogMemory: Memory total: Physical=7.9GB (8GB approx)
[2017.07.05-13.53.04:464][  0]LogMemory: Platform Memory Stats for Windows
[2017.07.05-13.53.04:464][  0]LogMemory: Process Physical Memory: 262.00 MB used, 262.00 MB peak
[2017.07.05-13.53.04:464][  0]LogMemory: Process Virtual Memory: 262.05 MB used, 262.05 MB peak
[2017.07.05-13.53.04:464][  0]LogMemory: Physical Memory: 5156.54 MB used,  2968.27 MB free, 8124.80 MB total
[2017.07.05-13.53.04:464][  0]LogMemory: Virtual Memory: 644.05 MB used,  2968.27 MB free, 134217728.00 MB total
[2017.07.05-13.53.04:539][  0]LogTextLocalizationManager: No translations for ('ru-RU') exist, falling back to 'en' for localization and internationalization data.
[2017.07.05-13.53.05:224][  0]LogD3D11RHI: D3D11 adapters:
[2017.07.05-13.53.05:265][  0]LogD3D11RHI:    0. 'NVIDIA GeForce GTX 670' (Feature Level 11_0)
[2017.07.05-13.53.05:265][  0]LogD3D11RHI:       2017/0/4062 MB DedicatedVideo/DedicatedSystem/SharedSystem, Outputs:2, VendorId:0x10de
[2017.07.05-13.53.05:266][  0]LogD3D11RHI:    1. 'Microsoft Basic Render Driver' (Feature Level 11_0)
[2017.07.05-13.53.05:266][  0]LogD3D11RHI:       0/0/4062 MB DedicatedVideo/DedicatedSystem/SharedSystem, Outputs:0, VendorId:0x1414
[2017.07.05-13.53.05:266][  0]LogD3D11RHI: Chosen D3D11 Adapter: 0
[2017.07.05-13.53.05:272][  0]LogD3D11RHI: Creating new Direct3DDevice
[2017.07.05-13.53.05:272][  0]LogD3D11RHI:     GPU DeviceId: 0x1189 (for the marketing name, search the web for "GPU Device Id")
[2017.07.05-13.53.05:272][  0]LogWindows: EnumDisplayDevices:
[2017.07.05-13.53.05:272][  0]LogWindows:    0. 'NVIDIA GeForce GTX 670' (P:1 D:1)
[2017.07.05-13.53.05:272][  0]LogWindows:    1. 'NVIDIA GeForce GTX 670' (P:0 D:1)
[2017.07.05-13.53.05:273][  0]LogWindows:    2. 'NVIDIA GeForce GTX 670' (P:0 D:0)
[2017.07.05-13.53.05:273][  0]LogWindows:    3. 'NVIDIA GeForce GTX 670' (P:0 D:0)
[2017.07.05-13.53.05:273][  0]LogWindows: DebugString: FoundDriverCount:4 
[2017.07.05-13.53.05:273][  0]LogD3D11RHI:     Adapter Name: NVIDIA GeForce GTX 670
[2017.07.05-13.53.05:273][  0]LogD3D11RHI:   Driver Version: 382.05 (internal:22.21.13.8205, unified:382.05)
[2017.07.05-13.53.05:273][  0]LogD3D11RHI:      Driver Date: 5-1-2017
[2017.07.05-13.53.05:273][  0]LogRHI: Texture pool is 1361 MB (70% of 1945 MB)
[2017.07.05-13.53.05:305][  0]LogD3D11RHI:Warning: Timestamp queries are currently disabled on this hardware due to instability. Realtime GPU stats will not be available. You can override this behaviour by setting r.NVIDIATimestampWorkaround to 0
[2017.07.05-13.53.05:306][  0]LogD3D11RHI: Async texture creation enabled
[2017.07.05-13.53.05:322][  0]LogD3D11RHI: GPU Timing Frequency: 1000.000000 (Debug: 2 1)
[2017.07.05-13.53.05:326][  0]LogShaderCompilers: Guid format shader working directory is -8 characters bigger than the processId version (../../../../../../P - programist/UE4/Timekill/TimeKill/Intermediate/Shaders/WorkingDirectory/1080/).
[2017.07.05-13.53.05:326][  0]LogShaderCompilers: Cleaned the shader compiler working directory 'C:/Users/IzPOD/AppData/Local/Temp/UnrealShaderWorkingDir/460737A34BD3CE3218A1B6911AF09FD4/'.
[2017.07.05-13.53.05:326][  0]LogShaderCompilers:Display: Using Local Shader Compiler.
[2017.07.05-13.53.06:632][  0]LogTemp:Display: Loaded TP AllDesktopTargetPlatform
[2017.07.05-13.53.06:687][  0]LogTemp:Display: Loaded TP MacClientTargetPlatform
[2017.07.05-13.53.06:739][  0]LogTemp:Display: Loaded TP MacNoEditorTargetPlatform
[2017.07.05-13.53.06:792][  0]LogTemp:Display: Loaded TP MacServerTargetPlatform
[2017.07.05-13.53.06:847][  0]LogTemp:Display: Loaded TP MacTargetPlatform
[2017.07.05-13.53.06:905][  0]LogTemp:Display: Loaded TP WindowsClientTargetPlatform
[2017.07.05-13.53.06:962][  0]LogTemp:Display: Loaded TP WindowsNoEditorTargetPlatform
[2017.07.05-13.53.07:018][  0]LogTemp:Display: Loaded TP WindowsServerTargetPlatform
[2017.07.05-13.53.07:060][  0]LogTemp:Display: Loaded TP WindowsTargetPlatform
[2017.07.05-13.53.07:117][  0]LogTemp:Display: Loaded TP AndroidTargetPlatform
[2017.07.05-13.53.07:174][  0]LogTemp:Display: Loaded TP Android_ASTCTargetPlatform
[2017.07.05-13.53.07:230][  0]LogTemp:Display: Loaded TP Android_ATCTargetPlatform
[2017.07.05-13.53.07:282][  0]LogTemp:Display: Loaded TP Android_DXTTargetPlatform
[2017.07.05-13.53.07:335][  0]LogTemp:Display: Loaded TP Android_ETC1TargetPlatform
[2017.07.05-13.53.07:387][  0]LogTemp:Display: Loaded TP Android_ETC2TargetPlatform
[2017.07.05-13.53.07:491][  0]LogTemp:Display: Loaded TP Android_MultiTargetPlatform
[2017.07.05-13.53.07:491][  0]LogTemp:Display: Loaded TP Android_PVRTCTargetPlatform
[2017.07.05-13.53.07:527][  0]LogTemp:Display: Loaded TP HTML5TargetPlatform
[2017.07.05-13.53.07:626][  0]LogTemp:Display: Loaded TP IOSTargetPlatform
[2017.07.05-13.53.07:662][  0]LogTemp:Display: Loaded TP TVOSTargetPlatform
[2017.07.05-13.53.07:717][  0]LogTemp:Display: Loaded TP LinuxClientTargetPlatform
[2017.07.05-13.53.07:780][  0]LogTemp:Display: Loaded TP LinuxNoEditorTargetPlatform
[2017.07.05-13.53.07:830][  0]LogTemp:Display: Loaded TP LinuxServerTargetPlatform
[2017.07.05-13.53.07:880][  0]LogTemp:Display: Loaded TP LinuxTargetPlatform
[2017.07.05-13.53.07:880][  0]LogTargetPlatformManager:Display: Building Assets For Windows
[2017.07.05-13.53.08:261][  0]LogDerivedDataCache:Display: Max Cache Size: 512 MB
[2017.07.05-13.53.08:328][  0]LogDerivedDataCache: Loaded boot cache 0.07s 50MB C:/Users/IzPOD/AppData/Local/UnrealEngine/4.15/DerivedDataCache/Boot.ddc.
[2017.07.05-13.53.08:328][  0]LogDerivedDataCache:Display: Loaded Boot cache: C:/Users/IzPOD/AppData/Local/UnrealEngine/4.15/DerivedDataCache/Boot.ddc
[2017.07.05-13.53.08:328][  0]LogDerivedDataCache: FDerivedDataBackendGraph:  Pak pak cache file ../../../../../../P - programist/UE4/Timekill/TimeKill/DerivedDataCache/DDC.ddp not found, will not use a pak cache.
[2017.07.05-13.53.08:328][  0]LogDerivedDataCache: Unable to find inner node Pak for hierarchical cache Hierarchy.
[2017.07.05-13.53.08:328][  0]LogDerivedDataCache: FDerivedDataBackendGraph:  CompressedPak pak cache file ../../../../../../P - programist/UE4/Timekill/TimeKill/DerivedDataCache/Compressed.ddp not found, will not use a pak cache.
[2017.07.05-13.53.08:328][  0]LogDerivedDataCache: Unable to find inner node CompressedPak for hierarchical cache Hierarchy.
[2017.07.05-13.53.08:348][  0]LogDerivedDataCache:Display: Pak cache opened for reading ../../../Engine/DerivedDataCache/Compressed.ddp.
[2017.07.05-13.53.08:360][  0]LogDerivedDataCache: Using Local data cache path C:/Users/IzPOD/AppData/Local/UnrealEngine/Common/DerivedDataCache: Writable
[2017.07.05-13.53.08:370][  0]LogSlate: Using Freetype 2.6.0
[2017.07.05-13.53.08:370][  0]LogSlate: SlateFontCache - WITH_FREETYPE: 1, WITH_HARFBUZZ: 1
[2017.07.05-13.53.08:370][  0]LogSlate: SlateFontCache - WITH_FREETYPE: 1, WITH_HARFBUZZ: 1
[2017.07.05-13.53.08:684][  0]LogInit: Selected Device Profile: [Windows]
[2017.07.05-13.53.08:688][  0]LogContentStreaming: Texture pool size is 0.00 MB
[2017.07.05-13.53.08:966][  0]LogMeshUtilities: Using QuadricMeshReduction for automatic static mesh reduction
[2017.07.05-13.53.09:013][  0]LogSimplygon: Simplygon DLL not present - disabling.
[2017.07.05-13.53.09:061][  0]LogMeshUtilities: Using SimplygonSwarm for distributed automatic mesh merging
[2017.07.05-13.53.09:061][  0]LogMeshUtilities: No automatic skeletal mesh reduction module available
[2017.07.05-13.53.09:061][  0]LogMeshUtilities: No automatic mesh merging module available
[2017.07.05-13.53.09:708][  0]LogNetVersion: GetLocalNetworkVersion: CL: 3299760, ProjectName: timekill, ProjectVersion: , EngineNetworkVersion: 2, GameNetworkVersion: 0, NetworkChecksum: 844999791
[2017.07.05-13.53.09:755][  0]LogAssetRegistry: FAssetRegistry took 0.0221 seconds to start up
[2017.07.05-13.53.09:854][  0]LogPackageLocalizationCache: Processed 3 localized package path(s) for 1 prioritized culture(s) in 0.080419 seconds
[2017.07.05-13.53.09:861][  0]LogUObjectArray: 32493 objects as part of root set at end of initial load.
[2017.07.05-13.53.09:861][  0]LogUObjectAllocator: 7077032 out of 0 bytes used by permanent object pool.
[2017.07.05-13.53.09:861][  0]LogUObjectArray: CloseDisregardForGC: 0/0 objects in disregard for GC pool
[2017.07.05-13.53.09:928][  0]LogInit: WinSock: version 1.1 (2.2), MaxSocks=32767, MaxUdp=65467
[2017.07.05-13.53.11:488][  0]LogTcpMessaging: Initializing TcpMessaging bridge
[2017.07.05-13.53.11:525][  0]LogUdpMessaging: Initializing bridge on interface 0.0.0.0:0 to multicast group 230.0.0.1:6666.
[2017.07.05-13.53.11:965][  0]LogMaterial: Uniform references updated for custom material expression Custom.
[2017.07.05-13.53.12:309][  0]SourceControl: Info Source control is disabled
[2017.07.05-13.53.12:309][  0]SourceControl: Info Source control is disabled
[2017.07.05-13.53.12:357][  0]SourceControl: Info Source control is disabled
[2017.07.05-13.53.12:400][  0]SourceControl: Info Source control is disabled
[2017.07.05-13.53.12:663][  0]LogLinker:Warning: Can't find file '/Game/PuzzleBP/Tutorial/Part1-Overview'
[2017.07.05-13.53.12:663][  0]LogLinker:Warning: Can't find file '/Game/PuzzleBP/Tutorial/Part1-Overview'
[2017.07.05-13.53.12:663][  0]LogUObjectGlobals:Warning: Failed to find object 'Class /Game/PuzzleBP/Tutorial/Part1-Overview.Part1-Overview_C'
[2017.07.05-13.53.12:663][  0]LogLinker:Warning: Can't find file '/Game/PuzzleBP/Tutorial/Part2-BlockBlueprint'
[2017.07.05-13.53.12:663][  0]LogLinker:Warning: Can't find file '/Game/PuzzleBP/Tutorial/Part2-BlockBlueprint'
[2017.07.05-13.53.12:663][  0]LogUObjectGlobals:Warning: Failed to find object 'Class /Game/PuzzleBP/Tutorial/Part2-BlockBlueprint.Part2-BlockBlueprint_C'
[2017.07.05-13.53.13:493][  0]LogEngine: Initializing Engine...
[2017.07.05-13.53.13:493][  0]LogHMD: Failed to initialize OpenVR with code 110
[2017.07.05-13.53.13:613][  0]LogStats: UGameplayTagsManager::ConstructGameplayTagTree: Construct from data asset -  0.000 s
[2017.07.05-13.53.13:613][  0]LogStats: UGameplayTagsManager::ConstructGameplayTagTree: GameplayTagTreeChangedEvent.Broadcast -  0.000 s
[2017.07.05-13.53.13:717][  0]LogAIModule: Creating AISystem for world Untitled
[2017.07.05-13.53.13:728][  0]LogInit: XAudio2 using 'Динамики (Logitech G430 Gaming Headset)' : 8 channels at 48 kHz using 16 bits per sample (channel mask 0x63f)
[2017.07.05-13.53.13:745][  0]LogInit: FAudioDevice initialized.
[2017.07.05-13.53.13:777][  0]LogDerivedDataCache: Saved boot cache 0.03s 50MB C:/Users/IzPOD/AppData/Local/UnrealEngine/4.15/DerivedDataCache/Boot.ddc.
[2017.07.05-13.53.13:791][  0]LogInit: Texture streaming: Enabled
[2017.07.05-13.53.13:879][  0]LogEngineSessionManager: EngineSessionManager initialized
[2017.07.05-13.53.13:966][  0]LogInit: Transaction tracking system initialized
[2017.07.05-13.53.14:288][  0]BlueprintLog: New page: Editor Load
[2017.07.05-13.53.15:076][  0]LocalizationService: Info Localization service is disabled
[2017.07.05-13.53.15:681][  0]LogConsoleResponse:Display: 
[2017.07.05-13.53.15:834][  0]LogCook:Display: Max memory allowance for cook 16384mb min free memory 0mb
[2017.07.05-13.53.15:834][  0]LogCook:Display: Mobile HDR setting 0
[2017.07.05-13.53.16:467][  0]LogFileCache: Scanning file cache for directory 'D:/P - programist/UE4/Timekill/TimeKill/Content/' took 0.01s
[2017.07.05-13.53.16:720][  0]SourceControl: Info Source control is disabled
[2017.07.05-13.53.16:720][  0]Cmd: MAP LOAD FILE="../../../Engine/Content/Maps/Templates/Template_Default.umap" TEMPLATE=1 SHOWPROGRESS=1 FEATURELEVEL=3
[2017.07.05-13.53.16:749][  0]LightingResults: New page: Lighting Build
[2017.07.05-13.53.16:782][  0]MapCheck: New page: Map Check
[2017.07.05-13.53.16:782][  0]LightingResults: New page: Lighting Build
[2017.07.05-13.53.17:086][  0]LogAIModule: Creating AISystem for world Untitled_1
[2017.07.05-13.53.17:105][  0]LogActorComponent: RegisterComponentWithWorld: (/Temp/Untitled_1.Untitled_1:PersistentLevel.WorldSettings_1.StaticMeshComponent0) Trying to register component with IsPendingKill() == true. Aborting.
[2017.07.05-13.53.17:121][  0]LogEditorServer: Finished looking for orphan Actors (0.000 secs)
[2017.07.05-13.53.17:149][  0]Cmd: MAP CHECKDEP NOCLEARLOG
[2017.07.05-13.53.17:182][  0]MapCheck: Info Map check complete: 0 Error(s), 0 Warning(s), took 33.206ms to complete.
[2017.07.05-13.53.17:182][  0]LogFileHelpers: Loading map 'Template_Default' took 0.462
[2017.07.05-13.53.17:507][  0]LogCollectionManager: Loaded 0 collections in 0.001172 seconds
[2017.07.05-13.53.17:585][  0]LogFileCache: Scanning file cache for directory 'D:/P - programist/UE4/Timekill/TimeKill/Saved/Collections/' took 0.01s
[2017.07.05-13.53.17:585][  0]LogFileCache: Scanning file cache for directory 'D:/P - programist/UE4/Timekill/TimeKill/Content/Developers/IzPOD/Collections/' took 0.01s
[2017.07.05-13.53.17:585][  0]LogFileCache: Scanning file cache for directory 'D:/P - programist/UE4/Timekill/TimeKill/Content/Collections/' took 0.01s
[2017.07.05-13.53.17:585][  0]LogCollectionManager: Rebuilt the GUID cache for 0 collections in 0.000002 seconds
[2017.07.05-13.53.17:595][  0]LogContentBrowser: Native class hierarchy populated in 0.0097 seconds. Added 2246 classes and 455 folders.
[2017.07.05-13.53.17:650][  0]LogContentBrowser: Native class hierarchy updated for 'WidgetCarousel' in 0.0005 seconds. Added 0 classes and 0 folders.
[2017.07.05-13.53.17:687][  0]LogContentBrowser: Native class hierarchy updated for 'AddContentDialog' in 0.0005 seconds. Added 0 classes and 0 folders.
[2017.07.05-13.53.17:709][  0]LogCrashTracker: Crashtracker disabled due to settings.
[2017.07.05-13.53.17:717][  0]LogUObjectGlobals:Warning: Failed to find object 'Class None.'
[2017.07.05-13.53.17:775][  0]LogContentBrowser: Native class hierarchy updated for 'HierarchicalLODOutliner' in 0.0006 seconds. Added 1 classes and 2 folders.
[2017.07.05-13.53.17:775][  0]LogLoad: (Engine Initialization) Total time: 15.51 seconds
[2017.07.05-13.53.17:775][  0]LogLoad: (Engine Initialization) Total Blueprint compile time: 0.09 seconds
[2017.07.05-13.53.17:775][  0]LogExternalProfiler: No external profilers were discovered.  External profiling features will not be available.
[2017.07.05-13.53.18:114][  0]LogOcInput: OculusInput pre-init called
[2017.07.05-13.53.18:136][  0]LogContentStreaming: Texture pool size now 1000 MB
[2017.07.05-13.53.18:137][  0]LogSlate: Took 0.000200 seconds to synchronously load lazily loaded font '../../../Engine/Content/Slate/Fonts/Roboto-Regular.ttf' (155K)
[2017.07.05-13.53.18:142][  0]LogSlate: Took 0.000227 seconds to synchronously load lazily loaded font '../../../Engine/Content/Slate/Fonts/Roboto-Bold.ttf' (160K)
[2017.07.05-13.53.18:145][  0]LogSlate: Took 0.000177 seconds to synchronously load lazily loaded font '../../../Engine/Content/Editor/Slate/Fonts/FontAwesome.ttf' (139K)
[2017.07.05-13.53.18:285][  0]LogRenderer: Reallocating scene render targets to support 1068x924 NumSamples 1 (Frame:2).
[2017.07.05-13.53.18:454][  1]LogAssetRegistry: Asset discovery search completed in 8.7218 seconds
[2017.07.05-13.53.18:454][  1]LogCollectionManager: Rebuilt the object cache for 0 collections in 0.000006 seconds (found 0 objects)
[2017.07.05-13.53.18:454][  1]LogCollectionManager: Fixed up redirectors for 0 collections in 0.000021 seconds (updated 0 objects)
[2017.07.05-13.53.19:112][  3]LogSlate: Took 0.000232 seconds to synchronously load lazily loaded font '../../../Engine/Content/Slate/Fonts/Roboto-Light.ttf' (159K)
[2017.07.05-13.53.22:294][372]LogSlate: Took 0.000140 seconds to synchronously load lazily loaded font '../../../Engine/Content/Slate/Fonts/Roboto-Light.ttf' (159K)
[2017.07.05-13.53.28:108][ 48]LogSlate: Took 0.000160 seconds to synchronously load lazily loaded font '../../../Engine/Content/Slate/Fonts/Roboto-Light.ttf' (159K)
[2017.07.05-13.53.28:293][ 48]LogAIModule: Creating AISystem for world GameLavel
[2017.07.05-13.53.28:340][ 48]Cmd: MAP LOAD FILE="../../../../../../P - programist/UE4/Timekill/TimeKill/Content/GameLavel.umap" TEMPLATE=0 SHOWPROGRESS=1 FEATURELEVEL=3
[2017.07.05-13.53.28:340][ 48]LightingResults: New page: Lighting Build
[2017.07.05-13.53.28:342][ 48]LoadErrors: New page: Loading map: GameLavel.umap
[2017.07.05-13.53.28:348][ 48]MapCheck: New page: Map Check
[2017.07.05-13.53.28:348][ 48]LightingResults: New page: Lighting Build
[2017.07.05-13.53.28:494][ 48]LogEditorServer: Finished looking for orphan Actors (0.000 secs)
[2017.07.05-13.53.28:545][ 48]Cmd: MAP CHECKDEP NOCLEARLOG
[2017.07.05-13.53.28:580][ 48]MapCheck: Info Map check complete: 0 Error(s), 0 Warning(s), took 35.411ms to complete.
[2017.07.05-13.53.28:580][ 48]LogFileHelpers: Loading map 'GameLavel' took 0.254
[2017.07.05-13.53.29:813][183]LogEditorViewport: Clicking on Actor (LMB): CameraActor (CameraActor)
[2017.07.05-13.53.31:837][389]LogEditorViewport: Clicking on Actor (LMB): Player_C (Player)
[2017.07.05-13.53.56:326][ 47]LogContentBrowser: Native class hierarchy updated for 'BlueprintGraph' in 0.0010 seconds. Added 112 classes and 0 folders.
[2017.07.05-13.53.57:056][ 47]LogSlate: Took 0.000184 seconds to synchronously load lazily loaded font '../../../Engine/Content/Slate/Fonts/Roboto-Regular.ttf' (155K)
[2017.07.05-13.53.57:258][ 48]LogRenderer: Reallocating scene render targets to support 1308x924 NumSamples 1 (Frame:5562).
[2017.07.05-13.53.59:485][249]LogSlate: Took 0.000205 seconds to synchronously load lazily loaded font '../../../Engine/Content/Editor/Slate/Fonts/Roboto-BoldCondensed.ttf' (158K)
[2017.07.05-13.54.00:660][380]LogSlate: Took 0.000255 seconds to synchronously load lazily loaded font '../../../Engine/Content/Editor/Slate/Fonts/Roboto-Italic.ttf' (157K)
[2017.07.05-13.54.29:323][684]BlueprintLog: New page: Compile Player1
[2017.07.05-13.54.39:020][759]LogEditorActor: Deleted Actor: Player_C
[2017.07.05-13.54.39:036][759]LogEditorActor: Deleted 1 Actors (0.020 secs)
[2017.07.05-13.54.43:157][252]LogEditorViewport: Clicking on Actor (LMB): Player1_C (Player1)
[2017.07.05-13.54.46:944][689]LogEditorViewport: Clicking on Actor (LMB): PaperSpriteActor (Untitled-2_Sprite)
[2017.07.05-13.54.48:154][826]LogEditorViewport: Clicking Background
[2017.07.05-13.54.49:563][993]LogTemp: Repeting last play command: New Editor Window (PIE)
[2017.07.05-13.54.49:583][993]LogBlueprintUserMessages: Early PlayInEditor Detection: Level '/Game/GameLavel.GameLavel:PersistentLevel' has LevelScriptBlueprint '/Game/GameLavel.GameLavel:PersistentLevel.GameLavel' with GeneratedClass '/Game/GameLavel.GameLavel_C' with ClassGeneratedBy '/Game/GameLavel.GameLavel:PersistentLevel.GameLavel'
[2017.07.05-13.54.49:583][993]LogPlayLevel: PlayLevel: No blueprints needed recompiling
[2017.07.05-13.54.49:583][993]PIE: New page: PIE session: GameLavel (Jul 5, 2017, 7:54:49 PM)
[2017.07.05-13.54.49:583][993]LogPlayLevel: Creating play world package: /Game/UEDPIE_0_GameLavel
[2017.07.05-13.54.49:586][993]LogPlayLevel: PIE: StaticDuplicateObject took: (0.002818s)
[2017.07.05-13.54.49:587][993]LogAIModule: Creating AISystem for world GameLavel
[2017.07.05-13.54.49:587][993]LogPlayLevel: PIE: World Init took: (0.001133s)
[2017.07.05-13.54.49:587][993]LogPlayLevel: PIE: Created PIE world by copying editor world from /Game/GameLavel.GameLavel to /Game/UEDPIE_0_GameLavel.GameLavel (0.004177s)
[2017.07.05-13.54.49:607][993]LogInit: XAudio2 using 'Динамики (Logitech G430 Gaming Headset)' : 8 channels at 48 kHz using 16 bits per sample (channel mask 0x63f)
[2017.07.05-13.54.49:619][993]LogInit: FAudioDevice initialized.
[2017.07.05-13.54.49:701][993]LogLoad: Game class is 'Mouse_GameMode_C'
[2017.07.05-13.54.49:703][993]LogWorld: Bringing World /Game/UEDPIE_0_GameLavel.GameLavel up for play (max tick rate 0) at 2017.07.05-16.54.49
[2017.07.05-13.54.49:704][993]LogWorld: Bringing up level for play took: 0.001574
[2017.07.05-13.54.49:757][993]LogContentBrowser: Native class hierarchy updated for 'MovieSceneCapture' in 0.0006 seconds. Added 11 classes and 0 folders.
[2017.07.05-13.54.49:763][993]PIE: Info Play in editor start time for /Game/UEDPIE_0_GameLavel 1.008
[2017.07.05-13.54.49:763][993]LogBlueprintUserMessages: Late PlayInEditor Detection: Level '/Game/GameLavel.GameLavel:PersistentLevel' has LevelScriptBlueprint '/Game/GameLavel.GameLavel:PersistentLevel.GameLavel' with GeneratedClass '/Game/GameLavel.GameLavel_C' with ClassGeneratedBy '/Game/GameLavel.GameLavel:PersistentLevel.GameLavel'
[2017.07.05-13.54.49:842][993]LogRenderer: Reallocating scene render targets to support 1308x996 NumSamples 1 (Frame:12608).
[2017.07.05-13.54.51:199][136]LogBlueprintUserMessages: Early EndPlayMap Detection: Level '/Game/GameLavel.GameLavel:PersistentLevel' has LevelScriptBlueprint '/Game/GameLavel.GameLavel:PersistentLevel.GameLavel' with GeneratedClass '/Game/GameLavel.GameLavel_C' with ClassGeneratedBy '/Game/GameLavel.GameLavel:PersistentLevel.GameLavel'
[2017.07.05-13.54.51:228][136]LogBlueprintUserMessages: Late EndPlayMap Detection: Level '/Game/GameLavel.GameLavel:PersistentLevel' has LevelScriptBlueprint '/Game/GameLavel.GameLavel:PersistentLevel.GameLavel' with GeneratedClass '/Game/GameLavel.GameLavel_C' with ClassGeneratedBy '/Game/GameLavel.GameLavel:PersistentLevel.GameLavel'
[2017.07.05-13.54.54:244][487]LogTemp: Repeting last play command: New Editor Window (PIE)
[2017.07.05-13.54.54:258][487]LogBlueprintUserMessages: Early PlayInEditor Detection: Level '/Game/GameLavel.GameLavel:PersistentLevel' has LevelScriptBlueprint '/Game/GameLavel.GameLavel:PersistentLevel.GameLavel' with GeneratedClass '/Game/GameLavel.GameLavel_C' with ClassGeneratedBy '/Game/GameLavel.GameLavel:PersistentLevel.GameLavel'
[2017.07.05-13.54.54:258][487]LogPlayLevel: PlayLevel: No blueprints needed recompiling
[2017.07.05-13.54.54:258][487]PIE: New page: PIE session: GameLavel (Jul 5, 2017, 7:54:54 PM)
[2017.07.05-13.54.54:258][487]LogPlayLevel: Creating play world package: /Game/UEDPIE_0_GameLavel
[2017.07.05-13.54.54:260][487]LogPlayLevel: PIE: StaticDuplicateObject took: (0.002147s)
[2017.07.05-13.54.54:261][487]LogAIModule: Creating AISystem for world GameLavel
[2017.07.05-13.54.54:261][487]LogPlayLevel: PIE: World Init took: (0.000720s)
[2017.07.05-13.54.54:261][487]LogPlayLevel: PIE: Created PIE world by copying editor world from /Game/GameLavel.GameLavel to /Game/UEDPIE_0_GameLavel.GameLavel (0.003050s)
[2017.07.05-13.54.54:286][487]LogInit: XAudio2 using 'Динамики (Logitech G430 Gaming Headset)' : 8 channels at 48 kHz using 16 bits per sample (channel mask 0x63f)
[2017.07.05-13.54.54:297][487]LogInit: FAudioDevice initialized.
[2017.07.05-13.54.54:359][487]LogLoad: Game class is 'Mouse_GameMode_C'
[2017.07.05-13.54.54:361][487]LogWorld: Bringing World /Game/UEDPIE_0_GameLavel.GameLavel up for play (max tick rate 0) at 2017.07.05-16.54.54
[2017.07.05-13.54.54:361][487]LogWorld: Bringing up level for play took: 0.001450
[2017.07.05-13.54.54:366][487]PIE: Info Play in editor start time for /Game/UEDPIE_0_GameLavel -0.389
[2017.07.05-13.54.54:366][487]LogBlueprintUserMessages: Late PlayInEditor Detection: Level '/Game/GameLavel.GameLavel:PersistentLevel' has LevelScriptBlueprint '/Game/GameLavel.GameLavel:PersistentLevel.GameLavel' with GeneratedClass '/Game/GameLavel.GameLavel_C' with ClassGeneratedBy '/Game/GameLavel.GameLavel:PersistentLevel.GameLavel'
[2017.07.05-13.54.55:552][609]LogBlueprintUserMessages: Early EndPlayMap Detection: Level '/Game/GameLavel.GameLavel:PersistentLevel' has LevelScriptBlueprint '/Game/GameLavel.GameLavel:PersistentLevel.GameLavel' with GeneratedClass '/Game/GameLavel.GameLavel_C' with ClassGeneratedBy '/Game/GameLavel.GameLavel:PersistentLevel.GameLavel'
[2017.07.05-13.54.55:587][609]LogBlueprintUserMessages: Late EndPlayMap Detection: Level '/Game/GameLavel.GameLavel:PersistentLevel' has LevelScriptBlueprint '/Game/GameLavel.GameLavel:PersistentLevel.GameLavel' with GeneratedClass '/Game/GameLavel.GameLavel_C' with ClassGeneratedBy '/Game/GameLavel.GameLavel:PersistentLevel.GameLavel'
[2017.07.05-13.55.49:004][958]LogTemp: Repeting last play command: New Editor Window (PIE)
[2017.07.05-13.55.49:018][958]LogBlueprintUserMessages: Early PlayInEditor Detection: Level '/Game/GameLavel.GameLavel:PersistentLevel' has LevelScriptBlueprint '/Game/GameLavel.GameLavel:PersistentLevel.GameLavel' with GeneratedClass '/Game/GameLavel.GameLavel_C' with ClassGeneratedBy '/Game/GameLavel.GameLavel:PersistentLevel.GameLavel'
[2017.07.05-13.55.49:018][958]LogPlayLevel: PlayLevel: No blueprints needed recompiling
[2017.07.05-13.55.49:019][958]PIE: New page: PIE session: GameLavel (Jul 5, 2017, 7:55:49 PM)
[2017.07.05-13.55.49:019][958]LogPlayLevel: Creating play world package: /Game/UEDPIE_0_GameLavel
[2017.07.05-13.55.49:021][958]LogPlayLevel: PIE: StaticDuplicateObject took: (0.002286s)
[2017.07.05-13.55.49:022][958]LogPlayLevel: PIE: World Init took: (0.000792s)
[2017.07.05-13.55.49:022][958]LogPlayLevel: PIE: Created PIE world by copying editor world from /Game/GameLavel.GameLavel to /Game/UEDPIE_0_GameLavel.GameLavel (0.003301s)
[2017.07.05-13.55.49:059][958]LogInit: XAudio2 using 'Динамики (Logitech G430 Gaming Headset)' : 8 channels at 48 kHz using 16 bits per sample (channel mask 0x63f)
[2017.07.05-13.55.49:071][958]LogInit: FAudioDevice initialized.
[2017.07.05-13.55.49:130][958]LogLoad: Game class is 'Mouse_GameMode_C'
[2017.07.05-13.55.49:132][958]LogWorld: Bringing World /Game/UEDPIE_0_GameLavel.GameLavel up for play (max tick rate 0) at 2017.07.05-16.55.49
[2017.07.05-13.55.49:133][958]LogWorld: Bringing up level for play took: 0.001538
[2017.07.05-13.55.49:138][958]PIE: Info Play in editor start time for /Game/UEDPIE_0_GameLavel 0.383
[2017.07.05-13.55.49:138][958]LogBlueprintUserMessages: Late PlayInEditor Detection: Level '/Game/GameLavel.GameLavel:PersistentLevel' has LevelScriptBlueprint '/Game/GameLavel.GameLavel:PersistentLevel.GameLavel' with GeneratedClass '/Game/GameLavel.GameLavel_C' with ClassGeneratedBy '/Game/GameLavel.GameLavel:PersistentLevel.GameLavel'
[2017.07.05-13.55.50:242][ 67]LogBlueprintUserMessages: Early EndPlayMap Detection: Level '/Game/GameLavel.GameLavel:PersistentLevel' has LevelScriptBlueprint '/Game/GameLavel.GameLavel:PersistentLevel.GameLavel' with GeneratedClass '/Game/GameLavel.GameLavel_C' with ClassGeneratedBy '/Game/GameLavel.GameLavel:PersistentLevel.GameLavel'
[2017.07.05-13.55.50:338][ 67]LogBlueprintUserMessages: Late EndPlayMap Detection: Level '/Game/GameLavel.GameLavel:PersistentLevel' has LevelScriptBlueprint '/Game/GameLavel.GameLavel:PersistentLevel.GameLavel' with GeneratedClass '/Game/GameLavel.GameLavel_C' with ClassGeneratedBy '/Game/GameLavel.GameLavel:PersistentLevel.GameLavel'
[2017.07.05-13.56.05:082][823]LogTemp: Repeting last play command: New Editor Window (PIE)
[2017.07.05-13.56.05:096][823]LogBlueprintUserMessages: Early PlayInEditor Detection: Level '/Game/GameLavel.GameLavel:PersistentLevel' has LevelScriptBlueprint '/Game/GameLavel.GameLavel:PersistentLevel.GameLavel' with GeneratedClass '/Game/GameLavel.GameLavel_C' with ClassGeneratedBy '/Game/GameLavel.GameLavel:PersistentLevel.GameLavel'
[2017.07.05-13.56.05:096][823]LogPlayLevel: PlayLevel: No blueprints needed recompiling
[2017.07.05-13.56.05:097][823]PIE: New page: PIE session: GameLavel (Jul 5, 2017, 7:56:05 PM)
[2017.07.05-13.56.05:097][823]LogPlayLevel: Creating play world package: /Game/UEDPIE_0_GameLavel
[2017.07.05-13.56.05:099][823]LogPlayLevel: PIE: StaticDuplicateObject took: (0.002243s)
[2017.07.05-13.56.05:100][823]LogAIModule: Creating AISystem for world GameLavel
[2017.07.05-13.56.05:100][823]LogPlayLevel: PIE: World Init took: (0.001181s)
[2017.07.05-13.56.05:100][823]LogPlayLevel: PIE: Created PIE world by copying editor world from /Game/GameLavel.GameLavel to /Game/UEDPIE_0_GameLavel.GameLavel (0.003685s)
[2017.07.05-13.56.05:121][823]LogInit: XAudio2 using 'Динамики (Logitech G430 Gaming Headset)' : 8 channels at 48 kHz using 16 bits per sample (channel mask 0x63f)
[2017.07.05-13.56.05:133][823]LogInit: FAudioDevice initialized.
[2017.07.05-13.56.05:188][823]LogLoad: Game class is 'Mouse_GameMode_C'
[2017.07.05-13.56.05:190][823]LogWorld: Bringing World /Game/UEDPIE_0_GameLavel.GameLavel up for play (max tick rate 0) at 2017.07.05-16.56.05
[2017.07.05-13.56.05:191][823]LogWorld: Bringing up level for play took: 0.001434
[2017.07.05-13.56.05:196][823]PIE: Info Play in editor start time for /Game/UEDPIE_0_GameLavel 0.441
[2017.07.05-13.56.05:196][823]LogBlueprintUserMessages: Late PlayInEditor Detection: Level '/Game/GameLavel.GameLavel:PersistentLevel' has LevelScriptBlueprint '/Game/GameLavel.GameLavel:PersistentLevel.GameLavel' with GeneratedClass '/Game/GameLavel.GameLavel_C' with ClassGeneratedBy '/Game/GameLavel.GameLavel:PersistentLevel.GameLavel'
[2017.07.05-13.56.07:624][ 84]LogBlueprintUserMessages: Early EndPlayMap Detection: Level '/Game/GameLavel.GameLavel:PersistentLevel' has LevelScriptBlueprint '/Game/GameLavel.GameLavel:PersistentLevel.GameLavel' with GeneratedClass '/Game/GameLavel.GameLavel_C' with ClassGeneratedBy '/Game/GameLavel.GameLavel:PersistentLevel.GameLavel'
[2017.07.05-13.56.07:718][ 84]LogBlueprintUserMessages: Late EndPlayMap Detection: Level '/Game/GameLavel.GameLavel:PersistentLevel' has LevelScriptBlueprint '/Game/GameLavel.GameLavel:PersistentLevel.GameLavel' with GeneratedClass '/Game/GameLavel.GameLavel_C' with ClassGeneratedBy '/Game/GameLavel.GameLavel:PersistentLevel.GameLavel'
[2017.07.05-13.59.00:979][970]LogSlate:Warning: Prevented a slow task dialog from being summoned while a context menu was open
[2017.07.05-13.59.34:734][944]LogMetaData: Removing '/Game/Blueprints/MyHUD.MyHUD:UserConstructionScript.K2Node_FunctionEntry_0' ref from Metadata '/Game/Blueprints/HUD.PackageMetaData'
[2017.07.05-13.59.34:734][944]LogMetaData: Removing '/Game/Blueprints/MyHUD.SKEL_MyHUD_C' ref from Metadata '/Game/Blueprints/HUD.PackageMetaData'
[2017.07.05-13.59.34:734][944]LogMetaData: Removing '/Game/Blueprints/MyHUD.MyHUD_C' ref from Metadata '/Game/Blueprints/HUD.PackageMetaData'
[2017.07.05-13.59.34:734][944]LogMetaData: Removing '/Game/Blueprints/MyHUD.MyHUD:EventGraph.K2Node_Event_0' ref from Metadata '/Game/Blueprints/HUD.PackageMetaData'
[2017.07.05-13.59.34:734][944]LogMetaData: Removing '/Game/Blueprints/MyHUD.MyHUD:EventGraph.K2Node_Event_1' ref from Metadata '/Game/Blueprints/HUD.PackageMetaData'
[2017.07.05-13.59.34:734][944]LogMetaData: Removing '/Game/Blueprints/MyHUD.MyHUD:EventGraph.K2Node_Event_2' ref from Metadata '/Game/Blueprints/HUD.PackageMetaData'
[2017.07.05-13.59.34:756][944]Cmd: OBJ SAVEPACKAGE PACKAGE="/Game/Blueprints/MyHUD" FILE="../../../../../../P - programist/UE4/Timekill/TimeKill/Content/Blueprints/MyHUD.uasset" SILENT=true
[2017.07.05-13.59.34:770][944]LogSavePackage: Save=11.66ms
[2017.07.05-13.59.34:770][944]LogSavePackage: Moving '../../../../../../P - programist/UE4/Timekill/TimeKill/Saved/MyHUD3B7A0B524368E865E7BA9788B6A1F0A1.tmp' to '../../../../../../P - programist/UE4/Timekill/TimeKill/Content/Blueprints/MyHUD.uasset'
[2017.07.05-13.59.34:771][944]LogSavePackage:Display: Finished SavePackage ../../../../../../P - programist/UE4/Timekill/TimeKill/Content/Blueprints/MyHUD.uasset
[2017.07.05-13.59.35:999][ 77]LogSlate:Warning: Prevented a slow task dialog from being summoned while a context menu was open
[2017.07.05-14.03.00:109][158]LogActorComponent: UnregisterComponent: (/Engine/Transient.EditorFloorComp) Not registered. Aborting.
[2017.07.05-14.03.02:548][443]LogActorComponent: UnregisterComponent: (/Engine/Transient.EditorFloorComp) Not registered. Aborting.
[2017.07.05-14.03.53:327][522]Cmd: OBJ SAVEPACKAGE PACKAGE="/Game/GameLavel" FILE="../../../../../../P - programist/UE4/Timekill/TimeKill/Saved/Autosaves/Game/GameLavel_Auto1.umap" SILENT=true AUTOSAVING=true KEEPDIRTY=false
[2017.07.05-14.03.53:561][522]LogSavePackage: Save=164.14ms
[2017.07.05-14.03.53:561][522]LogSavePackage: Moving '../../../../../../P - programist/UE4/Timekill/TimeKill/Saved/GameLavel_Auto195030D794C4D07B74245FD92812B6DE7.tmp' to '../../../../../../P - programist/UE4/Timekill/TimeKill/Saved/Autosaves/Game/GameLavel_Auto1.umap'
[2017.07.05-14.03.53:561][522]LogSavePackage:Display: Finished SavePackage ../../../../../../P - programist/UE4/Timekill/TimeKill/Saved/Autosaves/Game/GameLavel_Auto1.umap
[2017.07.05-14.03.53:572][522]LogFileHelpers: Editor autosave (incl. sublevels) for '/Game/GameLavel' took 0.320
[2017.07.05-14.03.53:572][522]LogFileHelpers: Editor autosave (incl. sublevels) for all levels took 0.320
[2017.07.05-14.03.53:574][522]OBJ SavePackage: Generating thumbnails for [0] asset(s) in package [/Game/Blueprints/Player1] ([1] browsable assets)...
[2017.07.05-14.03.53:574][522]OBJ SavePackage: Finished generating thumbnails for package [/Game/Blueprints/Player1]
[2017.07.05-14.03.53:574][522]Cmd: OBJ SAVEPACKAGE PACKAGE="/Game/Blueprints/Player1" FILE="../../../../../../P - programist/UE4/Timekill/TimeKill/Saved/Autosaves/Game/Blueprints/Player1_Auto1.uasset" SILENT=false AUTOSAVING=true
[2017.07.05-14.03.53:629][522]LogSavePackage: Save=39.74ms
[2017.07.05-14.03.53:629][522]LogSavePackage: Moving '../../../../../../P - programist/UE4/Timekill/TimeKill/Saved/Player1_Auto1543E3BC14C9B16CA65C3998C7B17EE3A.tmp' to '../../../../../../P - programist/UE4/Timekill/TimeKill/Saved/Autosaves/Game/Blueprints/Player1_Auto1.uasset'
[2017.07.05-14.03.53:630][522]LogSavePackage:Display: Finished SavePackage ../../../../../../P - programist/UE4/Timekill/TimeKill/Saved/Autosaves/Game/Blueprints/Player1_Auto1.uasset
[2017.07.05-14.03.53:630][522]OBJ SavePackage: Generating thumbnails for [0] asset(s) in package [/Game/Blueprints/Mouse_GameMode] ([1] browsable assets)...
[2017.07.05-14.03.53:630][522]OBJ SavePackage: Finished generating thumbnails for package [/Game/Blueprints/Mouse_GameMode]
[2017.07.05-14.03.53:657][522]LogSavePackage: Save=20.66ms
[2017.07.05-14.03.53:657][522]LogSavePackage: Moving '../../../../../../P - programist/UE4/Timekill/TimeKill/Saved/Mouse_GameMode_Auto16E0AA777407DC71F6BA896A1D011AE6C.tmp' to '../../../../../../P - programist/UE4/Timekill/TimeKill/Saved/Autosaves/Game/Blueprints/Mouse_GameMode_Auto1.uasset'
[2017.07.05-14.03.53:658][522]LogSavePackage:Display: Finished SavePackage ../../../../../../P - programist/UE4/Timekill/TimeKill/Saved/Autosaves/Game/Blueprints/Mouse_GameMode_Auto1.uasset
[2017.07.05-14.03.53:658][522]Cmd: OBJ SAVEPACKAGE PACKAGE="/Game/Blueprints/HUD" FILE="../../../../../../P - programist/UE4/Timekill/TimeKill/Saved/Autosaves/Game/Blueprints/HUD_Auto1.uasset" SILENT=false AUTOSAVING=true
[2017.07.05-14.03.53:663][522]LogSavePackage: Save=3.62ms
[2017.07.05-14.03.53:663][522]LogSavePackage: Moving '../../../../../../P - programist/UE4/Timekill/TimeKill/Saved/HUD_Auto1A04671E54A7E79D8E5349FA116A46219.tmp' to '../../../../../../P - programist/UE4/Timekill/TimeKill/Saved/Autosaves/Game/Blueprints/HUD_Auto1.uasset'
[2017.07.05-14.03.53:663][522]LogSavePackage:Display: Finished SavePackage ../../../../../../P - programist/UE4/Timekill/TimeKill/Saved/Autosaves/Game/Blueprints/HUD_Auto1.uasset
[2017.07.05-14.03.53:663][522]OBJ SavePackage: Generating thumbnails for [0] asset(s) in package [/Game/Blueprints/WidgetBlueprint] ([1] browsable assets)...
[2017.07.05-14.03.53:663][522]OBJ SavePackage: Finished generating thumbnails for package [/Game/Blueprints/WidgetBlueprint]
[2017.07.05-14.03.53:673][522]LogSavePackage: Save=8.65ms
[2017.07.05-14.03.53:673][522]LogSavePackage: Moving '../../../../../../P - programist/UE4/Timekill/TimeKill/Saved/WidgetBlueprint_Auto132C4FC30401ACBD405A9FC91D017CAB7.tmp' to '../../../../../../P - programist/UE4/Timekill/TimeKill/Saved/Autosaves/Game/Blueprints/WidgetBlueprint_Auto1.uasset'
[2017.07.05-14.03.53:674][522]LogSavePackage:Display: Finished SavePackage ../../../../../../P - programist/UE4/Timekill/TimeKill/Saved/Autosaves/Game/Blueprints/WidgetBlueprint_Auto1.uasset
[2017.07.05-14.03.53:674][522]LogFileHelpers: Auto-saving content packages took 0.101
[2017.07.05-14.04.11:102][561]BlueprintLog: New page: Compile WidgetBlueprint
[2017.07.05-14.06.46:005][179]BlueprintLog: New page: Compile MyHUD
[2017.07.05-14.06.46:032][179]LogBlueprint:Error: [Compiler MyHUD] Error Spawn node  Create Widget  must have a class specified.
[2017.07.05-14.06.46:312][179]BlueprintEditorCompileResults:Error: Error Spawn node  Create Widget  must have a class specified.
[2017.07.05-14.06.46:319][179]LogBlueprint:Warning: [Compiler MyHUD] Warning [0824.05] Compile of MyHUD failed. 1 Fatal Issue(s) 0 Warning(s) [in 313 ms] (/Game/Blueprints/MyHUD.MyHUD)
[2017.07.05-14.06.50:463][671]LogSlate:Warning: Prevented a slow task dialog from being summoned while a context menu was open
[2017.07.05-14.06.58:341][606]BlueprintLog: New page: Compile MyHUD
[2017.07.05-14.06.59:660][752]LogTemp: Repeting last play command: New Editor Window (PIE)
[2017.07.05-14.06.59:684][752]LogBlueprintUserMessages: Early PlayInEditor Detection: Level '/Game/GameLavel.GameLavel:PersistentLevel' has LevelScriptBlueprint '/Game/GameLavel.GameLavel:PersistentLevel.GameLavel' with GeneratedClass '/Game/GameLavel.GameLavel_C' with ClassGeneratedBy '/Game/GameLavel.GameLavel:PersistentLevel.GameLavel'
[2017.07.05-14.06.59:684][752]LogPlayLevel: PlayLevel: No blueprints needed recompiling
[2017.07.05-14.06.59:685][752]PIE: New page: PIE session: GameLavel (Jul 5, 2017, 8:06:59 PM)
[2017.07.05-14.06.59:685][752]LogPlayLevel: Creating play world package: /Game/UEDPIE_0_GameLavel
[2017.07.05-14.06.59:687][752]LogPlayLevel: PIE: StaticDuplicateObject took: (0.002786s)
[2017.07.05-14.06.59:688][752]LogAIModule: Creating AISystem for world GameLavel
[2017.07.05-14.06.59:689][752]LogPlayLevel: PIE: World Init took: (0.001102s)
[2017.07.05-14.06.59:689][752]LogPlayLevel: PIE: Created PIE world by copying editor world from /Game/GameLavel.GameLavel to /Game/UEDPIE_0_GameLavel.GameLavel (0.004089s)
[2017.07.05-14.06.59:709][752]LogInit: XAudio2 using 'Динамики (Logitech G430 Gaming Headset)' : 8 channels at 48 kHz using 16 bits per sample (channel mask 0x63f)
[2017.07.05-14.06.59:721][752]LogInit: FAudioDevice initialized.
[2017.07.05-14.06.59:777][752]LogLoad: Game class is 'Mouse_GameMode_C'
[2017.07.05-14.06.59:779][752]LogWorld: Bringing World /Game/UEDPIE_0_GameLavel.GameLavel up for play (max tick rate 0) at 2017.07.05-17.06.59
[2017.07.05-14.06.59:780][752]LogWorld: Bringing up level for play took: 0.001454
[2017.07.05-14.06.59:782][752]PIE: Info Play in editor start time for /Game/UEDPIE_0_GameLavel 1.027
[2017.07.05-14.06.59:783][752]LogBlueprintUserMessages: Late PlayInEditor Detection: Level '/Game/GameLavel.GameLavel:PersistentLevel' has LevelScriptBlueprint '/Game/GameLavel.GameLavel:PersistentLevel.GameLavel' with GeneratedClass '/Game/GameLavel.GameLavel_C' with ClassGeneratedBy '/Game/GameLavel.GameLavel:PersistentLevel.GameLavel'
[2017.07.05-14.07.02:515][ 74]LogBlueprintUserMessages: Early EndPlayMap Detection: Level '/Game/GameLavel.GameLavel:PersistentLevel' has LevelScriptBlueprint '/Game/GameLavel.GameLavel:PersistentLevel.GameLavel' with GeneratedClass '/Game/GameLavel.GameLavel_C' with ClassGeneratedBy '/Game/GameLavel.GameLavel:PersistentLevel.GameLavel'
[2017.07.05-14.07.02:606][ 74]LogBlueprintUserMessages: Late EndPlayMap Detection: Level '/Game/GameLavel.GameLavel:PersistentLevel' has LevelScriptBlueprint '/Game/GameLavel.GameLavel:PersistentLevel.GameLavel' with GeneratedClass '/Game/GameLavel.GameLavel_C' with ClassGeneratedBy '/Game/GameLavel.GameLavel:PersistentLevel.GameLavel'
[2017.07.05-14.07.07:156][609]BlueprintLog: New page: Compile MyHUD
[2017.07.05-14.07.08:152][714]Cmd: OBJ SAVEPACKAGE PACKAGE="/Game/Blueprints/MyHUD" FILE="../../../../../../P - programist/UE4/Timekill/TimeKill/Content/Blueprints/MyHUD.uasset" SILENT=true
[2017.07.05-14.07.08:200][714]LogSavePackage: Save=41.59ms
[2017.07.05-14.07.08:200][714]LogSavePackage: Moving '../../../../../../P - programist/UE4/Timekill/TimeKill/Saved/MyHUD9D2B16184C94589CCB9159812C14F46B.tmp' to '../../../../../../P - programist/UE4/Timekill/TimeKill/Content/Blueprints/MyHUD.uasset'
[2017.07.05-14.07.08:202][714]LogSavePackage:Display: Finished SavePackage ../../../../../../P - programist/UE4/Timekill/TimeKill/Content/Blueprints/MyHUD.uasset
[2017.07.05-14.07.19:518][ 42]Cmd: OBJ SAVEPACKAGE PACKAGE="/Game/GameLavel" FILE="../../../../../../P - programist/UE4/Timekill/TimeKill/Content/GameLavel.umap" SILENT=true AUTOSAVING=false KEEPDIRTY=false
[2017.07.05-14.07.19:687][ 42]LogSavePackage: Save=152.33ms
[2017.07.05-14.07.19:687][ 42]LogSavePackage: Moving '../../../../../../P - programist/UE4/Timekill/TimeKill/Saved/GameLavelA5DCCEC341629FFAECB816A4F7548214.tmp' to '../../../../../../P - programist/UE4/Timekill/TimeKill/Content/GameLavel.umap'
[2017.07.05-14.07.19:693][ 42]LogSavePackage:Display: Finished SavePackage ../../../../../../P - programist/UE4/Timekill/TimeKill/Content/GameLavel.umap
[2017.07.05-14.07.19:717][ 42]LogFileHelpers: Saving map 'GameLavel' took 0.238
[2017.07.05-14.07.19:723][ 42]Cmd: OBJ SAVEPACKAGE PACKAGE="/Game/Blueprints/Player1" FILE="../../../../../../P - programist/UE4/Timekill/TimeKill/Content/Blueprints/Player1.uasset" SILENT=true
[2017.07.05-14.07.19:746][ 42]LogSavePackage: Save=21.43ms
[2017.07.05-14.07.19:746][ 42]LogSavePackage: Moving '../../../../../../P - programist/UE4/Timekill/TimeKill/Saved/Player11DF70AEA42228798F221158A0103E42E.tmp' to '../../../../../../P - programist/UE4/Timekill/TimeKill/Content/Blueprints/Player1.uasset'
[2017.07.05-14.07.19:752][ 42]LogSavePackage:Display: Finished SavePackage ../../../../../../P - programist/UE4/Timekill/TimeKill/Content/Blueprints/Player1.uasset
[2017.07.05-14.07.19:759][ 42]Cmd: OBJ SAVEPACKAGE PACKAGE="/Game/Blueprints/Mouse_GameMode" FILE="../../../../../../P - programist/UE4/Timekill/TimeKill/Content/Blueprints/Mouse_GameMode.uasset" SILENT=true
[2017.07.05-14.07.19:776][ 42]LogSavePackage: Save=13.76ms
[2017.07.05-14.07.19:776][ 42]LogSavePackage: Moving '../../../../../../P - programist/UE4/Timekill/TimeKill/Saved/Mouse_GameMode2B66370648038138193C679B8EEF3163.tmp' to '../../../../../../P - programist/UE4/Timekill/TimeKill/Content/Blueprints/Mouse_GameMode.uasset'
[2017.07.05-14.07.19:780][ 42]LogSavePackage:Display: Finished SavePackage ../../../../../../P - programist/UE4/Timekill/TimeKill/Content/Blueprints/Mouse_GameMode.uasset
[2017.07.05-14.07.19:784][ 42]Cmd: OBJ SAVEPACKAGE PACKAGE="/Game/Blueprints/HUD" FILE="../../../../../../P - programist/UE4/Timekill/TimeKill/Content/Blueprints/HUD.uasset" SILENT=true
[2017.07.05-14.07.19:789][ 42]LogSavePackage: Save=3.59ms
[2017.07.05-14.07.19:789][ 42]LogSavePackage: Moving '../../../../../../P - programist/UE4/Timekill/TimeKill/Saved/HUDBCD991DE465BF7D1CEED58933E8ED7B7.tmp' to '../../../../../../P - programist/UE4/Timekill/TimeKill/Content/Blueprints/HUD.uasset'
[2017.07.05-14.07.19:793][ 42]LogSavePackage:Display: Finished SavePackage ../../../../../../P - programist/UE4/Timekill/TimeKill/Content/Blueprints/HUD.uasset
[2017.07.05-14.07.19:798][ 42]Cmd: OBJ SAVEPACKAGE PACKAGE="/Game/Blueprints/WidgetBlueprint" FILE="../../../../../../P - programist/UE4/Timekill/TimeKill/Content/Blueprints/WidgetBlueprint.uasset" SILENT=true
[2017.07.05-14.07.19:809][ 42]LogSavePackage: Save=9.10ms
[2017.07.05-14.07.19:809][ 42]LogSavePackage: Moving '../../../../../../P - programist/UE4/Timekill/TimeKill/Saved/WidgetBlueprint75652C7645BFA03CD82BC1862C872087.tmp' to '../../../../../../P - programist/UE4/Timekill/TimeKill/Content/Blueprints/WidgetBlueprint.uasset'
[2017.07.05-14.07.19:810][ 42]LogSavePackage:Display: Finished SavePackage ../../../../../../P - programist/UE4/Timekill/TimeKill/Content/Blueprints/WidgetBlueprint.uasset
[2017.07.05-14.07.32:622][513]LogTemp: Repeting last play command: New Editor Window (PIE)
[2017.07.05-14.07.32:647][513]LogBlueprintUserMessages: Early PlayInEditor Detection: Level '/Game/GameLavel.GameLavel:PersistentLevel' has LevelScriptBlueprint '/Game/GameLavel.GameLavel:PersistentLevel.GameLavel' with GeneratedClass '/Game/GameLavel.GameLavel_C' with ClassGeneratedBy '/Game/GameLavel.GameLavel:PersistentLevel.GameLavel'
[2017.07.05-14.07.32:647][513]LogPlayLevel: PlayLevel: No blueprints needed recompiling
[2017.07.05-14.07.32:647][513]PIE: New page: PIE session: GameLavel (Jul 5, 2017, 8:07:32 PM)
[2017.07.05-14.07.32:647][513]LogPlayLevel: Creating play world package: /Game/UEDPIE_0_GameLavel
[2017.07.05-14.07.32:650][513]LogPlayLevel: PIE: StaticDuplicateObject took: (0.002282s)
[2017.07.05-14.07.32:650][513]LogAIModule: Creating AISystem for world GameLavel
[2017.07.05-14.07.32:650][513]LogPlayLevel: PIE: World Init took: (0.000709s)
[2017.07.05-14.07.32:650][513]LogPlayLevel: PIE: Created PIE world by copying editor world from /Game/GameLavel.GameLavel to /Game/UEDPIE_0_GameLavel.GameLavel (0.003191s)
[2017.07.05-14.07.32:673][513]LogInit: XAudio2 using 'Динамики (Logitech G430 Gaming Headset)' : 8 channels at 48 kHz using 16 bits per sample (channel mask 0x63f)
[2017.07.05-14.07.32:684][513]LogInit: FAudioDevice initialized.
[2017.07.05-14.07.32:743][513]LogLoad: Game class is 'Mouse_GameMode_C'
[2017.07.05-14.07.32:746][513]LogWorld: Bringing World /Game/UEDPIE_0_GameLavel.GameLavel up for play (max tick rate 0) at 2017.07.05-17.07.32
[2017.07.05-14.07.32:746][513]LogWorld: Bringing up level for play took: 0.001528
[2017.07.05-14.07.32:769][513]PIE: Info Play in editor start time for /Game/UEDPIE_0_GameLavel 0.014
[2017.07.05-14.07.32:769][513]LogBlueprintUserMessages: Late PlayInEditor Detection: Level '/Game/GameLavel.GameLavel:PersistentLevel' has LevelScriptBlueprint '/Game/GameLavel.GameLavel:PersistentLevel.GameLavel' with GeneratedClass '/Game/GameLavel.GameLavel_C' with ClassGeneratedBy '/Game/GameLavel.GameLavel:PersistentLevel.GameLavel'
[2017.07.05-14.07.35:524][794]LogBlueprintUserMessages: Early EndPlayMap Detection: Level '/Game/GameLavel.GameLavel:PersistentLevel' has LevelScriptBlueprint '/Game/GameLavel.GameLavel:PersistentLevel.GameLavel' with GeneratedClass '/Game/GameLavel.GameLavel_C' with ClassGeneratedBy '/Game/GameLavel.GameLavel:PersistentLevel.GameLavel'
[2017.07.05-14.07.35:638][794]LogBlueprintUserMessages: Late EndPlayMap Detection: Level '/Game/GameLavel.GameLavel:PersistentLevel' has LevelScriptBlueprint '/Game/GameLavel.GameLavel:PersistentLevel.GameLavel' with GeneratedClass '/Game/GameLavel.GameLavel_C' with ClassGeneratedBy '/Game/GameLavel.GameLavel:PersistentLevel.GameLavel'
[2017.07.05-14.07.37:057][890]Cmd: QUIT_EDITOR
[2017.07.05-14.07.37:536][890]LogWindowsTextInputMethodSystem:Display: IME system now deactivated.
[2017.07.05-14.07.37:571][890]LogExit: Preparing to exit.
[2017.07.05-14.07.38:142][890]LogDirectoryWatcher: A directory notification for 'D:/P - programist/UE4/Timekill/TimeKill/Content/' was aborted.
[2017.07.05-14.07.38:244][890]LogExit: Editor shut down
[2017.07.05-14.07.38:244][890]LogExit: Transaction tracking system shut down
[2017.07.05-14.07.39:166][890]LogObj: Freed 0b from 0 cluster array pools.
[2017.07.05-14.07.39:166][890]LogExit: Object subsystem successfully closed.
[2017.07.05-14.07.39:332][890]LogD3D11RHI: Shutdown
[2017.07.05-14.07.39:332][890]LogD3D11RHI: CleanupD3DDevice
[2017.07.05-14.07.39:410][890]LogD3D11RHI: ~FD3D11DynamicRHI
[2017.07.05-14.07.40:014][890]LogModuleManager: Shutting down and abandoning module SequencerWidgets (506)
[2017.07.05-14.07.40:014][890]LogModuleManager: Shutting down and abandoning module MovieSceneCapture (504)
[2017.07.05-14.07.40:014][890]LogModuleManager: Shutting down and abandoning module BlueprintGraph (502)
[2017.07.05-14.07.40:014][890]LogModuleManager: Shutting down and abandoning module BlueprintProfiler (500)
[2017.07.05-14.07.40:021][890]LogModuleManager: Shutting down and abandoning module HierarchicalLODOutliner (498)
[2017.07.05-14.07.40:022][890]LogModuleManager: Shutting down and abandoning module CrashTracker (496)
[2017.07.05-14.07.40:022][890]LogModuleManager: Shutting down and abandoning module AddContentDialog (494)
[2017.07.05-14.07.40:032][890]LogDirectoryWatcher: A directory notification for 'D:/Program Files/Epic Games/UE_4.15/FeaturePacks/' was aborted.
[2017.07.05-14.07.40:034][890]LogModuleManager: Shutting down and abandoning module WidgetCarousel (493)
[2017.07.05-14.07.40:034][890]LogModuleManager: Shutting down and abandoning module EditorWidgets (490)
[2017.07.05-14.07.40:034][890]LogModuleManager: Shutting down and abandoning module CollectionManager (488)
[2017.07.05-14.07.40:042][890]LogDirectoryWatcher: A directory notification for 'D:/P - programist/UE4/Timekill/TimeKill/Content/Collections/' was aborted.
[2017.07.05-14.07.40:042][890]LogDirectoryWatcher: A directory notification for 'D:/P - programist/UE4/Timekill/TimeKill/Content/Developers/IzPOD/Collections/' was aborted.
[2017.07.05-14.07.40:043][890]LogDirectoryWatcher: A directory notification for 'D:/P - programist/UE4/Timekill/TimeKill/Saved/Collections/' was aborted.
[2017.07.05-14.07.40:043][890]LogModuleManager: Shutting down and abandoning module SceneOutliner (486)
[2017.07.05-14.07.40:043][890]LogModuleManager: Shutting down and abandoning module StatsViewer (484)
[2017.07.05-14.07.40:054][890]LogModuleManager: Shutting down and abandoning module FoliageEdit (482)
[2017.07.05-14.07.40:054][890]LogModuleManager: Shutting down and abandoning module LandscapeEditor (480)
[2017.07.05-14.07.40:059][890]LogModuleManager: Shutting down and abandoning module SceneDepthPickerMode (478)
[2017.07.05-14.07.40:059][890]LogModuleManager: Shutting down and abandoning module ActorPickerMode (476)
[2017.07.05-14.07.40:059][890]LogModuleManager: Shutting down and abandoning module GeometryMode (474)
[2017.07.05-14.07.40:059][890]LogModuleManager: Shutting down and abandoning module TextureAlignMode (472)
[2017.07.05-14.07.40:059][890]LogModuleManager: Shutting down and abandoning module BspMode (470)
[2017.07.05-14.07.40:064][890]LogModuleManager: Shutting down and abandoning module HardwareSurvey (468)
[2017.07.05-14.07.40:064][890]LogModuleManager: Shutting down and abandoning module SequenceRecorderSections (466)
[2017.07.05-14.07.40:064][890]LogModuleManager: Shutting down and abandoning module AutomationWorker (464)
[2017.07.05-14.07.40:067][890]LogModuleManager: Shutting down and abandoning module MatineeToLevelSequence (462)
[2017.07.05-14.07.40:067][890]LogModuleManager: Shutting down and abandoning module LevelSequenceEditor (460)
[2017.07.05-14.07.40:095][890]LogModuleManager: Shutting down and abandoning module PlacementMode (459)
[2017.07.05-14.07.40:096][890]LogModuleManager: Shutting down and abandoning module WmfMediaFactory (456)
[2017.07.05-14.07.40:096][890]LogModuleManager: Shutting down and abandoning module WmfMediaEditor (454)
[2017.07.05-14.07.40:096][890]LogModuleManager: Shutting down and abandoning module MfMediaFactory (452)
[2017.07.05-14.07.40:096][890]LogModuleManager: Shutting down and abandoning module MfMediaEditor (450)
[2017.07.05-14.07.40:096][890]LogModuleManager: Shutting down and abandoning module AvfMediaFactory (448)
[2017.07.05-14.07.40:096][890]LogModuleManager: Shutting down and abandoning module AvfMediaEditor (446)
[2017.07.05-14.07.40:096][890]LogModuleManager: Shutting down and abandoning module AndroidMediaFactory (444)
[2017.07.05-14.07.40:096][890]LogModuleManager: Shutting down and abandoning module Media (443)
[2017.07.05-14.07.40:096][890]LogModuleManager: Shutting down and abandoning module AndroidMediaEditor (440)
[2017.07.05-14.07.40:096][890]LogModuleManager: Shutting down and abandoning module CharacterAI (438)
[2017.07.05-14.07.40:096][890]LogModuleManager: Shutting down and abandoning module AudioCapture (436)
[2017.07.05-14.07.40:096][890]LogModuleManager: Shutting down and abandoning module SequenceRecorder (435)
[2017.07.05-14.07.40:114][890]LogModuleManager: Shutting down and abandoning module SmartSnapping (432)
[2017.07.05-14.07.40:114][890]LogModuleManager: Shutting down and abandoning module SessionServices (430)
[2017.07.05-14.07.40:114][890]LogModuleManager: Shutting down and abandoning module ViewportSnapping (428)
[2017.07.05-14.07.40:114][890]LogModuleManager: Shutting down and abandoning module ViewportInteraction (426)
[2017.07.05-14.07.40:114][890]LogModuleManager: Shutting down and abandoning module LogVisualizer (424)
[2017.07.05-14.07.40:124][890]LogModuleManager: Shutting down and abandoning module IntroTutorials (422)
[2017.07.05-14.07.40:132][890]LogModuleManager: Shutting down and abandoning module GameProjectGeneration (421)
[2017.07.05-14.07.40:156][890]LogModuleManager: Shutting down and abandoning module EditorLiveStreaming (418)
[2017.07.05-14.07.40:156][890]LogModuleManager: Shutting down and abandoning module IOSPlatformEditor (416)
[2017.07.05-14.07.40:156][890]LogModuleManager: Shutting down and abandoning module HTML5PlatformEditor (414)
[2017.07.05-14.07.40:156][890]LogModuleManager: Shutting down and abandoning module AndroidPlatformEditor (412)
[2017.07.05-14.07.40:167][890]LogModuleManager: Shutting down and abandoning module AndroidDeviceDetection (411)
[2017.07.05-14.07.41:066][890]LogModuleManager: Shutting down and abandoning module IOSRuntimeSettings (408)
[2017.07.05-14.07.41:066][890]LogModuleManager: Shutting down and abandoning module AndroidRuntimeSettings (406)
[2017.07.05-14.07.41:066][890]LogModuleManager: Shutting down and abandoning module InputBindingEditor (404)
[2017.07.05-14.07.41:089][890]LogModuleManager: Shutting down and abandoning module NiagaraEditor (402)
[2017.07.05-14.07.41:157][890]LogModuleManager: Shutting down and abandoning module MergeActors (400)
[2017.07.05-14.07.41:163][890]LogModuleManager: Shutting down and abandoning module SizeMap (398)
[2017.07.05-14.07.41:163][890]LogModuleManager: Shutting down and abandoning module TreeMap (396)
[2017.07.05-14.07.41:174][890]LogModuleManager: Shutting down and abandoning module ReferenceViewer (394)
[2017.07.05-14.07.41:174][890]LogModuleManager: Shutting down and abandoning module LocalizationDashboard (392)
[2017.07.05-14.07.41:179][890]LogModuleManager: Shutting down and abandoning module LocalizationService (391)
[2017.07.05-14.07.41:185][890]LogModuleManager: Shutting down and abandoning module HardwareTargeting (388)
[2017.07.05-14.07.41:185][890]LogModuleManager: Shutting down and abandoning module DeviceProfileEditor (386)
[2017.07.05-14.07.41:191][890]LogModuleManager: Shutting down and abandoning module UndoHistory (384)
[2017.07.05-14.07.41:194][890]LogModuleManager: Shutting down and abandoning module UserFeedback (382)
[2017.07.05-14.07.41:194][890]LogModuleManager: Shutting down and abandoning module XmlParser (380)
[2017.07.05-14.07.41:194][890]LogModuleManager: Shutting down and abandoning module Blutility (378)
[2017.07.05-14.07.41:194][890]LogModuleManager: Shutting down and abandoning module ProjectSettingsViewer (376)
[2017.07.05-14.07.41:194][890]LogModuleManager: Shutting down and abandoning module ProjectTargetPlatformEditor (375)
[2017.07.05-14.07.41:195][890]LogModuleManager: Shutting down and abandoning module EditorSettingsViewer (372)
[2017.07.05-14.07.41:195][890]LogModuleManager: Shutting down and abandoning module SettingsEditor (370)
[2017.07.05-14.07.41:213][890]LogModuleManager: Shutting down and abandoning module ProjectLauncher (368)
[2017.07.05-14.07.41:219][890]LogModuleManager: Shutting down and abandoning module SessionFrontend (366)
[2017.07.05-14.07.41:230][890]LogModuleManager: Shutting down and abandoning module ProfilerClient (364)
[2017.07.05-14.07.41:237][890]LogModuleManager: Shutting down and abandoning module DeviceManager (362)
[2017.07.05-14.07.41:248][890]LogModuleManager: Shutting down and abandoning module TargetDeviceServices (361)
[2017.07.05-14.07.41:291][890]LogModuleManager: Shutting down and abandoning module AutomationController (358)
[2017.07.05-14.07.41:304][890]LogModuleManager: Shutting down and abandoning module AutomationWindow (356)
[2017.07.05-14.07.41:317][890]LogModuleManager: Shutting down and abandoning module Layers (354)
[2017.07.05-14.07.41:332][890]LogModuleManager: Shutting down and abandoning module ComponentVisualizers (352)
[2017.07.05-14.07.41:332][890]LogModuleManager: Shutting down and abandoning module DetailCustomizations (350)
[2017.07.05-14.07.41:347][890]LogModuleManager: Shutting down and abandoning module PackagesDialog (348)
[2017.07.05-14.07.41:347][890]LogModuleManager: Shutting down and abandoning module Persona (346)
[2017.07.05-14.07.41:369][890]LogModuleManager: Shutting down and abandoning module AnimGraph (345)
[2017.07.05-14.07.41:369][890]LogModuleManager: Shutting down and abandoning module Kismet (342)
[2017.07.05-14.07.41:387][890]LogModuleManager: Shutting down and abandoning module GraphEditor (340)
[2017.07.05-14.07.41:387][890]LogModuleManager: Shutting down and abandoning module ClassViewer (338)
[2017.07.05-14.07.41:388][890]LogModuleManager: Shutting down and abandoning module Toolbox (336)
[2017.07.05-14.07.41:388][890]LogModuleManager: Shutting down and abandoning module ModuleUI (334)
[2017.07.05-14.07.41:394][890]LogModuleManager: Shutting down and abandoning module MovieSceneTools (332)
[2017.07.05-14.07.41:398][890]LogModuleManager: Shutting down and abandoning module OutputLog (330)
[2017.07.05-14.07.41:405][890]LogModuleManager: Shutting down and abandoning module GammaUI (328)
[2017.07.05-14.07.41:415][890]LogModuleManager: Shutting down and abandoning module Documentation (326)
[2017.07.05-14.07.41:415][890]LogModuleManager: Shutting down and abandoning module Niagara (324)
[2017.07.05-14.07.41:415][890]LogModuleManager: Shutting down and abandoning module StreamingPauseRendering (322)
[2017.07.05-14.07.41:415][890]LogModuleManager: Shutting down and abandoning module AnalyticsET (320)
[2017.07.05-14.07.41:415][890]LogModuleManager: Shutting down and abandoning module PortalServices (318)
[2017.07.05-14.07.41:415][890]LogModuleManager: Shutting down and abandoning module PortalRpc (316)
[2017.07.05-14.07.41:415][890]LogModuleManager: Shutting down and abandoning module MessagingRpc (314)
[2017.07.05-14.07.41:415][890]LogModuleManager: Shutting down and abandoning module AIModule (312)
[2017.07.05-14.07.41:422][890]LogModuleManager: Shutting down and abandoning module GameplayDebugger (311)
[2017.07.05-14.07.41:429][890]LogModuleManager: Shutting down and abandoning module AITestSuite (309)
[2017.07.05-14.07.41:429][890]LogModuleManager: Shutting down and abandoning module ProfilerService (306)
[2017.07.05-14.07.41:487][890]LogModuleManager: Shutting down and abandoning module TaskGraph (304)
[2017.07.05-14.07.41:495][890]LogModuleManager: Shutting down and abandoning module SteamVRController (302)
[2017.07.05-14.07.41:495][890]LogModuleManager: Shutting down and abandoning module SteamVR (300)
[2017.07.05-14.07.41:495][890]LogModuleManager: Shutting down and abandoning module ProceduralMeshComponentEditor (298)
[2017.07.05-14.07.41:495][890]LogModuleManager: Shutting down and abandoning module ProceduralMeshComponent (296)
[2017.07.05-14.07.41:507][890]LogModuleManager: Shutting down and abandoning module OculusLibrary (294)
[2017.07.05-14.07.41:507][890]LogModuleManager: Shutting down and abandoning module OculusInput (292)
[2017.07.05-14.07.41:507][890]LogModuleManager: Shutting down and abandoning module MobilePatchingUtils (290)
[2017.07.05-14.07.41:507][890]LogModuleManager: Shutting down and abandoning module CustomMeshComponent (288)
[2017.07.05-14.07.41:507][890]LogModuleManager: Shutting down and abandoning module CableComponent (286)
[2017.07.05-14.07.41:507][890]LogModuleManager: Shutting down and abandoning module ArchVisCharacter (284)
[2017.07.05-14.07.41:507][890]LogModuleManager: Shutting down and abandoning module MediaPlayerEditor (280)
[2017.07.05-14.07.41:524][890]LogModuleManager: Shutting down and abandoning module HTML5Networking (278)
[2017.07.05-14.07.41:524][890]LogModuleManager: Shutting down and abandoning module AlembicImporter (276)
[2017.07.05-14.07.41:533][890]LogModuleManager: Shutting down and abandoning module AlembicLibrary (275)
[2017.07.05-14.07.41:533][890]LogModuleManager: Shutting down and abandoning module GeometryCache (274)
[2017.07.05-14.07.41:533][890]LogModuleManager: Shutting down and abandoning module GeometryCacheEd (273)
[2017.07.05-14.07.41:533][890]LogModuleManager: Shutting down and abandoning module SuperSearchEditor (268)
[2017.07.05-14.07.41:533][890]LogModuleManager: Shutting down and abandoning module SuperSearch (267)
[2017.07.05-14.07.41:533][890]LogModuleManager: Shutting down and abandoning module SpeedTreeImporter (264)
[2017.07.05-14.07.41:533][890]LogModuleManager: Shutting down and abandoning module PluginBrowser (262)
[2017.07.05-14.07.41:555][890]LogModuleManager: Shutting down and abandoning module MobileLauncherProfileWizard (260)
[2017.07.05-14.07.41:561][890]LogModuleManager: Shutting down and abandoning module EpicSurvey (258)
[2017.07.05-14.07.41:561][890]LogModuleManager: Shutting down and abandoning module VisualStudioSourceCodeAccess (256)
[2017.07.05-14.07.41:561][890]LogModuleManager: Shutting down and abandoning module DesktopPlatform (255)
[2017.07.05-14.07.41:561][890]LogModuleManager: Shutting down and abandoning module UObjectPlugin (252)
[2017.07.05-14.07.41:561][890]LogModuleManager: Shutting down and abandoning module SubversionSourceControl (250)
[2017.07.05-14.07.41:568][890]LogModuleManager: Shutting down and abandoning module PerforceSourceControl (248)
[2017.07.05-14.07.41:575][890]LogModuleManager: Shutting down and abandoning module GitSourceControl (246)
[2017.07.05-14.07.41:581][890]LogModuleManager: Shutting down and abandoning module SourceControl (245)
[2017.07.05-14.07.41:596][890]LogModuleManager: Shutting down and abandoning module LightPropagationVolumeEditor (242)
[2017.07.05-14.07.41:596][890]LogModuleManager: Shutting down and abandoning module PaperTiledImporter (240)
[2017.07.05-14.07.41:596][890]LogModuleManager: Shutting down and abandoning module PaperSpriteSheetImporter (238)
[2017.07.05-14.07.41:596][890]LogModuleManager: Shutting down and abandoning module Paper2DEditor (236)
[2017.07.05-14.07.41:614][890]LogModuleManager: Shutting down and abandoning module MeshPaint (235)
[2017.07.05-14.07.41:614][890]LogModuleManager: Shutting down and abandoning module LevelEditor (233)
[2017.07.05-14.07.41:636][890]LogModuleManager: Shutting down and abandoning module PixelInspectorModule (232)
[2017.07.05-14.07.41:651][890]LogModuleManager: Shutting down and abandoning module MainFrame (230)
[2017.07.05-14.07.41:651][890]LogModuleManager: Shutting down and abandoning module HotReload (229)
[2017.07.05-14.07.41:661][890]LogModuleManager: Shutting down and abandoning module ContentBrowser (225)
[2017.07.05-14.07.41:662][890]LogModuleManager: Shutting down and abandoning module PhysXVehiclesEditor (222)
[2017.07.05-14.07.41:675][890]LogModuleManager: Shutting down and abandoning module PhysXVehicles (220)
[2017.07.05-14.07.41:675][890]LogModuleManager: Shutting down and abandoning module LocationServicesBPLibrary (218)
[2017.07.05-14.07.41:675][890]LogModuleManager: Shutting down and abandoning module UdpMessaging (216)
[2017.07.05-14.07.41:776][890]LogModuleManager: Shutting down and abandoning module TcpMessaging (214)
[2017.07.05-14.07.41:900][890]LogModuleManager: Shutting down and abandoning module GameplayTagsEditor (212)
[2017.07.05-14.07.41:917][890]LogModuleManager: Shutting down and abandoning module FacialAnimationEditor (210)
[2017.07.05-14.07.41:925][890]LogModuleManager: Shutting down and abandoning module FacialAnimation (208)
[2017.07.05-14.07.41:925][890]LogModuleManager: Shutting down and abandoning module LightPropagationVolumeRuntime (206)
[2017.07.05-14.07.41:925][890]LogModuleManager: Shutting down and abandoning module Paper2D (204)
[2017.07.05-14.07.41:925][890]LogModuleManager: Shutting down and abandoning module WindowsMoviePlayer (202)
[2017.07.05-14.07.41:925][890]LogModuleManager: Shutting down and abandoning module WmfMedia (200)
[2017.07.05-14.07.41:925][890]LogModuleManager: Shutting down and abandoning module MfMedia (198)
[2017.07.05-14.07.41:925][890]LogModuleManager: Shutting down and abandoning module MediaAssets (196)
[2017.07.05-14.07.41:925][890]LogModuleManager: Shutting down and abandoning module GameLiveStreaming (194)
[2017.07.05-14.07.41:942][890]LogModuleManager: Shutting down and abandoning module VREditor (192)
[2017.07.05-14.07.41:942][890]LogModuleManager: Shutting down and abandoning module GameplayTasksEditor (190)
[2017.07.05-14.07.41:942][890]LogModuleManager: Shutting down and abandoning module BehaviorTreeEditor (188)
[2017.07.05-14.07.41:972][890]LogModuleManager: Shutting down and abandoning module FunctionalTesting (186)
[2017.07.05-14.07.41:972][890]LogModuleManager: Shutting down and abandoning module CollisionAnalyzer (184)
[2017.07.05-14.07.41:978][890]LogModuleManager: Shutting down and abandoning module UMG (182)
[2017.07.05-14.07.41:978][890]LogModuleManager: Shutting down and abandoning module UMGEditor (181)
[2017.07.05-14.07.41:978][890]LogModuleManager: Shutting down and abandoning module Sequencer (180)
[2017.07.05-14.07.41:978][890]LogModuleManager: Shutting down and abandoning module AssetTools (178)
[2017.07.05-14.07.41:997][890]LogModuleManager: Shutting down and abandoning module MessageLog (177)
[2017.07.05-14.07.41:997][890]LogModuleManager: Shutting down and abandoning module WorkspaceMenuStructure (176)
[2017.07.05-14.07.41:997][890]LogModuleManager: Shutting down and abandoning module SlateReflector (170)
[2017.07.05-14.07.42:016][890]LogModuleManager: Shutting down and abandoning module Slate (168)
[2017.07.05-14.07.42:016][890]LogModuleManager: Shutting down and abandoning module EditorStyle (166)
[2017.07.05-14.07.42:018][890]LogModuleManager: Shutting down and abandoning module SourceCodeAccess (164)
[2017.07.05-14.07.42:027][890]LogModuleManager: Shutting down and abandoning module HeadMountedDisplay (162)
[2017.07.05-14.07.42:027][890]LogModuleManager: Shutting down and abandoning module XAudio2 (160)
[2017.07.05-14.07.42:027][890]LogModuleManager: Shutting down and abandoning module Networking (158)
[2017.07.05-14.07.42:027][890]LogModuleManager: Shutting down and abandoning module Core (154)
[2017.07.05-14.07.42:027][890]LogModuleManager: Shutting down and abandoning module AssetRegistry (152)
[2017.07.05-14.07.42:108][890]LogDirectoryWatcher: A directory notification for '../../../Engine/Content/' was aborted.
[2017.07.05-14.07.42:108][890]LogDirectoryWatcher: A directory notification for '../../../../../../P - programist/UE4/Timekill/TimeKill/Content/' was aborted.
[2017.07.05-14.07.42:108][890]LogDirectoryWatcher: A directory notification for '../../../Engine/Plugins/2D/Paper2D/Content/' was aborted.
[2017.07.05-14.07.42:118][890]LogModuleManager: Shutting down and abandoning module DirectoryWatcher (151)
[2017.07.05-14.07.42:119][890]LogModuleManager: Shutting down and abandoning module KismetCompiler (148)
[2017.07.05-14.07.42:119][890]LogModuleManager: Shutting down and abandoning module PhysXFormats (146)
[2017.07.05-14.07.42:119][890]LogModuleManager: Shutting down and abandoning module MeshUtilities (144)
[2017.07.05-14.07.42:133][890]LogModuleManager: Shutting down and abandoning module SimplygonSwarm (143)
[2017.07.05-14.07.42:136][890]LogModuleManager: Shutting down and abandoning module SimplygonMeshReduction (141)
[2017.07.05-14.07.42:136][890]LogModuleManager: Shutting down and abandoning module QuadricMeshReduction (139)
[2017.07.05-14.07.42:136][890]LogModuleManager: Shutting down and abandoning module PropertyEditor (137)
[2017.07.05-14.07.42:143][890]LogModuleManager: Shutting down and abandoning module DerivedDataCache (134)
[2017.07.05-14.07.42:159][890]LogDerivedDataCache: Shutdown
[2017.07.05-14.07.42:159][890]LogModuleManager: Shutting down and abandoning module TargetPlatform (132)
[2017.07.05-14.07.42:159][890]LogModuleManager: Shutting down and abandoning module VulkanShaderFormat (131)
[2017.07.05-14.07.42:162][890]LogModuleManager: Shutting down and abandoning module ShaderFormatOpenGL (129)
[2017.07.05-14.07.42:172][890]LogModuleManager: Shutting down and abandoning module ShaderFormatD3D (127)
[2017.07.05-14.07.42:172][890]LogModuleManager: Shutting down and abandoning module MetalShaderFormat (125)
[2017.07.05-14.07.42:180][890]LogModuleManager: Shutting down and abandoning module TextureFormatUncompressed (123)
[2017.07.05-14.07.42:180][890]LogModuleManager: Shutting down and abandoning module TextureFormatPVR (121)
[2017.07.05-14.07.42:180][890]LogModuleManager: Shutting down and abandoning module TextureFormatDXT (119)
[2017.07.05-14.07.42:180][890]LogModuleManager: Shutting down and abandoning module TextureFormatIntelISPCTexComp (117)
[2017.07.05-14.07.42:182][890]LogModuleManager: Shutting down and abandoning module TextureFormatASTC (115)
[2017.07.05-14.07.42:182][890]LogModuleManager: Shutting down and abandoning module ImageWrapper (114)
[2017.07.05-14.07.42:182][890]LogModuleManager: Shutting down and abandoning module TextureFormatAndroid (111)
[2017.07.05-14.07.42:182][890]LogModuleManager: Shutting down and abandoning module AudioFormatOpus (109)
[2017.07.05-14.07.42:182][890]LogModuleManager: Shutting down and abandoning module AudioFormatOgg (107)
[2017.07.05-14.07.42:183][890]LogModuleManager: Shutting down and abandoning module AudioFormatADPCM (105)
[2017.07.05-14.07.42:183][890]LogModuleManager: Shutting down and abandoning module LinuxTargetPlatform (103)
[2017.07.05-14.07.42:183][890]LogModuleManager: Shutting down and abandoning module LinuxServerTargetPlatform (101)
[2017.07.05-14.07.42:183][890]LogModuleManager: Shutting down and abandoning module LinuxNoEditorTargetPlatform (99)
[2017.07.05-14.07.42:183][890]LogModuleManager: Shutting down and abandoning module LinuxClientTargetPlatform (97)
[2017.07.05-14.07.42:183][890]LogModuleManager: Shutting down and abandoning module TVOSTargetPlatform (95)
[2017.07.05-14.07.42:183][890]LogModuleManager: Shutting down and abandoning module Messaging (93)
[2017.07.05-14.07.42:183][890]LogModuleManager: Shutting down and abandoning module IOSTargetPlatform (91)
[2017.07.05-14.07.42:183][890]LogModuleManager: Shutting down and abandoning module HTML5TargetPlatform (89)
[2017.07.05-14.07.42:183][890]LogModuleManager: Shutting down and abandoning module Android_PVRTCTargetPlatform (87)
[2017.07.05-14.07.42:183][890]LogModuleManager: Shutting down and abandoning module Android_MultiTargetPlatform (85)
[2017.07.05-14.07.42:183][890]LogModuleManager: Shutting down and abandoning module Android_ETC2TargetPlatform (83)
[2017.07.05-14.07.42:183][890]LogModuleManager: Shutting down and abandoning module Android_ETC1TargetPlatform (81)
[2017.07.05-14.07.42:183][890]LogModuleManager: Shutting down and abandoning module Android_DXTTargetPlatform (79)
[2017.07.05-14.07.42:183][890]LogModuleManager: Shutting down and abandoning module Android_ATCTargetPlatform (77)
[2017.07.05-14.07.42:183][890]LogModuleManager: Shutting down and abandoning module Android_ASTCTargetPlatform (75)
[2017.07.05-14.07.42:183][890]LogModuleManager: Shutting down and abandoning module AndroidTargetPlatform (73)
[2017.07.05-14.07.42:183][890]LogModuleManager: Shutting down and abandoning module WindowsTargetPlatform (71)
[2017.07.05-14.07.42:183][890]LogModuleManager: Shutting down and abandoning module WindowsServerTargetPlatform (69)
[2017.07.05-14.07.42:183][890]LogModuleManager: Shutting down and abandoning module WindowsNoEditorTargetPlatform (67)
[2017.07.05-14.07.42:183][890]LogModuleManager: Shutting down and abandoning module WindowsClientTargetPlatform (65)
[2017.07.05-14.07.42:183][890]LogModuleManager: Shutting down and abandoning module MacTargetPlatform (63)
[2017.07.05-14.07.42:183][890]LogModuleManager: Shutting down and abandoning module MacServerTargetPlatform (61)
[2017.07.05-14.07.42:183][890]LogModuleManager: Shutting down and abandoning module MacNoEditorTargetPlatform (59)
[2017.07.05-14.07.42:183][890]LogModuleManager: Shutting down and abandoning module MacClientTargetPlatform (57)
[2017.07.05-14.07.42:183][890]LogModuleManager: Shutting down and abandoning module AllDesktopTargetPlatform (55)
[2017.07.05-14.07.42:183][890]LogModuleManager: Shutting down and abandoning module InputCore (52)
[2017.07.05-14.07.42:183][890]LogModuleManager: Shutting down and abandoning module Settings (50)
[2017.07.05-14.07.42:183][890]LogModuleManager: Shutting down and abandoning module OculusRift (48)
[2017.07.05-14.07.42:196][890]LogModuleManager: Shutting down and abandoning module GearVR (46)
[2017.07.05-14.07.42:196][890]LogModuleManager: Shutting down and abandoning module ExampleDeviceProfileSelector (44)
[2017.07.05-14.07.42:196][890]LogModuleManager: Shutting down and abandoning module OnlineBlueprintSupport (42)
[2017.07.05-14.07.42:196][890]LogModuleManager: Shutting down and abandoning module OnlineSubsystem (38)
[2017.07.05-14.07.42:196][890]LogOnline:Display: Unloading online subsystem: NULL
[2017.07.05-14.07.42:204][890]LogModuleManager: Shutting down and abandoning module XMPP (37)
[2017.07.05-14.07.42:220][890]LogModuleManager: Shutting down and abandoning module HTTP (35)
[2017.07.05-14.07.42:225][890]LogHttp:Display: Http module shutting down, but needs to wait on 1 outstanding Http requests:
[2017.07.05-14.07.42:225][890]LogHttp:Display: 	verb=[POST] url=[https://datarouter.ol.epicgames.com/datarouter/api/v1/public/data?SessionID=%7B9543514C-4759-14D2-E708-DD8D9AD8153B%7D&AppID=UEEditor.Rocket.Release&AppVersion=4.15.3-3450819%2B%2B%2BUE4%2BRelease-4.15&UserID=203cd22846209b4f8b77d28ccf32e6ff%7C89273462bd32443db345d53368ac8829%7Cb72b80ad-e83e-444b-86be-783fb756f975&AppEnvironment=datacollector-binary&UploadType=eteventstream] status=Processing
[2017.07.05-14.07.42:241][890]LogModuleManager: Shutting down and abandoning module SSL (34)
[2017.07.05-14.07.42:251][890]LogModuleManager: Shutting down and abandoning module AudioEditor (30)
[2017.07.05-14.07.42:258][890]LogModuleManager: Shutting down and abandoning module TextureCompressor (28)
[2017.07.05-14.07.42:260][890]LogModuleManager: Shutting down and abandoning module ShaderCore (26)
[2017.07.05-14.07.42:260][890]LogModuleManager: Shutting down and abandoning module Landscape (24)
[2017.07.05-14.07.42:260][890]LogModuleManager: Shutting down and abandoning module SlateRHIRenderer (22)
[2017.07.05-14.07.42:273][890]LogModuleManager: Shutting down and abandoning module OpenGLDrv (20)
[2017.07.05-14.07.42:284][890]LogModuleManager: Shutting down and abandoning module D3D11RHI (18)
[2017.07.05-14.07.42:284][890]LogModuleManager: Shutting down and abandoning module AnimGraphRuntime (16)
[2017.07.05-14.07.42:295][890]LogModuleManager: Shutting down and abandoning module Renderer (14)
[2017.07.05-14.07.42:295][890]LogModuleManager: Shutting down and abandoning module Engine (12)
[2017.07.05-14.07.42:295][890]LogModuleManager: Shutting down and abandoning module CoreUObject (10)
[2017.07.05-14.07.42:295][890]LogModuleManager: Shutting down and abandoning module NetworkFile (8)
[2017.07.05-14.07.42:295][890]LogModuleManager: Shutting down and abandoning module StreamingFile (6)
[2017.07.05-14.07.42:295][890]LogModuleManager: Shutting down and abandoning module SandboxFile (4)
[2017.07.05-14.07.42:295][890]LogModuleManager: Shutting down and abandoning module PakFile (2)
[2017.07.05-14.07.42:308][890]LogExit: Exiting.
[2017.07.05-14.07.42:340][890]Log file closed, 07/05/17 17:07:42
