Log file open, 10/31/17 18:07:01
LogInit:Display: Running engine for game: TimeKill
LogPlatformFile: Not using cached read wrapper
LogInit:Display: RandInit(393511240) SRandInit(393511240).
LogTaskGraph: Started task graph with 5 named threads and 8 total threads with 1 sets of task threads.
LogStats: Stats thread started at 5.281715
LogInit: Using libcurl 7.47.1
LogInit:  - built for x86_64-pc-win32
LogInit:  - supports SSL with OpenSSL/1.0.2g
LogInit:  - supports HTTP deflate (compression) using libz 1.2.8
LogInit:  - other features:
LogInit:      CURL_VERSION_SSL
LogInit:      CURL_VERSION_LIBZ
LogInit:      CURL_VERSION_IPV6
LogInit:      CURL_VERSION_ASYNCHDNS
LogInit:      CURL_VERSION_LARGEFILE
LogInit:      CURL_VERSION_IDN
LogInit:  CurlRequestOptions (configurable via config and command line):
LogInit:  - bVerifyPeer = false  - Libcurl will NOT verify peer certificate
LogInit:  - bUseHttpProxy = false  - Libcurl will NOT use HTTP proxy
LogInit:  - bDontReuseConnections = false  - Libcurl will reuse connections
LogInit:  - CertBundlePath = nullptr  - Libcurl will use whatever was configured at build time.
LogInit: Build: ++UE4+Release-4.15-CL-3450819
LogInit: Engine Version: 4.15.3-3450819+++UE4+Release-4.15
LogInit: Compatible Engine Version: 4.15.0-3299760+++UE4+Release-4.15
LogInit: Net CL: 3299760
LogDevObjectVersion: Number of dev versions registered: 14
LogDevObjectVersion:   Dev-Blueprints (B0D832E4-1F89-4F0D-ACCF-7EB736FD4AA2): 8
LogDevObjectVersion:   Dev-Build (E1C64328-A22C-4D53-A36C-8E866417BD8C): 0
LogDevObjectVersion:   Dev-Core (375EC13C-06E4-48FB-B500-84F0262A717E): 2
LogDevObjectVersion:   Dev-Editor (E4B068ED-F494-42E9-A231-DA0B2E46BB41): 14
LogDevObjectVersion:   Dev-Framework (CFFC743F-43B0-4480-9391-14DF171D2073): 22
LogDevObjectVersion:   Dev-Mobile (B02B49B5-BB20-44E9-A304-32B752E40360): 0
LogDevObjectVersion:   Dev-Networking (A4E4105C-59A1-49B5-A7C5-40C4547EDFEE): 0
LogDevObjectVersion:   Dev-Online (39C831C9-5AE6-47DC-9A44-9C173E1C8E7C): 0
LogDevObjectVersion:   Dev-Physics (78F01B33-EBEA-4F98-B9B4-84EACCB95AA2): 0
LogDevObjectVersion:   Dev-Platform (6631380F-2D4D-43E0-8009-CF276956A95A): 0
LogDevObjectVersion:   Dev-Rendering (12F88B9F-8875-4AFC-A67C-D90C383ABD29): 12
LogDevObjectVersion:   Dev-Sequencer (7B5AE74C-D270-4C10-A958-57980B212A5A): 3
LogDevObjectVersion:   Dev-VR (D7296918-1DD6-4BDD-9DE2-64A83CC13884): 0
LogDevObjectVersion:   Dev-LoadTimes (C2A15278-BFE7-4AFE-6C17-90FF531DF755): 1
LogInit: Compiled (64-bit): May 21 2017 11:02:34
LogInit: Compiled with Visual C++: 19.00.23026.00
LogInit: Build Configuration: Development
LogInit: Branch Name: ++UE4+Release-4.15
LogInit: Command line:  
LogInit: Base directory: D:/Program Files/Epic Games/UE_4.15/Engine/Binaries/Win64/
LogInit: Installed Engine Build: 1
LogInit: Presizing for max 8388607 objects, including 0 objects not considered by GC, pre-allocating 0 bytes for permanent pool.
LogInit: Object subsystem initialized
[2017.10.31-15.07.03:271][  0]LogInit: Selected Device Profile: [Windows]
[2017.10.31-15.07.03:271][  0]LogInit: Applying CVar settings loaded from the selected device profile: [Windows]
[2017.10.31-15.07.03:378][  0]LogInit: Computer: DESKTOP-S9EOI2C
[2017.10.31-15.07.03:378][  0]LogInit: User: IzPOD
[2017.10.31-15.07.03:378][  0]LogInit: CPU Page size=65536, Cores=4
[2017.10.31-15.07.03:378][  0]LogInit: High frequency timer resolution =3.312791 MHz
[2017.10.31-15.07.03:379][  0]LogMemory: Memory total: Physical=7.9GB (8GB approx)
[2017.10.31-15.07.03:379][  0]LogMemory: Platform Memory Stats for Windows
[2017.10.31-15.07.03:379][  0]LogMemory: Process Physical Memory: 265.19 MB used, 265.19 MB peak
[2017.10.31-15.07.03:379][  0]LogMemory: Process Virtual Memory: 262.29 MB used, 262.29 MB peak
[2017.10.31-15.07.03:379][  0]LogMemory: Physical Memory: 4339.41 MB used,  3785.39 MB free, 8124.80 MB total
[2017.10.31-15.07.03:379][  0]LogMemory: Virtual Memory: 677.90 MB used,  3785.39 MB free, 134217728.00 MB total
[2017.10.31-15.07.04:248][  0]LogTextLocalizationManager: No translations for ('ru-RU') exist, falling back to 'en' for localization and internationalization data.
[2017.10.31-15.07.08:335][  0]LogD3D11RHI: D3D11 adapters:
[2017.10.31-15.07.08:930][  0]LogD3D11RHI:    0. 'NVIDIA GeForce GTX 670' (Feature Level 11_0)
[2017.10.31-15.07.08:930][  0]LogD3D11RHI:       2017/0/4062 MB DedicatedVideo/DedicatedSystem/SharedSystem, Outputs:1, VendorId:0x10de
[2017.10.31-15.07.08:933][  0]LogD3D11RHI:    1. 'Microsoft Basic Render Driver' (Feature Level 11_0)
[2017.10.31-15.07.08:933][  0]LogD3D11RHI:       0/0/4062 MB DedicatedVideo/DedicatedSystem/SharedSystem, Outputs:0, VendorId:0x1414
[2017.10.31-15.07.08:933][  0]LogD3D11RHI: Chosen D3D11 Adapter: 0
[2017.10.31-15.07.08:937][  0]LogD3D11RHI: Creating new Direct3DDevice
[2017.10.31-15.07.08:937][  0]LogD3D11RHI:     GPU DeviceId: 0x1189 (for the marketing name, search the web for "GPU Device Id")
[2017.10.31-15.07.08:937][  0]LogWindows: EnumDisplayDevices:
[2017.10.31-15.07.08:938][  0]LogWindows:    0. 'NVIDIA GeForce GTX 670' (P:1 D:1)
[2017.10.31-15.07.08:938][  0]LogWindows:    1. 'NVIDIA GeForce GTX 670' (P:0 D:0)
[2017.10.31-15.07.08:938][  0]LogWindows:    2. 'NVIDIA GeForce GTX 670' (P:0 D:0)
[2017.10.31-15.07.08:938][  0]LogWindows:    3. 'NVIDIA GeForce GTX 670' (P:0 D:0)
[2017.10.31-15.07.08:938][  0]LogWindows: DebugString: GetVideoDriverDetailsInvalid PrimaryIsNotTheChoosenAdapter GetVideoDriverDetailsInvalid PrimaryIsNotTheChoosenAdapter GetVideoDriverDetailsInvalid PrimaryIsNotTheChoosenAdapter GetVideoDriverDetailsInvalid PrimaryIsNotTheChoosenAdapter FoundDriverCount:0 
[2017.10.31-15.07.08:938][  0]LogD3D11RHI:     Adapter Name: NVIDIA GeForce GTX 670
[2017.10.31-15.07.08:938][  0]LogD3D11RHI:   Driver Version: Unknown (internal:Unknown, unified:Unknown)
[2017.10.31-15.07.08:938][  0]LogD3D11RHI:      Driver Date: Unknown
[2017.10.31-15.07.08:938][  0]LogRHI: Texture pool is 1361 MB (70% of 1945 MB)
[2017.10.31-15.07.09:482][  0]LogD3D11RHI:Warning: Timestamp queries are currently disabled on this hardware due to instability. Realtime GPU stats will not be available. You can override this behaviour by setting r.NVIDIATimestampWorkaround to 0
[2017.10.31-15.07.09:486][  0]LogD3D11RHI: Async texture creation enabled
[2017.10.31-15.07.09:534][  0]LogD3D11RHI: GPU Timing Frequency: 1000.000000 (Debug: 2 1)
[2017.10.31-15.07.09:536][  0]LogShaderCompilers: Guid format shader working directory is -9 characters bigger than the processId version (../../../../../../P - programist/UE4/Timekill/TimeKill/Intermediate/Shaders/WorkingDirectory/11120/).
[2017.10.31-15.07.09:536][  0]LogShaderCompilers: Cleaned the shader compiler working directory 'C:/Users/IzPOD/AppData/Local/Temp/UnrealShaderWorkingDir/5FEBB948459B83FF573139986A74B5F1/'.
[2017.10.31-15.07.09:536][  0]LogShaderCompilers:Display: Using Local Shader Compiler.
[2017.10.31-15.07.13:340][  0]LogTemp:Display: Loaded TP AllDesktopTargetPlatform
[2017.10.31-15.07.13:389][  0]LogTemp:Display: Loaded TP MacClientTargetPlatform
[2017.10.31-15.07.13:439][  0]LogTemp:Display: Loaded TP MacNoEditorTargetPlatform
[2017.10.31-15.07.13:489][  0]LogTemp:Display: Loaded TP MacServerTargetPlatform
[2017.10.31-15.07.13:596][  0]LogTemp:Display: Loaded TP MacTargetPlatform
[2017.10.31-15.07.13:646][  0]LogTemp:Display: Loaded TP WindowsClientTargetPlatform
[2017.10.31-15.07.13:696][  0]LogTemp:Display: Loaded TP WindowsNoEditorTargetPlatform
[2017.10.31-15.07.13:747][  0]LogTemp:Display: Loaded TP WindowsServerTargetPlatform
[2017.10.31-15.07.13:787][  0]LogTemp:Display: Loaded TP WindowsTargetPlatform
[2017.10.31-15.07.13:871][  0]LogTemp:Display: Loaded TP AndroidTargetPlatform
[2017.10.31-15.07.13:952][  0]LogTemp:Display: Loaded TP Android_ASTCTargetPlatform
[2017.10.31-15.07.14:001][  0]LogTemp:Display: Loaded TP Android_ATCTargetPlatform
[2017.10.31-15.07.14:050][  0]LogTemp:Display: Loaded TP Android_DXTTargetPlatform
[2017.10.31-15.07.14:100][  0]LogTemp:Display: Loaded TP Android_ETC1TargetPlatform
[2017.10.31-15.07.14:149][  0]LogTemp:Display: Loaded TP Android_ETC2TargetPlatform
[2017.10.31-15.07.14:248][  0]LogTemp:Display: Loaded TP Android_MultiTargetPlatform
[2017.10.31-15.07.14:248][  0]LogTemp:Display: Loaded TP Android_PVRTCTargetPlatform
[2017.10.31-15.07.14:279][  0]LogTemp:Display: Loaded TP HTML5TargetPlatform
[2017.10.31-15.07.14:445][  0]LogTemp:Display: Loaded TP IOSTargetPlatform
[2017.10.31-15.07.14:485][  0]LogTemp:Display: Loaded TP TVOSTargetPlatform
[2017.10.31-15.07.14:540][  0]LogTemp:Display: Loaded TP LinuxClientTargetPlatform
[2017.10.31-15.07.14:589][  0]LogTemp:Display: Loaded TP LinuxNoEditorTargetPlatform
[2017.10.31-15.07.14:638][  0]LogTemp:Display: Loaded TP LinuxServerTargetPlatform
[2017.10.31-15.07.14:741][  0]LogTemp:Display: Loaded TP LinuxTargetPlatform
[2017.10.31-15.07.14:741][  0]LogTargetPlatformManager:Display: Building Assets For Windows
[2017.10.31-15.07.16:168][  0]LogDerivedDataCache:Display: Max Cache Size: 512 MB
[2017.10.31-15.07.16:397][  0]LogDerivedDataCache: Loaded boot cache 0.23s 50MB C:/Users/IzPOD/AppData/Local/UnrealEngine/4.15/DerivedDataCache/Boot.ddc.
[2017.10.31-15.07.16:398][  0]LogDerivedDataCache:Display: Loaded Boot cache: C:/Users/IzPOD/AppData/Local/UnrealEngine/4.15/DerivedDataCache/Boot.ddc
[2017.10.31-15.07.16:398][  0]LogDerivedDataCache: FDerivedDataBackendGraph:  Pak pak cache file ../../../../../../P - programist/UE4/Timekill/TimeKill/DerivedDataCache/DDC.ddp not found, will not use a pak cache.
[2017.10.31-15.07.16:398][  0]LogDerivedDataCache: Unable to find inner node Pak for hierarchical cache Hierarchy.
[2017.10.31-15.07.16:398][  0]LogDerivedDataCache: FDerivedDataBackendGraph:  CompressedPak pak cache file ../../../../../../P - programist/UE4/Timekill/TimeKill/DerivedDataCache/Compressed.ddp not found, will not use a pak cache.
[2017.10.31-15.07.16:398][  0]LogDerivedDataCache: Unable to find inner node CompressedPak for hierarchical cache Hierarchy.
[2017.10.31-15.07.16:476][  0]LogDerivedDataCache:Display: Pak cache opened for reading ../../../Engine/DerivedDataCache/Compressed.ddp.
[2017.10.31-15.07.16:490][  0]LogDerivedDataCache: Using Local data cache path C:/Users/IzPOD/AppData/Local/UnrealEngine/Common/DerivedDataCache: Writable
[2017.10.31-15.07.16:500][  0]LogSlate: Using Freetype 2.6.0
[2017.10.31-15.07.16:560][  0]LogSlate: SlateFontCache - WITH_FREETYPE: 1, WITH_HARFBUZZ: 1
[2017.10.31-15.07.16:560][  0]LogSlate: SlateFontCache - WITH_FREETYPE: 1, WITH_HARFBUZZ: 1
[2017.10.31-15.07.24:544][  0]LogInit: Selected Device Profile: [Windows]
[2017.10.31-15.07.24:549][  0]LogContentStreaming: Texture pool size is 0.00 MB
[2017.10.31-15.07.24:950][  0]LogMeshUtilities: Using QuadricMeshReduction for automatic static mesh reduction
[2017.10.31-15.07.25:019][  0]LogSimplygon: Simplygon DLL not present - disabling.
[2017.10.31-15.07.25:078][  0]LogMeshUtilities: Using SimplygonSwarm for distributed automatic mesh merging
[2017.10.31-15.07.25:078][  0]LogMeshUtilities: No automatic skeletal mesh reduction module available
[2017.10.31-15.07.25:078][  0]LogMeshUtilities: No automatic mesh merging module available
[2017.10.31-15.07.28:081][  0]LogNetVersion: GetLocalNetworkVersion: CL: 3299760, ProjectName: timekill, ProjectVersion: , EngineNetworkVersion: 2, GameNetworkVersion: 0, NetworkChecksum: 844999791
[2017.10.31-15.07.28:146][  0]LogAssetRegistry: FAssetRegistry took 0.0239 seconds to start up
[2017.10.31-15.07.28:310][  0]LogPackageLocalizationCache: Processed 3 localized package path(s) for 1 prioritized culture(s) in 0.123065 seconds
[2017.10.31-15.07.28:316][  0]LogUObjectArray: 32493 objects as part of root set at end of initial load.
[2017.10.31-15.07.28:316][  0]LogUObjectAllocator: 7077032 out of 0 bytes used by permanent object pool.
[2017.10.31-15.07.28:316][  0]LogUObjectArray: CloseDisregardForGC: 0/0 objects in disregard for GC pool
[2017.10.31-15.07.28:366][  0]LogInit: WinSock: version 1.1 (2.2), MaxSocks=32767, MaxUdp=65467
[2017.10.31-15.07.37:359][  0]LogTcpMessaging: Initializing TcpMessaging bridge
[2017.10.31-15.07.37:483][  0]LogUdpMessaging: Initializing bridge on interface 0.0.0.0:0 to multicast group 230.0.0.1:6666.
[2017.10.31-15.07.38:643][  0]LogMaterial: Uniform references updated for custom material expression Custom.
[2017.10.31-15.07.39:363][  0]SourceControl: Info Source control is disabled
[2017.10.31-15.07.39:364][  0]SourceControl: Info Source control is disabled
[2017.10.31-15.07.39:465][  0]SourceControl: Info Source control is disabled
[2017.10.31-15.07.39:526][  0]SourceControl: Info Source control is disabled
[2017.10.31-15.07.40:113][  0]LogLinker:Warning: Can't find file '/Game/PuzzleBP/Tutorial/Part1-Overview'
[2017.10.31-15.07.40:113][  0]LogLinker:Warning: Can't find file '/Game/PuzzleBP/Tutorial/Part1-Overview'
[2017.10.31-15.07.40:113][  0]LogUObjectGlobals:Warning: Failed to find object 'Class /Game/PuzzleBP/Tutorial/Part1-Overview.Part1-Overview_C'
[2017.10.31-15.07.40:113][  0]LogLinker:Warning: Can't find file '/Game/PuzzleBP/Tutorial/Part2-BlockBlueprint'
[2017.10.31-15.07.40:113][  0]LogLinker:Warning: Can't find file '/Game/PuzzleBP/Tutorial/Part2-BlockBlueprint'
[2017.10.31-15.07.40:113][  0]LogUObjectGlobals:Warning: Failed to find object 'Class /Game/PuzzleBP/Tutorial/Part2-BlockBlueprint.Part2-BlockBlueprint_C'
[2017.10.31-15.07.41:689][  0]LogEngine: Initializing Engine...
[2017.10.31-15.07.41:690][  0]LogHMD: Failed to initialize OpenVR with code 110
[2017.10.31-15.07.42:329][  0]LogStats: UGameplayTagsManager::ConstructGameplayTagTree: Construct from data asset -  0.000 s
[2017.10.31-15.07.42:329][  0]LogStats: UGameplayTagsManager::ConstructGameplayTagTree: GameplayTagTreeChangedEvent.Broadcast -  0.000 s
[2017.10.31-15.07.42:444][  0]LogAIModule: Creating AISystem for world Untitled
[2017.10.31-15.07.42:461][  0]LogInit: XAudio2 using 'Динамики (Logitech G430 Gaming Headset)' : 8 channels at 48 kHz using 16 bits per sample (channel mask 0x63f)
[2017.10.31-15.07.42:484][  0]LogInit: FAudioDevice initialized.
[2017.10.31-15.07.42:510][  0]LogDerivedDataCache: Saved boot cache 0.03s 50MB C:/Users/IzPOD/AppData/Local/UnrealEngine/4.15/DerivedDataCache/Boot.ddc.
[2017.10.31-15.07.42:518][  0]LogInit: Texture streaming: Enabled
[2017.10.31-15.07.42:639][  0]LogEngineSessionManager: EngineSessionManager initialized
[2017.10.31-15.07.42:755][  0]LogInit: Transaction tracking system initialized
[2017.10.31-15.07.43:090][  0]BlueprintLog: New page: Editor Load
[2017.10.31-15.07.44:561][  0]LocalizationService: Info Localization service is disabled
[2017.10.31-15.07.45:771][  0]LogConsoleResponse:Display: 
[2017.10.31-15.07.48:379][  0]LogCook:Display: Max memory allowance for cook 16384mb min free memory 0mb
[2017.10.31-15.07.48:379][  0]LogCook:Display: Mobile HDR setting 0
[2017.10.31-15.07.48:870][  0]LogFileCache: Scanning file cache for directory 'D:/P - programist/UE4/Timekill/TimeKill/Content/' took 0.04s
[2017.10.31-15.07.50:165][  0]SourceControl: Info Source control is disabled
[2017.10.31-15.07.50:165][  0]Cmd: MAP LOAD FILE="../../../Engine/Content/Maps/Templates/Template_Default.umap" TEMPLATE=1 SHOWPROGRESS=1 FEATURELEVEL=3
[2017.10.31-15.07.50:198][  0]LightingResults: New page: Lighting Build
[2017.10.31-15.07.50:230][  0]MapCheck: New page: Map Check
[2017.10.31-15.07.50:230][  0]LightingResults: New page: Lighting Build
[2017.10.31-15.07.50:854][  0]LogAIModule: Creating AISystem for world Untitled_1
[2017.10.31-15.07.50:872][  0]LogActorComponent: RegisterComponentWithWorld: (/Temp/Untitled_1.Untitled_1:PersistentLevel.WorldSettings_1.StaticMeshComponent0) Trying to register component with IsPendingKill() == true. Aborting.
[2017.10.31-15.07.50:959][  0]LogEditorServer: Finished looking for orphan Actors (0.000 secs)
[2017.10.31-15.07.50:962][  0]Cmd: MAP CHECKDEP NOCLEARLOG
[2017.10.31-15.07.50:996][  0]MapCheck: Info Map check complete: 0 Error(s), 0 Warning(s), took 33.452ms to complete.
[2017.10.31-15.07.50:996][  0]LogFileHelpers: Loading map 'Template_Default' took 0.831
[2017.10.31-15.07.51:587][  0]LogCollectionManager: Loaded 0 collections in 0.018616 seconds
[2017.10.31-15.07.51:661][  0]LogFileCache: Scanning file cache for directory 'D:/P - programist/UE4/Timekill/TimeKill/Saved/Collections/' took 0.01s
[2017.10.31-15.07.51:661][  0]LogFileCache: Scanning file cache for directory 'D:/P - programist/UE4/Timekill/TimeKill/Content/Developers/IzPOD/Collections/' took 0.01s
[2017.10.31-15.07.51:661][  0]LogFileCache: Scanning file cache for directory 'D:/P - programist/UE4/Timekill/TimeKill/Content/Collections/' took 0.01s
[2017.10.31-15.07.51:661][  0]LogCollectionManager: Rebuilt the GUID cache for 0 collections in 0.000004 seconds
[2017.10.31-15.07.51:671][  0]LogContentBrowser: Native class hierarchy populated in 0.0095 seconds. Added 2246 classes and 455 folders.
[2017.10.31-15.07.51:723][  0]LogContentBrowser: Native class hierarchy updated for 'WidgetCarousel' in 0.0005 seconds. Added 0 classes and 0 folders.
[2017.10.31-15.07.52:661][  0]LogContentBrowser: Native class hierarchy updated for 'AddContentDialog' in 0.0005 seconds. Added 0 classes and 0 folders.
[2017.10.31-15.07.52:682][  0]LogCrashTracker: Crashtracker disabled due to settings.
[2017.10.31-15.07.52:689][  0]LogUObjectGlobals:Warning: Failed to find object 'Class None.'
[2017.10.31-15.07.52:768][  0]LogContentBrowser: Native class hierarchy updated for 'HierarchicalLODOutliner' in 0.0006 seconds. Added 1 classes and 2 folders.
[2017.10.31-15.07.52:768][  0]LogLoad: (Engine Initialization) Total time: 66.57 seconds
[2017.10.31-15.07.52:768][  0]LogLoad: (Engine Initialization) Total Blueprint compile time: 0.26 seconds
[2017.10.31-15.07.52:768][  0]LogExternalProfiler: No external profilers were discovered.  External profiling features will not be available.
[2017.10.31-15.07.53:107][  0]LogOcInput: OculusInput pre-init called
[2017.10.31-15.07.53:126][  0]LogContentStreaming: Texture pool size now 1000 MB
[2017.10.31-15.07.53:153][  0]LogSlate: Took 0.025424 seconds to synchronously load lazily loaded font '../../../Engine/Content/Slate/Fonts/Roboto-Regular.ttf' (155K)
[2017.10.31-15.07.53:167][  0]LogSlate: Took 0.010149 seconds to synchronously load lazily loaded font '../../../Engine/Content/Slate/Fonts/Roboto-Bold.ttf' (160K)
[2017.10.31-15.07.53:184][  0]LogSlate: Took 0.014186 seconds to synchronously load lazily loaded font '../../../Engine/Content/Editor/Slate/Fonts/FontAwesome.ttf' (139K)
[2017.10.31-15.07.53:289][  0]LogRenderer: Reallocating scene render targets to support 1068x924 NumSamples 1 (Frame:2).
[2017.10.31-15.07.53:379][  0]LogSlate: Took 0.020910 seconds to synchronously load lazily loaded font '../../../Engine/Content/Slate/Fonts/Roboto-Light.ttf' (159K)
[2017.10.31-15.07.53:486][  1]LogAssetRegistry: Asset discovery search completed in 25.3639 seconds
[2017.10.31-15.07.53:486][  1]LogCollectionManager: Rebuilt the object cache for 0 collections in 0.000015 seconds (found 0 objects)
[2017.10.31-15.07.53:486][  1]LogCollectionManager: Fixed up redirectors for 0 collections in 0.000033 seconds (updated 0 objects)
[2017.10.31-15.07.54:146][  3]LogSlate: Took 0.000417 seconds to synchronously load lazily loaded font '../../../Engine/Content/Slate/Fonts/Roboto-Light.ttf' (159K)
[2017.10.31-15.36.29:102][390]LogSlate: Took 0.000177 seconds to synchronously load lazily loaded font '../../../Engine/Content/Slate/Fonts/Roboto-Light.ttf' (159K)
[2017.10.31-15.36.35:199][390]LogSlate: Took 0.000165 seconds to synchronously load lazily loaded font '../../../Engine/Content/Slate/Fonts/Roboto-Regular.ttf' (155K)
[2017.10.31-15.36.37:464][390]LogAIModule: Creating AISystem for world GameLavel
[2017.10.31-15.36.37:504][390]Cmd: MAP LOAD FILE="../../../../../../P - programist/UE4/Timekill/TimeKill/Content/GameLavel.umap" TEMPLATE=0 SHOWPROGRESS=1 FEATURELEVEL=3
[2017.10.31-15.36.37:505][390]LightingResults: New page: Lighting Build
[2017.10.31-15.36.37:507][390]LoadErrors: New page: Loading map: GameLavel.umap
[2017.10.31-15.36.37:507][390]MapCheck: New page: Map Check
[2017.10.31-15.36.37:507][390]LightingResults: New page: Lighting Build
[2017.10.31-15.36.37:619][390]LogEditorServer: Finished looking for orphan Actors (0.000 secs)
[2017.10.31-15.36.37:660][390]Cmd: MAP CHECKDEP NOCLEARLOG
[2017.10.31-15.36.37:709][390]MapCheck: Info Map check complete: 0 Error(s), 0 Warning(s), took 49.054ms to complete.
[2017.10.31-15.36.37:710][390]LogFileHelpers: Loading map 'GameLavel' took 0.206
[2017.10.31-15.36.44:148][569]LogTemp: Repeting last play command: New Editor Window (PIE)
[2017.10.31-15.36.44:168][569]LogBlueprintUserMessages: Early PlayInEditor Detection: Level '/Game/GameLavel.GameLavel:PersistentLevel' has LevelScriptBlueprint '/Game/GameLavel.GameLavel:PersistentLevel.GameLavel' with GeneratedClass '/Game/GameLavel.GameLavel_C' with ClassGeneratedBy '/Game/GameLavel.GameLavel:PersistentLevel.GameLavel'
[2017.10.31-15.36.44:168][569]LogPlayLevel: PlayLevel: No blueprints needed recompiling
[2017.10.31-15.36.44:169][569]PIE: New page: PIE session: GameLavel (Oct 31, 2017, 9:36:44 PM)
[2017.10.31-15.36.44:169][569]LogPlayLevel: Creating play world package: /Game/UEDPIE_0_GameLavel
[2017.10.31-15.36.44:173][569]LogPlayLevel: PIE: StaticDuplicateObject took: (0.003375s)
[2017.10.31-15.36.44:173][569]LogAIModule: Creating AISystem for world GameLavel
[2017.10.31-15.36.44:173][569]LogPlayLevel: PIE: World Init took: (0.000754s)
[2017.10.31-15.36.44:174][569]LogPlayLevel: PIE: Created PIE world by copying editor world from /Game/GameLavel.GameLavel to /Game/UEDPIE_0_GameLavel.GameLavel (0.004379s)
[2017.10.31-15.36.44:185][569]LogInit: XAudio2 using 'Динамики (Logitech G430 Gaming Headset)' : 8 channels at 48 kHz using 16 bits per sample (channel mask 0x63f)
[2017.10.31-15.36.44:201][569]LogInit: FAudioDevice initialized.
[2017.10.31-15.36.44:261][569]LogLoad: Game class is 'Mouse_GameMode_C'
[2017.10.31-15.36.44:264][569]LogWorld: Bringing World /Game/UEDPIE_0_GameLavel.GameLavel up for play (max tick rate 0) at 2017.10.31-18.36.44
[2017.10.31-15.36.44:265][569]LogWorld: Bringing up level for play took: 0.002551
[2017.10.31-15.36.44:301][569]LogContentBrowser: Native class hierarchy updated for 'MovieSceneCapture' in 0.0006 seconds. Added 11 classes and 0 folders.
[2017.10.31-15.36.44:307][569]PIE: Info Play in editor start time for /Game/UEDPIE_0_GameLavel 0.143
[2017.10.31-15.36.44:308][569]LogBlueprintUserMessages: Late PlayInEditor Detection: Level '/Game/GameLavel.GameLavel:PersistentLevel' has LevelScriptBlueprint '/Game/GameLavel.GameLavel:PersistentLevel.GameLavel' with GeneratedClass '/Game/GameLavel.GameLavel_C' with ClassGeneratedBy '/Game/GameLavel.GameLavel:PersistentLevel.GameLavel'
[2017.10.31-15.36.44:347][569]LogRenderer: Reallocating scene render targets to support 1068x996 NumSamples 1 (Frame:9).
[2017.10.31-15.37.01:335][277]LogBlueprintUserMessages: [Player1_97] Porqzhenie
[2017.10.31-15.37.04:533][642]LogBlueprintUserMessages: Early EndPlayMap Detection: Level '/Game/GameLavel.GameLavel:PersistentLevel' has LevelScriptBlueprint '/Game/GameLavel.GameLavel:PersistentLevel.GameLavel' with GeneratedClass '/Game/GameLavel.GameLavel_C' with ClassGeneratedBy '/Game/GameLavel.GameLavel:PersistentLevel.GameLavel'
[2017.10.31-15.37.04:564][642]LogBlueprintUserMessages: Late EndPlayMap Detection: Level '/Game/GameLavel.GameLavel:PersistentLevel' has LevelScriptBlueprint '/Game/GameLavel.GameLavel:PersistentLevel.GameLavel' with GeneratedClass '/Game/GameLavel.GameLavel_C' with ClassGeneratedBy '/Game/GameLavel.GameLavel:PersistentLevel.GameLavel'
[2017.10.31-15.50.49:923][814]LogContentBrowser: Native class hierarchy updated for 'BlueprintGraph' in 0.0014 seconds. Added 112 classes and 0 folders.
[2017.10.31-15.50.51:204][814]LogSlate: Took 0.018787 seconds to synchronously load lazily loaded font '../../../Engine/Content/Editor/Slate/Fonts/Roboto-BoldCondensed.ttf' (158K)
[2017.10.31-15.50.51:739][815]LogSlate: Took 0.010767 seconds to synchronously load lazily loaded font '../../../Engine/Content/Editor/Slate/Fonts/Roboto-Italic.ttf' (157K)
[2017.10.31-15.51.07:912][518]BlueprintLog: New page: Compile Player1
[2017.10.31-15.51.08:521][549]LogTemp: Repeting last play command: New Editor Window (PIE)
[2017.10.31-15.51.08:546][549]LogBlueprintUserMessages: Early PlayInEditor Detection: Level '/Game/GameLavel.GameLavel:PersistentLevel' has LevelScriptBlueprint '/Game/GameLavel.GameLavel:PersistentLevel.GameLavel' with GeneratedClass '/Game/GameLavel.GameLavel_C' with ClassGeneratedBy '/Game/GameLavel.GameLavel:PersistentLevel.GameLavel'
[2017.10.31-15.51.08:546][549]LogPlayLevel: PlayLevel: No blueprints needed recompiling
[2017.10.31-15.51.08:546][549]PIE: New page: PIE session: GameLavel (Oct 31, 2017, 9:51:08 PM)
[2017.10.31-15.51.08:547][549]LogPlayLevel: Creating play world package: /Game/UEDPIE_0_GameLavel
[2017.10.31-15.51.08:550][549]LogPlayLevel: PIE: StaticDuplicateObject took: (0.003072s)
[2017.10.31-15.51.08:550][549]LogAIModule: Creating AISystem for world GameLavel
[2017.10.31-15.51.08:550][549]LogPlayLevel: PIE: World Init took: (0.000839s)
[2017.10.31-15.51.08:551][549]LogPlayLevel: PIE: Created PIE world by copying editor world from /Game/GameLavel.GameLavel to /Game/UEDPIE_0_GameLavel.GameLavel (0.004119s)
[2017.10.31-15.51.08:567][549]LogInit: XAudio2 using 'Динамики (Logitech G430 Gaming Headset)' : 8 channels at 48 kHz using 16 bits per sample (channel mask 0x63f)
[2017.10.31-15.51.08:580][549]LogInit: FAudioDevice initialized.
[2017.10.31-15.51.08:629][549]LogLoad: Game class is 'Mouse_GameMode_C'
[2017.10.31-15.51.08:631][549]LogWorld: Bringing World /Game/UEDPIE_0_GameLavel.GameLavel up for play (max tick rate 0) at 2017.10.31-18.51.08
[2017.10.31-15.51.08:632][549]LogWorld: Bringing up level for play took: 0.001883
[2017.10.31-15.51.08:640][549]PIE: Info Play in editor start time for /Game/UEDPIE_0_GameLavel 0.476
[2017.10.31-15.51.08:640][549]LogBlueprintUserMessages: Late PlayInEditor Detection: Level '/Game/GameLavel.GameLavel:PersistentLevel' has LevelScriptBlueprint '/Game/GameLavel.GameLavel:PersistentLevel.GameLavel' with GeneratedClass '/Game/GameLavel.GameLavel_C' with ClassGeneratedBy '/Game/GameLavel.GameLavel:PersistentLevel.GameLavel'
[2017.10.31-15.51.16:986][314]LogBlueprintUserMessages: [Player1_97] Porqzhenie
[2017.10.31-15.51.18:975][494]LogBlueprintUserMessages: Early EndPlayMap Detection: Level '/Game/GameLavel.GameLavel:PersistentLevel' has LevelScriptBlueprint '/Game/GameLavel.GameLavel:PersistentLevel.GameLavel' with GeneratedClass '/Game/GameLavel.GameLavel_C' with ClassGeneratedBy '/Game/GameLavel.GameLavel:PersistentLevel.GameLavel'
[2017.10.31-15.51.19:024][494]LogBlueprintUserMessages: Late EndPlayMap Detection: Level '/Game/GameLavel.GameLavel:PersistentLevel' has LevelScriptBlueprint '/Game/GameLavel.GameLavel:PersistentLevel.GameLavel' with GeneratedClass '/Game/GameLavel.GameLavel_C' with ClassGeneratedBy '/Game/GameLavel.GameLavel:PersistentLevel.GameLavel'
[2017.10.31-15.51.34:407][207]BlueprintLog: New page: Compile Player1
[2017.10.31-15.51.35:009][241]LogTemp: Repeting last play command: New Editor Window (PIE)
[2017.10.31-15.51.35:028][241]LogBlueprintUserMessages: Early PlayInEditor Detection: Level '/Game/GameLavel.GameLavel:PersistentLevel' has LevelScriptBlueprint '/Game/GameLavel.GameLavel:PersistentLevel.GameLavel' with GeneratedClass '/Game/GameLavel.GameLavel_C' with ClassGeneratedBy '/Game/GameLavel.GameLavel:PersistentLevel.GameLavel'
[2017.10.31-15.51.35:028][241]LogPlayLevel: PlayLevel: No blueprints needed recompiling
[2017.10.31-15.51.35:028][241]PIE: New page: PIE session: GameLavel (Oct 31, 2017, 9:51:35 PM)
[2017.10.31-15.51.35:029][241]LogPlayLevel: Creating play world package: /Game/UEDPIE_0_GameLavel
[2017.10.31-15.51.35:032][241]LogPlayLevel: PIE: StaticDuplicateObject took: (0.002869s)
[2017.10.31-15.51.35:033][241]LogAIModule: Creating AISystem for world GameLavel
[2017.10.31-15.51.35:033][241]LogPlayLevel: PIE: World Init took: (0.000923s)
[2017.10.31-15.51.35:033][241]LogPlayLevel: PIE: Created PIE world by copying editor world from /Game/GameLavel.GameLavel to /Game/UEDPIE_0_GameLavel.GameLavel (0.004015s)
[2017.10.31-15.51.35:050][241]LogInit: XAudio2 using 'Динамики (Logitech G430 Gaming Headset)' : 8 channels at 48 kHz using 16 bits per sample (channel mask 0x63f)
[2017.10.31-15.51.35:062][241]LogInit: FAudioDevice initialized.
[2017.10.31-15.51.35:111][241]LogLoad: Game class is 'Mouse_GameMode_C'
[2017.10.31-15.51.35:114][241]LogWorld: Bringing World /Game/UEDPIE_0_GameLavel.GameLavel up for play (max tick rate 0) at 2017.10.31-18.51.35
[2017.10.31-15.51.35:115][241]LogWorld: Bringing up level for play took: 0.001806
[2017.10.31-15.51.35:123][241]PIE: Info Play in editor start time for /Game/UEDPIE_0_GameLavel 0.958
[2017.10.31-15.51.35:123][241]LogBlueprintUserMessages: Late PlayInEditor Detection: Level '/Game/GameLavel.GameLavel:PersistentLevel' has LevelScriptBlueprint '/Game/GameLavel.GameLavel:PersistentLevel.GameLavel' with GeneratedClass '/Game/GameLavel.GameLavel_C' with ClassGeneratedBy '/Game/GameLavel.GameLavel:PersistentLevel.GameLavel'
[2017.10.31-15.51.43:266][ 44]LogBlueprintUserMessages: [Player1_97] Porqzhenie
[2017.10.31-15.51.48:867][601]LogBlueprintUserMessages: Early EndPlayMap Detection: Level '/Game/GameLavel.GameLavel:PersistentLevel' has LevelScriptBlueprint '/Game/GameLavel.GameLavel:PersistentLevel.GameLavel' with GeneratedClass '/Game/GameLavel.GameLavel_C' with ClassGeneratedBy '/Game/GameLavel.GameLavel:PersistentLevel.GameLavel'
[2017.10.31-15.51.48:916][601]LogBlueprintUserMessages: Late EndPlayMap Detection: Level '/Game/GameLavel.GameLavel:PersistentLevel' has LevelScriptBlueprint '/Game/GameLavel.GameLavel:PersistentLevel.GameLavel' with GeneratedClass '/Game/GameLavel.GameLavel_C' with ClassGeneratedBy '/Game/GameLavel.GameLavel:PersistentLevel.GameLavel'
[2017.10.31-15.51.53:892][119]BlueprintLog: New page: Compile Player1
[2017.10.31-15.52.02:347][  3]LogRenderer: Reallocating scene render targets to support 1308x996 NumSamples 1 (Frame:4395).
[2017.10.31-15.52.16:064][598]LogRenderer: Reallocating scene render targets to support 1528x996 NumSamples 1 (Frame:5027).
[2017.10.31-15.52.32:059][483]LogContentBrowser: Native class hierarchy updated for 'TextureEditor' in 0.0006 seconds. Added 1 classes and 2 folders.
[2017.10.31-15.53.44:243][760]BlueprintLog: New page: Compile Player1
[2017.10.31-15.53.45:534][873]LogTemp: Repeting last play command: New Editor Window (PIE)
[2017.10.31-15.53.45:558][873]LogBlueprintUserMessages: Early PlayInEditor Detection: Level '/Game/GameLavel.GameLavel:PersistentLevel' has LevelScriptBlueprint '/Game/GameLavel.GameLavel:PersistentLevel.GameLavel' with GeneratedClass '/Game/GameLavel.GameLavel_C' with ClassGeneratedBy '/Game/GameLavel.GameLavel:PersistentLevel.GameLavel'
[2017.10.31-15.53.45:558][873]LogPlayLevel: PlayLevel: No blueprints needed recompiling
[2017.10.31-15.53.45:558][873]PIE: New page: PIE session: GameLavel (Oct 31, 2017, 9:53:45 PM)
[2017.10.31-15.53.45:559][873]LogPlayLevel: Creating play world package: /Game/UEDPIE_0_GameLavel
[2017.10.31-15.53.45:562][873]LogPlayLevel: PIE: StaticDuplicateObject took: (0.002857s)
[2017.10.31-15.53.45:562][873]LogAIModule: Creating AISystem for world GameLavel
[2017.10.31-15.53.45:562][873]LogPlayLevel: PIE: World Init took: (0.000784s)
[2017.10.31-15.53.45:563][873]LogPlayLevel: PIE: Created PIE world by copying editor world from /Game/GameLavel.GameLavel to /Game/UEDPIE_0_GameLavel.GameLavel (0.003886s)
[2017.10.31-15.53.45:580][873]LogInit: XAudio2 using 'Динамики (Logitech G430 Gaming Headset)' : 8 channels at 48 kHz using 16 bits per sample (channel mask 0x63f)
[2017.10.31-15.53.45:593][873]LogInit: FAudioDevice initialized.
[2017.10.31-15.53.45:642][873]LogLoad: Game class is 'Mouse_GameMode_C'
[2017.10.31-15.53.45:644][873]LogWorld: Bringing World /Game/UEDPIE_0_GameLavel.GameLavel up for play (max tick rate 0) at 2017.10.31-18.53.45
[2017.10.31-15.53.45:645][873]LogWorld: Bringing up level for play took: 0.001697
[2017.10.31-15.53.45:653][873]PIE: Info Play in editor start time for /Game/UEDPIE_0_GameLavel -0.511
[2017.10.31-15.53.45:654][873]LogBlueprintUserMessages: Late PlayInEditor Detection: Level '/Game/GameLavel.GameLavel:PersistentLevel' has LevelScriptBlueprint '/Game/GameLavel.GameLavel:PersistentLevel.GameLavel' with GeneratedClass '/Game/GameLavel.GameLavel_C' with ClassGeneratedBy '/Game/GameLavel.GameLavel:PersistentLevel.GameLavel'
[2017.10.31-15.53.53:616][654]LogBlueprintUserMessages: [Player1_97] Porqzhenie
[2017.10.31-15.53.57:858][ 68]LogBlueprintUserMessages: Early EndPlayMap Detection: Level '/Game/GameLavel.GameLavel:PersistentLevel' has LevelScriptBlueprint '/Game/GameLavel.GameLavel:PersistentLevel.GameLavel' with GeneratedClass '/Game/GameLavel.GameLavel_C' with ClassGeneratedBy '/Game/GameLavel.GameLavel:PersistentLevel.GameLavel'
[2017.10.31-15.53.57:908][ 68]LogBlueprintUserMessages: Late EndPlayMap Detection: Level '/Game/GameLavel.GameLavel:PersistentLevel' has LevelScriptBlueprint '/Game/GameLavel.GameLavel:PersistentLevel.GameLavel' with GeneratedClass '/Game/GameLavel.GameLavel_C' with ClassGeneratedBy '/Game/GameLavel.GameLavel:PersistentLevel.GameLavel'
[2017.10.31-15.54.04:964][824]BlueprintLog: New page: Compile Player1
[2017.10.31-15.54.10:664][308]LogActorComponent: UnregisterComponent: (/Engine/Transient.EditorFloorComp) Not registered. Aborting.
[2017.10.31-15.54.10:944][309]Cmd: QUIT_EDITOR
[2017.10.31-15.54.11:447][309]LogWindowsTextInputMethodSystem:Display: IME system now deactivated.
[2017.10.31-15.54.11:477][309]LogExit: Preparing to exit.
[2017.10.31-15.54.12:619][309]LogDirectoryWatcher: A directory notification for 'D:/P - programist/UE4/Timekill/TimeKill/Content/' was aborted.
[2017.10.31-15.54.12:760][309]LogExit: Editor shut down
[2017.10.31-15.54.12:761][309]LogExit: Transaction tracking system shut down
[2017.10.31-15.54.12:924][309]LogObj: Freed 0b from 0 cluster array pools.
[2017.10.31-15.54.12:924][309]LogExit: Object subsystem successfully closed.
[2017.10.31-15.54.12:943][309]LogD3D11RHI: Shutdown
[2017.10.31-15.54.12:943][309]LogD3D11RHI: CleanupD3DDevice
[2017.10.31-15.54.13:010][309]LogD3D11RHI: ~FD3D11DynamicRHI
[2017.10.31-15.54.13:025][309]LogModuleManager: Shutting down and abandoning module TextureEditor (506)
[2017.10.31-15.54.13:025][309]LogModuleManager: Shutting down and abandoning module BlueprintGraph (504)
[2017.10.31-15.54.13:025][309]LogModuleManager: Shutting down and abandoning module BlueprintProfiler (502)
[2017.10.31-15.54.13:025][309]LogModuleManager: Shutting down and abandoning module MovieSceneCapture (500)
[2017.10.31-15.54.13:025][309]LogModuleManager: Shutting down and abandoning module HierarchicalLODOutliner (498)
[2017.10.31-15.54.13:025][309]LogModuleManager: Shutting down and abandoning module CrashTracker (496)
[2017.10.31-15.54.13:025][309]LogModuleManager: Shutting down and abandoning module AddContentDialog (494)
[2017.10.31-15.54.13:025][309]LogDirectoryWatcher: A directory notification for 'D:/Program Files/Epic Games/UE_4.15/FeaturePacks/' was aborted.
[2017.10.31-15.54.13:029][309]LogModuleManager: Shutting down and abandoning module WidgetCarousel (493)
[2017.10.31-15.54.13:029][309]LogModuleManager: Shutting down and abandoning module EditorWidgets (490)
[2017.10.31-15.54.13:029][309]LogModuleManager: Shutting down and abandoning module CollectionManager (488)
[2017.10.31-15.54.13:029][309]LogDirectoryWatcher: A directory notification for 'D:/P - programist/UE4/Timekill/TimeKill/Content/Collections/' was aborted.
[2017.10.31-15.54.13:029][309]LogDirectoryWatcher: A directory notification for 'D:/P - programist/UE4/Timekill/TimeKill/Content/Developers/IzPOD/Collections/' was aborted.
[2017.10.31-15.54.13:029][309]LogDirectoryWatcher: A directory notification for 'D:/P - programist/UE4/Timekill/TimeKill/Saved/Collections/' was aborted.
[2017.10.31-15.54.13:029][309]LogModuleManager: Shutting down and abandoning module SceneOutliner (486)
[2017.10.31-15.54.13:030][309]LogModuleManager: Shutting down and abandoning module StatsViewer (484)
[2017.10.31-15.54.13:030][309]LogModuleManager: Shutting down and abandoning module FoliageEdit (482)
[2017.10.31-15.54.13:030][309]LogModuleManager: Shutting down and abandoning module LandscapeEditor (480)
[2017.10.31-15.54.13:030][309]LogModuleManager: Shutting down and abandoning module SceneDepthPickerMode (478)
[2017.10.31-15.54.13:030][309]LogModuleManager: Shutting down and abandoning module ActorPickerMode (476)
[2017.10.31-15.54.13:030][309]LogModuleManager: Shutting down and abandoning module GeometryMode (474)
[2017.10.31-15.54.13:030][309]LogModuleManager: Shutting down and abandoning module TextureAlignMode (472)
[2017.10.31-15.54.13:030][309]LogModuleManager: Shutting down and abandoning module BspMode (470)
[2017.10.31-15.54.13:030][309]LogModuleManager: Shutting down and abandoning module HardwareSurvey (468)
[2017.10.31-15.54.13:030][309]LogModuleManager: Shutting down and abandoning module SequenceRecorderSections (466)
[2017.10.31-15.54.13:030][309]LogModuleManager: Shutting down and abandoning module AutomationWorker (464)
[2017.10.31-15.54.13:030][309]LogModuleManager: Shutting down and abandoning module MatineeToLevelSequence (462)
[2017.10.31-15.54.13:030][309]LogModuleManager: Shutting down and abandoning module LevelSequenceEditor (460)
[2017.10.31-15.54.13:030][309]LogModuleManager: Shutting down and abandoning module PlacementMode (459)
[2017.10.31-15.54.13:030][309]LogModuleManager: Shutting down and abandoning module WmfMediaFactory (456)
[2017.10.31-15.54.13:030][309]LogModuleManager: Shutting down and abandoning module WmfMediaEditor (454)
[2017.10.31-15.54.13:030][309]LogModuleManager: Shutting down and abandoning module MfMediaFactory (452)
[2017.10.31-15.54.13:030][309]LogModuleManager: Shutting down and abandoning module MfMediaEditor (450)
[2017.10.31-15.54.13:030][309]LogModuleManager: Shutting down and abandoning module AvfMediaFactory (448)
[2017.10.31-15.54.13:030][309]LogModuleManager: Shutting down and abandoning module AvfMediaEditor (446)
[2017.10.31-15.54.13:030][309]LogModuleManager: Shutting down and abandoning module AndroidMediaFactory (444)
[2017.10.31-15.54.13:030][309]LogModuleManager: Shutting down and abandoning module Media (443)
[2017.10.31-15.54.13:030][309]LogModuleManager: Shutting down and abandoning module AndroidMediaEditor (440)
[2017.10.31-15.54.13:030][309]LogModuleManager: Shutting down and abandoning module CharacterAI (438)
[2017.10.31-15.54.13:030][309]LogModuleManager: Shutting down and abandoning module AudioCapture (436)
[2017.10.31-15.54.13:030][309]LogModuleManager: Shutting down and abandoning module SequenceRecorder (435)
[2017.10.31-15.54.13:030][309]LogModuleManager: Shutting down and abandoning module SmartSnapping (432)
[2017.10.31-15.54.13:030][309]LogModuleManager: Shutting down and abandoning module SessionServices (430)
[2017.10.31-15.54.13:030][309]LogModuleManager: Shutting down and abandoning module ViewportSnapping (428)
[2017.10.31-15.54.13:030][309]LogModuleManager: Shutting down and abandoning module ViewportInteraction (426)
[2017.10.31-15.54.13:030][309]LogModuleManager: Shutting down and abandoning module LogVisualizer (424)
[2017.10.31-15.54.13:030][309]LogModuleManager: Shutting down and abandoning module IntroTutorials (422)
[2017.10.31-15.54.13:030][309]LogModuleManager: Shutting down and abandoning module GameProjectGeneration (421)
[2017.10.31-15.54.13:030][309]LogModuleManager: Shutting down and abandoning module EditorLiveStreaming (418)
[2017.10.31-15.54.13:030][309]LogModuleManager: Shutting down and abandoning module IOSPlatformEditor (416)
[2017.10.31-15.54.13:030][309]LogModuleManager: Shutting down and abandoning module HTML5PlatformEditor (414)
[2017.10.31-15.54.13:030][309]LogModuleManager: Shutting down and abandoning module AndroidPlatformEditor (412)
[2017.10.31-15.54.13:030][309]LogModuleManager: Shutting down and abandoning module AndroidDeviceDetection (411)
[2017.10.31-15.54.13:960][309]LogModuleManager: Shutting down and abandoning module IOSRuntimeSettings (408)
[2017.10.31-15.54.13:960][309]LogModuleManager: Shutting down and abandoning module AndroidRuntimeSettings (406)
[2017.10.31-15.54.13:960][309]LogModuleManager: Shutting down and abandoning module InputBindingEditor (404)
[2017.10.31-15.54.13:960][309]LogModuleManager: Shutting down and abandoning module NiagaraEditor (402)
[2017.10.31-15.54.13:960][309]LogModuleManager: Shutting down and abandoning module MergeActors (400)
[2017.10.31-15.54.13:960][309]LogModuleManager: Shutting down and abandoning module SizeMap (398)
[2017.10.31-15.54.13:960][309]LogModuleManager: Shutting down and abandoning module TreeMap (396)
[2017.10.31-15.54.13:960][309]LogModuleManager: Shutting down and abandoning module ReferenceViewer (394)
[2017.10.31-15.54.13:960][309]LogModuleManager: Shutting down and abandoning module LocalizationDashboard (392)
[2017.10.31-15.54.13:960][309]LogModuleManager: Shutting down and abandoning module LocalizationService (391)
[2017.10.31-15.54.13:960][309]LogModuleManager: Shutting down and abandoning module HardwareTargeting (388)
[2017.10.31-15.54.13:960][309]LogModuleManager: Shutting down and abandoning module DeviceProfileEditor (386)
[2017.10.31-15.54.13:960][309]LogModuleManager: Shutting down and abandoning module UndoHistory (384)
[2017.10.31-15.54.13:960][309]LogModuleManager: Shutting down and abandoning module UserFeedback (382)
[2017.10.31-15.54.13:960][309]LogModuleManager: Shutting down and abandoning module XmlParser (380)
[2017.10.31-15.54.13:960][309]LogModuleManager: Shutting down and abandoning module Blutility (378)
[2017.10.31-15.54.13:960][309]LogModuleManager: Shutting down and abandoning module ProjectSettingsViewer (376)
[2017.10.31-15.54.13:960][309]LogModuleManager: Shutting down and abandoning module ProjectTargetPlatformEditor (375)
[2017.10.31-15.54.13:961][309]LogModuleManager: Shutting down and abandoning module EditorSettingsViewer (372)
[2017.10.31-15.54.13:961][309]LogModuleManager: Shutting down and abandoning module SettingsEditor (370)
[2017.10.31-15.54.13:961][309]LogModuleManager: Shutting down and abandoning module ProjectLauncher (368)
[2017.10.31-15.54.13:961][309]LogModuleManager: Shutting down and abandoning module SessionFrontend (366)
[2017.10.31-15.54.13:961][309]LogModuleManager: Shutting down and abandoning module ProfilerClient (364)
[2017.10.31-15.54.13:961][309]LogModuleManager: Shutting down and abandoning module DeviceManager (362)
[2017.10.31-15.54.13:961][309]LogModuleManager: Shutting down and abandoning module TargetDeviceServices (361)
[2017.10.31-15.54.14:004][309]LogModuleManager: Shutting down and abandoning module AutomationController (358)
[2017.10.31-15.54.14:004][309]LogModuleManager: Shutting down and abandoning module AutomationWindow (356)
[2017.10.31-15.54.14:004][309]LogModuleManager: Shutting down and abandoning module Layers (354)
[2017.10.31-15.54.14:004][309]LogModuleManager: Shutting down and abandoning module ComponentVisualizers (352)
[2017.10.31-15.54.14:004][309]LogModuleManager: Shutting down and abandoning module DetailCustomizations (350)
[2017.10.31-15.54.14:004][309]LogModuleManager: Shutting down and abandoning module PackagesDialog (348)
[2017.10.31-15.54.14:004][309]LogModuleManager: Shutting down and abandoning module Persona (346)
[2017.10.31-15.54.14:004][309]LogModuleManager: Shutting down and abandoning module AnimGraph (345)
[2017.10.31-15.54.14:004][309]LogModuleManager: Shutting down and abandoning module Kismet (342)
[2017.10.31-15.54.14:013][309]LogModuleManager: Shutting down and abandoning module GraphEditor (340)
[2017.10.31-15.54.14:013][309]LogModuleManager: Shutting down and abandoning module ClassViewer (338)
[2017.10.31-15.54.14:013][309]LogModuleManager: Shutting down and abandoning module Toolbox (336)
[2017.10.31-15.54.14:013][309]LogModuleManager: Shutting down and abandoning module ModuleUI (334)
[2017.10.31-15.54.14:013][309]LogModuleManager: Shutting down and abandoning module MovieSceneTools (332)
[2017.10.31-15.54.14:013][309]LogModuleManager: Shutting down and abandoning module OutputLog (330)
[2017.10.31-15.54.14:013][309]LogModuleManager: Shutting down and abandoning module GammaUI (328)
[2017.10.31-15.54.14:013][309]LogModuleManager: Shutting down and abandoning module Documentation (326)
[2017.10.31-15.54.14:013][309]LogModuleManager: Shutting down and abandoning module Niagara (324)
[2017.10.31-15.54.14:013][309]LogModuleManager: Shutting down and abandoning module StreamingPauseRendering (322)
[2017.10.31-15.54.14:013][309]LogModuleManager: Shutting down and abandoning module AnalyticsET (320)
[2017.10.31-15.54.14:013][309]LogModuleManager: Shutting down and abandoning module PortalServices (318)
[2017.10.31-15.54.14:013][309]LogModuleManager: Shutting down and abandoning module PortalRpc (316)
[2017.10.31-15.54.14:013][309]LogModuleManager: Shutting down and abandoning module MessagingRpc (314)
[2017.10.31-15.54.14:013][309]LogModuleManager: Shutting down and abandoning module AIModule (312)
[2017.10.31-15.54.14:014][309]LogModuleManager: Shutting down and abandoning module GameplayDebugger (311)
[2017.10.31-15.54.14:014][309]LogModuleManager: Shutting down and abandoning module AITestSuite (309)
[2017.10.31-15.54.14:014][309]LogModuleManager: Shutting down and abandoning module ProfilerService (306)
[2017.10.31-15.54.14:060][309]LogModuleManager: Shutting down and abandoning module TaskGraph (304)
[2017.10.31-15.54.14:060][309]LogModuleManager: Shutting down and abandoning module SteamVRController (302)
[2017.10.31-15.54.14:060][309]LogModuleManager: Shutting down and abandoning module SteamVR (300)
[2017.10.31-15.54.14:060][309]LogModuleManager: Shutting down and abandoning module ProceduralMeshComponentEditor (298)
[2017.10.31-15.54.14:060][309]LogModuleManager: Shutting down and abandoning module ProceduralMeshComponent (296)
[2017.10.31-15.54.14:060][309]LogModuleManager: Shutting down and abandoning module OculusLibrary (294)
[2017.10.31-15.54.14:060][309]LogModuleManager: Shutting down and abandoning module OculusInput (292)
[2017.10.31-15.54.14:060][309]LogModuleManager: Shutting down and abandoning module MobilePatchingUtils (290)
[2017.10.31-15.54.14:060][309]LogModuleManager: Shutting down and abandoning module CustomMeshComponent (288)
[2017.10.31-15.54.14:060][309]LogModuleManager: Shutting down and abandoning module CableComponent (286)
[2017.10.31-15.54.14:060][309]LogModuleManager: Shutting down and abandoning module ArchVisCharacter (284)
[2017.10.31-15.54.14:060][309]LogModuleManager: Shutting down and abandoning module MediaPlayerEditor (280)
[2017.10.31-15.54.14:060][309]LogModuleManager: Shutting down and abandoning module HTML5Networking (278)
[2017.10.31-15.54.14:060][309]LogModuleManager: Shutting down and abandoning module AlembicImporter (276)
[2017.10.31-15.54.14:060][309]LogModuleManager: Shutting down and abandoning module AlembicLibrary (275)
[2017.10.31-15.54.14:060][309]LogModuleManager: Shutting down and abandoning module GeometryCache (274)
[2017.10.31-15.54.14:060][309]LogModuleManager: Shutting down and abandoning module GeometryCacheEd (273)
[2017.10.31-15.54.14:060][309]LogModuleManager: Shutting down and abandoning module SuperSearchEditor (268)
[2017.10.31-15.54.14:060][309]LogModuleManager: Shutting down and abandoning module SuperSearch (267)
[2017.10.31-15.54.14:060][309]LogModuleManager: Shutting down and abandoning module SpeedTreeImporter (264)
[2017.10.31-15.54.14:060][309]LogModuleManager: Shutting down and abandoning module PluginBrowser (262)
[2017.10.31-15.54.14:060][309]LogModuleManager: Shutting down and abandoning module MobileLauncherProfileWizard (260)
[2017.10.31-15.54.14:060][309]LogModuleManager: Shutting down and abandoning module EpicSurvey (258)
[2017.10.31-15.54.14:061][309]LogModuleManager: Shutting down and abandoning module VisualStudioSourceCodeAccess (256)
[2017.10.31-15.54.14:061][309]LogModuleManager: Shutting down and abandoning module DesktopPlatform (255)
[2017.10.31-15.54.14:061][309]LogModuleManager: Shutting down and abandoning module UObjectPlugin (252)
[2017.10.31-15.54.14:061][309]LogModuleManager: Shutting down and abandoning module SubversionSourceControl (250)
[2017.10.31-15.54.14:061][309]LogModuleManager: Shutting down and abandoning module PerforceSourceControl (248)
[2017.10.31-15.54.14:061][309]LogModuleManager: Shutting down and abandoning module GitSourceControl (246)
[2017.10.31-15.54.14:061][309]LogModuleManager: Shutting down and abandoning module SourceControl (245)
[2017.10.31-15.54.14:061][309]LogModuleManager: Shutting down and abandoning module LightPropagationVolumeEditor (242)
[2017.10.31-15.54.14:061][309]LogModuleManager: Shutting down and abandoning module PaperTiledImporter (240)
[2017.10.31-15.54.14:061][309]LogModuleManager: Shutting down and abandoning module PaperSpriteSheetImporter (238)
[2017.10.31-15.54.14:061][309]LogModuleManager: Shutting down and abandoning module Paper2DEditor (236)
[2017.10.31-15.54.14:061][309]LogModuleManager: Shutting down and abandoning module MeshPaint (235)
[2017.10.31-15.54.14:061][309]LogModuleManager: Shutting down and abandoning module LevelEditor (233)
[2017.10.31-15.54.14:062][309]LogModuleManager: Shutting down and abandoning module PixelInspectorModule (232)
[2017.10.31-15.54.14:062][309]LogModuleManager: Shutting down and abandoning module MainFrame (230)
[2017.10.31-15.54.14:062][309]LogModuleManager: Shutting down and abandoning module HotReload (229)
[2017.10.31-15.54.14:062][309]LogModuleManager: Shutting down and abandoning module ContentBrowser (225)
[2017.10.31-15.54.14:064][309]LogModuleManager: Shutting down and abandoning module PhysXVehiclesEditor (222)
[2017.10.31-15.54.14:064][309]LogModuleManager: Shutting down and abandoning module PhysXVehicles (220)
[2017.10.31-15.54.14:064][309]LogModuleManager: Shutting down and abandoning module LocationServicesBPLibrary (218)
[2017.10.31-15.54.14:064][309]LogModuleManager: Shutting down and abandoning module UdpMessaging (216)
[2017.10.31-15.54.14:165][309]LogModuleManager: Shutting down and abandoning module TcpMessaging (214)
[2017.10.31-15.54.14:265][309]LogModuleManager: Shutting down and abandoning module GameplayTagsEditor (212)
[2017.10.31-15.54.14:265][309]LogModuleManager: Shutting down and abandoning module FacialAnimationEditor (210)
[2017.10.31-15.54.14:265][309]LogModuleManager: Shutting down and abandoning module FacialAnimation (208)
[2017.10.31-15.54.14:265][309]LogModuleManager: Shutting down and abandoning module LightPropagationVolumeRuntime (206)
[2017.10.31-15.54.14:265][309]LogModuleManager: Shutting down and abandoning module Paper2D (204)
[2017.10.31-15.54.14:265][309]LogModuleManager: Shutting down and abandoning module WindowsMoviePlayer (202)
[2017.10.31-15.54.14:265][309]LogModuleManager: Shutting down and abandoning module WmfMedia (200)
[2017.10.31-15.54.14:267][309]LogModuleManager: Shutting down and abandoning module MfMedia (198)
[2017.10.31-15.54.14:267][309]LogModuleManager: Shutting down and abandoning module MediaAssets (196)
[2017.10.31-15.54.14:267][309]LogModuleManager: Shutting down and abandoning module GameLiveStreaming (194)
[2017.10.31-15.54.14:267][309]LogModuleManager: Shutting down and abandoning module VREditor (192)
[2017.10.31-15.54.14:267][309]LogModuleManager: Shutting down and abandoning module GameplayTasksEditor (190)
[2017.10.31-15.54.14:267][309]LogModuleManager: Shutting down and abandoning module BehaviorTreeEditor (188)
[2017.10.31-15.54.14:268][309]LogModuleManager: Shutting down and abandoning module FunctionalTesting (186)
[2017.10.31-15.54.14:268][309]LogModuleManager: Shutting down and abandoning module CollisionAnalyzer (184)
[2017.10.31-15.54.14:268][309]LogModuleManager: Shutting down and abandoning module UMG (182)
[2017.10.31-15.54.14:268][309]LogModuleManager: Shutting down and abandoning module UMGEditor (181)
[2017.10.31-15.54.14:268][309]LogModuleManager: Shutting down and abandoning module Sequencer (180)
[2017.10.31-15.54.14:268][309]LogModuleManager: Shutting down and abandoning module AssetTools (178)
[2017.10.31-15.54.14:268][309]LogModuleManager: Shutting down and abandoning module MessageLog (177)
[2017.10.31-15.54.14:268][309]LogModuleManager: Shutting down and abandoning module WorkspaceMenuStructure (176)
[2017.10.31-15.54.14:268][309]LogModuleManager: Shutting down and abandoning module SlateReflector (170)
[2017.10.31-15.54.14:268][309]LogModuleManager: Shutting down and abandoning module Slate (168)
[2017.10.31-15.54.14:268][309]LogModuleManager: Shutting down and abandoning module EditorStyle (166)
[2017.10.31-15.54.14:270][309]LogModuleManager: Shutting down and abandoning module SourceCodeAccess (164)
[2017.10.31-15.54.14:270][309]LogModuleManager: Shutting down and abandoning module HeadMountedDisplay (162)
[2017.10.31-15.54.14:270][309]LogModuleManager: Shutting down and abandoning module XAudio2 (160)
[2017.10.31-15.54.14:270][309]LogModuleManager: Shutting down and abandoning module Networking (158)
[2017.10.31-15.54.14:270][309]LogModuleManager: Shutting down and abandoning module Core (154)
[2017.10.31-15.54.14:270][309]LogModuleManager: Shutting down and abandoning module AssetRegistry (152)
[2017.10.31-15.54.14:408][309]LogDirectoryWatcher: A directory notification for '../../../Engine/Content/' was aborted.
[2017.10.31-15.54.14:408][309]LogDirectoryWatcher: A directory notification for '../../../../../../P - programist/UE4/Timekill/TimeKill/Content/' was aborted.
[2017.10.31-15.54.14:408][309]LogDirectoryWatcher: A directory notification for '../../../Engine/Plugins/2D/Paper2D/Content/' was aborted.
[2017.10.31-15.54.14:409][309]LogModuleManager: Shutting down and abandoning module DirectoryWatcher (151)
[2017.10.31-15.54.14:411][309]LogModuleManager: Shutting down and abandoning module KismetCompiler (148)
[2017.10.31-15.54.14:411][309]LogModuleManager: Shutting down and abandoning module PhysXFormats (146)
[2017.10.31-15.54.14:411][309]LogModuleManager: Shutting down and abandoning module MeshUtilities (144)
[2017.10.31-15.54.14:411][309]LogModuleManager: Shutting down and abandoning module SimplygonSwarm (143)
[2017.10.31-15.54.14:411][309]LogModuleManager: Shutting down and abandoning module SimplygonMeshReduction (141)
[2017.10.31-15.54.14:411][309]LogModuleManager: Shutting down and abandoning module QuadricMeshReduction (139)
[2017.10.31-15.54.14:411][309]LogModuleManager: Shutting down and abandoning module PropertyEditor (137)
[2017.10.31-15.54.14:411][309]LogModuleManager: Shutting down and abandoning module DerivedDataCache (134)
[2017.10.31-15.54.14:416][309]LogDerivedDataCache: Shutdown
[2017.10.31-15.54.14:416][309]LogModuleManager: Shutting down and abandoning module TargetPlatform (132)
[2017.10.31-15.54.14:416][309]LogModuleManager: Shutting down and abandoning module VulkanShaderFormat (131)
[2017.10.31-15.54.14:416][309]LogModuleManager: Shutting down and abandoning module ShaderFormatOpenGL (129)
[2017.10.31-15.54.14:416][309]LogModuleManager: Shutting down and abandoning module ShaderFormatD3D (127)
[2017.10.31-15.54.14:416][309]LogModuleManager: Shutting down and abandoning module MetalShaderFormat (125)
[2017.10.31-15.54.14:416][309]LogModuleManager: Shutting down and abandoning module TextureFormatUncompressed (123)
[2017.10.31-15.54.14:416][309]LogModuleManager: Shutting down and abandoning module TextureFormatPVR (121)
[2017.10.31-15.54.14:416][309]LogModuleManager: Shutting down and abandoning module TextureFormatDXT (119)
[2017.10.31-15.54.14:416][309]LogModuleManager: Shutting down and abandoning module TextureFormatIntelISPCTexComp (117)
[2017.10.31-15.54.14:416][309]LogModuleManager: Shutting down and abandoning module TextureFormatASTC (115)
[2017.10.31-15.54.14:416][309]LogModuleManager: Shutting down and abandoning module ImageWrapper (114)
[2017.10.31-15.54.14:416][309]LogModuleManager: Shutting down and abandoning module TextureFormatAndroid (111)
[2017.10.31-15.54.14:416][309]LogModuleManager: Shutting down and abandoning module AudioFormatOpus (109)
[2017.10.31-15.54.14:416][309]LogModuleManager: Shutting down and abandoning module AudioFormatOgg (107)
[2017.10.31-15.54.14:416][309]LogModuleManager: Shutting down and abandoning module AudioFormatADPCM (105)
[2017.10.31-15.54.14:416][309]LogModuleManager: Shutting down and abandoning module LinuxTargetPlatform (103)
[2017.10.31-15.54.14:416][309]LogModuleManager: Shutting down and abandoning module LinuxServerTargetPlatform (101)
[2017.10.31-15.54.14:416][309]LogModuleManager: Shutting down and abandoning module LinuxNoEditorTargetPlatform (99)
[2017.10.31-15.54.14:416][309]LogModuleManager: Shutting down and abandoning module LinuxClientTargetPlatform (97)
[2017.10.31-15.54.14:416][309]LogModuleManager: Shutting down and abandoning module TVOSTargetPlatform (95)
[2017.10.31-15.54.14:416][309]LogModuleManager: Shutting down and abandoning module Messaging (93)
[2017.10.31-15.54.14:416][309]LogModuleManager: Shutting down and abandoning module IOSTargetPlatform (91)
[2017.10.31-15.54.14:416][309]LogModuleManager: Shutting down and abandoning module HTML5TargetPlatform (89)
[2017.10.31-15.54.14:416][309]LogModuleManager: Shutting down and abandoning module Android_PVRTCTargetPlatform (87)
[2017.10.31-15.54.14:416][309]LogModuleManager: Shutting down and abandoning module Android_MultiTargetPlatform (85)
[2017.10.31-15.54.14:416][309]LogModuleManager: Shutting down and abandoning module Android_ETC2TargetPlatform (83)
[2017.10.31-15.54.14:416][309]LogModuleManager: Shutting down and abandoning module Android_ETC1TargetPlatform (81)
[2017.10.31-15.54.14:416][309]LogModuleManager: Shutting down and abandoning module Android_DXTTargetPlatform (79)
[2017.10.31-15.54.14:416][309]LogModuleManager: Shutting down and abandoning module Android_ATCTargetPlatform (77)
[2017.10.31-15.54.14:416][309]LogModuleManager: Shutting down and abandoning module Android_ASTCTargetPlatform (75)
[2017.10.31-15.54.14:416][309]LogModuleManager: Shutting down and abandoning module AndroidTargetPlatform (73)
[2017.10.31-15.54.14:416][309]LogModuleManager: Shutting down and abandoning module WindowsTargetPlatform (71)
[2017.10.31-15.54.14:417][309]LogModuleManager: Shutting down and abandoning module WindowsServerTargetPlatform (69)
[2017.10.31-15.54.14:417][309]LogModuleManager: Shutting down and abandoning module WindowsNoEditorTargetPlatform (67)
[2017.10.31-15.54.14:417][309]LogModuleManager: Shutting down and abandoning module WindowsClientTargetPlatform (65)
[2017.10.31-15.54.14:417][309]LogModuleManager: Shutting down and abandoning module MacTargetPlatform (63)
[2017.10.31-15.54.14:417][309]LogModuleManager: Shutting down and abandoning module MacServerTargetPlatform (61)
[2017.10.31-15.54.14:417][309]LogModuleManager: Shutting down and abandoning module MacNoEditorTargetPlatform (59)
[2017.10.31-15.54.14:417][309]LogModuleManager: Shutting down and abandoning module MacClientTargetPlatform (57)
[2017.10.31-15.54.14:417][309]LogModuleManager: Shutting down and abandoning module AllDesktopTargetPlatform (55)
[2017.10.31-15.54.14:417][309]LogModuleManager: Shutting down and abandoning module InputCore (52)
[2017.10.31-15.54.14:417][309]LogModuleManager: Shutting down and abandoning module Settings (50)
[2017.10.31-15.54.14:417][309]LogModuleManager: Shutting down and abandoning module OculusRift (48)
[2017.10.31-15.54.14:417][309]LogModuleManager: Shutting down and abandoning module GearVR (46)
[2017.10.31-15.54.14:417][309]LogModuleManager: Shutting down and abandoning module ExampleDeviceProfileSelector (44)
[2017.10.31-15.54.14:417][309]LogModuleManager: Shutting down and abandoning module OnlineBlueprintSupport (42)
[2017.10.31-15.54.14:417][309]LogModuleManager: Shutting down and abandoning module OnlineSubsystem (38)
[2017.10.31-15.54.14:417][309]LogOnline:Display: Unloading online subsystem: NULL
[2017.10.31-15.54.14:417][309]LogModuleManager: Shutting down and abandoning module XMPP (37)
[2017.10.31-15.54.14:417][309]LogModuleManager: Shutting down and abandoning module HTTP (35)
[2017.10.31-15.54.14:417][309]LogHttp:Display: Http module shutting down, but needs to wait on 1 outstanding Http requests:
[2017.10.31-15.54.14:417][309]LogHttp:Display: 	verb=[POST] url=[https://datarouter.ol.epicgames.com/datarouter/api/v1/public/data?SessionID=%7B8D21FD45-4726-FC30-6D61-E28371A39BD3%7D&AppID=UEEditor.Rocket.Release&AppVersion=4.15.3-3450819%2B%2B%2BUE4%2BRelease-4.15&UserID=203cd22846209b4f8b77d28ccf32e6ff%7C89273462bd32443db345d53368ac8829%7Cb72b80ad-e83e-444b-86be-783fb756f975&AppEnvironment=datacollector-binary&UploadType=eteventstream] status=Processing
[2017.10.31-15.54.14:443][309]LogModuleManager: Shutting down and abandoning module SSL (34)
[2017.10.31-15.54.14:445][309]LogModuleManager: Shutting down and abandoning module AudioEditor (30)
[2017.10.31-15.54.14:445][309]LogModuleManager: Shutting down and abandoning module TextureCompressor (28)
[2017.10.31-15.54.14:447][309]LogModuleManager: Shutting down and abandoning module ShaderCore (26)
[2017.10.31-15.54.14:447][309]LogModuleManager: Shutting down and abandoning module Landscape (24)
[2017.10.31-15.54.14:447][309]LogModuleManager: Shutting down and abandoning module SlateRHIRenderer (22)
[2017.10.31-15.54.14:449][309]LogModuleManager: Shutting down and abandoning module OpenGLDrv (20)
[2017.10.31-15.54.14:449][309]LogModuleManager: Shutting down and abandoning module D3D11RHI (18)
[2017.10.31-15.54.14:449][309]LogModuleManager: Shutting down and abandoning module AnimGraphRuntime (16)
[2017.10.31-15.54.14:449][309]LogModuleManager: Shutting down and abandoning module Renderer (14)
[2017.10.31-15.54.14:449][309]LogModuleManager: Shutting down and abandoning module Engine (12)
[2017.10.31-15.54.14:449][309]LogModuleManager: Shutting down and abandoning module CoreUObject (10)
[2017.10.31-15.54.14:449][309]LogModuleManager: Shutting down and abandoning module NetworkFile (8)
[2017.10.31-15.54.14:449][309]LogModuleManager: Shutting down and abandoning module StreamingFile (6)
[2017.10.31-15.54.14:449][309]LogModuleManager: Shutting down and abandoning module SandboxFile (4)
[2017.10.31-15.54.14:449][309]LogModuleManager: Shutting down and abandoning module PakFile (2)
[2017.10.31-15.54.14:455][309]LogExit: Exiting.
[2017.10.31-15.54.14:460][309]Log file closed, 10/31/17 18:54:14
