Log file open, 07/06/17 10:14:37
LogInit:Display: Running engine for game: TimeKill
LogPlatformFile: Not using cached read wrapper
LogInit:Display: RandInit(1993899677) SRandInit(1993899677).
LogTaskGraph: Started task graph with 5 named threads and 8 total threads with 1 sets of task threads.
LogStats: Stats thread started at 0.092785
LogInit: Using libcurl 7.47.1
LogInit:  - built for x86_64-pc-win32
LogInit:  - supports SSL with OpenSSL/1.0.2g
LogInit:  - supports HTTP deflate (compression) using libz 1.2.8
LogInit:  - other features:
LogInit:      CURL_VERSION_SSL
LogInit:      CURL_VERSION_LIBZ
LogInit:      CURL_VERSION_IPV6
LogInit:      CURL_VERSION_ASYNCHDNS
LogInit:      CURL_VERSION_LARGEFILE
LogInit:      CURL_VERSION_IDN
LogInit:  CurlRequestOptions (configurable via config and command line):
LogInit:  - bVerifyPeer = false  - Libcurl will NOT verify peer certificate
LogInit:  - bUseHttpProxy = false  - Libcurl will NOT use HTTP proxy
LogInit:  - bDontReuseConnections = false  - Libcurl will reuse connections
LogInit:  - CertBundlePath = nullptr  - Libcurl will use whatever was configured at build time.
LogInit: Build: ++UE4+Release-4.15-CL-3450819
LogInit: Engine Version: 4.15.3-3450819+++UE4+Release-4.15
LogInit: Compatible Engine Version: 4.15.0-3299760+++UE4+Release-4.15
LogInit: Net CL: 3299760
LogDevObjectVersion: Number of dev versions registered: 14
LogDevObjectVersion:   Dev-Blueprints (B0D832E4-1F89-4F0D-ACCF-7EB736FD4AA2): 8
LogDevObjectVersion:   Dev-Build (E1C64328-A22C-4D53-A36C-8E866417BD8C): 0
LogDevObjectVersion:   Dev-Core (375EC13C-06E4-48FB-B500-84F0262A717E): 2
LogDevObjectVersion:   Dev-Editor (E4B068ED-F494-42E9-A231-DA0B2E46BB41): 14
LogDevObjectVersion:   Dev-Framework (CFFC743F-43B0-4480-9391-14DF171D2073): 22
LogDevObjectVersion:   Dev-Mobile (B02B49B5-BB20-44E9-A304-32B752E40360): 0
LogDevObjectVersion:   Dev-Networking (A4E4105C-59A1-49B5-A7C5-40C4547EDFEE): 0
LogDevObjectVersion:   Dev-Online (39C831C9-5AE6-47DC-9A44-9C173E1C8E7C): 0
LogDevObjectVersion:   Dev-Physics (78F01B33-EBEA-4F98-B9B4-84EACCB95AA2): 0
LogDevObjectVersion:   Dev-Platform (6631380F-2D4D-43E0-8009-CF276956A95A): 0
LogDevObjectVersion:   Dev-Rendering (12F88B9F-8875-4AFC-A67C-D90C383ABD29): 12
LogDevObjectVersion:   Dev-Sequencer (7B5AE74C-D270-4C10-A958-57980B212A5A): 3
LogDevObjectVersion:   Dev-VR (D7296918-1DD6-4BDD-9DE2-64A83CC13884): 0
LogDevObjectVersion:   Dev-LoadTimes (C2A15278-BFE7-4AFE-6C17-90FF531DF755): 1
LogInit: Compiled (64-bit): May 21 2017 11:02:34
LogInit: Compiled with Visual C++: 19.00.23026.00
LogInit: Build Configuration: Development
LogInit: Branch Name: ++UE4+Release-4.15
LogInit: Command line:  
LogInit: Base directory: D:/Program Files/Epic Games/UE_4.15/Engine/Binaries/Win64/
LogInit: Installed Engine Build: 1
LogInit: Presizing for max 8388607 objects, including 0 objects not considered by GC, pre-allocating 0 bytes for permanent pool.
LogInit: Object subsystem initialized
[2017.07.06-07.14.38:523][  0]LogInit: Selected Device Profile: [Windows]
[2017.07.06-07.14.38:523][  0]LogInit: Applying CVar settings loaded from the selected device profile: [Windows]
[2017.07.06-07.14.38:600][  0]LogInit: Computer: DESKTOP-S9EOI2C
[2017.07.06-07.14.38:600][  0]LogInit: User: IzPOD
[2017.07.06-07.14.38:600][  0]LogInit: CPU Page size=65536, Cores=4
[2017.07.06-07.14.38:600][  0]LogInit: High frequency timer resolution =3.312786 MHz
[2017.07.06-07.14.38:600][  0]LogMemory: Memory total: Physical=7.9GB (8GB approx)
[2017.07.06-07.14.38:600][  0]LogMemory: Platform Memory Stats for Windows
[2017.07.06-07.14.38:600][  0]LogMemory: Process Physical Memory: 262.13 MB used, 262.13 MB peak
[2017.07.06-07.14.38:600][  0]LogMemory: Process Virtual Memory: 262.20 MB used, 262.20 MB peak
[2017.07.06-07.14.38:600][  0]LogMemory: Physical Memory: 3829.45 MB used,  4295.35 MB free, 8124.80 MB total
[2017.07.06-07.14.38:600][  0]LogMemory: Virtual Memory: 644.05 MB used,  4295.35 MB free, 134217728.00 MB total
[2017.07.06-07.14.39:365][  0]LogTextLocalizationManager: No translations for ('ru-RU') exist, falling back to 'en' for localization and internationalization data.
[2017.07.06-07.14.42:583][  0]LogD3D11RHI: D3D11 adapters:
[2017.07.06-07.14.42:629][  0]LogD3D11RHI:    0. 'NVIDIA GeForce GTX 670' (Feature Level 11_0)
[2017.07.06-07.14.42:629][  0]LogD3D11RHI:       2017/0/4062 MB DedicatedVideo/DedicatedSystem/SharedSystem, Outputs:2, VendorId:0x10de
[2017.07.06-07.14.42:630][  0]LogD3D11RHI:    1. 'Microsoft Basic Render Driver' (Feature Level 11_0)
[2017.07.06-07.14.42:630][  0]LogD3D11RHI:       0/0/4062 MB DedicatedVideo/DedicatedSystem/SharedSystem, Outputs:0, VendorId:0x1414
[2017.07.06-07.14.42:630][  0]LogD3D11RHI: Chosen D3D11 Adapter: 0
[2017.07.06-07.14.42:635][  0]LogD3D11RHI: Creating new Direct3DDevice
[2017.07.06-07.14.42:635][  0]LogD3D11RHI:     GPU DeviceId: 0x1189 (for the marketing name, search the web for "GPU Device Id")
[2017.07.06-07.14.42:635][  0]LogWindows: EnumDisplayDevices:
[2017.07.06-07.14.42:635][  0]LogWindows:    0. 'NVIDIA GeForce GTX 670' (P:1 D:1)
[2017.07.06-07.14.42:635][  0]LogWindows:    1. 'NVIDIA GeForce GTX 670' (P:0 D:1)
[2017.07.06-07.14.42:635][  0]LogWindows:    2. 'NVIDIA GeForce GTX 670' (P:0 D:0)
[2017.07.06-07.14.42:635][  0]LogWindows:    3. 'NVIDIA GeForce GTX 670' (P:0 D:0)
[2017.07.06-07.14.42:635][  0]LogWindows: DebugString: FoundDriverCount:4 
[2017.07.06-07.14.42:635][  0]LogD3D11RHI:     Adapter Name: NVIDIA GeForce GTX 670
[2017.07.06-07.14.42:635][  0]LogD3D11RHI:   Driver Version: 382.05 (internal:22.21.13.8205, unified:382.05)
[2017.07.06-07.14.42:635][  0]LogD3D11RHI:      Driver Date: 5-1-2017
[2017.07.06-07.14.42:635][  0]LogRHI: Texture pool is 1361 MB (70% of 1945 MB)
[2017.07.06-07.14.42:666][  0]LogD3D11RHI:Warning: Timestamp queries are currently disabled on this hardware due to instability. Realtime GPU stats will not be available. You can override this behaviour by setting r.NVIDIATimestampWorkaround to 0
[2017.07.06-07.14.42:669][  0]LogD3D11RHI: Async texture creation enabled
[2017.07.06-07.14.42:681][  0]LogD3D11RHI: GPU Timing Frequency: 1000.000000 (Debug: 2 1)
[2017.07.06-07.14.42:684][  0]LogShaderCompilers: Guid format shader working directory is -9 characters bigger than the processId version (../../../../../../P - programist/UE4/Timekill/TimeKill/Intermediate/Shaders/WorkingDirectory/11460/).
[2017.07.06-07.14.42:684][  0]LogShaderCompilers: Cleaned the shader compiler working directory 'C:/Users/IzPOD/AppData/Local/Temp/UnrealShaderWorkingDir/DA12C401466B5C1987C76D85688AE7C3/'.
[2017.07.06-07.14.42:684][  0]LogShaderCompilers:Display: Using Local Shader Compiler.
[2017.07.06-07.14.45:716][  0]LogTemp:Display: Loaded TP AllDesktopTargetPlatform
[2017.07.06-07.14.45:768][  0]LogTemp:Display: Loaded TP MacClientTargetPlatform
[2017.07.06-07.14.45:820][  0]LogTemp:Display: Loaded TP MacNoEditorTargetPlatform
[2017.07.06-07.14.45:870][  0]LogTemp:Display: Loaded TP MacServerTargetPlatform
[2017.07.06-07.14.45:941][  0]LogTemp:Display: Loaded TP MacTargetPlatform
[2017.07.06-07.14.45:992][  0]LogTemp:Display: Loaded TP WindowsClientTargetPlatform
[2017.07.06-07.14.46:050][  0]LogTemp:Display: Loaded TP WindowsNoEditorTargetPlatform
[2017.07.06-07.14.46:104][  0]LogTemp:Display: Loaded TP WindowsServerTargetPlatform
[2017.07.06-07.14.46:145][  0]LogTemp:Display: Loaded TP WindowsTargetPlatform
[2017.07.06-07.14.46:222][  0]LogTemp:Display: Loaded TP AndroidTargetPlatform
[2017.07.06-07.14.46:271][  0]LogTemp:Display: Loaded TP Android_ASTCTargetPlatform
[2017.07.06-07.14.46:321][  0]LogTemp:Display: Loaded TP Android_ATCTargetPlatform
[2017.07.06-07.14.46:372][  0]LogTemp:Display: Loaded TP Android_DXTTargetPlatform
[2017.07.06-07.14.46:423][  0]LogTemp:Display: Loaded TP Android_ETC1TargetPlatform
[2017.07.06-07.14.46:473][  0]LogTemp:Display: Loaded TP Android_ETC2TargetPlatform
[2017.07.06-07.14.46:577][  0]LogTemp:Display: Loaded TP Android_MultiTargetPlatform
[2017.07.06-07.14.46:577][  0]LogTemp:Display: Loaded TP Android_PVRTCTargetPlatform
[2017.07.06-07.14.46:610][  0]LogTemp:Display: Loaded TP HTML5TargetPlatform
[2017.07.06-07.14.46:734][  0]LogTemp:Display: Loaded TP IOSTargetPlatform
[2017.07.06-07.14.46:774][  0]LogTemp:Display: Loaded TP TVOSTargetPlatform
[2017.07.06-07.14.46:833][  0]LogTemp:Display: Loaded TP LinuxClientTargetPlatform
[2017.07.06-07.14.46:889][  0]LogTemp:Display: Loaded TP LinuxNoEditorTargetPlatform
[2017.07.06-07.14.46:947][  0]LogTemp:Display: Loaded TP LinuxServerTargetPlatform
[2017.07.06-07.14.47:026][  0]LogTemp:Display: Loaded TP LinuxTargetPlatform
[2017.07.06-07.14.47:026][  0]LogTargetPlatformManager:Display: Building Assets For Windows
[2017.07.06-07.14.47:802][  0]LogDerivedDataCache:Display: Max Cache Size: 512 MB
[2017.07.06-07.14.48:041][  0]LogDerivedDataCache: Loaded boot cache 0.24s 50MB C:/Users/IzPOD/AppData/Local/UnrealEngine/4.15/DerivedDataCache/Boot.ddc.
[2017.07.06-07.14.48:041][  0]LogDerivedDataCache:Display: Loaded Boot cache: C:/Users/IzPOD/AppData/Local/UnrealEngine/4.15/DerivedDataCache/Boot.ddc
[2017.07.06-07.14.48:041][  0]LogDerivedDataCache: FDerivedDataBackendGraph:  Pak pak cache file ../../../../../../P - programist/UE4/Timekill/TimeKill/DerivedDataCache/DDC.ddp not found, will not use a pak cache.
[2017.07.06-07.14.48:041][  0]LogDerivedDataCache: Unable to find inner node Pak for hierarchical cache Hierarchy.
[2017.07.06-07.14.48:041][  0]LogDerivedDataCache: FDerivedDataBackendGraph:  CompressedPak pak cache file ../../../../../../P - programist/UE4/Timekill/TimeKill/DerivedDataCache/Compressed.ddp not found, will not use a pak cache.
[2017.07.06-07.14.48:041][  0]LogDerivedDataCache: Unable to find inner node CompressedPak for hierarchical cache Hierarchy.
[2017.07.06-07.14.48:115][  0]LogDerivedDataCache:Display: Pak cache opened for reading ../../../Engine/DerivedDataCache/Compressed.ddp.
[2017.07.06-07.14.48:127][  0]LogDerivedDataCache: Using Local data cache path C:/Users/IzPOD/AppData/Local/UnrealEngine/Common/DerivedDataCache: Writable
[2017.07.06-07.14.48:148][  0]LogSlate: Using Freetype 2.6.0
[2017.07.06-07.14.48:248][  0]LogSlate: SlateFontCache - WITH_FREETYPE: 1, WITH_HARFBUZZ: 1
[2017.07.06-07.14.48:248][  0]LogSlate: SlateFontCache - WITH_FREETYPE: 1, WITH_HARFBUZZ: 1
[2017.07.06-07.14.51:991][  0]LogInit: Selected Device Profile: [Windows]
[2017.07.06-07.14.52:016][  0]LogContentStreaming: Texture pool size is 0.00 MB
[2017.07.06-07.14.52:320][  0]LogMeshUtilities: Using QuadricMeshReduction for automatic static mesh reduction
[2017.07.06-07.14.52:357][  0]LogSimplygon: Simplygon DLL not present - disabling.
[2017.07.06-07.14.52:396][  0]LogMeshUtilities: Using SimplygonSwarm for distributed automatic mesh merging
[2017.07.06-07.14.52:396][  0]LogMeshUtilities: No automatic skeletal mesh reduction module available
[2017.07.06-07.14.52:396][  0]LogMeshUtilities: No automatic mesh merging module available
[2017.07.06-07.14.54:866][  0]LogNetVersion: GetLocalNetworkVersion: CL: 3299760, ProjectName: timekill, ProjectVersion: , EngineNetworkVersion: 2, GameNetworkVersion: 0, NetworkChecksum: 844999791
[2017.07.06-07.14.54:951][  0]LogAssetRegistry: FAssetRegistry took 0.0215 seconds to start up
[2017.07.06-07.14.54:984][  0]LogPackageLocalizationCache: Processed 3 localized package path(s) for 1 prioritized culture(s) in 0.016661 seconds
[2017.07.06-07.14.54:991][  0]LogUObjectArray: 32493 objects as part of root set at end of initial load.
[2017.07.06-07.14.54:991][  0]LogUObjectAllocator: 7077032 out of 0 bytes used by permanent object pool.
[2017.07.06-07.14.54:991][  0]LogUObjectArray: CloseDisregardForGC: 0/0 objects in disregard for GC pool
[2017.07.06-07.14.55:048][  0]LogInit: WinSock: version 1.1 (2.2), MaxSocks=32767, MaxUdp=65467
[2017.07.06-07.15.01:407][  0]LogTcpMessaging: Initializing TcpMessaging bridge
[2017.07.06-07.15.01:454][  0]LogUdpMessaging: Initializing bridge on interface 0.0.0.0:0 to multicast group 230.0.0.1:6666.
[2017.07.06-07.15.02:287][  0]LogMaterial: Uniform references updated for custom material expression Custom.
[2017.07.06-07.15.02:822][  0]SourceControl: Info Source control is disabled
[2017.07.06-07.15.02:822][  0]SourceControl: Info Source control is disabled
[2017.07.06-07.15.02:896][  0]SourceControl: Info Source control is disabled
[2017.07.06-07.15.02:959][  0]SourceControl: Info Source control is disabled
[2017.07.06-07.15.03:419][  0]LogLinker:Warning: Can't find file '/Game/PuzzleBP/Tutorial/Part1-Overview'
[2017.07.06-07.15.03:419][  0]LogLinker:Warning: Can't find file '/Game/PuzzleBP/Tutorial/Part1-Overview'
[2017.07.06-07.15.03:419][  0]LogUObjectGlobals:Warning: Failed to find object 'Class /Game/PuzzleBP/Tutorial/Part1-Overview.Part1-Overview_C'
[2017.07.06-07.15.03:419][  0]LogLinker:Warning: Can't find file '/Game/PuzzleBP/Tutorial/Part2-BlockBlueprint'
[2017.07.06-07.15.03:419][  0]LogLinker:Warning: Can't find file '/Game/PuzzleBP/Tutorial/Part2-BlockBlueprint'
[2017.07.06-07.15.03:419][  0]LogUObjectGlobals:Warning: Failed to find object 'Class /Game/PuzzleBP/Tutorial/Part2-BlockBlueprint.Part2-BlockBlueprint_C'
[2017.07.06-07.15.04:653][  0]LogEngine: Initializing Engine...
[2017.07.06-07.15.04:654][  0]LogHMD: Failed to initialize OpenVR with code 110
[2017.07.06-07.15.05:138][  0]LogStats: UGameplayTagsManager::ConstructGameplayTagTree: Construct from data asset -  0.000 s
[2017.07.06-07.15.05:138][  0]LogStats: UGameplayTagsManager::ConstructGameplayTagTree: GameplayTagTreeChangedEvent.Broadcast -  0.000 s
[2017.07.06-07.15.05:419][  0]LogAIModule: Creating AISystem for world Untitled
[2017.07.06-07.15.05:435][  0]LogInit: XAudio2 using 'Динамики (Logitech G430 Gaming Headset)' : 8 channels at 48 kHz using 16 bits per sample (channel mask 0x63f)
[2017.07.06-07.15.05:455][  0]LogInit: FAudioDevice initialized.
[2017.07.06-07.15.05:483][  0]LogDerivedDataCache: Saved boot cache 0.03s 50MB C:/Users/IzPOD/AppData/Local/UnrealEngine/4.15/DerivedDataCache/Boot.ddc.
[2017.07.06-07.15.05:494][  0]LogInit: Texture streaming: Enabled
[2017.07.06-07.15.05:574][  0]LogEngineSessionManager: EngineSessionManager initialized
[2017.07.06-07.15.05:655][  0]LogInit: Transaction tracking system initialized
[2017.07.06-07.15.05:946][  0]BlueprintLog: New page: Editor Load
[2017.07.06-07.15.06:728][  0]LocalizationService: Info Localization service is disabled
[2017.07.06-07.15.07:462][  0]LogConsoleResponse:Display: 
[2017.07.06-07.15.09:234][  0]LogCook:Display: Max memory allowance for cook 16384mb min free memory 0mb
[2017.07.06-07.15.09:234][  0]LogCook:Display: Mobile HDR setting 0
[2017.07.06-07.15.10:060][  0]LogFileCache: Scanning file cache for directory 'D:/P - programist/UE4/Timekill/TimeKill/Content/' took 0.02s
[2017.07.06-07.15.10:566][  0]SourceControl: Info Source control is disabled
[2017.07.06-07.15.10:566][  0]Cmd: MAP LOAD FILE="../../../Engine/Content/Maps/Templates/Template_Default.umap" TEMPLATE=1 SHOWPROGRESS=1 FEATURELEVEL=3
[2017.07.06-07.15.10:588][  0]LightingResults: New page: Lighting Build
[2017.07.06-07.15.10:621][  0]MapCheck: New page: Map Check
[2017.07.06-07.15.10:621][  0]LightingResults: New page: Lighting Build
[2017.07.06-07.15.11:310][  0]LogAIModule: Creating AISystem for world Untitled_1
[2017.07.06-07.15.11:349][  0]LogActorComponent: RegisterComponentWithWorld: (/Temp/Untitled_1.Untitled_1:PersistentLevel.WorldSettings_1.StaticMeshComponent0) Trying to register component with IsPendingKill() == true. Aborting.
[2017.07.06-07.15.11:422][  0]LogEditorServer: Finished looking for orphan Actors (0.000 secs)
[2017.07.06-07.15.11:426][  0]Cmd: MAP CHECKDEP NOCLEARLOG
[2017.07.06-07.15.11:461][  0]MapCheck: Info Map check complete: 0 Error(s), 0 Warning(s), took 34.901ms to complete.
[2017.07.06-07.15.11:461][  0]LogFileHelpers: Loading map 'Template_Default' took 0.895
[2017.07.06-07.15.12:033][  0]LogCollectionManager: Loaded 0 collections in 0.000841 seconds
[2017.07.06-07.15.12:131][  0]LogFileCache: Scanning file cache for directory 'D:/P - programist/UE4/Timekill/TimeKill/Saved/Collections/' took 0.01s
[2017.07.06-07.15.12:131][  0]LogFileCache: Scanning file cache for directory 'D:/P - programist/UE4/Timekill/TimeKill/Content/Developers/IzPOD/Collections/' took 0.01s
[2017.07.06-07.15.12:131][  0]LogFileCache: Scanning file cache for directory 'D:/P - programist/UE4/Timekill/TimeKill/Content/Collections/' took 0.01s
[2017.07.06-07.15.12:131][  0]LogCollectionManager: Rebuilt the GUID cache for 0 collections in 0.000004 seconds
[2017.07.06-07.15.12:141][  0]LogContentBrowser: Native class hierarchy populated in 0.0095 seconds. Added 2246 classes and 455 folders.
[2017.07.06-07.15.12:200][  0]LogContentBrowser: Native class hierarchy updated for 'WidgetCarousel' in 0.0006 seconds. Added 0 classes and 0 folders.
[2017.07.06-07.15.13:053][  0]LogContentBrowser: Native class hierarchy updated for 'AddContentDialog' in 0.0005 seconds. Added 0 classes and 0 folders.
[2017.07.06-07.15.13:075][  0]LogCrashTracker: Crashtracker disabled due to settings.
[2017.07.06-07.15.13:085][  0]LogUObjectGlobals:Warning: Failed to find object 'Class None.'
[2017.07.06-07.15.13:180][  0]LogContentBrowser: Native class hierarchy updated for 'HierarchicalLODOutliner' in 0.0006 seconds. Added 1 classes and 2 folders.
[2017.07.06-07.15.13:181][  0]LogLoad: (Engine Initialization) Total time: 39.90 seconds
[2017.07.06-07.15.13:181][  0]LogLoad: (Engine Initialization) Total Blueprint compile time: 0.21 seconds
[2017.07.06-07.15.13:181][  0]LogExternalProfiler: No external profilers were discovered.  External profiling features will not be available.
[2017.07.06-07.15.13:532][  0]LogOcInput: OculusInput pre-init called
[2017.07.06-07.15.13:554][  0]LogContentStreaming: Texture pool size now 1000 MB
[2017.07.06-07.15.13:584][  0]LogSlate: Took 0.013267 seconds to synchronously load lazily loaded font '../../../Engine/Content/Slate/Fonts/Roboto-Regular.ttf' (155K)
[2017.07.06-07.15.13:604][  0]LogSlate: Took 0.014786 seconds to synchronously load lazily loaded font '../../../Engine/Content/Slate/Fonts/Roboto-Bold.ttf' (160K)
[2017.07.06-07.15.13:624][  0]LogSlate: Took 0.017221 seconds to synchronously load lazily loaded font '../../../Engine/Content/Editor/Slate/Fonts/FontAwesome.ttf' (139K)
[2017.07.06-07.15.13:795][  0]LogRenderer: Reallocating scene render targets to support 1068x924 NumSamples 1 (Frame:2).
[2017.07.06-07.15.13:871][  1]LogAssetRegistry: Asset discovery search completed in 18.9420 seconds
[2017.07.06-07.15.13:871][  1]LogCollectionManager: Rebuilt the object cache for 0 collections in 0.000023 seconds (found 0 objects)
[2017.07.06-07.15.13:871][  1]LogCollectionManager: Fixed up redirectors for 0 collections in 0.000072 seconds (updated 0 objects)
[2017.07.06-07.15.14:552][  3]LogSlate: Took 0.018570 seconds to synchronously load lazily loaded font '../../../Engine/Content/Slate/Fonts/Roboto-Light.ttf' (159K)
[2017.07.06-07.15.17:873][ 13]LogSlate: Took 0.000288 seconds to synchronously load lazily loaded font '../../../Engine/Content/Slate/Fonts/Roboto-Light.ttf' (159K)
[2017.07.06-07.18.17:764][957]LogSlate: Took 0.000162 seconds to synchronously load lazily loaded font '../../../Engine/Content/Slate/Fonts/Roboto-Light.ttf' (159K)
[2017.07.06-07.18.18:047][957]LogAIModule: Creating AISystem for world GameLavel
[2017.07.06-07.18.18:077][957]Cmd: MAP LOAD FILE="../../../../../../P - programist/UE4/Timekill/TimeKill/Content/GameLavel.umap" TEMPLATE=0 SHOWPROGRESS=1 FEATURELEVEL=3
[2017.07.06-07.18.18:077][957]LightingResults: New page: Lighting Build
[2017.07.06-07.18.18:078][957]LoadErrors: New page: Loading map: GameLavel.umap
[2017.07.06-07.18.18:097][957]MapCheck: New page: Map Check
[2017.07.06-07.18.18:097][957]LightingResults: New page: Lighting Build
[2017.07.06-07.18.18:172][957]LogEditorServer: Finished looking for orphan Actors (0.000 secs)
[2017.07.06-07.18.18:198][957]Cmd: MAP CHECKDEP NOCLEARLOG
[2017.07.06-07.18.18:234][957]MapCheck: Info Map check complete: 0 Error(s), 0 Warning(s), took 35.616ms to complete.
[2017.07.06-07.18.18:234][957]LogFileHelpers: Loading map 'GameLavel' took 0.158
[2017.07.06-07.18.22:224][421]LogTemp: Repeting last play command: New Editor Window (PIE)
[2017.07.06-07.18.22:238][421]LogBlueprintUserMessages: Early PlayInEditor Detection: Level '/Game/GameLavel.GameLavel:PersistentLevel' has LevelScriptBlueprint '/Game/GameLavel.GameLavel:PersistentLevel.GameLavel' with GeneratedClass '/Game/GameLavel.GameLavel_C' with ClassGeneratedBy '/Game/GameLavel.GameLavel:PersistentLevel.GameLavel'
[2017.07.06-07.18.22:238][421]LogPlayLevel: PlayLevel: No blueprints needed recompiling
[2017.07.06-07.18.22:274][421]PIE: New page: PIE session: GameLavel (Jul 6, 2017, 1:18:22 PM)
[2017.07.06-07.18.22:289][421]LogPlayLevel: Creating play world package: /Game/UEDPIE_0_GameLavel
[2017.07.06-07.18.22:292][421]LogPlayLevel: PIE: StaticDuplicateObject took: (0.003086s)
[2017.07.06-07.18.22:292][421]LogAIModule: Creating AISystem for world GameLavel
[2017.07.06-07.18.22:293][421]LogPlayLevel: PIE: World Init took: (0.000803s)
[2017.07.06-07.18.22:293][421]LogPlayLevel: PIE: Created PIE world by copying editor world from /Game/GameLavel.GameLavel to /Game/UEDPIE_0_GameLavel.GameLavel (0.018981s)
[2017.07.06-07.18.22:308][421]LogInit: XAudio2 using 'Динамики (Logitech G430 Gaming Headset)' : 8 channels at 48 kHz using 16 bits per sample (channel mask 0x63f)
[2017.07.06-07.18.22:322][421]LogInit: FAudioDevice initialized.
[2017.07.06-07.18.22:415][421]LogLoad: Game class is 'Mouse_GameMode_C'
[2017.07.06-07.18.22:427][421]LogWorld: Bringing World /Game/UEDPIE_0_GameLavel.GameLavel up for play (max tick rate 0) at 2017.07.06-10.18.22
[2017.07.06-07.18.22:473][421]LogWorld: Bringing up level for play took: 0.047008
[2017.07.06-07.18.22:556][421]LogContentBrowser: Native class hierarchy updated for 'MovieSceneCapture' in 0.0006 seconds. Added 11 classes and 0 folders.
[2017.07.06-07.18.22:561][421]PIE: Info Play in editor start time for /Game/UEDPIE_0_GameLavel -0.44
[2017.07.06-07.18.22:562][421]LogBlueprintUserMessages: Late PlayInEditor Detection: Level '/Game/GameLavel.GameLavel:PersistentLevel' has LevelScriptBlueprint '/Game/GameLavel.GameLavel:PersistentLevel.GameLavel' with GeneratedClass '/Game/GameLavel.GameLavel_C' with ClassGeneratedBy '/Game/GameLavel.GameLavel:PersistentLevel.GameLavel'
[2017.07.06-07.18.22:597][421]LogRenderer: Reallocating scene render targets to support 1068x996 NumSamples 1 (Frame:859).
[2017.07.06-07.18.23:048][466]LogBlueprintUserMessages: [WidgetBlueprint_C_0] 0
[2017.07.06-07.18.23:307][494]LogBlueprintUserMessages: [WidgetBlueprint_C_0] 1
[2017.07.06-07.18.23:490][514]LogBlueprintUserMessages: [WidgetBlueprint_C_0] 2
[2017.07.06-07.18.23:765][544]LogBlueprintUserMessages: [WidgetBlueprint_C_0] 1
[2017.07.06-07.18.23:911][560]LogBlueprintUserMessages: [WidgetBlueprint_C_0] 0
[2017.07.06-07.18.24:173][589]LogBlueprintUserMessages: [WidgetBlueprint_C_0] 1
[2017.07.06-07.18.24:315][605]LogBlueprintUserMessages: [WidgetBlueprint_C_0] 2
[2017.07.06-07.18.24:593][636]LogBlueprintUserMessages: [WidgetBlueprint_C_0] 1
[2017.07.06-07.18.24:931][674]LogBlueprintUserMessages: [WidgetBlueprint_C_0] 0
[2017.07.06-07.18.25:247][709]LogBlueprintUserMessages: [WidgetBlueprint_C_0] 1
[2017.07.06-07.18.25:386][724]LogBlueprintUserMessages: [WidgetBlueprint_C_0] 2
[2017.07.06-07.18.26:332][825]LogBlueprintUserMessages: Early EndPlayMap Detection: Level '/Game/GameLavel.GameLavel:PersistentLevel' has LevelScriptBlueprint '/Game/GameLavel.GameLavel:PersistentLevel.GameLavel' with GeneratedClass '/Game/GameLavel.GameLavel_C' with ClassGeneratedBy '/Game/GameLavel.GameLavel:PersistentLevel.GameLavel'
[2017.07.06-07.18.26:384][825]LogBlueprintUserMessages: Late EndPlayMap Detection: Level '/Game/GameLavel.GameLavel:PersistentLevel' has LevelScriptBlueprint '/Game/GameLavel.GameLavel:PersistentLevel.GameLavel' with GeneratedClass '/Game/GameLavel.GameLavel_C' with ClassGeneratedBy '/Game/GameLavel.GameLavel:PersistentLevel.GameLavel'
[2017.07.06-07.18.38:218][841]LogSlate: Took 0.000155 seconds to synchronously load lazily loaded font '../../../Engine/Content/Slate/Fonts/Roboto-Regular.ttf' (155K)
[2017.07.06-07.18.38:327][841]LogContentBrowser: Native class hierarchy updated for 'BlueprintGraph' in 0.0011 seconds. Added 112 classes and 0 folders.
[2017.07.06-07.18.39:266][841]LogSlate: Took 0.019551 seconds to synchronously load lazily loaded font '../../../Engine/Content/Editor/Slate/Fonts/Roboto-BoldCondensed.ttf' (158K)
[2017.07.06-07.18.50:433][111]BlueprintLog: New page: Compile WidgetBlueprint
[2017.07.06-07.18.51:227][176]LogTemp: Repeting last play command: New Editor Window (PIE)
[2017.07.06-07.18.51:248][176]LogBlueprintUserMessages: Early PlayInEditor Detection: Level '/Game/GameLavel.GameLavel:PersistentLevel' has LevelScriptBlueprint '/Game/GameLavel.GameLavel:PersistentLevel.GameLavel' with GeneratedClass '/Game/GameLavel.GameLavel_C' with ClassGeneratedBy '/Game/GameLavel.GameLavel:PersistentLevel.GameLavel'
[2017.07.06-07.18.51:248][176]LogPlayLevel: PlayLevel: No blueprints needed recompiling
[2017.07.06-07.18.51:248][176]PIE: New page: PIE session: GameLavel (Jul 6, 2017, 1:18:51 PM)
[2017.07.06-07.18.51:249][176]LogPlayLevel: Creating play world package: /Game/UEDPIE_0_GameLavel
[2017.07.06-07.18.51:251][176]LogPlayLevel: PIE: StaticDuplicateObject took: (0.002593s)
[2017.07.06-07.18.51:252][176]LogAIModule: Creating AISystem for world GameLavel
[2017.07.06-07.18.51:252][176]LogPlayLevel: PIE: World Init took: (0.000856s)
[2017.07.06-07.18.51:252][176]LogPlayLevel: PIE: Created PIE world by copying editor world from /Game/GameLavel.GameLavel to /Game/UEDPIE_0_GameLavel.GameLavel (0.003637s)
[2017.07.06-07.18.51:271][176]LogInit: XAudio2 using 'Динамики (Logitech G430 Gaming Headset)' : 8 channels at 48 kHz using 16 bits per sample (channel mask 0x63f)
[2017.07.06-07.18.51:284][176]LogInit: FAudioDevice initialized.
[2017.07.06-07.18.51:340][176]LogLoad: Game class is 'Mouse_GameMode_C'
[2017.07.06-07.18.51:342][176]LogWorld: Bringing World /Game/UEDPIE_0_GameLavel.GameLavel up for play (max tick rate 0) at 2017.07.06-10.18.51
[2017.07.06-07.18.51:342][176]LogWorld: Bringing up level for play took: 0.001754
[2017.07.06-07.18.51:347][176]PIE: Info Play in editor start time for /Game/UEDPIE_0_GameLavel 0.345
[2017.07.06-07.18.51:347][176]LogBlueprintUserMessages: Late PlayInEditor Detection: Level '/Game/GameLavel.GameLavel:PersistentLevel' has LevelScriptBlueprint '/Game/GameLavel.GameLavel:PersistentLevel.GameLavel' with GeneratedClass '/Game/GameLavel.GameLavel_C' with ClassGeneratedBy '/Game/GameLavel.GameLavel:PersistentLevel.GameLavel'
[2017.07.06-07.18.52:112][258]LogBlueprintUserMessages: [WidgetBlueprint_C_1] 0
[2017.07.06-07.18.52:252][274]LogBlueprintUserMessages: [WidgetBlueprint_C_1] 0
[2017.07.06-07.18.52:773][333]LogBlueprintUserMessages: [WidgetBlueprint_C_1] 1
[2017.07.06-07.18.52:897][347]LogBlueprintUserMessages: [WidgetBlueprint_C_1] 2
[2017.07.06-07.18.53:470][411]LogBlueprintUserMessages: [WidgetBlueprint_C_1] 1
[2017.07.06-07.18.53:671][434]LogBlueprintUserMessages: [WidgetBlueprint_C_1] 0
[2017.07.06-07.18.55:122][596]LogBlueprintUserMessages: [WidgetBlueprint_C_1] 1
[2017.07.06-07.18.55:245][610]LogBlueprintUserMessages: [WidgetBlueprint_C_1] 2
[2017.07.06-07.18.55:535][642]LogBlueprintUserMessages: [WidgetBlueprint_C_1] 1
[2017.07.06-07.18.55:657][656]LogBlueprintUserMessages: [WidgetBlueprint_C_1] 0
[2017.07.06-07.18.55:916][685]LogBlueprintUserMessages: [WidgetBlueprint_C_1] 1
[2017.07.06-07.18.56:047][700]LogBlueprintUserMessages: [WidgetBlueprint_C_1] 2
[2017.07.06-07.18.56:307][729]LogBlueprintUserMessages: [WidgetBlueprint_C_1] 1
[2017.07.06-07.18.56:439][744]LogBlueprintUserMessages: [WidgetBlueprint_C_1] 0
[2017.07.06-07.18.56:654][768]LogBlueprintUserMessages: [WidgetBlueprint_C_1] 1
[2017.07.06-07.18.56:800][784]LogBlueprintUserMessages: [WidgetBlueprint_C_1] 2
[2017.07.06-07.18.57:055][810]LogBlueprintUserMessages: [WidgetBlueprint_C_1] 1
[2017.07.06-07.18.57:200][826]LogBlueprintUserMessages: [WidgetBlueprint_C_1] 0
[2017.07.06-07.18.57:582][866]LogBlueprintUserMessages: [WidgetBlueprint_C_1] 1
[2017.07.06-07.18.57:931][903]LogBlueprintUserMessages: [WidgetBlueprint_C_1] 2
[2017.07.06-07.18.58:749][996]LogBlueprintUserMessages: [WidgetBlueprint_C_1] 2
[2017.07.06-07.18.59:417][ 72]LogBlueprintUserMessages: [WidgetBlueprint_C_1] 2
[2017.07.06-07.18.59:578][ 90]LogBlueprintUserMessages: [WidgetBlueprint_C_1] 2
[2017.07.06-07.18.59:884][125]LogBlueprintUserMessages: [WidgetBlueprint_C_1] 1
[2017.07.06-07.19.00:041][143]LogBlueprintUserMessages: [WidgetBlueprint_C_1] 0
[2017.07.06-07.19.00:367][180]LogBlueprintUserMessages: [WidgetBlueprint_C_1] 1
[2017.07.06-07.19.00:524][198]LogBlueprintUserMessages: [WidgetBlueprint_C_1] 2
[2017.07.06-07.19.00:779][227]LogBlueprintUserMessages: [WidgetBlueprint_C_1] 1
[2017.07.06-07.19.00:936][245]LogBlueprintUserMessages: [WidgetBlueprint_C_1] 0
[2017.07.06-07.19.01:236][279]LogBlueprintUserMessages: [WidgetBlueprint_C_1] 1
[2017.07.06-07.19.01:387][296]LogBlueprintUserMessages: [WidgetBlueprint_C_1] 2
[2017.07.06-07.19.01:630][323]LogBlueprintUserMessages: [WidgetBlueprint_C_1] 1
[2017.07.06-07.19.01:770][339]LogBlueprintUserMessages: [WidgetBlueprint_C_1] 0
[2017.07.06-07.19.02:124][379]LogBlueprintUserMessages: [WidgetBlueprint_C_1] 1
[2017.07.06-07.19.02:254][394]LogBlueprintUserMessages: [WidgetBlueprint_C_1] 2
[2017.07.06-07.19.02:532][426]LogBlueprintUserMessages: [WidgetBlueprint_C_1] 2
[2017.07.06-07.19.02:777][454]LogBlueprintUserMessages: [WidgetBlueprint_C_1] 2
[2017.07.06-07.19.02:958][475]LogBlueprintUserMessages: [WidgetBlueprint_C_1] 2
[2017.07.06-07.19.03:123][494]LogBlueprintUserMessages: [WidgetBlueprint_C_1] 2
[2017.07.06-07.19.03:288][513]LogBlueprintUserMessages: [WidgetBlueprint_C_1] 2
[2017.07.06-07.19.03:436][530]LogBlueprintUserMessages: [WidgetBlueprint_C_1] 2
[2017.07.06-07.19.03:599][548]LogBlueprintUserMessages: [WidgetBlueprint_C_1] 2
[2017.07.06-07.19.03:760][566]LogBlueprintUserMessages: [WidgetBlueprint_C_1] 2
[2017.07.06-07.19.04:725][676]LogBlueprintUserMessages: [WidgetBlueprint_C_1] 2
[2017.07.06-07.19.05:024][710]LogBlueprintUserMessages: [WidgetBlueprint_C_1] 2
[2017.07.06-07.19.05:743][791]LogBlueprintUserMessages: [WidgetBlueprint_C_1] 2
[2017.07.06-07.19.06:018][822]LogBlueprintUserMessages: [WidgetBlueprint_C_1] 2
[2017.07.06-07.19.06:613][890]LogBlueprintUserMessages: [WidgetBlueprint_C_1] 2
[2017.07.06-07.19.06:953][929]LogBlueprintUserMessages: [WidgetBlueprint_C_1] 2
[2017.07.06-07.19.07:459][982]LogBlueprintUserMessages: [WidgetBlueprint_C_1] 2
[2017.07.06-07.19.07:707][  8]LogBlueprintUserMessages: [WidgetBlueprint_C_1] 2
[2017.07.06-07.19.08:190][ 63]LogBlueprintUserMessages: [WidgetBlueprint_C_1] 2
[2017.07.06-07.19.08:461][ 94]LogBlueprintUserMessages: [WidgetBlueprint_C_1] 2
[2017.07.06-07.19.08:826][136]LogBlueprintUserMessages: [WidgetBlueprint_C_1] 1
[2017.07.06-07.19.09:252][185]LogBlueprintUserMessages: [WidgetBlueprint_C_1] 0
[2017.07.06-07.19.09:613][226]LogBlueprintUserMessages: [WidgetBlueprint_C_1] 0
[2017.07.06-07.19.10:122][284]LogBlueprintUserMessages: [WidgetBlueprint_C_1] 1
[2017.07.06-07.19.10:297][304]LogBlueprintUserMessages: [WidgetBlueprint_C_1] 2
[2017.07.06-07.19.10:519][329]LogBlueprintUserMessages: [WidgetBlueprint_C_1] 1
[2017.07.06-07.19.10:669][346]LogBlueprintUserMessages: [WidgetBlueprint_C_1] 0
[2017.07.06-07.19.10:905][371]LogBlueprintUserMessages: [WidgetBlueprint_C_1] 1
[2017.07.06-07.19.11:046][386]LogBlueprintUserMessages: [WidgetBlueprint_C_1] 2
[2017.07.06-07.19.11:280][411]LogBlueprintUserMessages: [WidgetBlueprint_C_1] 1
[2017.07.06-07.19.11:451][430]LogBlueprintUserMessages: [WidgetBlueprint_C_1] 0
[2017.07.06-07.19.11:723][459]LogBlueprintUserMessages: [WidgetBlueprint_C_1] 1
[2017.07.06-07.19.11:855][473]LogBlueprintUserMessages: [WidgetBlueprint_C_1] 2
[2017.07.06-07.19.12:093][498]LogBlueprintUserMessages: [WidgetBlueprint_C_1] 1
[2017.07.06-07.19.12:230][513]LogBlueprintUserMessages: [WidgetBlueprint_C_1] 0
[2017.07.06-07.19.13:190][621]LogBlueprintUserMessages: [WidgetBlueprint_C_1] 0
[2017.07.06-07.19.13:344][638]LogBlueprintUserMessages: [WidgetBlueprint_C_1] 0
[2017.07.06-07.19.13:640][670]LogBlueprintUserMessages: [WidgetBlueprint_C_1] 1
[2017.07.06-07.19.14:008][712]LogBlueprintUserMessages: [WidgetBlueprint_C_1] 2
[2017.07.06-07.19.14:289][744]LogBlueprintUserMessages: [WidgetBlueprint_C_1] 1
[2017.07.06-07.19.14:500][768]LogBlueprintUserMessages: [WidgetBlueprint_C_1] 0
[2017.07.06-07.19.14:849][807]LogBlueprintUserMessages: [WidgetBlueprint_C_1] 1
[2017.07.06-07.19.15:024][827]LogBlueprintUserMessages: [WidgetBlueprint_C_1] 2
[2017.07.06-07.19.15:241][852]LogBlueprintUserMessages: [WidgetBlueprint_C_1] 2
[2017.07.06-07.19.15:406][871]LogBlueprintUserMessages: [WidgetBlueprint_C_1] 2
[2017.07.06-07.19.15:564][889]LogBlueprintUserMessages: [WidgetBlueprint_C_1] 2
[2017.07.06-07.19.15:703][905]LogBlueprintUserMessages: [WidgetBlueprint_C_1] 2
[2017.07.06-07.19.15:858][923]LogBlueprintUserMessages: [WidgetBlueprint_C_1] 2
[2017.07.06-07.19.16:034][943]LogBlueprintUserMessages: [WidgetBlueprint_C_1] 2
[2017.07.06-07.19.16:190][961]LogBlueprintUserMessages: [WidgetBlueprint_C_1] 2
[2017.07.06-07.19.16:498][996]LogBlueprintUserMessages: [WidgetBlueprint_C_1] 2
[2017.07.06-07.19.16:638][ 12]LogBlueprintUserMessages: [WidgetBlueprint_C_1] 2
[2017.07.06-07.19.16:811][ 30]LogBlueprintUserMessages: [WidgetBlueprint_C_1] 2
[2017.07.06-07.19.16:973][ 46]LogBlueprintUserMessages: [WidgetBlueprint_C_1] 2
[2017.07.06-07.19.17:115][ 61]LogBlueprintUserMessages: [WidgetBlueprint_C_1] 2
[2017.07.06-07.19.17:281][ 78]LogBlueprintUserMessages: [WidgetBlueprint_C_1] 2
[2017.07.06-07.19.17:437][ 94]LogBlueprintUserMessages: [WidgetBlueprint_C_1] 2
[2017.07.06-07.19.17:603][113]LogBlueprintUserMessages: [WidgetBlueprint_C_1] 2
[2017.07.06-07.19.17:869][143]LogBlueprintUserMessages: [WidgetBlueprint_C_1] 1
[2017.07.06-07.19.18:087][168]LogBlueprintUserMessages: [WidgetBlueprint_C_1] 0
[2017.07.06-07.19.18:425][207]LogBlueprintUserMessages: [WidgetBlueprint_C_1] 0
[2017.07.06-07.19.18:608][228]LogBlueprintUserMessages: [WidgetBlueprint_C_1] 0
[2017.07.06-07.19.18:771][247]LogBlueprintUserMessages: [WidgetBlueprint_C_1] 0
[2017.07.06-07.19.19:144][289]LogBlueprintUserMessages: [WidgetBlueprint_C_1] 1
[2017.07.06-07.19.19:300][307]LogBlueprintUserMessages: [WidgetBlueprint_C_1] 2
[2017.07.06-07.19.19:458][325]LogBlueprintUserMessages: [WidgetBlueprint_C_1] 2
[2017.07.06-07.19.20:565][449]LogBlueprintUserMessages: Early EndPlayMap Detection: Level '/Game/GameLavel.GameLavel:PersistentLevel' has LevelScriptBlueprint '/Game/GameLavel.GameLavel:PersistentLevel.GameLavel' with GeneratedClass '/Game/GameLavel.GameLavel_C' with ClassGeneratedBy '/Game/GameLavel.GameLavel:PersistentLevel.GameLavel'
[2017.07.06-07.19.20:593][449]LogBlueprintUserMessages: Late EndPlayMap Detection: Level '/Game/GameLavel.GameLavel:PersistentLevel' has LevelScriptBlueprint '/Game/GameLavel.GameLavel:PersistentLevel.GameLavel' with GeneratedClass '/Game/GameLavel.GameLavel_C' with ClassGeneratedBy '/Game/GameLavel.GameLavel:PersistentLevel.GameLavel'
[2017.07.06-07.19.43:595][102]BlueprintLog: New page: Compile WidgetBlueprint
[2017.07.06-07.26.01:526][244]LogEditorViewport: Clicking Background
[2017.07.06-07.28.51:873][367]LogFileHelpers: Editor autosave (incl. sublevels) for '/Game/GameLavel' took 0.016
[2017.07.06-07.28.51:900][367]OBJ SavePackage: Generating thumbnails for [0] asset(s) in package [/Game/Blueprints/WidgetBlueprint] ([1] browsable assets)...
[2017.07.06-07.28.51:904][367]OBJ SavePackage: Finished generating thumbnails for package [/Game/Blueprints/WidgetBlueprint]
[2017.07.06-07.28.51:999][367]LogSavePackage: Save=74.49ms
[2017.07.06-07.28.51:999][367]LogSavePackage: Moving '../../../../../../P - programist/UE4/Timekill/TimeKill/Saved/WidgetBlueprint_Auto1D32201D841EA89FEE65F2EB7D07931D2.tmp' to '../../../../../../P - programist/UE4/Timekill/TimeKill/Saved/Autosaves/Game/Blueprints/WidgetBlueprint_Auto1.uasset'
[2017.07.06-07.28.52:002][367]LogSavePackage:Display: Finished SavePackage ../../../../../../P - programist/UE4/Timekill/TimeKill/Saved/Autosaves/Game/Blueprints/WidgetBlueprint_Auto1.uasset
[2017.07.06-07.28.52:002][367]LogFileHelpers: Auto-saving content packages took 0.128
[2017.07.06-07.59.32:393][722]Cmd: OBJ SAVEPACKAGE PACKAGE="/Game/Blueprints/WidgetBlueprint" FILE="../../../../../../P - programist/UE4/Timekill/TimeKill/Content/Blueprints/WidgetBlueprint.uasset" SILENT=true
[2017.07.06-07.59.32:431][722]LogSavePackage: Save=28.89ms
[2017.07.06-07.59.32:431][722]LogSavePackage: Moving '../../../../../../P - programist/UE4/Timekill/TimeKill/Saved/WidgetBlueprintEF0EEACC48389762E81508A1C23D941F.tmp' to '../../../../../../P - programist/UE4/Timekill/TimeKill/Content/Blueprints/WidgetBlueprint.uasset'
[2017.07.06-07.59.32:432][722]LogSavePackage:Display: Finished SavePackage ../../../../../../P - programist/UE4/Timekill/TimeKill/Content/Blueprints/WidgetBlueprint.uasset
[2017.07.06-07.59.33:214][723]Cmd: QUIT_EDITOR
[2017.07.06-07.59.34:361][723]LogWindowsTextInputMethodSystem:Display: IME system now deactivated.
[2017.07.06-07.59.34:414][723]LogExit: Preparing to exit.
[2017.07.06-07.59.35:853][723]LogDirectoryWatcher: A directory notification for 'D:/P - programist/UE4/Timekill/TimeKill/Content/' was aborted.
[2017.07.06-07.59.35:997][723]LogExit: Editor shut down
[2017.07.06-07.59.35:999][723]LogExit: Transaction tracking system shut down
[2017.07.06-07.59.36:890][723]LogObj: Freed 0b from 0 cluster array pools.
[2017.07.06-07.59.36:891][723]LogExit: Object subsystem successfully closed.
[2017.07.06-07.59.37:093][723]LogD3D11RHI: Shutdown
[2017.07.06-07.59.37:093][723]LogD3D11RHI: CleanupD3DDevice
[2017.07.06-07.59.37:218][723]LogD3D11RHI: ~FD3D11DynamicRHI
[2017.07.06-07.59.37:749][723]LogModuleManager: Shutting down and abandoning module SequencerWidgets (506)
[2017.07.06-07.59.37:749][723]LogModuleManager: Shutting down and abandoning module BlueprintGraph (504)
[2017.07.06-07.59.37:749][723]LogModuleManager: Shutting down and abandoning module BlueprintProfiler (502)
[2017.07.06-07.59.37:758][723]LogModuleManager: Shutting down and abandoning module MovieSceneCapture (500)
[2017.07.06-07.59.37:758][723]LogModuleManager: Shutting down and abandoning module HierarchicalLODOutliner (498)
[2017.07.06-07.59.37:758][723]LogModuleManager: Shutting down and abandoning module CrashTracker (496)
[2017.07.06-07.59.37:758][723]LogModuleManager: Shutting down and abandoning module AddContentDialog (494)
[2017.07.06-07.59.37:768][723]LogDirectoryWatcher: A directory notification for 'D:/Program Files/Epic Games/UE_4.15/FeaturePacks/' was aborted.
[2017.07.06-07.59.37:774][723]LogModuleManager: Shutting down and abandoning module WidgetCarousel (493)
[2017.07.06-07.59.37:774][723]LogModuleManager: Shutting down and abandoning module EditorWidgets (490)
[2017.07.06-07.59.37:774][723]LogModuleManager: Shutting down and abandoning module CollectionManager (488)
[2017.07.06-07.59.37:778][723]LogDirectoryWatcher: A directory notification for 'D:/P - programist/UE4/Timekill/TimeKill/Content/Collections/' was aborted.
[2017.07.06-07.59.37:778][723]LogDirectoryWatcher: A directory notification for 'D:/P - programist/UE4/Timekill/TimeKill/Content/Developers/IzPOD/Collections/' was aborted.
[2017.07.06-07.59.37:778][723]LogDirectoryWatcher: A directory notification for 'D:/P - programist/UE4/Timekill/TimeKill/Saved/Collections/' was aborted.
[2017.07.06-07.59.37:778][723]LogModuleManager: Shutting down and abandoning module SceneOutliner (486)
[2017.07.06-07.59.37:778][723]LogModuleManager: Shutting down and abandoning module StatsViewer (484)
[2017.07.06-07.59.37:789][723]LogModuleManager: Shutting down and abandoning module FoliageEdit (482)
[2017.07.06-07.59.37:790][723]LogModuleManager: Shutting down and abandoning module LandscapeEditor (480)
[2017.07.06-07.59.37:795][723]LogModuleManager: Shutting down and abandoning module SceneDepthPickerMode (478)
[2017.07.06-07.59.37:795][723]LogModuleManager: Shutting down and abandoning module ActorPickerMode (476)
[2017.07.06-07.59.37:795][723]LogModuleManager: Shutting down and abandoning module GeometryMode (474)
[2017.07.06-07.59.37:802][723]LogModuleManager: Shutting down and abandoning module TextureAlignMode (472)
[2017.07.06-07.59.37:802][723]LogModuleManager: Shutting down and abandoning module BspMode (470)
[2017.07.06-07.59.37:808][723]LogModuleManager: Shutting down and abandoning module HardwareSurvey (468)
[2017.07.06-07.59.37:808][723]LogModuleManager: Shutting down and abandoning module SequenceRecorderSections (466)
[2017.07.06-07.59.37:808][723]LogModuleManager: Shutting down and abandoning module AutomationWorker (464)
[2017.07.06-07.59.37:808][723]LogModuleManager: Shutting down and abandoning module MatineeToLevelSequence (462)
[2017.07.06-07.59.37:808][723]LogModuleManager: Shutting down and abandoning module LevelSequenceEditor (460)
[2017.07.06-07.59.37:835][723]LogModuleManager: Shutting down and abandoning module PlacementMode (459)
[2017.07.06-07.59.37:835][723]LogModuleManager: Shutting down and abandoning module WmfMediaFactory (456)
[2017.07.06-07.59.37:835][723]LogModuleManager: Shutting down and abandoning module WmfMediaEditor (454)
[2017.07.06-07.59.37:835][723]LogModuleManager: Shutting down and abandoning module MfMediaFactory (452)
[2017.07.06-07.59.37:835][723]LogModuleManager: Shutting down and abandoning module MfMediaEditor (450)
[2017.07.06-07.59.37:835][723]LogModuleManager: Shutting down and abandoning module AvfMediaFactory (448)
[2017.07.06-07.59.37:835][723]LogModuleManager: Shutting down and abandoning module AvfMediaEditor (446)
[2017.07.06-07.59.37:835][723]LogModuleManager: Shutting down and abandoning module AndroidMediaFactory (444)
[2017.07.06-07.59.37:835][723]LogModuleManager: Shutting down and abandoning module Media (443)
[2017.07.06-07.59.37:835][723]LogModuleManager: Shutting down and abandoning module AndroidMediaEditor (440)
[2017.07.06-07.59.37:835][723]LogModuleManager: Shutting down and abandoning module CharacterAI (438)
[2017.07.06-07.59.37:835][723]LogModuleManager: Shutting down and abandoning module AudioCapture (436)
[2017.07.06-07.59.37:835][723]LogModuleManager: Shutting down and abandoning module SequenceRecorder (435)
[2017.07.06-07.59.37:848][723]LogModuleManager: Shutting down and abandoning module SmartSnapping (432)
[2017.07.06-07.59.37:848][723]LogModuleManager: Shutting down and abandoning module SessionServices (430)
[2017.07.06-07.59.37:848][723]LogModuleManager: Shutting down and abandoning module ViewportSnapping (428)
[2017.07.06-07.59.37:848][723]LogModuleManager: Shutting down and abandoning module ViewportInteraction (426)
[2017.07.06-07.59.37:848][723]LogModuleManager: Shutting down and abandoning module LogVisualizer (424)
[2017.07.06-07.59.37:866][723]LogModuleManager: Shutting down and abandoning module IntroTutorials (422)
[2017.07.06-07.59.37:876][723]LogModuleManager: Shutting down and abandoning module GameProjectGeneration (421)
[2017.07.06-07.59.37:900][723]LogModuleManager: Shutting down and abandoning module EditorLiveStreaming (418)
[2017.07.06-07.59.37:900][723]LogModuleManager: Shutting down and abandoning module IOSPlatformEditor (416)
[2017.07.06-07.59.37:900][723]LogModuleManager: Shutting down and abandoning module HTML5PlatformEditor (414)
[2017.07.06-07.59.37:900][723]LogModuleManager: Shutting down and abandoning module AndroidPlatformEditor (412)
[2017.07.06-07.59.37:944][723]LogModuleManager: Shutting down and abandoning module AndroidDeviceDetection (411)
[2017.07.06-07.59.38:848][723]LogModuleManager: Shutting down and abandoning module IOSRuntimeSettings (408)
[2017.07.06-07.59.38:848][723]LogModuleManager: Shutting down and abandoning module AndroidRuntimeSettings (406)
[2017.07.06-07.59.38:848][723]LogModuleManager: Shutting down and abandoning module InputBindingEditor (404)
[2017.07.06-07.59.38:941][723]LogModuleManager: Shutting down and abandoning module NiagaraEditor (402)
[2017.07.06-07.59.38:967][723]LogModuleManager: Shutting down and abandoning module MergeActors (400)
[2017.07.06-07.59.38:973][723]LogModuleManager: Shutting down and abandoning module SizeMap (398)
[2017.07.06-07.59.38:973][723]LogModuleManager: Shutting down and abandoning module TreeMap (396)
[2017.07.06-07.59.38:976][723]LogModuleManager: Shutting down and abandoning module ReferenceViewer (394)
[2017.07.06-07.59.38:976][723]LogModuleManager: Shutting down and abandoning module LocalizationDashboard (392)
[2017.07.06-07.59.38:981][723]LogModuleManager: Shutting down and abandoning module LocalizationService (391)
[2017.07.06-07.59.38:985][723]LogModuleManager: Shutting down and abandoning module HardwareTargeting (388)
[2017.07.06-07.59.38:994][723]LogModuleManager: Shutting down and abandoning module DeviceProfileEditor (386)
[2017.07.06-07.59.39:001][723]LogModuleManager: Shutting down and abandoning module UndoHistory (384)
[2017.07.06-07.59.39:005][723]LogModuleManager: Shutting down and abandoning module UserFeedback (382)
[2017.07.06-07.59.39:005][723]LogModuleManager: Shutting down and abandoning module XmlParser (380)
[2017.07.06-07.59.39:005][723]LogModuleManager: Shutting down and abandoning module Blutility (378)
[2017.07.06-07.59.39:010][723]LogModuleManager: Shutting down and abandoning module ProjectSettingsViewer (376)
[2017.07.06-07.59.39:010][723]LogModuleManager: Shutting down and abandoning module ProjectTargetPlatformEditor (375)
[2017.07.06-07.59.39:011][723]LogModuleManager: Shutting down and abandoning module EditorSettingsViewer (372)
[2017.07.06-07.59.39:011][723]LogModuleManager: Shutting down and abandoning module SettingsEditor (370)
[2017.07.06-07.59.39:015][723]LogModuleManager: Shutting down and abandoning module ProjectLauncher (368)
[2017.07.06-07.59.39:021][723]LogModuleManager: Shutting down and abandoning module SessionFrontend (366)
[2017.07.06-07.59.39:032][723]LogModuleManager: Shutting down and abandoning module ProfilerClient (364)
[2017.07.06-07.59.39:039][723]LogModuleManager: Shutting down and abandoning module DeviceManager (362)
[2017.07.06-07.59.39:049][723]LogModuleManager: Shutting down and abandoning module TargetDeviceServices (361)
[2017.07.06-07.59.39:092][723]LogModuleManager: Shutting down and abandoning module AutomationController (358)
[2017.07.06-07.59.39:098][723]LogModuleManager: Shutting down and abandoning module AutomationWindow (356)
[2017.07.06-07.59.39:110][723]LogModuleManager: Shutting down and abandoning module Layers (354)
[2017.07.06-07.59.39:126][723]LogModuleManager: Shutting down and abandoning module ComponentVisualizers (352)
[2017.07.06-07.59.39:126][723]LogModuleManager: Shutting down and abandoning module DetailCustomizations (350)
[2017.07.06-07.59.39:135][723]LogModuleManager: Shutting down and abandoning module PackagesDialog (348)
[2017.07.06-07.59.39:135][723]LogModuleManager: Shutting down and abandoning module Persona (346)
[2017.07.06-07.59.39:163][723]LogModuleManager: Shutting down and abandoning module AnimGraph (345)
[2017.07.06-07.59.39:163][723]LogModuleManager: Shutting down and abandoning module Kismet (342)
[2017.07.06-07.59.39:174][723]LogModuleManager: Shutting down and abandoning module GraphEditor (340)
[2017.07.06-07.59.39:181][723]LogModuleManager: Shutting down and abandoning module ClassViewer (338)
[2017.07.06-07.59.39:181][723]LogModuleManager: Shutting down and abandoning module Toolbox (336)
[2017.07.06-07.59.39:181][723]LogModuleManager: Shutting down and abandoning module ModuleUI (334)
[2017.07.06-07.59.39:188][723]LogModuleManager: Shutting down and abandoning module MovieSceneTools (332)
[2017.07.06-07.59.39:191][723]LogModuleManager: Shutting down and abandoning module OutputLog (330)
[2017.07.06-07.59.39:199][723]LogModuleManager: Shutting down and abandoning module GammaUI (328)
[2017.07.06-07.59.39:209][723]LogModuleManager: Shutting down and abandoning module Documentation (326)
[2017.07.06-07.59.39:209][723]LogModuleManager: Shutting down and abandoning module Niagara (324)
[2017.07.06-07.59.39:209][723]LogModuleManager: Shutting down and abandoning module StreamingPauseRendering (322)
[2017.07.06-07.59.39:209][723]LogModuleManager: Shutting down and abandoning module AnalyticsET (320)
[2017.07.06-07.59.39:209][723]LogModuleManager: Shutting down and abandoning module PortalServices (318)
[2017.07.06-07.59.39:209][723]LogModuleManager: Shutting down and abandoning module PortalRpc (316)
[2017.07.06-07.59.39:209][723]LogModuleManager: Shutting down and abandoning module MessagingRpc (314)
[2017.07.06-07.59.39:209][723]LogModuleManager: Shutting down and abandoning module AIModule (312)
[2017.07.06-07.59.39:209][723]LogModuleManager: Shutting down and abandoning module GameplayDebugger (311)
[2017.07.06-07.59.39:209][723]LogModuleManager: Shutting down and abandoning module AITestSuite (309)
[2017.07.06-07.59.39:209][723]LogModuleManager: Shutting down and abandoning module ProfilerService (306)
[2017.07.06-07.59.39:218][723]LogModuleManager: Shutting down and abandoning module TaskGraph (304)
[2017.07.06-07.59.39:231][723]LogModuleManager: Shutting down and abandoning module SteamVRController (302)
[2017.07.06-07.59.39:231][723]LogModuleManager: Shutting down and abandoning module SteamVR (300)
[2017.07.06-07.59.39:231][723]LogModuleManager: Shutting down and abandoning module ProceduralMeshComponentEditor (298)
[2017.07.06-07.59.39:231][723]LogModuleManager: Shutting down and abandoning module ProceduralMeshComponent (296)
[2017.07.06-07.59.39:231][723]LogModuleManager: Shutting down and abandoning module OculusLibrary (294)
[2017.07.06-07.59.39:231][723]LogModuleManager: Shutting down and abandoning module OculusInput (292)
[2017.07.06-07.59.39:231][723]LogModuleManager: Shutting down and abandoning module MobilePatchingUtils (290)
[2017.07.06-07.59.39:231][723]LogModuleManager: Shutting down and abandoning module CustomMeshComponent (288)
[2017.07.06-07.59.39:231][723]LogModuleManager: Shutting down and abandoning module CableComponent (286)
[2017.07.06-07.59.39:231][723]LogModuleManager: Shutting down and abandoning module ArchVisCharacter (284)
[2017.07.06-07.59.39:231][723]LogModuleManager: Shutting down and abandoning module MediaPlayerEditor (280)
[2017.07.06-07.59.39:245][723]LogModuleManager: Shutting down and abandoning module HTML5Networking (278)
[2017.07.06-07.59.39:246][723]LogModuleManager: Shutting down and abandoning module AlembicImporter (276)
[2017.07.06-07.59.39:252][723]LogModuleManager: Shutting down and abandoning module AlembicLibrary (275)
[2017.07.06-07.59.39:252][723]LogModuleManager: Shutting down and abandoning module GeometryCache (274)
[2017.07.06-07.59.39:252][723]LogModuleManager: Shutting down and abandoning module GeometryCacheEd (273)
[2017.07.06-07.59.39:252][723]LogModuleManager: Shutting down and abandoning module SuperSearchEditor (268)
[2017.07.06-07.59.39:252][723]LogModuleManager: Shutting down and abandoning module SuperSearch (267)
[2017.07.06-07.59.39:252][723]LogModuleManager: Shutting down and abandoning module SpeedTreeImporter (264)
[2017.07.06-07.59.39:252][723]LogModuleManager: Shutting down and abandoning module PluginBrowser (262)
[2017.07.06-07.59.39:256][723]LogModuleManager: Shutting down and abandoning module MobileLauncherProfileWizard (260)
[2017.07.06-07.59.39:262][723]LogModuleManager: Shutting down and abandoning module EpicSurvey (258)
[2017.07.06-07.59.39:262][723]LogModuleManager: Shutting down and abandoning module VisualStudioSourceCodeAccess (256)
[2017.07.06-07.59.39:262][723]LogModuleManager: Shutting down and abandoning module DesktopPlatform (255)
[2017.07.06-07.59.39:262][723]LogModuleManager: Shutting down and abandoning module UObjectPlugin (252)
[2017.07.06-07.59.39:262][723]LogModuleManager: Shutting down and abandoning module SubversionSourceControl (250)
[2017.07.06-07.59.39:262][723]LogModuleManager: Shutting down and abandoning module PerforceSourceControl (248)
[2017.07.06-07.59.39:268][723]LogModuleManager: Shutting down and abandoning module GitSourceControl (246)
[2017.07.06-07.59.39:268][723]LogModuleManager: Shutting down and abandoning module SourceControl (245)
[2017.07.06-07.59.39:282][723]LogModuleManager: Shutting down and abandoning module LightPropagationVolumeEditor (242)
[2017.07.06-07.59.39:282][723]LogModuleManager: Shutting down and abandoning module PaperTiledImporter (240)
[2017.07.06-07.59.39:282][723]LogModuleManager: Shutting down and abandoning module PaperSpriteSheetImporter (238)
[2017.07.06-07.59.39:282][723]LogModuleManager: Shutting down and abandoning module Paper2DEditor (236)
[2017.07.06-07.59.39:292][723]LogModuleManager: Shutting down and abandoning module MeshPaint (235)
[2017.07.06-07.59.39:292][723]LogModuleManager: Shutting down and abandoning module LevelEditor (233)
[2017.07.06-07.59.39:293][723]LogModuleManager: Shutting down and abandoning module PixelInspectorModule (232)
[2017.07.06-07.59.39:312][723]LogModuleManager: Shutting down and abandoning module MainFrame (230)
[2017.07.06-07.59.39:312][723]LogModuleManager: Shutting down and abandoning module HotReload (229)
[2017.07.06-07.59.39:321][723]LogModuleManager: Shutting down and abandoning module ContentBrowser (225)
[2017.07.06-07.59.39:324][723]LogModuleManager: Shutting down and abandoning module PhysXVehiclesEditor (222)
[2017.07.06-07.59.39:324][723]LogModuleManager: Shutting down and abandoning module PhysXVehicles (220)
[2017.07.06-07.59.39:324][723]LogModuleManager: Shutting down and abandoning module LocationServicesBPLibrary (218)
[2017.07.06-07.59.39:324][723]LogModuleManager: Shutting down and abandoning module UdpMessaging (216)
[2017.07.06-07.59.39:425][723]LogModuleManager: Shutting down and abandoning module TcpMessaging (214)
[2017.07.06-07.59.39:525][723]LogModuleManager: Shutting down and abandoning module GameplayTagsEditor (212)
[2017.07.06-07.59.39:536][723]LogModuleManager: Shutting down and abandoning module FacialAnimationEditor (210)
[2017.07.06-07.59.39:544][723]LogModuleManager: Shutting down and abandoning module FacialAnimation (208)
[2017.07.06-07.59.39:544][723]LogModuleManager: Shutting down and abandoning module LightPropagationVolumeRuntime (206)
[2017.07.06-07.59.39:544][723]LogModuleManager: Shutting down and abandoning module Paper2D (204)
[2017.07.06-07.59.39:544][723]LogModuleManager: Shutting down and abandoning module WindowsMoviePlayer (202)
[2017.07.06-07.59.39:544][723]LogModuleManager: Shutting down and abandoning module WmfMedia (200)
[2017.07.06-07.59.39:544][723]LogModuleManager: Shutting down and abandoning module MfMedia (198)
[2017.07.06-07.59.39:544][723]LogModuleManager: Shutting down and abandoning module MediaAssets (196)
[2017.07.06-07.59.39:544][723]LogModuleManager: Shutting down and abandoning module GameLiveStreaming (194)
[2017.07.06-07.59.39:561][723]LogModuleManager: Shutting down and abandoning module VREditor (192)
[2017.07.06-07.59.39:561][723]LogModuleManager: Shutting down and abandoning module GameplayTasksEditor (190)
[2017.07.06-07.59.39:561][723]LogModuleManager: Shutting down and abandoning module BehaviorTreeEditor (188)
[2017.07.06-07.59.39:591][723]LogModuleManager: Shutting down and abandoning module FunctionalTesting (186)
[2017.07.06-07.59.39:591][723]LogModuleManager: Shutting down and abandoning module CollisionAnalyzer (184)
[2017.07.06-07.59.39:597][723]LogModuleManager: Shutting down and abandoning module UMG (182)
[2017.07.06-07.59.39:597][723]LogModuleManager: Shutting down and abandoning module UMGEditor (181)
[2017.07.06-07.59.39:597][723]LogModuleManager: Shutting down and abandoning module Sequencer (180)
[2017.07.06-07.59.39:597][723]LogModuleManager: Shutting down and abandoning module AssetTools (178)
[2017.07.06-07.59.39:629][723]LogModuleManager: Shutting down and abandoning module MessageLog (177)
[2017.07.06-07.59.39:630][723]LogModuleManager: Shutting down and abandoning module WorkspaceMenuStructure (176)
[2017.07.06-07.59.39:630][723]LogModuleManager: Shutting down and abandoning module SlateReflector (170)
[2017.07.06-07.59.39:659][723]LogModuleManager: Shutting down and abandoning module Slate (168)
[2017.07.06-07.59.39:659][723]LogModuleManager: Shutting down and abandoning module EditorStyle (166)
[2017.07.06-07.59.39:662][723]LogModuleManager: Shutting down and abandoning module SourceCodeAccess (164)
[2017.07.06-07.59.39:672][723]LogModuleManager: Shutting down and abandoning module HeadMountedDisplay (162)
[2017.07.06-07.59.39:672][723]LogModuleManager: Shutting down and abandoning module XAudio2 (160)
[2017.07.06-07.59.39:672][723]LogModuleManager: Shutting down and abandoning module Networking (158)
[2017.07.06-07.59.39:672][723]LogModuleManager: Shutting down and abandoning module Core (154)
[2017.07.06-07.59.39:672][723]LogModuleManager: Shutting down and abandoning module AssetRegistry (152)
[2017.07.06-07.59.39:852][723]LogDirectoryWatcher: A directory notification for '../../../Engine/Content/' was aborted.
[2017.07.06-07.59.39:852][723]LogDirectoryWatcher: A directory notification for '../../../../../../P - programist/UE4/Timekill/TimeKill/Content/' was aborted.
[2017.07.06-07.59.39:852][723]LogDirectoryWatcher: A directory notification for '../../../Engine/Plugins/2D/Paper2D/Content/' was aborted.
[2017.07.06-07.59.39:862][723]LogModuleManager: Shutting down and abandoning module DirectoryWatcher (151)
[2017.07.06-07.59.39:867][723]LogModuleManager: Shutting down and abandoning module KismetCompiler (148)
[2017.07.06-07.59.39:867][723]LogModuleManager: Shutting down and abandoning module PhysXFormats (146)
[2017.07.06-07.59.39:867][723]LogModuleManager: Shutting down and abandoning module MeshUtilities (144)
[2017.07.06-07.59.39:876][723]LogModuleManager: Shutting down and abandoning module SimplygonSwarm (143)
[2017.07.06-07.59.39:888][723]LogModuleManager: Shutting down and abandoning module SimplygonMeshReduction (141)
[2017.07.06-07.59.39:888][723]LogModuleManager: Shutting down and abandoning module QuadricMeshReduction (139)
[2017.07.06-07.59.39:888][723]LogModuleManager: Shutting down and abandoning module PropertyEditor (137)
[2017.07.06-07.59.39:896][723]LogModuleManager: Shutting down and abandoning module DerivedDataCache (134)
[2017.07.06-07.59.39:927][723]LogDerivedDataCache: Shutdown
[2017.07.06-07.59.39:927][723]LogModuleManager: Shutting down and abandoning module TargetPlatform (132)
[2017.07.06-07.59.39:927][723]LogModuleManager: Shutting down and abandoning module VulkanShaderFormat (131)
[2017.07.06-07.59.39:931][723]LogModuleManager: Shutting down and abandoning module ShaderFormatOpenGL (129)
[2017.07.06-07.59.39:942][723]LogModuleManager: Shutting down and abandoning module ShaderFormatD3D (127)
[2017.07.06-07.59.39:942][723]LogModuleManager: Shutting down and abandoning module MetalShaderFormat (125)
[2017.07.06-07.59.39:949][723]LogModuleManager: Shutting down and abandoning module TextureFormatUncompressed (123)
[2017.07.06-07.59.39:949][723]LogModuleManager: Shutting down and abandoning module TextureFormatPVR (121)
[2017.07.06-07.59.39:949][723]LogModuleManager: Shutting down and abandoning module TextureFormatDXT (119)
[2017.07.06-07.59.39:949][723]LogModuleManager: Shutting down and abandoning module TextureFormatIntelISPCTexComp (117)
[2017.07.06-07.59.39:951][723]LogModuleManager: Shutting down and abandoning module TextureFormatASTC (115)
[2017.07.06-07.59.39:951][723]LogModuleManager: Shutting down and abandoning module ImageWrapper (114)
[2017.07.06-07.59.39:951][723]LogModuleManager: Shutting down and abandoning module TextureFormatAndroid (111)
[2017.07.06-07.59.39:951][723]LogModuleManager: Shutting down and abandoning module AudioFormatOpus (109)
[2017.07.06-07.59.39:956][723]LogModuleManager: Shutting down and abandoning module AudioFormatOgg (107)
[2017.07.06-07.59.39:956][723]LogModuleManager: Shutting down and abandoning module AudioFormatADPCM (105)
[2017.07.06-07.59.39:956][723]LogModuleManager: Shutting down and abandoning module LinuxTargetPlatform (103)
[2017.07.06-07.59.39:956][723]LogModuleManager: Shutting down and abandoning module LinuxServerTargetPlatform (101)
[2017.07.06-07.59.39:956][723]LogModuleManager: Shutting down and abandoning module LinuxNoEditorTargetPlatform (99)
[2017.07.06-07.59.39:956][723]LogModuleManager: Shutting down and abandoning module LinuxClientTargetPlatform (97)
[2017.07.06-07.59.39:956][723]LogModuleManager: Shutting down and abandoning module TVOSTargetPlatform (95)
[2017.07.06-07.59.39:957][723]LogModuleManager: Shutting down and abandoning module Messaging (93)
[2017.07.06-07.59.39:957][723]LogModuleManager: Shutting down and abandoning module IOSTargetPlatform (91)
[2017.07.06-07.59.39:957][723]LogModuleManager: Shutting down and abandoning module HTML5TargetPlatform (89)
[2017.07.06-07.59.39:957][723]LogModuleManager: Shutting down and abandoning module Android_PVRTCTargetPlatform (87)
[2017.07.06-07.59.39:957][723]LogModuleManager: Shutting down and abandoning module Android_MultiTargetPlatform (85)
[2017.07.06-07.59.39:957][723]LogModuleManager: Shutting down and abandoning module Android_ETC2TargetPlatform (83)
[2017.07.06-07.59.39:957][723]LogModuleManager: Shutting down and abandoning module Android_ETC1TargetPlatform (81)
[2017.07.06-07.59.39:957][723]LogModuleManager: Shutting down and abandoning module Android_DXTTargetPlatform (79)
[2017.07.06-07.59.39:957][723]LogModuleManager: Shutting down and abandoning module Android_ATCTargetPlatform (77)
[2017.07.06-07.59.39:957][723]LogModuleManager: Shutting down and abandoning module Android_ASTCTargetPlatform (75)
[2017.07.06-07.59.39:957][723]LogModuleManager: Shutting down and abandoning module AndroidTargetPlatform (73)
[2017.07.06-07.59.39:957][723]LogModuleManager: Shutting down and abandoning module WindowsTargetPlatform (71)
[2017.07.06-07.59.39:957][723]LogModuleManager: Shutting down and abandoning module WindowsServerTargetPlatform (69)
[2017.07.06-07.59.39:957][723]LogModuleManager: Shutting down and abandoning module WindowsNoEditorTargetPlatform (67)
[2017.07.06-07.59.39:957][723]LogModuleManager: Shutting down and abandoning module WindowsClientTargetPlatform (65)
[2017.07.06-07.59.39:957][723]LogModuleManager: Shutting down and abandoning module MacTargetPlatform (63)
[2017.07.06-07.59.39:957][723]LogModuleManager: Shutting down and abandoning module MacServerTargetPlatform (61)
[2017.07.06-07.59.39:957][723]LogModuleManager: Shutting down and abandoning module MacNoEditorTargetPlatform (59)
[2017.07.06-07.59.39:957][723]LogModuleManager: Shutting down and abandoning module MacClientTargetPlatform (57)
[2017.07.06-07.59.39:957][723]LogModuleManager: Shutting down and abandoning module AllDesktopTargetPlatform (55)
[2017.07.06-07.59.39:957][723]LogModuleManager: Shutting down and abandoning module InputCore (52)
[2017.07.06-07.59.39:957][723]LogModuleManager: Shutting down and abandoning module Settings (50)
[2017.07.06-07.59.39:957][723]LogModuleManager: Shutting down and abandoning module OculusRift (48)
[2017.07.06-07.59.39:957][723]LogModuleManager: Shutting down and abandoning module GearVR (46)
[2017.07.06-07.59.39:971][723]LogModuleManager: Shutting down and abandoning module ExampleDeviceProfileSelector (44)
[2017.07.06-07.59.39:971][723]LogModuleManager: Shutting down and abandoning module OnlineBlueprintSupport (42)
[2017.07.06-07.59.39:971][723]LogModuleManager: Shutting down and abandoning module OnlineSubsystem (38)
[2017.07.06-07.59.39:971][723]LogOnline:Display: Unloading online subsystem: NULL
[2017.07.06-07.59.39:981][723]LogModuleManager: Shutting down and abandoning module XMPP (37)
[2017.07.06-07.59.39:997][723]LogModuleManager: Shutting down and abandoning module HTTP (35)
[2017.07.06-07.59.39:998][723]LogHttp:Display: Http module shutting down, but needs to wait on 1 outstanding Http requests:
[2017.07.06-07.59.39:998][723]LogHttp:Display: 	verb=[POST] url=[https://datarouter.ol.epicgames.com/datarouter/api/v1/public/data?SessionID=%7BE5ED7DD8-44FA-2570-640D-AA81D7ABFF96%7D&AppID=UEEditor.Rocket.Release&AppVersion=4.15.3-3450819%2B%2B%2BUE4%2BRelease-4.15&UserID=203cd22846209b4f8b77d28ccf32e6ff%7C89273462bd32443db345d53368ac8829%7Cb72b80ad-e83e-444b-86be-783fb756f975&AppEnvironment=datacollector-binary&UploadType=eteventstream] status=Processing
[2017.07.06-07.59.40:019][723]LogModuleManager: Shutting down and abandoning module SSL (34)
[2017.07.06-07.59.40:028][723]LogModuleManager: Shutting down and abandoning module AudioEditor (30)
[2017.07.06-07.59.40:035][723]LogModuleManager: Shutting down and abandoning module TextureCompressor (28)
[2017.07.06-07.59.40:038][723]LogModuleManager: Shutting down and abandoning module ShaderCore (26)
[2017.07.06-07.59.40:038][723]LogModuleManager: Shutting down and abandoning module Landscape (24)
[2017.07.06-07.59.40:038][723]LogModuleManager: Shutting down and abandoning module SlateRHIRenderer (22)
[2017.07.06-07.59.40:056][723]LogModuleManager: Shutting down and abandoning module OpenGLDrv (20)
[2017.07.06-07.59.40:061][723]LogModuleManager: Shutting down and abandoning module D3D11RHI (18)
[2017.07.06-07.59.40:061][723]LogModuleManager: Shutting down and abandoning module AnimGraphRuntime (16)
[2017.07.06-07.59.40:066][723]LogModuleManager: Shutting down and abandoning module Renderer (14)
[2017.07.06-07.59.40:066][723]LogModuleManager: Shutting down and abandoning module Engine (12)
[2017.07.06-07.59.40:066][723]LogModuleManager: Shutting down and abandoning module CoreUObject (10)
[2017.07.06-07.59.40:066][723]LogModuleManager: Shutting down and abandoning module NetworkFile (8)
[2017.07.06-07.59.40:066][723]LogModuleManager: Shutting down and abandoning module StreamingFile (6)
[2017.07.06-07.59.40:066][723]LogModuleManager: Shutting down and abandoning module SandboxFile (4)
[2017.07.06-07.59.40:066][723]LogModuleManager: Shutting down and abandoning module PakFile (2)
[2017.07.06-07.59.40:085][723]LogExit: Exiting.
[2017.07.06-07.59.40:092][723]Log file closed, 07/06/17 10:59:40
