Log file open, 10/20/17 00:34:12
LogInit:Display: Running engine for game: TimeKill
LogPlatformFile: Not using cached read wrapper
LogInit:Display: RandInit(337672468) SRandInit(337672468).
LogTaskGraph: Started task graph with 5 named threads and 8 total threads with 1 sets of task threads.
LogStats: Stats thread started at 0.183969
LogInit: Using libcurl 7.47.1
LogInit:  - built for x86_64-pc-win32
LogInit:  - supports SSL with OpenSSL/1.0.2g
LogInit:  - supports HTTP deflate (compression) using libz 1.2.8
LogInit:  - other features:
LogInit:      CURL_VERSION_SSL
LogInit:      CURL_VERSION_LIBZ
LogInit:      CURL_VERSION_IPV6
LogInit:      CURL_VERSION_ASYNCHDNS
LogInit:      CURL_VERSION_LARGEFILE
LogInit:      CURL_VERSION_IDN
LogInit:  CurlRequestOptions (configurable via config and command line):
LogInit:  - bVerifyPeer = false  - Libcurl will NOT verify peer certificate
LogInit:  - bUseHttpProxy = false  - Libcurl will NOT use HTTP proxy
LogInit:  - bDontReuseConnections = false  - Libcurl will reuse connections
LogInit:  - CertBundlePath = nullptr  - Libcurl will use whatever was configured at build time.
LogInit: Build: ++UE4+Release-4.15-CL-3450819
LogInit: Engine Version: 4.15.3-3450819+++UE4+Release-4.15
LogInit: Compatible Engine Version: 4.15.0-3299760+++UE4+Release-4.15
LogInit: Net CL: 3299760
LogDevObjectVersion: Number of dev versions registered: 14
LogDevObjectVersion:   Dev-Blueprints (B0D832E4-1F89-4F0D-ACCF-7EB736FD4AA2): 8
LogDevObjectVersion:   Dev-Build (E1C64328-A22C-4D53-A36C-8E866417BD8C): 0
LogDevObjectVersion:   Dev-Core (375EC13C-06E4-48FB-B500-84F0262A717E): 2
LogDevObjectVersion:   Dev-Editor (E4B068ED-F494-42E9-A231-DA0B2E46BB41): 14
LogDevObjectVersion:   Dev-Framework (CFFC743F-43B0-4480-9391-14DF171D2073): 22
LogDevObjectVersion:   Dev-Mobile (B02B49B5-BB20-44E9-A304-32B752E40360): 0
LogDevObjectVersion:   Dev-Networking (A4E4105C-59A1-49B5-A7C5-40C4547EDFEE): 0
LogDevObjectVersion:   Dev-Online (39C831C9-5AE6-47DC-9A44-9C173E1C8E7C): 0
LogDevObjectVersion:   Dev-Physics (78F01B33-EBEA-4F98-B9B4-84EACCB95AA2): 0
LogDevObjectVersion:   Dev-Platform (6631380F-2D4D-43E0-8009-CF276956A95A): 0
LogDevObjectVersion:   Dev-Rendering (12F88B9F-8875-4AFC-A67C-D90C383ABD29): 12
LogDevObjectVersion:   Dev-Sequencer (7B5AE74C-D270-4C10-A958-57980B212A5A): 3
LogDevObjectVersion:   Dev-VR (D7296918-1DD6-4BDD-9DE2-64A83CC13884): 0
LogDevObjectVersion:   Dev-LoadTimes (C2A15278-BFE7-4AFE-6C17-90FF531DF755): 1
LogInit: Compiled (64-bit): May 21 2017 11:02:34
LogInit: Compiled with Visual C++: 19.00.23026.00
LogInit: Build Configuration: Development
LogInit: Branch Name: ++UE4+Release-4.15
LogInit: Command line:  
LogInit: Base directory: D:/Program Files/Epic Games/UE_4.15/Engine/Binaries/Win64/
LogInit: Installed Engine Build: 1
LogInit: Presizing for max 8388607 objects, including 0 objects not considered by GC, pre-allocating 0 bytes for permanent pool.
LogInit: Object subsystem initialized
[2017.10.19-21.34.14:895][  0]LogInit: Selected Device Profile: [Windows]
[2017.10.19-21.34.14:895][  0]LogInit: Applying CVar settings loaded from the selected device profile: [Windows]
[2017.10.19-21.34.15:086][  0]LogInit: Computer: DESKTOP-S9EOI2C
[2017.10.19-21.34.15:086][  0]LogInit: User: IzPOD
[2017.10.19-21.34.15:086][  0]LogInit: CPU Page size=65536, Cores=4
[2017.10.19-21.34.15:086][  0]LogInit: High frequency timer resolution =3.312789 MHz
[2017.10.19-21.34.15:112][  0]LogMemory: Memory total: Physical=7.9GB (8GB approx)
[2017.10.19-21.34.15:112][  0]LogMemory: Platform Memory Stats for Windows
[2017.10.19-21.34.15:112][  0]LogMemory: Process Physical Memory: 262.19 MB used, 262.19 MB peak
[2017.10.19-21.34.15:112][  0]LogMemory: Process Virtual Memory: 262.08 MB used, 262.08 MB peak
[2017.10.19-21.34.15:112][  0]LogMemory: Physical Memory: 4254.95 MB used,  3869.85 MB free, 8124.80 MB total
[2017.10.19-21.34.15:112][  0]LogMemory: Virtual Memory: 644.03 MB used,  3869.85 MB free, 134217728.00 MB total
[2017.10.19-21.34.16:080][  0]LogTextLocalizationManager: No translations for ('ru-RU') exist, falling back to 'en' for localization and internationalization data.
[2017.10.19-21.34.21:010][  0]LogD3D11RHI: D3D11 adapters:
[2017.10.19-21.34.21:623][  0]LogD3D11RHI:    0. 'NVIDIA GeForce GTX 670' (Feature Level 11_0)
[2017.10.19-21.34.21:623][  0]LogD3D11RHI:       2017/0/4062 MB DedicatedVideo/DedicatedSystem/SharedSystem, Outputs:2, VendorId:0x10de
[2017.10.19-21.34.21:625][  0]LogD3D11RHI:    1. 'Microsoft Basic Render Driver' (Feature Level 11_0)
[2017.10.19-21.34.21:625][  0]LogD3D11RHI:       0/0/4062 MB DedicatedVideo/DedicatedSystem/SharedSystem, Outputs:0, VendorId:0x1414
[2017.10.19-21.34.21:625][  0]LogD3D11RHI: Chosen D3D11 Adapter: 0
[2017.10.19-21.34.21:664][  0]LogD3D11RHI: Creating new Direct3DDevice
[2017.10.19-21.34.21:664][  0]LogD3D11RHI:     GPU DeviceId: 0x1189 (for the marketing name, search the web for "GPU Device Id")
[2017.10.19-21.34.21:664][  0]LogWindows: EnumDisplayDevices:
[2017.10.19-21.34.21:664][  0]LogWindows:    0. 'NVIDIA GeForce GTX 670' (P:1 D:1)
[2017.10.19-21.34.21:664][  0]LogWindows:    1. 'NVIDIA GeForce GTX 670' (P:0 D:1)
[2017.10.19-21.34.21:664][  0]LogWindows:    2. 'NVIDIA GeForce GTX 670' (P:0 D:0)
[2017.10.19-21.34.21:664][  0]LogWindows:    3. 'NVIDIA GeForce GTX 670' (P:0 D:0)
[2017.10.19-21.34.21:664][  0]LogWindows: DebugString: FoundDriverCount:4 
[2017.10.19-21.34.21:664][  0]LogD3D11RHI:     Adapter Name: NVIDIA GeForce GTX 670
[2017.10.19-21.34.21:665][  0]LogD3D11RHI:   Driver Version: 384.94 (internal:22.21.13.8494, unified:384.94)
[2017.10.19-21.34.21:665][  0]LogD3D11RHI:      Driver Date: 7-18-2017
[2017.10.19-21.34.21:665][  0]LogRHI: Texture pool is 1361 MB (70% of 1945 MB)
[2017.10.19-21.34.22:274][  0]LogD3D11RHI:Warning: Timestamp queries are currently disabled on this hardware due to instability. Realtime GPU stats will not be available. You can override this behaviour by setting r.NVIDIATimestampWorkaround to 0
[2017.10.19-21.34.22:277][  0]LogD3D11RHI: Async texture creation enabled
[2017.10.19-21.34.22:652][  0]LogD3D11RHI: GPU Timing Frequency: 1000.000000 (Debug: 2 2)
[2017.10.19-21.34.22:743][  0]LogShaderCompilers: Guid format shader working directory is -9 characters bigger than the processId version (../../../../../../P - programist/UE4/Timekill/TimeKill/Intermediate/Shaders/WorkingDirectory/12452/).
[2017.10.19-21.34.22:743][  0]LogShaderCompilers: Cleaned the shader compiler working directory 'C:/Users/IzPOD/AppData/Local/Temp/UnrealShaderWorkingDir/A5F6763440FD1DCF1B3AA6A56E037772/'.
[2017.10.19-21.34.22:743][  0]LogShaderCompilers:Display: Using Local Shader Compiler.
[2017.10.19-21.34.27:494][  0]LogTemp:Display: Loaded TP AllDesktopTargetPlatform
[2017.10.19-21.34.27:548][  0]LogTemp:Display: Loaded TP MacClientTargetPlatform
[2017.10.19-21.34.27:603][  0]LogTemp:Display: Loaded TP MacNoEditorTargetPlatform
[2017.10.19-21.34.27:660][  0]LogTemp:Display: Loaded TP MacServerTargetPlatform
[2017.10.19-21.34.27:778][  0]LogTemp:Display: Loaded TP MacTargetPlatform
[2017.10.19-21.34.27:833][  0]LogTemp:Display: Loaded TP WindowsClientTargetPlatform
[2017.10.19-21.34.27:887][  0]LogTemp:Display: Loaded TP WindowsNoEditorTargetPlatform
[2017.10.19-21.34.27:944][  0]LogTemp:Display: Loaded TP WindowsServerTargetPlatform
[2017.10.19-21.34.27:986][  0]LogTemp:Display: Loaded TP WindowsTargetPlatform
[2017.10.19-21.34.28:069][  0]LogTemp:Display: Loaded TP AndroidTargetPlatform
[2017.10.19-21.34.28:122][  0]LogTemp:Display: Loaded TP Android_ASTCTargetPlatform
[2017.10.19-21.34.28:178][  0]LogTemp:Display: Loaded TP Android_ATCTargetPlatform
[2017.10.19-21.34.28:232][  0]LogTemp:Display: Loaded TP Android_DXTTargetPlatform
[2017.10.19-21.34.28:286][  0]LogTemp:Display: Loaded TP Android_ETC1TargetPlatform
[2017.10.19-21.34.28:339][  0]LogTemp:Display: Loaded TP Android_ETC2TargetPlatform
[2017.10.19-21.34.28:450][  0]LogTemp:Display: Loaded TP Android_MultiTargetPlatform
[2017.10.19-21.34.28:450][  0]LogTemp:Display: Loaded TP Android_PVRTCTargetPlatform
[2017.10.19-21.34.28:485][  0]LogTemp:Display: Loaded TP HTML5TargetPlatform
[2017.10.19-21.34.28:637][  0]LogTemp:Display: Loaded TP IOSTargetPlatform
[2017.10.19-21.34.28:675][  0]LogTemp:Display: Loaded TP TVOSTargetPlatform
[2017.10.19-21.34.28:730][  0]LogTemp:Display: Loaded TP LinuxClientTargetPlatform
[2017.10.19-21.34.28:785][  0]LogTemp:Display: Loaded TP LinuxNoEditorTargetPlatform
[2017.10.19-21.34.28:841][  0]LogTemp:Display: Loaded TP LinuxServerTargetPlatform
[2017.10.19-21.34.28:931][  0]LogTemp:Display: Loaded TP LinuxTargetPlatform
[2017.10.19-21.34.28:931][  0]LogTargetPlatformManager:Display: Building Assets For Windows
[2017.10.19-21.34.30:224][  0]LogDerivedDataCache:Display: Max Cache Size: 512 MB
[2017.10.19-21.34.30:474][  0]LogDerivedDataCache: Loaded boot cache 0.25s 50MB C:/Users/IzPOD/AppData/Local/UnrealEngine/4.15/DerivedDataCache/Boot.ddc.
[2017.10.19-21.34.30:474][  0]LogDerivedDataCache:Display: Loaded Boot cache: C:/Users/IzPOD/AppData/Local/UnrealEngine/4.15/DerivedDataCache/Boot.ddc
[2017.10.19-21.34.30:474][  0]LogDerivedDataCache: FDerivedDataBackendGraph:  Pak pak cache file ../../../../../../P - programist/UE4/Timekill/TimeKill/DerivedDataCache/DDC.ddp not found, will not use a pak cache.
[2017.10.19-21.34.30:474][  0]LogDerivedDataCache: Unable to find inner node Pak for hierarchical cache Hierarchy.
[2017.10.19-21.34.30:474][  0]LogDerivedDataCache: FDerivedDataBackendGraph:  CompressedPak pak cache file ../../../../../../P - programist/UE4/Timekill/TimeKill/DerivedDataCache/Compressed.ddp not found, will not use a pak cache.
[2017.10.19-21.34.30:474][  0]LogDerivedDataCache: Unable to find inner node CompressedPak for hierarchical cache Hierarchy.
[2017.10.19-21.34.30:575][  0]LogDerivedDataCache:Display: Pak cache opened for reading ../../../Engine/DerivedDataCache/Compressed.ddp.
[2017.10.19-21.34.30:590][  0]LogDerivedDataCache: Using Local data cache path C:/Users/IzPOD/AppData/Local/UnrealEngine/Common/DerivedDataCache: Writable
[2017.10.19-21.34.31:030][  0]LogSlate: Using Freetype 2.6.0
[2017.10.19-21.34.31:162][  0]LogSlate: SlateFontCache - WITH_FREETYPE: 1, WITH_HARFBUZZ: 1
[2017.10.19-21.34.31:162][  0]LogSlate: SlateFontCache - WITH_FREETYPE: 1, WITH_HARFBUZZ: 1
[2017.10.19-21.34.44:893][  0]LogInit: Selected Device Profile: [Windows]
[2017.10.19-21.34.44:975][  0]LogContentStreaming: Texture pool size is 0.00 MB
[2017.10.19-21.34.45:877][  0]LogMeshUtilities: Using QuadricMeshReduction for automatic static mesh reduction
[2017.10.19-21.34.45:962][  0]LogSimplygon: Simplygon DLL not present - disabling.
[2017.10.19-21.34.46:035][  0]LogMeshUtilities: Using SimplygonSwarm for distributed automatic mesh merging
[2017.10.19-21.34.46:035][  0]LogMeshUtilities: No automatic skeletal mesh reduction module available
[2017.10.19-21.34.46:035][  0]LogMeshUtilities: No automatic mesh merging module available
[2017.10.19-21.34.53:294][  0]LogNetVersion: GetLocalNetworkVersion: CL: 3299760, ProjectName: timekill, ProjectVersion: , EngineNetworkVersion: 2, GameNetworkVersion: 0, NetworkChecksum: 844999791
[2017.10.19-21.34.53:533][  0]LogAssetRegistry: FAssetRegistry took 0.0281 seconds to start up
[2017.10.19-21.34.53:999][  0]LogPackageLocalizationCache: Processed 3 localized package path(s) for 1 prioritized culture(s) in 0.382150 seconds
[2017.10.19-21.34.54:066][  0]LogUObjectArray: 32493 objects as part of root set at end of initial load.
[2017.10.19-21.34.54:066][  0]LogUObjectAllocator: 7077024 out of 0 bytes used by permanent object pool.
[2017.10.19-21.34.54:066][  0]LogUObjectArray: CloseDisregardForGC: 0/0 objects in disregard for GC pool
[2017.10.19-21.34.54:233][  0]LogInit: WinSock: version 1.1 (2.2), MaxSocks=32767, MaxUdp=65467
[2017.10.19-21.35.06:184][  0]LogTcpMessaging: Initializing TcpMessaging bridge
[2017.10.19-21.35.06:241][  0]LogUdpMessaging: Initializing bridge on interface 0.0.0.0:0 to multicast group 230.0.0.1:6666.
[2017.10.19-21.35.07:932][  0]LogMaterial: Uniform references updated for custom material expression Custom.
[2017.10.19-21.35.09:033][  0]SourceControl: Info Source control is disabled
[2017.10.19-21.35.09:042][  0]SourceControl: Info Source control is disabled
[2017.10.19-21.35.09:192][  0]SourceControl: Info Source control is disabled
[2017.10.19-21.35.09:302][  0]SourceControl: Info Source control is disabled
[2017.10.19-21.35.10:241][  0]LogLinker:Warning: Can't find file '/Game/PuzzleBP/Tutorial/Part1-Overview'
[2017.10.19-21.35.10:249][  0]LogLinker:Warning: Can't find file '/Game/PuzzleBP/Tutorial/Part1-Overview'
[2017.10.19-21.35.10:250][  0]LogUObjectGlobals:Warning: Failed to find object 'Class /Game/PuzzleBP/Tutorial/Part1-Overview.Part1-Overview_C'
[2017.10.19-21.35.10:250][  0]LogLinker:Warning: Can't find file '/Game/PuzzleBP/Tutorial/Part2-BlockBlueprint'
[2017.10.19-21.35.10:250][  0]LogLinker:Warning: Can't find file '/Game/PuzzleBP/Tutorial/Part2-BlockBlueprint'
[2017.10.19-21.35.10:250][  0]LogUObjectGlobals:Warning: Failed to find object 'Class /Game/PuzzleBP/Tutorial/Part2-BlockBlueprint.Part2-BlockBlueprint_C'
[2017.10.19-21.35.12:377][  0]LogEngine: Initializing Engine...
[2017.10.19-21.35.12:399][  0]LogHMD: Failed to initialize OpenVR with code 110
[2017.10.19-21.35.13:114][  0]LogStats: UGameplayTagsManager::ConstructGameplayTagTree: Construct from data asset -  0.000 s
[2017.10.19-21.35.13:115][  0]LogStats: UGameplayTagsManager::ConstructGameplayTagTree: GameplayTagTreeChangedEvent.Broadcast -  0.000 s
[2017.10.19-21.35.13:930][  0]LogAIModule: Creating AISystem for world Untitled
[2017.10.19-21.35.14:211][  0]LogInit: XAudio2 using 'Динамики (Logitech G430 Gaming Headset)' : 8 channels at 48 kHz using 16 bits per sample (channel mask 0x63f)
[2017.10.19-21.35.14:238][  0]LogInit: FAudioDevice initialized.
[2017.10.19-21.35.14:264][  0]LogDerivedDataCache: Saved boot cache 0.03s 50MB C:/Users/IzPOD/AppData/Local/UnrealEngine/4.15/DerivedDataCache/Boot.ddc.
[2017.10.19-21.35.14:274][  0]LogInit: Texture streaming: Enabled
[2017.10.19-21.35.14:501][  0]LogEngineSessionManager: EngineSessionManager initialized
[2017.10.19-21.35.14:861][  0]LogInit: Transaction tracking system initialized
[2017.10.19-21.35.15:645][  0]BlueprintLog: New page: Editor Load
[2017.10.19-21.35.17:624][  0]LocalizationService: Info Localization service is disabled
[2017.10.19-21.35.18:975][  0]LogConsoleResponse:Display: 
[2017.10.19-21.35.22:151][  0]LogFileCache: Scanning file cache for directory 'D:/P - programist/UE4/Timekill/TimeKill/Content/' took 0.07s
[2017.10.19-21.35.22:151][  0]LogCook:Display: Max memory allowance for cook 16384mb min free memory 0mb
[2017.10.19-21.35.22:176][  0]LogCook:Display: Mobile HDR setting 0
[2017.10.19-21.35.24:753][  0]SourceControl: Info Source control is disabled
[2017.10.19-21.35.24:816][  0]Cmd: MAP LOAD FILE="../../../Engine/Content/Maps/Templates/Template_Default.umap" TEMPLATE=1 SHOWPROGRESS=1 FEATURELEVEL=3
[2017.10.19-21.35.24:876][  0]LightingResults: New page: Lighting Build
[2017.10.19-21.35.25:284][  0]MapCheck: New page: Map Check
[2017.10.19-21.35.25:284][  0]LightingResults: New page: Lighting Build
[2017.10.19-21.35.27:706][  0]LogAIModule: Creating AISystem for world Untitled_1
[2017.10.19-21.35.27:798][  0]LogActorComponent: RegisterComponentWithWorld: (/Temp/Untitled_1.Untitled_1:PersistentLevel.WorldSettings_1.StaticMeshComponent0) Trying to register component with IsPendingKill() == true. Aborting.
[2017.10.19-21.35.28:579][  0]LogEditorServer: Finished looking for orphan Actors (0.000 secs)
[2017.10.19-21.35.28:710][  0]Cmd: MAP CHECKDEP NOCLEARLOG
[2017.10.19-21.35.28:772][  0]MapCheck: Info Map check complete: 0 Error(s), 0 Warning(s), took 62.273ms to complete.
[2017.10.19-21.35.28:776][  0]LogFileHelpers: Loading map 'Template_Default' took 3.991
[2017.10.19-21.35.32:657][  0]LogCollectionManager: Loaded 0 collections in 0.016171 seconds
[2017.10.19-21.35.32:915][  0]LogFileCache: Scanning file cache for directory 'D:/P - programist/UE4/Timekill/TimeKill/Saved/Collections/' took 0.01s
[2017.10.19-21.35.32:915][  0]LogFileCache: Scanning file cache for directory 'D:/P - programist/UE4/Timekill/TimeKill/Content/Developers/IzPOD/Collections/' took 0.01s
[2017.10.19-21.35.32:915][  0]LogFileCache: Scanning file cache for directory 'D:/P - programist/UE4/Timekill/TimeKill/Content/Collections/' took 0.01s
[2017.10.19-21.35.32:915][  0]LogCollectionManager: Rebuilt the GUID cache for 0 collections in 0.000003 seconds
[2017.10.19-21.35.32:932][  0]LogContentBrowser: Native class hierarchy populated in 0.0127 seconds. Added 2246 classes and 455 folders.
[2017.10.19-21.35.33:167][  0]LogContentBrowser: Native class hierarchy updated for 'WidgetCarousel' in 0.0006 seconds. Added 0 classes and 0 folders.
[2017.10.19-21.35.34:205][  0]LogContentBrowser: Native class hierarchy updated for 'AddContentDialog' in 0.0006 seconds. Added 0 classes and 0 folders.
[2017.10.19-21.35.34:292][  0]LogCrashTracker: Crashtracker disabled due to settings.
[2017.10.19-21.35.34:670][  0]LogUObjectGlobals:Warning: Failed to find object 'Class None.'
[2017.10.19-21.35.34:857][  0]LogContentBrowser: Native class hierarchy updated for 'HierarchicalLODOutliner' in 0.0006 seconds. Added 1 classes and 2 folders.
[2017.10.19-21.35.34:857][  0]LogLoad: (Engine Initialization) Total time: 88.42 seconds
[2017.10.19-21.35.34:858][  0]LogLoad: (Engine Initialization) Total Blueprint compile time: 1.02 seconds
[2017.10.19-21.35.34:858][  0]LogExternalProfiler: No external profilers were discovered.  External profiling features will not be available.
[2017.10.19-21.35.35:281][  0]LogOcInput: OculusInput pre-init called
[2017.10.19-21.35.35:874][  0]LogContentStreaming: Texture pool size now 1000 MB
[2017.10.19-21.35.36:107][  0]LogSlate: Took 0.012153 seconds to synchronously load lazily loaded font '../../../Engine/Content/Slate/Fonts/Roboto-Regular.ttf' (155K)
[2017.10.19-21.35.36:193][  0]LogSlate: Took 0.014052 seconds to synchronously load lazily loaded font '../../../Engine/Content/Slate/Fonts/Roboto-Bold.ttf' (160K)
[2017.10.19-21.35.36:277][  0]LogSlate: Took 0.011899 seconds to synchronously load lazily loaded font '../../../Engine/Content/Editor/Slate/Fonts/FontAwesome.ttf' (139K)
[2017.10.19-21.35.36:750][  0]LogRenderer: Reallocating scene render targets to support 1068x924 NumSamples 1 (Frame:2).
[2017.10.19-21.35.37:970][  2]LogSlate: Took 0.062036 seconds to synchronously load lazily loaded font '../../../Engine/Content/Slate/Fonts/Roboto-Light.ttf' (159K)
[2017.10.19-21.35.38:226][  3]LogAssetRegistry: Asset discovery search completed in 44.7161 seconds
[2017.10.19-21.35.38:243][  3]LogCollectionManager: Rebuilt the object cache for 0 collections in 0.016590 seconds (found 0 objects)
[2017.10.19-21.35.38:243][  3]LogCollectionManager: Fixed up redirectors for 0 collections in 0.017119 seconds (updated 0 objects)
[2017.10.19-21.35.41:866][ 13]LogSlate: Took 0.000255 seconds to synchronously load lazily loaded font '../../../Engine/Content/Slate/Fonts/Roboto-Light.ttf' (159K)
[2017.10.19-21.35.51:874][501]LogSlate: Took 0.000166 seconds to synchronously load lazily loaded font '../../../Engine/Content/Slate/Fonts/Roboto-Light.ttf' (159K)
[2017.10.19-21.35.52:934][501]LogSlate: Took 0.000244 seconds to synchronously load lazily loaded font '../../../Engine/Content/Slate/Fonts/Roboto-Regular.ttf' (155K)
[2017.10.19-21.35.54:453][501]LogAIModule: Creating AISystem for world GameLavel
[2017.10.19-21.35.54:881][501]Cmd: MAP LOAD FILE="../../../../../../P - programist/UE4/Timekill/TimeKill/Content/GameLavel.umap" TEMPLATE=0 SHOWPROGRESS=1 FEATURELEVEL=3
[2017.10.19-21.35.54:882][501]LightingResults: New page: Lighting Build
[2017.10.19-21.35.54:884][501]LoadErrors: New page: Loading map: GameLavel.umap
[2017.10.19-21.35.54:919][501]MapCheck: New page: Map Check
[2017.10.19-21.35.54:919][501]LightingResults: New page: Lighting Build
[2017.10.19-21.35.55:252][501]LogEditorServer: Finished looking for orphan Actors (0.000 secs)
[2017.10.19-21.35.55:325][501]Cmd: MAP CHECKDEP NOCLEARLOG
[2017.10.19-21.35.55:367][501]MapCheck: Info Map check complete: 0 Error(s), 0 Warning(s), took 42.449ms to complete.
[2017.10.19-21.35.55:367][501]LogFileHelpers: Loading map 'GameLavel' took 0.540
[2017.10.19-21.35.57:896][767]LogTemp: Repeting last play command: New Editor Window (PIE)
[2017.10.19-21.35.57:916][767]LogBlueprintUserMessages: Early PlayInEditor Detection: Level '/Game/GameLavel.GameLavel:PersistentLevel' has LevelScriptBlueprint '/Game/GameLavel.GameLavel:PersistentLevel.GameLavel' with GeneratedClass '/Game/GameLavel.GameLavel_C' with ClassGeneratedBy '/Game/GameLavel.GameLavel:PersistentLevel.GameLavel'
[2017.10.19-21.35.57:935][767]LogPlayLevel: PlayLevel: No blueprints needed recompiling
[2017.10.19-21.35.58:003][767]PIE: New page: PIE session: GameLavel (Oct 20, 2017, 3:35:57 AM)
[2017.10.19-21.35.58:029][767]LogPlayLevel: Creating play world package: /Game/UEDPIE_0_GameLavel
[2017.10.19-21.35.58:086][767]LogPlayLevel: PIE: StaticDuplicateObject took: (0.057989s)
[2017.10.19-21.35.58:087][767]LogAIModule: Creating AISystem for world GameLavel
[2017.10.19-21.35.58:087][767]LogPlayLevel: PIE: World Init took: (0.000938s)
[2017.10.19-21.35.58:088][767]LogPlayLevel: PIE: Created PIE world by copying editor world from /Game/GameLavel.GameLavel to /Game/UEDPIE_0_GameLavel.GameLavel (0.061647s)
[2017.10.19-21.35.58:117][767]LogInit: XAudio2 using 'Динамики (Logitech G430 Gaming Headset)' : 8 channels at 48 kHz using 16 bits per sample (channel mask 0x63f)
[2017.10.19-21.35.58:130][767]LogInit: FAudioDevice initialized.
[2017.10.19-21.35.58:291][767]LogLoad: Game class is 'Mouse_GameMode_C'
[2017.10.19-21.35.58:413][767]LogWorld: Bringing World /Game/UEDPIE_0_GameLavel.GameLavel up for play (max tick rate 0) at 2017.10.20-00.35.58
[2017.10.19-21.35.58:560][767]LogWorld: Bringing up level for play took: 0.157952
[2017.10.19-21.35.58:709][767]LogContentBrowser: Native class hierarchy updated for 'MovieSceneCapture' in 0.0007 seconds. Added 11 classes and 0 folders.
[2017.10.19-21.35.58:922][767]PIE: Info Play in editor start time for /Game/UEDPIE_0_GameLavel 1.935
[2017.10.19-21.35.58:922][767]LogBlueprintUserMessages: Late PlayInEditor Detection: Level '/Game/GameLavel.GameLavel:PersistentLevel' has LevelScriptBlueprint '/Game/GameLavel.GameLavel:PersistentLevel.GameLavel' with GeneratedClass '/Game/GameLavel.GameLavel_C' with ClassGeneratedBy '/Game/GameLavel.GameLavel:PersistentLevel.GameLavel'
[2017.10.19-21.35.59:143][767]LogRenderer: Reallocating scene render targets to support 1068x996 NumSamples 1 (Frame:7).
[2017.10.19-21.36.12:217][264]LogBlueprintUserMessages: Early EndPlayMap Detection: Level '/Game/GameLavel.GameLavel:PersistentLevel' has LevelScriptBlueprint '/Game/GameLavel.GameLavel:PersistentLevel.GameLavel' with GeneratedClass '/Game/GameLavel.GameLavel_C' with ClassGeneratedBy '/Game/GameLavel.GameLavel:PersistentLevel.GameLavel'
[2017.10.19-21.36.12:284][264]LogBlueprintUserMessages: Late EndPlayMap Detection: Level '/Game/GameLavel.GameLavel:PersistentLevel' has LevelScriptBlueprint '/Game/GameLavel.GameLavel:PersistentLevel.GameLavel' with GeneratedClass '/Game/GameLavel.GameLavel_C' with ClassGeneratedBy '/Game/GameLavel.GameLavel:PersistentLevel.GameLavel'
[2017.10.19-21.36.20:219][114]LogContentBrowser: Native class hierarchy updated for 'BlueprintGraph' in 0.0011 seconds. Added 112 classes and 0 folders.
[2017.10.19-21.36.21:854][114]LogSlate: Took 0.016015 seconds to synchronously load lazily loaded font '../../../Engine/Content/Editor/Slate/Fonts/Roboto-BoldCondensed.ttf' (158K)
[2017.10.19-21.36.27:593][464]LogSlate: Took 0.021833 seconds to synchronously load lazily loaded font '../../../Engine/Content/Editor/Slate/Fonts/Roboto-Italic.ttf' (157K)
[2017.10.19-21.37.22:648][479]BlueprintLog: New page: Compile Mishen
[2017.10.19-21.37.25:404][765]LogTemp: Repeting last play command: New Editor Window (PIE)
[2017.10.19-21.37.25:429][765]LogBlueprintUserMessages: Early PlayInEditor Detection: Level '/Game/GameLavel.GameLavel:PersistentLevel' has LevelScriptBlueprint '/Game/GameLavel.GameLavel:PersistentLevel.GameLavel' with GeneratedClass '/Game/GameLavel.GameLavel_C' with ClassGeneratedBy '/Game/GameLavel.GameLavel:PersistentLevel.GameLavel'
[2017.10.19-21.37.25:429][765]LogPlayLevel: PlayLevel: No blueprints needed recompiling
[2017.10.19-21.37.25:429][765]PIE: New page: PIE session: GameLavel (Oct 20, 2017, 3:37:25 AM)
[2017.10.19-21.37.25:429][765]LogPlayLevel: Creating play world package: /Game/UEDPIE_0_GameLavel
[2017.10.19-21.37.25:432][765]LogPlayLevel: PIE: StaticDuplicateObject took: (0.003237s)
[2017.10.19-21.37.25:433][765]LogAIModule: Creating AISystem for world GameLavel
[2017.10.19-21.37.25:433][765]LogPlayLevel: PIE: World Init took: (0.000742s)
[2017.10.19-21.37.25:433][765]LogPlayLevel: PIE: Created PIE world by copying editor world from /Game/GameLavel.GameLavel to /Game/UEDPIE_0_GameLavel.GameLavel (0.004167s)
[2017.10.19-21.37.25:489][765]LogInit: XAudio2 using 'Динамики (Logitech G430 Gaming Headset)' : 8 channels at 48 kHz using 16 bits per sample (channel mask 0x63f)
[2017.10.19-21.37.25:502][765]LogInit: FAudioDevice initialized.
[2017.10.19-21.37.25:563][765]LogLoad: Game class is 'Mouse_GameMode_C'
[2017.10.19-21.37.25:566][765]LogWorld: Bringing World /Game/UEDPIE_0_GameLavel.GameLavel up for play (max tick rate 0) at 2017.10.20-00.37.25
[2017.10.19-21.37.25:566][765]LogWorld: Bringing up level for play took: 0.002101
[2017.10.19-21.37.25:588][765]PIE: Info Play in editor start time for /Game/UEDPIE_0_GameLavel 0.6
[2017.10.19-21.37.25:588][765]LogBlueprintUserMessages: Late PlayInEditor Detection: Level '/Game/GameLavel.GameLavel:PersistentLevel' has LevelScriptBlueprint '/Game/GameLavel.GameLavel:PersistentLevel.GameLavel' with GeneratedClass '/Game/GameLavel.GameLavel_C' with ClassGeneratedBy '/Game/GameLavel.GameLavel:PersistentLevel.GameLavel'
[2017.10.19-21.37.33:790][688]LogBlueprintUserMessages: Early EndPlayMap Detection: Level '/Game/GameLavel.GameLavel:PersistentLevel' has LevelScriptBlueprint '/Game/GameLavel.GameLavel:PersistentLevel.GameLavel' with GeneratedClass '/Game/GameLavel.GameLavel_C' with ClassGeneratedBy '/Game/GameLavel.GameLavel:PersistentLevel.GameLavel'
[2017.10.19-21.37.33:839][688]LogBlueprintUserMessages: Late EndPlayMap Detection: Level '/Game/GameLavel.GameLavel:PersistentLevel' has LevelScriptBlueprint '/Game/GameLavel.GameLavel:PersistentLevel.GameLavel' with GeneratedClass '/Game/GameLavel.GameLavel_C' with ClassGeneratedBy '/Game/GameLavel.GameLavel:PersistentLevel.GameLavel'
[2017.10.19-21.38.50:545][262]BlueprintLog: New page: Compile NewInterface
[2017.10.19-21.38.51:153][300]Cmd: OBJ SAVEPACKAGE PACKAGE="/Game/Blueprints/NewInterface" FILE="../../../../../../P - programist/UE4/Timekill/TimeKill/Content/Blueprints/NewInterface.uasset" SILENT=true
[2017.10.19-21.38.52:210][300]LogSavePackage: Save=84.09ms
[2017.10.19-21.38.52:210][300]LogSavePackage: Moving '../../../../../../P - programist/UE4/Timekill/TimeKill/Saved/NewInterface8B221E5C42C759EED699F6A0DDCBC2F4.tmp' to '../../../../../../P - programist/UE4/Timekill/TimeKill/Content/Blueprints/NewInterface.uasset'
[2017.10.19-21.38.52:245][300]LogSavePackage:Display: Finished SavePackage ../../../../../../P - programist/UE4/Timekill/TimeKill/Content/Blueprints/NewInterface.uasset
[2017.10.19-21.38.59:934][ 39]BlueprintLog: New page: Compile Player1
[2017.10.19-21.39.21:689][499]BlueprintLog: New page: Compile Mishen
[2017.10.19-21.39.21:721][499]LogBlueprint:Error: [Compiler Mishen] Error Failed to resolve term  Value  passed into  Target
[2017.10.19-21.39.21:890][499]BlueprintEditorCompileResults:Error: Error Failed to resolve term  Value  passed into  Target
[2017.10.19-21.39.21:905][499]LogBlueprint:Warning: [Compiler Mishen] Warning [0315.46] Compile of Mishen failed. 1 Fatal Issue(s) 0 Warning(s) [in 215 ms] (/Game/Blueprints/Mishen.Mishen)
[2017.10.19-21.40.57:444][194]BlueprintLog: New page: Compile Mishen
[2017.10.19-21.41.11:816][793]BlueprintLog: New page: Compile Mishen
[2017.10.19-21.41.12:872][904]LogTemp: Repeting last play command: New Editor Window (PIE)
[2017.10.19-21.41.12:897][904]LogBlueprintUserMessages: Early PlayInEditor Detection: Level '/Game/GameLavel.GameLavel:PersistentLevel' has LevelScriptBlueprint '/Game/GameLavel.GameLavel:PersistentLevel.GameLavel' with GeneratedClass '/Game/GameLavel.GameLavel_C' with ClassGeneratedBy '/Game/GameLavel.GameLavel:PersistentLevel.GameLavel'
[2017.10.19-21.41.12:897][904]LogPlayLevel: PlayLevel: No blueprints needed recompiling
[2017.10.19-21.41.12:898][904]PIE: New page: PIE session: GameLavel (Oct 20, 2017, 3:41:12 AM)
[2017.10.19-21.41.12:898][904]LogPlayLevel: Creating play world package: /Game/UEDPIE_0_GameLavel
[2017.10.19-21.41.12:901][904]LogPlayLevel: PIE: StaticDuplicateObject took: (0.003413s)
[2017.10.19-21.41.12:902][904]LogAIModule: Creating AISystem for world GameLavel
[2017.10.19-21.41.12:902][904]LogPlayLevel: PIE: World Init took: (0.000756s)
[2017.10.19-21.41.12:902][904]LogPlayLevel: PIE: Created PIE world by copying editor world from /Game/GameLavel.GameLavel to /Game/UEDPIE_0_GameLavel.GameLavel (0.004382s)
[2017.10.19-21.41.12:921][904]LogInit: XAudio2 using 'Динамики (Logitech G430 Gaming Headset)' : 8 channels at 48 kHz using 16 bits per sample (channel mask 0x63f)
[2017.10.19-21.41.12:935][904]LogInit: FAudioDevice initialized.
[2017.10.19-21.41.12:996][904]LogLoad: Game class is 'Mouse_GameMode_C'
[2017.10.19-21.41.12:999][904]LogWorld: Bringing World /Game/UEDPIE_0_GameLavel.GameLavel up for play (max tick rate 0) at 2017.10.20-00.41.12
[2017.10.19-21.41.12:999][904]LogWorld: Bringing up level for play took: 0.002073
[2017.10.19-21.41.13:003][904]PIE: Info Play in editor start time for /Game/UEDPIE_0_GameLavel 0.015
[2017.10.19-21.41.13:003][904]LogBlueprintUserMessages: Late PlayInEditor Detection: Level '/Game/GameLavel.GameLavel:PersistentLevel' has LevelScriptBlueprint '/Game/GameLavel.GameLavel:PersistentLevel.GameLavel' with GeneratedClass '/Game/GameLavel.GameLavel_C' with ClassGeneratedBy '/Game/GameLavel.GameLavel:PersistentLevel.GameLavel'
[2017.10.19-21.41.22:676][ 31]LogBlueprintUserMessages: Early EndPlayMap Detection: Level '/Game/GameLavel.GameLavel:PersistentLevel' has LevelScriptBlueprint '/Game/GameLavel.GameLavel:PersistentLevel.GameLavel' with GeneratedClass '/Game/GameLavel.GameLavel_C' with ClassGeneratedBy '/Game/GameLavel.GameLavel:PersistentLevel.GameLavel'
[2017.10.19-21.41.22:722][ 31]LogBlueprintUserMessages: Late EndPlayMap Detection: Level '/Game/GameLavel.GameLavel:PersistentLevel' has LevelScriptBlueprint '/Game/GameLavel.GameLavel:PersistentLevel.GameLavel' with GeneratedClass '/Game/GameLavel.GameLavel_C' with ClassGeneratedBy '/Game/GameLavel.GameLavel:PersistentLevel.GameLavel'
[2017.10.19-21.41.24:282][210]LogTemp: Repeting last play command: New Editor Window (PIE)
[2017.10.19-21.41.24:306][210]LogBlueprintUserMessages: Early PlayInEditor Detection: Level '/Game/GameLavel.GameLavel:PersistentLevel' has LevelScriptBlueprint '/Game/GameLavel.GameLavel:PersistentLevel.GameLavel' with GeneratedClass '/Game/GameLavel.GameLavel_C' with ClassGeneratedBy '/Game/GameLavel.GameLavel:PersistentLevel.GameLavel'
[2017.10.19-21.41.24:306][210]LogPlayLevel: PlayLevel: No blueprints needed recompiling
[2017.10.19-21.41.24:307][210]PIE: New page: PIE session: GameLavel (Oct 20, 2017, 3:41:24 AM)
[2017.10.19-21.41.24:307][210]LogPlayLevel: Creating play world package: /Game/UEDPIE_0_GameLavel
[2017.10.19-21.41.24:310][210]LogPlayLevel: PIE: StaticDuplicateObject took: (0.003511s)
[2017.10.19-21.41.24:311][210]LogAIModule: Creating AISystem for world GameLavel
[2017.10.19-21.41.24:311][210]LogPlayLevel: PIE: World Init took: (0.000947s)
[2017.10.19-21.41.24:311][210]LogPlayLevel: PIE: Created PIE world by copying editor world from /Game/GameLavel.GameLavel to /Game/UEDPIE_0_GameLavel.GameLavel (0.004694s)
[2017.10.19-21.41.24:333][210]LogInit: XAudio2 using 'Динамики (Logitech G430 Gaming Headset)' : 8 channels at 48 kHz using 16 bits per sample (channel mask 0x63f)
[2017.10.19-21.41.24:348][210]LogInit: FAudioDevice initialized.
[2017.10.19-21.41.24:403][210]LogLoad: Game class is 'Mouse_GameMode_C'
[2017.10.19-21.41.24:405][210]LogWorld: Bringing World /Game/UEDPIE_0_GameLavel.GameLavel up for play (max tick rate 0) at 2017.10.20-00.41.24
[2017.10.19-21.41.24:406][210]LogWorld: Bringing up level for play took: 0.001964
[2017.10.19-21.41.24:409][210]PIE: Info Play in editor start time for /Game/UEDPIE_0_GameLavel -0.579
[2017.10.19-21.41.24:409][210]LogBlueprintUserMessages: Late PlayInEditor Detection: Level '/Game/GameLavel.GameLavel:PersistentLevel' has LevelScriptBlueprint '/Game/GameLavel.GameLavel:PersistentLevel.GameLavel' with GeneratedClass '/Game/GameLavel.GameLavel_C' with ClassGeneratedBy '/Game/GameLavel.GameLavel:PersistentLevel.GameLavel'
[2017.10.19-21.41.35:368][487]LogBlueprintUserMessages: Early EndPlayMap Detection: Level '/Game/GameLavel.GameLavel:PersistentLevel' has LevelScriptBlueprint '/Game/GameLavel.GameLavel:PersistentLevel.GameLavel' with GeneratedClass '/Game/GameLavel.GameLavel_C' with ClassGeneratedBy '/Game/GameLavel.GameLavel:PersistentLevel.GameLavel'
[2017.10.19-21.41.35:407][487]LogBlueprintUserMessages: Late EndPlayMap Detection: Level '/Game/GameLavel.GameLavel:PersistentLevel' has LevelScriptBlueprint '/Game/GameLavel.GameLavel:PersistentLevel.GameLavel' with GeneratedClass '/Game/GameLavel.GameLavel_C' with ClassGeneratedBy '/Game/GameLavel.GameLavel:PersistentLevel.GameLavel'
[2017.10.19-21.41.41:923][252]BlueprintLog: New page: Compile Mishen
[2017.10.19-21.41.52:898][139]LogActorComponent: UnregisterComponent: (/Engine/Transient.EditorFloorComp) Not registered. Aborting.
[2017.10.19-21.41.53:782][139]LogObjectTools:Warning: ForceReplaceReferences replaced references for a transient object 'DEADCLASS_NewInterface_C_0' or package '/Engine/Transient'.
[2017.10.19-21.41.53:782][139]LogObjectTools:Warning: ForceReplaceReferences replaced references for a transient object 'DEADCLASS_NewInterface_C_1' or package '/Engine/Transient'.
[2017.10.19-21.41.53:782][139]LogObjectTools:Warning: ForceReplaceReferences replaced references for a transient object 'SKEL_Player1_C' or package '/Game/Blueprints/Player1'.
[2017.10.19-21.41.53:782][139]LogObjectTools:Warning: ForceReplaceReferences replaced references for a transient object 'K2Node_FunctionEntry_41' or package '/Game/Blueprints/Player1'.
[2017.10.19-21.41.53:782][139]LogObjectTools:Warning: ForceReplaceReferences replaced references for a transient object 'K2Node_Event_20' or package '/Game/Blueprints/Player1'.
[2017.10.19-21.41.53:782][139]LogObjectTools:Warning: ForceReplaceReferences replaced references for a transient object 'SKEL_Mishen_C' or package '/Game/Blueprints/Mishen'.
[2017.10.19-21.41.53:782][139]LogObjectTools:Warning: ForceReplaceReferences replaced references for a transient object 'REINST_SKEL_Player1_C_122' or package '/Engine/Transient'.
[2017.10.19-21.41.53:782][139]LogObjectTools:Warning: ForceReplaceReferences replaced references for a transient object 'REINST_Player1_C_85' or package '/Engine/Transient'.
[2017.10.19-21.41.53:782][139]LogObjectTools:Warning: ForceReplaceReferences replaced references for a transient object 'K2Node_FunctionEntry_38' or package '/Engine/Transient'.
[2017.10.19-21.41.53:782][139]LogObjectTools:Warning: ForceReplaceReferences replaced references for a transient object 'K2Node_Event_10' or package '/Game/Blueprints/Mishen'.
[2017.10.19-21.41.53:782][139]LogObjectTools:Warning: ForceReplaceReferences replaced references for a transient object 'K2Node_FunctionEntry_29' or package '/Engine/Transient'.
[2017.10.19-21.41.53:782][139]LogObjectTools:Warning: ForceReplaceReferences replaced references for a transient object 'K2Node_FunctionEntry_59' or package '/Engine/Transient'.
[2017.10.19-21.41.53:782][139]LogObjectTools:Warning: ForceReplaceReferences replaced references for a transient object 'K2Node_Event_17' or package '/Game/Blueprints/Mishen'.
[2017.10.19-21.41.53:782][139]LogObjectTools:Warning: ForceReplaceReferences replaced references for a transient object 'K2Node_FunctionEntry_35' or package '/Engine/Transient'.
[2017.10.19-21.41.53:782][139]LogObjectTools:Warning: ForceReplaceReferences replaced references for a transient object 'K2Node_Event_9' or package '/Game/Blueprints/Mishen'.
[2017.10.19-21.41.53:782][139]LogObjectTools:Warning: ForceReplaceReferences replaced references for a transient object 'K2Node_FunctionEntry_49' or package '/Engine/Transient'.
[2017.10.19-21.41.53:782][139]LogObjectTools:Warning: ForceReplaceReferences replaced references for a transient object 'K2Node_Event_14' or package '/Game/Blueprints/Mishen'.
[2017.10.19-21.41.53:782][139]LogObjectTools:Warning: ForceReplaceReferences replaced references for a transient object 'K2Node_FunctionEntry_65' or package '/Game/Blueprints/Mishen'.
[2017.10.19-21.41.53:782][139]LogObjectTools:Warning: ForceReplaceReferences replaced references for a transient object 'K2Node_Event_19' or package '/Game/Blueprints/Mishen'.
[2017.10.19-21.41.53:782][139]LogObjectTools:Warning: ForceReplaceReferences replaced references for a transient object 'K2Node_FunctionEntry_32' or package '/Engine/Transient'.
[2017.10.19-21.41.53:782][139]LogObjectTools:Warning: ForceReplaceReferences replaced references for a transient object 'K2Node_Event_8' or package '/Game/Blueprints/Mishen'.
[2017.10.19-21.41.53:783][139]LogObjectTools:Warning: ForceReplaceReferences replaced references for a transient object 'K2Node_FunctionEntry_47' or package '/Engine/Transient'.
[2017.10.19-21.41.53:783][139]LogObjectTools:Warning: ForceReplaceReferences replaced references for a transient object 'K2Node_Event_13' or package '/Game/Blueprints/Mishen'.
[2017.10.19-21.41.53:783][139]LogObjectTools:Warning: ForceReplaceReferences replaced references for a transient object 'K2Node_FunctionEntry_20' or package '/Engine/Transient'.
[2017.10.19-21.41.53:783][139]LogObjectTools:Warning: ForceReplaceReferences replaced references for a transient object 'K2Node_Event_4' or package '/Game/Blueprints/Mishen'.
[2017.10.19-21.41.53:783][139]LogObjectTools:Warning: ForceReplaceReferences replaced references for a transient object 'Kolvo_mishen' or package '/Engine/Transient'.
[2017.10.19-21.41.53:783][139]LogObjectTools:Warning: ForceReplaceReferences replaced references for a transient object 'TRASHCLASS_NewInterface_79' or package '/Engine/Transient'.
[2017.10.19-21.41.53:783][139]LogObjectTools:Warning: ForceReplaceReferences replaced references for a transient object 'REINST_SKEL_NewInterface_C_125' or package '/Engine/Transient'.
[2017.10.19-21.41.53:783][139]LogObjectTools:Warning: ForceReplaceReferences replaced references for a transient object 'REINST_NewInterface_C_124' or package '/Engine/Transient'.
[2017.10.19-21.41.54:451][139]LogStats: FPlatformStackWalk::StackWalkAndDump -  0.448 s
[2017.10.19-21.41.54:451][139]LogOutputDevice:Error: === Handled ensure: ===
[2017.10.19-21.41.54:451][139]LogOutputDevice:Error: 
[2017.10.19-21.41.54:451][139]LogOutputDevice:Error: Ensure condition failed: InterfaceClass [File:D:\Build\++UE4+Release-4.15+Compile\Sync\Engine\Source\Runtime\AssetRegistry\Private\AssetRegistry.cpp] [Line: 2917]
[2017.10.19-21.41.54:451][139]LogOutputDevice:Error: Invalid inteface class (index 0) detected on 'Player1_C' - possibly deleted?
[2017.10.19-21.41.54:451][139]LogOutputDevice:Error: Stack: 
[2017.10.19-21.41.54:451][139]LogOutputDevice:Error: UE4Editor-Core.dll!0x000000000AAD95E6
[2017.10.19-21.41.54:451][139]LogOutputDevice:Error: UE4Editor-Core.dll!0x000000000A889B82
[2017.10.19-21.41.54:451][139]LogOutputDevice:Error: UE4Editor-Core.dll!0x000000000A89B666
[2017.10.19-21.41.54:451][139]LogOutputDevice:Error: UE4Editor-AssetRegistry.dll!0x00000000EAFBB596
[2017.10.19-21.41.54:451][139]LogOutputDevice:Error: UE4Editor-UnrealEd.dll!0x00000000F60E7F66
[2017.10.19-21.41.54:451][139]LogOutputDevice:Error: UE4Editor-UnrealEd.dll!0x00000000F6227C47
[2017.10.19-21.41.54:451][139]LogOutputDevice:Error: UE4Editor-UnrealEd.dll!0x00000000F6225979
[2017.10.19-21.41.54:451][139]LogOutputDevice:Error: UE4Editor-UnrealEd.dll!0x00000000F6A32196
[2017.10.19-21.41.54:451][139]LogOutputDevice:Error: UE4Editor.exe!0x00000000F2FDDEE3
[2017.10.19-21.41.54:451][139]LogOutputDevice:Error: UE4Editor.exe!0x00000000F2FCEB40
[2017.10.19-21.41.54:451][139]LogOutputDevice:Error: UE4Editor.exe!0x00000000F2FCEBBA
[2017.10.19-21.41.54:451][139]LogOutputDevice:Error: UE4Editor.exe!0x00000000F2FE0A29
[2017.10.19-21.41.54:451][139]LogOutputDevice:Error: UE4Editor.exe!0x00000000F2FE22B6
[2017.10.19-21.41.54:451][139]LogOutputDevice:Error: KERNEL32.DLL!0x0000000042FF2774
[2017.10.19-21.41.54:451][139]LogOutputDevice:Error: ntdll.dll!0x0000000044790D51
[2017.10.19-21.41.54:451][139]LogOutputDevice:Error: 
[2017.10.19-21.41.54:460][139]LogStats:                SubmitErrorReport -  0.000 s
